<?xml version="1.0" encoding="UTF-8"?>
<testsuite xmlns:xsi="http://www.w3.org/2001/XMLSchema-instance" xsi:noNamespaceSchemaLocation="https://maven.apache.org/surefire/maven-surefire-plugin/xsd/surefire-test-report.xsd" version="3.0.2" name="tests.integration.SurveyPointsTest" time="15.802" tests="6" errors="0" skipped="0" failures="0">
  <properties>
    <property name="awt.toolkit" value="sun.awt.X11.XToolkit"/>
    <property name="java.specification.version" value="11"/>
    <property name="sun.cpu.isalist" value=""/>
    <property name="sun.jnu.encoding" value="UTF-8"/>
    <property name="java.class.path" value="/home/runner/work/survey_QA/survey_QA/target/test-classes:/home/runner/work/survey_QA/survey_QA/target/classes:/home/runner/.m2/repository/org/junit/jupiter/junit-jupiter/5.10.0/junit-jupiter-5.10.0.jar:/home/runner/.m2/repository/org/junit/jupiter/junit-jupiter-api/5.10.0/junit-jupiter-api-5.10.0.jar:/home/runner/.m2/repository/org/opentest4j/opentest4j/1.3.0/opentest4j-1.3.0.jar:/home/runner/.m2/repository/org/junit/platform/junit-platform-commons/1.10.0/junit-platform-commons-1.10.0.jar:/home/runner/.m2/repository/org/apiguardian/apiguardian-api/1.1.2/apiguardian-api-1.1.2.jar:/home/runner/.m2/repository/org/junit/jupiter/junit-jupiter-params/5.10.0/junit-jupiter-params-5.10.0.jar:/home/runner/.m2/repository/org/junit/jupiter/junit-jupiter-engine/5.10.0/junit-jupiter-engine-5.10.0.jar:/home/runner/.m2/repository/org/junit/platform/junit-platform-engine/1.10.0/junit-platform-engine-1.10.0.jar:/home/runner/.m2/repository/io/qameta/allure/allure-junit5/2.24.0/allure-junit5-2.24.0.jar:/home/runner/.m2/repository/io/qameta/allure/allure-junit-platform/2.24.0/allure-junit-platform-2.24.0.jar:/home/runner/.m2/repository/io/qameta/allure/allure-java-commons/2.24.0/allure-java-commons-2.24.0.jar:/home/runner/.m2/repository/io/qameta/allure/allure-model/2.24.0/allure-model-2.24.0.jar:/home/runner/.m2/repository/io/qameta/allure/allure-test-filter/2.24.0/allure-test-filter-2.24.0.jar:/home/runner/.m2/repository/org/junit/platform/junit-platform-launcher/1.9.2/junit-platform-launcher-1.9.2.jar:/home/runner/.m2/repository/io/rest-assured/rest-assured/5.3.0/rest-assured-5.3.0.jar:/home/runner/.m2/repository/org/apache/groovy/groovy/4.0.6/groovy-4.0.6.jar:/home/runner/.m2/repository/org/apache/groovy/groovy-xml/4.0.6/groovy-xml-4.0.6.jar:/home/runner/.m2/repository/org/apache/httpcomponents/httpclient/4.5.13/httpclient-4.5.13.jar:/home/runner/.m2/repository/org/apache/httpcomponents/httpcore/4.4.13/httpcore-4.4.13.jar:/home/runner/.m2/repository/commons-logging/commons-logging/1.2/commons-logging-1.2.jar:/home/runner/.m2/repository/commons-codec/commons-codec/1.11/commons-codec-1.11.jar:/home/runner/.m2/repository/org/apache/httpcomponents/httpmime/4.5.13/httpmime-4.5.13.jar:/home/runner/.m2/repository/org/hamcrest/hamcrest/2.1/hamcrest-2.1.jar:/home/runner/.m2/repository/org/ccil/cowan/tagsoup/tagsoup/1.2.1/tagsoup-1.2.1.jar:/home/runner/.m2/repository/io/rest-assured/xml-path/5.3.0/xml-path-5.3.0.jar:/home/runner/.m2/repository/org/apache/commons/commons-lang3/3.11/commons-lang3-3.11.jar:/home/runner/.m2/repository/io/qameta/allure/allure-rest-assured/2.24.0/allure-rest-assured-2.24.0.jar:/home/runner/.m2/repository/io/qameta/allure/allure-attachments/2.24.0/allure-attachments-2.24.0.jar:/home/runner/.m2/repository/org/freemarker/freemarker/2.3.31/freemarker-2.3.31.jar:/home/runner/.m2/repository/org/slf4j/slf4j-api/1.7.32/slf4j-api-1.7.32.jar:/home/runner/.m2/repository/ch/qos/logback/logback-classic/1.2.6/logback-classic-1.2.6.jar:/home/runner/.m2/repository/ch/qos/logback/logback-core/1.2.6/logback-core-1.2.6.jar:/home/runner/.m2/repository/org/apache/commons/commons-csv/1.9.0/commons-csv-1.9.0.jar:/home/runner/.m2/repository/io/rest-assured/json-path/5.1.1/json-path-5.1.1.jar:/home/runner/.m2/repository/org/apache/groovy/groovy-json/4.0.1/groovy-json-4.0.1.jar:/home/runner/.m2/repository/io/rest-assured/rest-assured-common/5.1.1/rest-assured-common-5.1.1.jar:/home/runner/.m2/repository/io/rest-assured/json-schema-validator/5.3.0/json-schema-validator-5.3.0.jar:/home/runner/.m2/repository/com/github/java-json-tools/json-schema-validator/2.2.14/json-schema-validator-2.2.14.jar:/home/runner/.m2/repository/com/google/guava/guava/28.2-android/guava-28.2-android.jar:/home/runner/.m2/repository/com/google/guava/failureaccess/1.0.1/failureaccess-1.0.1.jar:/home/runner/.m2/repository/com/google/guava/listenablefuture/9999.0-empty-to-avoid-conflict-with-guava/listenablefuture-9999.0-empty-to-avoid-conflict-with-guava.jar:/home/runner/.m2/repository/org/checkerframework/checker-compat-qual/2.5.5/checker-compat-qual-2.5.5.jar:/home/runner/.m2/repository/com/google/j2objc/j2objc-annotations/1.3/j2objc-annotations-1.3.jar:/home/runner/.m2/repository/com/github/java-json-tools/jackson-coreutils-equivalence/1.0/jackson-coreutils-equivalence-1.0.jar:/home/runner/.m2/repository/com/github/java-json-tools/jackson-coreutils/2.0/jackson-coreutils-2.0.jar:/home/runner/.m2/repository/com/github/java-json-tools/msg-simple/1.2/msg-simple-1.2.jar:/home/runner/.m2/repository/com/github/java-json-tools/btf/1.3/btf-1.3.jar:/home/runner/.m2/repository/com/github/java-json-tools/json-schema-core/1.2.14/json-schema-core-1.2.14.jar:/home/runner/.m2/repository/com/github/java-json-tools/uri-template/0.10/uri-template-0.10.jar:/home/runner/.m2/repository/org/mozilla/rhino/1.7.7.2/rhino-1.7.7.2.jar:/home/runner/.m2/repository/com/sun/mail/mailapi/1.6.2/mailapi-1.6.2.jar:/home/runner/.m2/repository/joda-time/joda-time/2.10.5/joda-time-2.10.5.jar:/home/runner/.m2/repository/com/googlecode/libphonenumber/libphonenumber/8.11.1/libphonenumber-8.11.1.jar:/home/runner/.m2/repository/com/google/code/findbugs/jsr305/3.0.2/jsr305-3.0.2.jar:/home/runner/.m2/repository/net/sf/jopt-simple/jopt-simple/5.0.4/jopt-simple-5.0.4.jar:/home/runner/.m2/repository/io/gatling/highcharts/gatling-charts-highcharts/3.13.4/gatling-charts-highcharts-3.13.4.jar:/home/runner/.m2/repository/org/scala-lang/scala-library/2.13.16/scala-library-2.13.16.jar:/home/runner/.m2/repository/io/gatling/gatling-recorder/3.13.4/gatling-recorder-3.13.4.jar:/home/runner/.m2/repository/org/scala-lang/modules/scala-swing_2.13/3.0.0/scala-swing_2.13-3.0.0.jar:/home/runner/.m2/repository/io/gatling/gatling-recorder-bc-shaded/1.80.0/gatling-recorder-bc-shaded-1.80.0.jar:/home/runner/.m2/repository/io/netty/netty-codec-http/4.1.118.Final/netty-codec-http-4.1.118.Final.jar:/home/runner/.m2/repository/io/gatling/gatling-app/3.13.4/gatling-app-3.13.4.jar:/home/runner/.m2/repository/io/gatling/gatling-core-java/3.13.4/gatling-core-java-3.13.4.jar:/home/runner/.m2/repository/net/jodah/typetools/0.6.3/typetools-0.6.3.jar:/home/runner/.m2/repository/com/github/spotbugs/spotbugs-annotations/4.9.1/spotbugs-annotations-4.9.1.jar:/home/runner/.m2/repository/io/gatling/gatling-http-java/3.13.4/gatling-http-java-3.13.4.jar:/home/runner/.m2/repository/io/gatling/gatling-jms/3.13.4/gatling-jms-3.13.4.jar:/home/runner/.m2/repository/javax/jms/javax.jms-api/2.0.1/javax.jms-api-2.0.1.jar:/home/runner/.m2/repository/com/eatthepath/fast-uuid/0.2.0/fast-uuid-0.2.0.jar:/home/runner/.m2/repository/io/gatling/gatling-jms-java/3.13.4/gatling-jms-java-3.13.4.jar:/home/runner/.m2/repository/io/gatling/gatling-jdbc/3.13.4/gatling-jdbc-3.13.4.jar:/home/runner/.m2/repository/io/gatling/gatling-jdbc-java/3.13.4/gatling-jdbc-java-3.13.4.jar:/home/runner/.m2/repository/io/gatling/gatling-redis/3.13.4/gatling-redis-3.13.4.jar:/home/runner/.m2/repository/net/debasishg/redisclient_2.13/3.42/redisclient_2.13-3.42.jar:/home/runner/.m2/repository/org/apache/commons/commons-pool2/2.8.0/commons-pool2-2.8.0.jar:/home/runner/.m2/repository/io/gatling/gatling-redis-java/3.13.4/gatling-redis-java-3.13.4.jar:/home/runner/.m2/repository/io/gatling/gatling-charts/3.13.4/gatling-charts-3.13.4.jar:/home/runner/.m2/repository/com/tdunning/t-digest/3.3/t-digest-3.3.jar:/home/runner/.m2/repository/io/gatling/gatling-core/3.13.4/gatling-core-3.13.4.jar:/home/runner/.m2/repository/io/gatling/gatling-netty-util/3.13.4/gatling-netty-util-3.13.4.jar:/home/runner/.m2/repository/io/gatling/gatling-shared-util_2.13/0.0.12/gatling-shared-util_2.13-0.0.12.jar:/home/runner/.m2/repository/org/scala-lang/modules/scala-collection-compat_2.13/2.12.0/scala-collection-compat_2.13-2.12.0.jar:/home/runner/.m2/repository/io/netty/netty-buffer/4.1.118.Final/netty-buffer-4.1.118.Final.jar:/home/runner/.m2/repository/io/netty/netty-transport-native-epoll/4.1.118.Final/netty-transport-native-epoll-4.1.118.Final-linux-x86_64.jar:/home/runner/.m2/repository/io/netty/netty-transport-classes-epoll/4.1.118.Final/netty-transport-classes-epoll-4.1.118.Final.jar:/home/runner/.m2/repository/io/netty/netty-transport-native-epoll/4.1.118.Final/netty-transport-native-epoll-4.1.118.Final-linux-aarch_64.jar:/home/runner/.m2/repository/io/netty/incubator/netty-incubator-transport-native-io_uring/0.0.26.Final/netty-incubator-transport-native-io_uring-0.0.26.Final-linux-x86_64.jar:/home/runner/.m2/repository/io/netty/incubator/netty-incubator-transport-classes-io_uring/0.0.26.Final/netty-incubator-transport-classes-io_uring-0.0.26.Final.jar:/home/runner/.m2/repository/io/netty/incubator/netty-incubator-transport-native-io_uring/0.0.26.Final/netty-incubator-transport-native-io_uring-0.0.26.Final-linux-aarch_64.jar:/home/runner/.m2/repository/io/gatling/gatling-quicklens/3.13.4/gatling-quicklens-3.13.4.jar:/home/runner/.m2/repository/io/gatling/gatling-commons/3.13.4/gatling-commons-3.13.4.jar:/home/runner/.m2/repository/com/typesafe/config/1.4.3/config-1.4.3.jar:/home/runner/.m2/repository/io/github/metarank/cfor_2.13/0.3/cfor_2.13-0.3.jar:/home/runner/.m2/repository/org/scala-lang/scala-reflect/2.13.10/scala-reflect-2.13.10.jar:/home/runner/.m2/repository/com/typesafe/scala-logging/scala-logging_2.13/3.9.5/scala-logging_2.13-3.9.5.jar:/home/runner/.m2/repository/io/gatling/gatling-jsonpath/3.13.4/gatling-jsonpath-3.13.4.jar:/home/runner/.m2/repository/io/gatling/gatling-shared-model_2.13/0.0.11/gatling-shared-model_2.13-0.0.11.jar:/home/runner/.m2/repository/io/suzaku/boopickle_2.13/1.5.0/boopickle_2.13-1.5.0.jar:/home/runner/.m2/repository/io/gatling/gatling-shared-cli/0.0.6/gatling-shared-cli-0.0.6.jar:/home/runner/.m2/repository/org/simpleflatmapper/lightning-csv/9.0.2/lightning-csv-9.0.2.jar:/home/runner/.m2/repository/org/simpleflatmapper/sfm-util/9.0.2/sfm-util-9.0.2.jar:/home/runner/.m2/repository/com/github/ben-manes/caffeine/caffeine/3.2.0/caffeine-3.2.0.jar:/home/runner/.m2/repository/org/jspecify/jspecify/1.0.0/jspecify-1.0.0.jar:/home/runner/.m2/repository/com/google/errorprone/error_prone_annotations/2.36.0/error_prone_annotations-2.36.0.jar:/home/runner/.m2/repository/io/pebbletemplates/pebble/3.2.3/pebble-3.2.3.jar:/home/runner/.m2/repository/org/unbescape/unbescape/1.1.6.RELEASE/unbescape-1.1.6.RELEASE.jar:/home/runner/.m2/repository/org/scala-lang/modules/scala-parser-combinators_2.13/2.4.0/scala-parser-combinators_2.13-2.4.0.jar:/home/runner/.m2/repository/com/github/scopt/scopt_2.13/3.7.1/scopt_2.13-3.7.1.jar:/home/runner/.m2/repository/io/netty/netty-handler/4.1.118.Final/netty-handler-4.1.118.Final.jar:/home/runner/.m2/repository/io/netty/netty-common/4.1.118.Final/netty-common-4.1.118.Final.jar:/home/runner/.m2/repository/io/netty/netty-resolver/4.1.118.Final/netty-resolver-4.1.118.Final.jar:/home/runner/.m2/repository/io/netty/netty-transport/4.1.118.Final/netty-transport-4.1.118.Final.jar:/home/runner/.m2/repository/io/netty/netty-transport-native-unix-common/4.1.118.Final/netty-transport-native-unix-common-4.1.118.Final.jar:/home/runner/.m2/repository/io/netty/netty-codec/4.1.118.Final/netty-codec-4.1.118.Final.jar:/home/runner/.m2/repository/io/netty/netty-tcnative-classes/2.0.70.Final/netty-tcnative-classes-2.0.70.Final.jar:/home/runner/.m2/repository/io/netty/netty-tcnative-boringssl-static/2.0.70.Final/netty-tcnative-boringssl-static-2.0.70.Final.jar:/home/runner/.m2/repository/io/netty/netty-tcnative-boringssl-static/2.0.70.Final/netty-tcnative-boringssl-static-2.0.70.Final-linux-x86_64.jar:/home/runner/.m2/repository/io/netty/netty-tcnative-boringssl-static/2.0.70.Final/netty-tcnative-boringssl-static-2.0.70.Final-linux-aarch_64.jar:/home/runner/.m2/repository/io/netty/netty-tcnative-boringssl-static/2.0.70.Final/netty-tcnative-boringssl-static-2.0.70.Final-osx-x86_64.jar:/home/runner/.m2/repository/io/netty/netty-tcnative-boringssl-static/2.0.70.Final/netty-tcnative-boringssl-static-2.0.70.Final-osx-aarch_64.jar:/home/runner/.m2/repository/io/netty/netty-tcnative-boringssl-static/2.0.70.Final/netty-tcnative-boringssl-static-2.0.70.Final-windows-x86_64.jar:/home/runner/.m2/repository/com/fasterxml/jackson/core/jackson-databind/2.18.2/jackson-databind-2.18.2.jar:/home/runner/.m2/repository/com/fasterxml/jackson/core/jackson-annotations/2.18.2/jackson-annotations-2.18.2.jar:/home/runner/.m2/repository/com/fasterxml/jackson/core/jackson-core/2.18.2/jackson-core-2.18.2.jar:/home/runner/.m2/repository/net/sf/saxon/Saxon-HE/12.5/Saxon-HE-12.5.jar:/home/runner/.m2/repository/org/xmlresolver/xmlresolver/6.0.12/xmlresolver-6.0.12.jar:/home/runner/.m2/repository/org/xmlresolver/xmlresolver/6.0.12/xmlresolver-6.0.12-data.jar:/home/runner/.m2/repository/org/jodd/jodd-lagarto/6.0.6/jodd-lagarto-6.0.6.jar:/home/runner/.m2/repository/org/jodd/jodd-util/6.3.0/jodd-util-6.3.0.jar:/home/runner/.m2/repository/io/burt/jmespath-jackson/0.6.0/jmespath-jackson-0.6.0.jar:/home/runner/.m2/repository/io/burt/jmespath-core/0.6.0/jmespath-core-0.6.0.jar:/home/runner/.m2/repository/io/gatling/gatling-http/3.13.4/gatling-http-3.13.4.jar:/home/runner/.m2/repository/io/gatling/gatling-http-client/3.13.4/gatling-http-client-3.13.4.jar:/home/runner/.m2/repository/io/netty/netty-handler-proxy/4.1.118.Final/netty-handler-proxy-4.1.118.Final.jar:/home/runner/.m2/repository/io/netty/netty-codec-socks/4.1.118.Final/netty-codec-socks-4.1.118.Final.jar:/home/runner/.m2/repository/io/netty/netty-resolver-dns/4.1.118.Final/netty-resolver-dns-4.1.118.Final.jar:/home/runner/.m2/repository/io/netty/netty-codec-dns/4.1.118.Final/netty-codec-dns-4.1.118.Final.jar:/home/runner/.m2/repository/io/netty/netty-codec-http2/4.1.118.Final/netty-codec-http2-4.1.118.Final.jar:/home/runner/.m2/repository/io/netty/netty-resolver-dns-native-macos/4.1.118.Final/netty-resolver-dns-native-macos-4.1.118.Final-osx-x86_64.jar:/home/runner/.m2/repository/io/netty/netty-resolver-dns-classes-macos/4.1.118.Final/netty-resolver-dns-classes-macos-4.1.118.Final.jar:/home/runner/.m2/repository/io/netty/netty-resolver-dns-native-macos/4.1.118.Final/netty-resolver-dns-native-macos-4.1.118.Final-osx-aarch_64.jar:/home/runner/.m2/repository/com/aayushatharva/brotli4j/brotli4j/1.18.0/brotli4j-1.18.0.jar:/home/runner/.m2/repository/com/aayushatharva/brotli4j/service/1.18.0/service-1.18.0.jar:/home/runner/.m2/repository/com/aayushatharva/brotli4j/native-linux-x86_64/1.18.0/native-linux-x86_64-1.18.0.jar:/home/runner/.m2/repository/com/aayushatharva/brotli4j/native-linux-aarch64/1.18.0/native-linux-aarch64-1.18.0.jar:/home/runner/.m2/repository/com/aayushatharva/brotli4j/native-osx-x86_64/1.18.0/native-osx-x86_64-1.18.0.jar:/home/runner/.m2/repository/com/aayushatharva/brotli4j/native-osx-aarch64/1.18.0/native-osx-aarch64-1.18.0.jar:/home/runner/.m2/repository/com/aayushatharva/brotli4j/native-windows-x86_64/1.18.0/native-windows-x86_64-1.18.0.jar:"/>
    <property name="java.vm.vendor" value="Eclipse Adoptium"/>
    <property name="sun.arch.data.model" value="64"/>
    <property name="java.vendor.url" value="https://adoptium.net/"/>
    <property name="user.timezone" value="Etc/UTC"/>
    <property name="java.vm.specification.version" value="11"/>
    <property name="os.name" value="Linux"/>
    <property name="sun.java.launcher" value="SUN_STANDARD"/>
    <property name="sun.boot.library.path" value="/usr/lib/jvm/temurin-11-jdk-amd64/lib"/>
    <property name="sun.java.command" value="/home/runner/work/survey_QA/survey_QA/target/surefire/surefirebooter-20250224180337721_3.jar /home/runner/work/survey_QA/survey_QA/target/surefire 2025-02-24T18-03-37_608-jvmRun1 surefire-20250224180337721_1tmp surefire_0-20250224180337721_2tmp"/>
    <property name="jdk.debug" value="release"/>
    <property name="surefire.test.class.path" value="/home/runner/work/survey_QA/survey_QA/target/test-classes:/home/runner/work/survey_QA/survey_QA/target/classes:/home/runner/.m2/repository/org/junit/jupiter/junit-jupiter/5.10.0/junit-jupiter-5.10.0.jar:/home/runner/.m2/repository/org/junit/jupiter/junit-jupiter-api/5.10.0/junit-jupiter-api-5.10.0.jar:/home/runner/.m2/repository/org/opentest4j/opentest4j/1.3.0/opentest4j-1.3.0.jar:/home/runner/.m2/repository/org/junit/platform/junit-platform-commons/1.10.0/junit-platform-commons-1.10.0.jar:/home/runner/.m2/repository/org/apiguardian/apiguardian-api/1.1.2/apiguardian-api-1.1.2.jar:/home/runner/.m2/repository/org/junit/jupiter/junit-jupiter-params/5.10.0/junit-jupiter-params-5.10.0.jar:/home/runner/.m2/repository/org/junit/jupiter/junit-jupiter-engine/5.10.0/junit-jupiter-engine-5.10.0.jar:/home/runner/.m2/repository/org/junit/platform/junit-platform-engine/1.10.0/junit-platform-engine-1.10.0.jar:/home/runner/.m2/repository/io/qameta/allure/allure-junit5/2.24.0/allure-junit5-2.24.0.jar:/home/runner/.m2/repository/io/qameta/allure/allure-junit-platform/2.24.0/allure-junit-platform-2.24.0.jar:/home/runner/.m2/repository/io/qameta/allure/allure-java-commons/2.24.0/allure-java-commons-2.24.0.jar:/home/runner/.m2/repository/io/qameta/allure/allure-model/2.24.0/allure-model-2.24.0.jar:/home/runner/.m2/repository/io/qameta/allure/allure-test-filter/2.24.0/allure-test-filter-2.24.0.jar:/home/runner/.m2/repository/org/junit/platform/junit-platform-launcher/1.9.2/junit-platform-launcher-1.9.2.jar:/home/runner/.m2/repository/io/rest-assured/rest-assured/5.3.0/rest-assured-5.3.0.jar:/home/runner/.m2/repository/org/apache/groovy/groovy/4.0.6/groovy-4.0.6.jar:/home/runner/.m2/repository/org/apache/groovy/groovy-xml/4.0.6/groovy-xml-4.0.6.jar:/home/runner/.m2/repository/org/apache/httpcomponents/httpclient/4.5.13/httpclient-4.5.13.jar:/home/runner/.m2/repository/org/apache/httpcomponents/httpcore/4.4.13/httpcore-4.4.13.jar:/home/runner/.m2/repository/commons-logging/commons-logging/1.2/commons-logging-1.2.jar:/home/runner/.m2/repository/commons-codec/commons-codec/1.11/commons-codec-1.11.jar:/home/runner/.m2/repository/org/apache/httpcomponents/httpmime/4.5.13/httpmime-4.5.13.jar:/home/runner/.m2/repository/org/hamcrest/hamcrest/2.1/hamcrest-2.1.jar:/home/runner/.m2/repository/org/ccil/cowan/tagsoup/tagsoup/1.2.1/tagsoup-1.2.1.jar:/home/runner/.m2/repository/io/rest-assured/xml-path/5.3.0/xml-path-5.3.0.jar:/home/runner/.m2/repository/org/apache/commons/commons-lang3/3.11/commons-lang3-3.11.jar:/home/runner/.m2/repository/io/qameta/allure/allure-rest-assured/2.24.0/allure-rest-assured-2.24.0.jar:/home/runner/.m2/repository/io/qameta/allure/allure-attachments/2.24.0/allure-attachments-2.24.0.jar:/home/runner/.m2/repository/org/freemarker/freemarker/2.3.31/freemarker-2.3.31.jar:/home/runner/.m2/repository/org/slf4j/slf4j-api/1.7.32/slf4j-api-1.7.32.jar:/home/runner/.m2/repository/ch/qos/logback/logback-classic/1.2.6/logback-classic-1.2.6.jar:/home/runner/.m2/repository/ch/qos/logback/logback-core/1.2.6/logback-core-1.2.6.jar:/home/runner/.m2/repository/org/apache/commons/commons-csv/1.9.0/commons-csv-1.9.0.jar:/home/runner/.m2/repository/io/rest-assured/json-path/5.1.1/json-path-5.1.1.jar:/home/runner/.m2/repository/org/apache/groovy/groovy-json/4.0.1/groovy-json-4.0.1.jar:/home/runner/.m2/repository/io/rest-assured/rest-assured-common/5.1.1/rest-assured-common-5.1.1.jar:/home/runner/.m2/repository/io/rest-assured/json-schema-validator/5.3.0/json-schema-validator-5.3.0.jar:/home/runner/.m2/repository/com/github/java-json-tools/json-schema-validator/2.2.14/json-schema-validator-2.2.14.jar:/home/runner/.m2/repository/com/google/guava/guava/28.2-android/guava-28.2-android.jar:/home/runner/.m2/repository/com/google/guava/failureaccess/1.0.1/failureaccess-1.0.1.jar:/home/runner/.m2/repository/com/google/guava/listenablefuture/9999.0-empty-to-avoid-conflict-with-guava/listenablefuture-9999.0-empty-to-avoid-conflict-with-guava.jar:/home/runner/.m2/repository/org/checkerframework/checker-compat-qual/2.5.5/checker-compat-qual-2.5.5.jar:/home/runner/.m2/repository/com/google/j2objc/j2objc-annotations/1.3/j2objc-annotations-1.3.jar:/home/runner/.m2/repository/com/github/java-json-tools/jackson-coreutils-equivalence/1.0/jackson-coreutils-equivalence-1.0.jar:/home/runner/.m2/repository/com/github/java-json-tools/jackson-coreutils/2.0/jackson-coreutils-2.0.jar:/home/runner/.m2/repository/com/github/java-json-tools/msg-simple/1.2/msg-simple-1.2.jar:/home/runner/.m2/repository/com/github/java-json-tools/btf/1.3/btf-1.3.jar:/home/runner/.m2/repository/com/github/java-json-tools/json-schema-core/1.2.14/json-schema-core-1.2.14.jar:/home/runner/.m2/repository/com/github/java-json-tools/uri-template/0.10/uri-template-0.10.jar:/home/runner/.m2/repository/org/mozilla/rhino/1.7.7.2/rhino-1.7.7.2.jar:/home/runner/.m2/repository/com/sun/mail/mailapi/1.6.2/mailapi-1.6.2.jar:/home/runner/.m2/repository/joda-time/joda-time/2.10.5/joda-time-2.10.5.jar:/home/runner/.m2/repository/com/googlecode/libphonenumber/libphonenumber/8.11.1/libphonenumber-8.11.1.jar:/home/runner/.m2/repository/com/google/code/findbugs/jsr305/3.0.2/jsr305-3.0.2.jar:/home/runner/.m2/repository/net/sf/jopt-simple/jopt-simple/5.0.4/jopt-simple-5.0.4.jar:/home/runner/.m2/repository/io/gatling/highcharts/gatling-charts-highcharts/3.13.4/gatling-charts-highcharts-3.13.4.jar:/home/runner/.m2/repository/org/scala-lang/scala-library/2.13.16/scala-library-2.13.16.jar:/home/runner/.m2/repository/io/gatling/gatling-recorder/3.13.4/gatling-recorder-3.13.4.jar:/home/runner/.m2/repository/org/scala-lang/modules/scala-swing_2.13/3.0.0/scala-swing_2.13-3.0.0.jar:/home/runner/.m2/repository/io/gatling/gatling-recorder-bc-shaded/1.80.0/gatling-recorder-bc-shaded-1.80.0.jar:/home/runner/.m2/repository/io/netty/netty-codec-http/4.1.118.Final/netty-codec-http-4.1.118.Final.jar:/home/runner/.m2/repository/io/gatling/gatling-app/3.13.4/gatling-app-3.13.4.jar:/home/runner/.m2/repository/io/gatling/gatling-core-java/3.13.4/gatling-core-java-3.13.4.jar:/home/runner/.m2/repository/net/jodah/typetools/0.6.3/typetools-0.6.3.jar:/home/runner/.m2/repository/com/github/spotbugs/spotbugs-annotations/4.9.1/spotbugs-annotations-4.9.1.jar:/home/runner/.m2/repository/io/gatling/gatling-http-java/3.13.4/gatling-http-java-3.13.4.jar:/home/runner/.m2/repository/io/gatling/gatling-jms/3.13.4/gatling-jms-3.13.4.jar:/home/runner/.m2/repository/javax/jms/javax.jms-api/2.0.1/javax.jms-api-2.0.1.jar:/home/runner/.m2/repository/com/eatthepath/fast-uuid/0.2.0/fast-uuid-0.2.0.jar:/home/runner/.m2/repository/io/gatling/gatling-jms-java/3.13.4/gatling-jms-java-3.13.4.jar:/home/runner/.m2/repository/io/gatling/gatling-jdbc/3.13.4/gatling-jdbc-3.13.4.jar:/home/runner/.m2/repository/io/gatling/gatling-jdbc-java/3.13.4/gatling-jdbc-java-3.13.4.jar:/home/runner/.m2/repository/io/gatling/gatling-redis/3.13.4/gatling-redis-3.13.4.jar:/home/runner/.m2/repository/net/debasishg/redisclient_2.13/3.42/redisclient_2.13-3.42.jar:/home/runner/.m2/repository/org/apache/commons/commons-pool2/2.8.0/commons-pool2-2.8.0.jar:/home/runner/.m2/repository/io/gatling/gatling-redis-java/3.13.4/gatling-redis-java-3.13.4.jar:/home/runner/.m2/repository/io/gatling/gatling-charts/3.13.4/gatling-charts-3.13.4.jar:/home/runner/.m2/repository/com/tdunning/t-digest/3.3/t-digest-3.3.jar:/home/runner/.m2/repository/io/gatling/gatling-core/3.13.4/gatling-core-3.13.4.jar:/home/runner/.m2/repository/io/gatling/gatling-netty-util/3.13.4/gatling-netty-util-3.13.4.jar:/home/runner/.m2/repository/io/gatling/gatling-shared-util_2.13/0.0.12/gatling-shared-util_2.13-0.0.12.jar:/home/runner/.m2/repository/org/scala-lang/modules/scala-collection-compat_2.13/2.12.0/scala-collection-compat_2.13-2.12.0.jar:/home/runner/.m2/repository/io/netty/netty-buffer/4.1.118.Final/netty-buffer-4.1.118.Final.jar:/home/runner/.m2/repository/io/netty/netty-transport-native-epoll/4.1.118.Final/netty-transport-native-epoll-4.1.118.Final-linux-x86_64.jar:/home/runner/.m2/repository/io/netty/netty-transport-classes-epoll/4.1.118.Final/netty-transport-classes-epoll-4.1.118.Final.jar:/home/runner/.m2/repository/io/netty/netty-transport-native-epoll/4.1.118.Final/netty-transport-native-epoll-4.1.118.Final-linux-aarch_64.jar:/home/runner/.m2/repository/io/netty/incubator/netty-incubator-transport-native-io_uring/0.0.26.Final/netty-incubator-transport-native-io_uring-0.0.26.Final-linux-x86_64.jar:/home/runner/.m2/repository/io/netty/incubator/netty-incubator-transport-classes-io_uring/0.0.26.Final/netty-incubator-transport-classes-io_uring-0.0.26.Final.jar:/home/runner/.m2/repository/io/netty/incubator/netty-incubator-transport-native-io_uring/0.0.26.Final/netty-incubator-transport-native-io_uring-0.0.26.Final-linux-aarch_64.jar:/home/runner/.m2/repository/io/gatling/gatling-quicklens/3.13.4/gatling-quicklens-3.13.4.jar:/home/runner/.m2/repository/io/gatling/gatling-commons/3.13.4/gatling-commons-3.13.4.jar:/home/runner/.m2/repository/com/typesafe/config/1.4.3/config-1.4.3.jar:/home/runner/.m2/repository/io/github/metarank/cfor_2.13/0.3/cfor_2.13-0.3.jar:/home/runner/.m2/repository/org/scala-lang/scala-reflect/2.13.10/scala-reflect-2.13.10.jar:/home/runner/.m2/repository/com/typesafe/scala-logging/scala-logging_2.13/3.9.5/scala-logging_2.13-3.9.5.jar:/home/runner/.m2/repository/io/gatling/gatling-jsonpath/3.13.4/gatling-jsonpath-3.13.4.jar:/home/runner/.m2/repository/io/gatling/gatling-shared-model_2.13/0.0.11/gatling-shared-model_2.13-0.0.11.jar:/home/runner/.m2/repository/io/suzaku/boopickle_2.13/1.5.0/boopickle_2.13-1.5.0.jar:/home/runner/.m2/repository/io/gatling/gatling-shared-cli/0.0.6/gatling-shared-cli-0.0.6.jar:/home/runner/.m2/repository/org/simpleflatmapper/lightning-csv/9.0.2/lightning-csv-9.0.2.jar:/home/runner/.m2/repository/org/simpleflatmapper/sfm-util/9.0.2/sfm-util-9.0.2.jar:/home/runner/.m2/repository/com/github/ben-manes/caffeine/caffeine/3.2.0/caffeine-3.2.0.jar:/home/runner/.m2/repository/org/jspecify/jspecify/1.0.0/jspecify-1.0.0.jar:/home/runner/.m2/repository/com/google/errorprone/error_prone_annotations/2.36.0/error_prone_annotations-2.36.0.jar:/home/runner/.m2/repository/io/pebbletemplates/pebble/3.2.3/pebble-3.2.3.jar:/home/runner/.m2/repository/org/unbescape/unbescape/1.1.6.RELEASE/unbescape-1.1.6.RELEASE.jar:/home/runner/.m2/repository/org/scala-lang/modules/scala-parser-combinators_2.13/2.4.0/scala-parser-combinators_2.13-2.4.0.jar:/home/runner/.m2/repository/com/github/scopt/scopt_2.13/3.7.1/scopt_2.13-3.7.1.jar:/home/runner/.m2/repository/io/netty/netty-handler/4.1.118.Final/netty-handler-4.1.118.Final.jar:/home/runner/.m2/repository/io/netty/netty-common/4.1.118.Final/netty-common-4.1.118.Final.jar:/home/runner/.m2/repository/io/netty/netty-resolver/4.1.118.Final/netty-resolver-4.1.118.Final.jar:/home/runner/.m2/repository/io/netty/netty-transport/4.1.118.Final/netty-transport-4.1.118.Final.jar:/home/runner/.m2/repository/io/netty/netty-transport-native-unix-common/4.1.118.Final/netty-transport-native-unix-common-4.1.118.Final.jar:/home/runner/.m2/repository/io/netty/netty-codec/4.1.118.Final/netty-codec-4.1.118.Final.jar:/home/runner/.m2/repository/io/netty/netty-tcnative-classes/2.0.70.Final/netty-tcnative-classes-2.0.70.Final.jar:/home/runner/.m2/repository/io/netty/netty-tcnative-boringssl-static/2.0.70.Final/netty-tcnative-boringssl-static-2.0.70.Final.jar:/home/runner/.m2/repository/io/netty/netty-tcnative-boringssl-static/2.0.70.Final/netty-tcnative-boringssl-static-2.0.70.Final-linux-x86_64.jar:/home/runner/.m2/repository/io/netty/netty-tcnative-boringssl-static/2.0.70.Final/netty-tcnative-boringssl-static-2.0.70.Final-linux-aarch_64.jar:/home/runner/.m2/repository/io/netty/netty-tcnative-boringssl-static/2.0.70.Final/netty-tcnative-boringssl-static-2.0.70.Final-osx-x86_64.jar:/home/runner/.m2/repository/io/netty/netty-tcnative-boringssl-static/2.0.70.Final/netty-tcnative-boringssl-static-2.0.70.Final-osx-aarch_64.jar:/home/runner/.m2/repository/io/netty/netty-tcnative-boringssl-static/2.0.70.Final/netty-tcnative-boringssl-static-2.0.70.Final-windows-x86_64.jar:/home/runner/.m2/repository/com/fasterxml/jackson/core/jackson-databind/2.18.2/jackson-databind-2.18.2.jar:/home/runner/.m2/repository/com/fasterxml/jackson/core/jackson-annotations/2.18.2/jackson-annotations-2.18.2.jar:/home/runner/.m2/repository/com/fasterxml/jackson/core/jackson-core/2.18.2/jackson-core-2.18.2.jar:/home/runner/.m2/repository/net/sf/saxon/Saxon-HE/12.5/Saxon-HE-12.5.jar:/home/runner/.m2/repository/org/xmlresolver/xmlresolver/6.0.12/xmlresolver-6.0.12.jar:/home/runner/.m2/repository/org/xmlresolver/xmlresolver/6.0.12/xmlresolver-6.0.12-data.jar:/home/runner/.m2/repository/org/jodd/jodd-lagarto/6.0.6/jodd-lagarto-6.0.6.jar:/home/runner/.m2/repository/org/jodd/jodd-util/6.3.0/jodd-util-6.3.0.jar:/home/runner/.m2/repository/io/burt/jmespath-jackson/0.6.0/jmespath-jackson-0.6.0.jar:/home/runner/.m2/repository/io/burt/jmespath-core/0.6.0/jmespath-core-0.6.0.jar:/home/runner/.m2/repository/io/gatling/gatling-http/3.13.4/gatling-http-3.13.4.jar:/home/runner/.m2/repository/io/gatling/gatling-http-client/3.13.4/gatling-http-client-3.13.4.jar:/home/runner/.m2/repository/io/netty/netty-handler-proxy/4.1.118.Final/netty-handler-proxy-4.1.118.Final.jar:/home/runner/.m2/repository/io/netty/netty-codec-socks/4.1.118.Final/netty-codec-socks-4.1.118.Final.jar:/home/runner/.m2/repository/io/netty/netty-resolver-dns/4.1.118.Final/netty-resolver-dns-4.1.118.Final.jar:/home/runner/.m2/repository/io/netty/netty-codec-dns/4.1.118.Final/netty-codec-dns-4.1.118.Final.jar:/home/runner/.m2/repository/io/netty/netty-codec-http2/4.1.118.Final/netty-codec-http2-4.1.118.Final.jar:/home/runner/.m2/repository/io/netty/netty-resolver-dns-native-macos/4.1.118.Final/netty-resolver-dns-native-macos-4.1.118.Final-osx-x86_64.jar:/home/runner/.m2/repository/io/netty/netty-resolver-dns-classes-macos/4.1.118.Final/netty-resolver-dns-classes-macos-4.1.118.Final.jar:/home/runner/.m2/repository/io/netty/netty-resolver-dns-native-macos/4.1.118.Final/netty-resolver-dns-native-macos-4.1.118.Final-osx-aarch_64.jar:/home/runner/.m2/repository/com/aayushatharva/brotli4j/brotli4j/1.18.0/brotli4j-1.18.0.jar:/home/runner/.m2/repository/com/aayushatharva/brotli4j/service/1.18.0/service-1.18.0.jar:/home/runner/.m2/repository/com/aayushatharva/brotli4j/native-linux-x86_64/1.18.0/native-linux-x86_64-1.18.0.jar:/home/runner/.m2/repository/com/aayushatharva/brotli4j/native-linux-aarch64/1.18.0/native-linux-aarch64-1.18.0.jar:/home/runner/.m2/repository/com/aayushatharva/brotli4j/native-osx-x86_64/1.18.0/native-osx-x86_64-1.18.0.jar:/home/runner/.m2/repository/com/aayushatharva/brotli4j/native-osx-aarch64/1.18.0/native-osx-aarch64-1.18.0.jar:/home/runner/.m2/repository/com/aayushatharva/brotli4j/native-windows-x86_64/1.18.0/native-windows-x86_64-1.18.0.jar:"/>
    <property name="allure.results.directory" value="/home/runner/work/survey_QA/survey_QA/target/allure-results"/>
    <property name="sun.cpu.endian" value="little"/>
    <property name="user.home" value="/home/runner"/>
    <property name="user.language" value="en"/>
    <property name="java.specification.vendor" value="Oracle Corporation"/>
    <property name="java.version.date" value="2025-01-21"/>
    <property name="java.home" value="/usr/lib/jvm/temurin-11-jdk-amd64"/>
    <property name="file.separator" value="/"/>
    <property name="basedir" value="/home/runner/work/survey_QA/survey_QA"/>
    <property name="java.vm.compressedOopsMode" value="Zero based"/>
    <property name="line.separator" value="&#10;"/>
    <property name="java.specification.name" value="Java Platform API Specification"/>
    <property name="java.vm.specification.vendor" value="Oracle Corporation"/>
    <property name="java.awt.graphicsenv" value="sun.awt.X11GraphicsEnvironment"/>
    <property name="surefire.real.class.path" value="/home/runner/work/survey_QA/survey_QA/target/surefire/surefirebooter-20250224180337721_3.jar"/>
    <property name="sun.management.compiler" value="HotSpot 64-Bit Tiered Compilers"/>
    <property name="java.runtime.version" value="11.0.26+4"/>
    <property name="user.name" value="runner"/>
    <property name="path.separator" value=":"/>
    <property name="gatling.skip" value="true"/>
    <property name="os.version" value="6.8.0-1021-azure"/>
    <property name="java.runtime.name" value="OpenJDK Runtime Environment"/>
    <property name="file.encoding" value="UTF-8"/>
    <property name="java.vm.name" value="OpenJDK 64-Bit Server VM"/>
    <property name="java.vendor.version" value="Temurin-11.0.26+4"/>
    <property name="localRepository" value="/home/runner/.m2/repository"/>
    <property name="java.vendor.url.bug" value="https://github.com/adoptium/adoptium-support/issues"/>
    <property name="java.io.tmpdir" value="/tmp"/>
    <property name="java.version" value="11.0.26"/>
    <property name="user.dir" value="/home/runner/work/survey_QA/survey_QA"/>
    <property name="os.arch" value="amd64"/>
    <property name="java.vm.specification.name" value="Java Virtual Machine Specification"/>
    <property name="java.awt.printerjob" value="sun.print.PSPrinterJob"/>
    <property name="sun.os.patch.level" value="unknown"/>
    <property name="java.library.path" value="/usr/java/packages/lib:/usr/lib64:/lib64:/lib:/usr/lib"/>
    <property name="java.vm.info" value="mixed mode"/>
    <property name="java.vendor" value="Eclipse Adoptium"/>
    <property name="java.vm.version" value="11.0.26+4"/>
    <property name="java.specification.maintenance.version" value="3"/>
    <property name="sun.io.unicode.encoding" value="UnicodeLittle"/>
    <property name="java.class.version" value="55.0"/>
  </properties>
  <testcase name="testSurveyIds" classname="tests.integration.SurveyPointsTest" time="4.109">
    <system-out><![CDATA[18:03:47.348 [main] INFO api.SurveyPointsApi - Starting validation for status: Survey Id
18:03:47.395 [main] INFO api.SurveyPointsApi - All values for field 'Survey Id' are valid for Member ID: 1
18:03:47.417 [main] INFO api.SurveyPointsApi - All values for field 'Survey Id' are valid for Member ID: 2
18:03:47.436 [main] INFO api.SurveyPointsApi - All values for field 'Survey Id' are valid for Member ID: 3
18:03:47.459 [main] INFO api.SurveyPointsApi - All values for field 'Survey Id' are valid for Member ID: 4
18:03:47.477 [main] INFO api.SurveyPointsApi - All values for field 'Survey Id' are valid for Member ID: 5
18:03:47.495 [main] INFO api.SurveyPointsApi - All values for field 'Survey Id' are valid for Member ID: 6
18:03:47.511 [main] INFO api.SurveyPointsApi - All values for field 'Survey Id' are valid for Member ID: 7
18:03:47.528 [main] INFO api.SurveyPointsApi - All values for field 'Survey Id' are valid for Member ID: 8
18:03:47.544 [main] INFO api.SurveyPointsApi - All values for field 'Survey Id' are valid for Member ID: 9
18:03:47.581 [main] INFO api.SurveyPointsApi - All values for field 'Survey Id' are valid for Member ID: 10
18:03:47.597 [main] INFO api.SurveyPointsApi - All values for field 'Survey Id' are valid for Member ID: 11
18:03:47.614 [main] INFO api.SurveyPointsApi - All values for field 'Survey Id' are valid for Member ID: 12
18:03:47.632 [main] INFO api.SurveyPointsApi - All values for field 'Survey Id' are valid for Member ID: 13
18:03:47.650 [main] INFO api.SurveyPointsApi - All values for field 'Survey Id' are valid for Member ID: 14
18:03:47.670 [main] INFO api.SurveyPointsApi - All values for field 'Survey Id' are valid for Member ID: 15
18:03:47.689 [main] INFO api.SurveyPointsApi - All values for field 'Survey Id' are valid for Member ID: 16
18:03:47.704 [main] INFO api.SurveyPointsApi - All values for field 'Survey Id' are valid for Member ID: 17
18:03:47.720 [main] INFO api.SurveyPointsApi - All values for field 'Survey Id' are valid for Member ID: 18
18:03:47.734 [main] INFO api.SurveyPointsApi - All values for field 'Survey Id' are valid for Member ID: 19
18:03:47.749 [main] INFO api.SurveyPointsApi - All values for field 'Survey Id' are valid for Member ID: 20
18:03:47.764 [main] INFO api.SurveyPointsApi - All values for field 'Survey Id' are valid for Member ID: 21
18:03:47.779 [main] INFO api.SurveyPointsApi - All values for field 'Survey Id' are valid for Member ID: 22
18:03:47.796 [main] INFO api.SurveyPointsApi - All values for field 'Survey Id' are valid for Member ID: 23
18:03:47.811 [main] INFO api.SurveyPointsApi - All values for field 'Survey Id' are valid for Member ID: 24
18:03:47.824 [main] INFO api.SurveyPointsApi - All values for field 'Survey Id' are valid for Member ID: 25
18:03:47.835 [main] INFO api.SurveyPointsApi - All values for field 'Survey Id' are valid for Member ID: 26
18:03:47.845 [main] INFO api.SurveyPointsApi - All values for field 'Survey Id' are valid for Member ID: 27
18:03:47.858 [main] INFO api.SurveyPointsApi - All values for field 'Survey Id' are valid for Member ID: 28
18:03:47.869 [main] INFO api.SurveyPointsApi - All values for field 'Survey Id' are valid for Member ID: 29
18:03:47.883 [main] INFO api.SurveyPointsApi - All values for field 'Survey Id' are valid for Member ID: 30
18:03:47.897 [main] INFO api.SurveyPointsApi - All values for field 'Survey Id' are valid for Member ID: 31
18:03:47.913 [main] INFO api.SurveyPointsApi - All values for field 'Survey Id' are valid for Member ID: 32
18:03:47.927 [main] INFO api.SurveyPointsApi - All values for field 'Survey Id' are valid for Member ID: 33
18:03:47.941 [main] INFO api.SurveyPointsApi - All values for field 'Survey Id' are valid for Member ID: 34
18:03:47.954 [main] INFO api.SurveyPointsApi - All values for field 'Survey Id' are valid for Member ID: 35
18:03:47.969 [main] INFO api.SurveyPointsApi - All values for field 'Survey Id' are valid for Member ID: 36
18:03:47.982 [main] INFO api.SurveyPointsApi - All values for field 'Survey Id' are valid for Member ID: 37
18:03:47.996 [main] INFO api.SurveyPointsApi - All values for field 'Survey Id' are valid for Member ID: 38
18:03:48.015 [main] INFO api.SurveyPointsApi - All values for field 'Survey Id' are valid for Member ID: 39
18:03:48.034 [main] INFO api.SurveyPointsApi - All values for field 'Survey Id' are valid for Member ID: 40
18:03:48.049 [main] INFO api.SurveyPointsApi - All values for field 'Survey Id' are valid for Member ID: 41
18:03:48.065 [main] INFO api.SurveyPointsApi - All values for field 'Survey Id' are valid for Member ID: 42
18:03:48.076 [main] INFO api.SurveyPointsApi - All values for field 'Survey Id' are valid for Member ID: 43
18:03:48.089 [main] INFO api.SurveyPointsApi - All values for field 'Survey Id' are valid for Member ID: 44
18:03:48.105 [main] INFO api.SurveyPointsApi - All values for field 'Survey Id' are valid for Member ID: 45
18:03:48.121 [main] INFO api.SurveyPointsApi - All values for field 'Survey Id' are valid for Member ID: 46
18:03:48.135 [main] INFO api.SurveyPointsApi - All values for field 'Survey Id' are valid for Member ID: 47
18:03:48.148 [main] INFO api.SurveyPointsApi - All values for field 'Survey Id' are valid for Member ID: 48
18:03:48.162 [main] INFO api.SurveyPointsApi - All values for field 'Survey Id' are valid for Member ID: 49
18:03:48.175 [main] INFO api.SurveyPointsApi - All values for field 'Survey Id' are valid for Member ID: 50
18:03:48.190 [main] INFO api.SurveyPointsApi - All values for field 'Survey Id' are valid for Member ID: 51
18:03:48.204 [main] INFO api.SurveyPointsApi - All values for field 'Survey Id' are valid for Member ID: 52
18:03:48.222 [main] INFO api.SurveyPointsApi - All values for field 'Survey Id' are valid for Member ID: 53
18:03:48.238 [main] INFO api.SurveyPointsApi - All values for field 'Survey Id' are valid for Member ID: 54
18:03:48.257 [main] INFO api.SurveyPointsApi - All values for field 'Survey Id' are valid for Member ID: 55
18:03:48.270 [main] INFO api.SurveyPointsApi - All values for field 'Survey Id' are valid for Member ID: 56
18:03:48.282 [main] INFO api.SurveyPointsApi - All values for field 'Survey Id' are valid for Member ID: 57
18:03:48.292 [main] INFO api.SurveyPointsApi - All values for field 'Survey Id' are valid for Member ID: 58
18:03:48.302 [main] INFO api.SurveyPointsApi - All values for field 'Survey Id' are valid for Member ID: 59
18:03:48.314 [main] INFO api.SurveyPointsApi - All values for field 'Survey Id' are valid for Member ID: 60
18:03:48.327 [main] INFO api.SurveyPointsApi - All values for field 'Survey Id' are valid for Member ID: 61
18:03:48.338 [main] INFO api.SurveyPointsApi - All values for field 'Survey Id' are valid for Member ID: 62
18:03:48.349 [main] INFO api.SurveyPointsApi - All values for field 'Survey Id' are valid for Member ID: 63
18:03:48.362 [main] INFO api.SurveyPointsApi - All values for field 'Survey Id' are valid for Member ID: 64
18:03:48.375 [main] INFO api.SurveyPointsApi - All values for field 'Survey Id' are valid for Member ID: 65
18:03:48.391 [main] INFO api.SurveyPointsApi - All values for field 'Survey Id' are valid for Member ID: 66
18:03:48.405 [main] INFO api.SurveyPointsApi - All values for field 'Survey Id' are valid for Member ID: 67
18:03:48.418 [main] INFO api.SurveyPointsApi - All values for field 'Survey Id' are valid for Member ID: 68
18:03:48.429 [main] INFO api.SurveyPointsApi - All values for field 'Survey Id' are valid for Member ID: 69
18:03:48.441 [main] INFO api.SurveyPointsApi - All values for field 'Survey Id' are valid for Member ID: 70
18:03:48.455 [main] INFO api.SurveyPointsApi - All values for field 'Survey Id' are valid for Member ID: 71
18:03:48.468 [main] INFO api.SurveyPointsApi - All values for field 'Survey Id' are valid for Member ID: 72
18:03:48.481 [main] INFO api.SurveyPointsApi - All values for field 'Survey Id' are valid for Member ID: 73
18:03:48.508 [main] INFO api.SurveyPointsApi - All values for field 'Survey Id' are valid for Member ID: 74
18:03:48.523 [main] INFO api.SurveyPointsApi - All values for field 'Survey Id' are valid for Member ID: 75
18:03:48.536 [main] INFO api.SurveyPointsApi - All values for field 'Survey Id' are valid for Member ID: 76
18:03:48.549 [main] INFO api.SurveyPointsApi - All values for field 'Survey Id' are valid for Member ID: 77
18:03:48.562 [main] INFO api.SurveyPointsApi - All values for field 'Survey Id' are valid for Member ID: 78
18:03:48.576 [main] INFO api.SurveyPointsApi - All values for field 'Survey Id' are valid for Member ID: 79
18:03:48.592 [main] INFO api.SurveyPointsApi - All values for field 'Survey Id' are valid for Member ID: 80
18:03:48.608 [main] INFO api.SurveyPointsApi - All values for field 'Survey Id' are valid for Member ID: 81
18:03:48.621 [main] INFO api.SurveyPointsApi - All values for field 'Survey Id' are valid for Member ID: 82
18:03:48.635 [main] INFO api.SurveyPointsApi - All values for field 'Survey Id' are valid for Member ID: 83
18:03:48.647 [main] INFO api.SurveyPointsApi - All values for field 'Survey Id' are valid for Member ID: 84
18:03:48.659 [main] INFO api.SurveyPointsApi - All values for field 'Survey Id' are valid for Member ID: 85
18:03:48.673 [main] INFO api.SurveyPointsApi - All values for field 'Survey Id' are valid for Member ID: 86
18:03:48.688 [main] INFO api.SurveyPointsApi - All values for field 'Survey Id' are valid for Member ID: 87
18:03:48.703 [main] INFO api.SurveyPointsApi - All values for field 'Survey Id' are valid for Member ID: 88
18:03:48.717 [main] INFO api.SurveyPointsApi - All values for field 'Survey Id' are valid for Member ID: 89
18:03:48.736 [main] INFO api.SurveyPointsApi - All values for field 'Survey Id' are valid for Member ID: 90
18:03:48.750 [main] INFO api.SurveyPointsApi - All values for field 'Survey Id' are valid for Member ID: 91
18:03:48.764 [main] INFO api.SurveyPointsApi - All values for field 'Survey Id' are valid for Member ID: 92
18:03:48.777 [main] INFO api.SurveyPointsApi - All values for field 'Survey Id' are valid for Member ID: 93
18:03:48.790 [main] INFO api.SurveyPointsApi - All values for field 'Survey Id' are valid for Member ID: 94
18:03:48.803 [main] INFO api.SurveyPointsApi - All values for field 'Survey Id' are valid for Member ID: 95
18:03:48.832 [main] INFO api.SurveyPointsApi - All values for field 'Survey Id' are valid for Member ID: 96
18:03:48.860 [main] INFO api.SurveyPointsApi - All values for field 'Survey Id' are valid for Member ID: 97
18:03:48.878 [main] INFO api.SurveyPointsApi - All values for field 'Survey Id' are valid for Member ID: 98
18:03:48.892 [main] INFO api.SurveyPointsApi - All values for field 'Survey Id' are valid for Member ID: 99
18:03:48.906 [main] INFO api.SurveyPointsApi - All values for field 'Survey Id' are valid for Member ID: 100
18:03:48.919 [main] INFO api.SurveyPointsApi - All values for field 'Survey Id' are valid for Member ID: 101
18:03:48.931 [main] INFO api.SurveyPointsApi - All values for field 'Survey Id' are valid for Member ID: 102
18:03:48.945 [main] INFO api.SurveyPointsApi - All values for field 'Survey Id' are valid for Member ID: 103
18:03:48.959 [main] INFO api.SurveyPointsApi - All values for field 'Survey Id' are valid for Member ID: 104
18:03:48.971 [main] INFO api.SurveyPointsApi - All values for field 'Survey Id' are valid for Member ID: 105
18:03:48.983 [main] INFO api.SurveyPointsApi - All values for field 'Survey Id' are valid for Member ID: 106
18:03:49.000 [main] INFO api.SurveyPointsApi - All values for field 'Survey Id' are valid for Member ID: 107
18:03:49.014 [main] INFO api.SurveyPointsApi - All values for field 'Survey Id' are valid for Member ID: 108
18:03:49.027 [main] INFO api.SurveyPointsApi - All values for field 'Survey Id' are valid for Member ID: 109
18:03:49.039 [main] INFO api.SurveyPointsApi - All values for field 'Survey Id' are valid for Member ID: 110
18:03:49.050 [main] INFO api.SurveyPointsApi - All values for field 'Survey Id' are valid for Member ID: 111
18:03:49.062 [main] INFO api.SurveyPointsApi - All values for field 'Survey Id' are valid for Member ID: 112
18:03:49.074 [main] INFO api.SurveyPointsApi - All values for field 'Survey Id' are valid for Member ID: 113
18:03:49.085 [main] INFO api.SurveyPointsApi - All values for field 'Survey Id' are valid for Member ID: 114
18:03:49.098 [main] INFO api.SurveyPointsApi - All values for field 'Survey Id' are valid for Member ID: 115
18:03:49.111 [main] INFO api.SurveyPointsApi - All values for field 'Survey Id' are valid for Member ID: 116
18:03:49.124 [main] INFO api.SurveyPointsApi - All values for field 'Survey Id' are valid for Member ID: 117
18:03:49.136 [main] INFO api.SurveyPointsApi - All values for field 'Survey Id' are valid for Member ID: 118
18:03:49.149 [main] INFO api.SurveyPointsApi - All values for field 'Survey Id' are valid for Member ID: 119
18:03:49.162 [main] INFO api.SurveyPointsApi - All values for field 'Survey Id' are valid for Member ID: 120
18:03:49.175 [main] INFO api.SurveyPointsApi - All values for field 'Survey Id' are valid for Member ID: 121
18:03:49.188 [main] INFO api.SurveyPointsApi - All values for field 'Survey Id' are valid for Member ID: 122
18:03:49.203 [main] INFO api.SurveyPointsApi - All values for field 'Survey Id' are valid for Member ID: 123
18:03:49.216 [main] INFO api.SurveyPointsApi - All values for field 'Survey Id' are valid for Member ID: 124
18:03:49.228 [main] INFO api.SurveyPointsApi - All values for field 'Survey Id' are valid for Member ID: 125
18:03:49.239 [main] INFO api.SurveyPointsApi - All values for field 'Survey Id' are valid for Member ID: 126
18:03:49.251 [main] INFO api.SurveyPointsApi - All values for field 'Survey Id' are valid for Member ID: 127
18:03:49.262 [main] INFO api.SurveyPointsApi - All values for field 'Survey Id' are valid for Member ID: 128
18:03:49.273 [main] INFO api.SurveyPointsApi - All values for field 'Survey Id' are valid for Member ID: 129
18:03:49.286 [main] INFO api.SurveyPointsApi - All values for field 'Survey Id' are valid for Member ID: 130
18:03:49.302 [main] INFO api.SurveyPointsApi - All values for field 'Survey Id' are valid for Member ID: 131
18:03:49.316 [main] INFO api.SurveyPointsApi - All values for field 'Survey Id' are valid for Member ID: 132
18:03:49.330 [main] INFO api.SurveyPointsApi - All values for field 'Survey Id' are valid for Member ID: 133
18:03:49.340 [main] INFO api.SurveyPointsApi - All values for field 'Survey Id' are valid for Member ID: 134
18:03:49.350 [main] INFO api.SurveyPointsApi - All values for field 'Survey Id' are valid for Member ID: 135
18:03:49.361 [main] INFO api.SurveyPointsApi - All values for field 'Survey Id' are valid for Member ID: 136
18:03:49.370 [main] INFO api.SurveyPointsApi - All values for field 'Survey Id' are valid for Member ID: 137
18:03:49.393 [main] INFO api.SurveyPointsApi - All values for field 'Survey Id' are valid for Member ID: 138
18:03:49.407 [main] INFO api.SurveyPointsApi - All values for field 'Survey Id' are valid for Member ID: 139
18:03:49.421 [main] INFO api.SurveyPointsApi - All values for field 'Survey Id' are valid for Member ID: 140
18:03:49.430 [main] INFO api.SurveyPointsApi - All values for field 'Survey Id' are valid for Member ID: 141
18:03:49.439 [main] INFO api.SurveyPointsApi - All values for field 'Survey Id' are valid for Member ID: 142
18:03:49.447 [main] INFO api.SurveyPointsApi - All values for field 'Survey Id' are valid for Member ID: 143
18:03:49.456 [main] INFO api.SurveyPointsApi - All values for field 'Survey Id' are valid for Member ID: 144
18:03:49.466 [main] INFO api.SurveyPointsApi - All values for field 'Survey Id' are valid for Member ID: 145
18:03:49.477 [main] INFO api.SurveyPointsApi - All values for field 'Survey Id' are valid for Member ID: 146
18:03:49.488 [main] INFO api.SurveyPointsApi - All values for field 'Survey Id' are valid for Member ID: 147
18:03:49.500 [main] INFO api.SurveyPointsApi - All values for field 'Survey Id' are valid for Member ID: 148
18:03:49.510 [main] INFO api.SurveyPointsApi - All values for field 'Survey Id' are valid for Member ID: 149
18:03:49.522 [main] INFO api.SurveyPointsApi - All values for field 'Survey Id' are valid for Member ID: 150
18:03:49.533 [main] INFO api.SurveyPointsApi - All values for field 'Survey Id' are valid for Member ID: 151
18:03:49.542 [main] INFO api.SurveyPointsApi - All values for field 'Survey Id' are valid for Member ID: 152
18:03:49.556 [main] INFO api.SurveyPointsApi - All values for field 'Survey Id' are valid for Member ID: 153
18:03:49.569 [main] INFO api.SurveyPointsApi - All values for field 'Survey Id' are valid for Member ID: 154
18:03:49.583 [main] INFO api.SurveyPointsApi - All values for field 'Survey Id' are valid for Member ID: 155
18:03:49.602 [main] INFO api.SurveyPointsApi - All values for field 'Survey Id' are valid for Member ID: 156
18:03:49.617 [main] INFO api.SurveyPointsApi - All values for field 'Survey Id' are valid for Member ID: 157
18:03:49.646 [main] INFO api.SurveyPointsApi - All values for field 'Survey Id' are valid for Member ID: 158
18:03:49.665 [main] INFO api.SurveyPointsApi - All values for field 'Survey Id' are valid for Member ID: 159
18:03:49.680 [main] INFO api.SurveyPointsApi - All values for field 'Survey Id' are valid for Member ID: 160
18:03:49.693 [main] INFO api.SurveyPointsApi - All values for field 'Survey Id' are valid for Member ID: 161
18:03:49.706 [main] INFO api.SurveyPointsApi - All values for field 'Survey Id' are valid for Member ID: 162
18:03:49.727 [main] INFO api.SurveyPointsApi - All values for field 'Survey Id' are valid for Member ID: 163
18:03:49.744 [main] INFO api.SurveyPointsApi - All values for field 'Survey Id' are valid for Member ID: 164
18:03:49.755 [main] INFO api.SurveyPointsApi - All values for field 'Survey Id' are valid for Member ID: 165
18:03:49.766 [main] INFO api.SurveyPointsApi - All values for field 'Survey Id' are valid for Member ID: 166
18:03:49.777 [main] INFO api.SurveyPointsApi - All values for field 'Survey Id' are valid for Member ID: 167
18:03:49.794 [main] INFO api.SurveyPointsApi - All values for field 'Survey Id' are valid for Member ID: 168
18:03:49.817 [main] INFO api.SurveyPointsApi - All values for field 'Survey Id' are valid for Member ID: 169
18:03:49.830 [main] INFO api.SurveyPointsApi - All values for field 'Survey Id' are valid for Member ID: 170
18:03:49.841 [main] INFO api.SurveyPointsApi - All values for field 'Survey Id' are valid for Member ID: 171
18:03:49.852 [main] INFO api.SurveyPointsApi - All values for field 'Survey Id' are valid for Member ID: 172
18:03:49.865 [main] INFO api.SurveyPointsApi - All values for field 'Survey Id' are valid for Member ID: 173
18:03:49.879 [main] INFO api.SurveyPointsApi - All values for field 'Survey Id' are valid for Member ID: 174
18:03:49.896 [main] INFO api.SurveyPointsApi - All values for field 'Survey Id' are valid for Member ID: 175
18:03:49.907 [main] INFO api.SurveyPointsApi - All values for field 'Survey Id' are valid for Member ID: 176
18:03:49.920 [main] INFO api.SurveyPointsApi - All values for field 'Survey Id' are valid for Member ID: 177
18:03:49.935 [main] INFO api.SurveyPointsApi - All values for field 'Survey Id' are valid for Member ID: 178
18:03:49.947 [main] INFO api.SurveyPointsApi - All values for field 'Survey Id' are valid for Member ID: 179
18:03:49.957 [main] INFO api.SurveyPointsApi - All values for field 'Survey Id' are valid for Member ID: 180
18:03:49.967 [main] INFO api.SurveyPointsApi - All values for field 'Survey Id' are valid for Member ID: 181
18:03:49.980 [main] INFO api.SurveyPointsApi - All values for field 'Survey Id' are valid for Member ID: 182
18:03:50.008 [main] INFO api.SurveyPointsApi - All values for field 'Survey Id' are valid for Member ID: 183
18:03:50.021 [main] INFO api.SurveyPointsApi - All values for field 'Survey Id' are valid for Member ID: 184
18:03:50.029 [main] INFO api.SurveyPointsApi - All values for field 'Survey Id' are valid for Member ID: 185
18:03:50.036 [main] INFO api.SurveyPointsApi - All values for field 'Survey Id' are valid for Member ID: 186
18:03:50.043 [main] INFO api.SurveyPointsApi - All values for field 'Survey Id' are valid for Member ID: 187
18:03:50.052 [main] INFO api.SurveyPointsApi - All values for field 'Survey Id' are valid for Member ID: 188
18:03:50.061 [main] INFO api.SurveyPointsApi - All values for field 'Survey Id' are valid for Member ID: 189
18:03:50.071 [main] INFO api.SurveyPointsApi - All values for field 'Survey Id' are valid for Member ID: 190
18:03:50.082 [main] INFO api.SurveyPointsApi - All values for field 'Survey Id' are valid for Member ID: 191
18:03:50.093 [main] INFO api.SurveyPointsApi - All values for field 'Survey Id' are valid for Member ID: 192
18:03:50.104 [main] INFO api.SurveyPointsApi - All values for field 'Survey Id' are valid for Member ID: 193
18:03:50.114 [main] INFO api.SurveyPointsApi - All values for field 'Survey Id' are valid for Member ID: 194
18:03:50.126 [main] INFO api.SurveyPointsApi - All values for field 'Survey Id' are valid for Member ID: 195
18:03:50.136 [main] INFO api.SurveyPointsApi - All values for field 'Survey Id' are valid for Member ID: 196
18:03:50.146 [main] INFO api.SurveyPointsApi - All values for field 'Survey Id' are valid for Member ID: 197
18:03:50.157 [main] INFO api.SurveyPointsApi - All values for field 'Survey Id' are valid for Member ID: 198
18:03:50.170 [main] INFO api.SurveyPointsApi - All values for field 'Survey Id' are valid for Member ID: 199
18:03:50.184 [main] INFO api.SurveyPointsApi - All values for field 'Survey Id' are valid for Member ID: 200
18:03:50.199 [main] INFO api.SurveyPointsApi - All values for field 'Survey Id' are valid for Member ID: 201
18:03:50.225 [main] INFO api.SurveyPointsApi - All values for field 'Survey Id' are valid for Member ID: 202
18:03:50.246 [main] INFO api.SurveyPointsApi - All values for field 'Survey Id' are valid for Member ID: 203
18:03:50.257 [main] INFO api.SurveyPointsApi - All values for field 'Survey Id' are valid for Member ID: 204
18:03:50.269 [main] INFO api.SurveyPointsApi - All values for field 'Survey Id' are valid for Member ID: 205
18:03:50.281 [main] INFO api.SurveyPointsApi - All values for field 'Survey Id' are valid for Member ID: 206
18:03:50.293 [main] INFO api.SurveyPointsApi - All values for field 'Survey Id' are valid for Member ID: 207
18:03:50.306 [main] INFO api.SurveyPointsApi - All values for field 'Survey Id' are valid for Member ID: 208
18:03:50.317 [main] INFO api.SurveyPointsApi - All values for field 'Survey Id' are valid for Member ID: 209
18:03:50.328 [main] INFO api.SurveyPointsApi - All values for field 'Survey Id' are valid for Member ID: 210
18:03:50.337 [main] INFO api.SurveyPointsApi - All values for field 'Survey Id' are valid for Member ID: 211
18:03:50.363 [main] INFO api.SurveyPointsApi - All values for field 'Survey Id' are valid for Member ID: 212
18:03:50.376 [main] INFO api.SurveyPointsApi - All values for field 'Survey Id' are valid for Member ID: 213
18:03:50.390 [main] INFO api.SurveyPointsApi - All values for field 'Survey Id' are valid for Member ID: 214
18:03:50.400 [main] INFO api.SurveyPointsApi - All values for field 'Survey Id' are valid for Member ID: 215
18:03:50.410 [main] INFO api.SurveyPointsApi - All values for field 'Survey Id' are valid for Member ID: 216
18:03:50.421 [main] INFO api.SurveyPointsApi - All values for field 'Survey Id' are valid for Member ID: 217
18:03:50.431 [main] INFO api.SurveyPointsApi - All values for field 'Survey Id' are valid for Member ID: 218
18:03:50.442 [main] INFO api.SurveyPointsApi - All values for field 'Survey Id' are valid for Member ID: 219
18:03:50.450 [main] INFO api.SurveyPointsApi - All values for field 'Survey Id' are valid for Member ID: 220
18:03:50.459 [main] INFO api.SurveyPointsApi - All values for field 'Survey Id' are valid for Member ID: 221
18:03:50.468 [main] INFO api.SurveyPointsApi - All values for field 'Survey Id' are valid for Member ID: 222
18:03:50.479 [main] INFO api.SurveyPointsApi - All values for field 'Survey Id' are valid for Member ID: 223
18:03:50.490 [main] INFO api.SurveyPointsApi - All values for field 'Survey Id' are valid for Member ID: 224
18:03:50.503 [main] INFO api.SurveyPointsApi - All values for field 'Survey Id' are valid for Member ID: 225
18:03:50.513 [main] INFO api.SurveyPointsApi - All values for field 'Survey Id' are valid for Member ID: 226
18:03:50.522 [main] INFO api.SurveyPointsApi - All values for field 'Survey Id' are valid for Member ID: 227
18:03:50.531 [main] INFO api.SurveyPointsApi - All values for field 'Survey Id' are valid for Member ID: 228
18:03:50.540 [main] INFO api.SurveyPointsApi - All values for field 'Survey Id' are valid for Member ID: 229
18:03:50.548 [main] INFO api.SurveyPointsApi - All values for field 'Survey Id' are valid for Member ID: 230
18:03:50.556 [main] INFO api.SurveyPointsApi - All values for field 'Survey Id' are valid for Member ID: 231
18:03:50.565 [main] INFO api.SurveyPointsApi - All values for field 'Survey Id' are valid for Member ID: 232
18:03:50.574 [main] INFO api.SurveyPointsApi - All values for field 'Survey Id' are valid for Member ID: 233
18:03:50.585 [main] INFO api.SurveyPointsApi - All values for field 'Survey Id' are valid for Member ID: 234
18:03:50.595 [main] INFO api.SurveyPointsApi - All values for field 'Survey Id' are valid for Member ID: 235
18:03:50.609 [main] INFO api.SurveyPointsApi - All values for field 'Survey Id' are valid for Member ID: 236
18:03:50.621 [main] INFO api.SurveyPointsApi - All values for field 'Survey Id' are valid for Member ID: 237
18:03:50.632 [main] INFO api.SurveyPointsApi - All values for field 'Survey Id' are valid for Member ID: 238
18:03:50.646 [main] INFO api.SurveyPointsApi - All values for field 'Survey Id' are valid for Member ID: 239
18:03:50.659 [main] INFO api.SurveyPointsApi - All values for field 'Survey Id' are valid for Member ID: 240
18:03:50.672 [main] INFO api.SurveyPointsApi - All values for field 'Survey Id' are valid for Member ID: 241
18:03:50.687 [main] INFO api.SurveyPointsApi - All values for field 'Survey Id' are valid for Member ID: 242
18:03:50.699 [main] INFO api.SurveyPointsApi - All values for field 'Survey Id' are valid for Member ID: 243
18:03:50.713 [main] INFO api.SurveyPointsApi - All values for field 'Survey Id' are valid for Member ID: 244
18:03:50.724 [main] INFO api.SurveyPointsApi - All values for field 'Survey Id' are valid for Member ID: 245
18:03:50.737 [main] INFO api.SurveyPointsApi - All values for field 'Survey Id' are valid for Member ID: 246
18:03:50.752 [main] INFO api.SurveyPointsApi - All values for field 'Survey Id' are valid for Member ID: 247
18:03:50.762 [main] INFO api.SurveyPointsApi - All values for field 'Survey Id' are valid for Member ID: 248
18:03:50.773 [main] INFO api.SurveyPointsApi - All values for field 'Survey Id' are valid for Member ID: 249
18:03:50.784 [main] INFO api.SurveyPointsApi - All values for field 'Survey Id' are valid for Member ID: 250
18:03:50.794 [main] INFO api.SurveyPointsApi - All values for field 'Survey Id' are valid for Member ID: 251
18:03:50.806 [main] INFO api.SurveyPointsApi - All values for field 'Survey Id' are valid for Member ID: 252
18:03:50.817 [main] INFO api.SurveyPointsApi - All values for field 'Survey Id' are valid for Member ID: 253
18:03:50.825 [main] INFO api.SurveyPointsApi - All values for field 'Survey Id' are valid for Member ID: 254
18:03:50.835 [main] INFO api.SurveyPointsApi - All values for field 'Survey Id' are valid for Member ID: 255
18:03:50.845 [main] INFO api.SurveyPointsApi - All values for field 'Survey Id' are valid for Member ID: 256
18:03:50.856 [main] INFO api.SurveyPointsApi - All values for field 'Survey Id' are valid for Member ID: 257
18:03:50.868 [main] INFO api.SurveyPointsApi - All values for field 'Survey Id' are valid for Member ID: 258
18:03:50.880 [main] INFO api.SurveyPointsApi - All values for field 'Survey Id' are valid for Member ID: 259
18:03:50.894 [main] INFO api.SurveyPointsApi - All values for field 'Survey Id' are valid for Member ID: 260
18:03:50.907 [main] INFO api.SurveyPointsApi - All values for field 'Survey Id' are valid for Member ID: 261
18:03:50.920 [main] INFO api.SurveyPointsApi - All values for field 'Survey Id' are valid for Member ID: 262
18:03:50.933 [main] INFO api.SurveyPointsApi - All values for field 'Survey Id' are valid for Member ID: 263
18:03:50.945 [main] INFO api.SurveyPointsApi - All values for field 'Survey Id' are valid for Member ID: 264
18:03:50.959 [main] INFO api.SurveyPointsApi - All values for field 'Survey Id' are valid for Member ID: 265
18:03:50.997 [main] INFO api.SurveyPointsApi - All values for field 'Survey Id' are valid for Member ID: 266
18:03:51.028 [main] INFO api.SurveyPointsApi - All values for field 'Survey Id' are valid for Member ID: 267
18:03:51.041 [main] INFO api.SurveyPointsApi - All values for field 'Survey Id' are valid for Member ID: 268
18:03:51.053 [main] INFO api.SurveyPointsApi - All values for field 'Survey Id' are valid for Member ID: 269
18:03:51.064 [main] INFO api.SurveyPointsApi - All values for field 'Survey Id' are valid for Member ID: 270
18:03:51.076 [main] INFO api.SurveyPointsApi - All values for field 'Survey Id' are valid for Member ID: 271
18:03:51.090 [main] INFO api.SurveyPointsApi - All values for field 'Survey Id' are valid for Member ID: 272
18:03:51.103 [main] INFO api.SurveyPointsApi - All values for field 'Survey Id' are valid for Member ID: 273
18:03:51.115 [main] INFO api.SurveyPointsApi - All values for field 'Survey Id' are valid for Member ID: 274
18:03:51.127 [main] INFO api.SurveyPointsApi - All values for field 'Survey Id' are valid for Member ID: 275
18:03:51.139 [main] INFO api.SurveyPointsApi - All values for field 'Survey Id' are valid for Member ID: 276
18:03:51.152 [main] INFO api.SurveyPointsApi - All values for field 'Survey Id' are valid for Member ID: 277
18:03:51.164 [main] INFO api.SurveyPointsApi - All values for field 'Survey Id' are valid for Member ID: 278
18:03:51.184 [main] INFO api.SurveyPointsApi - All values for field 'Survey Id' are valid for Member ID: 279
18:03:51.197 [main] INFO api.SurveyPointsApi - All values for field 'Survey Id' are valid for Member ID: 280
18:03:51.211 [main] INFO api.SurveyPointsApi - All values for field 'Survey Id' are valid for Member ID: 281
18:03:51.228 [main] INFO api.SurveyPointsApi - All values for field 'Survey Id' are valid for Member ID: 282
18:03:51.243 [main] INFO api.SurveyPointsApi - All values for field 'Survey Id' are valid for Member ID: 283
18:03:51.258 [main] INFO api.SurveyPointsApi - All values for field 'Survey Id' are valid for Member ID: 284
18:03:51.269 [main] INFO api.SurveyPointsApi - All values for field 'Survey Id' are valid for Member ID: 285
18:03:51.281 [main] INFO api.SurveyPointsApi - All values for field 'Survey Id' are valid for Member ID: 286
18:03:51.294 [main] INFO api.SurveyPointsApi - All values for field 'Survey Id' are valid for Member ID: 287
18:03:51.307 [main] INFO api.SurveyPointsApi - All values for field 'Survey Id' are valid for Member ID: 288
18:03:51.324 [main] INFO api.SurveyPointsApi - All values for field 'Survey Id' are valid for Member ID: 289
18:03:51.337 [main] INFO api.SurveyPointsApi - All values for field 'Survey Id' are valid for Member ID: 290
18:03:51.349 [main] INFO api.SurveyPointsApi - All values for field 'Survey Id' are valid for Member ID: 291
18:03:51.360 [main] INFO api.SurveyPointsApi - All values for field 'Survey Id' are valid for Member ID: 292
18:03:51.371 [main] INFO api.SurveyPointsApi - All values for field 'Survey Id' are valid for Member ID: 293
18:03:51.381 [main] INFO api.SurveyPointsApi - All values for field 'Survey Id' are valid for Member ID: 294
18:03:51.393 [main] INFO api.SurveyPointsApi - All values for field 'Survey Id' are valid for Member ID: 295
18:03:51.405 [main] INFO api.SurveyPointsApi - All values for field 'Survey Id' are valid for Member ID: 296
18:03:51.423 [main] INFO api.SurveyPointsApi - All values for field 'Survey Id' are valid for Member ID: 297
18:03:51.432 [main] INFO api.SurveyPointsApi - All values for field 'Survey Id' are valid for Member ID: 298
18:03:51.442 [main] INFO api.SurveyPointsApi - All values for field 'Survey Id' are valid for Member ID: 299
18:03:51.454 [main] INFO api.SurveyPointsApi - All values for field 'Survey Id' are valid for Member ID: 300
]]></system-out>
  </testcase>
  <testcase name="testSurveyFilteredPoints" classname="tests.integration.SurveyPointsTest" time="3.197">
    <system-out><![CDATA[18:03:51.459 [main] INFO api.SurveyPointsApi - Starting validation for status: Filtered points
18:03:51.470 [main] INFO api.SurveyPointsApi - All values for field 'Filtered points' are valid for Member ID: 1
18:03:51.479 [main] INFO api.SurveyPointsApi - All values for field 'Filtered points' are valid for Member ID: 2
18:03:51.491 [main] INFO api.SurveyPointsApi - All values for field 'Filtered points' are valid for Member ID: 3
18:03:51.501 [main] INFO api.SurveyPointsApi - All values for field 'Filtered points' are valid for Member ID: 4
18:03:51.511 [main] INFO api.SurveyPointsApi - All values for field 'Filtered points' are valid for Member ID: 5
18:03:51.522 [main] INFO api.SurveyPointsApi - All values for field 'Filtered points' are valid for Member ID: 6
18:03:51.531 [main] INFO api.SurveyPointsApi - All values for field 'Filtered points' are valid for Member ID: 7
18:03:51.541 [main] INFO api.SurveyPointsApi - All values for field 'Filtered points' are valid for Member ID: 8
18:03:51.549 [main] INFO api.SurveyPointsApi - All values for field 'Filtered points' are valid for Member ID: 9
18:03:51.561 [main] INFO api.SurveyPointsApi - All values for field 'Filtered points' are valid for Member ID: 10
18:03:51.573 [main] INFO api.SurveyPointsApi - All values for field 'Filtered points' are valid for Member ID: 11
18:03:51.585 [main] INFO api.SurveyPointsApi - All values for field 'Filtered points' are valid for Member ID: 12
18:03:51.596 [main] INFO api.SurveyPointsApi - All values for field 'Filtered points' are valid for Member ID: 13
18:03:51.608 [main] INFO api.SurveyPointsApi - All values for field 'Filtered points' are valid for Member ID: 14
18:03:51.618 [main] INFO api.SurveyPointsApi - All values for field 'Filtered points' are valid for Member ID: 15
18:03:51.629 [main] INFO api.SurveyPointsApi - All values for field 'Filtered points' are valid for Member ID: 16
18:03:51.640 [main] INFO api.SurveyPointsApi - All values for field 'Filtered points' are valid for Member ID: 17
18:03:51.650 [main] INFO api.SurveyPointsApi - All values for field 'Filtered points' are valid for Member ID: 18
18:03:51.662 [main] INFO api.SurveyPointsApi - All values for field 'Filtered points' are valid for Member ID: 19
18:03:51.671 [main] INFO api.SurveyPointsApi - All values for field 'Filtered points' are valid for Member ID: 20
18:03:51.678 [main] INFO api.SurveyPointsApi - All values for field 'Filtered points' are valid for Member ID: 21
18:03:51.684 [main] INFO api.SurveyPointsApi - All values for field 'Filtered points' are valid for Member ID: 22
18:03:51.692 [main] INFO api.SurveyPointsApi - All values for field 'Filtered points' are valid for Member ID: 23
18:03:51.704 [main] INFO api.SurveyPointsApi - All values for field 'Filtered points' are valid for Member ID: 24
18:03:51.715 [main] INFO api.SurveyPointsApi - All values for field 'Filtered points' are valid for Member ID: 25
18:03:51.726 [main] INFO api.SurveyPointsApi - All values for field 'Filtered points' are valid for Member ID: 26
18:03:51.737 [main] INFO api.SurveyPointsApi - All values for field 'Filtered points' are valid for Member ID: 27
18:03:51.746 [main] INFO api.SurveyPointsApi - All values for field 'Filtered points' are valid for Member ID: 28
18:03:51.777 [main] INFO api.SurveyPointsApi - All values for field 'Filtered points' are valid for Member ID: 29
18:03:51.799 [main] INFO api.SurveyPointsApi - All values for field 'Filtered points' are valid for Member ID: 30
18:03:51.814 [main] INFO api.SurveyPointsApi - All values for field 'Filtered points' are valid for Member ID: 31
18:03:51.827 [main] INFO api.SurveyPointsApi - All values for field 'Filtered points' are valid for Member ID: 32
18:03:51.838 [main] INFO api.SurveyPointsApi - All values for field 'Filtered points' are valid for Member ID: 33
18:03:51.848 [main] INFO api.SurveyPointsApi - All values for field 'Filtered points' are valid for Member ID: 34
18:03:51.858 [main] INFO api.SurveyPointsApi - All values for field 'Filtered points' are valid for Member ID: 35
18:03:51.869 [main] INFO api.SurveyPointsApi - All values for field 'Filtered points' are valid for Member ID: 36
18:03:51.879 [main] INFO api.SurveyPointsApi - All values for field 'Filtered points' are valid for Member ID: 37
18:03:51.891 [main] INFO api.SurveyPointsApi - All values for field 'Filtered points' are valid for Member ID: 38
18:03:51.903 [main] INFO api.SurveyPointsApi - All values for field 'Filtered points' are valid for Member ID: 39
18:03:51.914 [main] INFO api.SurveyPointsApi - All values for field 'Filtered points' are valid for Member ID: 40
18:03:51.926 [main] INFO api.SurveyPointsApi - All values for field 'Filtered points' are valid for Member ID: 41
18:03:51.936 [main] INFO api.SurveyPointsApi - All values for field 'Filtered points' are valid for Member ID: 42
18:03:51.945 [main] INFO api.SurveyPointsApi - All values for field 'Filtered points' are valid for Member ID: 43
18:03:51.955 [main] INFO api.SurveyPointsApi - All values for field 'Filtered points' are valid for Member ID: 44
18:03:51.966 [main] INFO api.SurveyPointsApi - All values for field 'Filtered points' are valid for Member ID: 45
18:03:51.975 [main] INFO api.SurveyPointsApi - All values for field 'Filtered points' are valid for Member ID: 46
18:03:51.985 [main] INFO api.SurveyPointsApi - All values for field 'Filtered points' are valid for Member ID: 47
18:03:51.996 [main] INFO api.SurveyPointsApi - All values for field 'Filtered points' are valid for Member ID: 48
18:03:52.008 [main] INFO api.SurveyPointsApi - All values for field 'Filtered points' are valid for Member ID: 49
18:03:52.020 [main] INFO api.SurveyPointsApi - All values for field 'Filtered points' are valid for Member ID: 50
18:03:52.031 [main] INFO api.SurveyPointsApi - All values for field 'Filtered points' are valid for Member ID: 51
18:03:52.042 [main] INFO api.SurveyPointsApi - All values for field 'Filtered points' are valid for Member ID: 52
18:03:52.054 [main] INFO api.SurveyPointsApi - All values for field 'Filtered points' are valid for Member ID: 53
18:03:52.066 [main] INFO api.SurveyPointsApi - All values for field 'Filtered points' are valid for Member ID: 54
18:03:52.078 [main] INFO api.SurveyPointsApi - All values for field 'Filtered points' are valid for Member ID: 55
18:03:52.088 [main] INFO api.SurveyPointsApi - All values for field 'Filtered points' are valid for Member ID: 56
18:03:52.101 [main] INFO api.SurveyPointsApi - All values for field 'Filtered points' are valid for Member ID: 57
18:03:52.113 [main] INFO api.SurveyPointsApi - All values for field 'Filtered points' are valid for Member ID: 58
18:03:52.124 [main] INFO api.SurveyPointsApi - All values for field 'Filtered points' are valid for Member ID: 59
18:03:52.132 [main] INFO api.SurveyPointsApi - All values for field 'Filtered points' are valid for Member ID: 60
18:03:52.142 [main] INFO api.SurveyPointsApi - All values for field 'Filtered points' are valid for Member ID: 61
18:03:52.152 [main] INFO api.SurveyPointsApi - All values for field 'Filtered points' are valid for Member ID: 62
18:03:52.162 [main] INFO api.SurveyPointsApi - All values for field 'Filtered points' are valid for Member ID: 63
18:03:52.173 [main] INFO api.SurveyPointsApi - All values for field 'Filtered points' are valid for Member ID: 64
18:03:52.186 [main] INFO api.SurveyPointsApi - All values for field 'Filtered points' are valid for Member ID: 65
18:03:52.199 [main] INFO api.SurveyPointsApi - All values for field 'Filtered points' are valid for Member ID: 66
18:03:52.214 [main] INFO api.SurveyPointsApi - All values for field 'Filtered points' are valid for Member ID: 67
18:03:52.229 [main] INFO api.SurveyPointsApi - All values for field 'Filtered points' are valid for Member ID: 68
18:03:52.240 [main] INFO api.SurveyPointsApi - All values for field 'Filtered points' are valid for Member ID: 69
18:03:52.251 [main] INFO api.SurveyPointsApi - All values for field 'Filtered points' are valid for Member ID: 70
18:03:52.264 [main] INFO api.SurveyPointsApi - All values for field 'Filtered points' are valid for Member ID: 71
18:03:52.274 [main] INFO api.SurveyPointsApi - All values for field 'Filtered points' are valid for Member ID: 72
18:03:52.287 [main] INFO api.SurveyPointsApi - All values for field 'Filtered points' are valid for Member ID: 73
18:03:52.297 [main] INFO api.SurveyPointsApi - All values for field 'Filtered points' are valid for Member ID: 74
18:03:52.308 [main] INFO api.SurveyPointsApi - All values for field 'Filtered points' are valid for Member ID: 75
18:03:52.320 [main] INFO api.SurveyPointsApi - All values for field 'Filtered points' are valid for Member ID: 76
18:03:52.331 [main] INFO api.SurveyPointsApi - All values for field 'Filtered points' are valid for Member ID: 77
18:03:52.342 [main] INFO api.SurveyPointsApi - All values for field 'Filtered points' are valid for Member ID: 78
18:03:52.353 [main] INFO api.SurveyPointsApi - All values for field 'Filtered points' are valid for Member ID: 79
18:03:52.364 [main] INFO api.SurveyPointsApi - All values for field 'Filtered points' are valid for Member ID: 80
18:03:52.375 [main] INFO api.SurveyPointsApi - All values for field 'Filtered points' are valid for Member ID: 81
18:03:52.386 [main] INFO api.SurveyPointsApi - All values for field 'Filtered points' are valid for Member ID: 82
18:03:52.398 [main] INFO api.SurveyPointsApi - All values for field 'Filtered points' are valid for Member ID: 83
18:03:52.410 [main] INFO api.SurveyPointsApi - All values for field 'Filtered points' are valid for Member ID: 84
18:03:52.423 [main] INFO api.SurveyPointsApi - All values for field 'Filtered points' are valid for Member ID: 85
18:03:52.434 [main] INFO api.SurveyPointsApi - All values for field 'Filtered points' are valid for Member ID: 86
18:03:52.444 [main] INFO api.SurveyPointsApi - All values for field 'Filtered points' are valid for Member ID: 87
18:03:52.455 [main] INFO api.SurveyPointsApi - All values for field 'Filtered points' are valid for Member ID: 88
18:03:52.465 [main] INFO api.SurveyPointsApi - All values for field 'Filtered points' are valid for Member ID: 89
18:03:52.475 [main] INFO api.SurveyPointsApi - All values for field 'Filtered points' are valid for Member ID: 90
18:03:52.486 [main] INFO api.SurveyPointsApi - All values for field 'Filtered points' are valid for Member ID: 91
18:03:52.498 [main] INFO api.SurveyPointsApi - All values for field 'Filtered points' are valid for Member ID: 92
18:03:52.510 [main] INFO api.SurveyPointsApi - All values for field 'Filtered points' are valid for Member ID: 93
18:03:52.535 [main] INFO api.SurveyPointsApi - All values for field 'Filtered points' are valid for Member ID: 94
18:03:52.545 [main] INFO api.SurveyPointsApi - All values for field 'Filtered points' are valid for Member ID: 95
18:03:52.556 [main] INFO api.SurveyPointsApi - All values for field 'Filtered points' are valid for Member ID: 96
18:03:52.566 [main] INFO api.SurveyPointsApi - All values for field 'Filtered points' are valid for Member ID: 97
18:03:52.575 [main] INFO api.SurveyPointsApi - All values for field 'Filtered points' are valid for Member ID: 98
18:03:52.584 [main] INFO api.SurveyPointsApi - All values for field 'Filtered points' are valid for Member ID: 99
18:03:52.595 [main] INFO api.SurveyPointsApi - All values for field 'Filtered points' are valid for Member ID: 100
18:03:52.606 [main] INFO api.SurveyPointsApi - All values for field 'Filtered points' are valid for Member ID: 101
18:03:52.615 [main] INFO api.SurveyPointsApi - All values for field 'Filtered points' are valid for Member ID: 102
18:03:52.629 [main] INFO api.SurveyPointsApi - All values for field 'Filtered points' are valid for Member ID: 103
18:03:52.638 [main] INFO api.SurveyPointsApi - All values for field 'Filtered points' are valid for Member ID: 104
18:03:52.647 [main] INFO api.SurveyPointsApi - All values for field 'Filtered points' are valid for Member ID: 105
18:03:52.658 [main] INFO api.SurveyPointsApi - All values for field 'Filtered points' are valid for Member ID: 106
18:03:52.670 [main] INFO api.SurveyPointsApi - All values for field 'Filtered points' are valid for Member ID: 107
18:03:52.680 [main] INFO api.SurveyPointsApi - All values for field 'Filtered points' are valid for Member ID: 108
18:03:52.691 [main] INFO api.SurveyPointsApi - All values for field 'Filtered points' are valid for Member ID: 109
18:03:52.710 [main] INFO api.SurveyPointsApi - All values for field 'Filtered points' are valid for Member ID: 110
18:03:52.720 [main] INFO api.SurveyPointsApi - All values for field 'Filtered points' are valid for Member ID: 111
18:03:52.729 [main] INFO api.SurveyPointsApi - All values for field 'Filtered points' are valid for Member ID: 112
18:03:52.739 [main] INFO api.SurveyPointsApi - All values for field 'Filtered points' are valid for Member ID: 113
18:03:52.749 [main] INFO api.SurveyPointsApi - All values for field 'Filtered points' are valid for Member ID: 114
18:03:52.761 [main] INFO api.SurveyPointsApi - All values for field 'Filtered points' are valid for Member ID: 115
18:03:52.772 [main] INFO api.SurveyPointsApi - All values for field 'Filtered points' are valid for Member ID: 116
18:03:52.784 [main] INFO api.SurveyPointsApi - All values for field 'Filtered points' are valid for Member ID: 117
18:03:52.799 [main] INFO api.SurveyPointsApi - All values for field 'Filtered points' are valid for Member ID: 118
18:03:52.812 [main] INFO api.SurveyPointsApi - All values for field 'Filtered points' are valid for Member ID: 119
18:03:52.823 [main] INFO api.SurveyPointsApi - All values for field 'Filtered points' are valid for Member ID: 120
18:03:52.834 [main] INFO api.SurveyPointsApi - All values for field 'Filtered points' are valid for Member ID: 121
18:03:52.844 [main] INFO api.SurveyPointsApi - All values for field 'Filtered points' are valid for Member ID: 122
18:03:52.854 [main] INFO api.SurveyPointsApi - All values for field 'Filtered points' are valid for Member ID: 123
18:03:52.866 [main] INFO api.SurveyPointsApi - All values for field 'Filtered points' are valid for Member ID: 124
18:03:52.877 [main] INFO api.SurveyPointsApi - All values for field 'Filtered points' are valid for Member ID: 125
18:03:52.889 [main] INFO api.SurveyPointsApi - All values for field 'Filtered points' are valid for Member ID: 126
18:03:52.900 [main] INFO api.SurveyPointsApi - All values for field 'Filtered points' are valid for Member ID: 127
18:03:52.911 [main] INFO api.SurveyPointsApi - All values for field 'Filtered points' are valid for Member ID: 128
18:03:52.921 [main] INFO api.SurveyPointsApi - All values for field 'Filtered points' are valid for Member ID: 129
18:03:52.932 [main] INFO api.SurveyPointsApi - All values for field 'Filtered points' are valid for Member ID: 130
18:03:52.948 [main] INFO api.SurveyPointsApi - All values for field 'Filtered points' are valid for Member ID: 131
18:03:52.958 [main] INFO api.SurveyPointsApi - All values for field 'Filtered points' are valid for Member ID: 132
18:03:52.968 [main] INFO api.SurveyPointsApi - All values for field 'Filtered points' are valid for Member ID: 133
18:03:52.975 [main] INFO api.SurveyPointsApi - All values for field 'Filtered points' are valid for Member ID: 134
18:03:52.982 [main] INFO api.SurveyPointsApi - All values for field 'Filtered points' are valid for Member ID: 135
18:03:52.992 [main] INFO api.SurveyPointsApi - All values for field 'Filtered points' are valid for Member ID: 136
18:03:53.004 [main] INFO api.SurveyPointsApi - All values for field 'Filtered points' are valid for Member ID: 137
18:03:53.021 [main] INFO api.SurveyPointsApi - All values for field 'Filtered points' are valid for Member ID: 138
18:03:53.038 [main] INFO api.SurveyPointsApi - All values for field 'Filtered points' are valid for Member ID: 139
18:03:53.063 [main] INFO api.SurveyPointsApi - All values for field 'Filtered points' are valid for Member ID: 140
18:03:53.084 [main] INFO api.SurveyPointsApi - All values for field 'Filtered points' are valid for Member ID: 141
18:03:53.096 [main] INFO api.SurveyPointsApi - All values for field 'Filtered points' are valid for Member ID: 142
18:03:53.151 [main] INFO api.SurveyPointsApi - All values for field 'Filtered points' are valid for Member ID: 143
18:03:53.162 [main] INFO api.SurveyPointsApi - All values for field 'Filtered points' are valid for Member ID: 144
18:03:53.174 [main] INFO api.SurveyPointsApi - All values for field 'Filtered points' are valid for Member ID: 145
18:03:53.187 [main] INFO api.SurveyPointsApi - All values for field 'Filtered points' are valid for Member ID: 146
18:03:53.200 [main] INFO api.SurveyPointsApi - All values for field 'Filtered points' are valid for Member ID: 147
18:03:53.212 [main] INFO api.SurveyPointsApi - All values for field 'Filtered points' are valid for Member ID: 148
18:03:53.222 [main] INFO api.SurveyPointsApi - All values for field 'Filtered points' are valid for Member ID: 149
18:03:53.232 [main] INFO api.SurveyPointsApi - All values for field 'Filtered points' are valid for Member ID: 150
18:03:53.241 [main] INFO api.SurveyPointsApi - All values for field 'Filtered points' are valid for Member ID: 151
18:03:53.250 [main] INFO api.SurveyPointsApi - All values for field 'Filtered points' are valid for Member ID: 152
18:03:53.261 [main] INFO api.SurveyPointsApi - All values for field 'Filtered points' are valid for Member ID: 153
18:03:53.270 [main] INFO api.SurveyPointsApi - All values for field 'Filtered points' are valid for Member ID: 154
18:03:53.287 [main] INFO api.SurveyPointsApi - All values for field 'Filtered points' are valid for Member ID: 155
18:03:53.295 [main] INFO api.SurveyPointsApi - All values for field 'Filtered points' are valid for Member ID: 156
18:03:53.305 [main] INFO api.SurveyPointsApi - All values for field 'Filtered points' are valid for Member ID: 157
18:03:53.324 [main] INFO api.SurveyPointsApi - All values for field 'Filtered points' are valid for Member ID: 158
18:03:53.334 [main] INFO api.SurveyPointsApi - All values for field 'Filtered points' are valid for Member ID: 159
18:03:53.341 [main] INFO api.SurveyPointsApi - All values for field 'Filtered points' are valid for Member ID: 160
18:03:53.347 [main] INFO api.SurveyPointsApi - All values for field 'Filtered points' are valid for Member ID: 161
18:03:53.354 [main] INFO api.SurveyPointsApi - All values for field 'Filtered points' are valid for Member ID: 162
18:03:53.362 [main] INFO api.SurveyPointsApi - All values for field 'Filtered points' are valid for Member ID: 163
18:03:53.370 [main] INFO api.SurveyPointsApi - All values for field 'Filtered points' are valid for Member ID: 164
18:03:53.378 [main] INFO api.SurveyPointsApi - All values for field 'Filtered points' are valid for Member ID: 165
18:03:53.386 [main] INFO api.SurveyPointsApi - All values for field 'Filtered points' are valid for Member ID: 166
18:03:53.400 [main] INFO api.SurveyPointsApi - All values for field 'Filtered points' are valid for Member ID: 167
18:03:53.411 [main] INFO api.SurveyPointsApi - All values for field 'Filtered points' are valid for Member ID: 168
18:03:53.421 [main] INFO api.SurveyPointsApi - All values for field 'Filtered points' are valid for Member ID: 169
18:03:53.429 [main] INFO api.SurveyPointsApi - All values for field 'Filtered points' are valid for Member ID: 170
18:03:53.437 [main] INFO api.SurveyPointsApi - All values for field 'Filtered points' are valid for Member ID: 171
18:03:53.444 [main] INFO api.SurveyPointsApi - All values for field 'Filtered points' are valid for Member ID: 172
18:03:53.451 [main] INFO api.SurveyPointsApi - All values for field 'Filtered points' are valid for Member ID: 173
18:03:53.459 [main] INFO api.SurveyPointsApi - All values for field 'Filtered points' are valid for Member ID: 174
18:03:53.468 [main] INFO api.SurveyPointsApi - All values for field 'Filtered points' are valid for Member ID: 175
18:03:53.477 [main] INFO api.SurveyPointsApi - All values for field 'Filtered points' are valid for Member ID: 176
18:03:53.486 [main] INFO api.SurveyPointsApi - All values for field 'Filtered points' are valid for Member ID: 177
18:03:53.494 [main] INFO api.SurveyPointsApi - All values for field 'Filtered points' are valid for Member ID: 178
18:03:53.501 [main] INFO api.SurveyPointsApi - All values for field 'Filtered points' are valid for Member ID: 179
18:03:53.510 [main] INFO api.SurveyPointsApi - All values for field 'Filtered points' are valid for Member ID: 180
18:03:53.517 [main] INFO api.SurveyPointsApi - All values for field 'Filtered points' are valid for Member ID: 181
18:03:53.527 [main] INFO api.SurveyPointsApi - All values for field 'Filtered points' are valid for Member ID: 182
18:03:53.537 [main] INFO api.SurveyPointsApi - All values for field 'Filtered points' are valid for Member ID: 183
18:03:53.547 [main] INFO api.SurveyPointsApi - All values for field 'Filtered points' are valid for Member ID: 184
18:03:53.557 [main] INFO api.SurveyPointsApi - All values for field 'Filtered points' are valid for Member ID: 185
18:03:53.568 [main] INFO api.SurveyPointsApi - All values for field 'Filtered points' are valid for Member ID: 186
18:03:53.578 [main] INFO api.SurveyPointsApi - All values for field 'Filtered points' are valid for Member ID: 187
18:03:53.588 [main] INFO api.SurveyPointsApi - All values for field 'Filtered points' are valid for Member ID: 188
18:03:53.599 [main] INFO api.SurveyPointsApi - All values for field 'Filtered points' are valid for Member ID: 189
18:03:53.609 [main] INFO api.SurveyPointsApi - All values for field 'Filtered points' are valid for Member ID: 190
18:03:53.622 [main] INFO api.SurveyPointsApi - All values for field 'Filtered points' are valid for Member ID: 191
18:03:53.632 [main] INFO api.SurveyPointsApi - All values for field 'Filtered points' are valid for Member ID: 192
18:03:53.643 [main] INFO api.SurveyPointsApi - All values for field 'Filtered points' are valid for Member ID: 193
18:03:53.653 [main] INFO api.SurveyPointsApi - All values for field 'Filtered points' are valid for Member ID: 194
18:03:53.662 [main] INFO api.SurveyPointsApi - All values for field 'Filtered points' are valid for Member ID: 195
18:03:53.671 [main] INFO api.SurveyPointsApi - All values for field 'Filtered points' are valid for Member ID: 196
18:03:53.681 [main] INFO api.SurveyPointsApi - All values for field 'Filtered points' are valid for Member ID: 197
18:03:53.690 [main] INFO api.SurveyPointsApi - All values for field 'Filtered points' are valid for Member ID: 198
18:03:53.701 [main] INFO api.SurveyPointsApi - All values for field 'Filtered points' are valid for Member ID: 199
18:03:53.712 [main] INFO api.SurveyPointsApi - All values for field 'Filtered points' are valid for Member ID: 200
18:03:53.722 [main] INFO api.SurveyPointsApi - All values for field 'Filtered points' are valid for Member ID: 201
18:03:53.734 [main] INFO api.SurveyPointsApi - All values for field 'Filtered points' are valid for Member ID: 202
18:03:53.743 [main] INFO api.SurveyPointsApi - All values for field 'Filtered points' are valid for Member ID: 203
18:03:53.751 [main] INFO api.SurveyPointsApi - All values for field 'Filtered points' are valid for Member ID: 204
18:03:53.758 [main] INFO api.SurveyPointsApi - All values for field 'Filtered points' are valid for Member ID: 205
18:03:53.769 [main] INFO api.SurveyPointsApi - All values for field 'Filtered points' are valid for Member ID: 206
18:03:53.778 [main] INFO api.SurveyPointsApi - All values for field 'Filtered points' are valid for Member ID: 207
18:03:53.786 [main] INFO api.SurveyPointsApi - All values for field 'Filtered points' are valid for Member ID: 208
18:03:53.795 [main] INFO api.SurveyPointsApi - All values for field 'Filtered points' are valid for Member ID: 209
18:03:53.804 [main] INFO api.SurveyPointsApi - All values for field 'Filtered points' are valid for Member ID: 210
18:03:53.813 [main] INFO api.SurveyPointsApi - All values for field 'Filtered points' are valid for Member ID: 211
18:03:53.823 [main] INFO api.SurveyPointsApi - All values for field 'Filtered points' are valid for Member ID: 212
18:03:53.831 [main] INFO api.SurveyPointsApi - All values for field 'Filtered points' are valid for Member ID: 213
18:03:53.840 [main] INFO api.SurveyPointsApi - All values for field 'Filtered points' are valid for Member ID: 214
18:03:53.850 [main] INFO api.SurveyPointsApi - All values for field 'Filtered points' are valid for Member ID: 215
18:03:53.860 [main] INFO api.SurveyPointsApi - All values for field 'Filtered points' are valid for Member ID: 216
18:03:53.871 [main] INFO api.SurveyPointsApi - All values for field 'Filtered points' are valid for Member ID: 217
18:03:53.880 [main] INFO api.SurveyPointsApi - All values for field 'Filtered points' are valid for Member ID: 218
18:03:53.887 [main] INFO api.SurveyPointsApi - All values for field 'Filtered points' are valid for Member ID: 219
18:03:53.895 [main] INFO api.SurveyPointsApi - All values for field 'Filtered points' are valid for Member ID: 220
18:03:53.902 [main] INFO api.SurveyPointsApi - All values for field 'Filtered points' are valid for Member ID: 221
18:03:53.918 [main] INFO api.SurveyPointsApi - All values for field 'Filtered points' are valid for Member ID: 222
18:03:53.929 [main] INFO api.SurveyPointsApi - All values for field 'Filtered points' are valid for Member ID: 223
18:03:53.937 [main] INFO api.SurveyPointsApi - All values for field 'Filtered points' are valid for Member ID: 224
18:03:53.947 [main] INFO api.SurveyPointsApi - All values for field 'Filtered points' are valid for Member ID: 225
18:03:53.959 [main] INFO api.SurveyPointsApi - All values for field 'Filtered points' are valid for Member ID: 226
18:03:53.970 [main] INFO api.SurveyPointsApi - All values for field 'Filtered points' are valid for Member ID: 227
18:03:53.982 [main] INFO api.SurveyPointsApi - All values for field 'Filtered points' are valid for Member ID: 228
18:03:53.991 [main] INFO api.SurveyPointsApi - All values for field 'Filtered points' are valid for Member ID: 229
18:03:54.002 [main] INFO api.SurveyPointsApi - All values for field 'Filtered points' are valid for Member ID: 230
18:03:54.010 [main] INFO api.SurveyPointsApi - All values for field 'Filtered points' are valid for Member ID: 231
18:03:54.019 [main] INFO api.SurveyPointsApi - All values for field 'Filtered points' are valid for Member ID: 232
18:03:54.026 [main] INFO api.SurveyPointsApi - All values for field 'Filtered points' are valid for Member ID: 233
18:03:54.034 [main] INFO api.SurveyPointsApi - All values for field 'Filtered points' are valid for Member ID: 234
18:03:54.041 [main] INFO api.SurveyPointsApi - All values for field 'Filtered points' are valid for Member ID: 235
18:03:54.047 [main] INFO api.SurveyPointsApi - All values for field 'Filtered points' are valid for Member ID: 236
18:03:54.054 [main] INFO api.SurveyPointsApi - All values for field 'Filtered points' are valid for Member ID: 237
18:03:54.061 [main] INFO api.SurveyPointsApi - All values for field 'Filtered points' are valid for Member ID: 238
18:03:54.070 [main] INFO api.SurveyPointsApi - All values for field 'Filtered points' are valid for Member ID: 239
18:03:54.080 [main] INFO api.SurveyPointsApi - All values for field 'Filtered points' are valid for Member ID: 240
18:03:54.093 [main] INFO api.SurveyPointsApi - All values for field 'Filtered points' are valid for Member ID: 241
18:03:54.106 [main] INFO api.SurveyPointsApi - All values for field 'Filtered points' are valid for Member ID: 242
18:03:54.118 [main] INFO api.SurveyPointsApi - All values for field 'Filtered points' are valid for Member ID: 243
18:03:54.132 [main] INFO api.SurveyPointsApi - All values for field 'Filtered points' are valid for Member ID: 244
18:03:54.143 [main] INFO api.SurveyPointsApi - All values for field 'Filtered points' are valid for Member ID: 245
18:03:54.152 [main] INFO api.SurveyPointsApi - All values for field 'Filtered points' are valid for Member ID: 246
18:03:54.160 [main] INFO api.SurveyPointsApi - All values for field 'Filtered points' are valid for Member ID: 247
18:03:54.168 [main] INFO api.SurveyPointsApi - All values for field 'Filtered points' are valid for Member ID: 248
18:03:54.176 [main] INFO api.SurveyPointsApi - All values for field 'Filtered points' are valid for Member ID: 249
18:03:54.182 [main] INFO api.SurveyPointsApi - All values for field 'Filtered points' are valid for Member ID: 250
18:03:54.188 [main] INFO api.SurveyPointsApi - All values for field 'Filtered points' are valid for Member ID: 251
18:03:54.199 [main] INFO api.SurveyPointsApi - All values for field 'Filtered points' are valid for Member ID: 252
18:03:54.209 [main] INFO api.SurveyPointsApi - All values for field 'Filtered points' are valid for Member ID: 253
18:03:54.220 [main] INFO api.SurveyPointsApi - All values for field 'Filtered points' are valid for Member ID: 254
18:03:54.235 [main] INFO api.SurveyPointsApi - All values for field 'Filtered points' are valid for Member ID: 255
18:03:54.248 [main] INFO api.SurveyPointsApi - All values for field 'Filtered points' are valid for Member ID: 256
18:03:54.256 [main] INFO api.SurveyPointsApi - All values for field 'Filtered points' are valid for Member ID: 257
18:03:54.267 [main] INFO api.SurveyPointsApi - All values for field 'Filtered points' are valid for Member ID: 258
18:03:54.276 [main] INFO api.SurveyPointsApi - All values for field 'Filtered points' are valid for Member ID: 259
18:03:54.300 [main] INFO api.SurveyPointsApi - All values for field 'Filtered points' are valid for Member ID: 260
18:03:54.312 [main] INFO api.SurveyPointsApi - All values for field 'Filtered points' are valid for Member ID: 261
18:03:54.321 [main] INFO api.SurveyPointsApi - All values for field 'Filtered points' are valid for Member ID: 262
18:03:54.329 [main] INFO api.SurveyPointsApi - All values for field 'Filtered points' are valid for Member ID: 263
18:03:54.339 [main] INFO api.SurveyPointsApi - All values for field 'Filtered points' are valid for Member ID: 264
18:03:54.346 [main] INFO api.SurveyPointsApi - All values for field 'Filtered points' are valid for Member ID: 265
18:03:54.354 [main] INFO api.SurveyPointsApi - All values for field 'Filtered points' are valid for Member ID: 266
18:03:54.365 [main] INFO api.SurveyPointsApi - All values for field 'Filtered points' are valid for Member ID: 267
18:03:54.381 [main] INFO api.SurveyPointsApi - All values for field 'Filtered points' are valid for Member ID: 268
18:03:54.393 [main] INFO api.SurveyPointsApi - All values for field 'Filtered points' are valid for Member ID: 269
18:03:54.404 [main] INFO api.SurveyPointsApi - All values for field 'Filtered points' are valid for Member ID: 270
18:03:54.415 [main] INFO api.SurveyPointsApi - All values for field 'Filtered points' are valid for Member ID: 271
18:03:54.423 [main] INFO api.SurveyPointsApi - All values for field 'Filtered points' are valid for Member ID: 272
18:03:54.431 [main] INFO api.SurveyPointsApi - All values for field 'Filtered points' are valid for Member ID: 273
18:03:54.439 [main] INFO api.SurveyPointsApi - All values for field 'Filtered points' are valid for Member ID: 274
18:03:54.448 [main] INFO api.SurveyPointsApi - All values for field 'Filtered points' are valid for Member ID: 275
18:03:54.455 [main] INFO api.SurveyPointsApi - All values for field 'Filtered points' are valid for Member ID: 276
18:03:54.465 [main] INFO api.SurveyPointsApi - All values for field 'Filtered points' are valid for Member ID: 277
18:03:54.475 [main] INFO api.SurveyPointsApi - All values for field 'Filtered points' are valid for Member ID: 278
18:03:54.483 [main] INFO api.SurveyPointsApi - All values for field 'Filtered points' are valid for Member ID: 279
18:03:54.491 [main] INFO api.SurveyPointsApi - All values for field 'Filtered points' are valid for Member ID: 280
18:03:54.502 [main] INFO api.SurveyPointsApi - All values for field 'Filtered points' are valid for Member ID: 281
18:03:54.514 [main] INFO api.SurveyPointsApi - All values for field 'Filtered points' are valid for Member ID: 282
18:03:54.522 [main] INFO api.SurveyPointsApi - All values for field 'Filtered points' are valid for Member ID: 283
18:03:54.530 [main] INFO api.SurveyPointsApi - All values for field 'Filtered points' are valid for Member ID: 284
18:03:54.537 [main] INFO api.SurveyPointsApi - All values for field 'Filtered points' are valid for Member ID: 285
18:03:54.551 [main] INFO api.SurveyPointsApi - All values for field 'Filtered points' are valid for Member ID: 286
18:03:54.558 [main] INFO api.SurveyPointsApi - All values for field 'Filtered points' are valid for Member ID: 287
18:03:54.565 [main] INFO api.SurveyPointsApi - All values for field 'Filtered points' are valid for Member ID: 288
18:03:54.573 [main] INFO api.SurveyPointsApi - All values for field 'Filtered points' are valid for Member ID: 289
18:03:54.579 [main] INFO api.SurveyPointsApi - All values for field 'Filtered points' are valid for Member ID: 290
18:03:54.585 [main] INFO api.SurveyPointsApi - All values for field 'Filtered points' are valid for Member ID: 291
18:03:54.594 [main] INFO api.SurveyPointsApi - All values for field 'Filtered points' are valid for Member ID: 292
18:03:54.602 [main] INFO api.SurveyPointsApi - All values for field 'Filtered points' are valid for Member ID: 293
18:03:54.610 [main] INFO api.SurveyPointsApi - All values for field 'Filtered points' are valid for Member ID: 294
18:03:54.619 [main] INFO api.SurveyPointsApi - All values for field 'Filtered points' are valid for Member ID: 295
18:03:54.626 [main] INFO api.SurveyPointsApi - All values for field 'Filtered points' are valid for Member ID: 296
18:03:54.634 [main] INFO api.SurveyPointsApi - All values for field 'Filtered points' are valid for Member ID: 297
18:03:54.640 [main] INFO api.SurveyPointsApi - All values for field 'Filtered points' are valid for Member ID: 298
18:03:54.646 [main] INFO api.SurveyPointsApi - All values for field 'Filtered points' are valid for Member ID: 299
18:03:54.654 [main] INFO api.SurveyPointsApi - All values for field 'Filtered points' are valid for Member ID: 300
]]></system-out>
  </testcase>
  <testcase name="testSurveyNames" classname="tests.integration.SurveyPointsTest" time="2.656">
    <system-out><![CDATA[18:03:54.657 [main] INFO api.SurveyPointsApi - Starting validation for status: Name
18:03:54.669 [main] INFO api.SurveyPointsApi - All values for field 'Name' are valid for Member ID: 1
18:03:54.679 [main] INFO api.SurveyPointsApi - All values for field 'Name' are valid for Member ID: 2
18:03:54.689 [main] INFO api.SurveyPointsApi - All values for field 'Name' are valid for Member ID: 3
18:03:54.701 [main] INFO api.SurveyPointsApi - All values for field 'Name' are valid for Member ID: 4
18:03:54.712 [main] INFO api.SurveyPointsApi - All values for field 'Name' are valid for Member ID: 5
18:03:54.721 [main] INFO api.SurveyPointsApi - All values for field 'Name' are valid for Member ID: 6
18:03:54.728 [main] INFO api.SurveyPointsApi - All values for field 'Name' are valid for Member ID: 7
18:03:54.736 [main] INFO api.SurveyPointsApi - All values for field 'Name' are valid for Member ID: 8
18:03:54.743 [main] INFO api.SurveyPointsApi - All values for field 'Name' are valid for Member ID: 9
18:03:54.750 [main] INFO api.SurveyPointsApi - All values for field 'Name' are valid for Member ID: 10
18:03:54.755 [main] INFO api.SurveyPointsApi - All values for field 'Name' are valid for Member ID: 11
18:03:54.761 [main] INFO api.SurveyPointsApi - All values for field 'Name' are valid for Member ID: 12
18:03:54.769 [main] INFO api.SurveyPointsApi - All values for field 'Name' are valid for Member ID: 13
18:03:54.776 [main] INFO api.SurveyPointsApi - All values for field 'Name' are valid for Member ID: 14
18:03:54.786 [main] INFO api.SurveyPointsApi - All values for field 'Name' are valid for Member ID: 15
18:03:54.796 [main] INFO api.SurveyPointsApi - All values for field 'Name' are valid for Member ID: 16
18:03:54.805 [main] INFO api.SurveyPointsApi - All values for field 'Name' are valid for Member ID: 17
18:03:54.812 [main] INFO api.SurveyPointsApi - All values for field 'Name' are valid for Member ID: 18
18:03:54.820 [main] INFO api.SurveyPointsApi - All values for field 'Name' are valid for Member ID: 19
18:03:54.827 [main] INFO api.SurveyPointsApi - All values for field 'Name' are valid for Member ID: 20
18:03:54.835 [main] INFO api.SurveyPointsApi - All values for field 'Name' are valid for Member ID: 21
18:03:54.844 [main] INFO api.SurveyPointsApi - All values for field 'Name' are valid for Member ID: 22
18:03:54.852 [main] INFO api.SurveyPointsApi - All values for field 'Name' are valid for Member ID: 23
18:03:54.862 [main] INFO api.SurveyPointsApi - All values for field 'Name' are valid for Member ID: 24
18:03:54.872 [main] INFO api.SurveyPointsApi - All values for field 'Name' are valid for Member ID: 25
18:03:54.879 [main] INFO api.SurveyPointsApi - All values for field 'Name' are valid for Member ID: 26
18:03:54.884 [main] INFO api.SurveyPointsApi - All values for field 'Name' are valid for Member ID: 27
18:03:54.890 [main] INFO api.SurveyPointsApi - All values for field 'Name' are valid for Member ID: 28
18:03:54.900 [main] INFO api.SurveyPointsApi - All values for field 'Name' are valid for Member ID: 29
18:03:54.909 [main] INFO api.SurveyPointsApi - All values for field 'Name' are valid for Member ID: 30
18:03:54.916 [main] INFO api.SurveyPointsApi - All values for field 'Name' are valid for Member ID: 31
18:03:54.924 [main] INFO api.SurveyPointsApi - All values for field 'Name' are valid for Member ID: 32
18:03:54.932 [main] INFO api.SurveyPointsApi - All values for field 'Name' are valid for Member ID: 33
18:03:54.938 [main] INFO api.SurveyPointsApi - All values for field 'Name' are valid for Member ID: 34
18:03:54.944 [main] INFO api.SurveyPointsApi - All values for field 'Name' are valid for Member ID: 35
18:03:54.949 [main] INFO api.SurveyPointsApi - All values for field 'Name' are valid for Member ID: 36
18:03:54.953 [main] INFO api.SurveyPointsApi - All values for field 'Name' are valid for Member ID: 37
18:03:54.959 [main] INFO api.SurveyPointsApi - All values for field 'Name' are valid for Member ID: 38
18:03:54.967 [main] INFO api.SurveyPointsApi - All values for field 'Name' are valid for Member ID: 39
18:03:54.975 [main] INFO api.SurveyPointsApi - All values for field 'Name' are valid for Member ID: 40
18:03:54.983 [main] INFO api.SurveyPointsApi - All values for field 'Name' are valid for Member ID: 41
18:03:54.994 [main] INFO api.SurveyPointsApi - All values for field 'Name' are valid for Member ID: 42
18:03:55.003 [main] INFO api.SurveyPointsApi - All values for field 'Name' are valid for Member ID: 43
18:03:55.011 [main] INFO api.SurveyPointsApi - All values for field 'Name' are valid for Member ID: 44
18:03:55.021 [main] INFO api.SurveyPointsApi - All values for field 'Name' are valid for Member ID: 45
18:03:55.030 [main] INFO api.SurveyPointsApi - All values for field 'Name' are valid for Member ID: 46
18:03:55.038 [main] INFO api.SurveyPointsApi - All values for field 'Name' are valid for Member ID: 47
18:03:55.043 [main] INFO api.SurveyPointsApi - All values for field 'Name' are valid for Member ID: 48
18:03:55.049 [main] INFO api.SurveyPointsApi - All values for field 'Name' are valid for Member ID: 49
18:03:55.059 [main] INFO api.SurveyPointsApi - All values for field 'Name' are valid for Member ID: 50
18:03:55.067 [main] INFO api.SurveyPointsApi - All values for field 'Name' are valid for Member ID: 51
18:03:55.074 [main] INFO api.SurveyPointsApi - All values for field 'Name' are valid for Member ID: 52
18:03:55.080 [main] INFO api.SurveyPointsApi - All values for field 'Name' are valid for Member ID: 53
18:03:55.088 [main] INFO api.SurveyPointsApi - All values for field 'Name' are valid for Member ID: 54
18:03:55.097 [main] INFO api.SurveyPointsApi - All values for field 'Name' are valid for Member ID: 55
18:03:55.106 [main] INFO api.SurveyPointsApi - All values for field 'Name' are valid for Member ID: 56
18:03:55.114 [main] INFO api.SurveyPointsApi - All values for field 'Name' are valid for Member ID: 57
18:03:55.122 [main] INFO api.SurveyPointsApi - All values for field 'Name' are valid for Member ID: 58
18:03:55.129 [main] INFO api.SurveyPointsApi - All values for field 'Name' are valid for Member ID: 59
18:03:55.135 [main] INFO api.SurveyPointsApi - All values for field 'Name' are valid for Member ID: 60
18:03:55.139 [main] INFO api.SurveyPointsApi - All values for field 'Name' are valid for Member ID: 61
18:03:55.144 [main] INFO api.SurveyPointsApi - All values for field 'Name' are valid for Member ID: 62
18:03:55.150 [main] INFO api.SurveyPointsApi - All values for field 'Name' are valid for Member ID: 63
18:03:55.156 [main] INFO api.SurveyPointsApi - All values for field 'Name' are valid for Member ID: 64
18:03:55.163 [main] INFO api.SurveyPointsApi - All values for field 'Name' are valid for Member ID: 65
18:03:55.170 [main] INFO api.SurveyPointsApi - All values for field 'Name' are valid for Member ID: 66
18:03:55.176 [main] INFO api.SurveyPointsApi - All values for field 'Name' are valid for Member ID: 67
18:03:55.182 [main] INFO api.SurveyPointsApi - All values for field 'Name' are valid for Member ID: 68
18:03:55.188 [main] INFO api.SurveyPointsApi - All values for field 'Name' are valid for Member ID: 69
18:03:55.196 [main] INFO api.SurveyPointsApi - All values for field 'Name' are valid for Member ID: 70
18:03:55.204 [main] INFO api.SurveyPointsApi - All values for field 'Name' are valid for Member ID: 71
18:03:55.212 [main] INFO api.SurveyPointsApi - All values for field 'Name' are valid for Member ID: 72
18:03:55.221 [main] INFO api.SurveyPointsApi - All values for field 'Name' are valid for Member ID: 73
18:03:55.228 [main] INFO api.SurveyPointsApi - All values for field 'Name' are valid for Member ID: 74
18:03:55.235 [main] INFO api.SurveyPointsApi - All values for field 'Name' are valid for Member ID: 75
18:03:55.242 [main] INFO api.SurveyPointsApi - All values for field 'Name' are valid for Member ID: 76
18:03:55.270 [main] INFO api.SurveyPointsApi - All values for field 'Name' are valid for Member ID: 77
18:03:55.278 [main] INFO api.SurveyPointsApi - All values for field 'Name' are valid for Member ID: 78
18:03:55.285 [main] INFO api.SurveyPointsApi - All values for field 'Name' are valid for Member ID: 79
18:03:55.292 [main] INFO api.SurveyPointsApi - All values for field 'Name' are valid for Member ID: 80
18:03:55.298 [main] INFO api.SurveyPointsApi - All values for field 'Name' are valid for Member ID: 81
18:03:55.304 [main] INFO api.SurveyPointsApi - All values for field 'Name' are valid for Member ID: 82
18:03:55.311 [main] INFO api.SurveyPointsApi - All values for field 'Name' are valid for Member ID: 83
18:03:55.316 [main] INFO api.SurveyPointsApi - All values for field 'Name' are valid for Member ID: 84
18:03:55.320 [main] INFO api.SurveyPointsApi - All values for field 'Name' are valid for Member ID: 85
18:03:55.325 [main] INFO api.SurveyPointsApi - All values for field 'Name' are valid for Member ID: 86
18:03:55.330 [main] INFO api.SurveyPointsApi - All values for field 'Name' are valid for Member ID: 87
18:03:55.335 [main] INFO api.SurveyPointsApi - All values for field 'Name' are valid for Member ID: 88
18:03:55.339 [main] INFO api.SurveyPointsApi - All values for field 'Name' are valid for Member ID: 89
18:03:55.343 [main] INFO api.SurveyPointsApi - All values for field 'Name' are valid for Member ID: 90
18:03:55.348 [main] INFO api.SurveyPointsApi - All values for field 'Name' are valid for Member ID: 91
18:03:55.354 [main] INFO api.SurveyPointsApi - All values for field 'Name' are valid for Member ID: 92
18:03:55.374 [main] INFO api.SurveyPointsApi - All values for field 'Name' are valid for Member ID: 93
18:03:55.384 [main] INFO api.SurveyPointsApi - All values for field 'Name' are valid for Member ID: 94
18:03:55.400 [main] INFO api.SurveyPointsApi - All values for field 'Name' are valid for Member ID: 95
18:03:55.417 [main] INFO api.SurveyPointsApi - All values for field 'Name' are valid for Member ID: 96
18:03:55.428 [main] INFO api.SurveyPointsApi - All values for field 'Name' are valid for Member ID: 97
18:03:55.437 [main] INFO api.SurveyPointsApi - All values for field 'Name' are valid for Member ID: 98
18:03:55.478 [main] INFO api.SurveyPointsApi - All values for field 'Name' are valid for Member ID: 99
18:03:55.490 [main] INFO api.SurveyPointsApi - All values for field 'Name' are valid for Member ID: 100
18:03:55.500 [main] INFO api.SurveyPointsApi - All values for field 'Name' are valid for Member ID: 101
18:03:55.510 [main] INFO api.SurveyPointsApi - All values for field 'Name' are valid for Member ID: 102
18:03:55.522 [main] INFO api.SurveyPointsApi - All values for field 'Name' are valid for Member ID: 103
18:03:55.534 [main] INFO api.SurveyPointsApi - All values for field 'Name' are valid for Member ID: 104
18:03:55.541 [main] INFO api.SurveyPointsApi - All values for field 'Name' are valid for Member ID: 105
18:03:55.548 [main] INFO api.SurveyPointsApi - All values for field 'Name' are valid for Member ID: 106
18:03:55.557 [main] INFO api.SurveyPointsApi - All values for field 'Name' are valid for Member ID: 107
18:03:55.565 [main] INFO api.SurveyPointsApi - All values for field 'Name' are valid for Member ID: 108
18:03:55.574 [main] INFO api.SurveyPointsApi - All values for field 'Name' are valid for Member ID: 109
18:03:55.582 [main] INFO api.SurveyPointsApi - All values for field 'Name' are valid for Member ID: 110
18:03:55.589 [main] INFO api.SurveyPointsApi - All values for field 'Name' are valid for Member ID: 111
18:03:55.595 [main] INFO api.SurveyPointsApi - All values for field 'Name' are valid for Member ID: 112
18:03:55.604 [main] INFO api.SurveyPointsApi - All values for field 'Name' are valid for Member ID: 113
18:03:55.621 [main] INFO api.SurveyPointsApi - All values for field 'Name' are valid for Member ID: 114
18:03:55.630 [main] INFO api.SurveyPointsApi - All values for field 'Name' are valid for Member ID: 115
18:03:55.637 [main] INFO api.SurveyPointsApi - All values for field 'Name' are valid for Member ID: 116
18:03:55.643 [main] INFO api.SurveyPointsApi - All values for field 'Name' are valid for Member ID: 117
18:03:55.648 [main] INFO api.SurveyPointsApi - All values for field 'Name' are valid for Member ID: 118
18:03:55.653 [main] INFO api.SurveyPointsApi - All values for field 'Name' are valid for Member ID: 119
18:03:55.659 [main] INFO api.SurveyPointsApi - All values for field 'Name' are valid for Member ID: 120
18:03:55.664 [main] INFO api.SurveyPointsApi - All values for field 'Name' are valid for Member ID: 121
18:03:55.671 [main] INFO api.SurveyPointsApi - All values for field 'Name' are valid for Member ID: 122
18:03:55.678 [main] INFO api.SurveyPointsApi - All values for field 'Name' are valid for Member ID: 123
18:03:55.685 [main] INFO api.SurveyPointsApi - All values for field 'Name' are valid for Member ID: 124
18:03:55.692 [main] INFO api.SurveyPointsApi - All values for field 'Name' are valid for Member ID: 125
18:03:55.702 [main] INFO api.SurveyPointsApi - All values for field 'Name' are valid for Member ID: 126
18:03:55.712 [main] INFO api.SurveyPointsApi - All values for field 'Name' are valid for Member ID: 127
18:03:55.721 [main] INFO api.SurveyPointsApi - All values for field 'Name' are valid for Member ID: 128
18:03:55.730 [main] INFO api.SurveyPointsApi - All values for field 'Name' are valid for Member ID: 129
18:03:55.739 [main] INFO api.SurveyPointsApi - All values for field 'Name' are valid for Member ID: 130
18:03:55.748 [main] INFO api.SurveyPointsApi - All values for field 'Name' are valid for Member ID: 131
18:03:55.757 [main] INFO api.SurveyPointsApi - All values for field 'Name' are valid for Member ID: 132
18:03:55.765 [main] INFO api.SurveyPointsApi - All values for field 'Name' are valid for Member ID: 133
18:03:55.774 [main] INFO api.SurveyPointsApi - All values for field 'Name' are valid for Member ID: 134
18:03:55.781 [main] INFO api.SurveyPointsApi - All values for field 'Name' are valid for Member ID: 135
18:03:55.787 [main] INFO api.SurveyPointsApi - All values for field 'Name' are valid for Member ID: 136
18:03:55.795 [main] INFO api.SurveyPointsApi - All values for field 'Name' are valid for Member ID: 137
18:03:55.804 [main] INFO api.SurveyPointsApi - All values for field 'Name' are valid for Member ID: 138
18:03:55.815 [main] INFO api.SurveyPointsApi - All values for field 'Name' are valid for Member ID: 139
18:03:55.827 [main] INFO api.SurveyPointsApi - All values for field 'Name' are valid for Member ID: 140
18:03:55.837 [main] INFO api.SurveyPointsApi - All values for field 'Name' are valid for Member ID: 141
18:03:55.845 [main] INFO api.SurveyPointsApi - All values for field 'Name' are valid for Member ID: 142
18:03:55.853 [main] INFO api.SurveyPointsApi - All values for field 'Name' are valid for Member ID: 143
18:03:55.864 [main] INFO api.SurveyPointsApi - All values for field 'Name' are valid for Member ID: 144
18:03:55.874 [main] INFO api.SurveyPointsApi - All values for field 'Name' are valid for Member ID: 145
18:03:55.886 [main] INFO api.SurveyPointsApi - All values for field 'Name' are valid for Member ID: 146
18:03:55.896 [main] INFO api.SurveyPointsApi - All values for field 'Name' are valid for Member ID: 147
18:03:55.906 [main] INFO api.SurveyPointsApi - All values for field 'Name' are valid for Member ID: 148
18:03:55.916 [main] INFO api.SurveyPointsApi - All values for field 'Name' are valid for Member ID: 149
18:03:55.925 [main] INFO api.SurveyPointsApi - All values for field 'Name' are valid for Member ID: 150
18:03:55.934 [main] INFO api.SurveyPointsApi - All values for field 'Name' are valid for Member ID: 151
18:03:55.942 [main] INFO api.SurveyPointsApi - All values for field 'Name' are valid for Member ID: 152
18:03:55.952 [main] INFO api.SurveyPointsApi - All values for field 'Name' are valid for Member ID: 153
18:03:55.961 [main] INFO api.SurveyPointsApi - All values for field 'Name' are valid for Member ID: 154
18:03:55.971 [main] INFO api.SurveyPointsApi - All values for field 'Name' are valid for Member ID: 155
18:03:55.979 [main] INFO api.SurveyPointsApi - All values for field 'Name' are valid for Member ID: 156
18:03:55.987 [main] INFO api.SurveyPointsApi - All values for field 'Name' are valid for Member ID: 157
18:03:55.998 [main] INFO api.SurveyPointsApi - All values for field 'Name' are valid for Member ID: 158
18:03:56.008 [main] INFO api.SurveyPointsApi - All values for field 'Name' are valid for Member ID: 159
18:03:56.019 [main] INFO api.SurveyPointsApi - All values for field 'Name' are valid for Member ID: 160
18:03:56.030 [main] INFO api.SurveyPointsApi - All values for field 'Name' are valid for Member ID: 161
18:03:56.039 [main] INFO api.SurveyPointsApi - All values for field 'Name' are valid for Member ID: 162
18:03:56.048 [main] INFO api.SurveyPointsApi - All values for field 'Name' are valid for Member ID: 163
18:03:56.058 [main] INFO api.SurveyPointsApi - All values for field 'Name' are valid for Member ID: 164
18:03:56.067 [main] INFO api.SurveyPointsApi - All values for field 'Name' are valid for Member ID: 165
18:03:56.075 [main] INFO api.SurveyPointsApi - All values for field 'Name' are valid for Member ID: 166
18:03:56.084 [main] INFO api.SurveyPointsApi - All values for field 'Name' are valid for Member ID: 167
18:03:56.094 [main] INFO api.SurveyPointsApi - All values for field 'Name' are valid for Member ID: 168
18:03:56.102 [main] INFO api.SurveyPointsApi - All values for field 'Name' are valid for Member ID: 169
18:03:56.111 [main] INFO api.SurveyPointsApi - All values for field 'Name' are valid for Member ID: 170
18:03:56.123 [main] INFO api.SurveyPointsApi - All values for field 'Name' are valid for Member ID: 171
18:03:56.135 [main] INFO api.SurveyPointsApi - All values for field 'Name' are valid for Member ID: 172
18:03:56.144 [main] INFO api.SurveyPointsApi - All values for field 'Name' are valid for Member ID: 173
18:03:56.153 [main] INFO api.SurveyPointsApi - All values for field 'Name' are valid for Member ID: 174
18:03:56.160 [main] INFO api.SurveyPointsApi - All values for field 'Name' are valid for Member ID: 175
18:03:56.170 [main] INFO api.SurveyPointsApi - All values for field 'Name' are valid for Member ID: 176
18:03:56.178 [main] INFO api.SurveyPointsApi - All values for field 'Name' are valid for Member ID: 177
18:03:56.194 [main] INFO api.SurveyPointsApi - All values for field 'Name' are valid for Member ID: 178
18:03:56.204 [main] INFO api.SurveyPointsApi - All values for field 'Name' are valid for Member ID: 179
18:03:56.215 [main] INFO api.SurveyPointsApi - All values for field 'Name' are valid for Member ID: 180
18:03:56.225 [main] INFO api.SurveyPointsApi - All values for field 'Name' are valid for Member ID: 181
18:03:56.237 [main] INFO api.SurveyPointsApi - All values for field 'Name' are valid for Member ID: 182
18:03:56.246 [main] INFO api.SurveyPointsApi - All values for field 'Name' are valid for Member ID: 183
18:03:56.255 [main] INFO api.SurveyPointsApi - All values for field 'Name' are valid for Member ID: 184
18:03:56.264 [main] INFO api.SurveyPointsApi - All values for field 'Name' are valid for Member ID: 185
18:03:56.272 [main] INFO api.SurveyPointsApi - All values for field 'Name' are valid for Member ID: 186
18:03:56.282 [main] INFO api.SurveyPointsApi - All values for field 'Name' are valid for Member ID: 187
18:03:56.291 [main] INFO api.SurveyPointsApi - All values for field 'Name' are valid for Member ID: 188
18:03:56.300 [main] INFO api.SurveyPointsApi - All values for field 'Name' are valid for Member ID: 189
18:03:56.310 [main] INFO api.SurveyPointsApi - All values for field 'Name' are valid for Member ID: 190
18:03:56.319 [main] INFO api.SurveyPointsApi - All values for field 'Name' are valid for Member ID: 191
18:03:56.329 [main] INFO api.SurveyPointsApi - All values for field 'Name' are valid for Member ID: 192
18:03:56.339 [main] INFO api.SurveyPointsApi - All values for field 'Name' are valid for Member ID: 193
18:03:56.349 [main] INFO api.SurveyPointsApi - All values for field 'Name' are valid for Member ID: 194
18:03:56.358 [main] INFO api.SurveyPointsApi - All values for field 'Name' are valid for Member ID: 195
18:03:56.368 [main] INFO api.SurveyPointsApi - All values for field 'Name' are valid for Member ID: 196
18:03:56.377 [main] INFO api.SurveyPointsApi - All values for field 'Name' are valid for Member ID: 197
18:03:56.388 [main] INFO api.SurveyPointsApi - All values for field 'Name' are valid for Member ID: 198
18:03:56.398 [main] INFO api.SurveyPointsApi - All values for field 'Name' are valid for Member ID: 199
18:03:56.408 [main] INFO api.SurveyPointsApi - All values for field 'Name' are valid for Member ID: 200
18:03:56.418 [main] INFO api.SurveyPointsApi - All values for field 'Name' are valid for Member ID: 201
18:03:56.428 [main] INFO api.SurveyPointsApi - All values for field 'Name' are valid for Member ID: 202
18:03:56.436 [main] INFO api.SurveyPointsApi - All values for field 'Name' are valid for Member ID: 203
18:03:56.445 [main] INFO api.SurveyPointsApi - All values for field 'Name' are valid for Member ID: 204
18:03:56.454 [main] INFO api.SurveyPointsApi - All values for field 'Name' are valid for Member ID: 205
18:03:56.463 [main] INFO api.SurveyPointsApi - All values for field 'Name' are valid for Member ID: 206
18:03:56.472 [main] INFO api.SurveyPointsApi - All values for field 'Name' are valid for Member ID: 207
18:03:56.479 [main] INFO api.SurveyPointsApi - All values for field 'Name' are valid for Member ID: 208
18:03:56.486 [main] INFO api.SurveyPointsApi - All values for field 'Name' are valid for Member ID: 209
18:03:56.496 [main] INFO api.SurveyPointsApi - All values for field 'Name' are valid for Member ID: 210
18:03:56.505 [main] INFO api.SurveyPointsApi - All values for field 'Name' are valid for Member ID: 211
18:03:56.512 [main] INFO api.SurveyPointsApi - All values for field 'Name' are valid for Member ID: 212
18:03:56.519 [main] INFO api.SurveyPointsApi - All values for field 'Name' are valid for Member ID: 213
18:03:56.526 [main] INFO api.SurveyPointsApi - All values for field 'Name' are valid for Member ID: 214
18:03:56.553 [main] INFO api.SurveyPointsApi - All values for field 'Name' are valid for Member ID: 215
18:03:56.590 [main] INFO api.SurveyPointsApi - All values for field 'Name' are valid for Member ID: 216
18:03:56.600 [main] INFO api.SurveyPointsApi - All values for field 'Name' are valid for Member ID: 217
18:03:56.610 [main] INFO api.SurveyPointsApi - All values for field 'Name' are valid for Member ID: 218
18:03:56.620 [main] INFO api.SurveyPointsApi - All values for field 'Name' are valid for Member ID: 219
18:03:56.630 [main] INFO api.SurveyPointsApi - All values for field 'Name' are valid for Member ID: 220
18:03:56.639 [main] INFO api.SurveyPointsApi - All values for field 'Name' are valid for Member ID: 221
18:03:56.648 [main] INFO api.SurveyPointsApi - All values for field 'Name' are valid for Member ID: 222
18:03:56.657 [main] INFO api.SurveyPointsApi - All values for field 'Name' are valid for Member ID: 223
18:03:56.667 [main] INFO api.SurveyPointsApi - All values for field 'Name' are valid for Member ID: 224
18:03:56.676 [main] INFO api.SurveyPointsApi - All values for field 'Name' are valid for Member ID: 225
18:03:56.685 [main] INFO api.SurveyPointsApi - All values for field 'Name' are valid for Member ID: 226
18:03:56.694 [main] INFO api.SurveyPointsApi - All values for field 'Name' are valid for Member ID: 227
18:03:56.705 [main] INFO api.SurveyPointsApi - All values for field 'Name' are valid for Member ID: 228
18:03:56.715 [main] INFO api.SurveyPointsApi - All values for field 'Name' are valid for Member ID: 229
18:03:56.724 [main] INFO api.SurveyPointsApi - All values for field 'Name' are valid for Member ID: 230
18:03:56.733 [main] INFO api.SurveyPointsApi - All values for field 'Name' are valid for Member ID: 231
18:03:56.742 [main] INFO api.SurveyPointsApi - All values for field 'Name' are valid for Member ID: 232
18:03:56.749 [main] INFO api.SurveyPointsApi - All values for field 'Name' are valid for Member ID: 233
18:03:56.758 [main] INFO api.SurveyPointsApi - All values for field 'Name' are valid for Member ID: 234
18:03:56.767 [main] INFO api.SurveyPointsApi - All values for field 'Name' are valid for Member ID: 235
18:03:56.775 [main] INFO api.SurveyPointsApi - All values for field 'Name' are valid for Member ID: 236
18:03:56.783 [main] INFO api.SurveyPointsApi - All values for field 'Name' are valid for Member ID: 237
18:03:56.792 [main] INFO api.SurveyPointsApi - All values for field 'Name' are valid for Member ID: 238
18:03:56.803 [main] INFO api.SurveyPointsApi - All values for field 'Name' are valid for Member ID: 239
18:03:56.812 [main] INFO api.SurveyPointsApi - All values for field 'Name' are valid for Member ID: 240
18:03:56.821 [main] INFO api.SurveyPointsApi - All values for field 'Name' are valid for Member ID: 241
18:03:56.837 [main] INFO api.SurveyPointsApi - All values for field 'Name' are valid for Member ID: 242
18:03:56.846 [main] INFO api.SurveyPointsApi - All values for field 'Name' are valid for Member ID: 243
18:03:56.857 [main] INFO api.SurveyPointsApi - All values for field 'Name' are valid for Member ID: 244
18:03:56.867 [main] INFO api.SurveyPointsApi - All values for field 'Name' are valid for Member ID: 245
18:03:56.877 [main] INFO api.SurveyPointsApi - All values for field 'Name' are valid for Member ID: 246
18:03:56.890 [main] INFO api.SurveyPointsApi - All values for field 'Name' are valid for Member ID: 247
18:03:56.902 [main] INFO api.SurveyPointsApi - All values for field 'Name' are valid for Member ID: 248
18:03:56.912 [main] INFO api.SurveyPointsApi - All values for field 'Name' are valid for Member ID: 249
18:03:56.922 [main] INFO api.SurveyPointsApi - All values for field 'Name' are valid for Member ID: 250
18:03:56.932 [main] INFO api.SurveyPointsApi - All values for field 'Name' are valid for Member ID: 251
18:03:56.941 [main] INFO api.SurveyPointsApi - All values for field 'Name' are valid for Member ID: 252
18:03:56.950 [main] INFO api.SurveyPointsApi - All values for field 'Name' are valid for Member ID: 253
18:03:56.959 [main] INFO api.SurveyPointsApi - All values for field 'Name' are valid for Member ID: 254
18:03:56.968 [main] INFO api.SurveyPointsApi - All values for field 'Name' are valid for Member ID: 255
18:03:56.978 [main] INFO api.SurveyPointsApi - All values for field 'Name' are valid for Member ID: 256
18:03:56.988 [main] INFO api.SurveyPointsApi - All values for field 'Name' are valid for Member ID: 257
18:03:56.999 [main] INFO api.SurveyPointsApi - All values for field 'Name' are valid for Member ID: 258
18:03:57.010 [main] INFO api.SurveyPointsApi - All values for field 'Name' are valid for Member ID: 259
18:03:57.019 [main] INFO api.SurveyPointsApi - All values for field 'Name' are valid for Member ID: 260
18:03:57.027 [main] INFO api.SurveyPointsApi - All values for field 'Name' are valid for Member ID: 261
18:03:57.035 [main] INFO api.SurveyPointsApi - All values for field 'Name' are valid for Member ID: 262
18:03:57.044 [main] INFO api.SurveyPointsApi - All values for field 'Name' are valid for Member ID: 263
18:03:57.052 [main] INFO api.SurveyPointsApi - All values for field 'Name' are valid for Member ID: 264
18:03:57.061 [main] INFO api.SurveyPointsApi - All values for field 'Name' are valid for Member ID: 265
18:03:57.070 [main] INFO api.SurveyPointsApi - All values for field 'Name' are valid for Member ID: 266
18:03:57.076 [main] INFO api.SurveyPointsApi - All values for field 'Name' are valid for Member ID: 267
18:03:57.081 [main] INFO api.SurveyPointsApi - All values for field 'Name' are valid for Member ID: 268
18:03:57.086 [main] INFO api.SurveyPointsApi - All values for field 'Name' are valid for Member ID: 269
18:03:57.092 [main] INFO api.SurveyPointsApi - All values for field 'Name' are valid for Member ID: 270
18:03:57.098 [main] INFO api.SurveyPointsApi - All values for field 'Name' are valid for Member ID: 271
18:03:57.104 [main] INFO api.SurveyPointsApi - All values for field 'Name' are valid for Member ID: 272
18:03:57.110 [main] INFO api.SurveyPointsApi - All values for field 'Name' are valid for Member ID: 273
18:03:57.118 [main] INFO api.SurveyPointsApi - All values for field 'Name' are valid for Member ID: 274
18:03:57.125 [main] INFO api.SurveyPointsApi - All values for field 'Name' are valid for Member ID: 275
18:03:57.133 [main] INFO api.SurveyPointsApi - All values for field 'Name' are valid for Member ID: 276
18:03:57.139 [main] INFO api.SurveyPointsApi - All values for field 'Name' are valid for Member ID: 277
18:03:57.145 [main] INFO api.SurveyPointsApi - All values for field 'Name' are valid for Member ID: 278
18:03:57.151 [main] INFO api.SurveyPointsApi - All values for field 'Name' are valid for Member ID: 279
18:03:57.156 [main] INFO api.SurveyPointsApi - All values for field 'Name' are valid for Member ID: 280
18:03:57.165 [main] INFO api.SurveyPointsApi - All values for field 'Name' are valid for Member ID: 281
18:03:57.172 [main] INFO api.SurveyPointsApi - All values for field 'Name' are valid for Member ID: 282
18:03:57.179 [main] INFO api.SurveyPointsApi - All values for field 'Name' are valid for Member ID: 283
18:03:57.188 [main] INFO api.SurveyPointsApi - All values for field 'Name' are valid for Member ID: 284
18:03:57.197 [main] INFO api.SurveyPointsApi - All values for field 'Name' are valid for Member ID: 285
18:03:57.208 [main] INFO api.SurveyPointsApi - All values for field 'Name' are valid for Member ID: 286
18:03:57.215 [main] INFO api.SurveyPointsApi - All values for field 'Name' are valid for Member ID: 287
18:03:57.222 [main] INFO api.SurveyPointsApi - All values for field 'Name' are valid for Member ID: 288
18:03:57.231 [main] INFO api.SurveyPointsApi - All values for field 'Name' are valid for Member ID: 289
18:03:57.239 [main] INFO api.SurveyPointsApi - All values for field 'Name' are valid for Member ID: 290
18:03:57.245 [main] INFO api.SurveyPointsApi - All values for field 'Name' are valid for Member ID: 291
18:03:57.252 [main] INFO api.SurveyPointsApi - All values for field 'Name' are valid for Member ID: 292
18:03:57.259 [main] INFO api.SurveyPointsApi - All values for field 'Name' are valid for Member ID: 293
18:03:57.265 [main] INFO api.SurveyPointsApi - All values for field 'Name' are valid for Member ID: 294
18:03:57.272 [main] INFO api.SurveyPointsApi - All values for field 'Name' are valid for Member ID: 295
18:03:57.279 [main] INFO api.SurveyPointsApi - All values for field 'Name' are valid for Member ID: 296
18:03:57.288 [main] INFO api.SurveyPointsApi - All values for field 'Name' are valid for Member ID: 297
18:03:57.295 [main] INFO api.SurveyPointsApi - All values for field 'Name' are valid for Member ID: 298
18:03:57.303 [main] INFO api.SurveyPointsApi - All values for field 'Name' are valid for Member ID: 299
18:03:57.311 [main] INFO api.SurveyPointsApi - All values for field 'Name' are valid for Member ID: 300
]]></system-out>
  </testcase>
  <testcase name="testSurveyCompletionPoints" classname="tests.integration.SurveyPointsTest" time="2.28">
    <system-out><![CDATA[18:03:57.314 [main] INFO api.SurveyPointsApi - Starting validation for status: Completion points
18:03:57.324 [main] INFO api.SurveyPointsApi - All values for field 'Completion points' are valid for Member ID: 1
18:03:57.332 [main] INFO api.SurveyPointsApi - All values for field 'Completion points' are valid for Member ID: 2
18:03:57.339 [main] INFO api.SurveyPointsApi - All values for field 'Completion points' are valid for Member ID: 3
18:03:57.345 [main] INFO api.SurveyPointsApi - All values for field 'Completion points' are valid for Member ID: 4
18:03:57.353 [main] INFO api.SurveyPointsApi - All values for field 'Completion points' are valid for Member ID: 5
18:03:57.368 [main] INFO api.SurveyPointsApi - All values for field 'Completion points' are valid for Member ID: 6
18:03:57.375 [main] INFO api.SurveyPointsApi - All values for field 'Completion points' are valid for Member ID: 7
18:03:57.382 [main] INFO api.SurveyPointsApi - All values for field 'Completion points' are valid for Member ID: 8
18:03:57.389 [main] INFO api.SurveyPointsApi - All values for field 'Completion points' are valid for Member ID: 9
18:03:57.396 [main] INFO api.SurveyPointsApi - All values for field 'Completion points' are valid for Member ID: 10
18:03:57.408 [main] INFO api.SurveyPointsApi - All values for field 'Completion points' are valid for Member ID: 11
18:03:57.417 [main] INFO api.SurveyPointsApi - All values for field 'Completion points' are valid for Member ID: 12
18:03:57.426 [main] INFO api.SurveyPointsApi - All values for field 'Completion points' are valid for Member ID: 13
18:03:57.434 [main] INFO api.SurveyPointsApi - All values for field 'Completion points' are valid for Member ID: 14
18:03:57.442 [main] INFO api.SurveyPointsApi - All values for field 'Completion points' are valid for Member ID: 15
18:03:57.450 [main] INFO api.SurveyPointsApi - All values for field 'Completion points' are valid for Member ID: 16
18:03:57.456 [main] INFO api.SurveyPointsApi - All values for field 'Completion points' are valid for Member ID: 17
18:03:57.463 [main] INFO api.SurveyPointsApi - All values for field 'Completion points' are valid for Member ID: 18
18:03:57.470 [main] INFO api.SurveyPointsApi - All values for field 'Completion points' are valid for Member ID: 19
18:03:57.477 [main] INFO api.SurveyPointsApi - All values for field 'Completion points' are valid for Member ID: 20
18:03:57.485 [main] INFO api.SurveyPointsApi - All values for field 'Completion points' are valid for Member ID: 21
18:03:57.493 [main] INFO api.SurveyPointsApi - All values for field 'Completion points' are valid for Member ID: 22
18:03:57.501 [main] INFO api.SurveyPointsApi - All values for field 'Completion points' are valid for Member ID: 23
18:03:57.507 [main] INFO api.SurveyPointsApi - All values for field 'Completion points' are valid for Member ID: 24
18:03:57.514 [main] INFO api.SurveyPointsApi - All values for field 'Completion points' are valid for Member ID: 25
18:03:57.520 [main] INFO api.SurveyPointsApi - All values for field 'Completion points' are valid for Member ID: 26
18:03:57.527 [main] INFO api.SurveyPointsApi - All values for field 'Completion points' are valid for Member ID: 27
18:03:57.534 [main] INFO api.SurveyPointsApi - All values for field 'Completion points' are valid for Member ID: 28
18:03:57.539 [main] INFO api.SurveyPointsApi - All values for field 'Completion points' are valid for Member ID: 29
18:03:57.544 [main] INFO api.SurveyPointsApi - All values for field 'Completion points' are valid for Member ID: 30
18:03:57.551 [main] INFO api.SurveyPointsApi - All values for field 'Completion points' are valid for Member ID: 31
18:03:57.557 [main] INFO api.SurveyPointsApi - All values for field 'Completion points' are valid for Member ID: 32
18:03:57.565 [main] INFO api.SurveyPointsApi - All values for field 'Completion points' are valid for Member ID: 33
18:03:57.570 [main] INFO api.SurveyPointsApi - All values for field 'Completion points' are valid for Member ID: 34
18:03:57.574 [main] INFO api.SurveyPointsApi - All values for field 'Completion points' are valid for Member ID: 35
18:03:57.580 [main] INFO api.SurveyPointsApi - All values for field 'Completion points' are valid for Member ID: 36
18:03:57.587 [main] INFO api.SurveyPointsApi - All values for field 'Completion points' are valid for Member ID: 37
18:03:57.596 [main] INFO api.SurveyPointsApi - All values for field 'Completion points' are valid for Member ID: 38
18:03:57.602 [main] INFO api.SurveyPointsApi - All values for field 'Completion points' are valid for Member ID: 39
18:03:57.618 [main] INFO api.SurveyPointsApi - All values for field 'Completion points' are valid for Member ID: 40
18:03:57.628 [main] INFO api.SurveyPointsApi - All values for field 'Completion points' are valid for Member ID: 41
18:03:57.636 [main] INFO api.SurveyPointsApi - All values for field 'Completion points' are valid for Member ID: 42
18:03:57.643 [main] INFO api.SurveyPointsApi - All values for field 'Completion points' are valid for Member ID: 43
18:03:57.649 [main] INFO api.SurveyPointsApi - All values for field 'Completion points' are valid for Member ID: 44
18:03:57.654 [main] INFO api.SurveyPointsApi - All values for field 'Completion points' are valid for Member ID: 45
18:03:57.660 [main] INFO api.SurveyPointsApi - All values for field 'Completion points' are valid for Member ID: 46
18:03:57.667 [main] INFO api.SurveyPointsApi - All values for field 'Completion points' are valid for Member ID: 47
18:03:57.674 [main] INFO api.SurveyPointsApi - All values for field 'Completion points' are valid for Member ID: 48
18:03:57.681 [main] INFO api.SurveyPointsApi - All values for field 'Completion points' are valid for Member ID: 49
18:03:57.692 [main] INFO api.SurveyPointsApi - All values for field 'Completion points' are valid for Member ID: 50
18:03:57.704 [main] INFO api.SurveyPointsApi - All values for field 'Completion points' are valid for Member ID: 51
18:03:57.716 [main] INFO api.SurveyPointsApi - All values for field 'Completion points' are valid for Member ID: 52
18:03:57.726 [main] INFO api.SurveyPointsApi - All values for field 'Completion points' are valid for Member ID: 53
18:03:57.735 [main] INFO api.SurveyPointsApi - All values for field 'Completion points' are valid for Member ID: 54
18:03:57.742 [main] INFO api.SurveyPointsApi - All values for field 'Completion points' are valid for Member ID: 55
18:03:57.749 [main] INFO api.SurveyPointsApi - All values for field 'Completion points' are valid for Member ID: 56
18:03:57.755 [main] INFO api.SurveyPointsApi - All values for field 'Completion points' are valid for Member ID: 57
18:03:57.761 [main] INFO api.SurveyPointsApi - All values for field 'Completion points' are valid for Member ID: 58
18:03:57.767 [main] INFO api.SurveyPointsApi - All values for field 'Completion points' are valid for Member ID: 59
18:03:57.773 [main] INFO api.SurveyPointsApi - All values for field 'Completion points' are valid for Member ID: 60
18:03:57.778 [main] INFO api.SurveyPointsApi - All values for field 'Completion points' are valid for Member ID: 61
18:03:57.783 [main] INFO api.SurveyPointsApi - All values for field 'Completion points' are valid for Member ID: 62
18:03:57.788 [main] INFO api.SurveyPointsApi - All values for field 'Completion points' are valid for Member ID: 63
18:03:57.796 [main] INFO api.SurveyPointsApi - All values for field 'Completion points' are valid for Member ID: 64
18:03:57.806 [main] INFO api.SurveyPointsApi - All values for field 'Completion points' are valid for Member ID: 65
18:03:57.813 [main] INFO api.SurveyPointsApi - All values for field 'Completion points' are valid for Member ID: 66
18:03:57.820 [main] INFO api.SurveyPointsApi - All values for field 'Completion points' are valid for Member ID: 67
18:03:57.828 [main] INFO api.SurveyPointsApi - All values for field 'Completion points' are valid for Member ID: 68
18:03:57.838 [main] INFO api.SurveyPointsApi - All values for field 'Completion points' are valid for Member ID: 69
18:03:57.852 [main] INFO api.SurveyPointsApi - All values for field 'Completion points' are valid for Member ID: 70
18:03:57.865 [main] INFO api.SurveyPointsApi - All values for field 'Completion points' are valid for Member ID: 71
18:03:57.874 [main] INFO api.SurveyPointsApi - All values for field 'Completion points' are valid for Member ID: 72
18:03:57.883 [main] INFO api.SurveyPointsApi - All values for field 'Completion points' are valid for Member ID: 73
18:03:57.892 [main] INFO api.SurveyPointsApi - All values for field 'Completion points' are valid for Member ID: 74
18:03:57.903 [main] INFO api.SurveyPointsApi - All values for field 'Completion points' are valid for Member ID: 75
18:03:57.914 [main] INFO api.SurveyPointsApi - All values for field 'Completion points' are valid for Member ID: 76
18:03:57.924 [main] INFO api.SurveyPointsApi - All values for field 'Completion points' are valid for Member ID: 77
18:03:57.932 [main] INFO api.SurveyPointsApi - All values for field 'Completion points' are valid for Member ID: 78
18:03:57.942 [main] INFO api.SurveyPointsApi - All values for field 'Completion points' are valid for Member ID: 79
18:03:57.950 [main] INFO api.SurveyPointsApi - All values for field 'Completion points' are valid for Member ID: 80
18:03:57.956 [main] INFO api.SurveyPointsApi - All values for field 'Completion points' are valid for Member ID: 81
18:03:57.963 [main] INFO api.SurveyPointsApi - All values for field 'Completion points' are valid for Member ID: 82
18:03:57.970 [main] INFO api.SurveyPointsApi - All values for field 'Completion points' are valid for Member ID: 83
18:03:57.979 [main] INFO api.SurveyPointsApi - All values for field 'Completion points' are valid for Member ID: 84
18:03:57.987 [main] INFO api.SurveyPointsApi - All values for field 'Completion points' are valid for Member ID: 85
18:03:57.995 [main] INFO api.SurveyPointsApi - All values for field 'Completion points' are valid for Member ID: 86
18:03:58.002 [main] INFO api.SurveyPointsApi - All values for field 'Completion points' are valid for Member ID: 87
18:03:58.011 [main] INFO api.SurveyPointsApi - All values for field 'Completion points' are valid for Member ID: 88
18:03:58.021 [main] INFO api.SurveyPointsApi - All values for field 'Completion points' are valid for Member ID: 89
18:03:58.028 [main] INFO api.SurveyPointsApi - All values for field 'Completion points' are valid for Member ID: 90
18:03:58.035 [main] INFO api.SurveyPointsApi - All values for field 'Completion points' are valid for Member ID: 91
18:03:58.041 [main] INFO api.SurveyPointsApi - All values for field 'Completion points' are valid for Member ID: 92
18:03:58.047 [main] INFO api.SurveyPointsApi - All values for field 'Completion points' are valid for Member ID: 93
18:03:58.051 [main] INFO api.SurveyPointsApi - All values for field 'Completion points' are valid for Member ID: 94
18:03:58.057 [main] INFO api.SurveyPointsApi - All values for field 'Completion points' are valid for Member ID: 95
18:03:58.064 [main] INFO api.SurveyPointsApi - All values for field 'Completion points' are valid for Member ID: 96
18:03:58.072 [main] INFO api.SurveyPointsApi - All values for field 'Completion points' are valid for Member ID: 97
18:03:58.077 [main] INFO api.SurveyPointsApi - All values for field 'Completion points' are valid for Member ID: 98
18:03:58.084 [main] INFO api.SurveyPointsApi - All values for field 'Completion points' are valid for Member ID: 99
18:03:58.092 [main] INFO api.SurveyPointsApi - All values for field 'Completion points' are valid for Member ID: 100
18:03:58.100 [main] INFO api.SurveyPointsApi - All values for field 'Completion points' are valid for Member ID: 101
18:03:58.107 [main] INFO api.SurveyPointsApi - All values for field 'Completion points' are valid for Member ID: 102
18:03:58.114 [main] INFO api.SurveyPointsApi - All values for field 'Completion points' are valid for Member ID: 103
18:03:58.119 [main] INFO api.SurveyPointsApi - All values for field 'Completion points' are valid for Member ID: 104
18:03:58.123 [main] INFO api.SurveyPointsApi - All values for field 'Completion points' are valid for Member ID: 105
18:03:58.130 [main] INFO api.SurveyPointsApi - All values for field 'Completion points' are valid for Member ID: 106
18:03:58.136 [main] INFO api.SurveyPointsApi - All values for field 'Completion points' are valid for Member ID: 107
18:03:58.142 [main] INFO api.SurveyPointsApi - All values for field 'Completion points' are valid for Member ID: 108
18:03:58.147 [main] INFO api.SurveyPointsApi - All values for field 'Completion points' are valid for Member ID: 109
18:03:58.153 [main] INFO api.SurveyPointsApi - All values for field 'Completion points' are valid for Member ID: 110
18:03:58.160 [main] INFO api.SurveyPointsApi - All values for field 'Completion points' are valid for Member ID: 111
18:03:58.167 [main] INFO api.SurveyPointsApi - All values for field 'Completion points' are valid for Member ID: 112
18:03:58.176 [main] INFO api.SurveyPointsApi - All values for field 'Completion points' are valid for Member ID: 113
18:03:58.185 [main] INFO api.SurveyPointsApi - All values for field 'Completion points' are valid for Member ID: 114
18:03:58.194 [main] INFO api.SurveyPointsApi - All values for field 'Completion points' are valid for Member ID: 115
18:03:58.202 [main] INFO api.SurveyPointsApi - All values for field 'Completion points' are valid for Member ID: 116
18:03:58.213 [main] INFO api.SurveyPointsApi - All values for field 'Completion points' are valid for Member ID: 117
18:03:58.225 [main] INFO api.SurveyPointsApi - All values for field 'Completion points' are valid for Member ID: 118
18:03:58.235 [main] INFO api.SurveyPointsApi - All values for field 'Completion points' are valid for Member ID: 119
18:03:58.242 [main] INFO api.SurveyPointsApi - All values for field 'Completion points' are valid for Member ID: 120
18:03:58.249 [main] INFO api.SurveyPointsApi - All values for field 'Completion points' are valid for Member ID: 121
18:03:58.255 [main] INFO api.SurveyPointsApi - All values for field 'Completion points' are valid for Member ID: 122
18:03:58.262 [main] INFO api.SurveyPointsApi - All values for field 'Completion points' are valid for Member ID: 123
18:03:58.268 [main] INFO api.SurveyPointsApi - All values for field 'Completion points' are valid for Member ID: 124
18:03:58.276 [main] INFO api.SurveyPointsApi - All values for field 'Completion points' are valid for Member ID: 125
18:03:58.283 [main] INFO api.SurveyPointsApi - All values for field 'Completion points' are valid for Member ID: 126
18:03:58.290 [main] INFO api.SurveyPointsApi - All values for field 'Completion points' are valid for Member ID: 127
18:03:58.297 [main] INFO api.SurveyPointsApi - All values for field 'Completion points' are valid for Member ID: 128
18:03:58.304 [main] INFO api.SurveyPointsApi - All values for field 'Completion points' are valid for Member ID: 129
18:03:58.311 [main] INFO api.SurveyPointsApi - All values for field 'Completion points' are valid for Member ID: 130
18:03:58.317 [main] INFO api.SurveyPointsApi - All values for field 'Completion points' are valid for Member ID: 131
18:03:58.323 [main] INFO api.SurveyPointsApi - All values for field 'Completion points' are valid for Member ID: 132
18:03:58.330 [main] INFO api.SurveyPointsApi - All values for field 'Completion points' are valid for Member ID: 133
18:03:58.342 [main] INFO api.SurveyPointsApi - All values for field 'Completion points' are valid for Member ID: 134
18:03:58.347 [main] INFO api.SurveyPointsApi - All values for field 'Completion points' are valid for Member ID: 135
18:03:58.352 [main] INFO api.SurveyPointsApi - All values for field 'Completion points' are valid for Member ID: 136
18:03:58.360 [main] INFO api.SurveyPointsApi - All values for field 'Completion points' are valid for Member ID: 137
18:03:58.367 [main] INFO api.SurveyPointsApi - All values for field 'Completion points' are valid for Member ID: 138
18:03:58.373 [main] INFO api.SurveyPointsApi - All values for field 'Completion points' are valid for Member ID: 139
18:03:58.380 [main] INFO api.SurveyPointsApi - All values for field 'Completion points' are valid for Member ID: 140
18:03:58.386 [main] INFO api.SurveyPointsApi - All values for field 'Completion points' are valid for Member ID: 141
18:03:58.392 [main] INFO api.SurveyPointsApi - All values for field 'Completion points' are valid for Member ID: 142
18:03:58.399 [main] INFO api.SurveyPointsApi - All values for field 'Completion points' are valid for Member ID: 143
18:03:58.404 [main] INFO api.SurveyPointsApi - All values for field 'Completion points' are valid for Member ID: 144
18:03:58.409 [main] INFO api.SurveyPointsApi - All values for field 'Completion points' are valid for Member ID: 145
18:03:58.413 [main] INFO api.SurveyPointsApi - All values for field 'Completion points' are valid for Member ID: 146
18:03:58.418 [main] INFO api.SurveyPointsApi - All values for field 'Completion points' are valid for Member ID: 147
18:03:58.423 [main] INFO api.SurveyPointsApi - All values for field 'Completion points' are valid for Member ID: 148
18:03:58.427 [main] INFO api.SurveyPointsApi - All values for field 'Completion points' are valid for Member ID: 149
18:03:58.432 [main] INFO api.SurveyPointsApi - All values for field 'Completion points' are valid for Member ID: 150
18:03:58.436 [main] INFO api.SurveyPointsApi - All values for field 'Completion points' are valid for Member ID: 151
18:03:58.441 [main] INFO api.SurveyPointsApi - All values for field 'Completion points' are valid for Member ID: 152
18:03:58.447 [main] INFO api.SurveyPointsApi - All values for field 'Completion points' are valid for Member ID: 153
18:03:58.453 [main] INFO api.SurveyPointsApi - All values for field 'Completion points' are valid for Member ID: 154
18:03:58.460 [main] INFO api.SurveyPointsApi - All values for field 'Completion points' are valid for Member ID: 155
18:03:58.467 [main] INFO api.SurveyPointsApi - All values for field 'Completion points' are valid for Member ID: 156
18:03:58.475 [main] INFO api.SurveyPointsApi - All values for field 'Completion points' are valid for Member ID: 157
18:03:58.482 [main] INFO api.SurveyPointsApi - All values for field 'Completion points' are valid for Member ID: 158
18:03:58.488 [main] INFO api.SurveyPointsApi - All values for field 'Completion points' are valid for Member ID: 159
18:03:58.493 [main] INFO api.SurveyPointsApi - All values for field 'Completion points' are valid for Member ID: 160
18:03:58.514 [main] INFO api.SurveyPointsApi - All values for field 'Completion points' are valid for Member ID: 161
18:03:58.524 [main] INFO api.SurveyPointsApi - All values for field 'Completion points' are valid for Member ID: 162
18:03:58.531 [main] INFO api.SurveyPointsApi - All values for field 'Completion points' are valid for Member ID: 163
18:03:58.538 [main] INFO api.SurveyPointsApi - All values for field 'Completion points' are valid for Member ID: 164
18:03:58.545 [main] INFO api.SurveyPointsApi - All values for field 'Completion points' are valid for Member ID: 165
18:03:58.551 [main] INFO api.SurveyPointsApi - All values for field 'Completion points' are valid for Member ID: 166
18:03:58.561 [main] INFO api.SurveyPointsApi - All values for field 'Completion points' are valid for Member ID: 167
18:03:58.570 [main] INFO api.SurveyPointsApi - All values for field 'Completion points' are valid for Member ID: 168
18:03:58.578 [main] INFO api.SurveyPointsApi - All values for field 'Completion points' are valid for Member ID: 169
18:03:58.587 [main] INFO api.SurveyPointsApi - All values for field 'Completion points' are valid for Member ID: 170
18:03:58.602 [main] INFO api.SurveyPointsApi - All values for field 'Completion points' are valid for Member ID: 171
18:03:58.611 [main] INFO api.SurveyPointsApi - All values for field 'Completion points' are valid for Member ID: 172
18:03:58.620 [main] INFO api.SurveyPointsApi - All values for field 'Completion points' are valid for Member ID: 173
18:03:58.628 [main] INFO api.SurveyPointsApi - All values for field 'Completion points' are valid for Member ID: 174
18:03:58.636 [main] INFO api.SurveyPointsApi - All values for field 'Completion points' are valid for Member ID: 175
18:03:58.643 [main] INFO api.SurveyPointsApi - All values for field 'Completion points' are valid for Member ID: 176
18:03:58.648 [main] INFO api.SurveyPointsApi - All values for field 'Completion points' are valid for Member ID: 177
18:03:58.655 [main] INFO api.SurveyPointsApi - All values for field 'Completion points' are valid for Member ID: 178
18:03:58.668 [main] INFO api.SurveyPointsApi - All values for field 'Completion points' are valid for Member ID: 179
18:03:58.679 [main] INFO api.SurveyPointsApi - All values for field 'Completion points' are valid for Member ID: 180
18:03:58.689 [main] INFO api.SurveyPointsApi - All values for field 'Completion points' are valid for Member ID: 181
18:03:58.700 [main] INFO api.SurveyPointsApi - All values for field 'Completion points' are valid for Member ID: 182
18:03:58.709 [main] INFO api.SurveyPointsApi - All values for field 'Completion points' are valid for Member ID: 183
18:03:58.718 [main] INFO api.SurveyPointsApi - All values for field 'Completion points' are valid for Member ID: 184
18:03:58.728 [main] INFO api.SurveyPointsApi - All values for field 'Completion points' are valid for Member ID: 185
18:03:58.737 [main] INFO api.SurveyPointsApi - All values for field 'Completion points' are valid for Member ID: 186
18:03:58.745 [main] INFO api.SurveyPointsApi - All values for field 'Completion points' are valid for Member ID: 187
18:03:58.753 [main] INFO api.SurveyPointsApi - All values for field 'Completion points' are valid for Member ID: 188
18:03:58.762 [main] INFO api.SurveyPointsApi - All values for field 'Completion points' are valid for Member ID: 189
18:03:58.770 [main] INFO api.SurveyPointsApi - All values for field 'Completion points' are valid for Member ID: 190
18:03:58.778 [main] INFO api.SurveyPointsApi - All values for field 'Completion points' are valid for Member ID: 191
18:03:58.788 [main] INFO api.SurveyPointsApi - All values for field 'Completion points' are valid for Member ID: 192
18:03:58.798 [main] INFO api.SurveyPointsApi - All values for field 'Completion points' are valid for Member ID: 193
18:03:58.806 [main] INFO api.SurveyPointsApi - All values for field 'Completion points' are valid for Member ID: 194
18:03:58.813 [main] INFO api.SurveyPointsApi - All values for field 'Completion points' are valid for Member ID: 195
18:03:58.822 [main] INFO api.SurveyPointsApi - All values for field 'Completion points' are valid for Member ID: 196
18:03:58.832 [main] INFO api.SurveyPointsApi - All values for field 'Completion points' are valid for Member ID: 197
18:03:58.847 [main] INFO api.SurveyPointsApi - All values for field 'Completion points' are valid for Member ID: 198
18:03:58.856 [main] INFO api.SurveyPointsApi - All values for field 'Completion points' are valid for Member ID: 199
18:03:58.864 [main] INFO api.SurveyPointsApi - All values for field 'Completion points' are valid for Member ID: 200
18:03:58.873 [main] INFO api.SurveyPointsApi - All values for field 'Completion points' are valid for Member ID: 201
18:03:58.880 [main] INFO api.SurveyPointsApi - All values for field 'Completion points' are valid for Member ID: 202
18:03:58.889 [main] INFO api.SurveyPointsApi - All values for field 'Completion points' are valid for Member ID: 203
18:03:58.898 [main] INFO api.SurveyPointsApi - All values for field 'Completion points' are valid for Member ID: 204
18:03:58.906 [main] INFO api.SurveyPointsApi - All values for field 'Completion points' are valid for Member ID: 205
18:03:58.914 [main] INFO api.SurveyPointsApi - All values for field 'Completion points' are valid for Member ID: 206
18:03:58.921 [main] INFO api.SurveyPointsApi - All values for field 'Completion points' are valid for Member ID: 207
18:03:58.927 [main] INFO api.SurveyPointsApi - All values for field 'Completion points' are valid for Member ID: 208
18:03:58.934 [main] INFO api.SurveyPointsApi - All values for field 'Completion points' are valid for Member ID: 209
18:03:58.941 [main] INFO api.SurveyPointsApi - All values for field 'Completion points' are valid for Member ID: 210
18:03:58.946 [main] INFO api.SurveyPointsApi - All values for field 'Completion points' are valid for Member ID: 211
18:03:58.950 [main] INFO api.SurveyPointsApi - All values for field 'Completion points' are valid for Member ID: 212
18:03:58.956 [main] INFO api.SurveyPointsApi - All values for field 'Completion points' are valid for Member ID: 213
18:03:58.962 [main] INFO api.SurveyPointsApi - All values for field 'Completion points' are valid for Member ID: 214
18:03:58.968 [main] INFO api.SurveyPointsApi - All values for field 'Completion points' are valid for Member ID: 215
18:03:58.973 [main] INFO api.SurveyPointsApi - All values for field 'Completion points' are valid for Member ID: 216
18:03:58.980 [main] INFO api.SurveyPointsApi - All values for field 'Completion points' are valid for Member ID: 217
18:03:58.986 [main] INFO api.SurveyPointsApi - All values for field 'Completion points' are valid for Member ID: 218
18:03:58.993 [main] INFO api.SurveyPointsApi - All values for field 'Completion points' are valid for Member ID: 219
18:03:59.001 [main] INFO api.SurveyPointsApi - All values for field 'Completion points' are valid for Member ID: 220
18:03:59.009 [main] INFO api.SurveyPointsApi - All values for field 'Completion points' are valid for Member ID: 221
18:03:59.016 [main] INFO api.SurveyPointsApi - All values for field 'Completion points' are valid for Member ID: 222
18:03:59.023 [main] INFO api.SurveyPointsApi - All values for field 'Completion points' are valid for Member ID: 223
18:03:59.031 [main] INFO api.SurveyPointsApi - All values for field 'Completion points' are valid for Member ID: 224
18:03:59.037 [main] INFO api.SurveyPointsApi - All values for field 'Completion points' are valid for Member ID: 225
18:03:59.042 [main] INFO api.SurveyPointsApi - All values for field 'Completion points' are valid for Member ID: 226
18:03:59.047 [main] INFO api.SurveyPointsApi - All values for field 'Completion points' are valid for Member ID: 227
18:03:59.051 [main] INFO api.SurveyPointsApi - All values for field 'Completion points' are valid for Member ID: 228
18:03:59.058 [main] INFO api.SurveyPointsApi - All values for field 'Completion points' are valid for Member ID: 229
18:03:59.066 [main] INFO api.SurveyPointsApi - All values for field 'Completion points' are valid for Member ID: 230
18:03:59.073 [main] INFO api.SurveyPointsApi - All values for field 'Completion points' are valid for Member ID: 231
18:03:59.082 [main] INFO api.SurveyPointsApi - All values for field 'Completion points' are valid for Member ID: 232
18:03:59.092 [main] INFO api.SurveyPointsApi - All values for field 'Completion points' are valid for Member ID: 233
18:03:59.100 [main] INFO api.SurveyPointsApi - All values for field 'Completion points' are valid for Member ID: 234
18:03:59.109 [main] INFO api.SurveyPointsApi - All values for field 'Completion points' are valid for Member ID: 235
18:03:59.117 [main] INFO api.SurveyPointsApi - All values for field 'Completion points' are valid for Member ID: 236
18:03:59.125 [main] INFO api.SurveyPointsApi - All values for field 'Completion points' are valid for Member ID: 237
18:03:59.131 [main] INFO api.SurveyPointsApi - All values for field 'Completion points' are valid for Member ID: 238
18:03:59.138 [main] INFO api.SurveyPointsApi - All values for field 'Completion points' are valid for Member ID: 239
18:03:59.144 [main] INFO api.SurveyPointsApi - All values for field 'Completion points' are valid for Member ID: 240
18:03:59.151 [main] INFO api.SurveyPointsApi - All values for field 'Completion points' are valid for Member ID: 241
18:03:59.159 [main] INFO api.SurveyPointsApi - All values for field 'Completion points' are valid for Member ID: 242
18:03:59.167 [main] INFO api.SurveyPointsApi - All values for field 'Completion points' are valid for Member ID: 243
18:03:59.175 [main] INFO api.SurveyPointsApi - All values for field 'Completion points' are valid for Member ID: 244
18:03:59.182 [main] INFO api.SurveyPointsApi - All values for field 'Completion points' are valid for Member ID: 245
18:03:59.190 [main] INFO api.SurveyPointsApi - All values for field 'Completion points' are valid for Member ID: 246
18:03:59.198 [main] INFO api.SurveyPointsApi - All values for field 'Completion points' are valid for Member ID: 247
18:03:59.207 [main] INFO api.SurveyPointsApi - All values for field 'Completion points' are valid for Member ID: 248
18:03:59.216 [main] INFO api.SurveyPointsApi - All values for field 'Completion points' are valid for Member ID: 249
18:03:59.224 [main] INFO api.SurveyPointsApi - All values for field 'Completion points' are valid for Member ID: 250
18:03:59.233 [main] INFO api.SurveyPointsApi - All values for field 'Completion points' are valid for Member ID: 251
18:03:59.241 [main] INFO api.SurveyPointsApi - All values for field 'Completion points' are valid for Member ID: 252
18:03:59.250 [main] INFO api.SurveyPointsApi - All values for field 'Completion points' are valid for Member ID: 253
18:03:59.257 [main] INFO api.SurveyPointsApi - All values for field 'Completion points' are valid for Member ID: 254
18:03:59.264 [main] INFO api.SurveyPointsApi - All values for field 'Completion points' are valid for Member ID: 255
18:03:59.270 [main] INFO api.SurveyPointsApi - All values for field 'Completion points' are valid for Member ID: 256
18:03:59.279 [main] INFO api.SurveyPointsApi - All values for field 'Completion points' are valid for Member ID: 257
18:03:59.287 [main] INFO api.SurveyPointsApi - All values for field 'Completion points' are valid for Member ID: 258
18:03:59.295 [main] INFO api.SurveyPointsApi - All values for field 'Completion points' are valid for Member ID: 259
18:03:59.303 [main] INFO api.SurveyPointsApi - All values for field 'Completion points' are valid for Member ID: 260
18:03:59.312 [main] INFO api.SurveyPointsApi - All values for field 'Completion points' are valid for Member ID: 261
18:03:59.329 [main] INFO api.SurveyPointsApi - All values for field 'Completion points' are valid for Member ID: 262
18:03:59.338 [main] INFO api.SurveyPointsApi - All values for field 'Completion points' are valid for Member ID: 263
18:03:59.346 [main] INFO api.SurveyPointsApi - All values for field 'Completion points' are valid for Member ID: 264
18:03:59.354 [main] INFO api.SurveyPointsApi - All values for field 'Completion points' are valid for Member ID: 265
18:03:59.362 [main] INFO api.SurveyPointsApi - All values for field 'Completion points' are valid for Member ID: 266
18:03:59.368 [main] INFO api.SurveyPointsApi - All values for field 'Completion points' are valid for Member ID: 267
18:03:59.377 [main] INFO api.SurveyPointsApi - All values for field 'Completion points' are valid for Member ID: 268
18:03:59.383 [main] INFO api.SurveyPointsApi - All values for field 'Completion points' are valid for Member ID: 269
18:03:59.391 [main] INFO api.SurveyPointsApi - All values for field 'Completion points' are valid for Member ID: 270
18:03:59.398 [main] INFO api.SurveyPointsApi - All values for field 'Completion points' are valid for Member ID: 271
18:03:59.406 [main] INFO api.SurveyPointsApi - All values for field 'Completion points' are valid for Member ID: 272
18:03:59.414 [main] INFO api.SurveyPointsApi - All values for field 'Completion points' are valid for Member ID: 273
18:03:59.422 [main] INFO api.SurveyPointsApi - All values for field 'Completion points' are valid for Member ID: 274
18:03:59.432 [main] INFO api.SurveyPointsApi - All values for field 'Completion points' are valid for Member ID: 275
18:03:59.439 [main] INFO api.SurveyPointsApi - All values for field 'Completion points' are valid for Member ID: 276
18:03:59.445 [main] INFO api.SurveyPointsApi - All values for field 'Completion points' are valid for Member ID: 277
18:03:59.450 [main] INFO api.SurveyPointsApi - All values for field 'Completion points' are valid for Member ID: 278
18:03:59.455 [main] INFO api.SurveyPointsApi - All values for field 'Completion points' are valid for Member ID: 279
18:03:59.460 [main] INFO api.SurveyPointsApi - All values for field 'Completion points' are valid for Member ID: 280
18:03:59.467 [main] INFO api.SurveyPointsApi - All values for field 'Completion points' are valid for Member ID: 281
18:03:59.473 [main] INFO api.SurveyPointsApi - All values for field 'Completion points' are valid for Member ID: 282
18:03:59.479 [main] INFO api.SurveyPointsApi - All values for field 'Completion points' are valid for Member ID: 283
18:03:59.485 [main] INFO api.SurveyPointsApi - All values for field 'Completion points' are valid for Member ID: 284
18:03:59.493 [main] INFO api.SurveyPointsApi - All values for field 'Completion points' are valid for Member ID: 285
18:03:59.502 [main] INFO api.SurveyPointsApi - All values for field 'Completion points' are valid for Member ID: 286
18:03:59.510 [main] INFO api.SurveyPointsApi - All values for field 'Completion points' are valid for Member ID: 287
18:03:59.518 [main] INFO api.SurveyPointsApi - All values for field 'Completion points' are valid for Member ID: 288
18:03:59.525 [main] INFO api.SurveyPointsApi - All values for field 'Completion points' are valid for Member ID: 289
18:03:59.532 [main] INFO api.SurveyPointsApi - All values for field 'Completion points' are valid for Member ID: 290
18:03:59.538 [main] INFO api.SurveyPointsApi - All values for field 'Completion points' are valid for Member ID: 291
18:03:59.543 [main] INFO api.SurveyPointsApi - All values for field 'Completion points' are valid for Member ID: 292
18:03:59.547 [main] INFO api.SurveyPointsApi - All values for field 'Completion points' are valid for Member ID: 293
18:03:59.552 [main] INFO api.SurveyPointsApi - All values for field 'Completion points' are valid for Member ID: 294
18:03:59.558 [main] INFO api.SurveyPointsApi - All values for field 'Completion points' are valid for Member ID: 295
18:03:59.565 [main] INFO api.SurveyPointsApi - All values for field 'Completion points' are valid for Member ID: 296
18:03:59.572 [main] INFO api.SurveyPointsApi - All values for field 'Completion points' are valid for Member ID: 297
18:03:59.579 [main] INFO api.SurveyPointsApi - All values for field 'Completion points' are valid for Member ID: 298
18:03:59.585 [main] INFO api.SurveyPointsApi - All values for field 'Completion points' are valid for Member ID: 299
18:03:59.593 [main] INFO api.SurveyPointsApi - All values for field 'Completion points' are valid for Member ID: 300
]]></system-out>
  </testcase>
  <testcase name="testSurveyExpectedCompletes" classname="tests.integration.SurveyPointsTest" time="2.364">
    <system-out><![CDATA[18:03:59.596 [main] INFO api.SurveyPointsApi - Starting validation for status: Expected completes
18:03:59.604 [main] INFO api.SurveyPointsApi - All values for field 'Expected completes' are valid for Member ID: 1
18:03:59.611 [main] INFO api.SurveyPointsApi - All values for field 'Expected completes' are valid for Member ID: 2
18:03:59.618 [main] INFO api.SurveyPointsApi - All values for field 'Expected completes' are valid for Member ID: 3
18:03:59.637 [main] INFO api.SurveyPointsApi - All values for field 'Expected completes' are valid for Member ID: 4
18:03:59.650 [main] INFO api.SurveyPointsApi - All values for field 'Expected completes' are valid for Member ID: 5
18:03:59.664 [main] INFO api.SurveyPointsApi - All values for field 'Expected completes' are valid for Member ID: 6
18:03:59.676 [main] INFO api.SurveyPointsApi - All values for field 'Expected completes' are valid for Member ID: 7
18:03:59.685 [main] INFO api.SurveyPointsApi - All values for field 'Expected completes' are valid for Member ID: 8
18:03:59.695 [main] INFO api.SurveyPointsApi - All values for field 'Expected completes' are valid for Member ID: 9
18:03:59.701 [main] INFO api.SurveyPointsApi - All values for field 'Expected completes' are valid for Member ID: 10
18:03:59.707 [main] INFO api.SurveyPointsApi - All values for field 'Expected completes' are valid for Member ID: 11
18:03:59.713 [main] INFO api.SurveyPointsApi - All values for field 'Expected completes' are valid for Member ID: 12
18:03:59.720 [main] INFO api.SurveyPointsApi - All values for field 'Expected completes' are valid for Member ID: 13
18:03:59.726 [main] INFO api.SurveyPointsApi - All values for field 'Expected completes' are valid for Member ID: 14
18:03:59.733 [main] INFO api.SurveyPointsApi - All values for field 'Expected completes' are valid for Member ID: 15
18:03:59.739 [main] INFO api.SurveyPointsApi - All values for field 'Expected completes' are valid for Member ID: 16
18:03:59.744 [main] INFO api.SurveyPointsApi - All values for field 'Expected completes' are valid for Member ID: 17
18:03:59.750 [main] INFO api.SurveyPointsApi - All values for field 'Expected completes' are valid for Member ID: 18
18:03:59.756 [main] INFO api.SurveyPointsApi - All values for field 'Expected completes' are valid for Member ID: 19
18:03:59.762 [main] INFO api.SurveyPointsApi - All values for field 'Expected completes' are valid for Member ID: 20
18:03:59.769 [main] INFO api.SurveyPointsApi - All values for field 'Expected completes' are valid for Member ID: 21
18:03:59.778 [main] INFO api.SurveyPointsApi - All values for field 'Expected completes' are valid for Member ID: 22
18:03:59.786 [main] INFO api.SurveyPointsApi - All values for field 'Expected completes' are valid for Member ID: 23
18:03:59.793 [main] INFO api.SurveyPointsApi - All values for field 'Expected completes' are valid for Member ID: 24
18:03:59.802 [main] INFO api.SurveyPointsApi - All values for field 'Expected completes' are valid for Member ID: 25
18:03:59.820 [main] INFO api.SurveyPointsApi - All values for field 'Expected completes' are valid for Member ID: 26
18:03:59.830 [main] INFO api.SurveyPointsApi - All values for field 'Expected completes' are valid for Member ID: 27
18:03:59.840 [main] INFO api.SurveyPointsApi - All values for field 'Expected completes' are valid for Member ID: 28
18:03:59.848 [main] INFO api.SurveyPointsApi - All values for field 'Expected completes' are valid for Member ID: 29
18:03:59.853 [main] INFO api.SurveyPointsApi - All values for field 'Expected completes' are valid for Member ID: 30
18:03:59.858 [main] INFO api.SurveyPointsApi - All values for field 'Expected completes' are valid for Member ID: 31
18:03:59.862 [main] INFO api.SurveyPointsApi - All values for field 'Expected completes' are valid for Member ID: 32
18:03:59.867 [main] INFO api.SurveyPointsApi - All values for field 'Expected completes' are valid for Member ID: 33
18:03:59.873 [main] INFO api.SurveyPointsApi - All values for field 'Expected completes' are valid for Member ID: 34
18:03:59.879 [main] INFO api.SurveyPointsApi - All values for field 'Expected completes' are valid for Member ID: 35
18:03:59.885 [main] INFO api.SurveyPointsApi - All values for field 'Expected completes' are valid for Member ID: 36
18:03:59.891 [main] INFO api.SurveyPointsApi - All values for field 'Expected completes' are valid for Member ID: 37
18:03:59.899 [main] INFO api.SurveyPointsApi - All values for field 'Expected completes' are valid for Member ID: 38
18:03:59.906 [main] INFO api.SurveyPointsApi - All values for field 'Expected completes' are valid for Member ID: 39
18:03:59.911 [main] INFO api.SurveyPointsApi - All values for field 'Expected completes' are valid for Member ID: 40
18:03:59.917 [main] INFO api.SurveyPointsApi - All values for field 'Expected completes' are valid for Member ID: 41
18:03:59.922 [main] INFO api.SurveyPointsApi - All values for field 'Expected completes' are valid for Member ID: 42
18:03:59.926 [main] INFO api.SurveyPointsApi - All values for field 'Expected completes' are valid for Member ID: 43
18:03:59.930 [main] INFO api.SurveyPointsApi - All values for field 'Expected completes' are valid for Member ID: 44
18:03:59.934 [main] INFO api.SurveyPointsApi - All values for field 'Expected completes' are valid for Member ID: 45
18:03:59.937 [main] INFO api.SurveyPointsApi - All values for field 'Expected completes' are valid for Member ID: 46
18:03:59.942 [main] INFO api.SurveyPointsApi - All values for field 'Expected completes' are valid for Member ID: 47
18:03:59.949 [main] INFO api.SurveyPointsApi - All values for field 'Expected completes' are valid for Member ID: 48
18:03:59.956 [main] INFO api.SurveyPointsApi - All values for field 'Expected completes' are valid for Member ID: 49
18:03:59.962 [main] INFO api.SurveyPointsApi - All values for field 'Expected completes' are valid for Member ID: 50
18:03:59.969 [main] INFO api.SurveyPointsApi - All values for field 'Expected completes' are valid for Member ID: 51
18:03:59.976 [main] INFO api.SurveyPointsApi - All values for field 'Expected completes' are valid for Member ID: 52
18:03:59.984 [main] INFO api.SurveyPointsApi - All values for field 'Expected completes' are valid for Member ID: 53
18:03:59.989 [main] INFO api.SurveyPointsApi - All values for field 'Expected completes' are valid for Member ID: 54
18:03:59.994 [main] INFO api.SurveyPointsApi - All values for field 'Expected completes' are valid for Member ID: 55
18:04:00.001 [main] INFO api.SurveyPointsApi - All values for field 'Expected completes' are valid for Member ID: 56
18:04:00.007 [main] INFO api.SurveyPointsApi - All values for field 'Expected completes' are valid for Member ID: 57
18:04:00.013 [main] INFO api.SurveyPointsApi - All values for field 'Expected completes' are valid for Member ID: 58
18:04:00.020 [main] INFO api.SurveyPointsApi - All values for field 'Expected completes' are valid for Member ID: 59
18:04:00.027 [main] INFO api.SurveyPointsApi - All values for field 'Expected completes' are valid for Member ID: 60
18:04:00.034 [main] INFO api.SurveyPointsApi - All values for field 'Expected completes' are valid for Member ID: 61
18:04:00.039 [main] INFO api.SurveyPointsApi - All values for field 'Expected completes' are valid for Member ID: 62
18:04:00.044 [main] INFO api.SurveyPointsApi - All values for field 'Expected completes' are valid for Member ID: 63
18:04:00.049 [main] INFO api.SurveyPointsApi - All values for field 'Expected completes' are valid for Member ID: 64
18:04:00.054 [main] INFO api.SurveyPointsApi - All values for field 'Expected completes' are valid for Member ID: 65
18:04:00.058 [main] INFO api.SurveyPointsApi - All values for field 'Expected completes' are valid for Member ID: 66
18:04:00.065 [main] INFO api.SurveyPointsApi - All values for field 'Expected completes' are valid for Member ID: 67
18:04:00.074 [main] INFO api.SurveyPointsApi - All values for field 'Expected completes' are valid for Member ID: 68
18:04:00.082 [main] INFO api.SurveyPointsApi - All values for field 'Expected completes' are valid for Member ID: 69
18:04:00.090 [main] INFO api.SurveyPointsApi - All values for field 'Expected completes' are valid for Member ID: 70
18:04:00.098 [main] INFO api.SurveyPointsApi - All values for field 'Expected completes' are valid for Member ID: 71
18:04:00.107 [main] INFO api.SurveyPointsApi - All values for field 'Expected completes' are valid for Member ID: 72
18:04:00.116 [main] INFO api.SurveyPointsApi - All values for field 'Expected completes' are valid for Member ID: 73
18:04:00.126 [main] INFO api.SurveyPointsApi - All values for field 'Expected completes' are valid for Member ID: 74
18:04:00.136 [main] INFO api.SurveyPointsApi - All values for field 'Expected completes' are valid for Member ID: 75
18:04:00.147 [main] INFO api.SurveyPointsApi - All values for field 'Expected completes' are valid for Member ID: 76
18:04:00.156 [main] INFO api.SurveyPointsApi - All values for field 'Expected completes' are valid for Member ID: 77
18:04:00.167 [main] INFO api.SurveyPointsApi - All values for field 'Expected completes' are valid for Member ID: 78
18:04:00.176 [main] INFO api.SurveyPointsApi - All values for field 'Expected completes' are valid for Member ID: 79
18:04:00.185 [main] INFO api.SurveyPointsApi - All values for field 'Expected completes' are valid for Member ID: 80
18:04:00.197 [main] INFO api.SurveyPointsApi - All values for field 'Expected completes' are valid for Member ID: 81
18:04:00.206 [main] INFO api.SurveyPointsApi - All values for field 'Expected completes' are valid for Member ID: 82
18:04:00.215 [main] INFO api.SurveyPointsApi - All values for field 'Expected completes' are valid for Member ID: 83
18:04:00.224 [main] INFO api.SurveyPointsApi - All values for field 'Expected completes' are valid for Member ID: 84
18:04:00.233 [main] INFO api.SurveyPointsApi - All values for field 'Expected completes' are valid for Member ID: 85
18:04:00.241 [main] INFO api.SurveyPointsApi - All values for field 'Expected completes' are valid for Member ID: 86
18:04:00.248 [main] INFO api.SurveyPointsApi - All values for field 'Expected completes' are valid for Member ID: 87
18:04:00.256 [main] INFO api.SurveyPointsApi - All values for field 'Expected completes' are valid for Member ID: 88
18:04:00.264 [main] INFO api.SurveyPointsApi - All values for field 'Expected completes' are valid for Member ID: 89
18:04:00.277 [main] INFO api.SurveyPointsApi - All values for field 'Expected completes' are valid for Member ID: 90
18:04:00.285 [main] INFO api.SurveyPointsApi - All values for field 'Expected completes' are valid for Member ID: 91
18:04:00.292 [main] INFO api.SurveyPointsApi - All values for field 'Expected completes' are valid for Member ID: 92
18:04:00.301 [main] INFO api.SurveyPointsApi - All values for field 'Expected completes' are valid for Member ID: 93
18:04:00.310 [main] INFO api.SurveyPointsApi - All values for field 'Expected completes' are valid for Member ID: 94
18:04:00.316 [main] INFO api.SurveyPointsApi - All values for field 'Expected completes' are valid for Member ID: 95
18:04:00.320 [main] INFO api.SurveyPointsApi - All values for field 'Expected completes' are valid for Member ID: 96
18:04:00.325 [main] INFO api.SurveyPointsApi - All values for field 'Expected completes' are valid for Member ID: 97
18:04:00.330 [main] INFO api.SurveyPointsApi - All values for field 'Expected completes' are valid for Member ID: 98
18:04:00.335 [main] INFO api.SurveyPointsApi - All values for field 'Expected completes' are valid for Member ID: 99
18:04:00.340 [main] INFO api.SurveyPointsApi - All values for field 'Expected completes' are valid for Member ID: 100
18:04:00.344 [main] INFO api.SurveyPointsApi - All values for field 'Expected completes' are valid for Member ID: 101
18:04:00.348 [main] INFO api.SurveyPointsApi - All values for field 'Expected completes' are valid for Member ID: 102
18:04:00.353 [main] INFO api.SurveyPointsApi - All values for field 'Expected completes' are valid for Member ID: 103
18:04:00.361 [main] INFO api.SurveyPointsApi - All values for field 'Expected completes' are valid for Member ID: 104
18:04:00.369 [main] INFO api.SurveyPointsApi - All values for field 'Expected completes' are valid for Member ID: 105
18:04:00.375 [main] INFO api.SurveyPointsApi - All values for field 'Expected completes' are valid for Member ID: 106
18:04:00.381 [main] INFO api.SurveyPointsApi - All values for field 'Expected completes' are valid for Member ID: 107
18:04:00.386 [main] INFO api.SurveyPointsApi - All values for field 'Expected completes' are valid for Member ID: 108
18:04:00.391 [main] INFO api.SurveyPointsApi - All values for field 'Expected completes' are valid for Member ID: 109
18:04:00.399 [main] INFO api.SurveyPointsApi - All values for field 'Expected completes' are valid for Member ID: 110
18:04:00.406 [main] INFO api.SurveyPointsApi - All values for field 'Expected completes' are valid for Member ID: 111
18:04:00.414 [main] INFO api.SurveyPointsApi - All values for field 'Expected completes' are valid for Member ID: 112
18:04:00.422 [main] INFO api.SurveyPointsApi - All values for field 'Expected completes' are valid for Member ID: 113
18:04:00.431 [main] INFO api.SurveyPointsApi - All values for field 'Expected completes' are valid for Member ID: 114
18:04:00.439 [main] INFO api.SurveyPointsApi - All values for field 'Expected completes' are valid for Member ID: 115
18:04:00.449 [main] INFO api.SurveyPointsApi - All values for field 'Expected completes' are valid for Member ID: 116
18:04:00.465 [main] INFO api.SurveyPointsApi - All values for field 'Expected completes' are valid for Member ID: 117
18:04:00.474 [main] INFO api.SurveyPointsApi - All values for field 'Expected completes' are valid for Member ID: 118
18:04:00.483 [main] INFO api.SurveyPointsApi - All values for field 'Expected completes' are valid for Member ID: 119
18:04:00.493 [main] INFO api.SurveyPointsApi - All values for field 'Expected completes' are valid for Member ID: 120
18:04:00.502 [main] INFO api.SurveyPointsApi - All values for field 'Expected completes' are valid for Member ID: 121
18:04:00.511 [main] INFO api.SurveyPointsApi - All values for field 'Expected completes' are valid for Member ID: 122
18:04:00.522 [main] INFO api.SurveyPointsApi - All values for field 'Expected completes' are valid for Member ID: 123
18:04:00.539 [main] INFO api.SurveyPointsApi - All values for field 'Expected completes' are valid for Member ID: 124
18:04:00.547 [main] INFO api.SurveyPointsApi - All values for field 'Expected completes' are valid for Member ID: 125
18:04:00.555 [main] INFO api.SurveyPointsApi - All values for field 'Expected completes' are valid for Member ID: 126
18:04:00.562 [main] INFO api.SurveyPointsApi - All values for field 'Expected completes' are valid for Member ID: 127
18:04:00.567 [main] INFO api.SurveyPointsApi - All values for field 'Expected completes' are valid for Member ID: 128
18:04:00.571 [main] INFO api.SurveyPointsApi - All values for field 'Expected completes' are valid for Member ID: 129
18:04:00.577 [main] INFO api.SurveyPointsApi - All values for field 'Expected completes' are valid for Member ID: 130
18:04:00.585 [main] INFO api.SurveyPointsApi - All values for field 'Expected completes' are valid for Member ID: 131
18:04:00.595 [main] INFO api.SurveyPointsApi - All values for field 'Expected completes' are valid for Member ID: 132
18:04:00.605 [main] INFO api.SurveyPointsApi - All values for field 'Expected completes' are valid for Member ID: 133
18:04:00.615 [main] INFO api.SurveyPointsApi - All values for field 'Expected completes' are valid for Member ID: 134
18:04:00.625 [main] INFO api.SurveyPointsApi - All values for field 'Expected completes' are valid for Member ID: 135
18:04:00.643 [main] INFO api.SurveyPointsApi - All values for field 'Expected completes' are valid for Member ID: 136
18:04:00.654 [main] INFO api.SurveyPointsApi - All values for field 'Expected completes' are valid for Member ID: 137
18:04:00.663 [main] INFO api.SurveyPointsApi - All values for field 'Expected completes' are valid for Member ID: 138
18:04:00.671 [main] INFO api.SurveyPointsApi - All values for field 'Expected completes' are valid for Member ID: 139
18:04:00.677 [main] INFO api.SurveyPointsApi - All values for field 'Expected completes' are valid for Member ID: 140
18:04:00.684 [main] INFO api.SurveyPointsApi - All values for field 'Expected completes' are valid for Member ID: 141
18:04:00.692 [main] INFO api.SurveyPointsApi - All values for field 'Expected completes' are valid for Member ID: 142
18:04:00.703 [main] INFO api.SurveyPointsApi - All values for field 'Expected completes' are valid for Member ID: 143
18:04:00.737 [main] INFO api.SurveyPointsApi - All values for field 'Expected completes' are valid for Member ID: 144
18:04:00.754 [main] INFO api.SurveyPointsApi - All values for field 'Expected completes' are valid for Member ID: 145
18:04:00.764 [main] INFO api.SurveyPointsApi - All values for field 'Expected completes' are valid for Member ID: 146
18:04:00.771 [main] INFO api.SurveyPointsApi - All values for field 'Expected completes' are valid for Member ID: 147
18:04:00.777 [main] INFO api.SurveyPointsApi - All values for field 'Expected completes' are valid for Member ID: 148
18:04:00.783 [main] INFO api.SurveyPointsApi - All values for field 'Expected completes' are valid for Member ID: 149
18:04:00.789 [main] INFO api.SurveyPointsApi - All values for field 'Expected completes' are valid for Member ID: 150
18:04:00.798 [main] INFO api.SurveyPointsApi - All values for field 'Expected completes' are valid for Member ID: 151
18:04:00.806 [main] INFO api.SurveyPointsApi - All values for field 'Expected completes' are valid for Member ID: 152
18:04:00.814 [main] INFO api.SurveyPointsApi - All values for field 'Expected completes' are valid for Member ID: 153
18:04:00.826 [main] INFO api.SurveyPointsApi - All values for field 'Expected completes' are valid for Member ID: 154
18:04:00.836 [main] INFO api.SurveyPointsApi - All values for field 'Expected completes' are valid for Member ID: 155
18:04:00.844 [main] INFO api.SurveyPointsApi - All values for field 'Expected completes' are valid for Member ID: 156
18:04:00.850 [main] INFO api.SurveyPointsApi - All values for field 'Expected completes' are valid for Member ID: 157
18:04:00.857 [main] INFO api.SurveyPointsApi - All values for field 'Expected completes' are valid for Member ID: 158
18:04:00.864 [main] INFO api.SurveyPointsApi - All values for field 'Expected completes' are valid for Member ID: 159
18:04:00.870 [main] INFO api.SurveyPointsApi - All values for field 'Expected completes' are valid for Member ID: 160
18:04:00.878 [main] INFO api.SurveyPointsApi - All values for field 'Expected completes' are valid for Member ID: 161
18:04:00.885 [main] INFO api.SurveyPointsApi - All values for field 'Expected completes' are valid for Member ID: 162
18:04:00.893 [main] INFO api.SurveyPointsApi - All values for field 'Expected completes' are valid for Member ID: 163
18:04:00.901 [main] INFO api.SurveyPointsApi - All values for field 'Expected completes' are valid for Member ID: 164
18:04:00.910 [main] INFO api.SurveyPointsApi - All values for field 'Expected completes' are valid for Member ID: 165
18:04:00.917 [main] INFO api.SurveyPointsApi - All values for field 'Expected completes' are valid for Member ID: 166
18:04:00.926 [main] INFO api.SurveyPointsApi - All values for field 'Expected completes' are valid for Member ID: 167
18:04:00.933 [main] INFO api.SurveyPointsApi - All values for field 'Expected completes' are valid for Member ID: 168
18:04:00.939 [main] INFO api.SurveyPointsApi - All values for field 'Expected completes' are valid for Member ID: 169
18:04:00.945 [main] INFO api.SurveyPointsApi - All values for field 'Expected completes' are valid for Member ID: 170
18:04:00.950 [main] INFO api.SurveyPointsApi - All values for field 'Expected completes' are valid for Member ID: 171
18:04:00.955 [main] INFO api.SurveyPointsApi - All values for field 'Expected completes' are valid for Member ID: 172
18:04:00.961 [main] INFO api.SurveyPointsApi - All values for field 'Expected completes' are valid for Member ID: 173
18:04:00.969 [main] INFO api.SurveyPointsApi - All values for field 'Expected completes' are valid for Member ID: 174
18:04:00.975 [main] INFO api.SurveyPointsApi - All values for field 'Expected completes' are valid for Member ID: 175
18:04:00.981 [main] INFO api.SurveyPointsApi - All values for field 'Expected completes' are valid for Member ID: 176
18:04:00.987 [main] INFO api.SurveyPointsApi - All values for field 'Expected completes' are valid for Member ID: 177
18:04:00.994 [main] INFO api.SurveyPointsApi - All values for field 'Expected completes' are valid for Member ID: 178
18:04:01.002 [main] INFO api.SurveyPointsApi - All values for field 'Expected completes' are valid for Member ID: 179
18:04:01.010 [main] INFO api.SurveyPointsApi - All values for field 'Expected completes' are valid for Member ID: 180
18:04:01.018 [main] INFO api.SurveyPointsApi - All values for field 'Expected completes' are valid for Member ID: 181
18:04:01.025 [main] INFO api.SurveyPointsApi - All values for field 'Expected completes' are valid for Member ID: 182
18:04:01.032 [main] INFO api.SurveyPointsApi - All values for field 'Expected completes' are valid for Member ID: 183
18:04:01.038 [main] INFO api.SurveyPointsApi - All values for field 'Expected completes' are valid for Member ID: 184
18:04:01.043 [main] INFO api.SurveyPointsApi - All values for field 'Expected completes' are valid for Member ID: 185
18:04:01.047 [main] INFO api.SurveyPointsApi - All values for field 'Expected completes' are valid for Member ID: 186
18:04:01.053 [main] INFO api.SurveyPointsApi - All values for field 'Expected completes' are valid for Member ID: 187
18:04:01.059 [main] INFO api.SurveyPointsApi - All values for field 'Expected completes' are valid for Member ID: 188
18:04:01.066 [main] INFO api.SurveyPointsApi - All values for field 'Expected completes' are valid for Member ID: 189
18:04:01.072 [main] INFO api.SurveyPointsApi - All values for field 'Expected completes' are valid for Member ID: 190
18:04:01.079 [main] INFO api.SurveyPointsApi - All values for field 'Expected completes' are valid for Member ID: 191
18:04:01.086 [main] INFO api.SurveyPointsApi - All values for field 'Expected completes' are valid for Member ID: 192
18:04:01.093 [main] INFO api.SurveyPointsApi - All values for field 'Expected completes' are valid for Member ID: 193
18:04:01.100 [main] INFO api.SurveyPointsApi - All values for field 'Expected completes' are valid for Member ID: 194
18:04:01.109 [main] INFO api.SurveyPointsApi - All values for field 'Expected completes' are valid for Member ID: 195
18:04:01.116 [main] INFO api.SurveyPointsApi - All values for field 'Expected completes' are valid for Member ID: 196
18:04:01.124 [main] INFO api.SurveyPointsApi - All values for field 'Expected completes' are valid for Member ID: 197
18:04:01.131 [main] INFO api.SurveyPointsApi - All values for field 'Expected completes' are valid for Member ID: 198
18:04:01.137 [main] INFO api.SurveyPointsApi - All values for field 'Expected completes' are valid for Member ID: 199
18:04:01.143 [main] INFO api.SurveyPointsApi - All values for field 'Expected completes' are valid for Member ID: 200
18:04:01.150 [main] INFO api.SurveyPointsApi - All values for field 'Expected completes' are valid for Member ID: 201
18:04:01.158 [main] INFO api.SurveyPointsApi - All values for field 'Expected completes' are valid for Member ID: 202
18:04:01.165 [main] INFO api.SurveyPointsApi - All values for field 'Expected completes' are valid for Member ID: 203
18:04:01.174 [main] INFO api.SurveyPointsApi - All values for field 'Expected completes' are valid for Member ID: 204
18:04:01.184 [main] INFO api.SurveyPointsApi - All values for field 'Expected completes' are valid for Member ID: 205
18:04:01.195 [main] INFO api.SurveyPointsApi - All values for field 'Expected completes' are valid for Member ID: 206
18:04:01.204 [main] INFO api.SurveyPointsApi - All values for field 'Expected completes' are valid for Member ID: 207
18:04:01.211 [main] INFO api.SurveyPointsApi - All values for field 'Expected completes' are valid for Member ID: 208
18:04:01.217 [main] INFO api.SurveyPointsApi - All values for field 'Expected completes' are valid for Member ID: 209
18:04:01.226 [main] INFO api.SurveyPointsApi - All values for field 'Expected completes' are valid for Member ID: 210
18:04:01.232 [main] INFO api.SurveyPointsApi - All values for field 'Expected completes' are valid for Member ID: 211
18:04:01.238 [main] INFO api.SurveyPointsApi - All values for field 'Expected completes' are valid for Member ID: 212
18:04:01.244 [main] INFO api.SurveyPointsApi - All values for field 'Expected completes' are valid for Member ID: 213
18:04:01.249 [main] INFO api.SurveyPointsApi - All values for field 'Expected completes' are valid for Member ID: 214
18:04:01.254 [main] INFO api.SurveyPointsApi - All values for field 'Expected completes' are valid for Member ID: 215
18:04:01.259 [main] INFO api.SurveyPointsApi - All values for field 'Expected completes' are valid for Member ID: 216
18:04:01.264 [main] INFO api.SurveyPointsApi - All values for field 'Expected completes' are valid for Member ID: 217
18:04:01.272 [main] INFO api.SurveyPointsApi - All values for field 'Expected completes' are valid for Member ID: 218
18:04:01.278 [main] INFO api.SurveyPointsApi - All values for field 'Expected completes' are valid for Member ID: 219
18:04:01.284 [main] INFO api.SurveyPointsApi - All values for field 'Expected completes' are valid for Member ID: 220
18:04:01.291 [main] INFO api.SurveyPointsApi - All values for field 'Expected completes' are valid for Member ID: 221
18:04:01.298 [main] INFO api.SurveyPointsApi - All values for field 'Expected completes' are valid for Member ID: 222
18:04:01.305 [main] INFO api.SurveyPointsApi - All values for field 'Expected completes' are valid for Member ID: 223
18:04:01.314 [main] INFO api.SurveyPointsApi - All values for field 'Expected completes' are valid for Member ID: 224
18:04:01.323 [main] INFO api.SurveyPointsApi - All values for field 'Expected completes' are valid for Member ID: 225
18:04:01.333 [main] INFO api.SurveyPointsApi - All values for field 'Expected completes' are valid for Member ID: 226
18:04:01.340 [main] INFO api.SurveyPointsApi - All values for field 'Expected completes' are valid for Member ID: 227
18:04:01.346 [main] INFO api.SurveyPointsApi - All values for field 'Expected completes' are valid for Member ID: 228
18:04:01.354 [main] INFO api.SurveyPointsApi - All values for field 'Expected completes' are valid for Member ID: 229
18:04:01.362 [main] INFO api.SurveyPointsApi - All values for field 'Expected completes' are valid for Member ID: 230
18:04:01.370 [main] INFO api.SurveyPointsApi - All values for field 'Expected completes' are valid for Member ID: 231
18:04:01.377 [main] INFO api.SurveyPointsApi - All values for field 'Expected completes' are valid for Member ID: 232
18:04:01.384 [main] INFO api.SurveyPointsApi - All values for field 'Expected completes' are valid for Member ID: 233
18:04:01.390 [main] INFO api.SurveyPointsApi - All values for field 'Expected completes' are valid for Member ID: 234
18:04:01.399 [main] INFO api.SurveyPointsApi - All values for field 'Expected completes' are valid for Member ID: 235
18:04:01.408 [main] INFO api.SurveyPointsApi - All values for field 'Expected completes' are valid for Member ID: 236
18:04:01.417 [main] INFO api.SurveyPointsApi - All values for field 'Expected completes' are valid for Member ID: 237
18:04:01.424 [main] INFO api.SurveyPointsApi - All values for field 'Expected completes' are valid for Member ID: 238
18:04:01.432 [main] INFO api.SurveyPointsApi - All values for field 'Expected completes' are valid for Member ID: 239
18:04:01.440 [main] INFO api.SurveyPointsApi - All values for field 'Expected completes' are valid for Member ID: 240
18:04:01.449 [main] INFO api.SurveyPointsApi - All values for field 'Expected completes' are valid for Member ID: 241
18:04:01.458 [main] INFO api.SurveyPointsApi - All values for field 'Expected completes' are valid for Member ID: 242
18:04:01.467 [main] INFO api.SurveyPointsApi - All values for field 'Expected completes' are valid for Member ID: 243
18:04:01.474 [main] INFO api.SurveyPointsApi - All values for field 'Expected completes' are valid for Member ID: 244
18:04:01.480 [main] INFO api.SurveyPointsApi - All values for field 'Expected completes' are valid for Member ID: 245
18:04:01.488 [main] INFO api.SurveyPointsApi - All values for field 'Expected completes' are valid for Member ID: 246
18:04:01.498 [main] INFO api.SurveyPointsApi - All values for field 'Expected completes' are valid for Member ID: 247
18:04:01.505 [main] INFO api.SurveyPointsApi - All values for field 'Expected completes' are valid for Member ID: 248
18:04:01.515 [main] INFO api.SurveyPointsApi - All values for field 'Expected completes' are valid for Member ID: 249
18:04:01.522 [main] INFO api.SurveyPointsApi - All values for field 'Expected completes' are valid for Member ID: 250
18:04:01.530 [main] INFO api.SurveyPointsApi - All values for field 'Expected completes' are valid for Member ID: 251
18:04:01.538 [main] INFO api.SurveyPointsApi - All values for field 'Expected completes' are valid for Member ID: 252
18:04:01.546 [main] INFO api.SurveyPointsApi - All values for field 'Expected completes' are valid for Member ID: 253
18:04:01.555 [main] INFO api.SurveyPointsApi - All values for field 'Expected completes' are valid for Member ID: 254
18:04:01.563 [main] INFO api.SurveyPointsApi - All values for field 'Expected completes' are valid for Member ID: 255
18:04:01.570 [main] INFO api.SurveyPointsApi - All values for field 'Expected completes' are valid for Member ID: 256
18:04:01.577 [main] INFO api.SurveyPointsApi - All values for field 'Expected completes' are valid for Member ID: 257
18:04:01.583 [main] INFO api.SurveyPointsApi - All values for field 'Expected completes' are valid for Member ID: 258
18:04:01.590 [main] INFO api.SurveyPointsApi - All values for field 'Expected completes' are valid for Member ID: 259
18:04:01.599 [main] INFO api.SurveyPointsApi - All values for field 'Expected completes' are valid for Member ID: 260
18:04:01.607 [main] INFO api.SurveyPointsApi - All values for field 'Expected completes' are valid for Member ID: 261
18:04:01.616 [main] INFO api.SurveyPointsApi - All values for field 'Expected completes' are valid for Member ID: 262
18:04:01.636 [main] INFO api.SurveyPointsApi - All values for field 'Expected completes' are valid for Member ID: 263
18:04:01.654 [main] INFO api.SurveyPointsApi - All values for field 'Expected completes' are valid for Member ID: 264
18:04:01.673 [main] INFO api.SurveyPointsApi - All values for field 'Expected completes' are valid for Member ID: 265
18:04:01.689 [main] INFO api.SurveyPointsApi - All values for field 'Expected completes' are valid for Member ID: 266
18:04:01.698 [main] INFO api.SurveyPointsApi - All values for field 'Expected completes' are valid for Member ID: 267
18:04:01.707 [main] INFO api.SurveyPointsApi - All values for field 'Expected completes' are valid for Member ID: 268
18:04:01.717 [main] INFO api.SurveyPointsApi - All values for field 'Expected completes' are valid for Member ID: 269
18:04:01.726 [main] INFO api.SurveyPointsApi - All values for field 'Expected completes' are valid for Member ID: 270
18:04:01.736 [main] INFO api.SurveyPointsApi - All values for field 'Expected completes' are valid for Member ID: 271
18:04:01.744 [main] INFO api.SurveyPointsApi - All values for field 'Expected completes' are valid for Member ID: 272
18:04:01.752 [main] INFO api.SurveyPointsApi - All values for field 'Expected completes' are valid for Member ID: 273
18:04:01.760 [main] INFO api.SurveyPointsApi - All values for field 'Expected completes' are valid for Member ID: 274
18:04:01.767 [main] INFO api.SurveyPointsApi - All values for field 'Expected completes' are valid for Member ID: 275
18:04:01.775 [main] INFO api.SurveyPointsApi - All values for field 'Expected completes' are valid for Member ID: 276
18:04:01.783 [main] INFO api.SurveyPointsApi - All values for field 'Expected completes' are valid for Member ID: 277
18:04:01.794 [main] INFO api.SurveyPointsApi - All values for field 'Expected completes' are valid for Member ID: 278
18:04:01.805 [main] INFO api.SurveyPointsApi - All values for field 'Expected completes' are valid for Member ID: 279
18:04:01.814 [main] INFO api.SurveyPointsApi - All values for field 'Expected completes' are valid for Member ID: 280
18:04:01.820 [main] INFO api.SurveyPointsApi - All values for field 'Expected completes' are valid for Member ID: 281
18:04:01.848 [main] INFO api.SurveyPointsApi - All values for field 'Expected completes' are valid for Member ID: 282
18:04:01.856 [main] INFO api.SurveyPointsApi - All values for field 'Expected completes' are valid for Member ID: 283
18:04:01.865 [main] INFO api.SurveyPointsApi - All values for field 'Expected completes' are valid for Member ID: 284
18:04:01.871 [main] INFO api.SurveyPointsApi - All values for field 'Expected completes' are valid for Member ID: 285
18:04:01.876 [main] INFO api.SurveyPointsApi - All values for field 'Expected completes' are valid for Member ID: 286
18:04:01.881 [main] INFO api.SurveyPointsApi - All values for field 'Expected completes' are valid for Member ID: 287
18:04:01.886 [main] INFO api.SurveyPointsApi - All values for field 'Expected completes' are valid for Member ID: 288
18:04:01.892 [main] INFO api.SurveyPointsApi - All values for field 'Expected completes' are valid for Member ID: 289
18:04:01.899 [main] INFO api.SurveyPointsApi - All values for field 'Expected completes' are valid for Member ID: 290
18:04:01.905 [main] INFO api.SurveyPointsApi - All values for field 'Expected completes' are valid for Member ID: 291
18:04:01.912 [main] INFO api.SurveyPointsApi - All values for field 'Expected completes' are valid for Member ID: 292
18:04:01.919 [main] INFO api.SurveyPointsApi - All values for field 'Expected completes' are valid for Member ID: 293
18:04:01.924 [main] INFO api.SurveyPointsApi - All values for field 'Expected completes' are valid for Member ID: 294
18:04:01.930 [main] INFO api.SurveyPointsApi - All values for field 'Expected completes' are valid for Member ID: 295
18:04:01.936 [main] INFO api.SurveyPointsApi - All values for field 'Expected completes' are valid for Member ID: 296
18:04:01.942 [main] INFO api.SurveyPointsApi - All values for field 'Expected completes' are valid for Member ID: 297
18:04:01.947 [main] INFO api.SurveyPointsApi - All values for field 'Expected completes' are valid for Member ID: 298
18:04:01.952 [main] INFO api.SurveyPointsApi - All values for field 'Expected completes' are valid for Member ID: 299
18:04:01.958 [main] INFO api.SurveyPointsApi - All values for field 'Expected completes' are valid for Member ID: 300
]]></system-out>
  </testcase>
  <testcase name="testSurveyPointsValidation" classname="tests.integration.SurveyPointsTest" time="1.183">
    <system-out><![CDATA[Point validation passed for Member ID: 1 and Survey ID: 16
Point: 45
Point validation passed for Member ID: 1 and Survey ID: 25
Point: 5
Point validation passed for Member ID: 1 and Survey ID: 45
Point: 20
Point validation passed for Member ID: 1 and Survey ID: 79
Point: 5
Point validation passed for Member ID: 1 and Survey ID: 82
Point: 35
Point validation passed for Member ID: 1 and Survey ID: 95
Point: 0
Point validation passed for Member ID: 2 and Survey ID: 1
Point: 5
Point validation passed for Member ID: 2 and Survey ID: 18
Point: 25
Point validation passed for Member ID: 2 and Survey ID: 30
Point: 25
Point validation passed for Member ID: 2 and Survey ID: 44
Point: 35
Point validation passed for Member ID: 2 and Survey ID: 49
Point: 4
Point validation passed for Member ID: 2 and Survey ID: 51
Point: 15
Point validation passed for Member ID: 2 and Survey ID: 60
Point: 35
Point validation passed for Member ID: 2 and Survey ID: 62
Point: 3
Point validation passed for Member ID: 2 and Survey ID: 65
Point: 5
Point validation passed for Member ID: 2 and Survey ID: 82
Point: 35
Point validation passed for Member ID: 2 and Survey ID: 85
Point: 25
Point validation passed for Member ID: 2 and Survey ID: 97
Point: 35
Point validation passed for Member ID: 3 and Survey ID: 3
Point: 2
Point validation passed for Member ID: 3 and Survey ID: 13
Point: 3
Point validation passed for Member ID: 3 and Survey ID: 16
Point: 45
Point validation passed for Member ID: 3 and Survey ID: 23
Point: 4
Point validation passed for Member ID: 3 and Survey ID: 25
Point: 5
Point validation passed for Member ID: 3 and Survey ID: 38
Point: 1
Point validation passed for Member ID: 3 and Survey ID: 47
Point: 20
Point validation passed for Member ID: 3 and Survey ID: 51
Point: 15
Point validation passed for Member ID: 3 and Survey ID: 58
Point: 45
Point validation passed for Member ID: 3 and Survey ID: 64
Point: 10
Point validation passed for Member ID: 3 and Survey ID: 78
Point: 30
Point validation passed for Member ID: 3 and Survey ID: 79
Point: 5
Point validation passed for Member ID: 3 and Survey ID: 81
Point: 0
Point validation passed for Member ID: 3 and Survey ID: 82
Point: 4
Point validation passed for Member ID: 4 and Survey ID: 20
Point: 20
Point validation passed for Member ID: 4 and Survey ID: 35
Point: 0
Point validation passed for Member ID: 4 and Survey ID: 50
Point: 35
Point validation passed for Member ID: 4 and Survey ID: 62
Point: 40
Point validation passed for Member ID: 4 and Survey ID: 64
Point: 5
Point validation passed for Member ID: 4 and Survey ID: 75
Point: 5
Point validation passed for Member ID: 5 and Survey ID: 3
Point: 0
Point validation passed for Member ID: 5 and Survey ID: 4
Point: 10
Point validation passed for Member ID: 5 and Survey ID: 15
Point: 0
Point validation passed for Member ID: 5 and Survey ID: 57
Point: 45
Point validation passed for Member ID: 5 and Survey ID: 60
Point: 35
Point validation passed for Member ID: 5 and Survey ID: 68
Point: 3
Point validation passed for Member ID: 6 and Survey ID: 20
Point: 20
Point validation passed for Member ID: 6 and Survey ID: 30
Point: 2
Point validation passed for Member ID: 6 and Survey ID: 40
Point: 10
Point validation passed for Member ID: 6 and Survey ID: 59
Point: 40
Point validation passed for Member ID: 6 and Survey ID: 63
Point: 30
Point validation passed for Member ID: 6 and Survey ID: 65
Point: 5
Point validation passed for Member ID: 6 and Survey ID: 75
Point: 5
Point validation passed for Member ID: 6 and Survey ID: 77
Point: 25
Point validation passed for Member ID: 6 and Survey ID: 83
Point: 5
Point validation passed for Member ID: 6 and Survey ID: 86
Point: 4
Point validation passed for Member ID: 6 and Survey ID: 96
Point: 5
Point validation passed for Member ID: 6 and Survey ID: 100
Point: 10
Point validation passed for Member ID: 7 and Survey ID: 2
Point: 15
Point validation passed for Member ID: 7 and Survey ID: 10
Point: 5
Point validation passed for Member ID: 7 and Survey ID: 24
Point: 0
Point validation passed for Member ID: 7 and Survey ID: 33
Point: 25
Point validation passed for Member ID: 7 and Survey ID: 54
Point: 4
Point validation passed for Member ID: 7 and Survey ID: 66
Point: 3
Point validation passed for Member ID: 7 and Survey ID: 78
Point: 0
Point validation passed for Member ID: 8 and Survey ID: 12
Point: 5
Point validation passed for Member ID: 8 and Survey ID: 21
Point: 50
Point validation passed for Member ID: 8 and Survey ID: 44
Point: 35
Point validation passed for Member ID: 8 and Survey ID: 46
Point: 10
Point validation passed for Member ID: 8 and Survey ID: 52
Point: 40
Point validation passed for Member ID: 8 and Survey ID: 54
Point: 0
Point validation passed for Member ID: 8 and Survey ID: 57
Point: 0
Point validation passed for Member ID: 8 and Survey ID: 59
Point: 40
Point validation passed for Member ID: 8 and Survey ID: 70
Point: 30
Point validation passed for Member ID: 8 and Survey ID: 73
Point: 15
Point validation passed for Member ID: 8 and Survey ID: 77
Point: 0
Point validation passed for Member ID: 8 and Survey ID: 79
Point: 5
Point validation passed for Member ID: 8 and Survey ID: 88
Point: 30
Point validation passed for Member ID: 8 and Survey ID: 96
Point: 50
Point validation passed for Member ID: 9 and Survey ID: 6
Point: 25
Point validation passed for Member ID: 9 and Survey ID: 21
Point: 50
Point validation passed for Member ID: 9 and Survey ID: 22
Point: 3
Point validation passed for Member ID: 9 and Survey ID: 54
Point: 25
Point validation passed for Member ID: 9 and Survey ID: 61
Point: 40
Point validation passed for Member ID: 9 and Survey ID: 98
Point: 45
Point validation passed for Member ID: 9 and Survey ID: 100
Point: 10
Point validation passed for Member ID: 10 and Survey ID: 2
Point: 15
Point validation passed for Member ID: 10 and Survey ID: 4
Point: 1
Point validation passed for Member ID: 10 and Survey ID: 17
Point: 15
Point validation passed for Member ID: 10 and Survey ID: 27
Point: 15
Point validation passed for Member ID: 10 and Survey ID: 30
Point: 25
Point validation passed for Member ID: 10 and Survey ID: 33
Point: 25
Point validation passed for Member ID: 10 and Survey ID: 35
Point: 10
Point validation passed for Member ID: 10 and Survey ID: 36
Point: 35
Point validation passed for Member ID: 10 and Survey ID: 43
Point: 30
Point validation passed for Member ID: 10 and Survey ID: 71
Point: 30
Point validation passed for Member ID: 10 and Survey ID: 72
Point: 25
Point validation passed for Member ID: 10 and Survey ID: 79
Point: 5
Point validation passed for Member ID: 10 and Survey ID: 80
Point: 0
Point validation passed for Member ID: 10 and Survey ID: 81
Point: 20
Point validation passed for Member ID: 10 and Survey ID: 84
Point: 25
Point validation passed for Member ID: 10 and Survey ID: 87
Point: 4
Point validation passed for Member ID: 10 and Survey ID: 93
Point: 45
Point validation passed for Member ID: 10 and Survey ID: 100
Point: 0
Point validation passed for Member ID: 11 and Survey ID: 5
Point: 4
Point validation passed for Member ID: 11 and Survey ID: 20
Point: 20
Point validation passed for Member ID: 11 and Survey ID: 23
Point: 10
Point validation passed for Member ID: 11 and Survey ID: 30
Point: 25
Point validation passed for Member ID: 11 and Survey ID: 34
Point: 15
Point validation passed for Member ID: 11 and Survey ID: 41
Point: 40
Point validation passed for Member ID: 11 and Survey ID: 66
Point: 0
Point validation passed for Member ID: 11 and Survey ID: 67
Point: 35
Point validation passed for Member ID: 11 and Survey ID: 70
Point: 30
Point validation passed for Member ID: 11 and Survey ID: 85
Point: 25
Point validation passed for Member ID: 11 and Survey ID: 88
Point: 30
Point validation passed for Member ID: 11 and Survey ID: 89
Point: 0
Point validation passed for Member ID: 11 and Survey ID: 91
Point: 0
Point validation passed for Member ID: 12 and Survey ID: 2
Point: 15
Point validation passed for Member ID: 12 and Survey ID: 3
Point: 10
Point validation passed for Member ID: 12 and Survey ID: 4
Point: 1
Point validation passed for Member ID: 12 and Survey ID: 6
Point: 0
Point validation passed for Member ID: 12 and Survey ID: 17
Point: 15
Point validation passed for Member ID: 12 and Survey ID: 21
Point: 3
Point validation passed for Member ID: 12 and Survey ID: 31
Point: 50
Point validation passed for Member ID: 12 and Survey ID: 39
Point: 40
Point validation passed for Member ID: 12 and Survey ID: 47
Point: 20
Point validation passed for Member ID: 12 and Survey ID: 58
Point: 45
Point validation passed for Member ID: 12 and Survey ID: 63
Point: 30
Point validation passed for Member ID: 12 and Survey ID: 86
Point: 30
Point validation passed for Member ID: 12 and Survey ID: 91
Point: 4
Point validation passed for Member ID: 12 and Survey ID: 94
Point: 5
Point validation passed for Member ID: 13 and Survey ID: 23
Point: 10
Point validation passed for Member ID: 13 and Survey ID: 24
Point: 35
Point validation passed for Member ID: 13 and Survey ID: 25
Point: 5
Point validation passed for Member ID: 13 and Survey ID: 28
Point: 10
Point validation passed for Member ID: 13 and Survey ID: 37
Point: 25
Point validation passed for Member ID: 13 and Survey ID: 53
Point: 5
Point validation passed for Member ID: 13 and Survey ID: 61
Point: 40
Point validation passed for Member ID: 13 and Survey ID: 65
Point: 20
Point validation passed for Member ID: 13 and Survey ID: 69
Point: 10
Point validation passed for Member ID: 13 and Survey ID: 76
Point: 40
Point validation passed for Member ID: 13 and Survey ID: 78
Point: 30
Point validation passed for Member ID: 13 and Survey ID: 82
Point: 0
Point validation passed for Member ID: 13 and Survey ID: 97
Point: 35
Point validation passed for Member ID: 14 and Survey ID: 3
Point: 10
Point validation passed for Member ID: 14 and Survey ID: 12
Point: 5
Point validation passed for Member ID: 14 and Survey ID: 15
Point: 1
Point validation passed for Member ID: 14 and Survey ID: 25
Point: 5
Point validation passed for Member ID: 14 and Survey ID: 27
Point: 1
Point validation passed for Member ID: 14 and Survey ID: 29
Point: 50
Point validation passed for Member ID: 14 and Survey ID: 31
Point: 50
Point validation passed for Member ID: 14 and Survey ID: 47
Point: 20
Point validation passed for Member ID: 14 and Survey ID: 57
Point: 3
Point validation passed for Member ID: 14 and Survey ID: 60
Point: 2
Point validation passed for Member ID: 14 and Survey ID: 64
Point: 10
Point validation passed for Member ID: 14 and Survey ID: 74
Point: 50
Point validation passed for Member ID: 14 and Survey ID: 86
Point: 30
Point validation passed for Member ID: 14 and Survey ID: 87
Point: 4
Point validation passed for Member ID: 15 and Survey ID: 3
Point: 10
Point validation passed for Member ID: 15 and Survey ID: 16
Point: 45
Point validation passed for Member ID: 15 and Survey ID: 23
Point: 10
Point validation passed for Member ID: 15 and Survey ID: 36
Point: 2
Point validation passed for Member ID: 15 and Survey ID: 60
Point: 2
Point validation passed for Member ID: 15 and Survey ID: 65
Point: 20
Point validation passed for Member ID: 15 and Survey ID: 81
Point: 20
Point validation passed for Member ID: 15 and Survey ID: 97
Point: 35
Point validation passed for Member ID: 15 and Survey ID: 99
Point: 25
Point validation passed for Member ID: 16 and Survey ID: 4
Point: 10
Point validation passed for Member ID: 16 and Survey ID: 19
Point: 45
Point validation passed for Member ID: 16 and Survey ID: 24
Point: 35
Point validation passed for Member ID: 16 and Survey ID: 28
Point: 10
Point validation passed for Member ID: 16 and Survey ID: 32
Point: 0
Point validation passed for Member ID: 16 and Survey ID: 36
Point: 35
Point validation passed for Member ID: 16 and Survey ID: 54
Point: 4
Point validation passed for Member ID: 16 and Survey ID: 61
Point: 40
Point validation passed for Member ID: 16 and Survey ID: 69
Point: 10
Point validation passed for Member ID: 16 and Survey ID: 84
Point: 25
Point validation passed for Member ID: 16 and Survey ID: 93
Point: 45
Point validation passed for Member ID: 17 and Survey ID: 4
Point: 10
Point validation passed for Member ID: 17 and Survey ID: 6
Point: 25
Point validation passed for Member ID: 17 and Survey ID: 18
Point: 25
Point validation passed for Member ID: 17 and Survey ID: 37
Point: 25
Point validation passed for Member ID: 17 and Survey ID: 63
Point: 30
Point validation passed for Member ID: 17 and Survey ID: 65
Point: 5
Point validation passed for Member ID: 17 and Survey ID: 67
Point: 5
Point validation passed for Member ID: 17 and Survey ID: 79
Point: 5
Point validation passed for Member ID: 17 and Survey ID: 95
Point: 15
Point validation passed for Member ID: 17 and Survey ID: 100
Point: 10
Point validation passed for Member ID: 18 and Survey ID: 5
Point: 4
Point validation passed for Member ID: 18 and Survey ID: 13
Point: 0
Point validation passed for Member ID: 18 and Survey ID: 18
Point: 25
Point validation passed for Member ID: 18 and Survey ID: 27
Point: 1
Point validation passed for Member ID: 18 and Survey ID: 34
Point: 15
Point validation passed for Member ID: 18 and Survey ID: 37
Point: 0
Point validation passed for Member ID: 18 and Survey ID: 41
Point: 40
Point validation passed for Member ID: 18 and Survey ID: 61
Point: 40
Point validation passed for Member ID: 18 and Survey ID: 62
Point: 40
Point validation passed for Member ID: 18 and Survey ID: 92
Point: 45
Point validation passed for Member ID: 18 and Survey ID: 93
Point: 45
Point validation passed for Member ID: 18 and Survey ID: 94
Point: 5
Point validation passed for Member ID: 19 and Survey ID: 15
Point: 10
Point validation passed for Member ID: 19 and Survey ID: 22
Point: 3
Point validation passed for Member ID: 19 and Survey ID: 26
Point: 2
Point validation passed for Member ID: 19 and Survey ID: 28
Point: 0
Point validation passed for Member ID: 19 and Survey ID: 34
Point: 15
Point validation passed for Member ID: 19 and Survey ID: 51
Point: 15
Point validation passed for Member ID: 19 and Survey ID: 54
Point: 25
Point validation passed for Member ID: 19 and Survey ID: 79
Point: 20
Point validation passed for Member ID: 19 and Survey ID: 88
Point: 30
Point validation passed for Member ID: 20 and Survey ID: 4
Point: 1
Point validation passed for Member ID: 20 and Survey ID: 10
Point: 2
Point validation passed for Member ID: 20 and Survey ID: 27
Point: 15
Point validation passed for Member ID: 20 and Survey ID: 29
Point: 0
Point validation passed for Member ID: 20 and Survey ID: 32
Point: 40
Point validation passed for Member ID: 20 and Survey ID: 40
Point: 10
Point validation passed for Member ID: 20 and Survey ID: 44
Point: 35
Point validation passed for Member ID: 20 and Survey ID: 50
Point: 35
Point validation passed for Member ID: 20 and Survey ID: 57
Point: 45
Point validation passed for Member ID: 20 and Survey ID: 70
Point: 30
Point validation passed for Member ID: 20 and Survey ID: 73
Point: 0
Point validation passed for Member ID: 20 and Survey ID: 80
Point: 45
Point validation passed for Member ID: 20 and Survey ID: 83
Point: 5
Point validation passed for Member ID: 20 and Survey ID: 86
Point: 30
Point validation passed for Member ID: 21 and Survey ID: 5
Point: 35
Point validation passed for Member ID: 21 and Survey ID: 7
Point: 45
Point validation passed for Member ID: 21 and Survey ID: 8
Point: 0
Point validation passed for Member ID: 21 and Survey ID: 9
Point: 0
Point validation passed for Member ID: 21 and Survey ID: 11
Point: 4
Point validation passed for Member ID: 21 and Survey ID: 17
Point: 0
Point validation passed for Member ID: 21 and Survey ID: 38
Point: 1
Point validation passed for Member ID: 21 and Survey ID: 53
Point: 20
Point validation passed for Member ID: 21 and Survey ID: 54
Point: 0
Point validation passed for Member ID: 21 and Survey ID: 55
Point: 1
Point validation passed for Member ID: 21 and Survey ID: 66
Point: 15
Point validation passed for Member ID: 21 and Survey ID: 69
Point: 1
Point validation passed for Member ID: 21 and Survey ID: 82
Point: 35
Point validation passed for Member ID: 21 and Survey ID: 86
Point: 30
Point validation passed for Member ID: 21 and Survey ID: 88
Point: 30
Point validation passed for Member ID: 21 and Survey ID: 90
Point: 5
Point validation passed for Member ID: 21 and Survey ID: 98
Point: 5
Point validation passed for Member ID: 22 and Survey ID: 11
Point: 45
Point validation passed for Member ID: 22 and Survey ID: 18
Point: 0
Point validation passed for Member ID: 22 and Survey ID: 45
Point: 20
Point validation passed for Member ID: 22 and Survey ID: 47
Point: 3
Point validation passed for Member ID: 22 and Survey ID: 51
Point: 15
Point validation passed for Member ID: 22 and Survey ID: 55
Point: 35
Point validation passed for Member ID: 22 and Survey ID: 56
Point: 10
Point validation passed for Member ID: 22 and Survey ID: 82
Point: 4
Point validation passed for Member ID: 22 and Survey ID: 84
Point: 25
Point validation passed for Member ID: 22 and Survey ID: 86
Point: 30
Point validation passed for Member ID: 22 and Survey ID: 92
Point: 0
Point validation passed for Member ID: 23 and Survey ID: 23
Point: 10
Point validation passed for Member ID: 23 and Survey ID: 41
Point: 40
Point validation passed for Member ID: 23 and Survey ID: 47
Point: 20
Point validation passed for Member ID: 23 and Survey ID: 54
Point: 4
Point validation passed for Member ID: 23 and Survey ID: 82
Point: 4
Point validation passed for Member ID: 24 and Survey ID: 17
Point: 15
Point validation passed for Member ID: 24 and Survey ID: 19
Point: 0
Point validation passed for Member ID: 24 and Survey ID: 28
Point: 4
Point validation passed for Member ID: 24 and Survey ID: 31
Point: 50
Point validation passed for Member ID: 24 and Survey ID: 41
Point: 0
Point validation passed for Member ID: 24 and Survey ID: 43
Point: 5
Point validation passed for Member ID: 24 and Survey ID: 63
Point: 30
Point validation passed for Member ID: 24 and Survey ID: 64
Point: 5
Point validation passed for Member ID: 24 and Survey ID: 67
Point: 35
Point validation passed for Member ID: 24 and Survey ID: 68
Point: 5
Point validation passed for Member ID: 24 and Survey ID: 77
Point: 25
Point validation passed for Member ID: 24 and Survey ID: 81
Point: 20
Point validation passed for Member ID: 24 and Survey ID: 89
Point: 10
Point validation passed for Member ID: 24 and Survey ID: 95
Point: 15
Point validation passed for Member ID: 25 and Survey ID: 10
Point: 5
Point validation passed for Member ID: 25 and Survey ID: 16
Point: 45
Point validation passed for Member ID: 25 and Survey ID: 25
Point: 5
Point validation passed for Member ID: 25 and Survey ID: 49
Point: 35
Point validation passed for Member ID: 25 and Survey ID: 76
Point: 5
Point validation passed for Member ID: 25 and Survey ID: 79
Point: 20
Point validation passed for Member ID: 25 and Survey ID: 81
Point: 1
Point validation passed for Member ID: 25 and Survey ID: 96
Point: 50
Point validation passed for Member ID: 26 and Survey ID: 4
Point: 10
Point validation passed for Member ID: 26 and Survey ID: 9
Point: 35
Point validation passed for Member ID: 26 and Survey ID: 11
Point: 45
Point validation passed for Member ID: 26 and Survey ID: 53
Point: 5
Point validation passed for Member ID: 26 and Survey ID: 57
Point: 0
Point validation passed for Member ID: 26 and Survey ID: 62
Point: 3
Point validation passed for Member ID: 26 and Survey ID: 74
Point: 50
Point validation passed for Member ID: 26 and Survey ID: 100
Point: 3
Point validation passed for Member ID: 27 and Survey ID: 9
Point: 35
Point validation passed for Member ID: 27 and Survey ID: 26
Point: 5
Point validation passed for Member ID: 27 and Survey ID: 40
Point: 10
Point validation passed for Member ID: 27 and Survey ID: 43
Point: 30
Point validation passed for Member ID: 27 and Survey ID: 52
Point: 3
Point validation passed for Member ID: 27 and Survey ID: 61
Point: 40
Point validation passed for Member ID: 27 and Survey ID: 63
Point: 5
Point validation passed for Member ID: 27 and Survey ID: 67
Point: 35
Point validation passed for Member ID: 27 and Survey ID: 79
Point: 20
Point validation passed for Member ID: 27 and Survey ID: 95
Point: 0
Point validation passed for Member ID: 28 and Survey ID: 14
Point: 50
Point validation passed for Member ID: 28 and Survey ID: 21
Point: 50
Point validation passed for Member ID: 28 and Survey ID: 26
Point: 5
Point validation passed for Member ID: 28 and Survey ID: 60
Point: 35
Point validation passed for Member ID: 28 and Survey ID: 80
Point: 0
Point validation passed for Member ID: 28 and Survey ID: 84
Point: 25
Point validation passed for Member ID: 28 and Survey ID: 89
Point: 10
Point validation passed for Member ID: 29 and Survey ID: 3
Point: 10
Point validation passed for Member ID: 29 and Survey ID: 4
Point: 10
Point validation passed for Member ID: 29 and Survey ID: 11
Point: 45
Point validation passed for Member ID: 29 and Survey ID: 22
Point: 40
Point validation passed for Member ID: 29 and Survey ID: 53
Point: 20
Point validation passed for Member ID: 29 and Survey ID: 64
Point: 5
Point validation passed for Member ID: 29 and Survey ID: 71
Point: 30
Point validation passed for Member ID: 29 and Survey ID: 72
Point: 3
Point validation passed for Member ID: 29 and Survey ID: 78
Point: 3
Point validation passed for Member ID: 30 and Survey ID: 19
Point: 45
Point validation passed for Member ID: 30 and Survey ID: 32
Point: 2
Point validation passed for Member ID: 30 and Survey ID: 34
Point: 15
Point validation passed for Member ID: 30 and Survey ID: 36
Point: 35
Point validation passed for Member ID: 30 and Survey ID: 47
Point: 20
Point validation passed for Member ID: 30 and Survey ID: 48
Point: 40
Point validation passed for Member ID: 30 and Survey ID: 55
Point: 0
Point validation passed for Member ID: 30 and Survey ID: 57
Point: 45
Point validation passed for Member ID: 30 and Survey ID: 60
Point: 0
Point validation passed for Member ID: 30 and Survey ID: 73
Point: 15
Point validation passed for Member ID: 30 and Survey ID: 85
Point: 25
Point validation passed for Member ID: 30 and Survey ID: 89
Point: 10
Point validation passed for Member ID: 31 and Survey ID: 6
Point: 5
Point validation passed for Member ID: 31 and Survey ID: 10
Point: 2
Point validation passed for Member ID: 31 and Survey ID: 11
Point: 45
Point validation passed for Member ID: 31 and Survey ID: 26
Point: 5
Point validation passed for Member ID: 31 and Survey ID: 42
Point: 4
Point validation passed for Member ID: 31 and Survey ID: 58
Point: 45
Point validation passed for Member ID: 31 and Survey ID: 62
Point: 40
Point validation passed for Member ID: 31 and Survey ID: 70
Point: 30
Point validation passed for Member ID: 32 and Survey ID: 2
Point: 15
Point validation passed for Member ID: 32 and Survey ID: 5
Point: 35
Point validation passed for Member ID: 32 and Survey ID: 6
Point: 0
Point validation passed for Member ID: 32 and Survey ID: 14
Point: 50
Point validation passed for Member ID: 32 and Survey ID: 33
Point: 25
Point validation passed for Member ID: 32 and Survey ID: 35
Point: 10
Point validation passed for Member ID: 32 and Survey ID: 37
Point: 25
Point validation passed for Member ID: 32 and Survey ID: 39
Point: 40
Point validation passed for Member ID: 32 and Survey ID: 58
Point: 45
Point validation passed for Member ID: 32 and Survey ID: 80
Point: 45
Point validation passed for Member ID: 33 and Survey ID: 3
Point: 10
Point validation passed for Member ID: 33 and Survey ID: 37
Point: 25
Point validation passed for Member ID: 33 and Survey ID: 38
Point: 30
Point validation passed for Member ID: 33 and Survey ID: 42
Point: 4
Point validation passed for Member ID: 33 and Survey ID: 49
Point: 0
Point validation passed for Member ID: 33 and Survey ID: 59
Point: 40
Point validation passed for Member ID: 33 and Survey ID: 63
Point: 30
Point validation passed for Member ID: 33 and Survey ID: 77
Point: 25
Point validation passed for Member ID: 33 and Survey ID: 89
Point: 10
Point validation passed for Member ID: 34 and Survey ID: 4
Point: 10
Point validation passed for Member ID: 34 and Survey ID: 13
Point: 40
Point validation passed for Member ID: 34 and Survey ID: 23
Point: 0
Point validation passed for Member ID: 34 and Survey ID: 24
Point: 35
Point validation passed for Member ID: 34 and Survey ID: 32
Point: 0
Point validation passed for Member ID: 34 and Survey ID: 36
Point: 35
Point validation passed for Member ID: 34 and Survey ID: 54
Point: 25
Point validation passed for Member ID: 34 and Survey ID: 65
Point: 20
Point validation passed for Member ID: 34 and Survey ID: 77
Point: 25
Point validation passed for Member ID: 34 and Survey ID: 82
Point: 35
Point validation passed for Member ID: 34 and Survey ID: 97
Point: 35
Point validation passed for Member ID: 35 and Survey ID: 1
Point: 2
Point validation passed for Member ID: 35 and Survey ID: 2
Point: 15
Point validation passed for Member ID: 35 and Survey ID: 9
Point: 35
Point validation passed for Member ID: 35 and Survey ID: 10
Point: 5
Point validation passed for Member ID: 35 and Survey ID: 21
Point: 50
Point validation passed for Member ID: 35 and Survey ID: 30
Point: 25
Point validation passed for Member ID: 35 and Survey ID: 35
Point: 10
Point validation passed for Member ID: 35 and Survey ID: 42
Point: 25
Point validation passed for Member ID: 35 and Survey ID: 48
Point: 0
Point validation passed for Member ID: 35 and Survey ID: 62
Point: 40
Point validation passed for Member ID: 35 and Survey ID: 90
Point: 5
Point validation passed for Member ID: 35 and Survey ID: 94
Point: 5
Point validation passed for Member ID: 36 and Survey ID: 2
Point: 15
Point validation passed for Member ID: 36 and Survey ID: 28
Point: 10
Point validation passed for Member ID: 36 and Survey ID: 29
Point: 50
Point validation passed for Member ID: 36 and Survey ID: 44
Point: 5
Point validation passed for Member ID: 36 and Survey ID: 46
Point: 10
Point validation passed for Member ID: 36 and Survey ID: 57
Point: 0
Point validation passed for Member ID: 36 and Survey ID: 60
Point: 35
Point validation passed for Member ID: 36 and Survey ID: 67
Point: 35
Point validation passed for Member ID: 36 and Survey ID: 72
Point: 25
Point validation passed for Member ID: 36 and Survey ID: 79
Point: 20
Point validation passed for Member ID: 36 and Survey ID: 80
Point: 45
Point validation passed for Member ID: 36 and Survey ID: 84
Point: 2
Point validation passed for Member ID: 36 and Survey ID: 98
Point: 45
Point validation passed for Member ID: 37 and Survey ID: 12
Point: 5
Point validation passed for Member ID: 37 and Survey ID: 20
Point: 20
Point validation passed for Member ID: 37 and Survey ID: 26
Point: 5
Point validation passed for Member ID: 37 and Survey ID: 65
Point: 20
Point validation passed for Member ID: 37 and Survey ID: 67
Point: 35
Point validation passed for Member ID: 37 and Survey ID: 71
Point: 0
Point validation passed for Member ID: 37 and Survey ID: 83
Point: 5
Point validation passed for Member ID: 38 and Survey ID: 1
Point: 0
Point validation passed for Member ID: 38 and Survey ID: 7
Point: 45
Point validation passed for Member ID: 38 and Survey ID: 8
Point: 4
Point validation passed for Member ID: 38 and Survey ID: 25
Point: 5
Point validation passed for Member ID: 38 and Survey ID: 29
Point: 50
Point validation passed for Member ID: 38 and Survey ID: 33
Point: 25
Point validation passed for Member ID: 38 and Survey ID: 55
Point: 1
Point validation passed for Member ID: 38 and Survey ID: 71
Point: 0
Point validation passed for Member ID: 38 and Survey ID: 74
Point: 0
Point validation passed for Member ID: 38 and Survey ID: 86
Point: 4
Point validation passed for Member ID: 38 and Survey ID: 92
Point: 45
Point validation passed for Member ID: 38 and Survey ID: 96
Point: 5
Point validation passed for Member ID: 39 and Survey ID: 9
Point: 35
Point validation passed for Member ID: 39 and Survey ID: 14
Point: 2
Point validation passed for Member ID: 39 and Survey ID: 28
Point: 10
Point validation passed for Member ID: 39 and Survey ID: 36
Point: 2
Point validation passed for Member ID: 39 and Survey ID: 54
Point: 25
Point validation passed for Member ID: 39 and Survey ID: 57
Point: 45
Point validation passed for Member ID: 39 and Survey ID: 64
Point: 0
Point validation passed for Member ID: 39 and Survey ID: 74
Point: 50
Point validation passed for Member ID: 39 and Survey ID: 75
Point: 10
Point validation passed for Member ID: 39 and Survey ID: 91
Point: 5
Point validation passed for Member ID: 40 and Survey ID: 16
Point: 45
Point validation passed for Member ID: 40 and Survey ID: 21
Point: 3
Point validation passed for Member ID: 40 and Survey ID: 23
Point: 10
Point validation passed for Member ID: 40 and Survey ID: 34
Point: 15
Point validation passed for Member ID: 40 and Survey ID: 46
Point: 10
Point validation passed for Member ID: 40 and Survey ID: 54
Point: 25
Point validation passed for Member ID: 40 and Survey ID: 78
Point: 0
Point validation passed for Member ID: 40 and Survey ID: 79
Point: 20
Point validation passed for Member ID: 40 and Survey ID: 83
Point: 5
Point validation passed for Member ID: 40 and Survey ID: 85
Point: 25
Point validation passed for Member ID: 40 and Survey ID: 99
Point: 0
Point validation passed for Member ID: 40 and Survey ID: 100
Point: 10
Point validation passed for Member ID: 41 and Survey ID: 7
Point: 45
Point validation passed for Member ID: 41 and Survey ID: 12
Point: 5
Point validation passed for Member ID: 41 and Survey ID: 15
Point: 10
Point validation passed for Member ID: 41 and Survey ID: 16
Point: 3
Point validation passed for Member ID: 41 and Survey ID: 26
Point: 5
Point validation passed for Member ID: 41 and Survey ID: 34
Point: 0
Point validation passed for Member ID: 41 and Survey ID: 43
Point: 30
Point validation passed for Member ID: 41 and Survey ID: 48
Point: 5
Point validation passed for Member ID: 41 and Survey ID: 49
Point: 35
Point validation passed for Member ID: 41 and Survey ID: 57
Point: 3
Point validation passed for Member ID: 41 and Survey ID: 62
Point: 0
Point validation passed for Member ID: 41 and Survey ID: 85
Point: 25
Point validation passed for Member ID: 41 and Survey ID: 87
Point: 15
Point validation passed for Member ID: 41 and Survey ID: 93
Point: 0
Point validation passed for Member ID: 42 and Survey ID: 4
Point: 10
Point validation passed for Member ID: 42 and Survey ID: 11
Point: 0
Point validation passed for Member ID: 42 and Survey ID: 15
Point: 10
Point validation passed for Member ID: 42 and Survey ID: 34
Point: 0
Point validation passed for Member ID: 42 and Survey ID: 56
Point: 1
Point validation passed for Member ID: 42 and Survey ID: 58
Point: 45
Point validation passed for Member ID: 42 and Survey ID: 79
Point: 0
Point validation passed for Member ID: 42 and Survey ID: 88
Point: 30
Point validation passed for Member ID: 42 and Survey ID: 95
Point: 15
Point validation passed for Member ID: 42 and Survey ID: 96
Point: 50
Point validation passed for Member ID: 42 and Survey ID: 99
Point: 25
Point validation passed for Member ID: 43 and Survey ID: 5
Point: 0
Point validation passed for Member ID: 43 and Survey ID: 35
Point: 10
Point validation passed for Member ID: 43 and Survey ID: 42
Point: 25
Point validation passed for Member ID: 43 and Survey ID: 44
Point: 35
Point validation passed for Member ID: 43 and Survey ID: 49
Point: 4
Point validation passed for Member ID: 44 and Survey ID: 10
Point: 5
Point validation passed for Member ID: 44 and Survey ID: 32
Point: 40
Point validation passed for Member ID: 44 and Survey ID: 59
Point: 40
Point validation passed for Member ID: 44 and Survey ID: 65
Point: 20
Point validation passed for Member ID: 44 and Survey ID: 72
Point: 25
Point validation passed for Member ID: 44 and Survey ID: 78
Point: 30
Point validation passed for Member ID: 45 and Survey ID: 2
Point: 0
Point validation passed for Member ID: 45 and Survey ID: 11
Point: 45
Point validation passed for Member ID: 45 and Survey ID: 29
Point: 50
Point validation passed for Member ID: 45 and Survey ID: 47
Point: 20
Point validation passed for Member ID: 45 and Survey ID: 49
Point: 35
Point validation passed for Member ID: 45 and Survey ID: 55
Point: 35
Point validation passed for Member ID: 45 and Survey ID: 60
Point: 0
Point validation passed for Member ID: 45 and Survey ID: 70
Point: 5
Point validation passed for Member ID: 46 and Survey ID: 5
Point: 4
Point validation passed for Member ID: 46 and Survey ID: 25
Point: 5
Point validation passed for Member ID: 46 and Survey ID: 38
Point: 1
Point validation passed for Member ID: 46 and Survey ID: 52
Point: 40
Point validation passed for Member ID: 46 and Survey ID: 59
Point: 40
Point validation passed for Member ID: 46 and Survey ID: 63
Point: 5
Point validation passed for Member ID: 46 and Survey ID: 73
Point: 2
Point validation passed for Member ID: 46 and Survey ID: 74
Point: 0
Point validation passed for Member ID: 47 and Survey ID: 32
Point: 40
Point validation passed for Member ID: 47 and Survey ID: 50
Point: 35
Point validation passed for Member ID: 47 and Survey ID: 62
Point: 0
Point validation passed for Member ID: 47 and Survey ID: 88
Point: 30
Point validation passed for Member ID: 48 and Survey ID: 12
Point: 1
Point validation passed for Member ID: 48 and Survey ID: 47
Point: 3
Point validation passed for Member ID: 48 and Survey ID: 58
Point: 45
Point validation passed for Member ID: 48 and Survey ID: 67
Point: 35
Point validation passed for Member ID: 48 and Survey ID: 82
Point: 4
Point validation passed for Member ID: 48 and Survey ID: 83
Point: 5
Point validation passed for Member ID: 48 and Survey ID: 92
Point: 45
Point validation passed for Member ID: 48 and Survey ID: 99
Point: 25
Point validation passed for Member ID: 49 and Survey ID: 2
Point: 0
Point validation passed for Member ID: 49 and Survey ID: 9
Point: 2
Point validation passed for Member ID: 49 and Survey ID: 19
Point: 45
Point validation passed for Member ID: 49 and Survey ID: 27
Point: 0
Point validation passed for Member ID: 49 and Survey ID: 28
Point: 10
Point validation passed for Member ID: 49 and Survey ID: 32
Point: 40
Point validation passed for Member ID: 49 and Survey ID: 35
Point: 10
Point validation passed for Member ID: 49 and Survey ID: 39
Point: 40
Point validation passed for Member ID: 49 and Survey ID: 47
Point: 20
Point validation passed for Member ID: 49 and Survey ID: 50
Point: 5
Point validation passed for Member ID: 49 and Survey ID: 51
Point: 15
Point validation passed for Member ID: 49 and Survey ID: 53
Point: 5
Point validation passed for Member ID: 49 and Survey ID: 62
Point: 40
Point validation passed for Member ID: 49 and Survey ID: 63
Point: 30
Point validation passed for Member ID: 49 and Survey ID: 65
Point: 0
Point validation passed for Member ID: 49 and Survey ID: 69
Point: 1
Point validation passed for Member ID: 49 and Survey ID: 97
Point: 1
Point validation passed for Member ID: 50 and Survey ID: 1
Point: 5
Point validation passed for Member ID: 50 and Survey ID: 4
Point: 10
Point validation passed for Member ID: 50 and Survey ID: 19
Point: 45
Point validation passed for Member ID: 50 and Survey ID: 21
Point: 50
Point validation passed for Member ID: 50 and Survey ID: 25
Point: 5
Point validation passed for Member ID: 50 and Survey ID: 34
Point: 15
Point validation passed for Member ID: 50 and Survey ID: 56
Point: 10
Point validation passed for Member ID: 50 and Survey ID: 57
Point: 0
Point validation passed for Member ID: 50 and Survey ID: 79
Point: 20
Point validation passed for Member ID: 50 and Survey ID: 99
Point: 3
Point validation passed for Member ID: 51 and Survey ID: 3
Point: 10
Point validation passed for Member ID: 51 and Survey ID: 10
Point: 5
Point validation passed for Member ID: 51 and Survey ID: 39
Point: 40
Point validation passed for Member ID: 51 and Survey ID: 40
Point: 10
Point validation passed for Member ID: 51 and Survey ID: 49
Point: 35
Point validation passed for Member ID: 51 and Survey ID: 53
Point: 0
Point validation passed for Member ID: 51 and Survey ID: 56
Point: 1
Point validation passed for Member ID: 51 and Survey ID: 59
Point: 2
Point validation passed for Member ID: 51 and Survey ID: 84
Point: 25
Point validation passed for Member ID: 51 and Survey ID: 88
Point: 30
Point validation passed for Member ID: 51 and Survey ID: 95
Point: 15
Point validation passed for Member ID: 51 and Survey ID: 100
Point: 10
Point validation passed for Member ID: 52 and Survey ID: 14
Point: 50
Point validation passed for Member ID: 52 and Survey ID: 29
Point: 50
Point validation passed for Member ID: 52 and Survey ID: 35
Point: 10
Point validation passed for Member ID: 52 and Survey ID: 43
Point: 30
Point validation passed for Member ID: 52 and Survey ID: 47
Point: 20
Point validation passed for Member ID: 52 and Survey ID: 53
Point: 20
Point validation passed for Member ID: 52 and Survey ID: 68
Point: 5
Point validation passed for Member ID: 52 and Survey ID: 72
Point: 25
Point validation passed for Member ID: 52 and Survey ID: 82
Point: 35
Point validation passed for Member ID: 52 and Survey ID: 85
Point: 2
Point validation passed for Member ID: 53 and Survey ID: 4
Point: 10
Point validation passed for Member ID: 53 and Survey ID: 26
Point: 5
Point validation passed for Member ID: 53 and Survey ID: 38
Point: 1
Point validation passed for Member ID: 53 and Survey ID: 42
Point: 25
Point validation passed for Member ID: 53 and Survey ID: 48
Point: 0
Point validation passed for Member ID: 53 and Survey ID: 49
Point: 35
Point validation passed for Member ID: 53 and Survey ID: 73
Point: 15
Point validation passed for Member ID: 53 and Survey ID: 77
Point: 25
Point validation passed for Member ID: 53 and Survey ID: 79
Point: 5
Point validation passed for Member ID: 54 and Survey ID: 1
Point: 5
Point validation passed for Member ID: 54 and Survey ID: 14
Point: 2
Point validation passed for Member ID: 54 and Survey ID: 21
Point: 50
Point validation passed for Member ID: 54 and Survey ID: 27
Point: 15
Point validation passed for Member ID: 54 and Survey ID: 32
Point: 40
Point validation passed for Member ID: 54 and Survey ID: 47
Point: 20
Point validation passed for Member ID: 54 and Survey ID: 60
Point: 35
Point validation passed for Member ID: 54 and Survey ID: 67
Point: 35
Point validation passed for Member ID: 54 and Survey ID: 93
Point: 1
Point validation passed for Member ID: 55 and Survey ID: 15
Point: 10
Point validation passed for Member ID: 55 and Survey ID: 21
Point: 50
Point validation passed for Member ID: 55 and Survey ID: 22
Point: 40
Point validation passed for Member ID: 55 and Survey ID: 56
Point: 10
Point validation passed for Member ID: 55 and Survey ID: 57
Point: 45
Point validation passed for Member ID: 55 and Survey ID: 100
Point: 10
Point validation passed for Member ID: 56 and Survey ID: 3
Point: 10
Point validation passed for Member ID: 56 and Survey ID: 7
Point: 3
Point validation passed for Member ID: 56 and Survey ID: 8
Point: 5
Point validation passed for Member ID: 56 and Survey ID: 17
Point: 15
Point validation passed for Member ID: 56 and Survey ID: 50
Point: 35
Point validation passed for Member ID: 56 and Survey ID: 55
Point: 35
Point validation passed for Member ID: 56 and Survey ID: 69
Point: 10
Point validation passed for Member ID: 56 and Survey ID: 80
Point: 45
Point validation passed for Member ID: 56 and Survey ID: 87
Point: 0
Point validation passed for Member ID: 56 and Survey ID: 88
Point: 30
Point validation passed for Member ID: 56 and Survey ID: 92
Point: 4
Point validation passed for Member ID: 57 and Survey ID: 1
Point: 5
Point validation passed for Member ID: 57 and Survey ID: 13
Point: 3
Point validation passed for Member ID: 57 and Survey ID: 43
Point: 30
Point validation passed for Member ID: 57 and Survey ID: 44
Point: 5
Point validation passed for Member ID: 57 and Survey ID: 64
Point: 5
Point validation passed for Member ID: 57 and Survey ID: 66
Point: 15
Point validation passed for Member ID: 57 and Survey ID: 87
Point: 15
Point validation passed for Member ID: 57 and Survey ID: 96
Point: 50
Point validation passed for Member ID: 57 and Survey ID: 100
Point: 10
Point validation passed for Member ID: 58 and Survey ID: 3
Point: 10
Point validation passed for Member ID: 58 and Survey ID: 24
Point: 35
Point validation passed for Member ID: 58 and Survey ID: 27
Point: 0
Point validation passed for Member ID: 58 and Survey ID: 28
Point: 10
Point validation passed for Member ID: 58 and Survey ID: 32
Point: 40
Point validation passed for Member ID: 58 and Survey ID: 54
Point: 25
Point validation passed for Member ID: 58 and Survey ID: 57
Point: 45
Point validation passed for Member ID: 58 and Survey ID: 79
Point: 0
Point validation passed for Member ID: 58 and Survey ID: 90
Point: 5
Point validation passed for Member ID: 58 and Survey ID: 98
Point: 45
Point validation passed for Member ID: 58 and Survey ID: 100
Point: 3
Point validation passed for Member ID: 59 and Survey ID: 5
Point: 4
Point validation passed for Member ID: 59 and Survey ID: 10
Point: 5
Point validation passed for Member ID: 59 and Survey ID: 13
Point: 3
Point validation passed for Member ID: 59 and Survey ID: 34
Point: 15
Point validation passed for Member ID: 59 and Survey ID: 48
Point: 40
Point validation passed for Member ID: 59 and Survey ID: 63
Point: 30
Point validation passed for Member ID: 59 and Survey ID: 69
Point: 0
Point validation passed for Member ID: 59 and Survey ID: 76
Point: 40
Point validation passed for Member ID: 59 and Survey ID: 78
Point: 0
Point validation passed for Member ID: 59 and Survey ID: 87
Point: 15
Point validation passed for Member ID: 59 and Survey ID: 93
Point: 45
Point validation passed for Member ID: 60 and Survey ID: 5
Point: 35
Point validation passed for Member ID: 60 and Survey ID: 11
Point: 4
Point validation passed for Member ID: 60 and Survey ID: 20
Point: 5
Point validation passed for Member ID: 60 and Survey ID: 41
Point: 40
Point validation passed for Member ID: 60 and Survey ID: 75
Point: 10
Point validation passed for Member ID: 60 and Survey ID: 81
Point: 20
Point validation passed for Member ID: 60 and Survey ID: 87
Point: 15
Point validation passed for Member ID: 60 and Survey ID: 97
Point: 35
Point validation passed for Member ID: 60 and Survey ID: 98
Point: 45
Point validation passed for Member ID: 61 and Survey ID: 11
Point: 0
Point validation passed for Member ID: 61 and Survey ID: 35
Point: 10
Point validation passed for Member ID: 61 and Survey ID: 42
Point: 4
Point validation passed for Member ID: 61 and Survey ID: 47
Point: 20
Point validation passed for Member ID: 61 and Survey ID: 48
Point: 0
Point validation passed for Member ID: 61 and Survey ID: 59
Point: 40
Point validation passed for Member ID: 61 and Survey ID: 78
Point: 0
Point validation passed for Member ID: 61 and Survey ID: 95
Point: 15
Point validation passed for Member ID: 61 and Survey ID: 97
Point: 35
Point validation passed for Member ID: 62 and Survey ID: 7
Point: 45
Point validation passed for Member ID: 62 and Survey ID: 11
Point: 45
Point validation passed for Member ID: 62 and Survey ID: 24
Point: 35
Point validation passed for Member ID: 62 and Survey ID: 27
Point: 15
Point validation passed for Member ID: 62 and Survey ID: 31
Point: 50
Point validation passed for Member ID: 62 and Survey ID: 39
Point: 2
Point validation passed for Member ID: 62 and Survey ID: 58
Point: 45
Point validation passed for Member ID: 62 and Survey ID: 59
Point: 40
Point validation passed for Member ID: 62 and Survey ID: 75
Point: 5
Point validation passed for Member ID: 62 and Survey ID: 79
Point: 0
Point validation passed for Member ID: 63 and Survey ID: 6
Point: 5
Point validation passed for Member ID: 63 and Survey ID: 7
Point: 45
Point validation passed for Member ID: 63 and Survey ID: 9
Point: 35
Point validation passed for Member ID: 63 and Survey ID: 15
Point: 1
Point validation passed for Member ID: 63 and Survey ID: 31
Point: 50
Point validation passed for Member ID: 63 and Survey ID: 32
Point: 40
Point validation passed for Member ID: 63 and Survey ID: 44
Point: 5
Point validation passed for Member ID: 63 and Survey ID: 51
Point: 15
Point validation passed for Member ID: 63 and Survey ID: 54
Point: 25
Point validation passed for Member ID: 63 and Survey ID: 56
Point: 10
Point validation passed for Member ID: 63 and Survey ID: 77
Point: 25
Point validation passed for Member ID: 63 and Survey ID: 83
Point: 5
Point validation passed for Member ID: 63 and Survey ID: 93
Point: 1
Point validation passed for Member ID: 64 and Survey ID: 3
Point: 10
Point validation passed for Member ID: 64 and Survey ID: 8
Point: 5
Point validation passed for Member ID: 64 and Survey ID: 13
Point: 40
Point validation passed for Member ID: 64 and Survey ID: 30
Point: 25
Point validation passed for Member ID: 64 and Survey ID: 34
Point: 15
Point validation passed for Member ID: 64 and Survey ID: 51
Point: 15
Point validation passed for Member ID: 64 and Survey ID: 71
Point: 30
Point validation passed for Member ID: 64 and Survey ID: 93
Point: 45
Point validation passed for Member ID: 65 and Survey ID: 1
Point: 2
Point validation passed for Member ID: 65 and Survey ID: 5
Point: 35
Point validation passed for Member ID: 65 and Survey ID: 14
Point: 50
Point validation passed for Member ID: 65 and Survey ID: 22
Point: 40
Point validation passed for Member ID: 65 and Survey ID: 24
Point: 35
Point validation passed for Member ID: 65 and Survey ID: 25
Point: 0
Point validation passed for Member ID: 65 and Survey ID: 43
Point: 0
Point validation passed for Member ID: 65 and Survey ID: 56
Point: 1
Point validation passed for Member ID: 65 and Survey ID: 63
Point: 30
Point validation passed for Member ID: 65 and Survey ID: 67
Point: 35
Point validation passed for Member ID: 65 and Survey ID: 84
Point: 25
Point validation passed for Member ID: 66 and Survey ID: 28
Point: 10
Point validation passed for Member ID: 66 and Survey ID: 30
Point: 25
Point validation passed for Member ID: 66 and Survey ID: 37
Point: 25
Point validation passed for Member ID: 66 and Survey ID: 51
Point: 15
Point validation passed for Member ID: 66 and Survey ID: 68
Point: 5
Point validation passed for Member ID: 66 and Survey ID: 83
Point: 0
Point validation passed for Member ID: 66 and Survey ID: 99
Point: 25
Point validation passed for Member ID: 67 and Survey ID: 11
Point: 4
Point validation passed for Member ID: 67 and Survey ID: 25
Point: 5
Point validation passed for Member ID: 67 and Survey ID: 34
Point: 5
Point validation passed for Member ID: 67 and Survey ID: 35
Point: 10
Point validation passed for Member ID: 67 and Survey ID: 44
Point: 35
Point validation passed for Member ID: 67 and Survey ID: 59
Point: 40
Point validation passed for Member ID: 67 and Survey ID: 67
Point: 0
Point validation passed for Member ID: 67 and Survey ID: 97
Point: 1
Point validation passed for Member ID: 68 and Survey ID: 20
Point: 0
Point validation passed for Member ID: 68 and Survey ID: 22
Point: 40
Point validation passed for Member ID: 68 and Survey ID: 30
Point: 25
Point validation passed for Member ID: 68 and Survey ID: 36
Point: 35
Point validation passed for Member ID: 68 and Survey ID: 45
Point: 20
Point validation passed for Member ID: 68 and Survey ID: 58
Point: 2
Point validation passed for Member ID: 68 and Survey ID: 60
Point: 35
Point validation passed for Member ID: 68 and Survey ID: 61
Point: 40
Point validation passed for Member ID: 68 and Survey ID: 64
Point: 5
Point validation passed for Member ID: 68 and Survey ID: 78
Point: 30
Point validation passed for Member ID: 68 and Survey ID: 92
Point: 45
Point validation passed for Member ID: 69 and Survey ID: 4
Point: 10
Point validation passed for Member ID: 69 and Survey ID: 45
Point: 0
Point validation passed for Member ID: 69 and Survey ID: 47
Point: 3
Point validation passed for Member ID: 69 and Survey ID: 50
Point: 35
Point validation passed for Member ID: 69 and Survey ID: 56
Point: 10
Point validation passed for Member ID: 69 and Survey ID: 57
Point: 3
Point validation passed for Member ID: 69 and Survey ID: 60
Point: 35
Point validation passed for Member ID: 69 and Survey ID: 65
Point: 20
Point validation passed for Member ID: 69 and Survey ID: 73
Point: 15
Point validation passed for Member ID: 69 and Survey ID: 83
Point: 5
Point validation passed for Member ID: 69 and Survey ID: 85
Point: 25
Point validation passed for Member ID: 70 and Survey ID: 13
Point: 40
Point validation passed for Member ID: 70 and Survey ID: 15
Point: 10
Point validation passed for Member ID: 70 and Survey ID: 21
Point: 50
Point validation passed for Member ID: 70 and Survey ID: 38
Point: 0
Point validation passed for Member ID: 70 and Survey ID: 39
Point: 2
Point validation passed for Member ID: 70 and Survey ID: 44
Point: 35
Point validation passed for Member ID: 70 and Survey ID: 55
Point: 35
Point validation passed for Member ID: 70 and Survey ID: 89
Point: 10
Point validation passed for Member ID: 70 and Survey ID: 95
Point: 15
Point validation passed for Member ID: 71 and Survey ID: 12
Point: 5
Point validation passed for Member ID: 71 and Survey ID: 18
Point: 4
Point validation passed for Member ID: 71 and Survey ID: 38
Point: 30
Point validation passed for Member ID: 71 and Survey ID: 39
Point: 40
Point validation passed for Member ID: 71 and Survey ID: 42
Point: 25
Point validation passed for Member ID: 71 and Survey ID: 43
Point: 0
Point validation passed for Member ID: 71 and Survey ID: 52
Point: 40
Point validation passed for Member ID: 71 and Survey ID: 60
Point: 2
Point validation passed for Member ID: 71 and Survey ID: 72
Point: 25
Point validation passed for Member ID: 71 and Survey ID: 98
Point: 45
Point validation passed for Member ID: 72 and Survey ID: 10
Point: 2
Point validation passed for Member ID: 72 and Survey ID: 29
Point: 50
Point validation passed for Member ID: 72 and Survey ID: 59
Point: 2
Point validation passed for Member ID: 72 and Survey ID: 62
Point: 40
Point validation passed for Member ID: 72 and Survey ID: 66
Point: 15
Point validation passed for Member ID: 72 and Survey ID: 76
Point: 40
Point validation passed for Member ID: 72 and Survey ID: 81
Point: 20
Point validation passed for Member ID: 72 and Survey ID: 86
Point: 0
Point validation passed for Member ID: 72 and Survey ID: 95
Point: 0
Point validation passed for Member ID: 73 and Survey ID: 10
Point: 5
Point validation passed for Member ID: 73 and Survey ID: 27
Point: 15
Point validation passed for Member ID: 73 and Survey ID: 28
Point: 4
Point validation passed for Member ID: 73 and Survey ID: 30
Point: 25
Point validation passed for Member ID: 73 and Survey ID: 37
Point: 25
Point validation passed for Member ID: 73 and Survey ID: 50
Point: 35
Point validation passed for Member ID: 73 and Survey ID: 62
Point: 40
Point validation passed for Member ID: 73 and Survey ID: 68
Point: 5
Point validation passed for Member ID: 73 and Survey ID: 70
Point: 30
Point validation passed for Member ID: 73 and Survey ID: 87
Point: 15
Point validation passed for Member ID: 73 and Survey ID: 98
Point: 5
Point validation passed for Member ID: 73 and Survey ID: 100
Point: 10
Point validation passed for Member ID: 74 and Survey ID: 7
Point: 45
Point validation passed for Member ID: 74 and Survey ID: 17
Point: 5
Point validation passed for Member ID: 74 and Survey ID: 47
Point: 3
Point validation passed for Member ID: 74 and Survey ID: 50
Point: 35
Point validation passed for Member ID: 74 and Survey ID: 55
Point: 35
Point validation passed for Member ID: 74 and Survey ID: 62
Point: 0
Point validation passed for Member ID: 74 and Survey ID: 63
Point: 30
Point validation passed for Member ID: 74 and Survey ID: 69
Point: 0
Point validation passed for Member ID: 74 and Survey ID: 87
Point: 4
Point validation passed for Member ID: 74 and Survey ID: 92
Point: 45
Point validation passed for Member ID: 75 and Survey ID: 29
Point: 50
Point validation passed for Member ID: 75 and Survey ID: 35
Point: 10
Point validation passed for Member ID: 75 and Survey ID: 40
Point: 10
Point validation passed for Member ID: 75 and Survey ID: 79
Point: 20
Point validation passed for Member ID: 76 and Survey ID: 8
Point: 4
Point validation passed for Member ID: 76 and Survey ID: 24
Point: 0
Point validation passed for Member ID: 76 and Survey ID: 32
Point: 40
Point validation passed for Member ID: 76 and Survey ID: 38
Point: 30
Point validation passed for Member ID: 76 and Survey ID: 42
Point: 4
Point validation passed for Member ID: 76 and Survey ID: 46
Point: 10
Point validation passed for Member ID: 76 and Survey ID: 47
Point: 20
Point validation passed for Member ID: 76 and Survey ID: 65
Point: 5
Point validation passed for Member ID: 76 and Survey ID: 70
Point: 30
Point validation passed for Member ID: 76 and Survey ID: 73
Point: 2
Point validation passed for Member ID: 76 and Survey ID: 86
Point: 0
Point validation passed for Member ID: 76 and Survey ID: 92
Point: 45
Point validation passed for Member ID: 76 and Survey ID: 96
Point: 50
Point validation passed for Member ID: 77 and Survey ID: 44
Point: 5
Point validation passed for Member ID: 77 and Survey ID: 58
Point: 45
Point validation passed for Member ID: 77 and Survey ID: 62
Point: 40
Point validation passed for Member ID: 77 and Survey ID: 80
Point: 0
Point validation passed for Member ID: 77 and Survey ID: 86
Point: 0
Point validation passed for Member ID: 78 and Survey ID: 1
Point: 5
Point validation passed for Member ID: 78 and Survey ID: 5
Point: 0
Point validation passed for Member ID: 78 and Survey ID: 14
Point: 50
Point validation passed for Member ID: 78 and Survey ID: 35
Point: 10
Point validation passed for Member ID: 78 and Survey ID: 49
Point: 35
Point validation passed for Member ID: 78 and Survey ID: 54
Point: 25
Point validation passed for Member ID: 78 and Survey ID: 55
Point: 35
Point validation passed for Member ID: 78 and Survey ID: 57
Point: 0
Point validation passed for Member ID: 78 and Survey ID: 64
Point: 5
Point validation passed for Member ID: 78 and Survey ID: 68
Point: 5
Point validation passed for Member ID: 78 and Survey ID: 99
Point: 25
Point validation passed for Member ID: 78 and Survey ID: 100
Point: 10
Point validation passed for Member ID: 79 and Survey ID: 10
Point: 5
Point validation passed for Member ID: 79 and Survey ID: 13
Point: 40
Point validation passed for Member ID: 79 and Survey ID: 20
Point: 20
Point validation passed for Member ID: 79 and Survey ID: 23
Point: 10
Point validation passed for Member ID: 79 and Survey ID: 45
Point: 20
Point validation passed for Member ID: 79 and Survey ID: 48
Point: 5
Point validation passed for Member ID: 79 and Survey ID: 61
Point: 40
Point validation passed for Member ID: 79 and Survey ID: 80
Point: 1
Point validation passed for Member ID: 79 and Survey ID: 81
Point: 20
Point validation passed for Member ID: 79 and Survey ID: 88
Point: 3
Point validation passed for Member ID: 79 and Survey ID: 90
Point: 5
Point validation passed for Member ID: 79 and Survey ID: 92
Point: 45
Point validation passed for Member ID: 80 and Survey ID: 12
Point: 5
Point validation passed for Member ID: 80 and Survey ID: 25
Point: 5
Point validation passed for Member ID: 80 and Survey ID: 28
Point: 10
Point validation passed for Member ID: 80 and Survey ID: 34
Point: 15
Point validation passed for Member ID: 80 and Survey ID: 49
Point: 35
Point validation passed for Member ID: 80 and Survey ID: 54
Point: 25
Point validation passed for Member ID: 80 and Survey ID: 57
Point: 3
Point validation passed for Member ID: 80 and Survey ID: 65
Point: 20
Point validation passed for Member ID: 80 and Survey ID: 66
Point: 15
Point validation passed for Member ID: 80 and Survey ID: 68
Point: 5
Point validation passed for Member ID: 80 and Survey ID: 72
Point: 25
Point validation passed for Member ID: 80 and Survey ID: 75
Point: 10
Point validation passed for Member ID: 80 and Survey ID: 96
Point: 50
Point validation passed for Member ID: 81 and Survey ID: 8
Point: 5
Point validation passed for Member ID: 81 and Survey ID: 15
Point: 10
Point validation passed for Member ID: 81 and Survey ID: 54
Point: 25
Point validation passed for Member ID: 81 and Survey ID: 58
Point: 45
Point validation passed for Member ID: 81 and Survey ID: 64
Point: 10
Point validation passed for Member ID: 81 and Survey ID: 65
Point: 5
Point validation passed for Member ID: 81 and Survey ID: 72
Point: 25
Point validation passed for Member ID: 82 and Survey ID: 15
Point: 1
Point validation passed for Member ID: 82 and Survey ID: 74
Point: 50
Point validation passed for Member ID: 82 and Survey ID: 90
Point: 5
Point validation passed for Member ID: 82 and Survey ID: 97
Point: 35
Point validation passed for Member ID: 83 and Survey ID: 17
Point: 5
Point validation passed for Member ID: 83 and Survey ID: 23
Point: 4
Point validation passed for Member ID: 83 and Survey ID: 35
Point: 10
Point validation passed for Member ID: 83 and Survey ID: 58
Point: 45
Point validation passed for Member ID: 83 and Survey ID: 70
Point: 0
Point validation passed for Member ID: 83 and Survey ID: 92
Point: 4
Point validation passed for Member ID: 83 and Survey ID: 95
Point: 5
Point validation passed for Member ID: 84 and Survey ID: 9
Point: 35
Point validation passed for Member ID: 84 and Survey ID: 14
Point: 2
Point validation passed for Member ID: 84 and Survey ID: 21
Point: 50
Point validation passed for Member ID: 84 and Survey ID: 24
Point: 1
Point validation passed for Member ID: 84 and Survey ID: 34
Point: 5
Point validation passed for Member ID: 84 and Survey ID: 39
Point: 40
Point validation passed for Member ID: 84 and Survey ID: 44
Point: 35
Point validation passed for Member ID: 84 and Survey ID: 50
Point: 0
Point validation passed for Member ID: 84 and Survey ID: 65
Point: 20
Point validation passed for Member ID: 84 and Survey ID: 71
Point: 30
Point validation passed for Member ID: 84 and Survey ID: 75
Point: 10
Point validation passed for Member ID: 84 and Survey ID: 78
Point: 30
Point validation passed for Member ID: 84 and Survey ID: 84
Point: 2
Point validation passed for Member ID: 84 and Survey ID: 88
Point: 30
Point validation passed for Member ID: 85 and Survey ID: 1
Point: 2
Point validation passed for Member ID: 85 and Survey ID: 16
Point: 45
Point validation passed for Member ID: 85 and Survey ID: 20
Point: 20
Point validation passed for Member ID: 85 and Survey ID: 29
Point: 0
Point validation passed for Member ID: 85 and Survey ID: 31
Point: 0
Point validation passed for Member ID: 85 and Survey ID: 35
Point: 10
Point validation passed for Member ID: 85 and Survey ID: 37
Point: 0
Point validation passed for Member ID: 85 and Survey ID: 42
Point: 25
Point validation passed for Member ID: 85 and Survey ID: 44
Point: 35
Point validation passed for Member ID: 85 and Survey ID: 45
Point: 0
Point validation passed for Member ID: 85 and Survey ID: 46
Point: 10
Point validation passed for Member ID: 85 and Survey ID: 48
Point: 5
Point validation passed for Member ID: 85 and Survey ID: 49
Point: 35
Point validation passed for Member ID: 85 and Survey ID: 69
Point: 10
Point validation passed for Member ID: 85 and Survey ID: 77
Point: 25
Point validation passed for Member ID: 85 and Survey ID: 92
Point: 45
Point validation passed for Member ID: 86 and Survey ID: 3
Point: 10
Point validation passed for Member ID: 86 and Survey ID: 13
Point: 40
Point validation passed for Member ID: 86 and Survey ID: 20
Point: 20
Point validation passed for Member ID: 86 and Survey ID: 30
Point: 25
Point validation passed for Member ID: 86 and Survey ID: 37
Point: 2
Point validation passed for Member ID: 86 and Survey ID: 39
Point: 0
Point validation passed for Member ID: 86 and Survey ID: 44
Point: 5
Point validation passed for Member ID: 86 and Survey ID: 49
Point: 35
Point validation passed for Member ID: 86 and Survey ID: 58
Point: 45
Point validation passed for Member ID: 86 and Survey ID: 73
Point: 0
Point validation passed for Member ID: 86 and Survey ID: 87
Point: 4
Point validation passed for Member ID: 86 and Survey ID: 93
Point: 0
Point validation passed for Member ID: 86 and Survey ID: 94
Point: 5
Point validation passed for Member ID: 86 and Survey ID: 95
Point: 5
Point validation passed for Member ID: 86 and Survey ID: 97
Point: 35
Point validation passed for Member ID: 86 and Survey ID: 98
Point: 45
Point validation passed for Member ID: 87 and Survey ID: 10
Point: 5
Point validation passed for Member ID: 87 and Survey ID: 13
Point: 40
Point validation passed for Member ID: 87 and Survey ID: 38
Point: 30
Point validation passed for Member ID: 87 and Survey ID: 42
Point: 25
Point validation passed for Member ID: 87 and Survey ID: 46
Point: 2
Point validation passed for Member ID: 87 and Survey ID: 51
Point: 2
Point validation passed for Member ID: 87 and Survey ID: 56
Point: 10
Point validation passed for Member ID: 87 and Survey ID: 57
Point: 45
Point validation passed for Member ID: 87 and Survey ID: 62
Point: 40
Point validation passed for Member ID: 87 and Survey ID: 70
Point: 0
Point validation passed for Member ID: 87 and Survey ID: 71
Point: 3
Point validation passed for Member ID: 87 and Survey ID: 73
Point: 15
Point validation passed for Member ID: 88 and Survey ID: 11
Point: 45
Point validation passed for Member ID: 88 and Survey ID: 15
Point: 10
Point validation passed for Member ID: 88 and Survey ID: 25
Point: 5
Point validation passed for Member ID: 88 and Survey ID: 33
Point: 0
Point validation passed for Member ID: 88 and Survey ID: 39
Point: 0
Point validation passed for Member ID: 88 and Survey ID: 40
Point: 10
Point validation passed for Member ID: 88 and Survey ID: 46
Point: 2
Point validation passed for Member ID: 88 and Survey ID: 68
Point: 5
Point validation passed for Member ID: 88 and Survey ID: 78
Point: 3
Point validation passed for Member ID: 88 and Survey ID: 87
Point: 15
Point validation passed for Member ID: 88 and Survey ID: 97
Point: 1
Point validation passed for Member ID: 88 and Survey ID: 98
Point: 45
Point validation passed for Member ID: 88 and Survey ID: 100
Point: 0
Point validation passed for Member ID: 89 and Survey ID: 11
Point: 45
Point validation passed for Member ID: 89 and Survey ID: 28
Point: 10
Point validation passed for Member ID: 89 and Survey ID: 44
Point: 35
Point validation passed for Member ID: 89 and Survey ID: 59
Point: 2
Point validation passed for Member ID: 89 and Survey ID: 80
Point: 1
Point validation passed for Member ID: 89 and Survey ID: 92
Point: 0
Point validation passed for Member ID: 90 and Survey ID: 4
Point: 10
Point validation passed for Member ID: 90 and Survey ID: 11
Point: 0
Point validation passed for Member ID: 90 and Survey ID: 15
Point: 10
Point validation passed for Member ID: 90 and Survey ID: 36
Point: 35
Point validation passed for Member ID: 90 and Survey ID: 53
Point: 20
Point validation passed for Member ID: 90 and Survey ID: 57
Point: 3
Point validation passed for Member ID: 90 and Survey ID: 66
Point: 15
Point validation passed for Member ID: 90 and Survey ID: 77
Point: 25
Point validation passed for Member ID: 90 and Survey ID: 97
Point: 1
Point validation passed for Member ID: 91 and Survey ID: 11
Point: 4
Point validation passed for Member ID: 91 and Survey ID: 22
Point: 40
Point validation passed for Member ID: 91 and Survey ID: 30
Point: 25
Point validation passed for Member ID: 91 and Survey ID: 39
Point: 40
Point validation passed for Member ID: 91 and Survey ID: 67
Point: 35
Point validation passed for Member ID: 91 and Survey ID: 77
Point: 25
Point validation passed for Member ID: 91 and Survey ID: 91
Point: 4
Point validation passed for Member ID: 92 and Survey ID: 17
Point: 15
Point validation passed for Member ID: 92 and Survey ID: 19
Point: 45
Point validation passed for Member ID: 92 and Survey ID: 33
Point: 25
Point validation passed for Member ID: 92 and Survey ID: 41
Point: 40
Point validation passed for Member ID: 92 and Survey ID: 58
Point: 45
Point validation passed for Member ID: 92 and Survey ID: 59
Point: 40
Point validation passed for Member ID: 92 and Survey ID: 67
Point: 35
Point validation passed for Member ID: 92 and Survey ID: 69
Point: 1
Point validation passed for Member ID: 92 and Survey ID: 70
Point: 30
Point validation passed for Member ID: 92 and Survey ID: 80
Point: 45
Point validation passed for Member ID: 92 and Survey ID: 84
Point: 25
Point validation passed for Member ID: 92 and Survey ID: 93
Point: 1
Point validation passed for Member ID: 92 and Survey ID: 100
Point: 0
Point validation passed for Member ID: 93 and Survey ID: 14
Point: 50
Point validation passed for Member ID: 93 and Survey ID: 17
Point: 15
Point validation passed for Member ID: 93 and Survey ID: 23
Point: 10
Point validation passed for Member ID: 93 and Survey ID: 44
Point: 0
Point validation passed for Member ID: 93 and Survey ID: 58
Point: 45
Point validation passed for Member ID: 93 and Survey ID: 64
Point: 5
Point validation passed for Member ID: 93 and Survey ID: 71
Point: 30
Point validation passed for Member ID: 93 and Survey ID: 85
Point: 2
Point validation passed for Member ID: 93 and Survey ID: 91
Point: 5
Point validation passed for Member ID: 93 and Survey ID: 95
Point: 15
Point validation passed for Member ID: 93 and Survey ID: 96
Point: 50
Point validation passed for Member ID: 94 and Survey ID: 1
Point: 5
Point validation passed for Member ID: 94 and Survey ID: 7
Point: 45
Point validation passed for Member ID: 94 and Survey ID: 21
Point: 50
Point validation passed for Member ID: 94 and Survey ID: 29
Point: 3
Point validation passed for Member ID: 94 and Survey ID: 60
Point: 35
Point validation passed for Member ID: 94 and Survey ID: 61
Point: 4
Point validation passed for Member ID: 94 and Survey ID: 85
Point: 25
Point validation passed for Member ID: 95 and Survey ID: 4
Point: 10
Point validation passed for Member ID: 95 and Survey ID: 6
Point: 25
Point validation passed for Member ID: 95 and Survey ID: 14
Point: 50
Point validation passed for Member ID: 95 and Survey ID: 16
Point: 45
Point validation passed for Member ID: 95 and Survey ID: 17
Point: 15
Point validation passed for Member ID: 95 and Survey ID: 23
Point: 10
Point validation passed for Member ID: 95 and Survey ID: 37
Point: 25
Point validation passed for Member ID: 95 and Survey ID: 43
Point: 30
Point validation passed for Member ID: 95 and Survey ID: 52
Point: 3
Point validation passed for Member ID: 95 and Survey ID: 65
Point: 20
Point validation passed for Member ID: 95 and Survey ID: 66
Point: 15
Point validation passed for Member ID: 95 and Survey ID: 70
Point: 30
Point validation passed for Member ID: 95 and Survey ID: 72
Point: 25
Point validation passed for Member ID: 96 and Survey ID: 7
Point: 3
Point validation passed for Member ID: 96 and Survey ID: 9
Point: 2
Point validation passed for Member ID: 96 and Survey ID: 13
Point: 40
Point validation passed for Member ID: 96 and Survey ID: 28
Point: 4
Point validation passed for Member ID: 96 and Survey ID: 29
Point: 50
Point validation passed for Member ID: 96 and Survey ID: 46
Point: 2
Point validation passed for Member ID: 97 and Survey ID: 13
Point: 40
Point validation passed for Member ID: 97 and Survey ID: 21
Point: 50
Point validation passed for Member ID: 97 and Survey ID: 43
Point: 30
Point validation passed for Member ID: 97 and Survey ID: 45
Point: 20
Point validation passed for Member ID: 97 and Survey ID: 53
Point: 0
Point validation passed for Member ID: 97 and Survey ID: 67
Point: 5
Point validation passed for Member ID: 97 and Survey ID: 68
Point: 5
Point validation passed for Member ID: 97 and Survey ID: 75
Point: 10
Point validation passed for Member ID: 97 and Survey ID: 76
Point: 40
Point validation passed for Member ID: 97 and Survey ID: 94
Point: 0
Point validation passed for Member ID: 97 and Survey ID: 99
Point: 25
Point validation passed for Member ID: 98 and Survey ID: 4
Point: 10
Point validation passed for Member ID: 98 and Survey ID: 7
Point: 0
Point validation passed for Member ID: 98 and Survey ID: 23
Point: 4
Point validation passed for Member ID: 98 and Survey ID: 27
Point: 15
Point validation passed for Member ID: 98 and Survey ID: 29
Point: 50
Point validation passed for Member ID: 98 and Survey ID: 30
Point: 25
Point validation passed for Member ID: 98 and Survey ID: 37
Point: 2
Point validation passed for Member ID: 98 and Survey ID: 45
Point: 20
Point validation passed for Member ID: 98 and Survey ID: 69
Point: 10
Point validation passed for Member ID: 98 and Survey ID: 70
Point: 30
Point validation passed for Member ID: 98 and Survey ID: 74
Point: 50
Point validation passed for Member ID: 99 and Survey ID: 4
Point: 10
Point validation passed for Member ID: 99 and Survey ID: 8
Point: 5
Point validation passed for Member ID: 99 and Survey ID: 16
Point: 0
Point validation passed for Member ID: 99 and Survey ID: 26
Point: 0
Point validation passed for Member ID: 99 and Survey ID: 47
Point: 20
Point validation passed for Member ID: 99 and Survey ID: 50
Point: 35
Point validation passed for Member ID: 99 and Survey ID: 54
Point: 25
Point validation passed for Member ID: 99 and Survey ID: 80
Point: 0
Point validation passed for Member ID: 99 and Survey ID: 84
Point: 25
Point validation passed for Member ID: 99 and Survey ID: 87
Point: 4
Point validation passed for Member ID: 100 and Survey ID: 22
Point: 0
Point validation passed for Member ID: 100 and Survey ID: 25
Point: 5
Point validation passed for Member ID: 100 and Survey ID: 67
Point: 35
Point validation passed for Member ID: 100 and Survey ID: 70
Point: 30
Point validation passed for Member ID: 101 and Survey ID: 8
Point: 4
Point validation passed for Member ID: 101 and Survey ID: 9
Point: 35
Point validation passed for Member ID: 101 and Survey ID: 18
Point: 0
Point validation passed for Member ID: 101 and Survey ID: 21
Point: 50
Point validation passed for Member ID: 101 and Survey ID: 36
Point: 2
Point validation passed for Member ID: 101 and Survey ID: 41
Point: 5
Point validation passed for Member ID: 101 and Survey ID: 50
Point: 35
Point validation passed for Member ID: 101 and Survey ID: 65
Point: 20
Point validation passed for Member ID: 101 and Survey ID: 83
Point: 5
Point validation passed for Member ID: 101 and Survey ID: 94
Point: 0
Point validation passed for Member ID: 102 and Survey ID: 8
Point: 5
Point validation passed for Member ID: 102 and Survey ID: 14
Point: 50
Point validation passed for Member ID: 102 and Survey ID: 17
Point: 15
Point validation passed for Member ID: 102 and Survey ID: 27
Point: 15
Point validation passed for Member ID: 102 and Survey ID: 34
Point: 15
Point validation passed for Member ID: 102 and Survey ID: 39
Point: 2
Point validation passed for Member ID: 102 and Survey ID: 65
Point: 5
Point validation passed for Member ID: 102 and Survey ID: 78
Point: 3
Point validation passed for Member ID: 102 and Survey ID: 79
Point: 20
Point validation passed for Member ID: 102 and Survey ID: 84
Point: 25
Point validation passed for Member ID: 102 and Survey ID: 100
Point: 10
Point validation passed for Member ID: 103 and Survey ID: 5
Point: 35
Point validation passed for Member ID: 103 and Survey ID: 7
Point: 45
Point validation passed for Member ID: 103 and Survey ID: 16
Point: 45
Point validation passed for Member ID: 103 and Survey ID: 23
Point: 4
Point validation passed for Member ID: 103 and Survey ID: 38
Point: 0
Point validation passed for Member ID: 103 and Survey ID: 50
Point: 35
Point validation passed for Member ID: 103 and Survey ID: 52
Point: 40
Point validation passed for Member ID: 103 and Survey ID: 56
Point: 10
Point validation passed for Member ID: 103 and Survey ID: 67
Point: 5
Point validation passed for Member ID: 103 and Survey ID: 69
Point: 10
Point validation passed for Member ID: 103 and Survey ID: 70
Point: 30
Point validation passed for Member ID: 103 and Survey ID: 74
Point: 50
Point validation passed for Member ID: 103 and Survey ID: 85
Point: 0
Point validation passed for Member ID: 104 and Survey ID: 2
Point: 15
Point validation passed for Member ID: 104 and Survey ID: 8
Point: 5
Point validation passed for Member ID: 104 and Survey ID: 17
Point: 15
Point validation passed for Member ID: 104 and Survey ID: 26
Point: 0
Point validation passed for Member ID: 104 and Survey ID: 31
Point: 2
Point validation passed for Member ID: 104 and Survey ID: 33
Point: 25
Point validation passed for Member ID: 104 and Survey ID: 56
Point: 10
Point validation passed for Member ID: 104 and Survey ID: 58
Point: 45
Point validation passed for Member ID: 104 and Survey ID: 66
Point: 15
Point validation passed for Member ID: 104 and Survey ID: 89
Point: 10
Point validation passed for Member ID: 105 and Survey ID: 3
Point: 10
Point validation passed for Member ID: 105 and Survey ID: 8
Point: 5
Point validation passed for Member ID: 105 and Survey ID: 25
Point: 5
Point validation passed for Member ID: 105 and Survey ID: 26
Point: 5
Point validation passed for Member ID: 105 and Survey ID: 52
Point: 40
Point validation passed for Member ID: 105 and Survey ID: 59
Point: 2
Point validation passed for Member ID: 105 and Survey ID: 68
Point: 5
Point validation passed for Member ID: 105 and Survey ID: 78
Point: 30
Point validation passed for Member ID: 105 and Survey ID: 82
Point: 35
Point validation passed for Member ID: 105 and Survey ID: 90
Point: 5
Point validation passed for Member ID: 105 and Survey ID: 96
Point: 0
Point validation passed for Member ID: 106 and Survey ID: 2
Point: 4
Point validation passed for Member ID: 106 and Survey ID: 13
Point: 40
Point validation passed for Member ID: 106 and Survey ID: 19
Point: 5
Point validation passed for Member ID: 106 and Survey ID: 25
Point: 5
Point validation passed for Member ID: 106 and Survey ID: 36
Point: 35
Point validation passed for Member ID: 106 and Survey ID: 63
Point: 30
Point validation passed for Member ID: 106 and Survey ID: 71
Point: 30
Point validation passed for Member ID: 106 and Survey ID: 90
Point: 5
Point validation passed for Member ID: 106 and Survey ID: 92
Point: 45
Point validation passed for Member ID: 107 and Survey ID: 2
Point: 15
Point validation passed for Member ID: 107 and Survey ID: 4
Point: 10
Point validation passed for Member ID: 107 and Survey ID: 9
Point: 35
Point validation passed for Member ID: 107 and Survey ID: 26
Point: 0
Point validation passed for Member ID: 107 and Survey ID: 37
Point: 2
Point validation passed for Member ID: 107 and Survey ID: 72
Point: 25
Point validation passed for Member ID: 107 and Survey ID: 88
Point: 30
Point validation passed for Member ID: 107 and Survey ID: 98
Point: 0
Point validation passed for Member ID: 108 and Survey ID: 2
Point: 4
Point validation passed for Member ID: 108 and Survey ID: 14
Point: 2
Point validation passed for Member ID: 108 and Survey ID: 24
Point: 35
Point validation passed for Member ID: 108 and Survey ID: 34
Point: 0
Point validation passed for Member ID: 108 and Survey ID: 37
Point: 0
Point validation passed for Member ID: 108 and Survey ID: 40
Point: 10
Point validation passed for Member ID: 108 and Survey ID: 47
Point: 3
Point validation passed for Member ID: 108 and Survey ID: 49
Point: 35
Point validation passed for Member ID: 108 and Survey ID: 65
Point: 20
Point validation passed for Member ID: 108 and Survey ID: 67
Point: 35
Point validation passed for Member ID: 108 and Survey ID: 92
Point: 45
Point validation passed for Member ID: 109 and Survey ID: 11
Point: 45
Point validation passed for Member ID: 109 and Survey ID: 24
Point: 35
Point validation passed for Member ID: 109 and Survey ID: 62
Point: 0
Point validation passed for Member ID: 109 and Survey ID: 72
Point: 25
Point validation passed for Member ID: 110 and Survey ID: 21
Point: 50
Point validation passed for Member ID: 110 and Survey ID: 25
Point: 5
Point validation passed for Member ID: 110 and Survey ID: 37
Point: 25
Point validation passed for Member ID: 110 and Survey ID: 60
Point: 35
Point validation passed for Member ID: 110 and Survey ID: 63
Point: 30
Point validation passed for Member ID: 110 and Survey ID: 67
Point: 35
Point validation passed for Member ID: 110 and Survey ID: 69
Point: 10
Point validation passed for Member ID: 110 and Survey ID: 78
Point: 30
Point validation passed for Member ID: 110 and Survey ID: 89
Point: 1
Point validation passed for Member ID: 111 and Survey ID: 1
Point: 2
Point validation passed for Member ID: 111 and Survey ID: 4
Point: 1
Point validation passed for Member ID: 111 and Survey ID: 10
Point: 5
Point validation passed for Member ID: 111 and Survey ID: 42
Point: 0
Point validation passed for Member ID: 111 and Survey ID: 45
Point: 20
Point validation passed for Member ID: 111 and Survey ID: 52
Point: 40
Point validation passed for Member ID: 111 and Survey ID: 77
Point: 25
Point validation passed for Member ID: 111 and Survey ID: 84
Point: 2
Point validation passed for Member ID: 111 and Survey ID: 93
Point: 45
Point validation passed for Member ID: 112 and Survey ID: 21
Point: 50
Point validation passed for Member ID: 112 and Survey ID: 31
Point: 50
Point validation passed for Member ID: 112 and Survey ID: 46
Point: 10
Point validation passed for Member ID: 112 and Survey ID: 63
Point: 5
Point validation passed for Member ID: 112 and Survey ID: 70
Point: 30
Point validation passed for Member ID: 112 and Survey ID: 72
Point: 25
Point validation passed for Member ID: 112 and Survey ID: 76
Point: 5
Point validation passed for Member ID: 112 and Survey ID: 81
Point: 20
Point validation passed for Member ID: 112 and Survey ID: 85
Point: 25
Point validation passed for Member ID: 113 and Survey ID: 5
Point: 35
Point validation passed for Member ID: 113 and Survey ID: 8
Point: 5
Point validation passed for Member ID: 113 and Survey ID: 11
Point: 45
Point validation passed for Member ID: 113 and Survey ID: 43
Point: 30
Point validation passed for Member ID: 113 and Survey ID: 60
Point: 35
Point validation passed for Member ID: 113 and Survey ID: 83
Point: 5
Point validation passed for Member ID: 114 and Survey ID: 3
Point: 10
Point validation passed for Member ID: 114 and Survey ID: 15
Point: 10
Point validation passed for Member ID: 114 and Survey ID: 40
Point: 10
Point validation passed for Member ID: 114 and Survey ID: 47
Point: 20
Point validation passed for Member ID: 114 and Survey ID: 52
Point: 3
Point validation passed for Member ID: 114 and Survey ID: 54
Point: 25
Point validation passed for Member ID: 114 and Survey ID: 84
Point: 25
Point validation passed for Member ID: 114 and Survey ID: 98
Point: 45
Point validation passed for Member ID: 115 and Survey ID: 16
Point: 45
Point validation passed for Member ID: 115 and Survey ID: 17
Point: 15
Point validation passed for Member ID: 115 and Survey ID: 22
Point: 0
Point validation passed for Member ID: 115 and Survey ID: 40
Point: 10
Point validation passed for Member ID: 115 and Survey ID: 55
Point: 35
Point validation passed for Member ID: 115 and Survey ID: 86
Point: 30
Point validation passed for Member ID: 115 and Survey ID: 99
Point: 25
Point validation passed for Member ID: 116 and Survey ID: 33
Point: 5
Point validation passed for Member ID: 116 and Survey ID: 62
Point: 0
Point validation passed for Member ID: 116 and Survey ID: 75
Point: 10
Point validation passed for Member ID: 116 and Survey ID: 78
Point: 30
Point validation passed for Member ID: 116 and Survey ID: 87
Point: 15
Point validation passed for Member ID: 116 and Survey ID: 94
Point: 5
Point validation passed for Member ID: 117 and Survey ID: 10
Point: 2
Point validation passed for Member ID: 117 and Survey ID: 12
Point: 1
Point validation passed for Member ID: 117 and Survey ID: 14
Point: 50
Point validation passed for Member ID: 117 and Survey ID: 16
Point: 3
Point validation passed for Member ID: 117 and Survey ID: 23
Point: 10
Point validation passed for Member ID: 117 and Survey ID: 32
Point: 2
Point validation passed for Member ID: 117 and Survey ID: 53
Point: 20
Point validation passed for Member ID: 117 and Survey ID: 55
Point: 0
Point validation passed for Member ID: 117 and Survey ID: 57
Point: 3
Point validation passed for Member ID: 117 and Survey ID: 72
Point: 25
Point validation passed for Member ID: 117 and Survey ID: 89
Point: 0
Point validation passed for Member ID: 118 and Survey ID: 26
Point: 5
Point validation passed for Member ID: 118 and Survey ID: 27
Point: 15
Point validation passed for Member ID: 118 and Survey ID: 31
Point: 0
Point validation passed for Member ID: 118 and Survey ID: 34
Point: 15
Point validation passed for Member ID: 118 and Survey ID: 39
Point: 2
Point validation passed for Member ID: 118 and Survey ID: 44
Point: 35
Point validation passed for Member ID: 118 and Survey ID: 48
Point: 5
Point validation passed for Member ID: 118 and Survey ID: 57
Point: 0
Point validation passed for Member ID: 118 and Survey ID: 59
Point: 2
Point validation passed for Member ID: 118 and Survey ID: 75
Point: 10
Point validation passed for Member ID: 118 and Survey ID: 89
Point: 10
Point validation passed for Member ID: 119 and Survey ID: 1
Point: 5
Point validation passed for Member ID: 119 and Survey ID: 12
Point: 5
Point validation passed for Member ID: 119 and Survey ID: 20
Point: 5
Point validation passed for Member ID: 119 and Survey ID: 21
Point: 3
Point validation passed for Member ID: 119 and Survey ID: 24
Point: 35
Point validation passed for Member ID: 119 and Survey ID: 30
Point: 25
Point validation passed for Member ID: 119 and Survey ID: 34
Point: 5
Point validation passed for Member ID: 119 and Survey ID: 38
Point: 30
Point validation passed for Member ID: 119 and Survey ID: 50
Point: 35
Point validation passed for Member ID: 119 and Survey ID: 60
Point: 35
Point validation passed for Member ID: 119 and Survey ID: 65
Point: 20
Point validation passed for Member ID: 119 and Survey ID: 72
Point: 25
Point validation passed for Member ID: 119 and Survey ID: 74
Point: 50
Point validation passed for Member ID: 119 and Survey ID: 79
Point: 20
Point validation passed for Member ID: 119 and Survey ID: 87
Point: 15
Point validation passed for Member ID: 120 and Survey ID: 3
Point: 10
Point validation passed for Member ID: 120 and Survey ID: 4
Point: 1
Point validation passed for Member ID: 120 and Survey ID: 11
Point: 45
Point validation passed for Member ID: 120 and Survey ID: 13
Point: 40
Point validation passed for Member ID: 120 and Survey ID: 15
Point: 10
Point validation passed for Member ID: 120 and Survey ID: 19
Point: 45
Point validation passed for Member ID: 120 and Survey ID: 23
Point: 10
Point validation passed for Member ID: 120 and Survey ID: 30
Point: 25
Point validation passed for Member ID: 120 and Survey ID: 39
Point: 0
Point validation passed for Member ID: 120 and Survey ID: 43
Point: 30
Point validation passed for Member ID: 120 and Survey ID: 47
Point: 20
Point validation passed for Member ID: 120 and Survey ID: 69
Point: 10
Point validation passed for Member ID: 120 and Survey ID: 77
Point: 25
Point validation passed for Member ID: 120 and Survey ID: 81
Point: 1
Point validation passed for Member ID: 120 and Survey ID: 93
Point: 45
Point validation passed for Member ID: 121 and Survey ID: 17
Point: 15
Point validation passed for Member ID: 121 and Survey ID: 42
Point: 25
Point validation passed for Member ID: 121 and Survey ID: 65
Point: 20
Point validation passed for Member ID: 121 and Survey ID: 72
Point: 25
Point validation passed for Member ID: 121 and Survey ID: 73
Point: 15
Point validation passed for Member ID: 121 and Survey ID: 85
Point: 25
Point validation passed for Member ID: 122 and Survey ID: 17
Point: 15
Point validation passed for Member ID: 122 and Survey ID: 18
Point: 25
Point validation passed for Member ID: 122 and Survey ID: 26
Point: 5
Point validation passed for Member ID: 122 and Survey ID: 35
Point: 10
Point validation passed for Member ID: 122 and Survey ID: 74
Point: 50
Point validation passed for Member ID: 123 and Survey ID: 42
Point: 25
Point validation passed for Member ID: 123 and Survey ID: 44
Point: 35
Point validation passed for Member ID: 123 and Survey ID: 52
Point: 40
Point validation passed for Member ID: 123 and Survey ID: 59
Point: 40
Point validation passed for Member ID: 123 and Survey ID: 68
Point: 5
Point validation passed for Member ID: 123 and Survey ID: 74
Point: 1
Point validation passed for Member ID: 123 and Survey ID: 81
Point: 20
Point validation passed for Member ID: 123 and Survey ID: 90
Point: 5
Point validation passed for Member ID: 124 and Survey ID: 3
Point: 10
Point validation passed for Member ID: 124 and Survey ID: 21
Point: 50
Point validation passed for Member ID: 124 and Survey ID: 22
Point: 40
Point validation passed for Member ID: 124 and Survey ID: 43
Point: 30
Point validation passed for Member ID: 124 and Survey ID: 47
Point: 3
Point validation passed for Member ID: 124 and Survey ID: 64
Point: 10
Point validation passed for Member ID: 124 and Survey ID: 79
Point: 20
Point validation passed for Member ID: 124 and Survey ID: 82
Point: 0
Point validation passed for Member ID: 124 and Survey ID: 83
Point: 5
Point validation passed for Member ID: 124 and Survey ID: 100
Point: 0
Point validation passed for Member ID: 125 and Survey ID: 8
Point: 4
Point validation passed for Member ID: 125 and Survey ID: 25
Point: 5
Point validation passed for Member ID: 125 and Survey ID: 42
Point: 25
Point validation passed for Member ID: 125 and Survey ID: 64
Point: 10
Point validation passed for Member ID: 125 and Survey ID: 68
Point: 5
Point validation passed for Member ID: 125 and Survey ID: 81
Point: 20
Point validation passed for Member ID: 125 and Survey ID: 85
Point: 25
Point validation passed for Member ID: 126 and Survey ID: 8
Point: 5
Point validation passed for Member ID: 126 and Survey ID: 11
Point: 45
Point validation passed for Member ID: 126 and Survey ID: 32
Point: 40
Point validation passed for Member ID: 126 and Survey ID: 37
Point: 25
Point validation passed for Member ID: 126 and Survey ID: 40
Point: 5
Point validation passed for Member ID: 126 and Survey ID: 42
Point: 25
Point validation passed for Member ID: 126 and Survey ID: 71
Point: 3
Point validation passed for Member ID: 126 and Survey ID: 78
Point: 3
Point validation passed for Member ID: 126 and Survey ID: 87
Point: 15
Point validation passed for Member ID: 126 and Survey ID: 88
Point: 30
Point validation passed for Member ID: 126 and Survey ID: 89
Point: 0
Point validation passed for Member ID: 127 and Survey ID: 1
Point: 0
Point validation passed for Member ID: 127 and Survey ID: 6
Point: 5
Point validation passed for Member ID: 127 and Survey ID: 24
Point: 35
Point validation passed for Member ID: 127 and Survey ID: 42
Point: 25
Point validation passed for Member ID: 127 and Survey ID: 65
Point: 20
Point validation passed for Member ID: 127 and Survey ID: 74
Point: 1
Point validation passed for Member ID: 127 and Survey ID: 78
Point: 30
Point validation passed for Member ID: 128 and Survey ID: 4
Point: 0
Point validation passed for Member ID: 128 and Survey ID: 28
Point: 10
Point validation passed for Member ID: 128 and Survey ID: 40
Point: 10
Point validation passed for Member ID: 128 and Survey ID: 48
Point: 40
Point validation passed for Member ID: 128 and Survey ID: 50
Point: 35
Point validation passed for Member ID: 128 and Survey ID: 60
Point: 35
Point validation passed for Member ID: 128 and Survey ID: 68
Point: 5
Point validation passed for Member ID: 128 and Survey ID: 75
Point: 10
Point validation passed for Member ID: 128 and Survey ID: 78
Point: 30
Point validation passed for Member ID: 128 and Survey ID: 80
Point: 45
Point validation passed for Member ID: 128 and Survey ID: 88
Point: 30
Point validation passed for Member ID: 128 and Survey ID: 89
Point: 10
Point validation passed for Member ID: 129 and Survey ID: 6
Point: 25
Point validation passed for Member ID: 129 and Survey ID: 23
Point: 0
Point validation passed for Member ID: 129 and Survey ID: 28
Point: 10
Point validation passed for Member ID: 129 and Survey ID: 32
Point: 40
Point validation passed for Member ID: 129 and Survey ID: 40
Point: 10
Point validation passed for Member ID: 129 and Survey ID: 41
Point: 5
Point validation passed for Member ID: 129 and Survey ID: 43
Point: 30
Point validation passed for Member ID: 129 and Survey ID: 45
Point: 20
Point validation passed for Member ID: 129 and Survey ID: 57
Point: 45
Point validation passed for Member ID: 129 and Survey ID: 68
Point: 5
Point validation passed for Member ID: 129 and Survey ID: 73
Point: 2
Point validation passed for Member ID: 129 and Survey ID: 75
Point: 10
Point validation passed for Member ID: 129 and Survey ID: 94
Point: 4
Point validation passed for Member ID: 130 and Survey ID: 5
Point: 35
Point validation passed for Member ID: 130 and Survey ID: 8
Point: 4
Point validation passed for Member ID: 130 and Survey ID: 9
Point: 2
Point validation passed for Member ID: 130 and Survey ID: 17
Point: 5
Point validation passed for Member ID: 130 and Survey ID: 21
Point: 50
Point validation passed for Member ID: 130 and Survey ID: 25
Point: 5
Point validation passed for Member ID: 130 and Survey ID: 56
Point: 10
Point validation passed for Member ID: 130 and Survey ID: 67
Point: 5
Point validation passed for Member ID: 130 and Survey ID: 72
Point: 25
Point validation passed for Member ID: 130 and Survey ID: 80
Point: 45
Point validation passed for Member ID: 131 and Survey ID: 2
Point: 15
Point validation passed for Member ID: 131 and Survey ID: 4
Point: 10
Point validation passed for Member ID: 131 and Survey ID: 20
Point: 0
Point validation passed for Member ID: 131 and Survey ID: 21
Point: 50
Point validation passed for Member ID: 131 and Survey ID: 26
Point: 0
Point validation passed for Member ID: 131 and Survey ID: 36
Point: 35
Point validation passed for Member ID: 131 and Survey ID: 43
Point: 30
Point validation passed for Member ID: 131 and Survey ID: 55
Point: 35
Point validation passed for Member ID: 131 and Survey ID: 65
Point: 20
Point validation passed for Member ID: 131 and Survey ID: 68
Point: 5
Point validation passed for Member ID: 131 and Survey ID: 69
Point: 10
Point validation passed for Member ID: 131 and Survey ID: 77
Point: 25
Point validation passed for Member ID: 131 and Survey ID: 86
Point: 30
Point validation passed for Member ID: 132 and Survey ID: 9
Point: 35
Point validation passed for Member ID: 132 and Survey ID: 33
Point: 25
Point validation passed for Member ID: 132 and Survey ID: 37
Point: 2
Point validation passed for Member ID: 132 and Survey ID: 52
Point: 0
Point validation passed for Member ID: 132 and Survey ID: 59
Point: 0
Point validation passed for Member ID: 132 and Survey ID: 62
Point: 40
Point validation passed for Member ID: 132 and Survey ID: 95
Point: 5
Point validation passed for Member ID: 133 and Survey ID: 16
Point: 45
Point validation passed for Member ID: 133 and Survey ID: 17
Point: 15
Point validation passed for Member ID: 133 and Survey ID: 19
Point: 45
Point validation passed for Member ID: 133 and Survey ID: 22
Point: 0
Point validation passed for Member ID: 133 and Survey ID: 23
Point: 0
Point validation passed for Member ID: 133 and Survey ID: 24
Point: 1
Point validation passed for Member ID: 133 and Survey ID: 33
Point: 25
Point validation passed for Member ID: 133 and Survey ID: 48
Point: 40
Point validation passed for Member ID: 133 and Survey ID: 51
Point: 0
Point validation passed for Member ID: 133 and Survey ID: 54
Point: 4
Point validation passed for Member ID: 133 and Survey ID: 56
Point: 0
Point validation passed for Member ID: 133 and Survey ID: 58
Point: 45
Point validation passed for Member ID: 133 and Survey ID: 67
Point: 0
Point validation passed for Member ID: 133 and Survey ID: 84
Point: 0
Point validation passed for Member ID: 133 and Survey ID: 97
Point: 1
Point validation passed for Member ID: 134 and Survey ID: 8
Point: 5
Point validation passed for Member ID: 134 and Survey ID: 15
Point: 10
Point validation passed for Member ID: 134 and Survey ID: 19
Point: 45
Point validation passed for Member ID: 134 and Survey ID: 21
Point: 50
Point validation passed for Member ID: 134 and Survey ID: 26
Point: 5
Point validation passed for Member ID: 134 and Survey ID: 41
Point: 5
Point validation passed for Member ID: 134 and Survey ID: 68
Point: 0
Point validation passed for Member ID: 134 and Survey ID: 71
Point: 0
Point validation passed for Member ID: 134 and Survey ID: 82
Point: 35
Point validation passed for Member ID: 134 and Survey ID: 95
Point: 0
Point validation passed for Member ID: 135 and Survey ID: 1
Point: 2
Point validation passed for Member ID: 135 and Survey ID: 16
Point: 45
Point validation passed for Member ID: 135 and Survey ID: 29
Point: 50
Point validation passed for Member ID: 135 and Survey ID: 51
Point: 2
Point validation passed for Member ID: 135 and Survey ID: 61
Point: 0
Point validation passed for Member ID: 135 and Survey ID: 66
Point: 15
Point validation passed for Member ID: 135 and Survey ID: 69
Point: 0
Point validation passed for Member ID: 135 and Survey ID: 72
Point: 25
Point validation passed for Member ID: 136 and Survey ID: 12
Point: 5
Point validation passed for Member ID: 136 and Survey ID: 25
Point: 5
Point validation passed for Member ID: 136 and Survey ID: 35
Point: 10
Point validation passed for Member ID: 136 and Survey ID: 74
Point: 50
Point validation passed for Member ID: 136 and Survey ID: 78
Point: 30
Point validation passed for Member ID: 136 and Survey ID: 84
Point: 25
Point validation passed for Member ID: 136 and Survey ID: 91
Point: 4
Point validation passed for Member ID: 136 and Survey ID: 95
Point: 5
Point validation passed for Member ID: 137 and Survey ID: 24
Point: 35
Point validation passed for Member ID: 137 and Survey ID: 29
Point: 50
Point validation passed for Member ID: 137 and Survey ID: 30
Point: 25
Point validation passed for Member ID: 137 and Survey ID: 33
Point: 5
Point validation passed for Member ID: 137 and Survey ID: 39
Point: 40
Point validation passed for Member ID: 137 and Survey ID: 41
Point: 40
Point validation passed for Member ID: 137 and Survey ID: 53
Point: 5
Point validation passed for Member ID: 137 and Survey ID: 87
Point: 15
Point validation passed for Member ID: 137 and Survey ID: 88
Point: 3
Point validation passed for Member ID: 137 and Survey ID: 89
Point: 1
Point validation passed for Member ID: 138 and Survey ID: 10
Point: 5
Point validation passed for Member ID: 138 and Survey ID: 22
Point: 40
Point validation passed for Member ID: 138 and Survey ID: 25
Point: 5
Point validation passed for Member ID: 138 and Survey ID: 33
Point: 25
Point validation passed for Member ID: 138 and Survey ID: 38
Point: 30
Point validation passed for Member ID: 138 and Survey ID: 43
Point: 30
Point validation passed for Member ID: 138 and Survey ID: 44
Point: 35
Point validation passed for Member ID: 138 and Survey ID: 49
Point: 35
Point validation passed for Member ID: 138 and Survey ID: 55
Point: 35
Point validation passed for Member ID: 138 and Survey ID: 72
Point: 25
Point validation passed for Member ID: 138 and Survey ID: 77
Point: 25
Point validation passed for Member ID: 138 and Survey ID: 88
Point: 30
Point validation passed for Member ID: 139 and Survey ID: 1
Point: 5
Point validation passed for Member ID: 139 and Survey ID: 34
Point: 15
Point validation passed for Member ID: 139 and Survey ID: 35
Point: 4
Point validation passed for Member ID: 139 and Survey ID: 41
Point: 40
Point validation passed for Member ID: 139 and Survey ID: 59
Point: 0
Point validation passed for Member ID: 139 and Survey ID: 73
Point: 0
Point validation passed for Member ID: 139 and Survey ID: 75
Point: 10
Point validation passed for Member ID: 139 and Survey ID: 85
Point: 25
Point validation passed for Member ID: 139 and Survey ID: 91
Point: 0
Point validation passed for Member ID: 140 and Survey ID: 11
Point: 4
Point validation passed for Member ID: 140 and Survey ID: 14
Point: 50
Point validation passed for Member ID: 140 and Survey ID: 36
Point: 2
Point validation passed for Member ID: 140 and Survey ID: 46
Point: 2
Point validation passed for Member ID: 140 and Survey ID: 48
Point: 5
Point validation passed for Member ID: 140 and Survey ID: 56
Point: 0
Point validation passed for Member ID: 140 and Survey ID: 59
Point: 40
Point validation passed for Member ID: 140 and Survey ID: 72
Point: 25
Point validation passed for Member ID: 140 and Survey ID: 74
Point: 1
Point validation passed for Member ID: 140 and Survey ID: 93
Point: 45
Point validation passed for Member ID: 140 and Survey ID: 100
Point: 10
Point validation passed for Member ID: 141 and Survey ID: 20
Point: 0
Point validation passed for Member ID: 141 and Survey ID: 29
Point: 50
Point validation passed for Member ID: 141 and Survey ID: 36
Point: 2
Point validation passed for Member ID: 141 and Survey ID: 64
Point: 5
Point validation passed for Member ID: 141 and Survey ID: 77
Point: 0
Point validation passed for Member ID: 141 and Survey ID: 81
Point: 1
Point validation passed for Member ID: 141 and Survey ID: 90
Point: 5
Point validation passed for Member ID: 141 and Survey ID: 97
Point: 35
Point validation passed for Member ID: 142 and Survey ID: 48
Point: 5
Point validation passed for Member ID: 142 and Survey ID: 76
Point: 40
Point validation passed for Member ID: 142 and Survey ID: 83
Point: 5
Point validation passed for Member ID: 142 and Survey ID: 90
Point: 2
Point validation passed for Member ID: 143 and Survey ID: 3
Point: 10
Point validation passed for Member ID: 143 and Survey ID: 22
Point: 40
Point validation passed for Member ID: 143 and Survey ID: 32
Point: 40
Point validation passed for Member ID: 143 and Survey ID: 94
Point: 5
Point validation passed for Member ID: 143 and Survey ID: 98
Point: 45
Point validation passed for Member ID: 144 and Survey ID: 3
Point: 10
Point validation passed for Member ID: 144 and Survey ID: 7
Point: 45
Point validation passed for Member ID: 144 and Survey ID: 11
Point: 45
Point validation passed for Member ID: 144 and Survey ID: 27
Point: 15
Point validation passed for Member ID: 144 and Survey ID: 37
Point: 2
Point validation passed for Member ID: 144 and Survey ID: 38
Point: 1
Point validation passed for Member ID: 144 and Survey ID: 63
Point: 30
Point validation passed for Member ID: 144 and Survey ID: 81
Point: 20
Point validation passed for Member ID: 144 and Survey ID: 94
Point: 5
Point validation passed for Member ID: 145 and Survey ID: 10
Point: 2
Point validation passed for Member ID: 145 and Survey ID: 11
Point: 45
Point validation passed for Member ID: 145 and Survey ID: 31
Point: 50
Point validation passed for Member ID: 145 and Survey ID: 35
Point: 4
Point validation passed for Member ID: 145 and Survey ID: 42
Point: 4
Point validation passed for Member ID: 145 and Survey ID: 44
Point: 5
Point validation passed for Member ID: 145 and Survey ID: 46
Point: 2
Point validation passed for Member ID: 145 and Survey ID: 52
Point: 40
Point validation passed for Member ID: 145 and Survey ID: 53
Point: 20
Point validation passed for Member ID: 145 and Survey ID: 68
Point: 5
Point validation passed for Member ID: 145 and Survey ID: 77
Point: 25
Point validation passed for Member ID: 145 and Survey ID: 85
Point: 2
Point validation passed for Member ID: 146 and Survey ID: 2
Point: 15
Point validation passed for Member ID: 146 and Survey ID: 5
Point: 35
Point validation passed for Member ID: 146 and Survey ID: 38
Point: 30
Point validation passed for Member ID: 146 and Survey ID: 52
Point: 40
Point validation passed for Member ID: 146 and Survey ID: 56
Point: 10
Point validation passed for Member ID: 146 and Survey ID: 58
Point: 45
Point validation passed for Member ID: 146 and Survey ID: 60
Point: 35
Point validation passed for Member ID: 146 and Survey ID: 62
Point: 40
Point validation passed for Member ID: 146 and Survey ID: 65
Point: 20
Point validation passed for Member ID: 146 and Survey ID: 88
Point: 30
Point validation passed for Member ID: 146 and Survey ID: 94
Point: 0
Point validation passed for Member ID: 146 and Survey ID: 96
Point: 5
Point validation passed for Member ID: 147 and Survey ID: 12
Point: 5
Point validation passed for Member ID: 147 and Survey ID: 15
Point: 10
Point validation passed for Member ID: 147 and Survey ID: 19
Point: 45
Point validation passed for Member ID: 147 and Survey ID: 26
Point: 5
Point validation passed for Member ID: 147 and Survey ID: 30
Point: 25
Point validation passed for Member ID: 147 and Survey ID: 51
Point: 15
Point validation passed for Member ID: 147 and Survey ID: 71
Point: 3
Point validation passed for Member ID: 147 and Survey ID: 74
Point: 50
Point validation passed for Member ID: 147 and Survey ID: 78
Point: 0
Point validation passed for Member ID: 147 and Survey ID: 80
Point: 45
Point validation passed for Member ID: 148 and Survey ID: 4
Point: 10
Point validation passed for Member ID: 148 and Survey ID: 8
Point: 5
Point validation passed for Member ID: 148 and Survey ID: 17
Point: 0
Point validation passed for Member ID: 148 and Survey ID: 20
Point: 20
Point validation passed for Member ID: 148 and Survey ID: 32
Point: 40
Point validation passed for Member ID: 148 and Survey ID: 41
Point: 40
Point validation passed for Member ID: 148 and Survey ID: 43
Point: 30
Point validation passed for Member ID: 148 and Survey ID: 62
Point: 40
Point validation passed for Member ID: 148 and Survey ID: 73
Point: 15
Point validation passed for Member ID: 148 and Survey ID: 79
Point: 5
Point validation passed for Member ID: 148 and Survey ID: 83
Point: 5
Point validation passed for Member ID: 148 and Survey ID: 94
Point: 5
Point validation passed for Member ID: 149 and Survey ID: 16
Point: 45
Point validation passed for Member ID: 149 and Survey ID: 17
Point: 15
Point validation passed for Member ID: 149 and Survey ID: 22
Point: 40
Point validation passed for Member ID: 149 and Survey ID: 38
Point: 30
Point validation passed for Member ID: 149 and Survey ID: 49
Point: 0
Point validation passed for Member ID: 149 and Survey ID: 52
Point: 40
Point validation passed for Member ID: 149 and Survey ID: 53
Point: 0
Point validation passed for Member ID: 149 and Survey ID: 60
Point: 35
Point validation passed for Member ID: 149 and Survey ID: 71
Point: 30
Point validation passed for Member ID: 149 and Survey ID: 81
Point: 0
Point validation passed for Member ID: 149 and Survey ID: 83
Point: 5
Point validation passed for Member ID: 149 and Survey ID: 87
Point: 0
Point validation passed for Member ID: 149 and Survey ID: 91
Point: 5
Point validation passed for Member ID: 149 and Survey ID: 100
Point: 10
Point validation passed for Member ID: 150 and Survey ID: 20
Point: 20
Point validation passed for Member ID: 150 and Survey ID: 42
Point: 0
Point validation passed for Member ID: 150 and Survey ID: 43
Point: 30
Point validation passed for Member ID: 150 and Survey ID: 45
Point: 20
Point validation passed for Member ID: 150 and Survey ID: 52
Point: 40
Point validation passed for Member ID: 150 and Survey ID: 62
Point: 40
Point validation passed for Member ID: 150 and Survey ID: 78
Point: 30
Point validation passed for Member ID: 150 and Survey ID: 85
Point: 2
Point validation passed for Member ID: 150 and Survey ID: 95
Point: 5
Point validation passed for Member ID: 150 and Survey ID: 100
Point: 10
Point validation passed for Member ID: 151 and Survey ID: 6
Point: 5
Point validation passed for Member ID: 151 and Survey ID: 15
Point: 10
Point validation passed for Member ID: 151 and Survey ID: 19
Point: 5
Point validation passed for Member ID: 151 and Survey ID: 22
Point: 40
Point validation passed for Member ID: 151 and Survey ID: 30
Point: 25
Point validation passed for Member ID: 151 and Survey ID: 32
Point: 0
Point validation passed for Member ID: 151 and Survey ID: 43
Point: 0
Point validation passed for Member ID: 151 and Survey ID: 76
Point: 0
Point validation passed for Member ID: 151 and Survey ID: 79
Point: 20
Point validation passed for Member ID: 151 and Survey ID: 94
Point: 4
Point validation passed for Member ID: 152 and Survey ID: 13
Point: 40
Point validation passed for Member ID: 152 and Survey ID: 20
Point: 20
Point validation passed for Member ID: 152 and Survey ID: 24
Point: 35
Point validation passed for Member ID: 152 and Survey ID: 37
Point: 0
Point validation passed for Member ID: 152 and Survey ID: 57
Point: 45
Point validation passed for Member ID: 152 and Survey ID: 58
Point: 2
Point validation passed for Member ID: 152 and Survey ID: 66
Point: 0
Point validation passed for Member ID: 152 and Survey ID: 79
Point: 20
Point validation passed for Member ID: 152 and Survey ID: 83
Point: 5
Point validation passed for Member ID: 152 and Survey ID: 86
Point: 30
Point validation passed for Member ID: 152 and Survey ID: 99
Point: 25
Point validation passed for Member ID: 153 and Survey ID: 13
Point: 3
Point validation passed for Member ID: 153 and Survey ID: 17
Point: 15
Point validation passed for Member ID: 153 and Survey ID: 20
Point: 20
Point validation passed for Member ID: 153 and Survey ID: 22
Point: 3
Point validation passed for Member ID: 153 and Survey ID: 41
Point: 40
Point validation passed for Member ID: 153 and Survey ID: 46
Point: 2
Point validation passed for Member ID: 153 and Survey ID: 61
Point: 40
Point validation passed for Member ID: 153 and Survey ID: 77
Point: 25
Point validation passed for Member ID: 153 and Survey ID: 85
Point: 25
Point validation passed for Member ID: 153 and Survey ID: 94
Point: 5
Point validation passed for Member ID: 154 and Survey ID: 2
Point: 4
Point validation passed for Member ID: 154 and Survey ID: 6
Point: 25
Point validation passed for Member ID: 154 and Survey ID: 21
Point: 50
Point validation passed for Member ID: 154 and Survey ID: 29
Point: 50
Point validation passed for Member ID: 154 and Survey ID: 34
Point: 15
Point validation passed for Member ID: 154 and Survey ID: 56
Point: 1
Point validation passed for Member ID: 154 and Survey ID: 77
Point: 25
Point validation passed for Member ID: 154 and Survey ID: 89
Point: 10
Point validation passed for Member ID: 154 and Survey ID: 96
Point: 50
Point validation passed for Member ID: 154 and Survey ID: 97
Point: 35
Point validation passed for Member ID: 155 and Survey ID: 1
Point: 0
Point validation passed for Member ID: 155 and Survey ID: 13
Point: 40
Point validation passed for Member ID: 155 and Survey ID: 19
Point: 45
Point validation passed for Member ID: 155 and Survey ID: 25
Point: 5
Point validation passed for Member ID: 155 and Survey ID: 32
Point: 2
Point validation passed for Member ID: 155 and Survey ID: 39
Point: 40
Point validation passed for Member ID: 155 and Survey ID: 40
Point: 0
Point validation passed for Member ID: 155 and Survey ID: 58
Point: 45
Point validation passed for Member ID: 155 and Survey ID: 61
Point: 40
Point validation passed for Member ID: 155 and Survey ID: 73
Point: 15
Point validation passed for Member ID: 155 and Survey ID: 89
Point: 10
Point validation passed for Member ID: 155 and Survey ID: 91
Point: 5
Point validation passed for Member ID: 155 and Survey ID: 93
Point: 0
Point validation passed for Member ID: 155 and Survey ID: 98
Point: 45
Point validation passed for Member ID: 156 and Survey ID: 4
Point: 10
Point validation passed for Member ID: 156 and Survey ID: 24
Point: 1
Point validation passed for Member ID: 156 and Survey ID: 26
Point: 5
Point validation passed for Member ID: 156 and Survey ID: 40
Point: 10
Point validation passed for Member ID: 156 and Survey ID: 46
Point: 10
Point validation passed for Member ID: 156 and Survey ID: 47
Point: 20
Point validation passed for Member ID: 156 and Survey ID: 56
Point: 0
Point validation passed for Member ID: 156 and Survey ID: 58
Point: 45
Point validation passed for Member ID: 156 and Survey ID: 59
Point: 40
Point validation passed for Member ID: 156 and Survey ID: 65
Point: 20
Point validation passed for Member ID: 156 and Survey ID: 85
Point: 25
Point validation passed for Member ID: 157 and Survey ID: 39
Point: 40
Point validation passed for Member ID: 157 and Survey ID: 40
Point: 10
Point validation passed for Member ID: 157 and Survey ID: 45
Point: 20
Point validation passed for Member ID: 157 and Survey ID: 47
Point: 20
Point validation passed for Member ID: 157 and Survey ID: 56
Point: 10
Point validation passed for Member ID: 157 and Survey ID: 67
Point: 35
Point validation passed for Member ID: 157 and Survey ID: 69
Point: 10
Point validation passed for Member ID: 157 and Survey ID: 85
Point: 25
Point validation passed for Member ID: 157 and Survey ID: 99
Point: 25
Point validation passed for Member ID: 158 and Survey ID: 6
Point: 5
Point validation passed for Member ID: 158 and Survey ID: 12
Point: 5
Point validation passed for Member ID: 158 and Survey ID: 13
Point: 3
Point validation passed for Member ID: 158 and Survey ID: 15
Point: 10
Point validation passed for Member ID: 158 and Survey ID: 22
Point: 40
Point validation passed for Member ID: 158 and Survey ID: 26
Point: 5
Point validation passed for Member ID: 158 and Survey ID: 27
Point: 15
Point validation passed for Member ID: 158 and Survey ID: 29
Point: 3
Point validation passed for Member ID: 158 and Survey ID: 34
Point: 15
Point validation passed for Member ID: 158 and Survey ID: 41
Point: 0
Point validation passed for Member ID: 158 and Survey ID: 48
Point: 0
Point validation passed for Member ID: 158 and Survey ID: 61
Point: 40
Point validation passed for Member ID: 158 and Survey ID: 71
Point: 30
Point validation passed for Member ID: 158 and Survey ID: 74
Point: 1
Point validation passed for Member ID: 158 and Survey ID: 75
Point: 0
Point validation passed for Member ID: 158 and Survey ID: 77
Point: 25
Point validation passed for Member ID: 158 and Survey ID: 93
Point: 45
Point validation passed for Member ID: 158 and Survey ID: 98
Point: 45
Point validation passed for Member ID: 159 and Survey ID: 13
Point: 40
Point validation passed for Member ID: 159 and Survey ID: 75
Point: 5
Point validation passed for Member ID: 159 and Survey ID: 78
Point: 30
Point validation passed for Member ID: 160 and Survey ID: 6
Point: 5
Point validation passed for Member ID: 160 and Survey ID: 7
Point: 45
Point validation passed for Member ID: 160 and Survey ID: 23
Point: 10
Point validation passed for Member ID: 160 and Survey ID: 28
Point: 10
Point validation passed for Member ID: 160 and Survey ID: 31
Point: 50
Point validation passed for Member ID: 160 and Survey ID: 36
Point: 2
Point validation passed for Member ID: 160 and Survey ID: 52
Point: 0
Point validation passed for Member ID: 160 and Survey ID: 70
Point: 30
Point validation passed for Member ID: 160 and Survey ID: 77
Point: 1
Point validation passed for Member ID: 160 and Survey ID: 82
Point: 4
Point validation passed for Member ID: 160 and Survey ID: 83
Point: 5
Point validation passed for Member ID: 161 and Survey ID: 4
Point: 1
Point validation passed for Member ID: 161 and Survey ID: 37
Point: 25
Point validation passed for Member ID: 161 and Survey ID: 41
Point: 5
Point validation passed for Member ID: 161 and Survey ID: 46
Point: 10
Point validation passed for Member ID: 161 and Survey ID: 50
Point: 5
Point validation passed for Member ID: 161 and Survey ID: 66
Point: 3
Point validation passed for Member ID: 161 and Survey ID: 79
Point: 20
Point validation passed for Member ID: 161 and Survey ID: 89
Point: 10
Point validation passed for Member ID: 161 and Survey ID: 92
Point: 45
Point validation passed for Member ID: 161 and Survey ID: 96
Point: 50
Point validation passed for Member ID: 161 and Survey ID: 97
Point: 35
Point validation passed for Member ID: 162 and Survey ID: 9
Point: 2
Point validation passed for Member ID: 162 and Survey ID: 10
Point: 2
Point validation passed for Member ID: 162 and Survey ID: 21
Point: 3
Point validation passed for Member ID: 162 and Survey ID: 32
Point: 0
Point validation passed for Member ID: 162 and Survey ID: 33
Point: 5
Point validation passed for Member ID: 162 and Survey ID: 54
Point: 25
Point validation passed for Member ID: 162 and Survey ID: 58
Point: 45
Point validation passed for Member ID: 162 and Survey ID: 65
Point: 20
Point validation passed for Member ID: 162 and Survey ID: 67
Point: 5
Point validation passed for Member ID: 162 and Survey ID: 68
Point: 3
Point validation passed for Member ID: 162 and Survey ID: 72
Point: 25
Point validation passed for Member ID: 162 and Survey ID: 73
Point: 15
Point validation passed for Member ID: 162 and Survey ID: 75
Point: 10
Point validation passed for Member ID: 163 and Survey ID: 7
Point: 45
Point validation passed for Member ID: 163 and Survey ID: 49
Point: 4
Point validation passed for Member ID: 163 and Survey ID: 59
Point: 40
Point validation passed for Member ID: 163 and Survey ID: 60
Point: 35
Point validation passed for Member ID: 163 and Survey ID: 69
Point: 10
Point validation passed for Member ID: 163 and Survey ID: 72
Point: 0
Point validation passed for Member ID: 163 and Survey ID: 95
Point: 15
Point validation passed for Member ID: 163 and Survey ID: 96
Point: 50
Point validation passed for Member ID: 164 and Survey ID: 4
Point: 10
Point validation passed for Member ID: 164 and Survey ID: 5
Point: 4
Point validation passed for Member ID: 164 and Survey ID: 7
Point: 45
Point validation passed for Member ID: 164 and Survey ID: 33
Point: 25
Point validation passed for Member ID: 164 and Survey ID: 47
Point: 20
Point validation passed for Member ID: 164 and Survey ID: 62
Point: 40
Point validation passed for Member ID: 164 and Survey ID: 78
Point: 30
Point validation passed for Member ID: 164 and Survey ID: 100
Point: 10
Point validation passed for Member ID: 165 and Survey ID: 27
Point: 15
Point validation passed for Member ID: 165 and Survey ID: 30
Point: 2
Point validation passed for Member ID: 165 and Survey ID: 35
Point: 10
Point validation passed for Member ID: 165 and Survey ID: 43
Point: 30
Point validation passed for Member ID: 165 and Survey ID: 45
Point: 20
Point validation passed for Member ID: 165 and Survey ID: 49
Point: 35
Point validation passed for Member ID: 165 and Survey ID: 60
Point: 35
Point validation passed for Member ID: 165 and Survey ID: 72
Point: 25
Point validation passed for Member ID: 165 and Survey ID: 86
Point: 30
Point validation passed for Member ID: 165 and Survey ID: 98
Point: 45
Point validation passed for Member ID: 166 and Survey ID: 5
Point: 35
Point validation passed for Member ID: 166 and Survey ID: 23
Point: 4
Point validation passed for Member ID: 166 and Survey ID: 31
Point: 50
Point validation passed for Member ID: 166 and Survey ID: 54
Point: 25
Point validation passed for Member ID: 166 and Survey ID: 58
Point: 45
Point validation passed for Member ID: 166 and Survey ID: 68
Point: 5
Point validation passed for Member ID: 166 and Survey ID: 81
Point: 1
Point validation passed for Member ID: 166 and Survey ID: 90
Point: 0
Point validation passed for Member ID: 167 and Survey ID: 11
Point: 4
Point validation passed for Member ID: 167 and Survey ID: 12
Point: 5
Point validation passed for Member ID: 167 and Survey ID: 28
Point: 10
Point validation passed for Member ID: 167 and Survey ID: 43
Point: 5
Point validation passed for Member ID: 167 and Survey ID: 44
Point: 35
Point validation passed for Member ID: 167 and Survey ID: 45
Point: 2
Point validation passed for Member ID: 167 and Survey ID: 56
Point: 10
Point validation passed for Member ID: 167 and Survey ID: 59
Point: 2
Point validation passed for Member ID: 167 and Survey ID: 70
Point: 30
Point validation passed for Member ID: 167 and Survey ID: 77
Point: 25
Point validation passed for Member ID: 167 and Survey ID: 88
Point: 30
Point validation passed for Member ID: 167 and Survey ID: 89
Point: 10
Point validation passed for Member ID: 167 and Survey ID: 99
Point: 0
Point validation passed for Member ID: 168 and Survey ID: 40
Point: 5
Point validation passed for Member ID: 168 and Survey ID: 45
Point: 20
Point validation passed for Member ID: 168 and Survey ID: 46
Point: 10
Point validation passed for Member ID: 168 and Survey ID: 67
Point: 35
Point validation passed for Member ID: 168 and Survey ID: 70
Point: 5
Point validation passed for Member ID: 168 and Survey ID: 74
Point: 50
Point validation passed for Member ID: 168 and Survey ID: 80
Point: 45
Point validation passed for Member ID: 168 and Survey ID: 81
Point: 20
Point validation passed for Member ID: 169 and Survey ID: 9
Point: 35
Point validation passed for Member ID: 169 and Survey ID: 31
Point: 50
Point validation passed for Member ID: 169 and Survey ID: 38
Point: 0
Point validation passed for Member ID: 169 and Survey ID: 42
Point: 25
Point validation passed for Member ID: 169 and Survey ID: 52
Point: 40
Point validation passed for Member ID: 169 and Survey ID: 68
Point: 5
Point validation passed for Member ID: 169 and Survey ID: 78
Point: 30
Point validation passed for Member ID: 169 and Survey ID: 84
Point: 0
Point validation passed for Member ID: 170 and Survey ID: 14
Point: 50
Point validation passed for Member ID: 170 and Survey ID: 31
Point: 2
Point validation passed for Member ID: 170 and Survey ID: 32
Point: 2
Point validation passed for Member ID: 170 and Survey ID: 33
Point: 25
Point validation passed for Member ID: 170 and Survey ID: 34
Point: 15
Point validation passed for Member ID: 170 and Survey ID: 35
Point: 10
Point validation passed for Member ID: 170 and Survey ID: 39
Point: 40
Point validation passed for Member ID: 170 and Survey ID: 45
Point: 20
Point validation passed for Member ID: 170 and Survey ID: 56
Point: 10
Point validation passed for Member ID: 170 and Survey ID: 76
Point: 40
Point validation passed for Member ID: 170 and Survey ID: 77
Point: 25
Point validation passed for Member ID: 171 and Survey ID: 31
Point: 50
Point validation passed for Member ID: 171 and Survey ID: 38
Point: 30
Point validation passed for Member ID: 171 and Survey ID: 44
Point: 35
Point validation passed for Member ID: 171 and Survey ID: 45
Point: 2
Point validation passed for Member ID: 171 and Survey ID: 48
Point: 40
Point validation passed for Member ID: 171 and Survey ID: 51
Point: 15
Point validation passed for Member ID: 171 and Survey ID: 55
Point: 35
Point validation passed for Member ID: 171 and Survey ID: 59
Point: 2
Point validation passed for Member ID: 171 and Survey ID: 74
Point: 1
Point validation passed for Member ID: 171 and Survey ID: 78
Point: 0
Point validation passed for Member ID: 171 and Survey ID: 90
Point: 5
Point validation passed for Member ID: 171 and Survey ID: 98
Point: 45
Point validation passed for Member ID: 172 and Survey ID: 30
Point: 25
Point validation passed for Member ID: 172 and Survey ID: 38
Point: 30
Point validation passed for Member ID: 172 and Survey ID: 40
Point: 10
Point validation passed for Member ID: 172 and Survey ID: 58
Point: 45
Point validation passed for Member ID: 172 and Survey ID: 60
Point: 35
Point validation passed for Member ID: 172 and Survey ID: 78
Point: 30
Point validation passed for Member ID: 172 and Survey ID: 81
Point: 1
Point validation passed for Member ID: 173 and Survey ID: 17
Point: 15
Point validation passed for Member ID: 173 and Survey ID: 24
Point: 0
Point validation passed for Member ID: 173 and Survey ID: 29
Point: 50
Point validation passed for Member ID: 173 and Survey ID: 34
Point: 5
Point validation passed for Member ID: 173 and Survey ID: 40
Point: 5
Point validation passed for Member ID: 173 and Survey ID: 41
Point: 5
Point validation passed for Member ID: 173 and Survey ID: 58
Point: 45
Point validation passed for Member ID: 173 and Survey ID: 70
Point: 0
Point validation passed for Member ID: 173 and Survey ID: 72
Point: 3
Point validation passed for Member ID: 173 and Survey ID: 83
Point: 5
Point validation passed for Member ID: 173 and Survey ID: 86
Point: 4
Point validation passed for Member ID: 174 and Survey ID: 20
Point: 20
Point validation passed for Member ID: 174 and Survey ID: 37
Point: 25
Point validation passed for Member ID: 174 and Survey ID: 49
Point: 35
Point validation passed for Member ID: 174 and Survey ID: 50
Point: 35
Point validation passed for Member ID: 174 and Survey ID: 73
Point: 0
Point validation passed for Member ID: 174 and Survey ID: 86
Point: 4
Point validation passed for Member ID: 175 and Survey ID: 3
Point: 10
Point validation passed for Member ID: 175 and Survey ID: 12
Point: 5
Point validation passed for Member ID: 175 and Survey ID: 15
Point: 10
Point validation passed for Member ID: 175 and Survey ID: 70
Point: 0
Point validation passed for Member ID: 175 and Survey ID: 74
Point: 0
Point validation passed for Member ID: 175 and Survey ID: 75
Point: 10
Point validation passed for Member ID: 175 and Survey ID: 77
Point: 1
Point validation passed for Member ID: 175 and Survey ID: 90
Point: 5
Point validation passed for Member ID: 175 and Survey ID: 96
Point: 50
Point validation passed for Member ID: 176 and Survey ID: 9
Point: 0
Point validation passed for Member ID: 176 and Survey ID: 48
Point: 0
Point validation passed for Member ID: 176 and Survey ID: 62
Point: 40
Point validation passed for Member ID: 176 and Survey ID: 64
Point: 10
Point validation passed for Member ID: 176 and Survey ID: 70
Point: 30
Point validation passed for Member ID: 176 and Survey ID: 71
Point: 0
Point validation passed for Member ID: 176 and Survey ID: 89
Point: 10
Point validation passed for Member ID: 177 and Survey ID: 4
Point: 10
Point validation passed for Member ID: 177 and Survey ID: 7
Point: 45
Point validation passed for Member ID: 177 and Survey ID: 12
Point: 5
Point validation passed for Member ID: 177 and Survey ID: 19
Point: 45
Point validation passed for Member ID: 177 and Survey ID: 20
Point: 20
Point validation passed for Member ID: 177 and Survey ID: 24
Point: 35
Point validation passed for Member ID: 177 and Survey ID: 52
Point: 3
Point validation passed for Member ID: 177 and Survey ID: 67
Point: 0
Point validation passed for Member ID: 177 and Survey ID: 81
Point: 1
Point validation passed for Member ID: 177 and Survey ID: 82
Point: 4
Point validation passed for Member ID: 177 and Survey ID: 93
Point: 1
Point validation passed for Member ID: 178 and Survey ID: 5
Point: 35
Point validation passed for Member ID: 178 and Survey ID: 28
Point: 10
Point validation passed for Member ID: 178 and Survey ID: 29
Point: 3
Point validation passed for Member ID: 178 and Survey ID: 39
Point: 40
Point validation passed for Member ID: 178 and Survey ID: 43
Point: 30
Point validation passed for Member ID: 178 and Survey ID: 47
Point: 20
Point validation passed for Member ID: 178 and Survey ID: 50
Point: 35
Point validation passed for Member ID: 178 and Survey ID: 65
Point: 20
Point validation passed for Member ID: 178 and Survey ID: 66
Point: 15
Point validation passed for Member ID: 178 and Survey ID: 71
Point: 3
Point validation passed for Member ID: 178 and Survey ID: 72
Point: 3
Point validation passed for Member ID: 178 and Survey ID: 82
Point: 35
Point validation passed for Member ID: 178 and Survey ID: 85
Point: 25
Point validation passed for Member ID: 179 and Survey ID: 3
Point: 10
Point validation passed for Member ID: 179 and Survey ID: 17
Point: 15
Point validation passed for Member ID: 179 and Survey ID: 23
Point: 4
Point validation passed for Member ID: 179 and Survey ID: 29
Point: 50
Point validation passed for Member ID: 179 and Survey ID: 48
Point: 40
Point validation passed for Member ID: 179 and Survey ID: 49
Point: 4
Point validation passed for Member ID: 179 and Survey ID: 50
Point: 5
Point validation passed for Member ID: 179 and Survey ID: 51
Point: 15
Point validation passed for Member ID: 179 and Survey ID: 82
Point: 35
Point validation passed for Member ID: 179 and Survey ID: 86
Point: 4
Point validation passed for Member ID: 179 and Survey ID: 97
Point: 35
Point validation passed for Member ID: 179 and Survey ID: 99
Point: 25
Point validation passed for Member ID: 180 and Survey ID: 11
Point: 45
Point validation passed for Member ID: 180 and Survey ID: 26
Point: 2
Point validation passed for Member ID: 180 and Survey ID: 37
Point: 2
Point validation passed for Member ID: 180 and Survey ID: 38
Point: 30
Point validation passed for Member ID: 180 and Survey ID: 43
Point: 30
Point validation passed for Member ID: 180 and Survey ID: 50
Point: 35
Point validation passed for Member ID: 180 and Survey ID: 64
Point: 5
Point validation passed for Member ID: 180 and Survey ID: 67
Point: 35
Point validation passed for Member ID: 180 and Survey ID: 79
Point: 20
Point validation passed for Member ID: 180 and Survey ID: 97
Point: 35
Point validation passed for Member ID: 181 and Survey ID: 25
Point: 5
Point validation passed for Member ID: 181 and Survey ID: 27
Point: 1
Point validation passed for Member ID: 181 and Survey ID: 39
Point: 2
Point validation passed for Member ID: 181 and Survey ID: 70
Point: 30
Point validation passed for Member ID: 181 and Survey ID: 88
Point: 30
Point validation passed for Member ID: 182 and Survey ID: 15
Point: 1
Point validation passed for Member ID: 182 and Survey ID: 18
Point: 25
Point validation passed for Member ID: 182 and Survey ID: 21
Point: 0
Point validation passed for Member ID: 182 and Survey ID: 25
Point: 5
Point validation passed for Member ID: 182 and Survey ID: 29
Point: 50
Point validation passed for Member ID: 182 and Survey ID: 45
Point: 20
Point validation passed for Member ID: 182 and Survey ID: 48
Point: 40
Point validation passed for Member ID: 182 and Survey ID: 59
Point: 0
Point validation passed for Member ID: 182 and Survey ID: 81
Point: 20
Point validation passed for Member ID: 182 and Survey ID: 86
Point: 30
Point validation passed for Member ID: 183 and Survey ID: 13
Point: 40
Point validation passed for Member ID: 183 and Survey ID: 16
Point: 45
Point validation passed for Member ID: 183 and Survey ID: 26
Point: 2
Point validation passed for Member ID: 183 and Survey ID: 32
Point: 40
Point validation passed for Member ID: 183 and Survey ID: 55
Point: 0
Point validation passed for Member ID: 183 and Survey ID: 59
Point: 0
Point validation passed for Member ID: 183 and Survey ID: 60
Point: 35
Point validation passed for Member ID: 183 and Survey ID: 68
Point: 3
Point validation passed for Member ID: 184 and Survey ID: 7
Point: 45
Point validation passed for Member ID: 184 and Survey ID: 20
Point: 20
Point validation passed for Member ID: 184 and Survey ID: 29
Point: 0
Point validation passed for Member ID: 184 and Survey ID: 39
Point: 40
Point validation passed for Member ID: 184 and Survey ID: 59
Point: 40
Point validation passed for Member ID: 184 and Survey ID: 85
Point: 2
Point validation passed for Member ID: 184 and Survey ID: 86
Point: 30
Point validation passed for Member ID: 184 and Survey ID: 91
Point: 5
Point validation passed for Member ID: 184 and Survey ID: 94
Point: 4
Point validation passed for Member ID: 184 and Survey ID: 95
Point: 15
Point validation passed for Member ID: 185 and Survey ID: 1
Point: 5
Point validation passed for Member ID: 185 and Survey ID: 20
Point: 0
Point validation passed for Member ID: 185 and Survey ID: 32
Point: 40
Point validation passed for Member ID: 185 and Survey ID: 38
Point: 30
Point validation passed for Member ID: 185 and Survey ID: 46
Point: 10
Point validation passed for Member ID: 185 and Survey ID: 48
Point: 40
Point validation passed for Member ID: 185 and Survey ID: 51
Point: 15
Point validation passed for Member ID: 185 and Survey ID: 65
Point: 5
Point validation passed for Member ID: 185 and Survey ID: 75
Point: 10
Point validation passed for Member ID: 185 and Survey ID: 79
Point: 5
Point validation passed for Member ID: 185 and Survey ID: 85
Point: 25
Point validation passed for Member ID: 185 and Survey ID: 92
Point: 45
Point validation passed for Member ID: 186 and Survey ID: 11
Point: 45
Point validation passed for Member ID: 186 and Survey ID: 26
Point: 2
Point validation passed for Member ID: 186 and Survey ID: 27
Point: 15
Point validation passed for Member ID: 186 and Survey ID: 63
Point: 30
Point validation passed for Member ID: 186 and Survey ID: 68
Point: 5
Point validation passed for Member ID: 186 and Survey ID: 69
Point: 1
Point validation passed for Member ID: 186 and Survey ID: 75
Point: 0
Point validation passed for Member ID: 186 and Survey ID: 87
Point: 4
Point validation passed for Member ID: 186 and Survey ID: 92
Point: 45
Point validation passed for Member ID: 186 and Survey ID: 96
Point: 50
Point validation passed for Member ID: 187 and Survey ID: 4
Point: 10
Point validation passed for Member ID: 187 and Survey ID: 19
Point: 45
Point validation passed for Member ID: 187 and Survey ID: 24
Point: 35
Point validation passed for Member ID: 187 and Survey ID: 26
Point: 5
Point validation passed for Member ID: 187 and Survey ID: 27
Point: 15
Point validation passed for Member ID: 187 and Survey ID: 34
Point: 0
Point validation passed for Member ID: 187 and Survey ID: 52
Point: 40
Point validation passed for Member ID: 187 and Survey ID: 69
Point: 10
Point validation passed for Member ID: 187 and Survey ID: 77
Point: 1
Point validation passed for Member ID: 187 and Survey ID: 78
Point: 30
Point validation passed for Member ID: 187 and Survey ID: 86
Point: 4
Point validation passed for Member ID: 188 and Survey ID: 13
Point: 0
Point validation passed for Member ID: 188 and Survey ID: 26
Point: 0
Point validation passed for Member ID: 188 and Survey ID: 29
Point: 50
Point validation passed for Member ID: 188 and Survey ID: 37
Point: 25
Point validation passed for Member ID: 188 and Survey ID: 44
Point: 35
Point validation passed for Member ID: 188 and Survey ID: 68
Point: 5
Point validation passed for Member ID: 188 and Survey ID: 70
Point: 30
Point validation passed for Member ID: 188 and Survey ID: 83
Point: 5
Point validation passed for Member ID: 188 and Survey ID: 85
Point: 25
Point validation passed for Member ID: 188 and Survey ID: 87
Point: 15
Point validation passed for Member ID: 189 and Survey ID: 23
Point: 10
Point validation passed for Member ID: 189 and Survey ID: 36
Point: 0
Point validation passed for Member ID: 189 and Survey ID: 47
Point: 3
Point validation passed for Member ID: 189 and Survey ID: 58
Point: 2
Point validation passed for Member ID: 189 and Survey ID: 72
Point: 0
Point validation passed for Member ID: 189 and Survey ID: 79
Point: 20
Point validation passed for Member ID: 189 and Survey ID: 99
Point: 0
Point validation passed for Member ID: 190 and Survey ID: 2
Point: 4
Point validation passed for Member ID: 190 and Survey ID: 47
Point: 3
Point validation passed for Member ID: 190 and Survey ID: 71
Point: 30
Point validation passed for Member ID: 190 and Survey ID: 80
Point: 45
Point validation passed for Member ID: 190 and Survey ID: 84
Point: 25
Point validation passed for Member ID: 191 and Survey ID: 5
Point: 35
Point validation passed for Member ID: 191 and Survey ID: 26
Point: 5
Point validation passed for Member ID: 191 and Survey ID: 28
Point: 10
Point validation passed for Member ID: 191 and Survey ID: 43
Point: 5
Point validation passed for Member ID: 191 and Survey ID: 45
Point: 20
Point validation passed for Member ID: 191 and Survey ID: 70
Point: 30
Point validation passed for Member ID: 191 and Survey ID: 73
Point: 15
Point validation passed for Member ID: 192 and Survey ID: 9
Point: 35
Point validation passed for Member ID: 192 and Survey ID: 16
Point: 45
Point validation passed for Member ID: 192 and Survey ID: 19
Point: 45
Point validation passed for Member ID: 192 and Survey ID: 20
Point: 20
Point validation passed for Member ID: 192 and Survey ID: 21
Point: 50
Point validation passed for Member ID: 192 and Survey ID: 31
Point: 50
Point validation passed for Member ID: 192 and Survey ID: 40
Point: 10
Point validation passed for Member ID: 192 and Survey ID: 42
Point: 25
Point validation passed for Member ID: 192 and Survey ID: 52
Point: 3
Point validation passed for Member ID: 192 and Survey ID: 55
Point: 1
Point validation passed for Member ID: 192 and Survey ID: 62
Point: 40
Point validation passed for Member ID: 192 and Survey ID: 72
Point: 25
Point validation passed for Member ID: 192 and Survey ID: 83
Point: 5
Point validation passed for Member ID: 192 and Survey ID: 96
Point: 50
Point validation passed for Member ID: 192 and Survey ID: 99
Point: 25
Point validation passed for Member ID: 193 and Survey ID: 12
Point: 5
Point validation passed for Member ID: 193 and Survey ID: 21
Point: 0
Point validation passed for Member ID: 193 and Survey ID: 40
Point: 10
Point validation passed for Member ID: 193 and Survey ID: 41
Point: 40
Point validation passed for Member ID: 193 and Survey ID: 43
Point: 30
Point validation passed for Member ID: 193 and Survey ID: 47
Point: 20
Point validation passed for Member ID: 193 and Survey ID: 58
Point: 2
Point validation passed for Member ID: 193 and Survey ID: 73
Point: 15
Point validation passed for Member ID: 193 and Survey ID: 79
Point: 20
Point validation passed for Member ID: 193 and Survey ID: 82
Point: 35
Point validation passed for Member ID: 193 and Survey ID: 89
Point: 1
Point validation passed for Member ID: 193 and Survey ID: 92
Point: 0
Point validation passed for Member ID: 194 and Survey ID: 4
Point: 1
Point validation passed for Member ID: 194 and Survey ID: 7
Point: 45
Point validation passed for Member ID: 194 and Survey ID: 21
Point: 50
Point validation passed for Member ID: 194 and Survey ID: 37
Point: 25
Point validation passed for Member ID: 194 and Survey ID: 40
Point: 10
Point validation passed for Member ID: 194 and Survey ID: 44
Point: 35
Point validation passed for Member ID: 194 and Survey ID: 49
Point: 4
Point validation passed for Member ID: 194 and Survey ID: 57
Point: 45
Point validation passed for Member ID: 194 and Survey ID: 81
Point: 20
Point validation passed for Member ID: 194 and Survey ID: 82
Point: 35
Point validation passed for Member ID: 194 and Survey ID: 87
Point: 4
Point validation passed for Member ID: 194 and Survey ID: 98
Point: 5
Point validation passed for Member ID: 195 and Survey ID: 15
Point: 10
Point validation passed for Member ID: 195 and Survey ID: 20
Point: 5
Point validation passed for Member ID: 195 and Survey ID: 22
Point: 0
Point validation passed for Member ID: 195 and Survey ID: 23
Point: 10
Point validation passed for Member ID: 195 and Survey ID: 36
Point: 35
Point validation passed for Member ID: 195 and Survey ID: 38
Point: 30
Point validation passed for Member ID: 195 and Survey ID: 50
Point: 35
Point validation passed for Member ID: 195 and Survey ID: 55
Point: 1
Point validation passed for Member ID: 195 and Survey ID: 63
Point: 30
Point validation passed for Member ID: 195 and Survey ID: 68
Point: 5
Point validation passed for Member ID: 195 and Survey ID: 73
Point: 15
Point validation passed for Member ID: 195 and Survey ID: 77
Point: 25
Point validation passed for Member ID: 196 and Survey ID: 13
Point: 3
Point validation passed for Member ID: 196 and Survey ID: 16
Point: 45
Point validation passed for Member ID: 196 and Survey ID: 32
Point: 0
Point validation passed for Member ID: 196 and Survey ID: 33
Point: 25
Point validation passed for Member ID: 196 and Survey ID: 37
Point: 2
Point validation passed for Member ID: 196 and Survey ID: 41
Point: 40
Point validation passed for Member ID: 196 and Survey ID: 76
Point: 40
Point validation passed for Member ID: 196 and Survey ID: 87
Point: 15
Point validation passed for Member ID: 197 and Survey ID: 2
Point: 15
Point validation passed for Member ID: 197 and Survey ID: 5
Point: 35
Point validation passed for Member ID: 197 and Survey ID: 10
Point: 5
Point validation passed for Member ID: 197 and Survey ID: 13
Point: 40
Point validation passed for Member ID: 197 and Survey ID: 19
Point: 45
Point validation passed for Member ID: 197 and Survey ID: 20
Point: 20
Point validation passed for Member ID: 197 and Survey ID: 21
Point: 3
Point validation passed for Member ID: 197 and Survey ID: 24
Point: 1
Point validation passed for Member ID: 197 and Survey ID: 26
Point: 5
Point validation passed for Member ID: 197 and Survey ID: 34
Point: 5
Point validation passed for Member ID: 197 and Survey ID: 37
Point: 25
Point validation passed for Member ID: 197 and Survey ID: 39
Point: 2
Point validation passed for Member ID: 197 and Survey ID: 44
Point: 0
Point validation passed for Member ID: 197 and Survey ID: 50
Point: 35
Point validation passed for Member ID: 197 and Survey ID: 53
Point: 20
Point validation passed for Member ID: 197 and Survey ID: 77
Point: 1
Point validation passed for Member ID: 197 and Survey ID: 81
Point: 20
Point validation passed for Member ID: 197 and Survey ID: 96
Point: 50
Point validation passed for Member ID: 198 and Survey ID: 1
Point: 2
Point validation passed for Member ID: 198 and Survey ID: 3
Point: 2
Point validation passed for Member ID: 198 and Survey ID: 8
Point: 5
Point validation passed for Member ID: 198 and Survey ID: 9
Point: 35
Point validation passed for Member ID: 198 and Survey ID: 12
Point: 5
Point validation passed for Member ID: 198 and Survey ID: 19
Point: 45
Point validation passed for Member ID: 198 and Survey ID: 33
Point: 25
Point validation passed for Member ID: 198 and Survey ID: 41
Point: 40
Point validation passed for Member ID: 198 and Survey ID: 45
Point: 20
Point validation passed for Member ID: 198 and Survey ID: 54
Point: 25
Point validation passed for Member ID: 198 and Survey ID: 71
Point: 3
Point validation passed for Member ID: 198 and Survey ID: 99
Point: 25
Point validation passed for Member ID: 199 and Survey ID: 2
Point: 0
Point validation passed for Member ID: 199 and Survey ID: 8
Point: 4
Point validation passed for Member ID: 199 and Survey ID: 11
Point: 45
Point validation passed for Member ID: 199 and Survey ID: 21
Point: 3
Point validation passed for Member ID: 199 and Survey ID: 38
Point: 30
Point validation passed for Member ID: 199 and Survey ID: 39
Point: 40
Point validation passed for Member ID: 199 and Survey ID: 42
Point: 25
Point validation passed for Member ID: 199 and Survey ID: 54
Point: 4
Point validation passed for Member ID: 199 and Survey ID: 62
Point: 40
Point validation passed for Member ID: 199 and Survey ID: 71
Point: 3
Point validation passed for Member ID: 199 and Survey ID: 79
Point: 20
Point validation passed for Member ID: 200 and Survey ID: 30
Point: 25
Point validation passed for Member ID: 200 and Survey ID: 33
Point: 5
Point validation passed for Member ID: 200 and Survey ID: 34
Point: 5
Point validation passed for Member ID: 200 and Survey ID: 51
Point: 15
Point validation passed for Member ID: 200 and Survey ID: 56
Point: 10
Point validation passed for Member ID: 200 and Survey ID: 58
Point: 45
Point validation passed for Member ID: 200 and Survey ID: 69
Point: 10
Point validation passed for Member ID: 200 and Survey ID: 79
Point: 20
Point validation passed for Member ID: 201 and Survey ID: 26
Point: 5
Point validation passed for Member ID: 201 and Survey ID: 35
Point: 4
Point validation passed for Member ID: 201 and Survey ID: 38
Point: 30
Point validation passed for Member ID: 201 and Survey ID: 53
Point: 5
Point validation passed for Member ID: 201 and Survey ID: 62
Point: 40
Point validation passed for Member ID: 201 and Survey ID: 64
Point: 10
Point validation passed for Member ID: 201 and Survey ID: 65
Point: 20
Point validation passed for Member ID: 201 and Survey ID: 71
Point: 30
Point validation passed for Member ID: 201 and Survey ID: 74
Point: 50
Point validation passed for Member ID: 201 and Survey ID: 75
Point: 5
Point validation passed for Member ID: 201 and Survey ID: 76
Point: 5
Point validation passed for Member ID: 201 and Survey ID: 85
Point: 25
Point validation passed for Member ID: 201 and Survey ID: 86
Point: 4
Point validation passed for Member ID: 202 and Survey ID: 16
Point: 45
Point validation passed for Member ID: 202 and Survey ID: 25
Point: 5
Point validation passed for Member ID: 202 and Survey ID: 36
Point: 35
Point validation passed for Member ID: 202 and Survey ID: 41
Point: 40
Point validation passed for Member ID: 202 and Survey ID: 51
Point: 15
Point validation passed for Member ID: 202 and Survey ID: 53
Point: 20
Point validation passed for Member ID: 202 and Survey ID: 83
Point: 5
Point validation passed for Member ID: 202 and Survey ID: 84
Point: 25
Point validation passed for Member ID: 202 and Survey ID: 87
Point: 4
Point validation passed for Member ID: 202 and Survey ID: 90
Point: 2
Point validation passed for Member ID: 202 and Survey ID: 99
Point: 3
Point validation passed for Member ID: 203 and Survey ID: 31
Point: 50
Point validation passed for Member ID: 203 and Survey ID: 34
Point: 15
Point validation passed for Member ID: 203 and Survey ID: 68
Point: 3
Point validation passed for Member ID: 203 and Survey ID: 75
Point: 5
Point validation passed for Member ID: 203 and Survey ID: 86
Point: 30
Point validation passed for Member ID: 203 and Survey ID: 89
Point: 10
Point validation passed for Member ID: 203 and Survey ID: 96
Point: 50
Point validation passed for Member ID: 203 and Survey ID: 98
Point: 45
Point validation passed for Member ID: 204 and Survey ID: 1
Point: 5
Point validation passed for Member ID: 204 and Survey ID: 13
Point: 40
Point validation passed for Member ID: 204 and Survey ID: 17
Point: 15
Point validation passed for Member ID: 204 and Survey ID: 28
Point: 4
Point validation passed for Member ID: 204 and Survey ID: 66
Point: 15
Point validation passed for Member ID: 204 and Survey ID: 69
Point: 10
Point validation passed for Member ID: 204 and Survey ID: 71
Point: 30
Point validation passed for Member ID: 204 and Survey ID: 79
Point: 5
Point validation passed for Member ID: 205 and Survey ID: 15
Point: 10
Point validation passed for Member ID: 205 and Survey ID: 18
Point: 25
Point validation passed for Member ID: 205 and Survey ID: 19
Point: 45
Point validation passed for Member ID: 205 and Survey ID: 32
Point: 0
Point validation passed for Member ID: 205 and Survey ID: 33
Point: 5
Point validation passed for Member ID: 205 and Survey ID: 38
Point: 30
Point validation passed for Member ID: 205 and Survey ID: 39
Point: 40
Point validation passed for Member ID: 205 and Survey ID: 54
Point: 25
Point validation passed for Member ID: 205 and Survey ID: 57
Point: 0
Point validation passed for Member ID: 205 and Survey ID: 63
Point: 5
Point validation passed for Member ID: 205 and Survey ID: 74
Point: 50
Point validation passed for Member ID: 205 and Survey ID: 87
Point: 0
Point validation passed for Member ID: 205 and Survey ID: 88
Point: 30
Point validation passed for Member ID: 206 and Survey ID: 1
Point: 5
Point validation passed for Member ID: 206 and Survey ID: 15
Point: 10
Point validation passed for Member ID: 206 and Survey ID: 18
Point: 0
Point validation passed for Member ID: 206 and Survey ID: 24
Point: 35
Point validation passed for Member ID: 206 and Survey ID: 28
Point: 10
Point validation passed for Member ID: 206 and Survey ID: 32
Point: 40
Point validation passed for Member ID: 206 and Survey ID: 43
Point: 30
Point validation passed for Member ID: 206 and Survey ID: 52
Point: 3
Point validation passed for Member ID: 206 and Survey ID: 68
Point: 5
Point validation passed for Member ID: 206 and Survey ID: 74
Point: 1
Point validation passed for Member ID: 206 and Survey ID: 89
Point: 10
Point validation passed for Member ID: 206 and Survey ID: 96
Point: 50
Point validation passed for Member ID: 206 and Survey ID: 97
Point: 35
Point validation passed for Member ID: 207 and Survey ID: 1
Point: 5
Point validation passed for Member ID: 207 and Survey ID: 5
Point: 35
Point validation passed for Member ID: 207 and Survey ID: 20
Point: 20
Point validation passed for Member ID: 207 and Survey ID: 26
Point: 5
Point validation passed for Member ID: 207 and Survey ID: 68
Point: 5
Point validation passed for Member ID: 207 and Survey ID: 96
Point: 5
Point validation passed for Member ID: 208 and Survey ID: 2
Point: 4
Point validation passed for Member ID: 208 and Survey ID: 30
Point: 25
Point validation passed for Member ID: 208 and Survey ID: 66
Point: 15
Point validation passed for Member ID: 208 and Survey ID: 82
Point: 35
Point validation passed for Member ID: 208 and Survey ID: 84
Point: 2
Point validation passed for Member ID: 208 and Survey ID: 87
Point: 15
Point validation passed for Member ID: 209 and Survey ID: 13
Point: 0
Point validation passed for Member ID: 209 and Survey ID: 18
Point: 25
Point validation passed for Member ID: 209 and Survey ID: 19
Point: 45
Point validation passed for Member ID: 209 and Survey ID: 20
Point: 20
Point validation passed for Member ID: 209 and Survey ID: 29
Point: 3
Point validation passed for Member ID: 209 and Survey ID: 62
Point: 40
Point validation passed for Member ID: 209 and Survey ID: 80
Point: 45
Point validation passed for Member ID: 210 and Survey ID: 1
Point: 2
Point validation passed for Member ID: 210 and Survey ID: 11
Point: 45
Point validation passed for Member ID: 210 and Survey ID: 18
Point: 25
Point validation passed for Member ID: 210 and Survey ID: 23
Point: 10
Point validation passed for Member ID: 210 and Survey ID: 24
Point: 35
Point validation passed for Member ID: 210 and Survey ID: 32
Point: 40
Point validation passed for Member ID: 210 and Survey ID: 46
Point: 10
Point validation passed for Member ID: 210 and Survey ID: 58
Point: 2
Point validation passed for Member ID: 210 and Survey ID: 67
Point: 5
Point validation passed for Member ID: 210 and Survey ID: 69
Point: 10
Point validation passed for Member ID: 210 and Survey ID: 73
Point: 15
Point validation passed for Member ID: 210 and Survey ID: 78
Point: 30
Point validation passed for Member ID: 210 and Survey ID: 80
Point: 45
Point validation passed for Member ID: 210 and Survey ID: 85
Point: 25
Point validation passed for Member ID: 210 and Survey ID: 87
Point: 4
Point validation passed for Member ID: 211 and Survey ID: 11
Point: 45
Point validation passed for Member ID: 211 and Survey ID: 50
Point: 35
Point validation passed for Member ID: 211 and Survey ID: 61
Point: 4
Point validation passed for Member ID: 211 and Survey ID: 67
Point: 35
Point validation passed for Member ID: 211 and Survey ID: 69
Point: 10
Point validation passed for Member ID: 211 and Survey ID: 76
Point: 40
Point validation passed for Member ID: 211 and Survey ID: 89
Point: 10
Point validation passed for Member ID: 211 and Survey ID: 100
Point: 10
Point validation passed for Member ID: 212 and Survey ID: 7
Point: 45
Point validation passed for Member ID: 212 and Survey ID: 31
Point: 50
Point validation passed for Member ID: 212 and Survey ID: 32
Point: 40
Point validation passed for Member ID: 212 and Survey ID: 35
Point: 4
Point validation passed for Member ID: 212 and Survey ID: 37
Point: 25
Point validation passed for Member ID: 212 and Survey ID: 40
Point: 10
Point validation passed for Member ID: 212 and Survey ID: 47
Point: 20
Point validation passed for Member ID: 212 and Survey ID: 59
Point: 40
Point validation passed for Member ID: 212 and Survey ID: 82
Point: 35
Point validation passed for Member ID: 212 and Survey ID: 99
Point: 25
Point validation passed for Member ID: 213 and Survey ID: 3
Point: 10
Point validation passed for Member ID: 213 and Survey ID: 9
Point: 2
Point validation passed for Member ID: 213 and Survey ID: 26
Point: 2
Point validation passed for Member ID: 213 and Survey ID: 30
Point: 25
Point validation passed for Member ID: 213 and Survey ID: 39
Point: 2
Point validation passed for Member ID: 213 and Survey ID: 45
Point: 20
Point validation passed for Member ID: 213 and Survey ID: 64
Point: 5
Point validation passed for Member ID: 213 and Survey ID: 65
Point: 20
Point validation passed for Member ID: 213 and Survey ID: 73
Point: 15
Point validation passed for Member ID: 213 and Survey ID: 77
Point: 1
Point validation passed for Member ID: 213 and Survey ID: 79
Point: 20
Point validation passed for Member ID: 213 and Survey ID: 87
Point: 4
Point validation passed for Member ID: 213 and Survey ID: 89
Point: 10
Point validation passed for Member ID: 213 and Survey ID: 92
Point: 45
Point validation passed for Member ID: 214 and Survey ID: 15
Point: 10
Point validation passed for Member ID: 214 and Survey ID: 28
Point: 10
Point validation passed for Member ID: 214 and Survey ID: 34
Point: 15
Point validation passed for Member ID: 214 and Survey ID: 43
Point: 0
Point validation passed for Member ID: 214 and Survey ID: 44
Point: 0
Point validation passed for Member ID: 214 and Survey ID: 55
Point: 35
Point validation passed for Member ID: 214 and Survey ID: 62
Point: 40
Point validation passed for Member ID: 214 and Survey ID: 64
Point: 10
Point validation passed for Member ID: 214 and Survey ID: 90
Point: 5
Point validation passed for Member ID: 215 and Survey ID: 1
Point: 5
Point validation passed for Member ID: 215 and Survey ID: 25
Point: 5
Point validation passed for Member ID: 215 and Survey ID: 35
Point: 10
Point validation passed for Member ID: 215 and Survey ID: 39
Point: 40
Point validation passed for Member ID: 215 and Survey ID: 44
Point: 5
Point validation passed for Member ID: 215 and Survey ID: 47
Point: 20
Point validation passed for Member ID: 215 and Survey ID: 72
Point: 25
Point validation passed for Member ID: 215 and Survey ID: 73
Point: 15
Point validation passed for Member ID: 215 and Survey ID: 80
Point: 45
Point validation passed for Member ID: 215 and Survey ID: 88
Point: 30
Point validation passed for Member ID: 215 and Survey ID: 99
Point: 25
Point validation passed for Member ID: 216 and Survey ID: 8
Point: 5
Point validation passed for Member ID: 216 and Survey ID: 16
Point: 45
Point validation passed for Member ID: 216 and Survey ID: 18
Point: 25
Point validation passed for Member ID: 216 and Survey ID: 36
Point: 35
Point validation passed for Member ID: 216 and Survey ID: 75
Point: 10
Point validation passed for Member ID: 216 and Survey ID: 84
Point: 25
Point validation passed for Member ID: 217 and Survey ID: 3
Point: 10
Point validation passed for Member ID: 217 and Survey ID: 13
Point: 40
Point validation passed for Member ID: 217 and Survey ID: 22
Point: 40
Point validation passed for Member ID: 217 and Survey ID: 28
Point: 10
Point validation passed for Member ID: 217 and Survey ID: 34
Point: 15
Point validation passed for Member ID: 217 and Survey ID: 59
Point: 40
Point validation passed for Member ID: 217 and Survey ID: 60
Point: 35
Point validation passed for Member ID: 217 and Survey ID: 68
Point: 5
Point validation passed for Member ID: 217 and Survey ID: 71
Point: 3
Point validation passed for Member ID: 217 and Survey ID: 75
Point: 10
Point validation passed for Member ID: 218 and Survey ID: 16
Point: 45
Point validation passed for Member ID: 218 and Survey ID: 18
Point: 25
Point validation passed for Member ID: 218 and Survey ID: 44
Point: 5
Point validation passed for Member ID: 218 and Survey ID: 50
Point: 35
Point validation passed for Member ID: 218 and Survey ID: 57
Point: 45
Point validation passed for Member ID: 218 and Survey ID: 59
Point: 40
Point validation passed for Member ID: 218 and Survey ID: 70
Point: 5
Point validation passed for Member ID: 218 and Survey ID: 77
Point: 25
Point validation passed for Member ID: 218 and Survey ID: 78
Point: 0
Point validation passed for Member ID: 218 and Survey ID: 80
Point: 45
Point validation passed for Member ID: 218 and Survey ID: 81
Point: 20
Point validation passed for Member ID: 218 and Survey ID: 87
Point: 15
Point validation passed for Member ID: 219 and Survey ID: 19
Point: 45
Point validation passed for Member ID: 219 and Survey ID: 23
Point: 10
Point validation passed for Member ID: 219 and Survey ID: 24
Point: 35
Point validation passed for Member ID: 219 and Survey ID: 34
Point: 5
Point validation passed for Member ID: 219 and Survey ID: 54
Point: 0
Point validation passed for Member ID: 219 and Survey ID: 68
Point: 5
Point validation passed for Member ID: 219 and Survey ID: 76
Point: 40
Point validation passed for Member ID: 219 and Survey ID: 79
Point: 20
Point validation passed for Member ID: 219 and Survey ID: 84
Point: 25
Point validation passed for Member ID: 219 and Survey ID: 86
Point: 30
Point validation passed for Member ID: 219 and Survey ID: 87
Point: 4
Point validation passed for Member ID: 219 and Survey ID: 88
Point: 30
Point validation passed for Member ID: 219 and Survey ID: 93
Point: 45
Point validation passed for Member ID: 220 and Survey ID: 1
Point: 5
Point validation passed for Member ID: 220 and Survey ID: 8
Point: 5
Point validation passed for Member ID: 220 and Survey ID: 24
Point: 35
Point validation passed for Member ID: 220 and Survey ID: 28
Point: 10
Point validation passed for Member ID: 220 and Survey ID: 29
Point: 50
Point validation passed for Member ID: 220 and Survey ID: 35
Point: 10
Point validation passed for Member ID: 220 and Survey ID: 42
Point: 25
Point validation passed for Member ID: 220 and Survey ID: 49
Point: 35
Point validation passed for Member ID: 220 and Survey ID: 52
Point: 3
Point validation passed for Member ID: 220 and Survey ID: 84
Point: 25
Point validation passed for Member ID: 220 and Survey ID: 89
Point: 10
Point validation passed for Member ID: 221 and Survey ID: 1
Point: 0
Point validation passed for Member ID: 221 and Survey ID: 11
Point: 45
Point validation passed for Member ID: 221 and Survey ID: 27
Point: 15
Point validation passed for Member ID: 221 and Survey ID: 29
Point: 50
Point validation passed for Member ID: 221 and Survey ID: 37
Point: 25
Point validation passed for Member ID: 221 and Survey ID: 61
Point: 40
Point validation passed for Member ID: 221 and Survey ID: 71
Point: 0
Point validation passed for Member ID: 221 and Survey ID: 79
Point: 20
Point validation passed for Member ID: 221 and Survey ID: 92
Point: 0
Point validation passed for Member ID: 222 and Survey ID: 6
Point: 25
Point validation passed for Member ID: 222 and Survey ID: 9
Point: 35
Point validation passed for Member ID: 222 and Survey ID: 11
Point: 45
Point validation passed for Member ID: 222 and Survey ID: 23
Point: 10
Point validation passed for Member ID: 222 and Survey ID: 41
Point: 40
Point validation passed for Member ID: 222 and Survey ID: 43
Point: 30
Point validation passed for Member ID: 222 and Survey ID: 50
Point: 35
Point validation passed for Member ID: 222 and Survey ID: 53
Point: 20
Point validation passed for Member ID: 222 and Survey ID: 62
Point: 40
Point validation passed for Member ID: 222 and Survey ID: 92
Point: 0
Point validation passed for Member ID: 223 and Survey ID: 4
Point: 1
Point validation passed for Member ID: 223 and Survey ID: 5
Point: 4
Point validation passed for Member ID: 223 and Survey ID: 6
Point: 25
Point validation passed for Member ID: 223 and Survey ID: 11
Point: 0
Point validation passed for Member ID: 223 and Survey ID: 23
Point: 0
Point validation passed for Member ID: 223 and Survey ID: 26
Point: 5
Point validation passed for Member ID: 223 and Survey ID: 53
Point: 20
Point validation passed for Member ID: 223 and Survey ID: 79
Point: 20
Point validation passed for Member ID: 223 and Survey ID: 81
Point: 20
Point validation passed for Member ID: 224 and Survey ID: 9
Point: 35
Point validation passed for Member ID: 224 and Survey ID: 36
Point: 35
Point validation passed for Member ID: 224 and Survey ID: 37
Point: 25
Point validation passed for Member ID: 224 and Survey ID: 50
Point: 35
Point validation passed for Member ID: 224 and Survey ID: 52
Point: 40
Point validation passed for Member ID: 224 and Survey ID: 63
Point: 30
Point validation passed for Member ID: 224 and Survey ID: 69
Point: 0
Point validation passed for Member ID: 224 and Survey ID: 70
Point: 30
Point validation passed for Member ID: 224 and Survey ID: 72
Point: 25
Point validation passed for Member ID: 224 and Survey ID: 87
Point: 15
Point validation passed for Member ID: 225 and Survey ID: 13
Point: 40
Point validation passed for Member ID: 225 and Survey ID: 17
Point: 15
Point validation passed for Member ID: 225 and Survey ID: 21
Point: 50
Point validation passed for Member ID: 225 and Survey ID: 45
Point: 2
Point validation passed for Member ID: 225 and Survey ID: 49
Point: 35
Point validation passed for Member ID: 225 and Survey ID: 50
Point: 35
Point validation passed for Member ID: 225 and Survey ID: 52
Point: 3
Point validation passed for Member ID: 225 and Survey ID: 53
Point: 20
Point validation passed for Member ID: 225 and Survey ID: 77
Point: 25
Point validation passed for Member ID: 225 and Survey ID: 82
Point: 35
Point validation passed for Member ID: 225 and Survey ID: 85
Point: 25
Point validation passed for Member ID: 225 and Survey ID: 87
Point: 4
Point validation passed for Member ID: 226 and Survey ID: 9
Point: 2
Point validation passed for Member ID: 226 and Survey ID: 10
Point: 5
Point validation passed for Member ID: 226 and Survey ID: 16
Point: 3
Point validation passed for Member ID: 226 and Survey ID: 19
Point: 45
Point validation passed for Member ID: 226 and Survey ID: 20
Point: 20
Point validation passed for Member ID: 226 and Survey ID: 26
Point: 2
Point validation passed for Member ID: 226 and Survey ID: 40
Point: 10
Point validation passed for Member ID: 226 and Survey ID: 49
Point: 4
Point validation passed for Member ID: 226 and Survey ID: 68
Point: 5
Point validation passed for Member ID: 226 and Survey ID: 82
Point: 35
Point validation passed for Member ID: 226 and Survey ID: 89
Point: 10
Point validation passed for Member ID: 226 and Survey ID: 90
Point: 5
Point validation passed for Member ID: 226 and Survey ID: 92
Point: 4
Point validation passed for Member ID: 227 and Survey ID: 5
Point: 35
Point validation passed for Member ID: 227 and Survey ID: 21
Point: 0
Point validation passed for Member ID: 227 and Survey ID: 25
Point: 5
Point validation passed for Member ID: 227 and Survey ID: 26
Point: 5
Point validation passed for Member ID: 227 and Survey ID: 47
Point: 20
Point validation passed for Member ID: 227 and Survey ID: 57
Point: 3
Point validation passed for Member ID: 227 and Survey ID: 61
Point: 0
Point validation passed for Member ID: 227 and Survey ID: 62
Point: 40
Point validation passed for Member ID: 227 and Survey ID: 64
Point: 5
Point validation passed for Member ID: 227 and Survey ID: 70
Point: 5
Point validation passed for Member ID: 227 and Survey ID: 74
Point: 50
Point validation passed for Member ID: 227 and Survey ID: 82
Point: 4
Point validation passed for Member ID: 227 and Survey ID: 88
Point: 0
Point validation passed for Member ID: 227 and Survey ID: 91
Point: 5
Point validation passed for Member ID: 227 and Survey ID: 97
Point: 35
Point validation passed for Member ID: 228 and Survey ID: 4
Point: 10
Point validation passed for Member ID: 228 and Survey ID: 9
Point: 35
Point validation passed for Member ID: 228 and Survey ID: 12
Point: 1
Point validation passed for Member ID: 228 and Survey ID: 25
Point: 5
Point validation passed for Member ID: 228 and Survey ID: 44
Point: 35
Point validation passed for Member ID: 228 and Survey ID: 53
Point: 20
Point validation passed for Member ID: 228 and Survey ID: 71
Point: 3
Point validation passed for Member ID: 228 and Survey ID: 76
Point: 40
Point validation passed for Member ID: 228 and Survey ID: 97
Point: 35
Point validation passed for Member ID: 229 and Survey ID: 2
Point: 4
Point validation passed for Member ID: 229 and Survey ID: 14
Point: 50
Point validation passed for Member ID: 229 and Survey ID: 22
Point: 40
Point validation passed for Member ID: 229 and Survey ID: 24
Point: 35
Point validation passed for Member ID: 229 and Survey ID: 50
Point: 35
Point validation passed for Member ID: 229 and Survey ID: 53
Point: 5
Point validation passed for Member ID: 229 and Survey ID: 54
Point: 25
Point validation passed for Member ID: 229 and Survey ID: 56
Point: 10
Point validation passed for Member ID: 229 and Survey ID: 63
Point: 0
Point validation passed for Member ID: 229 and Survey ID: 74
Point: 1
Point validation passed for Member ID: 229 and Survey ID: 84
Point: 25
Point validation passed for Member ID: 229 and Survey ID: 98
Point: 45
Point validation passed for Member ID: 230 and Survey ID: 1
Point: 5
Point validation passed for Member ID: 230 and Survey ID: 10
Point: 5
Point validation passed for Member ID: 230 and Survey ID: 21
Point: 50
Point validation passed for Member ID: 230 and Survey ID: 33
Point: 25
Point validation passed for Member ID: 230 and Survey ID: 48
Point: 40
Point validation passed for Member ID: 230 and Survey ID: 51
Point: 0
Point validation passed for Member ID: 230 and Survey ID: 54
Point: 25
Point validation passed for Member ID: 230 and Survey ID: 56
Point: 1
Point validation passed for Member ID: 230 and Survey ID: 67
Point: 35
Point validation passed for Member ID: 230 and Survey ID: 70
Point: 30
Point validation passed for Member ID: 230 and Survey ID: 92
Point: 45
Point validation passed for Member ID: 230 and Survey ID: 94
Point: 4
Point validation passed for Member ID: 230 and Survey ID: 97
Point: 1
Point validation passed for Member ID: 230 and Survey ID: 98
Point: 45
Point validation passed for Member ID: 230 and Survey ID: 100
Point: 10
Point validation passed for Member ID: 231 and Survey ID: 33
Point: 25
Point validation passed for Member ID: 231 and Survey ID: 37
Point: 25
Point validation passed for Member ID: 231 and Survey ID: 41
Point: 5
Point validation passed for Member ID: 231 and Survey ID: 52
Point: 40
Point validation passed for Member ID: 231 and Survey ID: 65
Point: 20
Point validation passed for Member ID: 231 and Survey ID: 70
Point: 5
Point validation passed for Member ID: 231 and Survey ID: 90
Point: 5
Point validation passed for Member ID: 232 and Survey ID: 21
Point: 50
Point validation passed for Member ID: 232 and Survey ID: 30
Point: 2
Point validation passed for Member ID: 232 and Survey ID: 51
Point: 15
Point validation passed for Member ID: 232 and Survey ID: 58
Point: 45
Point validation passed for Member ID: 232 and Survey ID: 63
Point: 0
Point validation passed for Member ID: 232 and Survey ID: 72
Point: 25
Point validation passed for Member ID: 232 and Survey ID: 77
Point: 25
Point validation passed for Member ID: 232 and Survey ID: 84
Point: 25
Point validation passed for Member ID: 232 and Survey ID: 89
Point: 1
Point validation passed for Member ID: 232 and Survey ID: 90
Point: 5
Point validation passed for Member ID: 232 and Survey ID: 92
Point: 45
Point validation passed for Member ID: 232 and Survey ID: 95
Point: 5
Point validation passed for Member ID: 232 and Survey ID: 100
Point: 0
Point validation passed for Member ID: 233 and Survey ID: 13
Point: 40
Point validation passed for Member ID: 233 and Survey ID: 28
Point: 0
Point validation passed for Member ID: 233 and Survey ID: 31
Point: 50
Point validation passed for Member ID: 233 and Survey ID: 43
Point: 30
Point validation passed for Member ID: 233 and Survey ID: 47
Point: 20
Point validation passed for Member ID: 233 and Survey ID: 62
Point: 40
Point validation passed for Member ID: 233 and Survey ID: 83
Point: 5
Point validation passed for Member ID: 233 and Survey ID: 86
Point: 4
Point validation passed for Member ID: 233 and Survey ID: 95
Point: 5
Point validation passed for Member ID: 233 and Survey ID: 100
Point: 10
Point validation passed for Member ID: 234 and Survey ID: 7
Point: 0
Point validation passed for Member ID: 234 and Survey ID: 9
Point: 35
Point validation passed for Member ID: 234 and Survey ID: 11
Point: 45
Point validation passed for Member ID: 234 and Survey ID: 12
Point: 5
Point validation passed for Member ID: 234 and Survey ID: 23
Point: 10
Point validation passed for Member ID: 234 and Survey ID: 30
Point: 2
Point validation passed for Member ID: 234 and Survey ID: 63
Point: 5
Point validation passed for Member ID: 234 and Survey ID: 67
Point: 35
Point validation passed for Member ID: 234 and Survey ID: 69
Point: 10
Point validation passed for Member ID: 234 and Survey ID: 77
Point: 25
Point validation passed for Member ID: 234 and Survey ID: 81
Point: 0
Point validation passed for Member ID: 235 and Survey ID: 1
Point: 5
Point validation passed for Member ID: 235 and Survey ID: 36
Point: 35
Point validation passed for Member ID: 235 and Survey ID: 39
Point: 2
Point validation passed for Member ID: 235 and Survey ID: 42
Point: 25
Point validation passed for Member ID: 235 and Survey ID: 45
Point: 0
Point validation passed for Member ID: 235 and Survey ID: 50
Point: 35
Point validation passed for Member ID: 235 and Survey ID: 61
Point: 40
Point validation passed for Member ID: 235 and Survey ID: 65
Point: 20
Point validation passed for Member ID: 235 and Survey ID: 66
Point: 15
Point validation passed for Member ID: 235 and Survey ID: 84
Point: 25
Point validation passed for Member ID: 235 and Survey ID: 93
Point: 45
Point validation passed for Member ID: 235 and Survey ID: 94
Point: 5
Point validation passed for Member ID: 236 and Survey ID: 2
Point: 15
Point validation passed for Member ID: 236 and Survey ID: 7
Point: 45
Point validation passed for Member ID: 236 and Survey ID: 28
Point: 10
Point validation passed for Member ID: 236 and Survey ID: 35
Point: 4
Point validation passed for Member ID: 236 and Survey ID: 63
Point: 5
Point validation passed for Member ID: 236 and Survey ID: 71
Point: 3
Point validation passed for Member ID: 236 and Survey ID: 77
Point: 25
Point validation passed for Member ID: 236 and Survey ID: 94
Point: 4
Point validation passed for Member ID: 237 and Survey ID: 20
Point: 0
Point validation passed for Member ID: 237 and Survey ID: 29
Point: 50
Point validation passed for Member ID: 237 and Survey ID: 49
Point: 35
Point validation passed for Member ID: 237 and Survey ID: 56
Point: 10
Point validation passed for Member ID: 237 and Survey ID: 68
Point: 5
Point validation passed for Member ID: 237 and Survey ID: 90
Point: 5
Point validation passed for Member ID: 237 and Survey ID: 93
Point: 45
Point validation passed for Member ID: 238 and Survey ID: 3
Point: 10
Point validation passed for Member ID: 238 and Survey ID: 6
Point: 0
Point validation passed for Member ID: 238 and Survey ID: 45
Point: 20
Point validation passed for Member ID: 238 and Survey ID: 79
Point: 20
Point validation passed for Member ID: 238 and Survey ID: 90
Point: 5
Point validation passed for Member ID: 239 and Survey ID: 16
Point: 45
Point validation passed for Member ID: 239 and Survey ID: 23
Point: 10
Point validation passed for Member ID: 239 and Survey ID: 32
Point: 0
Point validation passed for Member ID: 239 and Survey ID: 34
Point: 15
Point validation passed for Member ID: 239 and Survey ID: 43
Point: 5
Point validation passed for Member ID: 239 and Survey ID: 46
Point: 2
Point validation passed for Member ID: 239 and Survey ID: 47
Point: 20
Point validation passed for Member ID: 239 and Survey ID: 52
Point: 40
Point validation passed for Member ID: 239 and Survey ID: 58
Point: 45
Point validation passed for Member ID: 239 and Survey ID: 66
Point: 15
Point validation passed for Member ID: 239 and Survey ID: 73
Point: 15
Point validation passed for Member ID: 239 and Survey ID: 75
Point: 0
Point validation passed for Member ID: 239 and Survey ID: 85
Point: 25
Point validation passed for Member ID: 240 and Survey ID: 9
Point: 2
Point validation passed for Member ID: 240 and Survey ID: 14
Point: 50
Point validation passed for Member ID: 240 and Survey ID: 55
Point: 35
Point validation passed for Member ID: 240 and Survey ID: 59
Point: 2
Point validation passed for Member ID: 240 and Survey ID: 60
Point: 35
Point validation passed for Member ID: 240 and Survey ID: 62
Point: 0
Point validation passed for Member ID: 240 and Survey ID: 73
Point: 2
Point validation passed for Member ID: 240 and Survey ID: 79
Point: 0
Point validation passed for Member ID: 240 and Survey ID: 85
Point: 25
Point validation passed for Member ID: 241 and Survey ID: 3
Point: 10
Point validation passed for Member ID: 241 and Survey ID: 9
Point: 0
Point validation passed for Member ID: 241 and Survey ID: 26
Point: 5
Point validation passed for Member ID: 241 and Survey ID: 51
Point: 15
Point validation passed for Member ID: 241 and Survey ID: 60
Point: 2
Point validation passed for Member ID: 241 and Survey ID: 69
Point: 1
Point validation passed for Member ID: 241 and Survey ID: 74
Point: 50
Point validation passed for Member ID: 241 and Survey ID: 95
Point: 0
Point validation passed for Member ID: 241 and Survey ID: 96
Point: 0
Point validation passed for Member ID: 241 and Survey ID: 98
Point: 5
Point validation passed for Member ID: 242 and Survey ID: 4
Point: 1
Point validation passed for Member ID: 242 and Survey ID: 6
Point: 25
Point validation passed for Member ID: 242 and Survey ID: 7
Point: 45
Point validation passed for Member ID: 242 and Survey ID: 13
Point: 40
Point validation passed for Member ID: 242 and Survey ID: 23
Point: 10
Point validation passed for Member ID: 242 and Survey ID: 24
Point: 35
Point validation passed for Member ID: 242 and Survey ID: 60
Point: 2
Point validation passed for Member ID: 242 and Survey ID: 68
Point: 3
Point validation passed for Member ID: 242 and Survey ID: 94
Point: 5
Point validation passed for Member ID: 243 and Survey ID: 9
Point: 35
Point validation passed for Member ID: 243 and Survey ID: 27
Point: 1
Point validation passed for Member ID: 243 and Survey ID: 29
Point: 3
Point validation passed for Member ID: 243 and Survey ID: 33
Point: 25
Point validation passed for Member ID: 243 and Survey ID: 35
Point: 0
Point validation passed for Member ID: 243 and Survey ID: 40
Point: 10
Point validation passed for Member ID: 243 and Survey ID: 51
Point: 15
Point validation passed for Member ID: 243 and Survey ID: 59
Point: 40
Point validation passed for Member ID: 243 and Survey ID: 60
Point: 35
Point validation passed for Member ID: 243 and Survey ID: 70
Point: 30
Point validation passed for Member ID: 243 and Survey ID: 84
Point: 2
Point validation passed for Member ID: 243 and Survey ID: 86
Point: 30
Point validation passed for Member ID: 244 and Survey ID: 2
Point: 15
Point validation passed for Member ID: 244 and Survey ID: 5
Point: 4
Point validation passed for Member ID: 244 and Survey ID: 8
Point: 5
Point validation passed for Member ID: 244 and Survey ID: 18
Point: 4
Point validation passed for Member ID: 244 and Survey ID: 28
Point: 10
Point validation passed for Member ID: 244 and Survey ID: 41
Point: 5
Point validation passed for Member ID: 244 and Survey ID: 42
Point: 25
Point validation passed for Member ID: 244 and Survey ID: 46
Point: 10
Point validation passed for Member ID: 244 and Survey ID: 52
Point: 0
Point validation passed for Member ID: 244 and Survey ID: 53
Point: 20
Point validation passed for Member ID: 244 and Survey ID: 76
Point: 40
Point validation passed for Member ID: 244 and Survey ID: 94
Point: 4
Point validation passed for Member ID: 245 and Survey ID: 19
Point: 45
Point validation passed for Member ID: 245 and Survey ID: 24
Point: 35
Point validation passed for Member ID: 245 and Survey ID: 33
Point: 25
Point validation passed for Member ID: 245 and Survey ID: 43
Point: 30
Point validation passed for Member ID: 245 and Survey ID: 55
Point: 35
Point validation passed for Member ID: 245 and Survey ID: 66
Point: 3
Point validation passed for Member ID: 245 and Survey ID: 81
Point: 20
Point validation passed for Member ID: 246 and Survey ID: 1
Point: 5
Point validation passed for Member ID: 246 and Survey ID: 26
Point: 5
Point validation passed for Member ID: 246 and Survey ID: 50
Point: 35
Point validation passed for Member ID: 246 and Survey ID: 66
Point: 3
Point validation passed for Member ID: 246 and Survey ID: 68
Point: 5
Point validation passed for Member ID: 246 and Survey ID: 86
Point: 30
Point validation passed for Member ID: 246 and Survey ID: 89
Point: 10
Point validation passed for Member ID: 246 and Survey ID: 93
Point: 1
Point validation passed for Member ID: 246 and Survey ID: 95
Point: 15
Point validation passed for Member ID: 247 and Survey ID: 19
Point: 45
Point validation passed for Member ID: 247 and Survey ID: 32
Point: 40
Point validation passed for Member ID: 247 and Survey ID: 36
Point: 35
Point validation passed for Member ID: 247 and Survey ID: 39
Point: 40
Point validation passed for Member ID: 247 and Survey ID: 73
Point: 2
Point validation passed for Member ID: 247 and Survey ID: 96
Point: 50
Point validation passed for Member ID: 248 and Survey ID: 3
Point: 2
Point validation passed for Member ID: 248 and Survey ID: 4
Point: 0
Point validation passed for Member ID: 248 and Survey ID: 8
Point: 5
Point validation passed for Member ID: 248 and Survey ID: 9
Point: 35
Point validation passed for Member ID: 248 and Survey ID: 35
Point: 10
Point validation passed for Member ID: 248 and Survey ID: 44
Point: 35
Point validation passed for Member ID: 248 and Survey ID: 53
Point: 0
Point validation passed for Member ID: 248 and Survey ID: 64
Point: 10
Point validation passed for Member ID: 248 and Survey ID: 89
Point: 10
Point validation passed for Member ID: 248 and Survey ID: 99
Point: 25
Point validation passed for Member ID: 248 and Survey ID: 100
Point: 10
Point validation passed for Member ID: 249 and Survey ID: 10
Point: 5
Point validation passed for Member ID: 249 and Survey ID: 20
Point: 20
Point validation passed for Member ID: 249 and Survey ID: 22
Point: 0
Point validation passed for Member ID: 249 and Survey ID: 41
Point: 40
Point validation passed for Member ID: 249 and Survey ID: 42
Point: 25
Point validation passed for Member ID: 249 and Survey ID: 47
Point: 20
Point validation passed for Member ID: 249 and Survey ID: 80
Point: 45
Point validation passed for Member ID: 249 and Survey ID: 95
Point: 15
Point validation passed for Member ID: 249 and Survey ID: 98
Point: 45
Point validation passed for Member ID: 250 and Survey ID: 1
Point: 5
Point validation passed for Member ID: 250 and Survey ID: 3
Point: 10
Point validation passed for Member ID: 250 and Survey ID: 5
Point: 35
Point validation passed for Member ID: 250 and Survey ID: 35
Point: 10
Point validation passed for Member ID: 250 and Survey ID: 43
Point: 5
Point validation passed for Member ID: 250 and Survey ID: 70
Point: 30
Point validation passed for Member ID: 250 and Survey ID: 71
Point: 30
Point validation passed for Member ID: 250 and Survey ID: 74
Point: 50
Point validation passed for Member ID: 250 and Survey ID: 89
Point: 10
Point validation passed for Member ID: 250 and Survey ID: 97
Point: 35
Point validation passed for Member ID: 250 and Survey ID: 98
Point: 5
Point validation passed for Member ID: 251 and Survey ID: 1
Point: 5
Point validation passed for Member ID: 251 and Survey ID: 13
Point: 40
Point validation passed for Member ID: 251 and Survey ID: 16
Point: 45
Point validation passed for Member ID: 251 and Survey ID: 25
Point: 5
Point validation passed for Member ID: 251 and Survey ID: 35
Point: 0
Point validation passed for Member ID: 251 and Survey ID: 48
Point: 40
Point validation passed for Member ID: 251 and Survey ID: 49
Point: 4
Point validation passed for Member ID: 251 and Survey ID: 66
Point: 15
Point validation passed for Member ID: 251 and Survey ID: 72
Point: 25
Point validation passed for Member ID: 251 and Survey ID: 78
Point: 30
Point validation passed for Member ID: 251 and Survey ID: 90
Point: 0
Point validation passed for Member ID: 251 and Survey ID: 100
Point: 10
Point validation passed for Member ID: 252 and Survey ID: 19
Point: 45
Point validation passed for Member ID: 252 and Survey ID: 20
Point: 20
Point validation passed for Member ID: 252 and Survey ID: 39
Point: 2
Point validation passed for Member ID: 252 and Survey ID: 48
Point: 5
Point validation passed for Member ID: 252 and Survey ID: 49
Point: 35
Point validation passed for Member ID: 252 and Survey ID: 97
Point: 35
Point validation passed for Member ID: 253 and Survey ID: 3
Point: 10
Point validation passed for Member ID: 253 and Survey ID: 4
Point: 1
Point validation passed for Member ID: 253 and Survey ID: 29
Point: 3
Point validation passed for Member ID: 253 and Survey ID: 31
Point: 50
Point validation passed for Member ID: 253 and Survey ID: 37
Point: 25
Point validation passed for Member ID: 253 and Survey ID: 64
Point: 10
Point validation passed for Member ID: 253 and Survey ID: 71
Point: 30
Point validation passed for Member ID: 253 and Survey ID: 92
Point: 4
Point validation passed for Member ID: 254 and Survey ID: 20
Point: 5
Point validation passed for Member ID: 254 and Survey ID: 27
Point: 1
Point validation passed for Member ID: 254 and Survey ID: 40
Point: 0
Point validation passed for Member ID: 254 and Survey ID: 44
Point: 35
Point validation passed for Member ID: 254 and Survey ID: 62
Point: 40
Point validation passed for Member ID: 254 and Survey ID: 66
Point: 3
Point validation passed for Member ID: 254 and Survey ID: 67
Point: 35
Point validation passed for Member ID: 254 and Survey ID: 79
Point: 20
Point validation passed for Member ID: 254 and Survey ID: 83
Point: 5
Point validation passed for Member ID: 254 and Survey ID: 86
Point: 30
Point validation passed for Member ID: 254 and Survey ID: 91
Point: 5
Point validation passed for Member ID: 254 and Survey ID: 96
Point: 50
Point validation passed for Member ID: 255 and Survey ID: 9
Point: 35
Point validation passed for Member ID: 255 and Survey ID: 12
Point: 5
Point validation passed for Member ID: 255 and Survey ID: 17
Point: 15
Point validation passed for Member ID: 255 and Survey ID: 28
Point: 4
Point validation passed for Member ID: 255 and Survey ID: 35
Point: 4
Point validation passed for Member ID: 255 and Survey ID: 39
Point: 40
Point validation passed for Member ID: 255 and Survey ID: 48
Point: 5
Point validation passed for Member ID: 255 and Survey ID: 53
Point: 20
Point validation passed for Member ID: 255 and Survey ID: 54
Point: 25
Point validation passed for Member ID: 255 and Survey ID: 56
Point: 10
Point validation passed for Member ID: 255 and Survey ID: 64
Point: 10
Point validation passed for Member ID: 255 and Survey ID: 84
Point: 25
Point validation passed for Member ID: 255 and Survey ID: 90
Point: 5
Point validation passed for Member ID: 255 and Survey ID: 99
Point: 25
Point validation passed for Member ID: 256 and Survey ID: 9
Point: 35
Point validation passed for Member ID: 256 and Survey ID: 12
Point: 5
Point validation passed for Member ID: 256 and Survey ID: 41
Point: 40
Point validation passed for Member ID: 256 and Survey ID: 51
Point: 15
Point validation passed for Member ID: 256 and Survey ID: 67
Point: 35
Point validation passed for Member ID: 256 and Survey ID: 85
Point: 2
Point validation passed for Member ID: 256 and Survey ID: 86
Point: 30
Point validation passed for Member ID: 257 and Survey ID: 3
Point: 10
Point validation passed for Member ID: 257 and Survey ID: 7
Point: 45
Point validation passed for Member ID: 257 and Survey ID: 15
Point: 10
Point validation passed for Member ID: 257 and Survey ID: 35
Point: 10
Point validation passed for Member ID: 257 and Survey ID: 48
Point: 40
Point validation passed for Member ID: 257 and Survey ID: 53
Point: 20
Point validation passed for Member ID: 257 and Survey ID: 60
Point: 35
Point validation passed for Member ID: 257 and Survey ID: 62
Point: 40
Point validation passed for Member ID: 257 and Survey ID: 86
Point: 30
Point validation passed for Member ID: 257 and Survey ID: 100
Point: 3
Point validation passed for Member ID: 258 and Survey ID: 23
Point: 4
Point validation passed for Member ID: 258 and Survey ID: 39
Point: 40
Point validation passed for Member ID: 258 and Survey ID: 45
Point: 20
Point validation passed for Member ID: 258 and Survey ID: 53
Point: 20
Point validation passed for Member ID: 258 and Survey ID: 76
Point: 40
Point validation passed for Member ID: 258 and Survey ID: 93
Point: 45
Point validation passed for Member ID: 258 and Survey ID: 96
Point: 50
Point validation passed for Member ID: 259 and Survey ID: 29
Point: 50
Point validation passed for Member ID: 259 and Survey ID: 35
Point: 4
Point validation passed for Member ID: 259 and Survey ID: 50
Point: 35
Point validation passed for Member ID: 259 and Survey ID: 51
Point: 15
Point validation passed for Member ID: 259 and Survey ID: 52
Point: 40
Point validation passed for Member ID: 259 and Survey ID: 61
Point: 40
Point validation passed for Member ID: 259 and Survey ID: 76
Point: 40
Point validation passed for Member ID: 259 and Survey ID: 77
Point: 25
Point validation passed for Member ID: 259 and Survey ID: 81
Point: 20
Point validation passed for Member ID: 259 and Survey ID: 89
Point: 10
Point validation passed for Member ID: 260 and Survey ID: 7
Point: 45
Point validation passed for Member ID: 260 and Survey ID: 23
Point: 10
Point validation passed for Member ID: 260 and Survey ID: 32
Point: 40
Point validation passed for Member ID: 260 and Survey ID: 69
Point: 10
Point validation passed for Member ID: 260 and Survey ID: 76
Point: 40
Point validation passed for Member ID: 260 and Survey ID: 78
Point: 30
Point validation passed for Member ID: 260 and Survey ID: 97
Point: 35
Point validation passed for Member ID: 261 and Survey ID: 3
Point: 10
Point validation passed for Member ID: 261 and Survey ID: 35
Point: 10
Point validation passed for Member ID: 261 and Survey ID: 42
Point: 25
Point validation passed for Member ID: 261 and Survey ID: 43
Point: 5
Point validation passed for Member ID: 261 and Survey ID: 44
Point: 35
Point validation passed for Member ID: 261 and Survey ID: 45
Point: 20
Point validation passed for Member ID: 261 and Survey ID: 51
Point: 15
Point validation passed for Member ID: 261 and Survey ID: 72
Point: 25
Point validation passed for Member ID: 261 and Survey ID: 76
Point: 0
Point validation passed for Member ID: 261 and Survey ID: 87
Point: 15
Point validation passed for Member ID: 262 and Survey ID: 7
Point: 45
Point validation passed for Member ID: 262 and Survey ID: 28
Point: 10
Point validation passed for Member ID: 262 and Survey ID: 32
Point: 40
Point validation passed for Member ID: 262 and Survey ID: 35
Point: 10
Point validation passed for Member ID: 262 and Survey ID: 36
Point: 35
Point validation passed for Member ID: 262 and Survey ID: 44
Point: 0
Point validation passed for Member ID: 262 and Survey ID: 60
Point: 2
Point validation passed for Member ID: 262 and Survey ID: 71
Point: 30
Point validation passed for Member ID: 262 and Survey ID: 73
Point: 15
Point validation passed for Member ID: 262 and Survey ID: 79
Point: 5
Point validation passed for Member ID: 262 and Survey ID: 99
Point: 25
Point validation passed for Member ID: 263 and Survey ID: 13
Point: 0
Point validation passed for Member ID: 263 and Survey ID: 18
Point: 25
Point validation passed for Member ID: 263 and Survey ID: 33
Point: 25
Point validation passed for Member ID: 263 and Survey ID: 42
Point: 25
Point validation passed for Member ID: 263 and Survey ID: 48
Point: 40
Point validation passed for Member ID: 263 and Survey ID: 53
Point: 0
Point validation passed for Member ID: 263 and Survey ID: 61
Point: 40
Point validation passed for Member ID: 263 and Survey ID: 65
Point: 5
Point validation passed for Member ID: 263 and Survey ID: 73
Point: 15
Point validation passed for Member ID: 263 and Survey ID: 75
Point: 5
Point validation passed for Member ID: 263 and Survey ID: 92
Point: 45
Point validation passed for Member ID: 264 and Survey ID: 4
Point: 10
Point validation passed for Member ID: 264 and Survey ID: 15
Point: 1
Point validation passed for Member ID: 264 and Survey ID: 17
Point: 15
Point validation passed for Member ID: 264 and Survey ID: 24
Point: 35
Point validation passed for Member ID: 264 and Survey ID: 25
Point: 5
Point validation passed for Member ID: 264 and Survey ID: 38
Point: 30
Point validation passed for Member ID: 264 and Survey ID: 39
Point: 40
Point validation passed for Member ID: 264 and Survey ID: 43
Point: 5
Point validation passed for Member ID: 264 and Survey ID: 46
Point: 10
Point validation passed for Member ID: 264 and Survey ID: 49
Point: 35
Point validation passed for Member ID: 264 and Survey ID: 64
Point: 10
Point validation passed for Member ID: 264 and Survey ID: 72
Point: 25
Point validation passed for Member ID: 264 and Survey ID: 73
Point: 15
Point validation passed for Member ID: 264 and Survey ID: 74
Point: 50
Point validation passed for Member ID: 264 and Survey ID: 80
Point: 45
Point validation passed for Member ID: 264 and Survey ID: 81
Point: 20
Point validation passed for Member ID: 265 and Survey ID: 3
Point: 10
Point validation passed for Member ID: 265 and Survey ID: 11
Point: 45
Point validation passed for Member ID: 265 and Survey ID: 25
Point: 5
Point validation passed for Member ID: 265 and Survey ID: 47
Point: 20
Point validation passed for Member ID: 265 and Survey ID: 48
Point: 40
Point validation passed for Member ID: 265 and Survey ID: 56
Point: 10
Point validation passed for Member ID: 265 and Survey ID: 67
Point: 35
Point validation passed for Member ID: 265 and Survey ID: 74
Point: 50
Point validation passed for Member ID: 265 and Survey ID: 81
Point: 20
Point validation passed for Member ID: 265 and Survey ID: 83
Point: 5
Point validation passed for Member ID: 265 and Survey ID: 94
Point: 4
Point validation passed for Member ID: 266 and Survey ID: 48
Point: 40
Point validation passed for Member ID: 266 and Survey ID: 59
Point: 40
Point validation passed for Member ID: 266 and Survey ID: 62
Point: 0
Point validation passed for Member ID: 266 and Survey ID: 65
Point: 20
Point validation passed for Member ID: 266 and Survey ID: 67
Point: 35
Point validation passed for Member ID: 266 and Survey ID: 71
Point: 30
Point validation passed for Member ID: 266 and Survey ID: 83
Point: 5
Point validation passed for Member ID: 266 and Survey ID: 97
Point: 0
Point validation passed for Member ID: 267 and Survey ID: 5
Point: 35
Point validation passed for Member ID: 267 and Survey ID: 23
Point: 10
Point validation passed for Member ID: 267 and Survey ID: 27
Point: 15
Point validation passed for Member ID: 267 and Survey ID: 40
Point: 10
Point validation passed for Member ID: 267 and Survey ID: 54
Point: 25
Point validation passed for Member ID: 267 and Survey ID: 69
Point: 10
Point validation passed for Member ID: 267 and Survey ID: 84
Point: 25
Point validation passed for Member ID: 267 and Survey ID: 95
Point: 0
Point validation passed for Member ID: 267 and Survey ID: 96
Point: 5
Point validation passed for Member ID: 268 and Survey ID: 20
Point: 20
Point validation passed for Member ID: 268 and Survey ID: 34
Point: 15
Point validation passed for Member ID: 268 and Survey ID: 47
Point: 20
Point validation passed for Member ID: 268 and Survey ID: 78
Point: 30
Point validation passed for Member ID: 268 and Survey ID: 79
Point: 5
Point validation passed for Member ID: 268 and Survey ID: 88
Point: 30
Point validation passed for Member ID: 268 and Survey ID: 91
Point: 4
Point validation passed for Member ID: 269 and Survey ID: 7
Point: 3
Point validation passed for Member ID: 269 and Survey ID: 18
Point: 4
Point validation passed for Member ID: 269 and Survey ID: 35
Point: 10
Point validation passed for Member ID: 269 and Survey ID: 63
Point: 30
Point validation passed for Member ID: 269 and Survey ID: 80
Point: 1
Point validation passed for Member ID: 269 and Survey ID: 84
Point: 0
Point validation passed for Member ID: 269 and Survey ID: 88
Point: 30
Point validation passed for Member ID: 270 and Survey ID: 1
Point: 2
Point validation passed for Member ID: 270 and Survey ID: 5
Point: 35
Point validation passed for Member ID: 270 and Survey ID: 14
Point: 50
Point validation passed for Member ID: 270 and Survey ID: 16
Point: 3
Point validation passed for Member ID: 270 and Survey ID: 35
Point: 4
Point validation passed for Member ID: 270 and Survey ID: 45
Point: 20
Point validation passed for Member ID: 270 and Survey ID: 48
Point: 5
Point validation passed for Member ID: 270 and Survey ID: 61
Point: 4
Point validation passed for Member ID: 270 and Survey ID: 62
Point: 40
Point validation passed for Member ID: 270 and Survey ID: 68
Point: 5
Point validation passed for Member ID: 270 and Survey ID: 85
Point: 25
Point validation passed for Member ID: 270 and Survey ID: 87
Point: 15
Point validation passed for Member ID: 270 and Survey ID: 89
Point: 1
Point validation passed for Member ID: 270 and Survey ID: 99
Point: 3
Point validation passed for Member ID: 271 and Survey ID: 4
Point: 10
Point validation passed for Member ID: 271 and Survey ID: 7
Point: 3
Point validation passed for Member ID: 271 and Survey ID: 8
Point: 5
Point validation passed for Member ID: 271 and Survey ID: 9
Point: 0
Point validation passed for Member ID: 271 and Survey ID: 14
Point: 50
Point validation passed for Member ID: 271 and Survey ID: 32
Point: 40
Point validation passed for Member ID: 271 and Survey ID: 61
Point: 40
Point validation passed for Member ID: 271 and Survey ID: 71
Point: 30
Point validation passed for Member ID: 271 and Survey ID: 83
Point: 5
Point validation passed for Member ID: 271 and Survey ID: 85
Point: 0
Point validation passed for Member ID: 271 and Survey ID: 89
Point: 1
Point validation passed for Member ID: 271 and Survey ID: 91
Point: 5
Point validation passed for Member ID: 271 and Survey ID: 92
Point: 45
Point validation passed for Member ID: 272 and Survey ID: 12
Point: 5
Point validation passed for Member ID: 272 and Survey ID: 20
Point: 20
Point validation passed for Member ID: 272 and Survey ID: 28
Point: 10
Point validation passed for Member ID: 272 and Survey ID: 38
Point: 30
Point validation passed for Member ID: 272 and Survey ID: 53
Point: 20
Point validation passed for Member ID: 272 and Survey ID: 59
Point: 2
Point validation passed for Member ID: 272 and Survey ID: 62
Point: 40
Point validation passed for Member ID: 272 and Survey ID: 64
Point: 10
Point validation passed for Member ID: 272 and Survey ID: 66
Point: 15
Point validation passed for Member ID: 272 and Survey ID: 80
Point: 1
Point validation passed for Member ID: 272 and Survey ID: 84
Point: 25
Point validation passed for Member ID: 272 and Survey ID: 95
Point: 15
Point validation passed for Member ID: 272 and Survey ID: 97
Point: 0
Point validation passed for Member ID: 273 and Survey ID: 25
Point: 5
Point validation passed for Member ID: 273 and Survey ID: 55
Point: 35
Point validation passed for Member ID: 273 and Survey ID: 58
Point: 45
Point validation passed for Member ID: 273 and Survey ID: 62
Point: 40
Point validation passed for Member ID: 273 and Survey ID: 64
Point: 10
Point validation passed for Member ID: 273 and Survey ID: 100
Point: 10
Point validation passed for Member ID: 274 and Survey ID: 14
Point: 50
Point validation passed for Member ID: 274 and Survey ID: 27
Point: 15
Point validation passed for Member ID: 274 and Survey ID: 34
Point: 15
Point validation passed for Member ID: 274 and Survey ID: 54
Point: 4
Point validation passed for Member ID: 274 and Survey ID: 55
Point: 35
Point validation passed for Member ID: 274 and Survey ID: 57
Point: 45
Point validation passed for Member ID: 274 and Survey ID: 58
Point: 45
Point validation passed for Member ID: 274 and Survey ID: 64
Point: 5
Point validation passed for Member ID: 274 and Survey ID: 68
Point: 0
Point validation passed for Member ID: 274 and Survey ID: 76
Point: 40
Point validation passed for Member ID: 274 and Survey ID: 83
Point: 5
Point validation passed for Member ID: 275 and Survey ID: 13
Point: 3
Point validation passed for Member ID: 275 and Survey ID: 25
Point: 5
Point validation passed for Member ID: 275 and Survey ID: 39
Point: 2
Point validation passed for Member ID: 275 and Survey ID: 40
Point: 10
Point validation passed for Member ID: 275 and Survey ID: 42
Point: 25
Point validation passed for Member ID: 275 and Survey ID: 63
Point: 30
Point validation passed for Member ID: 275 and Survey ID: 76
Point: 5
Point validation passed for Member ID: 275 and Survey ID: 77
Point: 25
Point validation passed for Member ID: 275 and Survey ID: 91
Point: 0
Point validation passed for Member ID: 276 and Survey ID: 1
Point: 5
Point validation passed for Member ID: 276 and Survey ID: 12
Point: 1
Point validation passed for Member ID: 276 and Survey ID: 34
Point: 5
Point validation passed for Member ID: 276 and Survey ID: 38
Point: 30
Point validation passed for Member ID: 276 and Survey ID: 43
Point: 5
Point validation passed for Member ID: 276 and Survey ID: 59
Point: 40
Point validation passed for Member ID: 276 and Survey ID: 66
Point: 15
Point validation passed for Member ID: 276 and Survey ID: 73
Point: 15
Point validation passed for Member ID: 276 and Survey ID: 78
Point: 30
Point validation passed for Member ID: 276 and Survey ID: 79
Point: 20
Point validation passed for Member ID: 276 and Survey ID: 87
Point: 15
Point validation passed for Member ID: 276 and Survey ID: 91
Point: 5
Point validation passed for Member ID: 277 and Survey ID: 18
Point: 0
Point validation passed for Member ID: 277 and Survey ID: 19
Point: 45
Point validation passed for Member ID: 277 and Survey ID: 38
Point: 30
Point validation passed for Member ID: 277 and Survey ID: 44
Point: 35
Point validation passed for Member ID: 277 and Survey ID: 45
Point: 20
Point validation passed for Member ID: 277 and Survey ID: 72
Point: 25
Point validation passed for Member ID: 277 and Survey ID: 73
Point: 15
Point validation passed for Member ID: 277 and Survey ID: 74
Point: 50
Point validation passed for Member ID: 277 and Survey ID: 95
Point: 15
Point validation passed for Member ID: 278 and Survey ID: 5
Point: 4
Point validation passed for Member ID: 278 and Survey ID: 17
Point: 15
Point validation passed for Member ID: 278 and Survey ID: 22
Point: 0
Point validation passed for Member ID: 278 and Survey ID: 35
Point: 4
Point validation passed for Member ID: 278 and Survey ID: 47
Point: 20
Point validation passed for Member ID: 278 and Survey ID: 49
Point: 35
Point validation passed for Member ID: 278 and Survey ID: 55
Point: 35
Point validation passed for Member ID: 278 and Survey ID: 63
Point: 5
Point validation passed for Member ID: 278 and Survey ID: 64
Point: 0
Point validation passed for Member ID: 278 and Survey ID: 68
Point: 5
Point validation passed for Member ID: 278 and Survey ID: 87
Point: 15
Point validation passed for Member ID: 279 and Survey ID: 6
Point: 25
Point validation passed for Member ID: 279 and Survey ID: 48
Point: 5
Point validation passed for Member ID: 279 and Survey ID: 50
Point: 5
Point validation passed for Member ID: 279 and Survey ID: 93
Point: 0
Point validation passed for Member ID: 280 and Survey ID: 6
Point: 25
Point validation passed for Member ID: 280 and Survey ID: 14
Point: 2
Point validation passed for Member ID: 280 and Survey ID: 17
Point: 15
Point validation passed for Member ID: 280 and Survey ID: 87
Point: 4
Point validation passed for Member ID: 280 and Survey ID: 97
Point: 35
Point validation passed for Member ID: 281 and Survey ID: 27
Point: 15
Point validation passed for Member ID: 281 and Survey ID: 38
Point: 30
Point validation passed for Member ID: 281 and Survey ID: 39
Point: 40
Point validation passed for Member ID: 281 and Survey ID: 63
Point: 30
Point validation passed for Member ID: 281 and Survey ID: 65
Point: 20
Point validation passed for Member ID: 281 and Survey ID: 67
Point: 35
Point validation passed for Member ID: 281 and Survey ID: 71
Point: 30
Point validation passed for Member ID: 281 and Survey ID: 77
Point: 25
Point validation passed for Member ID: 281 and Survey ID: 95
Point: 0
Point validation passed for Member ID: 282 and Survey ID: 23
Point: 10
Point validation passed for Member ID: 282 and Survey ID: 24
Point: 1
Point validation passed for Member ID: 282 and Survey ID: 38
Point: 30
Point validation passed for Member ID: 282 and Survey ID: 54
Point: 25
Point validation passed for Member ID: 282 and Survey ID: 68
Point: 5
Point validation passed for Member ID: 282 and Survey ID: 69
Point: 1
Point validation passed for Member ID: 282 and Survey ID: 77
Point: 1
Point validation passed for Member ID: 282 and Survey ID: 84
Point: 25
Point validation passed for Member ID: 282 and Survey ID: 87
Point: 15
Point validation passed for Member ID: 282 and Survey ID: 89
Point: 10
Point validation passed for Member ID: 282 and Survey ID: 92
Point: 45
Point validation passed for Member ID: 282 and Survey ID: 100
Point: 10
Point validation passed for Member ID: 283 and Survey ID: 4
Point: 10
Point validation passed for Member ID: 283 and Survey ID: 7
Point: 45
Point validation passed for Member ID: 283 and Survey ID: 10
Point: 0
Point validation passed for Member ID: 283 and Survey ID: 31
Point: 50
Point validation passed for Member ID: 283 and Survey ID: 32
Point: 40
Point validation passed for Member ID: 283 and Survey ID: 36
Point: 35
Point validation passed for Member ID: 283 and Survey ID: 37
Point: 25
Point validation passed for Member ID: 283 and Survey ID: 60
Point: 2
Point validation passed for Member ID: 283 and Survey ID: 64
Point: 10
Point validation passed for Member ID: 283 and Survey ID: 68
Point: 5
Point validation passed for Member ID: 283 and Survey ID: 76
Point: 0
Point validation passed for Member ID: 283 and Survey ID: 82
Point: 35
Point validation passed for Member ID: 283 and Survey ID: 84
Point: 0
Point validation passed for Member ID: 283 and Survey ID: 89
Point: 10
Point validation passed for Member ID: 283 and Survey ID: 100
Point: 10
Point validation passed for Member ID: 284 and Survey ID: 15
Point: 10
Point validation passed for Member ID: 284 and Survey ID: 18
Point: 25
Point validation passed for Member ID: 284 and Survey ID: 30
Point: 25
Point validation passed for Member ID: 284 and Survey ID: 38
Point: 30
Point validation passed for Member ID: 284 and Survey ID: 47
Point: 20
Point validation passed for Member ID: 284 and Survey ID: 56
Point: 1
Point validation passed for Member ID: 284 and Survey ID: 59
Point: 2
Point validation passed for Member ID: 284 and Survey ID: 60
Point: 35
Point validation passed for Member ID: 284 and Survey ID: 69
Point: 10
Point validation passed for Member ID: 284 and Survey ID: 75
Point: 10
Point validation passed for Member ID: 284 and Survey ID: 81
Point: 1
Point validation passed for Member ID: 284 and Survey ID: 88
Point: 30
Point validation passed for Member ID: 285 and Survey ID: 9
Point: 2
Point validation passed for Member ID: 285 and Survey ID: 12
Point: 5
Point validation passed for Member ID: 285 and Survey ID: 24
Point: 35
Point validation passed for Member ID: 285 and Survey ID: 34
Point: 15
Point validation passed for Member ID: 285 and Survey ID: 44
Point: 0
Point validation passed for Member ID: 285 and Survey ID: 45
Point: 0
Point validation passed for Member ID: 285 and Survey ID: 68
Point: 5
Point validation passed for Member ID: 285 and Survey ID: 90
Point: 5
Point validation passed for Member ID: 286 and Survey ID: 17
Point: 0
Point validation passed for Member ID: 286 and Survey ID: 18
Point: 0
Point validation passed for Member ID: 286 and Survey ID: 28
Point: 10
Point validation passed for Member ID: 286 and Survey ID: 32
Point: 40
Point validation passed for Member ID: 286 and Survey ID: 46
Point: 2
Point validation passed for Member ID: 286 and Survey ID: 51
Point: 15
Point validation passed for Member ID: 286 and Survey ID: 58
Point: 45
Point validation passed for Member ID: 286 and Survey ID: 67
Point: 35
Point validation passed for Member ID: 286 and Survey ID: 74
Point: 50
Point validation passed for Member ID: 286 and Survey ID: 77
Point: 25
Point validation passed for Member ID: 286 and Survey ID: 87
Point: 15
Point validation passed for Member ID: 286 and Survey ID: 91
Point: 5
Point validation passed for Member ID: 286 and Survey ID: 92
Point: 45
Point validation passed for Member ID: 287 and Survey ID: 8
Point: 5
Point validation passed for Member ID: 287 and Survey ID: 18
Point: 0
Point validation passed for Member ID: 287 and Survey ID: 33
Point: 25
Point validation passed for Member ID: 287 and Survey ID: 50
Point: 35
Point validation passed for Member ID: 287 and Survey ID: 56
Point: 10
Point validation passed for Member ID: 287 and Survey ID: 58
Point: 45
Point validation passed for Member ID: 287 and Survey ID: 73
Point: 0
Point validation passed for Member ID: 287 and Survey ID: 88
Point: 30
Point validation passed for Member ID: 287 and Survey ID: 98
Point: 5
Point validation passed for Member ID: 288 and Survey ID: 10
Point: 5
Point validation passed for Member ID: 288 and Survey ID: 27
Point: 1
Point validation passed for Member ID: 288 and Survey ID: 60
Point: 2
Point validation passed for Member ID: 288 and Survey ID: 71
Point: 3
Point validation passed for Member ID: 288 and Survey ID: 84
Point: 25
Point validation passed for Member ID: 288 and Survey ID: 86
Point: 4
Point validation passed for Member ID: 288 and Survey ID: 98
Point: 45
Point validation passed for Member ID: 288 and Survey ID: 100
Point: 10
Point validation passed for Member ID: 289 and Survey ID: 9
Point: 35
Point validation passed for Member ID: 289 and Survey ID: 12
Point: 5
Point validation passed for Member ID: 289 and Survey ID: 15
Point: 10
Point validation passed for Member ID: 289 and Survey ID: 16
Point: 45
Point validation passed for Member ID: 289 and Survey ID: 19
Point: 5
Point validation passed for Member ID: 289 and Survey ID: 30
Point: 25
Point validation passed for Member ID: 289 and Survey ID: 33
Point: 25
Point validation passed for Member ID: 289 and Survey ID: 35
Point: 10
Point validation passed for Member ID: 289 and Survey ID: 51
Point: 2
Point validation passed for Member ID: 289 and Survey ID: 78
Point: 3
Point validation passed for Member ID: 289 and Survey ID: 79
Point: 20
Point validation passed for Member ID: 289 and Survey ID: 82
Point: 0
Point validation passed for Member ID: 289 and Survey ID: 84
Point: 25
Point validation passed for Member ID: 290 and Survey ID: 1
Point: 5
Point validation passed for Member ID: 290 and Survey ID: 11
Point: 45
Point validation passed for Member ID: 290 and Survey ID: 20
Point: 20
Point validation passed for Member ID: 290 and Survey ID: 23
Point: 0
Point validation passed for Member ID: 290 and Survey ID: 24
Point: 35
Point validation passed for Member ID: 290 and Survey ID: 37
Point: 25
Point validation passed for Member ID: 290 and Survey ID: 41
Point: 40
Point validation passed for Member ID: 290 and Survey ID: 61
Point: 0
Point validation passed for Member ID: 290 and Survey ID: 63
Point: 30
Point validation passed for Member ID: 290 and Survey ID: 73
Point: 2
Point validation passed for Member ID: 290 and Survey ID: 83
Point: 5
Point validation passed for Member ID: 290 and Survey ID: 86
Point: 30
Point validation passed for Member ID: 291 and Survey ID: 11
Point: 45
Point validation passed for Member ID: 291 and Survey ID: 15
Point: 10
Point validation passed for Member ID: 291 and Survey ID: 19
Point: 45
Point validation passed for Member ID: 291 and Survey ID: 24
Point: 35
Point validation passed for Member ID: 291 and Survey ID: 27
Point: 15
Point validation passed for Member ID: 291 and Survey ID: 46
Point: 10
Point validation passed for Member ID: 291 and Survey ID: 52
Point: 3
Point validation passed for Member ID: 291 and Survey ID: 53
Point: 5
Point validation passed for Member ID: 291 and Survey ID: 69
Point: 10
Point validation passed for Member ID: 291 and Survey ID: 74
Point: 0
Point validation passed for Member ID: 291 and Survey ID: 78
Point: 30
Point validation passed for Member ID: 291 and Survey ID: 80
Point: 0
Point validation passed for Member ID: 291 and Survey ID: 85
Point: 25
Point validation passed for Member ID: 291 and Survey ID: 95
Point: 0
Point validation passed for Member ID: 292 and Survey ID: 4
Point: 0
Point validation passed for Member ID: 292 and Survey ID: 27
Point: 15
Point validation passed for Member ID: 292 and Survey ID: 40
Point: 5
Point validation passed for Member ID: 292 and Survey ID: 41
Point: 40
Point validation passed for Member ID: 292 and Survey ID: 46
Point: 10
Point validation passed for Member ID: 292 and Survey ID: 47
Point: 20
Point validation passed for Member ID: 292 and Survey ID: 59
Point: 40
Point validation passed for Member ID: 292 and Survey ID: 86
Point: 30
Point validation passed for Member ID: 292 and Survey ID: 89
Point: 10
Point validation passed for Member ID: 292 and Survey ID: 95
Point: 5
Point validation passed for Member ID: 292 and Survey ID: 96
Point: 50
Point validation passed for Member ID: 293 and Survey ID: 10
Point: 5
Point validation passed for Member ID: 293 and Survey ID: 25
Point: 5
Point validation passed for Member ID: 293 and Survey ID: 27
Point: 15
Point validation passed for Member ID: 293 and Survey ID: 38
Point: 1
Point validation passed for Member ID: 293 and Survey ID: 42
Point: 0
Point validation passed for Member ID: 293 and Survey ID: 52
Point: 40
Point validation passed for Member ID: 293 and Survey ID: 53
Point: 5
Point validation passed for Member ID: 293 and Survey ID: 67
Point: 35
Point validation passed for Member ID: 293 and Survey ID: 68
Point: 5
Point validation passed for Member ID: 293 and Survey ID: 69
Point: 1
Point validation passed for Member ID: 293 and Survey ID: 79
Point: 20
Point validation passed for Member ID: 293 and Survey ID: 82
Point: 35
Point validation passed for Member ID: 293 and Survey ID: 93
Point: 45
Point validation passed for Member ID: 294 and Survey ID: 14
Point: 50
Point validation passed for Member ID: 294 and Survey ID: 31
Point: 2
Point validation passed for Member ID: 294 and Survey ID: 49
Point: 4
Point validation passed for Member ID: 294 and Survey ID: 50
Point: 35
Point validation passed for Member ID: 294 and Survey ID: 59
Point: 40
Point validation passed for Member ID: 294 and Survey ID: 62
Point: 40
Point validation passed for Member ID: 294 and Survey ID: 75
Point: 5
Point validation passed for Member ID: 294 and Survey ID: 86
Point: 0
Point validation passed for Member ID: 294 and Survey ID: 89
Point: 0
Point validation passed for Member ID: 295 and Survey ID: 2
Point: 15
Point validation passed for Member ID: 295 and Survey ID: 30
Point: 25
Point validation passed for Member ID: 295 and Survey ID: 48
Point: 40
Point validation passed for Member ID: 295 and Survey ID: 62
Point: 40
Point validation passed for Member ID: 295 and Survey ID: 69
Point: 0
Point validation passed for Member ID: 295 and Survey ID: 70
Point: 5
Point validation passed for Member ID: 295 and Survey ID: 84
Point: 2
Point validation passed for Member ID: 295 and Survey ID: 86
Point: 0
Point validation passed for Member ID: 296 and Survey ID: 2
Point: 4
Point validation passed for Member ID: 296 and Survey ID: 10
Point: 5
Point validation passed for Member ID: 296 and Survey ID: 26
Point: 5
Point validation passed for Member ID: 296 and Survey ID: 28
Point: 10
Point validation passed for Member ID: 296 and Survey ID: 34
Point: 15
Point validation passed for Member ID: 296 and Survey ID: 35
Point: 10
Point validation passed for Member ID: 296 and Survey ID: 37
Point: 2
Point validation passed for Member ID: 296 and Survey ID: 38
Point: 30
Point validation passed for Member ID: 296 and Survey ID: 39
Point: 40
Point validation passed for Member ID: 296 and Survey ID: 69
Point: 10
Point validation passed for Member ID: 296 and Survey ID: 80
Point: 45
Point validation passed for Member ID: 296 and Survey ID: 83
Point: 5
Point validation passed for Member ID: 296 and Survey ID: 87
Point: 4
Point validation passed for Member ID: 297 and Survey ID: 9
Point: 35
Point validation passed for Member ID: 297 and Survey ID: 10
Point: 5
Point validation passed for Member ID: 297 and Survey ID: 21
Point: 3
Point validation passed for Member ID: 297 and Survey ID: 37
Point: 2
Point validation passed for Member ID: 297 and Survey ID: 51
Point: 15
Point validation passed for Member ID: 297 and Survey ID: 62
Point: 0
Point validation passed for Member ID: 297 and Survey ID: 68
Point: 5
Point validation passed for Member ID: 297 and Survey ID: 69
Point: 0
Point validation passed for Member ID: 297 and Survey ID: 76
Point: 40
Point validation passed for Member ID: 297 and Survey ID: 78
Point: 30
Point validation passed for Member ID: 297 and Survey ID: 90
Point: 5
Point validation passed for Member ID: 297 and Survey ID: 92
Point: 4
Point validation passed for Member ID: 298 and Survey ID: 15
Point: 10
Point validation passed for Member ID: 298 and Survey ID: 18
Point: 25
Point validation passed for Member ID: 298 and Survey ID: 21
Point: 0
Point validation passed for Member ID: 298 and Survey ID: 38
Point: 1
Point validation passed for Member ID: 298 and Survey ID: 96
Point: 50
Point validation passed for Member ID: 298 and Survey ID: 100
Point: 10
Point validation passed for Member ID: 299 and Survey ID: 3
Point: 10
Point validation passed for Member ID: 299 and Survey ID: 24
Point: 35
Point validation passed for Member ID: 299 and Survey ID: 52
Point: 40
Point validation passed for Member ID: 299 and Survey ID: 55
Point: 35
Point validation passed for Member ID: 300 and Survey ID: 5
Point: 35
Point validation passed for Member ID: 300 and Survey ID: 12
Point: 5
Point validation passed for Member ID: 300 and Survey ID: 24
Point: 35
Point validation passed for Member ID: 300 and Survey ID: 46
Point: 0
Point validation passed for Member ID: 300 and Survey ID: 53
Point: 20
]]></system-out>
  </testcase>
</testsuite>