<?xml version="1.0" encoding="UTF-8"?>
<testsuite xmlns:xsi="http://www.w3.org/2001/XMLSchema-instance" xsi:noNamespaceSchemaLocation="https://maven.apache.org/surefire/maven-surefire-plugin/xsd/surefire-test-report.xsd" version="3.0.2" name="tests.integration.SurveyPointsTest" time="12.982" tests="6" errors="0" skipped="0" failures="0">
  <properties>
    <property name="awt.toolkit" value="sun.awt.X11.XToolkit"/>
    <property name="java.specification.version" value="11"/>
    <property name="sun.cpu.isalist" value=""/>
    <property name="sun.jnu.encoding" value="UTF-8"/>
    <property name="java.class.path" value="/home/runner/work/survey_QA/survey_QA/target/test-classes:/home/runner/work/survey_QA/survey_QA/target/classes:/home/runner/.m2/repository/org/junit/jupiter/junit-jupiter/5.10.0/junit-jupiter-5.10.0.jar:/home/runner/.m2/repository/org/junit/jupiter/junit-jupiter-api/5.10.0/junit-jupiter-api-5.10.0.jar:/home/runner/.m2/repository/org/opentest4j/opentest4j/1.3.0/opentest4j-1.3.0.jar:/home/runner/.m2/repository/org/junit/platform/junit-platform-commons/1.10.0/junit-platform-commons-1.10.0.jar:/home/runner/.m2/repository/org/apiguardian/apiguardian-api/1.1.2/apiguardian-api-1.1.2.jar:/home/runner/.m2/repository/org/junit/jupiter/junit-jupiter-params/5.10.0/junit-jupiter-params-5.10.0.jar:/home/runner/.m2/repository/org/junit/jupiter/junit-jupiter-engine/5.10.0/junit-jupiter-engine-5.10.0.jar:/home/runner/.m2/repository/org/junit/platform/junit-platform-engine/1.10.0/junit-platform-engine-1.10.0.jar:/home/runner/.m2/repository/io/qameta/allure/allure-junit5/2.24.0/allure-junit5-2.24.0.jar:/home/runner/.m2/repository/io/qameta/allure/allure-junit-platform/2.24.0/allure-junit-platform-2.24.0.jar:/home/runner/.m2/repository/io/qameta/allure/allure-java-commons/2.24.0/allure-java-commons-2.24.0.jar:/home/runner/.m2/repository/io/qameta/allure/allure-model/2.24.0/allure-model-2.24.0.jar:/home/runner/.m2/repository/io/qameta/allure/allure-test-filter/2.24.0/allure-test-filter-2.24.0.jar:/home/runner/.m2/repository/org/junit/platform/junit-platform-launcher/1.9.2/junit-platform-launcher-1.9.2.jar:/home/runner/.m2/repository/io/rest-assured/rest-assured/5.3.0/rest-assured-5.3.0.jar:/home/runner/.m2/repository/org/apache/groovy/groovy/4.0.6/groovy-4.0.6.jar:/home/runner/.m2/repository/org/apache/groovy/groovy-xml/4.0.6/groovy-xml-4.0.6.jar:/home/runner/.m2/repository/org/apache/httpcomponents/httpclient/4.5.13/httpclient-4.5.13.jar:/home/runner/.m2/repository/org/apache/httpcomponents/httpcore/4.4.13/httpcore-4.4.13.jar:/home/runner/.m2/repository/commons-logging/commons-logging/1.2/commons-logging-1.2.jar:/home/runner/.m2/repository/commons-codec/commons-codec/1.11/commons-codec-1.11.jar:/home/runner/.m2/repository/org/apache/httpcomponents/httpmime/4.5.13/httpmime-4.5.13.jar:/home/runner/.m2/repository/org/hamcrest/hamcrest/2.1/hamcrest-2.1.jar:/home/runner/.m2/repository/org/ccil/cowan/tagsoup/tagsoup/1.2.1/tagsoup-1.2.1.jar:/home/runner/.m2/repository/io/rest-assured/xml-path/5.3.0/xml-path-5.3.0.jar:/home/runner/.m2/repository/org/apache/commons/commons-lang3/3.11/commons-lang3-3.11.jar:/home/runner/.m2/repository/io/qameta/allure/allure-rest-assured/2.24.0/allure-rest-assured-2.24.0.jar:/home/runner/.m2/repository/io/qameta/allure/allure-attachments/2.24.0/allure-attachments-2.24.0.jar:/home/runner/.m2/repository/org/freemarker/freemarker/2.3.31/freemarker-2.3.31.jar:/home/runner/.m2/repository/org/slf4j/slf4j-api/1.7.32/slf4j-api-1.7.32.jar:/home/runner/.m2/repository/ch/qos/logback/logback-classic/1.2.6/logback-classic-1.2.6.jar:/home/runner/.m2/repository/ch/qos/logback/logback-core/1.2.6/logback-core-1.2.6.jar:/home/runner/.m2/repository/org/apache/commons/commons-csv/1.9.0/commons-csv-1.9.0.jar:/home/runner/.m2/repository/io/rest-assured/json-path/5.1.1/json-path-5.1.1.jar:/home/runner/.m2/repository/org/apache/groovy/groovy-json/4.0.1/groovy-json-4.0.1.jar:/home/runner/.m2/repository/io/rest-assured/rest-assured-common/5.1.1/rest-assured-common-5.1.1.jar:/home/runner/.m2/repository/io/rest-assured/json-schema-validator/5.3.0/json-schema-validator-5.3.0.jar:/home/runner/.m2/repository/com/github/java-json-tools/json-schema-validator/2.2.14/json-schema-validator-2.2.14.jar:/home/runner/.m2/repository/com/google/guava/guava/28.2-android/guava-28.2-android.jar:/home/runner/.m2/repository/com/google/guava/failureaccess/1.0.1/failureaccess-1.0.1.jar:/home/runner/.m2/repository/com/google/guava/listenablefuture/9999.0-empty-to-avoid-conflict-with-guava/listenablefuture-9999.0-empty-to-avoid-conflict-with-guava.jar:/home/runner/.m2/repository/org/checkerframework/checker-compat-qual/2.5.5/checker-compat-qual-2.5.5.jar:/home/runner/.m2/repository/com/google/j2objc/j2objc-annotations/1.3/j2objc-annotations-1.3.jar:/home/runner/.m2/repository/com/github/java-json-tools/jackson-coreutils-equivalence/1.0/jackson-coreutils-equivalence-1.0.jar:/home/runner/.m2/repository/com/github/java-json-tools/jackson-coreutils/2.0/jackson-coreutils-2.0.jar:/home/runner/.m2/repository/com/github/java-json-tools/msg-simple/1.2/msg-simple-1.2.jar:/home/runner/.m2/repository/com/github/java-json-tools/btf/1.3/btf-1.3.jar:/home/runner/.m2/repository/com/github/java-json-tools/json-schema-core/1.2.14/json-schema-core-1.2.14.jar:/home/runner/.m2/repository/com/github/java-json-tools/uri-template/0.10/uri-template-0.10.jar:/home/runner/.m2/repository/org/mozilla/rhino/1.7.7.2/rhino-1.7.7.2.jar:/home/runner/.m2/repository/com/sun/mail/mailapi/1.6.2/mailapi-1.6.2.jar:/home/runner/.m2/repository/joda-time/joda-time/2.10.5/joda-time-2.10.5.jar:/home/runner/.m2/repository/com/googlecode/libphonenumber/libphonenumber/8.11.1/libphonenumber-8.11.1.jar:/home/runner/.m2/repository/com/google/code/findbugs/jsr305/3.0.2/jsr305-3.0.2.jar:/home/runner/.m2/repository/net/sf/jopt-simple/jopt-simple/5.0.4/jopt-simple-5.0.4.jar:/home/runner/.m2/repository/io/gatling/highcharts/gatling-charts-highcharts/3.13.4/gatling-charts-highcharts-3.13.4.jar:/home/runner/.m2/repository/org/scala-lang/scala-library/2.13.16/scala-library-2.13.16.jar:/home/runner/.m2/repository/io/gatling/gatling-recorder/3.13.4/gatling-recorder-3.13.4.jar:/home/runner/.m2/repository/org/scala-lang/modules/scala-swing_2.13/3.0.0/scala-swing_2.13-3.0.0.jar:/home/runner/.m2/repository/io/gatling/gatling-recorder-bc-shaded/1.80.0/gatling-recorder-bc-shaded-1.80.0.jar:/home/runner/.m2/repository/io/netty/netty-codec-http/4.1.118.Final/netty-codec-http-4.1.118.Final.jar:/home/runner/.m2/repository/io/gatling/gatling-app/3.13.4/gatling-app-3.13.4.jar:/home/runner/.m2/repository/io/gatling/gatling-core-java/3.13.4/gatling-core-java-3.13.4.jar:/home/runner/.m2/repository/net/jodah/typetools/0.6.3/typetools-0.6.3.jar:/home/runner/.m2/repository/com/github/spotbugs/spotbugs-annotations/4.9.1/spotbugs-annotations-4.9.1.jar:/home/runner/.m2/repository/io/gatling/gatling-http-java/3.13.4/gatling-http-java-3.13.4.jar:/home/runner/.m2/repository/io/gatling/gatling-jms/3.13.4/gatling-jms-3.13.4.jar:/home/runner/.m2/repository/javax/jms/javax.jms-api/2.0.1/javax.jms-api-2.0.1.jar:/home/runner/.m2/repository/com/eatthepath/fast-uuid/0.2.0/fast-uuid-0.2.0.jar:/home/runner/.m2/repository/io/gatling/gatling-jms-java/3.13.4/gatling-jms-java-3.13.4.jar:/home/runner/.m2/repository/io/gatling/gatling-jdbc/3.13.4/gatling-jdbc-3.13.4.jar:/home/runner/.m2/repository/io/gatling/gatling-jdbc-java/3.13.4/gatling-jdbc-java-3.13.4.jar:/home/runner/.m2/repository/io/gatling/gatling-redis/3.13.4/gatling-redis-3.13.4.jar:/home/runner/.m2/repository/net/debasishg/redisclient_2.13/3.42/redisclient_2.13-3.42.jar:/home/runner/.m2/repository/org/apache/commons/commons-pool2/2.8.0/commons-pool2-2.8.0.jar:/home/runner/.m2/repository/io/gatling/gatling-redis-java/3.13.4/gatling-redis-java-3.13.4.jar:/home/runner/.m2/repository/io/gatling/gatling-charts/3.13.4/gatling-charts-3.13.4.jar:/home/runner/.m2/repository/com/tdunning/t-digest/3.3/t-digest-3.3.jar:/home/runner/.m2/repository/io/gatling/gatling-core/3.13.4/gatling-core-3.13.4.jar:/home/runner/.m2/repository/io/gatling/gatling-netty-util/3.13.4/gatling-netty-util-3.13.4.jar:/home/runner/.m2/repository/io/gatling/gatling-shared-util_2.13/0.0.12/gatling-shared-util_2.13-0.0.12.jar:/home/runner/.m2/repository/org/scala-lang/modules/scala-collection-compat_2.13/2.12.0/scala-collection-compat_2.13-2.12.0.jar:/home/runner/.m2/repository/io/netty/netty-buffer/4.1.118.Final/netty-buffer-4.1.118.Final.jar:/home/runner/.m2/repository/io/netty/netty-transport-native-epoll/4.1.118.Final/netty-transport-native-epoll-4.1.118.Final-linux-x86_64.jar:/home/runner/.m2/repository/io/netty/netty-transport-classes-epoll/4.1.118.Final/netty-transport-classes-epoll-4.1.118.Final.jar:/home/runner/.m2/repository/io/netty/netty-transport-native-epoll/4.1.118.Final/netty-transport-native-epoll-4.1.118.Final-linux-aarch_64.jar:/home/runner/.m2/repository/io/netty/incubator/netty-incubator-transport-native-io_uring/0.0.26.Final/netty-incubator-transport-native-io_uring-0.0.26.Final-linux-x86_64.jar:/home/runner/.m2/repository/io/netty/incubator/netty-incubator-transport-classes-io_uring/0.0.26.Final/netty-incubator-transport-classes-io_uring-0.0.26.Final.jar:/home/runner/.m2/repository/io/netty/incubator/netty-incubator-transport-native-io_uring/0.0.26.Final/netty-incubator-transport-native-io_uring-0.0.26.Final-linux-aarch_64.jar:/home/runner/.m2/repository/io/gatling/gatling-quicklens/3.13.4/gatling-quicklens-3.13.4.jar:/home/runner/.m2/repository/io/gatling/gatling-commons/3.13.4/gatling-commons-3.13.4.jar:/home/runner/.m2/repository/com/typesafe/config/1.4.3/config-1.4.3.jar:/home/runner/.m2/repository/io/github/metarank/cfor_2.13/0.3/cfor_2.13-0.3.jar:/home/runner/.m2/repository/org/scala-lang/scala-reflect/2.13.10/scala-reflect-2.13.10.jar:/home/runner/.m2/repository/com/typesafe/scala-logging/scala-logging_2.13/3.9.5/scala-logging_2.13-3.9.5.jar:/home/runner/.m2/repository/io/gatling/gatling-jsonpath/3.13.4/gatling-jsonpath-3.13.4.jar:/home/runner/.m2/repository/io/gatling/gatling-shared-model_2.13/0.0.11/gatling-shared-model_2.13-0.0.11.jar:/home/runner/.m2/repository/io/suzaku/boopickle_2.13/1.5.0/boopickle_2.13-1.5.0.jar:/home/runner/.m2/repository/io/gatling/gatling-shared-cli/0.0.6/gatling-shared-cli-0.0.6.jar:/home/runner/.m2/repository/org/simpleflatmapper/lightning-csv/9.0.2/lightning-csv-9.0.2.jar:/home/runner/.m2/repository/org/simpleflatmapper/sfm-util/9.0.2/sfm-util-9.0.2.jar:/home/runner/.m2/repository/com/github/ben-manes/caffeine/caffeine/3.2.0/caffeine-3.2.0.jar:/home/runner/.m2/repository/org/jspecify/jspecify/1.0.0/jspecify-1.0.0.jar:/home/runner/.m2/repository/com/google/errorprone/error_prone_annotations/2.36.0/error_prone_annotations-2.36.0.jar:/home/runner/.m2/repository/io/pebbletemplates/pebble/3.2.3/pebble-3.2.3.jar:/home/runner/.m2/repository/org/unbescape/unbescape/1.1.6.RELEASE/unbescape-1.1.6.RELEASE.jar:/home/runner/.m2/repository/org/scala-lang/modules/scala-parser-combinators_2.13/2.4.0/scala-parser-combinators_2.13-2.4.0.jar:/home/runner/.m2/repository/com/github/scopt/scopt_2.13/3.7.1/scopt_2.13-3.7.1.jar:/home/runner/.m2/repository/io/netty/netty-handler/4.1.118.Final/netty-handler-4.1.118.Final.jar:/home/runner/.m2/repository/io/netty/netty-common/4.1.118.Final/netty-common-4.1.118.Final.jar:/home/runner/.m2/repository/io/netty/netty-resolver/4.1.118.Final/netty-resolver-4.1.118.Final.jar:/home/runner/.m2/repository/io/netty/netty-transport/4.1.118.Final/netty-transport-4.1.118.Final.jar:/home/runner/.m2/repository/io/netty/netty-transport-native-unix-common/4.1.118.Final/netty-transport-native-unix-common-4.1.118.Final.jar:/home/runner/.m2/repository/io/netty/netty-codec/4.1.118.Final/netty-codec-4.1.118.Final.jar:/home/runner/.m2/repository/io/netty/netty-tcnative-classes/2.0.70.Final/netty-tcnative-classes-2.0.70.Final.jar:/home/runner/.m2/repository/io/netty/netty-tcnative-boringssl-static/2.0.70.Final/netty-tcnative-boringssl-static-2.0.70.Final.jar:/home/runner/.m2/repository/io/netty/netty-tcnative-boringssl-static/2.0.70.Final/netty-tcnative-boringssl-static-2.0.70.Final-linux-x86_64.jar:/home/runner/.m2/repository/io/netty/netty-tcnative-boringssl-static/2.0.70.Final/netty-tcnative-boringssl-static-2.0.70.Final-linux-aarch_64.jar:/home/runner/.m2/repository/io/netty/netty-tcnative-boringssl-static/2.0.70.Final/netty-tcnative-boringssl-static-2.0.70.Final-osx-x86_64.jar:/home/runner/.m2/repository/io/netty/netty-tcnative-boringssl-static/2.0.70.Final/netty-tcnative-boringssl-static-2.0.70.Final-osx-aarch_64.jar:/home/runner/.m2/repository/io/netty/netty-tcnative-boringssl-static/2.0.70.Final/netty-tcnative-boringssl-static-2.0.70.Final-windows-x86_64.jar:/home/runner/.m2/repository/com/fasterxml/jackson/core/jackson-databind/2.18.2/jackson-databind-2.18.2.jar:/home/runner/.m2/repository/com/fasterxml/jackson/core/jackson-annotations/2.18.2/jackson-annotations-2.18.2.jar:/home/runner/.m2/repository/com/fasterxml/jackson/core/jackson-core/2.18.2/jackson-core-2.18.2.jar:/home/runner/.m2/repository/net/sf/saxon/Saxon-HE/12.5/Saxon-HE-12.5.jar:/home/runner/.m2/repository/org/xmlresolver/xmlresolver/6.0.12/xmlresolver-6.0.12.jar:/home/runner/.m2/repository/org/xmlresolver/xmlresolver/6.0.12/xmlresolver-6.0.12-data.jar:/home/runner/.m2/repository/org/jodd/jodd-lagarto/6.0.6/jodd-lagarto-6.0.6.jar:/home/runner/.m2/repository/org/jodd/jodd-util/6.3.0/jodd-util-6.3.0.jar:/home/runner/.m2/repository/io/burt/jmespath-jackson/0.6.0/jmespath-jackson-0.6.0.jar:/home/runner/.m2/repository/io/burt/jmespath-core/0.6.0/jmespath-core-0.6.0.jar:/home/runner/.m2/repository/io/gatling/gatling-http/3.13.4/gatling-http-3.13.4.jar:/home/runner/.m2/repository/io/gatling/gatling-http-client/3.13.4/gatling-http-client-3.13.4.jar:/home/runner/.m2/repository/io/netty/netty-handler-proxy/4.1.118.Final/netty-handler-proxy-4.1.118.Final.jar:/home/runner/.m2/repository/io/netty/netty-codec-socks/4.1.118.Final/netty-codec-socks-4.1.118.Final.jar:/home/runner/.m2/repository/io/netty/netty-resolver-dns/4.1.118.Final/netty-resolver-dns-4.1.118.Final.jar:/home/runner/.m2/repository/io/netty/netty-codec-dns/4.1.118.Final/netty-codec-dns-4.1.118.Final.jar:/home/runner/.m2/repository/io/netty/netty-codec-http2/4.1.118.Final/netty-codec-http2-4.1.118.Final.jar:/home/runner/.m2/repository/io/netty/netty-resolver-dns-native-macos/4.1.118.Final/netty-resolver-dns-native-macos-4.1.118.Final-osx-x86_64.jar:/home/runner/.m2/repository/io/netty/netty-resolver-dns-classes-macos/4.1.118.Final/netty-resolver-dns-classes-macos-4.1.118.Final.jar:/home/runner/.m2/repository/io/netty/netty-resolver-dns-native-macos/4.1.118.Final/netty-resolver-dns-native-macos-4.1.118.Final-osx-aarch_64.jar:/home/runner/.m2/repository/com/aayushatharva/brotli4j/brotli4j/1.18.0/brotli4j-1.18.0.jar:/home/runner/.m2/repository/com/aayushatharva/brotli4j/service/1.18.0/service-1.18.0.jar:/home/runner/.m2/repository/com/aayushatharva/brotli4j/native-linux-x86_64/1.18.0/native-linux-x86_64-1.18.0.jar:/home/runner/.m2/repository/com/aayushatharva/brotli4j/native-linux-aarch64/1.18.0/native-linux-aarch64-1.18.0.jar:/home/runner/.m2/repository/com/aayushatharva/brotli4j/native-osx-x86_64/1.18.0/native-osx-x86_64-1.18.0.jar:/home/runner/.m2/repository/com/aayushatharva/brotli4j/native-osx-aarch64/1.18.0/native-osx-aarch64-1.18.0.jar:/home/runner/.m2/repository/com/aayushatharva/brotli4j/native-windows-x86_64/1.18.0/native-windows-x86_64-1.18.0.jar:"/>
    <property name="java.vm.vendor" value="Eclipse Adoptium"/>
    <property name="sun.arch.data.model" value="64"/>
    <property name="java.vendor.url" value="https://adoptium.net/"/>
    <property name="user.timezone" value="Etc/UTC"/>
    <property name="java.vm.specification.version" value="11"/>
    <property name="os.name" value="Linux"/>
    <property name="sun.java.launcher" value="SUN_STANDARD"/>
    <property name="sun.boot.library.path" value="/usr/lib/jvm/temurin-11-jdk-amd64/lib"/>
    <property name="sun.java.command" value="/home/runner/work/survey_QA/survey_QA/target/surefire/surefirebooter-20250224175416763_3.jar /home/runner/work/survey_QA/survey_QA/target/surefire 2025-02-24T17-54-16_680-jvmRun1 surefire-20250224175416763_1tmp surefire_0-20250224175416763_2tmp"/>
    <property name="jdk.debug" value="release"/>
    <property name="surefire.test.class.path" value="/home/runner/work/survey_QA/survey_QA/target/test-classes:/home/runner/work/survey_QA/survey_QA/target/classes:/home/runner/.m2/repository/org/junit/jupiter/junit-jupiter/5.10.0/junit-jupiter-5.10.0.jar:/home/runner/.m2/repository/org/junit/jupiter/junit-jupiter-api/5.10.0/junit-jupiter-api-5.10.0.jar:/home/runner/.m2/repository/org/opentest4j/opentest4j/1.3.0/opentest4j-1.3.0.jar:/home/runner/.m2/repository/org/junit/platform/junit-platform-commons/1.10.0/junit-platform-commons-1.10.0.jar:/home/runner/.m2/repository/org/apiguardian/apiguardian-api/1.1.2/apiguardian-api-1.1.2.jar:/home/runner/.m2/repository/org/junit/jupiter/junit-jupiter-params/5.10.0/junit-jupiter-params-5.10.0.jar:/home/runner/.m2/repository/org/junit/jupiter/junit-jupiter-engine/5.10.0/junit-jupiter-engine-5.10.0.jar:/home/runner/.m2/repository/org/junit/platform/junit-platform-engine/1.10.0/junit-platform-engine-1.10.0.jar:/home/runner/.m2/repository/io/qameta/allure/allure-junit5/2.24.0/allure-junit5-2.24.0.jar:/home/runner/.m2/repository/io/qameta/allure/allure-junit-platform/2.24.0/allure-junit-platform-2.24.0.jar:/home/runner/.m2/repository/io/qameta/allure/allure-java-commons/2.24.0/allure-java-commons-2.24.0.jar:/home/runner/.m2/repository/io/qameta/allure/allure-model/2.24.0/allure-model-2.24.0.jar:/home/runner/.m2/repository/io/qameta/allure/allure-test-filter/2.24.0/allure-test-filter-2.24.0.jar:/home/runner/.m2/repository/org/junit/platform/junit-platform-launcher/1.9.2/junit-platform-launcher-1.9.2.jar:/home/runner/.m2/repository/io/rest-assured/rest-assured/5.3.0/rest-assured-5.3.0.jar:/home/runner/.m2/repository/org/apache/groovy/groovy/4.0.6/groovy-4.0.6.jar:/home/runner/.m2/repository/org/apache/groovy/groovy-xml/4.0.6/groovy-xml-4.0.6.jar:/home/runner/.m2/repository/org/apache/httpcomponents/httpclient/4.5.13/httpclient-4.5.13.jar:/home/runner/.m2/repository/org/apache/httpcomponents/httpcore/4.4.13/httpcore-4.4.13.jar:/home/runner/.m2/repository/commons-logging/commons-logging/1.2/commons-logging-1.2.jar:/home/runner/.m2/repository/commons-codec/commons-codec/1.11/commons-codec-1.11.jar:/home/runner/.m2/repository/org/apache/httpcomponents/httpmime/4.5.13/httpmime-4.5.13.jar:/home/runner/.m2/repository/org/hamcrest/hamcrest/2.1/hamcrest-2.1.jar:/home/runner/.m2/repository/org/ccil/cowan/tagsoup/tagsoup/1.2.1/tagsoup-1.2.1.jar:/home/runner/.m2/repository/io/rest-assured/xml-path/5.3.0/xml-path-5.3.0.jar:/home/runner/.m2/repository/org/apache/commons/commons-lang3/3.11/commons-lang3-3.11.jar:/home/runner/.m2/repository/io/qameta/allure/allure-rest-assured/2.24.0/allure-rest-assured-2.24.0.jar:/home/runner/.m2/repository/io/qameta/allure/allure-attachments/2.24.0/allure-attachments-2.24.0.jar:/home/runner/.m2/repository/org/freemarker/freemarker/2.3.31/freemarker-2.3.31.jar:/home/runner/.m2/repository/org/slf4j/slf4j-api/1.7.32/slf4j-api-1.7.32.jar:/home/runner/.m2/repository/ch/qos/logback/logback-classic/1.2.6/logback-classic-1.2.6.jar:/home/runner/.m2/repository/ch/qos/logback/logback-core/1.2.6/logback-core-1.2.6.jar:/home/runner/.m2/repository/org/apache/commons/commons-csv/1.9.0/commons-csv-1.9.0.jar:/home/runner/.m2/repository/io/rest-assured/json-path/5.1.1/json-path-5.1.1.jar:/home/runner/.m2/repository/org/apache/groovy/groovy-json/4.0.1/groovy-json-4.0.1.jar:/home/runner/.m2/repository/io/rest-assured/rest-assured-common/5.1.1/rest-assured-common-5.1.1.jar:/home/runner/.m2/repository/io/rest-assured/json-schema-validator/5.3.0/json-schema-validator-5.3.0.jar:/home/runner/.m2/repository/com/github/java-json-tools/json-schema-validator/2.2.14/json-schema-validator-2.2.14.jar:/home/runner/.m2/repository/com/google/guava/guava/28.2-android/guava-28.2-android.jar:/home/runner/.m2/repository/com/google/guava/failureaccess/1.0.1/failureaccess-1.0.1.jar:/home/runner/.m2/repository/com/google/guava/listenablefuture/9999.0-empty-to-avoid-conflict-with-guava/listenablefuture-9999.0-empty-to-avoid-conflict-with-guava.jar:/home/runner/.m2/repository/org/checkerframework/checker-compat-qual/2.5.5/checker-compat-qual-2.5.5.jar:/home/runner/.m2/repository/com/google/j2objc/j2objc-annotations/1.3/j2objc-annotations-1.3.jar:/home/runner/.m2/repository/com/github/java-json-tools/jackson-coreutils-equivalence/1.0/jackson-coreutils-equivalence-1.0.jar:/home/runner/.m2/repository/com/github/java-json-tools/jackson-coreutils/2.0/jackson-coreutils-2.0.jar:/home/runner/.m2/repository/com/github/java-json-tools/msg-simple/1.2/msg-simple-1.2.jar:/home/runner/.m2/repository/com/github/java-json-tools/btf/1.3/btf-1.3.jar:/home/runner/.m2/repository/com/github/java-json-tools/json-schema-core/1.2.14/json-schema-core-1.2.14.jar:/home/runner/.m2/repository/com/github/java-json-tools/uri-template/0.10/uri-template-0.10.jar:/home/runner/.m2/repository/org/mozilla/rhino/1.7.7.2/rhino-1.7.7.2.jar:/home/runner/.m2/repository/com/sun/mail/mailapi/1.6.2/mailapi-1.6.2.jar:/home/runner/.m2/repository/joda-time/joda-time/2.10.5/joda-time-2.10.5.jar:/home/runner/.m2/repository/com/googlecode/libphonenumber/libphonenumber/8.11.1/libphonenumber-8.11.1.jar:/home/runner/.m2/repository/com/google/code/findbugs/jsr305/3.0.2/jsr305-3.0.2.jar:/home/runner/.m2/repository/net/sf/jopt-simple/jopt-simple/5.0.4/jopt-simple-5.0.4.jar:/home/runner/.m2/repository/io/gatling/highcharts/gatling-charts-highcharts/3.13.4/gatling-charts-highcharts-3.13.4.jar:/home/runner/.m2/repository/org/scala-lang/scala-library/2.13.16/scala-library-2.13.16.jar:/home/runner/.m2/repository/io/gatling/gatling-recorder/3.13.4/gatling-recorder-3.13.4.jar:/home/runner/.m2/repository/org/scala-lang/modules/scala-swing_2.13/3.0.0/scala-swing_2.13-3.0.0.jar:/home/runner/.m2/repository/io/gatling/gatling-recorder-bc-shaded/1.80.0/gatling-recorder-bc-shaded-1.80.0.jar:/home/runner/.m2/repository/io/netty/netty-codec-http/4.1.118.Final/netty-codec-http-4.1.118.Final.jar:/home/runner/.m2/repository/io/gatling/gatling-app/3.13.4/gatling-app-3.13.4.jar:/home/runner/.m2/repository/io/gatling/gatling-core-java/3.13.4/gatling-core-java-3.13.4.jar:/home/runner/.m2/repository/net/jodah/typetools/0.6.3/typetools-0.6.3.jar:/home/runner/.m2/repository/com/github/spotbugs/spotbugs-annotations/4.9.1/spotbugs-annotations-4.9.1.jar:/home/runner/.m2/repository/io/gatling/gatling-http-java/3.13.4/gatling-http-java-3.13.4.jar:/home/runner/.m2/repository/io/gatling/gatling-jms/3.13.4/gatling-jms-3.13.4.jar:/home/runner/.m2/repository/javax/jms/javax.jms-api/2.0.1/javax.jms-api-2.0.1.jar:/home/runner/.m2/repository/com/eatthepath/fast-uuid/0.2.0/fast-uuid-0.2.0.jar:/home/runner/.m2/repository/io/gatling/gatling-jms-java/3.13.4/gatling-jms-java-3.13.4.jar:/home/runner/.m2/repository/io/gatling/gatling-jdbc/3.13.4/gatling-jdbc-3.13.4.jar:/home/runner/.m2/repository/io/gatling/gatling-jdbc-java/3.13.4/gatling-jdbc-java-3.13.4.jar:/home/runner/.m2/repository/io/gatling/gatling-redis/3.13.4/gatling-redis-3.13.4.jar:/home/runner/.m2/repository/net/debasishg/redisclient_2.13/3.42/redisclient_2.13-3.42.jar:/home/runner/.m2/repository/org/apache/commons/commons-pool2/2.8.0/commons-pool2-2.8.0.jar:/home/runner/.m2/repository/io/gatling/gatling-redis-java/3.13.4/gatling-redis-java-3.13.4.jar:/home/runner/.m2/repository/io/gatling/gatling-charts/3.13.4/gatling-charts-3.13.4.jar:/home/runner/.m2/repository/com/tdunning/t-digest/3.3/t-digest-3.3.jar:/home/runner/.m2/repository/io/gatling/gatling-core/3.13.4/gatling-core-3.13.4.jar:/home/runner/.m2/repository/io/gatling/gatling-netty-util/3.13.4/gatling-netty-util-3.13.4.jar:/home/runner/.m2/repository/io/gatling/gatling-shared-util_2.13/0.0.12/gatling-shared-util_2.13-0.0.12.jar:/home/runner/.m2/repository/org/scala-lang/modules/scala-collection-compat_2.13/2.12.0/scala-collection-compat_2.13-2.12.0.jar:/home/runner/.m2/repository/io/netty/netty-buffer/4.1.118.Final/netty-buffer-4.1.118.Final.jar:/home/runner/.m2/repository/io/netty/netty-transport-native-epoll/4.1.118.Final/netty-transport-native-epoll-4.1.118.Final-linux-x86_64.jar:/home/runner/.m2/repository/io/netty/netty-transport-classes-epoll/4.1.118.Final/netty-transport-classes-epoll-4.1.118.Final.jar:/home/runner/.m2/repository/io/netty/netty-transport-native-epoll/4.1.118.Final/netty-transport-native-epoll-4.1.118.Final-linux-aarch_64.jar:/home/runner/.m2/repository/io/netty/incubator/netty-incubator-transport-native-io_uring/0.0.26.Final/netty-incubator-transport-native-io_uring-0.0.26.Final-linux-x86_64.jar:/home/runner/.m2/repository/io/netty/incubator/netty-incubator-transport-classes-io_uring/0.0.26.Final/netty-incubator-transport-classes-io_uring-0.0.26.Final.jar:/home/runner/.m2/repository/io/netty/incubator/netty-incubator-transport-native-io_uring/0.0.26.Final/netty-incubator-transport-native-io_uring-0.0.26.Final-linux-aarch_64.jar:/home/runner/.m2/repository/io/gatling/gatling-quicklens/3.13.4/gatling-quicklens-3.13.4.jar:/home/runner/.m2/repository/io/gatling/gatling-commons/3.13.4/gatling-commons-3.13.4.jar:/home/runner/.m2/repository/com/typesafe/config/1.4.3/config-1.4.3.jar:/home/runner/.m2/repository/io/github/metarank/cfor_2.13/0.3/cfor_2.13-0.3.jar:/home/runner/.m2/repository/org/scala-lang/scala-reflect/2.13.10/scala-reflect-2.13.10.jar:/home/runner/.m2/repository/com/typesafe/scala-logging/scala-logging_2.13/3.9.5/scala-logging_2.13-3.9.5.jar:/home/runner/.m2/repository/io/gatling/gatling-jsonpath/3.13.4/gatling-jsonpath-3.13.4.jar:/home/runner/.m2/repository/io/gatling/gatling-shared-model_2.13/0.0.11/gatling-shared-model_2.13-0.0.11.jar:/home/runner/.m2/repository/io/suzaku/boopickle_2.13/1.5.0/boopickle_2.13-1.5.0.jar:/home/runner/.m2/repository/io/gatling/gatling-shared-cli/0.0.6/gatling-shared-cli-0.0.6.jar:/home/runner/.m2/repository/org/simpleflatmapper/lightning-csv/9.0.2/lightning-csv-9.0.2.jar:/home/runner/.m2/repository/org/simpleflatmapper/sfm-util/9.0.2/sfm-util-9.0.2.jar:/home/runner/.m2/repository/com/github/ben-manes/caffeine/caffeine/3.2.0/caffeine-3.2.0.jar:/home/runner/.m2/repository/org/jspecify/jspecify/1.0.0/jspecify-1.0.0.jar:/home/runner/.m2/repository/com/google/errorprone/error_prone_annotations/2.36.0/error_prone_annotations-2.36.0.jar:/home/runner/.m2/repository/io/pebbletemplates/pebble/3.2.3/pebble-3.2.3.jar:/home/runner/.m2/repository/org/unbescape/unbescape/1.1.6.RELEASE/unbescape-1.1.6.RELEASE.jar:/home/runner/.m2/repository/org/scala-lang/modules/scala-parser-combinators_2.13/2.4.0/scala-parser-combinators_2.13-2.4.0.jar:/home/runner/.m2/repository/com/github/scopt/scopt_2.13/3.7.1/scopt_2.13-3.7.1.jar:/home/runner/.m2/repository/io/netty/netty-handler/4.1.118.Final/netty-handler-4.1.118.Final.jar:/home/runner/.m2/repository/io/netty/netty-common/4.1.118.Final/netty-common-4.1.118.Final.jar:/home/runner/.m2/repository/io/netty/netty-resolver/4.1.118.Final/netty-resolver-4.1.118.Final.jar:/home/runner/.m2/repository/io/netty/netty-transport/4.1.118.Final/netty-transport-4.1.118.Final.jar:/home/runner/.m2/repository/io/netty/netty-transport-native-unix-common/4.1.118.Final/netty-transport-native-unix-common-4.1.118.Final.jar:/home/runner/.m2/repository/io/netty/netty-codec/4.1.118.Final/netty-codec-4.1.118.Final.jar:/home/runner/.m2/repository/io/netty/netty-tcnative-classes/2.0.70.Final/netty-tcnative-classes-2.0.70.Final.jar:/home/runner/.m2/repository/io/netty/netty-tcnative-boringssl-static/2.0.70.Final/netty-tcnative-boringssl-static-2.0.70.Final.jar:/home/runner/.m2/repository/io/netty/netty-tcnative-boringssl-static/2.0.70.Final/netty-tcnative-boringssl-static-2.0.70.Final-linux-x86_64.jar:/home/runner/.m2/repository/io/netty/netty-tcnative-boringssl-static/2.0.70.Final/netty-tcnative-boringssl-static-2.0.70.Final-linux-aarch_64.jar:/home/runner/.m2/repository/io/netty/netty-tcnative-boringssl-static/2.0.70.Final/netty-tcnative-boringssl-static-2.0.70.Final-osx-x86_64.jar:/home/runner/.m2/repository/io/netty/netty-tcnative-boringssl-static/2.0.70.Final/netty-tcnative-boringssl-static-2.0.70.Final-osx-aarch_64.jar:/home/runner/.m2/repository/io/netty/netty-tcnative-boringssl-static/2.0.70.Final/netty-tcnative-boringssl-static-2.0.70.Final-windows-x86_64.jar:/home/runner/.m2/repository/com/fasterxml/jackson/core/jackson-databind/2.18.2/jackson-databind-2.18.2.jar:/home/runner/.m2/repository/com/fasterxml/jackson/core/jackson-annotations/2.18.2/jackson-annotations-2.18.2.jar:/home/runner/.m2/repository/com/fasterxml/jackson/core/jackson-core/2.18.2/jackson-core-2.18.2.jar:/home/runner/.m2/repository/net/sf/saxon/Saxon-HE/12.5/Saxon-HE-12.5.jar:/home/runner/.m2/repository/org/xmlresolver/xmlresolver/6.0.12/xmlresolver-6.0.12.jar:/home/runner/.m2/repository/org/xmlresolver/xmlresolver/6.0.12/xmlresolver-6.0.12-data.jar:/home/runner/.m2/repository/org/jodd/jodd-lagarto/6.0.6/jodd-lagarto-6.0.6.jar:/home/runner/.m2/repository/org/jodd/jodd-util/6.3.0/jodd-util-6.3.0.jar:/home/runner/.m2/repository/io/burt/jmespath-jackson/0.6.0/jmespath-jackson-0.6.0.jar:/home/runner/.m2/repository/io/burt/jmespath-core/0.6.0/jmespath-core-0.6.0.jar:/home/runner/.m2/repository/io/gatling/gatling-http/3.13.4/gatling-http-3.13.4.jar:/home/runner/.m2/repository/io/gatling/gatling-http-client/3.13.4/gatling-http-client-3.13.4.jar:/home/runner/.m2/repository/io/netty/netty-handler-proxy/4.1.118.Final/netty-handler-proxy-4.1.118.Final.jar:/home/runner/.m2/repository/io/netty/netty-codec-socks/4.1.118.Final/netty-codec-socks-4.1.118.Final.jar:/home/runner/.m2/repository/io/netty/netty-resolver-dns/4.1.118.Final/netty-resolver-dns-4.1.118.Final.jar:/home/runner/.m2/repository/io/netty/netty-codec-dns/4.1.118.Final/netty-codec-dns-4.1.118.Final.jar:/home/runner/.m2/repository/io/netty/netty-codec-http2/4.1.118.Final/netty-codec-http2-4.1.118.Final.jar:/home/runner/.m2/repository/io/netty/netty-resolver-dns-native-macos/4.1.118.Final/netty-resolver-dns-native-macos-4.1.118.Final-osx-x86_64.jar:/home/runner/.m2/repository/io/netty/netty-resolver-dns-classes-macos/4.1.118.Final/netty-resolver-dns-classes-macos-4.1.118.Final.jar:/home/runner/.m2/repository/io/netty/netty-resolver-dns-native-macos/4.1.118.Final/netty-resolver-dns-native-macos-4.1.118.Final-osx-aarch_64.jar:/home/runner/.m2/repository/com/aayushatharva/brotli4j/brotli4j/1.18.0/brotli4j-1.18.0.jar:/home/runner/.m2/repository/com/aayushatharva/brotli4j/service/1.18.0/service-1.18.0.jar:/home/runner/.m2/repository/com/aayushatharva/brotli4j/native-linux-x86_64/1.18.0/native-linux-x86_64-1.18.0.jar:/home/runner/.m2/repository/com/aayushatharva/brotli4j/native-linux-aarch64/1.18.0/native-linux-aarch64-1.18.0.jar:/home/runner/.m2/repository/com/aayushatharva/brotli4j/native-osx-x86_64/1.18.0/native-osx-x86_64-1.18.0.jar:/home/runner/.m2/repository/com/aayushatharva/brotli4j/native-osx-aarch64/1.18.0/native-osx-aarch64-1.18.0.jar:/home/runner/.m2/repository/com/aayushatharva/brotli4j/native-windows-x86_64/1.18.0/native-windows-x86_64-1.18.0.jar:"/>
    <property name="allure.results.directory" value="/home/runner/work/survey_QA/survey_QA/target/allure-results"/>
    <property name="sun.cpu.endian" value="little"/>
    <property name="user.home" value="/home/runner"/>
    <property name="user.language" value="en"/>
    <property name="java.specification.vendor" value="Oracle Corporation"/>
    <property name="java.version.date" value="2025-01-21"/>
    <property name="java.home" value="/usr/lib/jvm/temurin-11-jdk-amd64"/>
    <property name="file.separator" value="/"/>
    <property name="basedir" value="/home/runner/work/survey_QA/survey_QA"/>
    <property name="java.vm.compressedOopsMode" value="Zero based"/>
    <property name="line.separator" value="&#10;"/>
    <property name="java.specification.name" value="Java Platform API Specification"/>
    <property name="java.vm.specification.vendor" value="Oracle Corporation"/>
    <property name="java.awt.graphicsenv" value="sun.awt.X11GraphicsEnvironment"/>
    <property name="surefire.real.class.path" value="/home/runner/work/survey_QA/survey_QA/target/surefire/surefirebooter-20250224175416763_3.jar"/>
    <property name="sun.management.compiler" value="HotSpot 64-Bit Tiered Compilers"/>
    <property name="java.runtime.version" value="11.0.26+4"/>
    <property name="user.name" value="runner"/>
    <property name="path.separator" value=":"/>
    <property name="gatling.skip" value="true"/>
    <property name="os.version" value="6.8.0-1021-azure"/>
    <property name="java.runtime.name" value="OpenJDK Runtime Environment"/>
    <property name="file.encoding" value="UTF-8"/>
    <property name="java.vm.name" value="OpenJDK 64-Bit Server VM"/>
    <property name="java.vendor.version" value="Temurin-11.0.26+4"/>
    <property name="localRepository" value="/home/runner/.m2/repository"/>
    <property name="java.vendor.url.bug" value="https://github.com/adoptium/adoptium-support/issues"/>
    <property name="java.io.tmpdir" value="/tmp"/>
    <property name="java.version" value="11.0.26"/>
    <property name="user.dir" value="/home/runner/work/survey_QA/survey_QA"/>
    <property name="os.arch" value="amd64"/>
    <property name="java.vm.specification.name" value="Java Virtual Machine Specification"/>
    <property name="java.awt.printerjob" value="sun.print.PSPrinterJob"/>
    <property name="sun.os.patch.level" value="unknown"/>
    <property name="java.library.path" value="/usr/java/packages/lib:/usr/lib64:/lib64:/lib:/usr/lib"/>
    <property name="java.vm.info" value="mixed mode"/>
    <property name="java.vendor" value="Eclipse Adoptium"/>
    <property name="java.vm.version" value="11.0.26+4"/>
    <property name="java.specification.maintenance.version" value="3"/>
    <property name="sun.io.unicode.encoding" value="UnicodeLittle"/>
    <property name="java.class.version" value="55.0"/>
  </properties>
  <testcase name="testSurveyIds" classname="tests.integration.SurveyPointsTest" time="3.485">
    <system-out><![CDATA[17:54:24.700 [main] INFO api.SurveyPointsApi - Starting validation for status: Survey Id
17:54:24.744 [main] INFO api.SurveyPointsApi - All values for field 'Survey Id' are valid for Member ID: 1
17:54:24.760 [main] INFO api.SurveyPointsApi - All values for field 'Survey Id' are valid for Member ID: 2
17:54:24.777 [main] INFO api.SurveyPointsApi - All values for field 'Survey Id' are valid for Member ID: 3
17:54:24.792 [main] INFO api.SurveyPointsApi - All values for field 'Survey Id' are valid for Member ID: 4
17:54:24.808 [main] INFO api.SurveyPointsApi - All values for field 'Survey Id' are valid for Member ID: 5
17:54:24.822 [main] INFO api.SurveyPointsApi - All values for field 'Survey Id' are valid for Member ID: 6
17:54:24.837 [main] INFO api.SurveyPointsApi - All values for field 'Survey Id' are valid for Member ID: 7
17:54:24.850 [main] INFO api.SurveyPointsApi - All values for field 'Survey Id' are valid for Member ID: 8
17:54:24.862 [main] INFO api.SurveyPointsApi - All values for field 'Survey Id' are valid for Member ID: 9
17:54:24.889 [main] INFO api.SurveyPointsApi - All values for field 'Survey Id' are valid for Member ID: 10
17:54:24.907 [main] INFO api.SurveyPointsApi - All values for field 'Survey Id' are valid for Member ID: 11
17:54:24.920 [main] INFO api.SurveyPointsApi - All values for field 'Survey Id' are valid for Member ID: 12
17:54:24.937 [main] INFO api.SurveyPointsApi - All values for field 'Survey Id' are valid for Member ID: 13
17:54:24.954 [main] INFO api.SurveyPointsApi - All values for field 'Survey Id' are valid for Member ID: 14
17:54:24.968 [main] INFO api.SurveyPointsApi - All values for field 'Survey Id' are valid for Member ID: 15
17:54:24.984 [main] INFO api.SurveyPointsApi - All values for field 'Survey Id' are valid for Member ID: 16
17:54:24.998 [main] INFO api.SurveyPointsApi - All values for field 'Survey Id' are valid for Member ID: 17
17:54:25.012 [main] INFO api.SurveyPointsApi - All values for field 'Survey Id' are valid for Member ID: 18
17:54:25.026 [main] INFO api.SurveyPointsApi - All values for field 'Survey Id' are valid for Member ID: 19
17:54:25.045 [main] INFO api.SurveyPointsApi - All values for field 'Survey Id' are valid for Member ID: 20
17:54:25.059 [main] INFO api.SurveyPointsApi - All values for field 'Survey Id' are valid for Member ID: 21
17:54:25.072 [main] INFO api.SurveyPointsApi - All values for field 'Survey Id' are valid for Member ID: 22
17:54:25.085 [main] INFO api.SurveyPointsApi - All values for field 'Survey Id' are valid for Member ID: 23
17:54:25.102 [main] INFO api.SurveyPointsApi - All values for field 'Survey Id' are valid for Member ID: 24
17:54:25.122 [main] INFO api.SurveyPointsApi - All values for field 'Survey Id' are valid for Member ID: 25
17:54:25.140 [main] INFO api.SurveyPointsApi - All values for field 'Survey Id' are valid for Member ID: 26
17:54:25.154 [main] INFO api.SurveyPointsApi - All values for field 'Survey Id' are valid for Member ID: 27
17:54:25.172 [main] INFO api.SurveyPointsApi - All values for field 'Survey Id' are valid for Member ID: 28
17:54:25.187 [main] INFO api.SurveyPointsApi - All values for field 'Survey Id' are valid for Member ID: 29
17:54:25.202 [main] INFO api.SurveyPointsApi - All values for field 'Survey Id' are valid for Member ID: 30
17:54:25.218 [main] INFO api.SurveyPointsApi - All values for field 'Survey Id' are valid for Member ID: 31
17:54:25.235 [main] INFO api.SurveyPointsApi - All values for field 'Survey Id' are valid for Member ID: 32
17:54:25.248 [main] INFO api.SurveyPointsApi - All values for field 'Survey Id' are valid for Member ID: 33
17:54:25.259 [main] INFO api.SurveyPointsApi - All values for field 'Survey Id' are valid for Member ID: 34
17:54:25.269 [main] INFO api.SurveyPointsApi - All values for field 'Survey Id' are valid for Member ID: 35
17:54:25.280 [main] INFO api.SurveyPointsApi - All values for field 'Survey Id' are valid for Member ID: 36
17:54:25.290 [main] INFO api.SurveyPointsApi - All values for field 'Survey Id' are valid for Member ID: 37
17:54:25.301 [main] INFO api.SurveyPointsApi - All values for field 'Survey Id' are valid for Member ID: 38
17:54:25.310 [main] INFO api.SurveyPointsApi - All values for field 'Survey Id' are valid for Member ID: 39
17:54:25.319 [main] INFO api.SurveyPointsApi - All values for field 'Survey Id' are valid for Member ID: 40
17:54:25.330 [main] INFO api.SurveyPointsApi - All values for field 'Survey Id' are valid for Member ID: 41
17:54:25.341 [main] INFO api.SurveyPointsApi - All values for field 'Survey Id' are valid for Member ID: 42
17:54:25.351 [main] INFO api.SurveyPointsApi - All values for field 'Survey Id' are valid for Member ID: 43
17:54:25.360 [main] INFO api.SurveyPointsApi - All values for field 'Survey Id' are valid for Member ID: 44
17:54:25.371 [main] INFO api.SurveyPointsApi - All values for field 'Survey Id' are valid for Member ID: 45
17:54:25.383 [main] INFO api.SurveyPointsApi - All values for field 'Survey Id' are valid for Member ID: 46
17:54:25.394 [main] INFO api.SurveyPointsApi - All values for field 'Survey Id' are valid for Member ID: 47
17:54:25.404 [main] INFO api.SurveyPointsApi - All values for field 'Survey Id' are valid for Member ID: 48
17:54:25.415 [main] INFO api.SurveyPointsApi - All values for field 'Survey Id' are valid for Member ID: 49
17:54:25.428 [main] INFO api.SurveyPointsApi - All values for field 'Survey Id' are valid for Member ID: 50
17:54:25.441 [main] INFO api.SurveyPointsApi - All values for field 'Survey Id' are valid for Member ID: 51
17:54:25.456 [main] INFO api.SurveyPointsApi - All values for field 'Survey Id' are valid for Member ID: 52
17:54:25.471 [main] INFO api.SurveyPointsApi - All values for field 'Survey Id' are valid for Member ID: 53
17:54:25.486 [main] INFO api.SurveyPointsApi - All values for field 'Survey Id' are valid for Member ID: 54
17:54:25.503 [main] INFO api.SurveyPointsApi - All values for field 'Survey Id' are valid for Member ID: 55
17:54:25.515 [main] INFO api.SurveyPointsApi - All values for field 'Survey Id' are valid for Member ID: 56
17:54:25.530 [main] INFO api.SurveyPointsApi - All values for field 'Survey Id' are valid for Member ID: 57
17:54:25.543 [main] INFO api.SurveyPointsApi - All values for field 'Survey Id' are valid for Member ID: 58
17:54:25.556 [main] INFO api.SurveyPointsApi - All values for field 'Survey Id' are valid for Member ID: 59
17:54:25.567 [main] INFO api.SurveyPointsApi - All values for field 'Survey Id' are valid for Member ID: 60
17:54:25.579 [main] INFO api.SurveyPointsApi - All values for field 'Survey Id' are valid for Member ID: 61
17:54:25.591 [main] INFO api.SurveyPointsApi - All values for field 'Survey Id' are valid for Member ID: 62
17:54:25.603 [main] INFO api.SurveyPointsApi - All values for field 'Survey Id' are valid for Member ID: 63
17:54:25.619 [main] INFO api.SurveyPointsApi - All values for field 'Survey Id' are valid for Member ID: 64
17:54:25.635 [main] INFO api.SurveyPointsApi - All values for field 'Survey Id' are valid for Member ID: 65
17:54:25.653 [main] INFO api.SurveyPointsApi - All values for field 'Survey Id' are valid for Member ID: 66
17:54:25.670 [main] INFO api.SurveyPointsApi - All values for field 'Survey Id' are valid for Member ID: 67
17:54:25.686 [main] INFO api.SurveyPointsApi - All values for field 'Survey Id' are valid for Member ID: 68
17:54:25.697 [main] INFO api.SurveyPointsApi - All values for field 'Survey Id' are valid for Member ID: 69
17:54:25.710 [main] INFO api.SurveyPointsApi - All values for field 'Survey Id' are valid for Member ID: 70
17:54:25.722 [main] INFO api.SurveyPointsApi - All values for field 'Survey Id' are valid for Member ID: 71
17:54:25.733 [main] INFO api.SurveyPointsApi - All values for field 'Survey Id' are valid for Member ID: 72
17:54:25.744 [main] INFO api.SurveyPointsApi - All values for field 'Survey Id' are valid for Member ID: 73
17:54:25.785 [main] INFO api.SurveyPointsApi - All values for field 'Survey Id' are valid for Member ID: 74
17:54:25.795 [main] INFO api.SurveyPointsApi - All values for field 'Survey Id' are valid for Member ID: 75
17:54:25.806 [main] INFO api.SurveyPointsApi - All values for field 'Survey Id' are valid for Member ID: 76
17:54:25.817 [main] INFO api.SurveyPointsApi - All values for field 'Survey Id' are valid for Member ID: 77
17:54:25.828 [main] INFO api.SurveyPointsApi - All values for field 'Survey Id' are valid for Member ID: 78
17:54:25.840 [main] INFO api.SurveyPointsApi - All values for field 'Survey Id' are valid for Member ID: 79
17:54:25.848 [main] INFO api.SurveyPointsApi - All values for field 'Survey Id' are valid for Member ID: 80
17:54:25.857 [main] INFO api.SurveyPointsApi - All values for field 'Survey Id' are valid for Member ID: 81
17:54:25.865 [main] INFO api.SurveyPointsApi - All values for field 'Survey Id' are valid for Member ID: 82
17:54:25.872 [main] INFO api.SurveyPointsApi - All values for field 'Survey Id' are valid for Member ID: 83
17:54:25.879 [main] INFO api.SurveyPointsApi - All values for field 'Survey Id' are valid for Member ID: 84
17:54:25.891 [main] INFO api.SurveyPointsApi - All values for field 'Survey Id' are valid for Member ID: 85
17:54:25.900 [main] INFO api.SurveyPointsApi - All values for field 'Survey Id' are valid for Member ID: 86
17:54:25.911 [main] INFO api.SurveyPointsApi - All values for field 'Survey Id' are valid for Member ID: 87
17:54:25.920 [main] INFO api.SurveyPointsApi - All values for field 'Survey Id' are valid for Member ID: 88
17:54:25.927 [main] INFO api.SurveyPointsApi - All values for field 'Survey Id' are valid for Member ID: 89
17:54:25.937 [main] INFO api.SurveyPointsApi - All values for field 'Survey Id' are valid for Member ID: 90
17:54:25.947 [main] INFO api.SurveyPointsApi - All values for field 'Survey Id' are valid for Member ID: 91
17:54:25.958 [main] INFO api.SurveyPointsApi - All values for field 'Survey Id' are valid for Member ID: 92
17:54:25.968 [main] INFO api.SurveyPointsApi - All values for field 'Survey Id' are valid for Member ID: 93
17:54:25.977 [main] INFO api.SurveyPointsApi - All values for field 'Survey Id' are valid for Member ID: 94
17:54:25.987 [main] INFO api.SurveyPointsApi - All values for field 'Survey Id' are valid for Member ID: 95
17:54:25.997 [main] INFO api.SurveyPointsApi - All values for field 'Survey Id' are valid for Member ID: 96
17:54:26.008 [main] INFO api.SurveyPointsApi - All values for field 'Survey Id' are valid for Member ID: 97
17:54:26.019 [main] INFO api.SurveyPointsApi - All values for field 'Survey Id' are valid for Member ID: 98
17:54:26.028 [main] INFO api.SurveyPointsApi - All values for field 'Survey Id' are valid for Member ID: 99
17:54:26.038 [main] INFO api.SurveyPointsApi - All values for field 'Survey Id' are valid for Member ID: 100
17:54:26.047 [main] INFO api.SurveyPointsApi - All values for field 'Survey Id' are valid for Member ID: 101
17:54:26.059 [main] INFO api.SurveyPointsApi - All values for field 'Survey Id' are valid for Member ID: 102
17:54:26.072 [main] INFO api.SurveyPointsApi - All values for field 'Survey Id' are valid for Member ID: 103
17:54:26.084 [main] INFO api.SurveyPointsApi - All values for field 'Survey Id' are valid for Member ID: 104
17:54:26.095 [main] INFO api.SurveyPointsApi - All values for field 'Survey Id' are valid for Member ID: 105
17:54:26.105 [main] INFO api.SurveyPointsApi - All values for field 'Survey Id' are valid for Member ID: 106
17:54:26.116 [main] INFO api.SurveyPointsApi - All values for field 'Survey Id' are valid for Member ID: 107
17:54:26.127 [main] INFO api.SurveyPointsApi - All values for field 'Survey Id' are valid for Member ID: 108
17:54:26.138 [main] INFO api.SurveyPointsApi - All values for field 'Survey Id' are valid for Member ID: 109
17:54:26.149 [main] INFO api.SurveyPointsApi - All values for field 'Survey Id' are valid for Member ID: 110
17:54:26.159 [main] INFO api.SurveyPointsApi - All values for field 'Survey Id' are valid for Member ID: 111
17:54:26.168 [main] INFO api.SurveyPointsApi - All values for field 'Survey Id' are valid for Member ID: 112
17:54:26.178 [main] INFO api.SurveyPointsApi - All values for field 'Survey Id' are valid for Member ID: 113
17:54:26.190 [main] INFO api.SurveyPointsApi - All values for field 'Survey Id' are valid for Member ID: 114
17:54:26.200 [main] INFO api.SurveyPointsApi - All values for field 'Survey Id' are valid for Member ID: 115
17:54:26.211 [main] INFO api.SurveyPointsApi - All values for field 'Survey Id' are valid for Member ID: 116
17:54:26.222 [main] INFO api.SurveyPointsApi - All values for field 'Survey Id' are valid for Member ID: 117
17:54:26.233 [main] INFO api.SurveyPointsApi - All values for field 'Survey Id' are valid for Member ID: 118
17:54:26.249 [main] INFO api.SurveyPointsApi - All values for field 'Survey Id' are valid for Member ID: 119
17:54:26.261 [main] INFO api.SurveyPointsApi - All values for field 'Survey Id' are valid for Member ID: 120
17:54:26.271 [main] INFO api.SurveyPointsApi - All values for field 'Survey Id' are valid for Member ID: 121
17:54:26.280 [main] INFO api.SurveyPointsApi - All values for field 'Survey Id' are valid for Member ID: 122
17:54:26.288 [main] INFO api.SurveyPointsApi - All values for field 'Survey Id' are valid for Member ID: 123
17:54:26.295 [main] INFO api.SurveyPointsApi - All values for field 'Survey Id' are valid for Member ID: 124
17:54:26.302 [main] INFO api.SurveyPointsApi - All values for field 'Survey Id' are valid for Member ID: 125
17:54:26.311 [main] INFO api.SurveyPointsApi - All values for field 'Survey Id' are valid for Member ID: 126
17:54:26.320 [main] INFO api.SurveyPointsApi - All values for field 'Survey Id' are valid for Member ID: 127
17:54:26.328 [main] INFO api.SurveyPointsApi - All values for field 'Survey Id' are valid for Member ID: 128
17:54:26.341 [main] INFO api.SurveyPointsApi - All values for field 'Survey Id' are valid for Member ID: 129
17:54:26.352 [main] INFO api.SurveyPointsApi - All values for field 'Survey Id' are valid for Member ID: 130
17:54:26.362 [main] INFO api.SurveyPointsApi - All values for field 'Survey Id' are valid for Member ID: 131
17:54:26.372 [main] INFO api.SurveyPointsApi - All values for field 'Survey Id' are valid for Member ID: 132
17:54:26.383 [main] INFO api.SurveyPointsApi - All values for field 'Survey Id' are valid for Member ID: 133
17:54:26.394 [main] INFO api.SurveyPointsApi - All values for field 'Survey Id' are valid for Member ID: 134
17:54:26.403 [main] INFO api.SurveyPointsApi - All values for field 'Survey Id' are valid for Member ID: 135
17:54:26.413 [main] INFO api.SurveyPointsApi - All values for field 'Survey Id' are valid for Member ID: 136
17:54:26.422 [main] INFO api.SurveyPointsApi - All values for field 'Survey Id' are valid for Member ID: 137
17:54:26.445 [main] INFO api.SurveyPointsApi - All values for field 'Survey Id' are valid for Member ID: 138
17:54:26.455 [main] INFO api.SurveyPointsApi - All values for field 'Survey Id' are valid for Member ID: 139
17:54:26.465 [main] INFO api.SurveyPointsApi - All values for field 'Survey Id' are valid for Member ID: 140
17:54:26.477 [main] INFO api.SurveyPointsApi - All values for field 'Survey Id' are valid for Member ID: 141
17:54:26.489 [main] INFO api.SurveyPointsApi - All values for field 'Survey Id' are valid for Member ID: 142
17:54:26.499 [main] INFO api.SurveyPointsApi - All values for field 'Survey Id' are valid for Member ID: 143
17:54:26.507 [main] INFO api.SurveyPointsApi - All values for field 'Survey Id' are valid for Member ID: 144
17:54:26.515 [main] INFO api.SurveyPointsApi - All values for field 'Survey Id' are valid for Member ID: 145
17:54:26.524 [main] INFO api.SurveyPointsApi - All values for field 'Survey Id' are valid for Member ID: 146
17:54:26.533 [main] INFO api.SurveyPointsApi - All values for field 'Survey Id' are valid for Member ID: 147
17:54:26.541 [main] INFO api.SurveyPointsApi - All values for field 'Survey Id' are valid for Member ID: 148
17:54:26.551 [main] INFO api.SurveyPointsApi - All values for field 'Survey Id' are valid for Member ID: 149
17:54:26.560 [main] INFO api.SurveyPointsApi - All values for field 'Survey Id' are valid for Member ID: 150
17:54:26.569 [main] INFO api.SurveyPointsApi - All values for field 'Survey Id' are valid for Member ID: 151
17:54:26.577 [main] INFO api.SurveyPointsApi - All values for field 'Survey Id' are valid for Member ID: 152
17:54:26.587 [main] INFO api.SurveyPointsApi - All values for field 'Survey Id' are valid for Member ID: 153
17:54:26.597 [main] INFO api.SurveyPointsApi - All values for field 'Survey Id' are valid for Member ID: 154
17:54:26.607 [main] INFO api.SurveyPointsApi - All values for field 'Survey Id' are valid for Member ID: 155
17:54:26.618 [main] INFO api.SurveyPointsApi - All values for field 'Survey Id' are valid for Member ID: 156
17:54:26.627 [main] INFO api.SurveyPointsApi - All values for field 'Survey Id' are valid for Member ID: 157
17:54:26.638 [main] INFO api.SurveyPointsApi - All values for field 'Survey Id' are valid for Member ID: 158
17:54:26.650 [main] INFO api.SurveyPointsApi - All values for field 'Survey Id' are valid for Member ID: 159
17:54:26.662 [main] INFO api.SurveyPointsApi - All values for field 'Survey Id' are valid for Member ID: 160
17:54:26.674 [main] INFO api.SurveyPointsApi - All values for field 'Survey Id' are valid for Member ID: 161
17:54:26.686 [main] INFO api.SurveyPointsApi - All values for field 'Survey Id' are valid for Member ID: 162
17:54:26.697 [main] INFO api.SurveyPointsApi - All values for field 'Survey Id' are valid for Member ID: 163
17:54:26.709 [main] INFO api.SurveyPointsApi - All values for field 'Survey Id' are valid for Member ID: 164
17:54:26.720 [main] INFO api.SurveyPointsApi - All values for field 'Survey Id' are valid for Member ID: 165
17:54:26.730 [main] INFO api.SurveyPointsApi - All values for field 'Survey Id' are valid for Member ID: 166
17:54:26.743 [main] INFO api.SurveyPointsApi - All values for field 'Survey Id' are valid for Member ID: 167
17:54:26.755 [main] INFO api.SurveyPointsApi - All values for field 'Survey Id' are valid for Member ID: 168
17:54:26.767 [main] INFO api.SurveyPointsApi - All values for field 'Survey Id' are valid for Member ID: 169
17:54:26.785 [main] INFO api.SurveyPointsApi - All values for field 'Survey Id' are valid for Member ID: 170
17:54:26.797 [main] INFO api.SurveyPointsApi - All values for field 'Survey Id' are valid for Member ID: 171
17:54:26.809 [main] INFO api.SurveyPointsApi - All values for field 'Survey Id' are valid for Member ID: 172
17:54:26.821 [main] INFO api.SurveyPointsApi - All values for field 'Survey Id' are valid for Member ID: 173
17:54:26.833 [main] INFO api.SurveyPointsApi - All values for field 'Survey Id' are valid for Member ID: 174
17:54:26.851 [main] INFO api.SurveyPointsApi - All values for field 'Survey Id' are valid for Member ID: 175
17:54:26.861 [main] INFO api.SurveyPointsApi - All values for field 'Survey Id' are valid for Member ID: 176
17:54:26.874 [main] INFO api.SurveyPointsApi - All values for field 'Survey Id' are valid for Member ID: 177
17:54:26.885 [main] INFO api.SurveyPointsApi - All values for field 'Survey Id' are valid for Member ID: 178
17:54:26.895 [main] INFO api.SurveyPointsApi - All values for field 'Survey Id' are valid for Member ID: 179
17:54:26.911 [main] INFO api.SurveyPointsApi - All values for field 'Survey Id' are valid for Member ID: 180
17:54:26.922 [main] INFO api.SurveyPointsApi - All values for field 'Survey Id' are valid for Member ID: 181
17:54:26.937 [main] INFO api.SurveyPointsApi - All values for field 'Survey Id' are valid for Member ID: 182
17:54:26.961 [main] INFO api.SurveyPointsApi - All values for field 'Survey Id' are valid for Member ID: 183
17:54:26.976 [main] INFO api.SurveyPointsApi - All values for field 'Survey Id' are valid for Member ID: 184
17:54:26.989 [main] INFO api.SurveyPointsApi - All values for field 'Survey Id' are valid for Member ID: 185
17:54:26.998 [main] INFO api.SurveyPointsApi - All values for field 'Survey Id' are valid for Member ID: 186
17:54:27.007 [main] INFO api.SurveyPointsApi - All values for field 'Survey Id' are valid for Member ID: 187
17:54:27.014 [main] INFO api.SurveyPointsApi - All values for field 'Survey Id' are valid for Member ID: 188
17:54:27.022 [main] INFO api.SurveyPointsApi - All values for field 'Survey Id' are valid for Member ID: 189
17:54:27.029 [main] INFO api.SurveyPointsApi - All values for field 'Survey Id' are valid for Member ID: 190
17:54:27.039 [main] INFO api.SurveyPointsApi - All values for field 'Survey Id' are valid for Member ID: 191
17:54:27.072 [main] INFO api.SurveyPointsApi - All values for field 'Survey Id' are valid for Member ID: 192
17:54:27.091 [main] INFO api.SurveyPointsApi - All values for field 'Survey Id' are valid for Member ID: 193
17:54:27.104 [main] INFO api.SurveyPointsApi - All values for field 'Survey Id' are valid for Member ID: 194
17:54:27.114 [main] INFO api.SurveyPointsApi - All values for field 'Survey Id' are valid for Member ID: 195
17:54:27.123 [main] INFO api.SurveyPointsApi - All values for field 'Survey Id' are valid for Member ID: 196
17:54:27.133 [main] INFO api.SurveyPointsApi - All values for field 'Survey Id' are valid for Member ID: 197
17:54:27.143 [main] INFO api.SurveyPointsApi - All values for field 'Survey Id' are valid for Member ID: 198
17:54:27.155 [main] INFO api.SurveyPointsApi - All values for field 'Survey Id' are valid for Member ID: 199
17:54:27.165 [main] INFO api.SurveyPointsApi - All values for field 'Survey Id' are valid for Member ID: 200
17:54:27.174 [main] INFO api.SurveyPointsApi - All values for field 'Survey Id' are valid for Member ID: 201
17:54:27.193 [main] INFO api.SurveyPointsApi - All values for field 'Survey Id' are valid for Member ID: 202
17:54:27.201 [main] INFO api.SurveyPointsApi - All values for field 'Survey Id' are valid for Member ID: 203
17:54:27.209 [main] INFO api.SurveyPointsApi - All values for field 'Survey Id' are valid for Member ID: 204
17:54:27.217 [main] INFO api.SurveyPointsApi - All values for field 'Survey Id' are valid for Member ID: 205
17:54:27.224 [main] INFO api.SurveyPointsApi - All values for field 'Survey Id' are valid for Member ID: 206
17:54:27.231 [main] INFO api.SurveyPointsApi - All values for field 'Survey Id' are valid for Member ID: 207
17:54:27.238 [main] INFO api.SurveyPointsApi - All values for field 'Survey Id' are valid for Member ID: 208
17:54:27.246 [main] INFO api.SurveyPointsApi - All values for field 'Survey Id' are valid for Member ID: 209
17:54:27.253 [main] INFO api.SurveyPointsApi - All values for field 'Survey Id' are valid for Member ID: 210
17:54:27.259 [main] INFO api.SurveyPointsApi - All values for field 'Survey Id' are valid for Member ID: 211
17:54:27.264 [main] INFO api.SurveyPointsApi - All values for field 'Survey Id' are valid for Member ID: 212
17:54:27.271 [main] INFO api.SurveyPointsApi - All values for field 'Survey Id' are valid for Member ID: 213
17:54:27.278 [main] INFO api.SurveyPointsApi - All values for field 'Survey Id' are valid for Member ID: 214
17:54:27.286 [main] INFO api.SurveyPointsApi - All values for field 'Survey Id' are valid for Member ID: 215
17:54:27.293 [main] INFO api.SurveyPointsApi - All values for field 'Survey Id' are valid for Member ID: 216
17:54:27.299 [main] INFO api.SurveyPointsApi - All values for field 'Survey Id' are valid for Member ID: 217
17:54:27.306 [main] INFO api.SurveyPointsApi - All values for field 'Survey Id' are valid for Member ID: 218
17:54:27.313 [main] INFO api.SurveyPointsApi - All values for field 'Survey Id' are valid for Member ID: 219
17:54:27.321 [main] INFO api.SurveyPointsApi - All values for field 'Survey Id' are valid for Member ID: 220
17:54:27.329 [main] INFO api.SurveyPointsApi - All values for field 'Survey Id' are valid for Member ID: 221
17:54:27.337 [main] INFO api.SurveyPointsApi - All values for field 'Survey Id' are valid for Member ID: 222
17:54:27.348 [main] INFO api.SurveyPointsApi - All values for field 'Survey Id' are valid for Member ID: 223
17:54:27.367 [main] INFO api.SurveyPointsApi - All values for field 'Survey Id' are valid for Member ID: 224
17:54:27.375 [main] INFO api.SurveyPointsApi - All values for field 'Survey Id' are valid for Member ID: 225
17:54:27.384 [main] INFO api.SurveyPointsApi - All values for field 'Survey Id' are valid for Member ID: 226
17:54:27.391 [main] INFO api.SurveyPointsApi - All values for field 'Survey Id' are valid for Member ID: 227
17:54:27.400 [main] INFO api.SurveyPointsApi - All values for field 'Survey Id' are valid for Member ID: 228
17:54:27.408 [main] INFO api.SurveyPointsApi - All values for field 'Survey Id' are valid for Member ID: 229
17:54:27.416 [main] INFO api.SurveyPointsApi - All values for field 'Survey Id' are valid for Member ID: 230
17:54:27.423 [main] INFO api.SurveyPointsApi - All values for field 'Survey Id' are valid for Member ID: 231
17:54:27.432 [main] INFO api.SurveyPointsApi - All values for field 'Survey Id' are valid for Member ID: 232
17:54:27.442 [main] INFO api.SurveyPointsApi - All values for field 'Survey Id' are valid for Member ID: 233
17:54:27.452 [main] INFO api.SurveyPointsApi - All values for field 'Survey Id' are valid for Member ID: 234
17:54:27.461 [main] INFO api.SurveyPointsApi - All values for field 'Survey Id' are valid for Member ID: 235
17:54:27.468 [main] INFO api.SurveyPointsApi - All values for field 'Survey Id' are valid for Member ID: 236
17:54:27.476 [main] INFO api.SurveyPointsApi - All values for field 'Survey Id' are valid for Member ID: 237
17:54:27.485 [main] INFO api.SurveyPointsApi - All values for field 'Survey Id' are valid for Member ID: 238
17:54:27.492 [main] INFO api.SurveyPointsApi - All values for field 'Survey Id' are valid for Member ID: 239
17:54:27.499 [main] INFO api.SurveyPointsApi - All values for field 'Survey Id' are valid for Member ID: 240
17:54:27.506 [main] INFO api.SurveyPointsApi - All values for field 'Survey Id' are valid for Member ID: 241
17:54:27.513 [main] INFO api.SurveyPointsApi - All values for field 'Survey Id' are valid for Member ID: 242
17:54:27.520 [main] INFO api.SurveyPointsApi - All values for field 'Survey Id' are valid for Member ID: 243
17:54:27.529 [main] INFO api.SurveyPointsApi - All values for field 'Survey Id' are valid for Member ID: 244
17:54:27.540 [main] INFO api.SurveyPointsApi - All values for field 'Survey Id' are valid for Member ID: 245
17:54:27.559 [main] INFO api.SurveyPointsApi - All values for field 'Survey Id' are valid for Member ID: 246
17:54:27.569 [main] INFO api.SurveyPointsApi - All values for field 'Survey Id' are valid for Member ID: 247
17:54:27.579 [main] INFO api.SurveyPointsApi - All values for field 'Survey Id' are valid for Member ID: 248
17:54:27.587 [main] INFO api.SurveyPointsApi - All values for field 'Survey Id' are valid for Member ID: 249
17:54:27.599 [main] INFO api.SurveyPointsApi - All values for field 'Survey Id' are valid for Member ID: 250
17:54:27.608 [main] INFO api.SurveyPointsApi - All values for field 'Survey Id' are valid for Member ID: 251
17:54:27.619 [main] INFO api.SurveyPointsApi - All values for field 'Survey Id' are valid for Member ID: 252
17:54:27.628 [main] INFO api.SurveyPointsApi - All values for field 'Survey Id' are valid for Member ID: 253
17:54:27.637 [main] INFO api.SurveyPointsApi - All values for field 'Survey Id' are valid for Member ID: 254
17:54:27.647 [main] INFO api.SurveyPointsApi - All values for field 'Survey Id' are valid for Member ID: 255
17:54:27.656 [main] INFO api.SurveyPointsApi - All values for field 'Survey Id' are valid for Member ID: 256
17:54:27.666 [main] INFO api.SurveyPointsApi - All values for field 'Survey Id' are valid for Member ID: 257
17:54:27.675 [main] INFO api.SurveyPointsApi - All values for field 'Survey Id' are valid for Member ID: 258
17:54:27.684 [main] INFO api.SurveyPointsApi - All values for field 'Survey Id' are valid for Member ID: 259
17:54:27.694 [main] INFO api.SurveyPointsApi - All values for field 'Survey Id' are valid for Member ID: 260
17:54:27.702 [main] INFO api.SurveyPointsApi - All values for field 'Survey Id' are valid for Member ID: 261
17:54:27.711 [main] INFO api.SurveyPointsApi - All values for field 'Survey Id' are valid for Member ID: 262
17:54:27.719 [main] INFO api.SurveyPointsApi - All values for field 'Survey Id' are valid for Member ID: 263
17:54:27.727 [main] INFO api.SurveyPointsApi - All values for field 'Survey Id' are valid for Member ID: 264
17:54:27.737 [main] INFO api.SurveyPointsApi - All values for field 'Survey Id' are valid for Member ID: 265
17:54:27.755 [main] INFO api.SurveyPointsApi - All values for field 'Survey Id' are valid for Member ID: 266
17:54:27.766 [main] INFO api.SurveyPointsApi - All values for field 'Survey Id' are valid for Member ID: 267
17:54:27.774 [main] INFO api.SurveyPointsApi - All values for field 'Survey Id' are valid for Member ID: 268
17:54:27.783 [main] INFO api.SurveyPointsApi - All values for field 'Survey Id' are valid for Member ID: 269
17:54:27.793 [main] INFO api.SurveyPointsApi - All values for field 'Survey Id' are valid for Member ID: 270
17:54:27.806 [main] INFO api.SurveyPointsApi - All values for field 'Survey Id' are valid for Member ID: 271
17:54:27.816 [main] INFO api.SurveyPointsApi - All values for field 'Survey Id' are valid for Member ID: 272
17:54:27.826 [main] INFO api.SurveyPointsApi - All values for field 'Survey Id' are valid for Member ID: 273
17:54:27.836 [main] INFO api.SurveyPointsApi - All values for field 'Survey Id' are valid for Member ID: 274
17:54:27.848 [main] INFO api.SurveyPointsApi - All values for field 'Survey Id' are valid for Member ID: 275
17:54:27.857 [main] INFO api.SurveyPointsApi - All values for field 'Survey Id' are valid for Member ID: 276
17:54:27.868 [main] INFO api.SurveyPointsApi - All values for field 'Survey Id' are valid for Member ID: 277
17:54:27.877 [main] INFO api.SurveyPointsApi - All values for field 'Survey Id' are valid for Member ID: 278
17:54:27.894 [main] INFO api.SurveyPointsApi - All values for field 'Survey Id' are valid for Member ID: 279
17:54:27.903 [main] INFO api.SurveyPointsApi - All values for field 'Survey Id' are valid for Member ID: 280
17:54:27.912 [main] INFO api.SurveyPointsApi - All values for field 'Survey Id' are valid for Member ID: 281
17:54:27.921 [main] INFO api.SurveyPointsApi - All values for field 'Survey Id' are valid for Member ID: 282
17:54:27.931 [main] INFO api.SurveyPointsApi - All values for field 'Survey Id' are valid for Member ID: 283
17:54:27.940 [main] INFO api.SurveyPointsApi - All values for field 'Survey Id' are valid for Member ID: 284
17:54:27.953 [main] INFO api.SurveyPointsApi - All values for field 'Survey Id' are valid for Member ID: 285
17:54:27.963 [main] INFO api.SurveyPointsApi - All values for field 'Survey Id' are valid for Member ID: 286
17:54:27.974 [main] INFO api.SurveyPointsApi - All values for field 'Survey Id' are valid for Member ID: 287
17:54:27.986 [main] INFO api.SurveyPointsApi - All values for field 'Survey Id' are valid for Member ID: 288
17:54:27.996 [main] INFO api.SurveyPointsApi - All values for field 'Survey Id' are valid for Member ID: 289
17:54:28.007 [main] INFO api.SurveyPointsApi - All values for field 'Survey Id' are valid for Member ID: 290
17:54:28.017 [main] INFO api.SurveyPointsApi - All values for field 'Survey Id' are valid for Member ID: 291
17:54:28.028 [main] INFO api.SurveyPointsApi - All values for field 'Survey Id' are valid for Member ID: 292
17:54:28.037 [main] INFO api.SurveyPointsApi - All values for field 'Survey Id' are valid for Member ID: 293
17:54:28.051 [main] INFO api.SurveyPointsApi - All values for field 'Survey Id' are valid for Member ID: 294
17:54:28.075 [main] INFO api.SurveyPointsApi - All values for field 'Survey Id' are valid for Member ID: 295
17:54:28.099 [main] INFO api.SurveyPointsApi - All values for field 'Survey Id' are valid for Member ID: 296
17:54:28.122 [main] INFO api.SurveyPointsApi - All values for field 'Survey Id' are valid for Member ID: 297
17:54:28.147 [main] INFO api.SurveyPointsApi - All values for field 'Survey Id' are valid for Member ID: 298
17:54:28.169 [main] INFO api.SurveyPointsApi - All values for field 'Survey Id' are valid for Member ID: 299
17:54:28.183 [main] INFO api.SurveyPointsApi - All values for field 'Survey Id' are valid for Member ID: 300
]]></system-out>
  </testcase>
  <testcase name="testSurveyFilteredPoints" classname="tests.integration.SurveyPointsTest" time="2.586">
    <system-out><![CDATA[17:54:28.187 [main] INFO api.SurveyPointsApi - Starting validation for status: Filtered points
17:54:28.198 [main] INFO api.SurveyPointsApi - All values for field 'Filtered points' are valid for Member ID: 1
17:54:28.208 [main] INFO api.SurveyPointsApi - All values for field 'Filtered points' are valid for Member ID: 2
17:54:28.219 [main] INFO api.SurveyPointsApi - All values for field 'Filtered points' are valid for Member ID: 3
17:54:28.236 [main] INFO api.SurveyPointsApi - All values for field 'Filtered points' are valid for Member ID: 4
17:54:28.246 [main] INFO api.SurveyPointsApi - All values for field 'Filtered points' are valid for Member ID: 5
17:54:28.261 [main] INFO api.SurveyPointsApi - All values for field 'Filtered points' are valid for Member ID: 6
17:54:28.280 [main] INFO api.SurveyPointsApi - All values for field 'Filtered points' are valid for Member ID: 7
17:54:28.289 [main] INFO api.SurveyPointsApi - All values for field 'Filtered points' are valid for Member ID: 8
17:54:28.298 [main] INFO api.SurveyPointsApi - All values for field 'Filtered points' are valid for Member ID: 9
17:54:28.331 [main] INFO api.SurveyPointsApi - All values for field 'Filtered points' are valid for Member ID: 10
17:54:28.360 [main] INFO api.SurveyPointsApi - All values for field 'Filtered points' are valid for Member ID: 11
17:54:28.373 [main] INFO api.SurveyPointsApi - All values for field 'Filtered points' are valid for Member ID: 12
17:54:28.385 [main] INFO api.SurveyPointsApi - All values for field 'Filtered points' are valid for Member ID: 13
17:54:28.394 [main] INFO api.SurveyPointsApi - All values for field 'Filtered points' are valid for Member ID: 14
17:54:28.402 [main] INFO api.SurveyPointsApi - All values for field 'Filtered points' are valid for Member ID: 15
17:54:28.411 [main] INFO api.SurveyPointsApi - All values for field 'Filtered points' are valid for Member ID: 16
17:54:28.422 [main] INFO api.SurveyPointsApi - All values for field 'Filtered points' are valid for Member ID: 17
17:54:28.435 [main] INFO api.SurveyPointsApi - All values for field 'Filtered points' are valid for Member ID: 18
17:54:28.448 [main] INFO api.SurveyPointsApi - All values for field 'Filtered points' are valid for Member ID: 19
17:54:28.458 [main] INFO api.SurveyPointsApi - All values for field 'Filtered points' are valid for Member ID: 20
17:54:28.466 [main] INFO api.SurveyPointsApi - All values for field 'Filtered points' are valid for Member ID: 21
17:54:28.473 [main] INFO api.SurveyPointsApi - All values for field 'Filtered points' are valid for Member ID: 22
17:54:28.480 [main] INFO api.SurveyPointsApi - All values for field 'Filtered points' are valid for Member ID: 23
17:54:28.489 [main] INFO api.SurveyPointsApi - All values for field 'Filtered points' are valid for Member ID: 24
17:54:28.498 [main] INFO api.SurveyPointsApi - All values for field 'Filtered points' are valid for Member ID: 25
17:54:28.508 [main] INFO api.SurveyPointsApi - All values for field 'Filtered points' are valid for Member ID: 26
17:54:28.516 [main] INFO api.SurveyPointsApi - All values for field 'Filtered points' are valid for Member ID: 27
17:54:28.525 [main] INFO api.SurveyPointsApi - All values for field 'Filtered points' are valid for Member ID: 28
17:54:28.533 [main] INFO api.SurveyPointsApi - All values for field 'Filtered points' are valid for Member ID: 29
17:54:28.560 [main] INFO api.SurveyPointsApi - All values for field 'Filtered points' are valid for Member ID: 30
17:54:28.577 [main] INFO api.SurveyPointsApi - All values for field 'Filtered points' are valid for Member ID: 31
17:54:28.585 [main] INFO api.SurveyPointsApi - All values for field 'Filtered points' are valid for Member ID: 32
17:54:28.593 [main] INFO api.SurveyPointsApi - All values for field 'Filtered points' are valid for Member ID: 33
17:54:28.600 [main] INFO api.SurveyPointsApi - All values for field 'Filtered points' are valid for Member ID: 34
17:54:28.607 [main] INFO api.SurveyPointsApi - All values for field 'Filtered points' are valid for Member ID: 35
17:54:28.615 [main] INFO api.SurveyPointsApi - All values for field 'Filtered points' are valid for Member ID: 36
17:54:28.624 [main] INFO api.SurveyPointsApi - All values for field 'Filtered points' are valid for Member ID: 37
17:54:28.634 [main] INFO api.SurveyPointsApi - All values for field 'Filtered points' are valid for Member ID: 38
17:54:28.642 [main] INFO api.SurveyPointsApi - All values for field 'Filtered points' are valid for Member ID: 39
17:54:28.652 [main] INFO api.SurveyPointsApi - All values for field 'Filtered points' are valid for Member ID: 40
17:54:28.664 [main] INFO api.SurveyPointsApi - All values for field 'Filtered points' are valid for Member ID: 41
17:54:28.674 [main] INFO api.SurveyPointsApi - All values for field 'Filtered points' are valid for Member ID: 42
17:54:28.683 [main] INFO api.SurveyPointsApi - All values for field 'Filtered points' are valid for Member ID: 43
17:54:28.693 [main] INFO api.SurveyPointsApi - All values for field 'Filtered points' are valid for Member ID: 44
17:54:28.703 [main] INFO api.SurveyPointsApi - All values for field 'Filtered points' are valid for Member ID: 45
17:54:28.717 [main] INFO api.SurveyPointsApi - All values for field 'Filtered points' are valid for Member ID: 46
17:54:28.726 [main] INFO api.SurveyPointsApi - All values for field 'Filtered points' are valid for Member ID: 47
17:54:28.736 [main] INFO api.SurveyPointsApi - All values for field 'Filtered points' are valid for Member ID: 48
17:54:28.747 [main] INFO api.SurveyPointsApi - All values for field 'Filtered points' are valid for Member ID: 49
17:54:28.757 [main] INFO api.SurveyPointsApi - All values for field 'Filtered points' are valid for Member ID: 50
17:54:28.766 [main] INFO api.SurveyPointsApi - All values for field 'Filtered points' are valid for Member ID: 51
17:54:28.773 [main] INFO api.SurveyPointsApi - All values for field 'Filtered points' are valid for Member ID: 52
17:54:28.779 [main] INFO api.SurveyPointsApi - All values for field 'Filtered points' are valid for Member ID: 53
17:54:28.787 [main] INFO api.SurveyPointsApi - All values for field 'Filtered points' are valid for Member ID: 54
17:54:28.793 [main] INFO api.SurveyPointsApi - All values for field 'Filtered points' are valid for Member ID: 55
17:54:28.800 [main] INFO api.SurveyPointsApi - All values for field 'Filtered points' are valid for Member ID: 56
17:54:28.807 [main] INFO api.SurveyPointsApi - All values for field 'Filtered points' are valid for Member ID: 57
17:54:28.813 [main] INFO api.SurveyPointsApi - All values for field 'Filtered points' are valid for Member ID: 58
17:54:28.821 [main] INFO api.SurveyPointsApi - All values for field 'Filtered points' are valid for Member ID: 59
17:54:28.830 [main] INFO api.SurveyPointsApi - All values for field 'Filtered points' are valid for Member ID: 60
17:54:28.837 [main] INFO api.SurveyPointsApi - All values for field 'Filtered points' are valid for Member ID: 61
17:54:28.843 [main] INFO api.SurveyPointsApi - All values for field 'Filtered points' are valid for Member ID: 62
17:54:28.849 [main] INFO api.SurveyPointsApi - All values for field 'Filtered points' are valid for Member ID: 63
17:54:28.855 [main] INFO api.SurveyPointsApi - All values for field 'Filtered points' are valid for Member ID: 64
17:54:28.860 [main] INFO api.SurveyPointsApi - All values for field 'Filtered points' are valid for Member ID: 65
17:54:28.867 [main] INFO api.SurveyPointsApi - All values for field 'Filtered points' are valid for Member ID: 66
17:54:28.876 [main] INFO api.SurveyPointsApi - All values for field 'Filtered points' are valid for Member ID: 67
17:54:28.884 [main] INFO api.SurveyPointsApi - All values for field 'Filtered points' are valid for Member ID: 68
17:54:28.893 [main] INFO api.SurveyPointsApi - All values for field 'Filtered points' are valid for Member ID: 69
17:54:28.908 [main] INFO api.SurveyPointsApi - All values for field 'Filtered points' are valid for Member ID: 70
17:54:28.918 [main] INFO api.SurveyPointsApi - All values for field 'Filtered points' are valid for Member ID: 71
17:54:28.928 [main] INFO api.SurveyPointsApi - All values for field 'Filtered points' are valid for Member ID: 72
17:54:28.953 [main] INFO api.SurveyPointsApi - All values for field 'Filtered points' are valid for Member ID: 73
17:54:28.965 [main] INFO api.SurveyPointsApi - All values for field 'Filtered points' are valid for Member ID: 74
17:54:28.976 [main] INFO api.SurveyPointsApi - All values for field 'Filtered points' are valid for Member ID: 75
17:54:28.986 [main] INFO api.SurveyPointsApi - All values for field 'Filtered points' are valid for Member ID: 76
17:54:28.993 [main] INFO api.SurveyPointsApi - All values for field 'Filtered points' are valid for Member ID: 77
17:54:28.999 [main] INFO api.SurveyPointsApi - All values for field 'Filtered points' are valid for Member ID: 78
17:54:29.004 [main] INFO api.SurveyPointsApi - All values for field 'Filtered points' are valid for Member ID: 79
17:54:29.010 [main] INFO api.SurveyPointsApi - All values for field 'Filtered points' are valid for Member ID: 80
17:54:29.016 [main] INFO api.SurveyPointsApi - All values for field 'Filtered points' are valid for Member ID: 81
17:54:29.023 [main] INFO api.SurveyPointsApi - All values for field 'Filtered points' are valid for Member ID: 82
17:54:29.030 [main] INFO api.SurveyPointsApi - All values for field 'Filtered points' are valid for Member ID: 83
17:54:29.036 [main] INFO api.SurveyPointsApi - All values for field 'Filtered points' are valid for Member ID: 84
17:54:29.043 [main] INFO api.SurveyPointsApi - All values for field 'Filtered points' are valid for Member ID: 85
17:54:29.051 [main] INFO api.SurveyPointsApi - All values for field 'Filtered points' are valid for Member ID: 86
17:54:29.059 [main] INFO api.SurveyPointsApi - All values for field 'Filtered points' are valid for Member ID: 87
17:54:29.070 [main] INFO api.SurveyPointsApi - All values for field 'Filtered points' are valid for Member ID: 88
17:54:29.077 [main] INFO api.SurveyPointsApi - All values for field 'Filtered points' are valid for Member ID: 89
17:54:29.084 [main] INFO api.SurveyPointsApi - All values for field 'Filtered points' are valid for Member ID: 90
17:54:29.091 [main] INFO api.SurveyPointsApi - All values for field 'Filtered points' are valid for Member ID: 91
17:54:29.099 [main] INFO api.SurveyPointsApi - All values for field 'Filtered points' are valid for Member ID: 92
17:54:29.106 [main] INFO api.SurveyPointsApi - All values for field 'Filtered points' are valid for Member ID: 93
17:54:29.121 [main] INFO api.SurveyPointsApi - All values for field 'Filtered points' are valid for Member ID: 94
17:54:29.133 [main] INFO api.SurveyPointsApi - All values for field 'Filtered points' are valid for Member ID: 95
17:54:29.140 [main] INFO api.SurveyPointsApi - All values for field 'Filtered points' are valid for Member ID: 96
17:54:29.147 [main] INFO api.SurveyPointsApi - All values for field 'Filtered points' are valid for Member ID: 97
17:54:29.156 [main] INFO api.SurveyPointsApi - All values for field 'Filtered points' are valid for Member ID: 98
17:54:29.163 [main] INFO api.SurveyPointsApi - All values for field 'Filtered points' are valid for Member ID: 99
17:54:29.169 [main] INFO api.SurveyPointsApi - All values for field 'Filtered points' are valid for Member ID: 100
17:54:29.177 [main] INFO api.SurveyPointsApi - All values for field 'Filtered points' are valid for Member ID: 101
17:54:29.184 [main] INFO api.SurveyPointsApi - All values for field 'Filtered points' are valid for Member ID: 102
17:54:29.195 [main] INFO api.SurveyPointsApi - All values for field 'Filtered points' are valid for Member ID: 103
17:54:29.205 [main] INFO api.SurveyPointsApi - All values for field 'Filtered points' are valid for Member ID: 104
17:54:29.215 [main] INFO api.SurveyPointsApi - All values for field 'Filtered points' are valid for Member ID: 105
17:54:29.225 [main] INFO api.SurveyPointsApi - All values for field 'Filtered points' are valid for Member ID: 106
17:54:29.235 [main] INFO api.SurveyPointsApi - All values for field 'Filtered points' are valid for Member ID: 107
17:54:29.245 [main] INFO api.SurveyPointsApi - All values for field 'Filtered points' are valid for Member ID: 108
17:54:29.254 [main] INFO api.SurveyPointsApi - All values for field 'Filtered points' are valid for Member ID: 109
17:54:29.266 [main] INFO api.SurveyPointsApi - All values for field 'Filtered points' are valid for Member ID: 110
17:54:29.276 [main] INFO api.SurveyPointsApi - All values for field 'Filtered points' are valid for Member ID: 111
17:54:29.286 [main] INFO api.SurveyPointsApi - All values for field 'Filtered points' are valid for Member ID: 112
17:54:29.293 [main] INFO api.SurveyPointsApi - All values for field 'Filtered points' are valid for Member ID: 113
17:54:29.300 [main] INFO api.SurveyPointsApi - All values for field 'Filtered points' are valid for Member ID: 114
17:54:29.306 [main] INFO api.SurveyPointsApi - All values for field 'Filtered points' are valid for Member ID: 115
17:54:29.313 [main] INFO api.SurveyPointsApi - All values for field 'Filtered points' are valid for Member ID: 116
17:54:29.319 [main] INFO api.SurveyPointsApi - All values for field 'Filtered points' are valid for Member ID: 117
17:54:29.326 [main] INFO api.SurveyPointsApi - All values for field 'Filtered points' are valid for Member ID: 118
17:54:29.332 [main] INFO api.SurveyPointsApi - All values for field 'Filtered points' are valid for Member ID: 119
17:54:29.337 [main] INFO api.SurveyPointsApi - All values for field 'Filtered points' are valid for Member ID: 120
17:54:29.342 [main] INFO api.SurveyPointsApi - All values for field 'Filtered points' are valid for Member ID: 121
17:54:29.349 [main] INFO api.SurveyPointsApi - All values for field 'Filtered points' are valid for Member ID: 122
17:54:29.355 [main] INFO api.SurveyPointsApi - All values for field 'Filtered points' are valid for Member ID: 123
17:54:29.361 [main] INFO api.SurveyPointsApi - All values for field 'Filtered points' are valid for Member ID: 124
17:54:29.369 [main] INFO api.SurveyPointsApi - All values for field 'Filtered points' are valid for Member ID: 125
17:54:29.378 [main] INFO api.SurveyPointsApi - All values for field 'Filtered points' are valid for Member ID: 126
17:54:29.385 [main] INFO api.SurveyPointsApi - All values for field 'Filtered points' are valid for Member ID: 127
17:54:29.410 [main] INFO api.SurveyPointsApi - All values for field 'Filtered points' are valid for Member ID: 128
17:54:29.419 [main] INFO api.SurveyPointsApi - All values for field 'Filtered points' are valid for Member ID: 129
17:54:29.427 [main] INFO api.SurveyPointsApi - All values for field 'Filtered points' are valid for Member ID: 130
17:54:29.434 [main] INFO api.SurveyPointsApi - All values for field 'Filtered points' are valid for Member ID: 131
17:54:29.440 [main] INFO api.SurveyPointsApi - All values for field 'Filtered points' are valid for Member ID: 132
17:54:29.446 [main] INFO api.SurveyPointsApi - All values for field 'Filtered points' are valid for Member ID: 133
17:54:29.453 [main] INFO api.SurveyPointsApi - All values for field 'Filtered points' are valid for Member ID: 134
17:54:29.461 [main] INFO api.SurveyPointsApi - All values for field 'Filtered points' are valid for Member ID: 135
17:54:29.467 [main] INFO api.SurveyPointsApi - All values for field 'Filtered points' are valid for Member ID: 136
17:54:29.473 [main] INFO api.SurveyPointsApi - All values for field 'Filtered points' are valid for Member ID: 137
17:54:29.481 [main] INFO api.SurveyPointsApi - All values for field 'Filtered points' are valid for Member ID: 138
17:54:29.491 [main] INFO api.SurveyPointsApi - All values for field 'Filtered points' are valid for Member ID: 139
17:54:29.504 [main] INFO api.SurveyPointsApi - All values for field 'Filtered points' are valid for Member ID: 140
17:54:29.514 [main] INFO api.SurveyPointsApi - All values for field 'Filtered points' are valid for Member ID: 141
17:54:29.523 [main] INFO api.SurveyPointsApi - All values for field 'Filtered points' are valid for Member ID: 142
17:54:29.532 [main] INFO api.SurveyPointsApi - All values for field 'Filtered points' are valid for Member ID: 143
17:54:29.542 [main] INFO api.SurveyPointsApi - All values for field 'Filtered points' are valid for Member ID: 144
17:54:29.552 [main] INFO api.SurveyPointsApi - All values for field 'Filtered points' are valid for Member ID: 145
17:54:29.558 [main] INFO api.SurveyPointsApi - All values for field 'Filtered points' are valid for Member ID: 146
17:54:29.565 [main] INFO api.SurveyPointsApi - All values for field 'Filtered points' are valid for Member ID: 147
17:54:29.570 [main] INFO api.SurveyPointsApi - All values for field 'Filtered points' are valid for Member ID: 148
17:54:29.578 [main] INFO api.SurveyPointsApi - All values for field 'Filtered points' are valid for Member ID: 149
17:54:29.585 [main] INFO api.SurveyPointsApi - All values for field 'Filtered points' are valid for Member ID: 150
17:54:29.592 [main] INFO api.SurveyPointsApi - All values for field 'Filtered points' are valid for Member ID: 151
17:54:29.597 [main] INFO api.SurveyPointsApi - All values for field 'Filtered points' are valid for Member ID: 152
17:54:29.602 [main] INFO api.SurveyPointsApi - All values for field 'Filtered points' are valid for Member ID: 153
17:54:29.608 [main] INFO api.SurveyPointsApi - All values for field 'Filtered points' are valid for Member ID: 154
17:54:29.619 [main] INFO api.SurveyPointsApi - All values for field 'Filtered points' are valid for Member ID: 155
17:54:29.628 [main] INFO api.SurveyPointsApi - All values for field 'Filtered points' are valid for Member ID: 156
17:54:29.635 [main] INFO api.SurveyPointsApi - All values for field 'Filtered points' are valid for Member ID: 157
17:54:29.657 [main] INFO api.SurveyPointsApi - All values for field 'Filtered points' are valid for Member ID: 158
17:54:29.666 [main] INFO api.SurveyPointsApi - All values for field 'Filtered points' are valid for Member ID: 159
17:54:29.675 [main] INFO api.SurveyPointsApi - All values for field 'Filtered points' are valid for Member ID: 160
17:54:29.682 [main] INFO api.SurveyPointsApi - All values for field 'Filtered points' are valid for Member ID: 161
17:54:29.690 [main] INFO api.SurveyPointsApi - All values for field 'Filtered points' are valid for Member ID: 162
17:54:29.696 [main] INFO api.SurveyPointsApi - All values for field 'Filtered points' are valid for Member ID: 163
17:54:29.702 [main] INFO api.SurveyPointsApi - All values for field 'Filtered points' are valid for Member ID: 164
17:54:29.710 [main] INFO api.SurveyPointsApi - All values for field 'Filtered points' are valid for Member ID: 165
17:54:29.717 [main] INFO api.SurveyPointsApi - All values for field 'Filtered points' are valid for Member ID: 166
17:54:29.729 [main] INFO api.SurveyPointsApi - All values for field 'Filtered points' are valid for Member ID: 167
17:54:29.739 [main] INFO api.SurveyPointsApi - All values for field 'Filtered points' are valid for Member ID: 168
17:54:29.750 [main] INFO api.SurveyPointsApi - All values for field 'Filtered points' are valid for Member ID: 169
17:54:29.760 [main] INFO api.SurveyPointsApi - All values for field 'Filtered points' are valid for Member ID: 170
17:54:29.768 [main] INFO api.SurveyPointsApi - All values for field 'Filtered points' are valid for Member ID: 171
17:54:29.776 [main] INFO api.SurveyPointsApi - All values for field 'Filtered points' are valid for Member ID: 172
17:54:29.784 [main] INFO api.SurveyPointsApi - All values for field 'Filtered points' are valid for Member ID: 173
17:54:29.792 [main] INFO api.SurveyPointsApi - All values for field 'Filtered points' are valid for Member ID: 174
17:54:29.800 [main] INFO api.SurveyPointsApi - All values for field 'Filtered points' are valid for Member ID: 175
17:54:29.808 [main] INFO api.SurveyPointsApi - All values for field 'Filtered points' are valid for Member ID: 176
17:54:29.819 [main] INFO api.SurveyPointsApi - All values for field 'Filtered points' are valid for Member ID: 177
17:54:29.827 [main] INFO api.SurveyPointsApi - All values for field 'Filtered points' are valid for Member ID: 178
17:54:29.836 [main] INFO api.SurveyPointsApi - All values for field 'Filtered points' are valid for Member ID: 179
17:54:29.845 [main] INFO api.SurveyPointsApi - All values for field 'Filtered points' are valid for Member ID: 180
17:54:29.854 [main] INFO api.SurveyPointsApi - All values for field 'Filtered points' are valid for Member ID: 181
17:54:29.863 [main] INFO api.SurveyPointsApi - All values for field 'Filtered points' are valid for Member ID: 182
17:54:29.872 [main] INFO api.SurveyPointsApi - All values for field 'Filtered points' are valid for Member ID: 183
17:54:29.880 [main] INFO api.SurveyPointsApi - All values for field 'Filtered points' are valid for Member ID: 184
17:54:29.888 [main] INFO api.SurveyPointsApi - All values for field 'Filtered points' are valid for Member ID: 185
17:54:29.896 [main] INFO api.SurveyPointsApi - All values for field 'Filtered points' are valid for Member ID: 186
17:54:29.905 [main] INFO api.SurveyPointsApi - All values for field 'Filtered points' are valid for Member ID: 187
17:54:29.913 [main] INFO api.SurveyPointsApi - All values for field 'Filtered points' are valid for Member ID: 188
17:54:29.922 [main] INFO api.SurveyPointsApi - All values for field 'Filtered points' are valid for Member ID: 189
17:54:29.931 [main] INFO api.SurveyPointsApi - All values for field 'Filtered points' are valid for Member ID: 190
17:54:29.939 [main] INFO api.SurveyPointsApi - All values for field 'Filtered points' are valid for Member ID: 191
17:54:29.947 [main] INFO api.SurveyPointsApi - All values for field 'Filtered points' are valid for Member ID: 192
17:54:29.957 [main] INFO api.SurveyPointsApi - All values for field 'Filtered points' are valid for Member ID: 193
17:54:29.965 [main] INFO api.SurveyPointsApi - All values for field 'Filtered points' are valid for Member ID: 194
17:54:29.973 [main] INFO api.SurveyPointsApi - All values for field 'Filtered points' are valid for Member ID: 195
17:54:29.980 [main] INFO api.SurveyPointsApi - All values for field 'Filtered points' are valid for Member ID: 196
17:54:29.988 [main] INFO api.SurveyPointsApi - All values for field 'Filtered points' are valid for Member ID: 197
17:54:29.997 [main] INFO api.SurveyPointsApi - All values for field 'Filtered points' are valid for Member ID: 198
17:54:30.006 [main] INFO api.SurveyPointsApi - All values for field 'Filtered points' are valid for Member ID: 199
17:54:30.015 [main] INFO api.SurveyPointsApi - All values for field 'Filtered points' are valid for Member ID: 200
17:54:30.024 [main] INFO api.SurveyPointsApi - All values for field 'Filtered points' are valid for Member ID: 201
17:54:30.033 [main] INFO api.SurveyPointsApi - All values for field 'Filtered points' are valid for Member ID: 202
17:54:30.042 [main] INFO api.SurveyPointsApi - All values for field 'Filtered points' are valid for Member ID: 203
17:54:30.051 [main] INFO api.SurveyPointsApi - All values for field 'Filtered points' are valid for Member ID: 204
17:54:30.060 [main] INFO api.SurveyPointsApi - All values for field 'Filtered points' are valid for Member ID: 205
17:54:30.070 [main] INFO api.SurveyPointsApi - All values for field 'Filtered points' are valid for Member ID: 206
17:54:30.078 [main] INFO api.SurveyPointsApi - All values for field 'Filtered points' are valid for Member ID: 207
17:54:30.086 [main] INFO api.SurveyPointsApi - All values for field 'Filtered points' are valid for Member ID: 208
17:54:30.094 [main] INFO api.SurveyPointsApi - All values for field 'Filtered points' are valid for Member ID: 209
17:54:30.104 [main] INFO api.SurveyPointsApi - All values for field 'Filtered points' are valid for Member ID: 210
17:54:30.113 [main] INFO api.SurveyPointsApi - All values for field 'Filtered points' are valid for Member ID: 211
17:54:30.122 [main] INFO api.SurveyPointsApi - All values for field 'Filtered points' are valid for Member ID: 212
17:54:30.131 [main] INFO api.SurveyPointsApi - All values for field 'Filtered points' are valid for Member ID: 213
17:54:30.139 [main] INFO api.SurveyPointsApi - All values for field 'Filtered points' are valid for Member ID: 214
17:54:30.147 [main] INFO api.SurveyPointsApi - All values for field 'Filtered points' are valid for Member ID: 215
17:54:30.155 [main] INFO api.SurveyPointsApi - All values for field 'Filtered points' are valid for Member ID: 216
17:54:30.161 [main] INFO api.SurveyPointsApi - All values for field 'Filtered points' are valid for Member ID: 217
17:54:30.166 [main] INFO api.SurveyPointsApi - All values for field 'Filtered points' are valid for Member ID: 218
17:54:30.171 [main] INFO api.SurveyPointsApi - All values for field 'Filtered points' are valid for Member ID: 219
17:54:30.178 [main] INFO api.SurveyPointsApi - All values for field 'Filtered points' are valid for Member ID: 220
17:54:30.184 [main] INFO api.SurveyPointsApi - All values for field 'Filtered points' are valid for Member ID: 221
17:54:30.195 [main] INFO api.SurveyPointsApi - All values for field 'Filtered points' are valid for Member ID: 222
17:54:30.201 [main] INFO api.SurveyPointsApi - All values for field 'Filtered points' are valid for Member ID: 223
17:54:30.207 [main] INFO api.SurveyPointsApi - All values for field 'Filtered points' are valid for Member ID: 224
17:54:30.215 [main] INFO api.SurveyPointsApi - All values for field 'Filtered points' are valid for Member ID: 225
17:54:30.222 [main] INFO api.SurveyPointsApi - All values for field 'Filtered points' are valid for Member ID: 226
17:54:30.231 [main] INFO api.SurveyPointsApi - All values for field 'Filtered points' are valid for Member ID: 227
17:54:30.237 [main] INFO api.SurveyPointsApi - All values for field 'Filtered points' are valid for Member ID: 228
17:54:30.245 [main] INFO api.SurveyPointsApi - All values for field 'Filtered points' are valid for Member ID: 229
17:54:30.253 [main] INFO api.SurveyPointsApi - All values for field 'Filtered points' are valid for Member ID: 230
17:54:30.263 [main] INFO api.SurveyPointsApi - All values for field 'Filtered points' are valid for Member ID: 231
17:54:30.274 [main] INFO api.SurveyPointsApi - All values for field 'Filtered points' are valid for Member ID: 232
17:54:30.282 [main] INFO api.SurveyPointsApi - All values for field 'Filtered points' are valid for Member ID: 233
17:54:30.289 [main] INFO api.SurveyPointsApi - All values for field 'Filtered points' are valid for Member ID: 234
17:54:30.297 [main] INFO api.SurveyPointsApi - All values for field 'Filtered points' are valid for Member ID: 235
17:54:30.305 [main] INFO api.SurveyPointsApi - All values for field 'Filtered points' are valid for Member ID: 236
17:54:30.313 [main] INFO api.SurveyPointsApi - All values for field 'Filtered points' are valid for Member ID: 237
17:54:30.320 [main] INFO api.SurveyPointsApi - All values for field 'Filtered points' are valid for Member ID: 238
17:54:30.328 [main] INFO api.SurveyPointsApi - All values for field 'Filtered points' are valid for Member ID: 239
17:54:30.337 [main] INFO api.SurveyPointsApi - All values for field 'Filtered points' are valid for Member ID: 240
17:54:30.346 [main] INFO api.SurveyPointsApi - All values for field 'Filtered points' are valid for Member ID: 241
17:54:30.354 [main] INFO api.SurveyPointsApi - All values for field 'Filtered points' are valid for Member ID: 242
17:54:30.362 [main] INFO api.SurveyPointsApi - All values for field 'Filtered points' are valid for Member ID: 243
17:54:30.370 [main] INFO api.SurveyPointsApi - All values for field 'Filtered points' are valid for Member ID: 244
17:54:30.375 [main] INFO api.SurveyPointsApi - All values for field 'Filtered points' are valid for Member ID: 245
17:54:30.380 [main] INFO api.SurveyPointsApi - All values for field 'Filtered points' are valid for Member ID: 246
17:54:30.403 [main] INFO api.SurveyPointsApi - All values for field 'Filtered points' are valid for Member ID: 247
17:54:30.408 [main] INFO api.SurveyPointsApi - All values for field 'Filtered points' are valid for Member ID: 248
17:54:30.415 [main] INFO api.SurveyPointsApi - All values for field 'Filtered points' are valid for Member ID: 249
17:54:30.421 [main] INFO api.SurveyPointsApi - All values for field 'Filtered points' are valid for Member ID: 250
17:54:30.426 [main] INFO api.SurveyPointsApi - All values for field 'Filtered points' are valid for Member ID: 251
17:54:30.431 [main] INFO api.SurveyPointsApi - All values for field 'Filtered points' are valid for Member ID: 252
17:54:30.439 [main] INFO api.SurveyPointsApi - All values for field 'Filtered points' are valid for Member ID: 253
17:54:30.447 [main] INFO api.SurveyPointsApi - All values for field 'Filtered points' are valid for Member ID: 254
17:54:30.455 [main] INFO api.SurveyPointsApi - All values for field 'Filtered points' are valid for Member ID: 255
17:54:30.463 [main] INFO api.SurveyPointsApi - All values for field 'Filtered points' are valid for Member ID: 256
17:54:30.468 [main] INFO api.SurveyPointsApi - All values for field 'Filtered points' are valid for Member ID: 257
17:54:30.473 [main] INFO api.SurveyPointsApi - All values for field 'Filtered points' are valid for Member ID: 258
17:54:30.480 [main] INFO api.SurveyPointsApi - All values for field 'Filtered points' are valid for Member ID: 259
17:54:30.487 [main] INFO api.SurveyPointsApi - All values for field 'Filtered points' are valid for Member ID: 260
17:54:30.493 [main] INFO api.SurveyPointsApi - All values for field 'Filtered points' are valid for Member ID: 261
17:54:30.499 [main] INFO api.SurveyPointsApi - All values for field 'Filtered points' are valid for Member ID: 262
17:54:30.506 [main] INFO api.SurveyPointsApi - All values for field 'Filtered points' are valid for Member ID: 263
17:54:30.514 [main] INFO api.SurveyPointsApi - All values for field 'Filtered points' are valid for Member ID: 264
17:54:30.521 [main] INFO api.SurveyPointsApi - All values for field 'Filtered points' are valid for Member ID: 265
17:54:30.527 [main] INFO api.SurveyPointsApi - All values for field 'Filtered points' are valid for Member ID: 266
17:54:30.534 [main] INFO api.SurveyPointsApi - All values for field 'Filtered points' are valid for Member ID: 267
17:54:30.542 [main] INFO api.SurveyPointsApi - All values for field 'Filtered points' are valid for Member ID: 268
17:54:30.550 [main] INFO api.SurveyPointsApi - All values for field 'Filtered points' are valid for Member ID: 269
17:54:30.558 [main] INFO api.SurveyPointsApi - All values for field 'Filtered points' are valid for Member ID: 270
17:54:30.571 [main] INFO api.SurveyPointsApi - All values for field 'Filtered points' are valid for Member ID: 271
17:54:30.582 [main] INFO api.SurveyPointsApi - All values for field 'Filtered points' are valid for Member ID: 272
17:54:30.590 [main] INFO api.SurveyPointsApi - All values for field 'Filtered points' are valid for Member ID: 273
17:54:30.599 [main] INFO api.SurveyPointsApi - All values for field 'Filtered points' are valid for Member ID: 274
17:54:30.606 [main] INFO api.SurveyPointsApi - All values for field 'Filtered points' are valid for Member ID: 275
17:54:30.613 [main] INFO api.SurveyPointsApi - All values for field 'Filtered points' are valid for Member ID: 276
17:54:30.620 [main] INFO api.SurveyPointsApi - All values for field 'Filtered points' are valid for Member ID: 277
17:54:30.625 [main] INFO api.SurveyPointsApi - All values for field 'Filtered points' are valid for Member ID: 278
17:54:30.629 [main] INFO api.SurveyPointsApi - All values for field 'Filtered points' are valid for Member ID: 279
17:54:30.634 [main] INFO api.SurveyPointsApi - All values for field 'Filtered points' are valid for Member ID: 280
17:54:30.638 [main] INFO api.SurveyPointsApi - All values for field 'Filtered points' are valid for Member ID: 281
17:54:30.643 [main] INFO api.SurveyPointsApi - All values for field 'Filtered points' are valid for Member ID: 282
17:54:30.651 [main] INFO api.SurveyPointsApi - All values for field 'Filtered points' are valid for Member ID: 283
17:54:30.657 [main] INFO api.SurveyPointsApi - All values for field 'Filtered points' are valid for Member ID: 284
17:54:30.665 [main] INFO api.SurveyPointsApi - All values for field 'Filtered points' are valid for Member ID: 285
17:54:30.682 [main] INFO api.SurveyPointsApi - All values for field 'Filtered points' are valid for Member ID: 286
17:54:30.692 [main] INFO api.SurveyPointsApi - All values for field 'Filtered points' are valid for Member ID: 287
17:54:30.699 [main] INFO api.SurveyPointsApi - All values for field 'Filtered points' are valid for Member ID: 288
17:54:30.705 [main] INFO api.SurveyPointsApi - All values for field 'Filtered points' are valid for Member ID: 289
17:54:30.712 [main] INFO api.SurveyPointsApi - All values for field 'Filtered points' are valid for Member ID: 290
17:54:30.717 [main] INFO api.SurveyPointsApi - All values for field 'Filtered points' are valid for Member ID: 291
17:54:30.722 [main] INFO api.SurveyPointsApi - All values for field 'Filtered points' are valid for Member ID: 292
17:54:30.728 [main] INFO api.SurveyPointsApi - All values for field 'Filtered points' are valid for Member ID: 293
17:54:30.733 [main] INFO api.SurveyPointsApi - All values for field 'Filtered points' are valid for Member ID: 294
17:54:30.740 [main] INFO api.SurveyPointsApi - All values for field 'Filtered points' are valid for Member ID: 295
17:54:30.746 [main] INFO api.SurveyPointsApi - All values for field 'Filtered points' are valid for Member ID: 296
17:54:30.753 [main] INFO api.SurveyPointsApi - All values for field 'Filtered points' are valid for Member ID: 297
17:54:30.760 [main] INFO api.SurveyPointsApi - All values for field 'Filtered points' are valid for Member ID: 298
17:54:30.766 [main] INFO api.SurveyPointsApi - All values for field 'Filtered points' are valid for Member ID: 299
17:54:30.772 [main] INFO api.SurveyPointsApi - All values for field 'Filtered points' are valid for Member ID: 300
]]></system-out>
  </testcase>
  <testcase name="testSurveyNames" classname="tests.integration.SurveyPointsTest" time="2.265">
    <system-out><![CDATA[17:54:30.774 [main] INFO api.SurveyPointsApi - Starting validation for status: Name
17:54:30.786 [main] INFO api.SurveyPointsApi - All values for field 'Name' are valid for Member ID: 1
17:54:30.792 [main] INFO api.SurveyPointsApi - All values for field 'Name' are valid for Member ID: 2
17:54:30.798 [main] INFO api.SurveyPointsApi - All values for field 'Name' are valid for Member ID: 3
17:54:30.804 [main] INFO api.SurveyPointsApi - All values for field 'Name' are valid for Member ID: 4
17:54:30.809 [main] INFO api.SurveyPointsApi - All values for field 'Name' are valid for Member ID: 5
17:54:30.816 [main] INFO api.SurveyPointsApi - All values for field 'Name' are valid for Member ID: 6
17:54:30.824 [main] INFO api.SurveyPointsApi - All values for field 'Name' are valid for Member ID: 7
17:54:30.831 [main] INFO api.SurveyPointsApi - All values for field 'Name' are valid for Member ID: 8
17:54:30.838 [main] INFO api.SurveyPointsApi - All values for field 'Name' are valid for Member ID: 9
17:54:30.848 [main] INFO api.SurveyPointsApi - All values for field 'Name' are valid for Member ID: 10
17:54:30.856 [main] INFO api.SurveyPointsApi - All values for field 'Name' are valid for Member ID: 11
17:54:30.865 [main] INFO api.SurveyPointsApi - All values for field 'Name' are valid for Member ID: 12
17:54:30.873 [main] INFO api.SurveyPointsApi - All values for field 'Name' are valid for Member ID: 13
17:54:30.879 [main] INFO api.SurveyPointsApi - All values for field 'Name' are valid for Member ID: 14
17:54:30.886 [main] INFO api.SurveyPointsApi - All values for field 'Name' are valid for Member ID: 15
17:54:30.893 [main] INFO api.SurveyPointsApi - All values for field 'Name' are valid for Member ID: 16
17:54:30.900 [main] INFO api.SurveyPointsApi - All values for field 'Name' are valid for Member ID: 17
17:54:30.909 [main] INFO api.SurveyPointsApi - All values for field 'Name' are valid for Member ID: 18
17:54:30.916 [main] INFO api.SurveyPointsApi - All values for field 'Name' are valid for Member ID: 19
17:54:30.923 [main] INFO api.SurveyPointsApi - All values for field 'Name' are valid for Member ID: 20
17:54:30.931 [main] INFO api.SurveyPointsApi - All values for field 'Name' are valid for Member ID: 21
17:54:30.940 [main] INFO api.SurveyPointsApi - All values for field 'Name' are valid for Member ID: 22
17:54:30.950 [main] INFO api.SurveyPointsApi - All values for field 'Name' are valid for Member ID: 23
17:54:30.961 [main] INFO api.SurveyPointsApi - All values for field 'Name' are valid for Member ID: 24
17:54:30.969 [main] INFO api.SurveyPointsApi - All values for field 'Name' are valid for Member ID: 25
17:54:30.976 [main] INFO api.SurveyPointsApi - All values for field 'Name' are valid for Member ID: 26
17:54:30.984 [main] INFO api.SurveyPointsApi - All values for field 'Name' are valid for Member ID: 27
17:54:30.990 [main] INFO api.SurveyPointsApi - All values for field 'Name' are valid for Member ID: 28
17:54:30.997 [main] INFO api.SurveyPointsApi - All values for field 'Name' are valid for Member ID: 29
17:54:31.005 [main] INFO api.SurveyPointsApi - All values for field 'Name' are valid for Member ID: 30
17:54:31.017 [main] INFO api.SurveyPointsApi - All values for field 'Name' are valid for Member ID: 31
17:54:31.025 [main] INFO api.SurveyPointsApi - All values for field 'Name' are valid for Member ID: 32
17:54:31.032 [main] INFO api.SurveyPointsApi - All values for field 'Name' are valid for Member ID: 33
17:54:31.039 [main] INFO api.SurveyPointsApi - All values for field 'Name' are valid for Member ID: 34
17:54:31.048 [main] INFO api.SurveyPointsApi - All values for field 'Name' are valid for Member ID: 35
17:54:31.056 [main] INFO api.SurveyPointsApi - All values for field 'Name' are valid for Member ID: 36
17:54:31.065 [main] INFO api.SurveyPointsApi - All values for field 'Name' are valid for Member ID: 37
17:54:31.071 [main] INFO api.SurveyPointsApi - All values for field 'Name' are valid for Member ID: 38
17:54:31.077 [main] INFO api.SurveyPointsApi - All values for field 'Name' are valid for Member ID: 39
17:54:31.084 [main] INFO api.SurveyPointsApi - All values for field 'Name' are valid for Member ID: 40
17:54:31.092 [main] INFO api.SurveyPointsApi - All values for field 'Name' are valid for Member ID: 41
17:54:31.100 [main] INFO api.SurveyPointsApi - All values for field 'Name' are valid for Member ID: 42
17:54:31.106 [main] INFO api.SurveyPointsApi - All values for field 'Name' are valid for Member ID: 43
17:54:31.113 [main] INFO api.SurveyPointsApi - All values for field 'Name' are valid for Member ID: 44
17:54:31.120 [main] INFO api.SurveyPointsApi - All values for field 'Name' are valid for Member ID: 45
17:54:31.127 [main] INFO api.SurveyPointsApi - All values for field 'Name' are valid for Member ID: 46
17:54:31.134 [main] INFO api.SurveyPointsApi - All values for field 'Name' are valid for Member ID: 47
17:54:31.140 [main] INFO api.SurveyPointsApi - All values for field 'Name' are valid for Member ID: 48
17:54:31.148 [main] INFO api.SurveyPointsApi - All values for field 'Name' are valid for Member ID: 49
17:54:31.164 [main] INFO api.SurveyPointsApi - All values for field 'Name' are valid for Member ID: 50
17:54:31.172 [main] INFO api.SurveyPointsApi - All values for field 'Name' are valid for Member ID: 51
17:54:31.180 [main] INFO api.SurveyPointsApi - All values for field 'Name' are valid for Member ID: 52
17:54:31.187 [main] INFO api.SurveyPointsApi - All values for field 'Name' are valid for Member ID: 53
17:54:31.195 [main] INFO api.SurveyPointsApi - All values for field 'Name' are valid for Member ID: 54
17:54:31.203 [main] INFO api.SurveyPointsApi - All values for field 'Name' are valid for Member ID: 55
17:54:31.212 [main] INFO api.SurveyPointsApi - All values for field 'Name' are valid for Member ID: 56
17:54:31.220 [main] INFO api.SurveyPointsApi - All values for field 'Name' are valid for Member ID: 57
17:54:31.227 [main] INFO api.SurveyPointsApi - All values for field 'Name' are valid for Member ID: 58
17:54:31.234 [main] INFO api.SurveyPointsApi - All values for field 'Name' are valid for Member ID: 59
17:54:31.241 [main] INFO api.SurveyPointsApi - All values for field 'Name' are valid for Member ID: 60
17:54:31.248 [main] INFO api.SurveyPointsApi - All values for field 'Name' are valid for Member ID: 61
17:54:31.254 [main] INFO api.SurveyPointsApi - All values for field 'Name' are valid for Member ID: 62
17:54:31.260 [main] INFO api.SurveyPointsApi - All values for field 'Name' are valid for Member ID: 63
17:54:31.267 [main] INFO api.SurveyPointsApi - All values for field 'Name' are valid for Member ID: 64
17:54:31.275 [main] INFO api.SurveyPointsApi - All values for field 'Name' are valid for Member ID: 65
17:54:31.306 [main] INFO api.SurveyPointsApi - All values for field 'Name' are valid for Member ID: 66
17:54:31.316 [main] INFO api.SurveyPointsApi - All values for field 'Name' are valid for Member ID: 67
17:54:31.325 [main] INFO api.SurveyPointsApi - All values for field 'Name' are valid for Member ID: 68
17:54:31.332 [main] INFO api.SurveyPointsApi - All values for field 'Name' are valid for Member ID: 69
17:54:31.339 [main] INFO api.SurveyPointsApi - All values for field 'Name' are valid for Member ID: 70
17:54:31.345 [main] INFO api.SurveyPointsApi - All values for field 'Name' are valid for Member ID: 71
17:54:31.352 [main] INFO api.SurveyPointsApi - All values for field 'Name' are valid for Member ID: 72
17:54:31.359 [main] INFO api.SurveyPointsApi - All values for field 'Name' are valid for Member ID: 73
17:54:31.365 [main] INFO api.SurveyPointsApi - All values for field 'Name' are valid for Member ID: 74
17:54:31.371 [main] INFO api.SurveyPointsApi - All values for field 'Name' are valid for Member ID: 75
17:54:31.378 [main] INFO api.SurveyPointsApi - All values for field 'Name' are valid for Member ID: 76
17:54:31.386 [main] INFO api.SurveyPointsApi - All values for field 'Name' are valid for Member ID: 77
17:54:31.393 [main] INFO api.SurveyPointsApi - All values for field 'Name' are valid for Member ID: 78
17:54:31.400 [main] INFO api.SurveyPointsApi - All values for field 'Name' are valid for Member ID: 79
17:54:31.408 [main] INFO api.SurveyPointsApi - All values for field 'Name' are valid for Member ID: 80
17:54:31.415 [main] INFO api.SurveyPointsApi - All values for field 'Name' are valid for Member ID: 81
17:54:31.422 [main] INFO api.SurveyPointsApi - All values for field 'Name' are valid for Member ID: 82
17:54:31.429 [main] INFO api.SurveyPointsApi - All values for field 'Name' are valid for Member ID: 83
17:54:31.436 [main] INFO api.SurveyPointsApi - All values for field 'Name' are valid for Member ID: 84
17:54:31.442 [main] INFO api.SurveyPointsApi - All values for field 'Name' are valid for Member ID: 85
17:54:31.447 [main] INFO api.SurveyPointsApi - All values for field 'Name' are valid for Member ID: 86
17:54:31.452 [main] INFO api.SurveyPointsApi - All values for field 'Name' are valid for Member ID: 87
17:54:31.457 [main] INFO api.SurveyPointsApi - All values for field 'Name' are valid for Member ID: 88
17:54:31.464 [main] INFO api.SurveyPointsApi - All values for field 'Name' are valid for Member ID: 89
17:54:31.469 [main] INFO api.SurveyPointsApi - All values for field 'Name' are valid for Member ID: 90
17:54:31.475 [main] INFO api.SurveyPointsApi - All values for field 'Name' are valid for Member ID: 91
17:54:31.481 [main] INFO api.SurveyPointsApi - All values for field 'Name' are valid for Member ID: 92
17:54:31.487 [main] INFO api.SurveyPointsApi - All values for field 'Name' are valid for Member ID: 93
17:54:31.507 [main] INFO api.SurveyPointsApi - All values for field 'Name' are valid for Member ID: 94
17:54:31.518 [main] INFO api.SurveyPointsApi - All values for field 'Name' are valid for Member ID: 95
17:54:31.533 [main] INFO api.SurveyPointsApi - All values for field 'Name' are valid for Member ID: 96
17:54:31.544 [main] INFO api.SurveyPointsApi - All values for field 'Name' are valid for Member ID: 97
17:54:31.552 [main] INFO api.SurveyPointsApi - All values for field 'Name' are valid for Member ID: 98
17:54:31.559 [main] INFO api.SurveyPointsApi - All values for field 'Name' are valid for Member ID: 99
17:54:31.566 [main] INFO api.SurveyPointsApi - All values for field 'Name' are valid for Member ID: 100
17:54:31.573 [main] INFO api.SurveyPointsApi - All values for field 'Name' are valid for Member ID: 101
17:54:31.613 [main] INFO api.SurveyPointsApi - All values for field 'Name' are valid for Member ID: 102
17:54:31.623 [main] INFO api.SurveyPointsApi - All values for field 'Name' are valid for Member ID: 103
17:54:31.630 [main] INFO api.SurveyPointsApi - All values for field 'Name' are valid for Member ID: 104
17:54:31.636 [main] INFO api.SurveyPointsApi - All values for field 'Name' are valid for Member ID: 105
17:54:31.641 [main] INFO api.SurveyPointsApi - All values for field 'Name' are valid for Member ID: 106
17:54:31.646 [main] INFO api.SurveyPointsApi - All values for field 'Name' are valid for Member ID: 107
17:54:31.651 [main] INFO api.SurveyPointsApi - All values for field 'Name' are valid for Member ID: 108
17:54:31.655 [main] INFO api.SurveyPointsApi - All values for field 'Name' are valid for Member ID: 109
17:54:31.660 [main] INFO api.SurveyPointsApi - All values for field 'Name' are valid for Member ID: 110
17:54:31.666 [main] INFO api.SurveyPointsApi - All values for field 'Name' are valid for Member ID: 111
17:54:31.671 [main] INFO api.SurveyPointsApi - All values for field 'Name' are valid for Member ID: 112
17:54:31.677 [main] INFO api.SurveyPointsApi - All values for field 'Name' are valid for Member ID: 113
17:54:31.691 [main] INFO api.SurveyPointsApi - All values for field 'Name' are valid for Member ID: 114
17:54:31.699 [main] INFO api.SurveyPointsApi - All values for field 'Name' are valid for Member ID: 115
17:54:31.708 [main] INFO api.SurveyPointsApi - All values for field 'Name' are valid for Member ID: 116
17:54:31.714 [main] INFO api.SurveyPointsApi - All values for field 'Name' are valid for Member ID: 117
17:54:31.719 [main] INFO api.SurveyPointsApi - All values for field 'Name' are valid for Member ID: 118
17:54:31.724 [main] INFO api.SurveyPointsApi - All values for field 'Name' are valid for Member ID: 119
17:54:31.729 [main] INFO api.SurveyPointsApi - All values for field 'Name' are valid for Member ID: 120
17:54:31.734 [main] INFO api.SurveyPointsApi - All values for field 'Name' are valid for Member ID: 121
17:54:31.739 [main] INFO api.SurveyPointsApi - All values for field 'Name' are valid for Member ID: 122
17:54:31.744 [main] INFO api.SurveyPointsApi - All values for field 'Name' are valid for Member ID: 123
17:54:31.749 [main] INFO api.SurveyPointsApi - All values for field 'Name' are valid for Member ID: 124
17:54:31.754 [main] INFO api.SurveyPointsApi - All values for field 'Name' are valid for Member ID: 125
17:54:31.762 [main] INFO api.SurveyPointsApi - All values for field 'Name' are valid for Member ID: 126
17:54:31.771 [main] INFO api.SurveyPointsApi - All values for field 'Name' are valid for Member ID: 127
17:54:31.779 [main] INFO api.SurveyPointsApi - All values for field 'Name' are valid for Member ID: 128
17:54:31.785 [main] INFO api.SurveyPointsApi - All values for field 'Name' are valid for Member ID: 129
17:54:31.792 [main] INFO api.SurveyPointsApi - All values for field 'Name' are valid for Member ID: 130
17:54:31.798 [main] INFO api.SurveyPointsApi - All values for field 'Name' are valid for Member ID: 131
17:54:31.805 [main] INFO api.SurveyPointsApi - All values for field 'Name' are valid for Member ID: 132
17:54:31.812 [main] INFO api.SurveyPointsApi - All values for field 'Name' are valid for Member ID: 133
17:54:31.821 [main] INFO api.SurveyPointsApi - All values for field 'Name' are valid for Member ID: 134
17:54:31.830 [main] INFO api.SurveyPointsApi - All values for field 'Name' are valid for Member ID: 135
17:54:31.837 [main] INFO api.SurveyPointsApi - All values for field 'Name' are valid for Member ID: 136
17:54:31.846 [main] INFO api.SurveyPointsApi - All values for field 'Name' are valid for Member ID: 137
17:54:31.855 [main] INFO api.SurveyPointsApi - All values for field 'Name' are valid for Member ID: 138
17:54:31.863 [main] INFO api.SurveyPointsApi - All values for field 'Name' are valid for Member ID: 139
17:54:31.871 [main] INFO api.SurveyPointsApi - All values for field 'Name' are valid for Member ID: 140
17:54:31.878 [main] INFO api.SurveyPointsApi - All values for field 'Name' are valid for Member ID: 141
17:54:31.885 [main] INFO api.SurveyPointsApi - All values for field 'Name' are valid for Member ID: 142
17:54:31.891 [main] INFO api.SurveyPointsApi - All values for field 'Name' are valid for Member ID: 143
17:54:31.897 [main] INFO api.SurveyPointsApi - All values for field 'Name' are valid for Member ID: 144
17:54:31.904 [main] INFO api.SurveyPointsApi - All values for field 'Name' are valid for Member ID: 145
17:54:31.910 [main] INFO api.SurveyPointsApi - All values for field 'Name' are valid for Member ID: 146
17:54:31.917 [main] INFO api.SurveyPointsApi - All values for field 'Name' are valid for Member ID: 147
17:54:31.924 [main] INFO api.SurveyPointsApi - All values for field 'Name' are valid for Member ID: 148
17:54:31.931 [main] INFO api.SurveyPointsApi - All values for field 'Name' are valid for Member ID: 149
17:54:31.937 [main] INFO api.SurveyPointsApi - All values for field 'Name' are valid for Member ID: 150
17:54:31.944 [main] INFO api.SurveyPointsApi - All values for field 'Name' are valid for Member ID: 151
17:54:31.951 [main] INFO api.SurveyPointsApi - All values for field 'Name' are valid for Member ID: 152
17:54:31.958 [main] INFO api.SurveyPointsApi - All values for field 'Name' are valid for Member ID: 153
17:54:31.965 [main] INFO api.SurveyPointsApi - All values for field 'Name' are valid for Member ID: 154
17:54:31.973 [main] INFO api.SurveyPointsApi - All values for field 'Name' are valid for Member ID: 155
17:54:31.980 [main] INFO api.SurveyPointsApi - All values for field 'Name' are valid for Member ID: 156
17:54:31.986 [main] INFO api.SurveyPointsApi - All values for field 'Name' are valid for Member ID: 157
17:54:31.992 [main] INFO api.SurveyPointsApi - All values for field 'Name' are valid for Member ID: 158
17:54:31.998 [main] INFO api.SurveyPointsApi - All values for field 'Name' are valid for Member ID: 159
17:54:32.005 [main] INFO api.SurveyPointsApi - All values for field 'Name' are valid for Member ID: 160
17:54:32.012 [main] INFO api.SurveyPointsApi - All values for field 'Name' are valid for Member ID: 161
17:54:32.019 [main] INFO api.SurveyPointsApi - All values for field 'Name' are valid for Member ID: 162
17:54:32.027 [main] INFO api.SurveyPointsApi - All values for field 'Name' are valid for Member ID: 163
17:54:32.035 [main] INFO api.SurveyPointsApi - All values for field 'Name' are valid for Member ID: 164
17:54:32.043 [main] INFO api.SurveyPointsApi - All values for field 'Name' are valid for Member ID: 165
17:54:32.050 [main] INFO api.SurveyPointsApi - All values for field 'Name' are valid for Member ID: 166
17:54:32.058 [main] INFO api.SurveyPointsApi - All values for field 'Name' are valid for Member ID: 167
17:54:32.064 [main] INFO api.SurveyPointsApi - All values for field 'Name' are valid for Member ID: 168
17:54:32.072 [main] INFO api.SurveyPointsApi - All values for field 'Name' are valid for Member ID: 169
17:54:32.079 [main] INFO api.SurveyPointsApi - All values for field 'Name' are valid for Member ID: 170
17:54:32.087 [main] INFO api.SurveyPointsApi - All values for field 'Name' are valid for Member ID: 171
17:54:32.095 [main] INFO api.SurveyPointsApi - All values for field 'Name' are valid for Member ID: 172
17:54:32.105 [main] INFO api.SurveyPointsApi - All values for field 'Name' are valid for Member ID: 173
17:54:32.112 [main] INFO api.SurveyPointsApi - All values for field 'Name' are valid for Member ID: 174
17:54:32.119 [main] INFO api.SurveyPointsApi - All values for field 'Name' are valid for Member ID: 175
17:54:32.127 [main] INFO api.SurveyPointsApi - All values for field 'Name' are valid for Member ID: 176
17:54:32.133 [main] INFO api.SurveyPointsApi - All values for field 'Name' are valid for Member ID: 177
17:54:32.146 [main] INFO api.SurveyPointsApi - All values for field 'Name' are valid for Member ID: 178
17:54:32.153 [main] INFO api.SurveyPointsApi - All values for field 'Name' are valid for Member ID: 179
17:54:32.160 [main] INFO api.SurveyPointsApi - All values for field 'Name' are valid for Member ID: 180
17:54:32.167 [main] INFO api.SurveyPointsApi - All values for field 'Name' are valid for Member ID: 181
17:54:32.173 [main] INFO api.SurveyPointsApi - All values for field 'Name' are valid for Member ID: 182
17:54:32.180 [main] INFO api.SurveyPointsApi - All values for field 'Name' are valid for Member ID: 183
17:54:32.186 [main] INFO api.SurveyPointsApi - All values for field 'Name' are valid for Member ID: 184
17:54:32.190 [main] INFO api.SurveyPointsApi - All values for field 'Name' are valid for Member ID: 185
17:54:32.195 [main] INFO api.SurveyPointsApi - All values for field 'Name' are valid for Member ID: 186
17:54:32.202 [main] INFO api.SurveyPointsApi - All values for field 'Name' are valid for Member ID: 187
17:54:32.208 [main] INFO api.SurveyPointsApi - All values for field 'Name' are valid for Member ID: 188
17:54:32.215 [main] INFO api.SurveyPointsApi - All values for field 'Name' are valid for Member ID: 189
17:54:32.221 [main] INFO api.SurveyPointsApi - All values for field 'Name' are valid for Member ID: 190
17:54:32.227 [main] INFO api.SurveyPointsApi - All values for field 'Name' are valid for Member ID: 191
17:54:32.234 [main] INFO api.SurveyPointsApi - All values for field 'Name' are valid for Member ID: 192
17:54:32.240 [main] INFO api.SurveyPointsApi - All values for field 'Name' are valid for Member ID: 193
17:54:32.247 [main] INFO api.SurveyPointsApi - All values for field 'Name' are valid for Member ID: 194
17:54:32.252 [main] INFO api.SurveyPointsApi - All values for field 'Name' are valid for Member ID: 195
17:54:32.258 [main] INFO api.SurveyPointsApi - All values for field 'Name' are valid for Member ID: 196
17:54:32.263 [main] INFO api.SurveyPointsApi - All values for field 'Name' are valid for Member ID: 197
17:54:32.271 [main] INFO api.SurveyPointsApi - All values for field 'Name' are valid for Member ID: 198
17:54:32.281 [main] INFO api.SurveyPointsApi - All values for field 'Name' are valid for Member ID: 199
17:54:32.289 [main] INFO api.SurveyPointsApi - All values for field 'Name' are valid for Member ID: 200
17:54:32.297 [main] INFO api.SurveyPointsApi - All values for field 'Name' are valid for Member ID: 201
17:54:32.305 [main] INFO api.SurveyPointsApi - All values for field 'Name' are valid for Member ID: 202
17:54:32.313 [main] INFO api.SurveyPointsApi - All values for field 'Name' are valid for Member ID: 203
17:54:32.321 [main] INFO api.SurveyPointsApi - All values for field 'Name' are valid for Member ID: 204
17:54:32.329 [main] INFO api.SurveyPointsApi - All values for field 'Name' are valid for Member ID: 205
17:54:32.336 [main] INFO api.SurveyPointsApi - All values for field 'Name' are valid for Member ID: 206
17:54:32.345 [main] INFO api.SurveyPointsApi - All values for field 'Name' are valid for Member ID: 207
17:54:32.353 [main] INFO api.SurveyPointsApi - All values for field 'Name' are valid for Member ID: 208
17:54:32.360 [main] INFO api.SurveyPointsApi - All values for field 'Name' are valid for Member ID: 209
17:54:32.368 [main] INFO api.SurveyPointsApi - All values for field 'Name' are valid for Member ID: 210
17:54:32.376 [main] INFO api.SurveyPointsApi - All values for field 'Name' are valid for Member ID: 211
17:54:32.384 [main] INFO api.SurveyPointsApi - All values for field 'Name' are valid for Member ID: 212
17:54:32.392 [main] INFO api.SurveyPointsApi - All values for field 'Name' are valid for Member ID: 213
17:54:32.399 [main] INFO api.SurveyPointsApi - All values for field 'Name' are valid for Member ID: 214
17:54:32.407 [main] INFO api.SurveyPointsApi - All values for field 'Name' are valid for Member ID: 215
17:54:32.415 [main] INFO api.SurveyPointsApi - All values for field 'Name' are valid for Member ID: 216
17:54:32.422 [main] INFO api.SurveyPointsApi - All values for field 'Name' are valid for Member ID: 217
17:54:32.430 [main] INFO api.SurveyPointsApi - All values for field 'Name' are valid for Member ID: 218
17:54:32.437 [main] INFO api.SurveyPointsApi - All values for field 'Name' are valid for Member ID: 219
17:54:32.442 [main] INFO api.SurveyPointsApi - All values for field 'Name' are valid for Member ID: 220
17:54:32.448 [main] INFO api.SurveyPointsApi - All values for field 'Name' are valid for Member ID: 221
17:54:32.454 [main] INFO api.SurveyPointsApi - All values for field 'Name' are valid for Member ID: 222
17:54:32.467 [main] INFO api.SurveyPointsApi - All values for field 'Name' are valid for Member ID: 223
17:54:32.477 [main] INFO api.SurveyPointsApi - All values for field 'Name' are valid for Member ID: 224
17:54:32.485 [main] INFO api.SurveyPointsApi - All values for field 'Name' are valid for Member ID: 225
17:54:32.493 [main] INFO api.SurveyPointsApi - All values for field 'Name' are valid for Member ID: 226
17:54:32.501 [main] INFO api.SurveyPointsApi - All values for field 'Name' are valid for Member ID: 227
17:54:32.508 [main] INFO api.SurveyPointsApi - All values for field 'Name' are valid for Member ID: 228
17:54:32.516 [main] INFO api.SurveyPointsApi - All values for field 'Name' are valid for Member ID: 229
17:54:32.523 [main] INFO api.SurveyPointsApi - All values for field 'Name' are valid for Member ID: 230
17:54:32.530 [main] INFO api.SurveyPointsApi - All values for field 'Name' are valid for Member ID: 231
17:54:32.536 [main] INFO api.SurveyPointsApi - All values for field 'Name' are valid for Member ID: 232
17:54:32.542 [main] INFO api.SurveyPointsApi - All values for field 'Name' are valid for Member ID: 233
17:54:32.548 [main] INFO api.SurveyPointsApi - All values for field 'Name' are valid for Member ID: 234
17:54:32.555 [main] INFO api.SurveyPointsApi - All values for field 'Name' are valid for Member ID: 235
17:54:32.562 [main] INFO api.SurveyPointsApi - All values for field 'Name' are valid for Member ID: 236
17:54:32.568 [main] INFO api.SurveyPointsApi - All values for field 'Name' are valid for Member ID: 237
17:54:32.575 [main] INFO api.SurveyPointsApi - All values for field 'Name' are valid for Member ID: 238
17:54:32.582 [main] INFO api.SurveyPointsApi - All values for field 'Name' are valid for Member ID: 239
17:54:32.589 [main] INFO api.SurveyPointsApi - All values for field 'Name' are valid for Member ID: 240
17:54:32.596 [main] INFO api.SurveyPointsApi - All values for field 'Name' are valid for Member ID: 241
17:54:32.610 [main] INFO api.SurveyPointsApi - All values for field 'Name' are valid for Member ID: 242
17:54:32.619 [main] INFO api.SurveyPointsApi - All values for field 'Name' are valid for Member ID: 243
17:54:32.652 [main] INFO api.SurveyPointsApi - All values for field 'Name' are valid for Member ID: 244
17:54:32.674 [main] INFO api.SurveyPointsApi - All values for field 'Name' are valid for Member ID: 245
17:54:32.684 [main] INFO api.SurveyPointsApi - All values for field 'Name' are valid for Member ID: 246
17:54:32.691 [main] INFO api.SurveyPointsApi - All values for field 'Name' are valid for Member ID: 247
17:54:32.698 [main] INFO api.SurveyPointsApi - All values for field 'Name' are valid for Member ID: 248
17:54:32.704 [main] INFO api.SurveyPointsApi - All values for field 'Name' are valid for Member ID: 249
17:54:32.711 [main] INFO api.SurveyPointsApi - All values for field 'Name' are valid for Member ID: 250
17:54:32.720 [main] INFO api.SurveyPointsApi - All values for field 'Name' are valid for Member ID: 251
17:54:32.727 [main] INFO api.SurveyPointsApi - All values for field 'Name' are valid for Member ID: 252
17:54:32.734 [main] INFO api.SurveyPointsApi - All values for field 'Name' are valid for Member ID: 253
17:54:32.743 [main] INFO api.SurveyPointsApi - All values for field 'Name' are valid for Member ID: 254
17:54:32.755 [main] INFO api.SurveyPointsApi - All values for field 'Name' are valid for Member ID: 255
17:54:32.765 [main] INFO api.SurveyPointsApi - All values for field 'Name' are valid for Member ID: 256
17:54:32.773 [main] INFO api.SurveyPointsApi - All values for field 'Name' are valid for Member ID: 257
17:54:32.781 [main] INFO api.SurveyPointsApi - All values for field 'Name' are valid for Member ID: 258
17:54:32.788 [main] INFO api.SurveyPointsApi - All values for field 'Name' are valid for Member ID: 259
17:54:32.795 [main] INFO api.SurveyPointsApi - All values for field 'Name' are valid for Member ID: 260
17:54:32.802 [main] INFO api.SurveyPointsApi - All values for field 'Name' are valid for Member ID: 261
17:54:32.809 [main] INFO api.SurveyPointsApi - All values for field 'Name' are valid for Member ID: 262
17:54:32.815 [main] INFO api.SurveyPointsApi - All values for field 'Name' are valid for Member ID: 263
17:54:32.821 [main] INFO api.SurveyPointsApi - All values for field 'Name' are valid for Member ID: 264
17:54:32.827 [main] INFO api.SurveyPointsApi - All values for field 'Name' are valid for Member ID: 265
17:54:32.834 [main] INFO api.SurveyPointsApi - All values for field 'Name' are valid for Member ID: 266
17:54:32.840 [main] INFO api.SurveyPointsApi - All values for field 'Name' are valid for Member ID: 267
17:54:32.846 [main] INFO api.SurveyPointsApi - All values for field 'Name' are valid for Member ID: 268
17:54:32.850 [main] INFO api.SurveyPointsApi - All values for field 'Name' are valid for Member ID: 269
17:54:32.855 [main] INFO api.SurveyPointsApi - All values for field 'Name' are valid for Member ID: 270
17:54:32.862 [main] INFO api.SurveyPointsApi - All values for field 'Name' are valid for Member ID: 271
17:54:32.869 [main] INFO api.SurveyPointsApi - All values for field 'Name' are valid for Member ID: 272
17:54:32.873 [main] INFO api.SurveyPointsApi - All values for field 'Name' are valid for Member ID: 273
17:54:32.879 [main] INFO api.SurveyPointsApi - All values for field 'Name' are valid for Member ID: 274
17:54:32.885 [main] INFO api.SurveyPointsApi - All values for field 'Name' are valid for Member ID: 275
17:54:32.889 [main] INFO api.SurveyPointsApi - All values for field 'Name' are valid for Member ID: 276
17:54:32.895 [main] INFO api.SurveyPointsApi - All values for field 'Name' are valid for Member ID: 277
17:54:32.900 [main] INFO api.SurveyPointsApi - All values for field 'Name' are valid for Member ID: 278
17:54:32.906 [main] INFO api.SurveyPointsApi - All values for field 'Name' are valid for Member ID: 279
17:54:32.910 [main] INFO api.SurveyPointsApi - All values for field 'Name' are valid for Member ID: 280
17:54:32.917 [main] INFO api.SurveyPointsApi - All values for field 'Name' are valid for Member ID: 281
17:54:32.923 [main] INFO api.SurveyPointsApi - All values for field 'Name' are valid for Member ID: 282
17:54:32.930 [main] INFO api.SurveyPointsApi - All values for field 'Name' are valid for Member ID: 283
17:54:32.937 [main] INFO api.SurveyPointsApi - All values for field 'Name' are valid for Member ID: 284
17:54:32.944 [main] INFO api.SurveyPointsApi - All values for field 'Name' are valid for Member ID: 285
17:54:32.952 [main] INFO api.SurveyPointsApi - All values for field 'Name' are valid for Member ID: 286
17:54:32.958 [main] INFO api.SurveyPointsApi - All values for field 'Name' are valid for Member ID: 287
17:54:32.965 [main] INFO api.SurveyPointsApi - All values for field 'Name' are valid for Member ID: 288
17:54:32.972 [main] INFO api.SurveyPointsApi - All values for field 'Name' are valid for Member ID: 289
17:54:32.978 [main] INFO api.SurveyPointsApi - All values for field 'Name' are valid for Member ID: 290
17:54:32.985 [main] INFO api.SurveyPointsApi - All values for field 'Name' are valid for Member ID: 291
17:54:32.991 [main] INFO api.SurveyPointsApi - All values for field 'Name' are valid for Member ID: 292
17:54:32.996 [main] INFO api.SurveyPointsApi - All values for field 'Name' are valid for Member ID: 293
17:54:33.001 [main] INFO api.SurveyPointsApi - All values for field 'Name' are valid for Member ID: 294
17:54:33.006 [main] INFO api.SurveyPointsApi - All values for field 'Name' are valid for Member ID: 295
17:54:33.013 [main] INFO api.SurveyPointsApi - All values for field 'Name' are valid for Member ID: 296
17:54:33.021 [main] INFO api.SurveyPointsApi - All values for field 'Name' are valid for Member ID: 297
17:54:33.027 [main] INFO api.SurveyPointsApi - All values for field 'Name' are valid for Member ID: 298
17:54:33.033 [main] INFO api.SurveyPointsApi - All values for field 'Name' are valid for Member ID: 299
17:54:33.039 [main] INFO api.SurveyPointsApi - All values for field 'Name' are valid for Member ID: 300
]]></system-out>
  </testcase>
  <testcase name="testSurveyCompletionPoints" classname="tests.integration.SurveyPointsTest" time="1.816">
    <system-out><![CDATA[17:54:33.043 [main] INFO api.SurveyPointsApi - Starting validation for status: Completion points
17:54:33.052 [main] INFO api.SurveyPointsApi - All values for field 'Completion points' are valid for Member ID: 1
17:54:33.060 [main] INFO api.SurveyPointsApi - All values for field 'Completion points' are valid for Member ID: 2
17:54:33.069 [main] INFO api.SurveyPointsApi - All values for field 'Completion points' are valid for Member ID: 3
17:54:33.076 [main] INFO api.SurveyPointsApi - All values for field 'Completion points' are valid for Member ID: 4
17:54:33.084 [main] INFO api.SurveyPointsApi - All values for field 'Completion points' are valid for Member ID: 5
17:54:33.099 [main] INFO api.SurveyPointsApi - All values for field 'Completion points' are valid for Member ID: 6
17:54:33.107 [main] INFO api.SurveyPointsApi - All values for field 'Completion points' are valid for Member ID: 7
17:54:33.114 [main] INFO api.SurveyPointsApi - All values for field 'Completion points' are valid for Member ID: 8
17:54:33.121 [main] INFO api.SurveyPointsApi - All values for field 'Completion points' are valid for Member ID: 9
17:54:33.128 [main] INFO api.SurveyPointsApi - All values for field 'Completion points' are valid for Member ID: 10
17:54:33.133 [main] INFO api.SurveyPointsApi - All values for field 'Completion points' are valid for Member ID: 11
17:54:33.138 [main] INFO api.SurveyPointsApi - All values for field 'Completion points' are valid for Member ID: 12
17:54:33.142 [main] INFO api.SurveyPointsApi - All values for field 'Completion points' are valid for Member ID: 13
17:54:33.149 [main] INFO api.SurveyPointsApi - All values for field 'Completion points' are valid for Member ID: 14
17:54:33.155 [main] INFO api.SurveyPointsApi - All values for field 'Completion points' are valid for Member ID: 15
17:54:33.163 [main] INFO api.SurveyPointsApi - All values for field 'Completion points' are valid for Member ID: 16
17:54:33.169 [main] INFO api.SurveyPointsApi - All values for field 'Completion points' are valid for Member ID: 17
17:54:33.176 [main] INFO api.SurveyPointsApi - All values for field 'Completion points' are valid for Member ID: 18
17:54:33.181 [main] INFO api.SurveyPointsApi - All values for field 'Completion points' are valid for Member ID: 19
17:54:33.186 [main] INFO api.SurveyPointsApi - All values for field 'Completion points' are valid for Member ID: 20
17:54:33.191 [main] INFO api.SurveyPointsApi - All values for field 'Completion points' are valid for Member ID: 21
17:54:33.198 [main] INFO api.SurveyPointsApi - All values for field 'Completion points' are valid for Member ID: 22
17:54:33.204 [main] INFO api.SurveyPointsApi - All values for field 'Completion points' are valid for Member ID: 23
17:54:33.211 [main] INFO api.SurveyPointsApi - All values for field 'Completion points' are valid for Member ID: 24
17:54:33.218 [main] INFO api.SurveyPointsApi - All values for field 'Completion points' are valid for Member ID: 25
17:54:33.225 [main] INFO api.SurveyPointsApi - All values for field 'Completion points' are valid for Member ID: 26
17:54:33.231 [main] INFO api.SurveyPointsApi - All values for field 'Completion points' are valid for Member ID: 27
17:54:33.237 [main] INFO api.SurveyPointsApi - All values for field 'Completion points' are valid for Member ID: 28
17:54:33.243 [main] INFO api.SurveyPointsApi - All values for field 'Completion points' are valid for Member ID: 29
17:54:33.250 [main] INFO api.SurveyPointsApi - All values for field 'Completion points' are valid for Member ID: 30
17:54:33.256 [main] INFO api.SurveyPointsApi - All values for field 'Completion points' are valid for Member ID: 31
17:54:33.261 [main] INFO api.SurveyPointsApi - All values for field 'Completion points' are valid for Member ID: 32
17:54:33.269 [main] INFO api.SurveyPointsApi - All values for field 'Completion points' are valid for Member ID: 33
17:54:33.274 [main] INFO api.SurveyPointsApi - All values for field 'Completion points' are valid for Member ID: 34
17:54:33.279 [main] INFO api.SurveyPointsApi - All values for field 'Completion points' are valid for Member ID: 35
17:54:33.283 [main] INFO api.SurveyPointsApi - All values for field 'Completion points' are valid for Member ID: 36
17:54:33.287 [main] INFO api.SurveyPointsApi - All values for field 'Completion points' are valid for Member ID: 37
17:54:33.292 [main] INFO api.SurveyPointsApi - All values for field 'Completion points' are valid for Member ID: 38
17:54:33.296 [main] INFO api.SurveyPointsApi - All values for field 'Completion points' are valid for Member ID: 39
17:54:33.301 [main] INFO api.SurveyPointsApi - All values for field 'Completion points' are valid for Member ID: 40
17:54:33.305 [main] INFO api.SurveyPointsApi - All values for field 'Completion points' are valid for Member ID: 41
17:54:33.309 [main] INFO api.SurveyPointsApi - All values for field 'Completion points' are valid for Member ID: 42
17:54:33.313 [main] INFO api.SurveyPointsApi - All values for field 'Completion points' are valid for Member ID: 43
17:54:33.318 [main] INFO api.SurveyPointsApi - All values for field 'Completion points' are valid for Member ID: 44
17:54:33.324 [main] INFO api.SurveyPointsApi - All values for field 'Completion points' are valid for Member ID: 45
17:54:33.329 [main] INFO api.SurveyPointsApi - All values for field 'Completion points' are valid for Member ID: 46
17:54:33.337 [main] INFO api.SurveyPointsApi - All values for field 'Completion points' are valid for Member ID: 47
17:54:33.342 [main] INFO api.SurveyPointsApi - All values for field 'Completion points' are valid for Member ID: 48
17:54:33.347 [main] INFO api.SurveyPointsApi - All values for field 'Completion points' are valid for Member ID: 49
17:54:33.353 [main] INFO api.SurveyPointsApi - All values for field 'Completion points' are valid for Member ID: 50
17:54:33.361 [main] INFO api.SurveyPointsApi - All values for field 'Completion points' are valid for Member ID: 51
17:54:33.371 [main] INFO api.SurveyPointsApi - All values for field 'Completion points' are valid for Member ID: 52
17:54:33.379 [main] INFO api.SurveyPointsApi - All values for field 'Completion points' are valid for Member ID: 53
17:54:33.386 [main] INFO api.SurveyPointsApi - All values for field 'Completion points' are valid for Member ID: 54
17:54:33.395 [main] INFO api.SurveyPointsApi - All values for field 'Completion points' are valid for Member ID: 55
17:54:33.403 [main] INFO api.SurveyPointsApi - All values for field 'Completion points' are valid for Member ID: 56
17:54:33.410 [main] INFO api.SurveyPointsApi - All values for field 'Completion points' are valid for Member ID: 57
17:54:33.416 [main] INFO api.SurveyPointsApi - All values for field 'Completion points' are valid for Member ID: 58
17:54:33.422 [main] INFO api.SurveyPointsApi - All values for field 'Completion points' are valid for Member ID: 59
17:54:33.427 [main] INFO api.SurveyPointsApi - All values for field 'Completion points' are valid for Member ID: 60
17:54:33.432 [main] INFO api.SurveyPointsApi - All values for field 'Completion points' are valid for Member ID: 61
17:54:33.437 [main] INFO api.SurveyPointsApi - All values for field 'Completion points' are valid for Member ID: 62
17:54:33.443 [main] INFO api.SurveyPointsApi - All values for field 'Completion points' are valid for Member ID: 63
17:54:33.449 [main] INFO api.SurveyPointsApi - All values for field 'Completion points' are valid for Member ID: 64
17:54:33.456 [main] INFO api.SurveyPointsApi - All values for field 'Completion points' are valid for Member ID: 65
17:54:33.463 [main] INFO api.SurveyPointsApi - All values for field 'Completion points' are valid for Member ID: 66
17:54:33.469 [main] INFO api.SurveyPointsApi - All values for field 'Completion points' are valid for Member ID: 67
17:54:33.474 [main] INFO api.SurveyPointsApi - All values for field 'Completion points' are valid for Member ID: 68
17:54:33.480 [main] INFO api.SurveyPointsApi - All values for field 'Completion points' are valid for Member ID: 69
17:54:33.491 [main] INFO api.SurveyPointsApi - All values for field 'Completion points' are valid for Member ID: 70
17:54:33.498 [main] INFO api.SurveyPointsApi - All values for field 'Completion points' are valid for Member ID: 71
17:54:33.505 [main] INFO api.SurveyPointsApi - All values for field 'Completion points' are valid for Member ID: 72
17:54:33.511 [main] INFO api.SurveyPointsApi - All values for field 'Completion points' are valid for Member ID: 73
17:54:33.515 [main] INFO api.SurveyPointsApi - All values for field 'Completion points' are valid for Member ID: 74
17:54:33.520 [main] INFO api.SurveyPointsApi - All values for field 'Completion points' are valid for Member ID: 75
17:54:33.524 [main] INFO api.SurveyPointsApi - All values for field 'Completion points' are valid for Member ID: 76
17:54:33.529 [main] INFO api.SurveyPointsApi - All values for field 'Completion points' are valid for Member ID: 77
17:54:33.533 [main] INFO api.SurveyPointsApi - All values for field 'Completion points' are valid for Member ID: 78
17:54:33.538 [main] INFO api.SurveyPointsApi - All values for field 'Completion points' are valid for Member ID: 79
17:54:33.542 [main] INFO api.SurveyPointsApi - All values for field 'Completion points' are valid for Member ID: 80
17:54:33.546 [main] INFO api.SurveyPointsApi - All values for field 'Completion points' are valid for Member ID: 81
17:54:33.551 [main] INFO api.SurveyPointsApi - All values for field 'Completion points' are valid for Member ID: 82
17:54:33.556 [main] INFO api.SurveyPointsApi - All values for field 'Completion points' are valid for Member ID: 83
17:54:33.561 [main] INFO api.SurveyPointsApi - All values for field 'Completion points' are valid for Member ID: 84
17:54:33.567 [main] INFO api.SurveyPointsApi - All values for field 'Completion points' are valid for Member ID: 85
17:54:33.573 [main] INFO api.SurveyPointsApi - All values for field 'Completion points' are valid for Member ID: 86
17:54:33.580 [main] INFO api.SurveyPointsApi - All values for field 'Completion points' are valid for Member ID: 87
17:54:33.587 [main] INFO api.SurveyPointsApi - All values for field 'Completion points' are valid for Member ID: 88
17:54:33.594 [main] INFO api.SurveyPointsApi - All values for field 'Completion points' are valid for Member ID: 89
17:54:33.602 [main] INFO api.SurveyPointsApi - All values for field 'Completion points' are valid for Member ID: 90
17:54:33.608 [main] INFO api.SurveyPointsApi - All values for field 'Completion points' are valid for Member ID: 91
17:54:33.614 [main] INFO api.SurveyPointsApi - All values for field 'Completion points' are valid for Member ID: 92
17:54:33.620 [main] INFO api.SurveyPointsApi - All values for field 'Completion points' are valid for Member ID: 93
17:54:33.626 [main] INFO api.SurveyPointsApi - All values for field 'Completion points' are valid for Member ID: 94
17:54:33.633 [main] INFO api.SurveyPointsApi - All values for field 'Completion points' are valid for Member ID: 95
17:54:33.638 [main] INFO api.SurveyPointsApi - All values for field 'Completion points' are valid for Member ID: 96
17:54:33.645 [main] INFO api.SurveyPointsApi - All values for field 'Completion points' are valid for Member ID: 97
17:54:33.651 [main] INFO api.SurveyPointsApi - All values for field 'Completion points' are valid for Member ID: 98
17:54:33.656 [main] INFO api.SurveyPointsApi - All values for field 'Completion points' are valid for Member ID: 99
17:54:33.676 [main] INFO api.SurveyPointsApi - All values for field 'Completion points' are valid for Member ID: 100
17:54:33.685 [main] INFO api.SurveyPointsApi - All values for field 'Completion points' are valid for Member ID: 101
17:54:33.691 [main] INFO api.SurveyPointsApi - All values for field 'Completion points' are valid for Member ID: 102
17:54:33.698 [main] INFO api.SurveyPointsApi - All values for field 'Completion points' are valid for Member ID: 103
17:54:33.705 [main] INFO api.SurveyPointsApi - All values for field 'Completion points' are valid for Member ID: 104
17:54:33.712 [main] INFO api.SurveyPointsApi - All values for field 'Completion points' are valid for Member ID: 105
17:54:33.718 [main] INFO api.SurveyPointsApi - All values for field 'Completion points' are valid for Member ID: 106
17:54:33.724 [main] INFO api.SurveyPointsApi - All values for field 'Completion points' are valid for Member ID: 107
17:54:33.730 [main] INFO api.SurveyPointsApi - All values for field 'Completion points' are valid for Member ID: 108
17:54:33.736 [main] INFO api.SurveyPointsApi - All values for field 'Completion points' are valid for Member ID: 109
17:54:33.743 [main] INFO api.SurveyPointsApi - All values for field 'Completion points' are valid for Member ID: 110
17:54:33.749 [main] INFO api.SurveyPointsApi - All values for field 'Completion points' are valid for Member ID: 111
17:54:33.756 [main] INFO api.SurveyPointsApi - All values for field 'Completion points' are valid for Member ID: 112
17:54:33.763 [main] INFO api.SurveyPointsApi - All values for field 'Completion points' are valid for Member ID: 113
17:54:33.770 [main] INFO api.SurveyPointsApi - All values for field 'Completion points' are valid for Member ID: 114
17:54:33.776 [main] INFO api.SurveyPointsApi - All values for field 'Completion points' are valid for Member ID: 115
17:54:33.781 [main] INFO api.SurveyPointsApi - All values for field 'Completion points' are valid for Member ID: 116
17:54:33.786 [main] INFO api.SurveyPointsApi - All values for field 'Completion points' are valid for Member ID: 117
17:54:33.790 [main] INFO api.SurveyPointsApi - All values for field 'Completion points' are valid for Member ID: 118
17:54:33.796 [main] INFO api.SurveyPointsApi - All values for field 'Completion points' are valid for Member ID: 119
17:54:33.801 [main] INFO api.SurveyPointsApi - All values for field 'Completion points' are valid for Member ID: 120
17:54:33.805 [main] INFO api.SurveyPointsApi - All values for field 'Completion points' are valid for Member ID: 121
17:54:33.809 [main] INFO api.SurveyPointsApi - All values for field 'Completion points' are valid for Member ID: 122
17:54:33.814 [main] INFO api.SurveyPointsApi - All values for field 'Completion points' are valid for Member ID: 123
17:54:33.819 [main] INFO api.SurveyPointsApi - All values for field 'Completion points' are valid for Member ID: 124
17:54:33.823 [main] INFO api.SurveyPointsApi - All values for field 'Completion points' are valid for Member ID: 125
17:54:33.829 [main] INFO api.SurveyPointsApi - All values for field 'Completion points' are valid for Member ID: 126
17:54:33.835 [main] INFO api.SurveyPointsApi - All values for field 'Completion points' are valid for Member ID: 127
17:54:33.840 [main] INFO api.SurveyPointsApi - All values for field 'Completion points' are valid for Member ID: 128
17:54:33.844 [main] INFO api.SurveyPointsApi - All values for field 'Completion points' are valid for Member ID: 129
17:54:33.850 [main] INFO api.SurveyPointsApi - All values for field 'Completion points' are valid for Member ID: 130
17:54:33.855 [main] INFO api.SurveyPointsApi - All values for field 'Completion points' are valid for Member ID: 131
17:54:33.859 [main] INFO api.SurveyPointsApi - All values for field 'Completion points' are valid for Member ID: 132
17:54:33.864 [main] INFO api.SurveyPointsApi - All values for field 'Completion points' are valid for Member ID: 133
17:54:33.877 [main] INFO api.SurveyPointsApi - All values for field 'Completion points' are valid for Member ID: 134
17:54:33.884 [main] INFO api.SurveyPointsApi - All values for field 'Completion points' are valid for Member ID: 135
17:54:33.890 [main] INFO api.SurveyPointsApi - All values for field 'Completion points' are valid for Member ID: 136
17:54:33.896 [main] INFO api.SurveyPointsApi - All values for field 'Completion points' are valid for Member ID: 137
17:54:33.902 [main] INFO api.SurveyPointsApi - All values for field 'Completion points' are valid for Member ID: 138
17:54:33.908 [main] INFO api.SurveyPointsApi - All values for field 'Completion points' are valid for Member ID: 139
17:54:33.914 [main] INFO api.SurveyPointsApi - All values for field 'Completion points' are valid for Member ID: 140
17:54:33.919 [main] INFO api.SurveyPointsApi - All values for field 'Completion points' are valid for Member ID: 141
17:54:33.925 [main] INFO api.SurveyPointsApi - All values for field 'Completion points' are valid for Member ID: 142
17:54:33.930 [main] INFO api.SurveyPointsApi - All values for field 'Completion points' are valid for Member ID: 143
17:54:33.937 [main] INFO api.SurveyPointsApi - All values for field 'Completion points' are valid for Member ID: 144
17:54:33.943 [main] INFO api.SurveyPointsApi - All values for field 'Completion points' are valid for Member ID: 145
17:54:33.950 [main] INFO api.SurveyPointsApi - All values for field 'Completion points' are valid for Member ID: 146
17:54:33.957 [main] INFO api.SurveyPointsApi - All values for field 'Completion points' are valid for Member ID: 147
17:54:33.964 [main] INFO api.SurveyPointsApi - All values for field 'Completion points' are valid for Member ID: 148
17:54:33.971 [main] INFO api.SurveyPointsApi - All values for field 'Completion points' are valid for Member ID: 149
17:54:33.977 [main] INFO api.SurveyPointsApi - All values for field 'Completion points' are valid for Member ID: 150
17:54:33.983 [main] INFO api.SurveyPointsApi - All values for field 'Completion points' are valid for Member ID: 151
17:54:33.989 [main] INFO api.SurveyPointsApi - All values for field 'Completion points' are valid for Member ID: 152
17:54:33.994 [main] INFO api.SurveyPointsApi - All values for field 'Completion points' are valid for Member ID: 153
17:54:34.001 [main] INFO api.SurveyPointsApi - All values for field 'Completion points' are valid for Member ID: 154
17:54:34.007 [main] INFO api.SurveyPointsApi - All values for field 'Completion points' are valid for Member ID: 155
17:54:34.012 [main] INFO api.SurveyPointsApi - All values for field 'Completion points' are valid for Member ID: 156
17:54:34.019 [main] INFO api.SurveyPointsApi - All values for field 'Completion points' are valid for Member ID: 157
17:54:34.025 [main] INFO api.SurveyPointsApi - All values for field 'Completion points' are valid for Member ID: 158
17:54:34.030 [main] INFO api.SurveyPointsApi - All values for field 'Completion points' are valid for Member ID: 159
17:54:34.035 [main] INFO api.SurveyPointsApi - All values for field 'Completion points' are valid for Member ID: 160
17:54:34.040 [main] INFO api.SurveyPointsApi - All values for field 'Completion points' are valid for Member ID: 161
17:54:34.046 [main] INFO api.SurveyPointsApi - All values for field 'Completion points' are valid for Member ID: 162
17:54:34.052 [main] INFO api.SurveyPointsApi - All values for field 'Completion points' are valid for Member ID: 163
17:54:34.057 [main] INFO api.SurveyPointsApi - All values for field 'Completion points' are valid for Member ID: 164
17:54:34.062 [main] INFO api.SurveyPointsApi - All values for field 'Completion points' are valid for Member ID: 165
17:54:34.067 [main] INFO api.SurveyPointsApi - All values for field 'Completion points' are valid for Member ID: 166
17:54:34.073 [main] INFO api.SurveyPointsApi - All values for field 'Completion points' are valid for Member ID: 167
17:54:34.079 [main] INFO api.SurveyPointsApi - All values for field 'Completion points' are valid for Member ID: 168
17:54:34.086 [main] INFO api.SurveyPointsApi - All values for field 'Completion points' are valid for Member ID: 169
17:54:34.094 [main] INFO api.SurveyPointsApi - All values for field 'Completion points' are valid for Member ID: 170
17:54:34.099 [main] INFO api.SurveyPointsApi - All values for field 'Completion points' are valid for Member ID: 171
17:54:34.105 [main] INFO api.SurveyPointsApi - All values for field 'Completion points' are valid for Member ID: 172
17:54:34.110 [main] INFO api.SurveyPointsApi - All values for field 'Completion points' are valid for Member ID: 173
17:54:34.115 [main] INFO api.SurveyPointsApi - All values for field 'Completion points' are valid for Member ID: 174
17:54:34.120 [main] INFO api.SurveyPointsApi - All values for field 'Completion points' are valid for Member ID: 175
17:54:34.125 [main] INFO api.SurveyPointsApi - All values for field 'Completion points' are valid for Member ID: 176
17:54:34.130 [main] INFO api.SurveyPointsApi - All values for field 'Completion points' are valid for Member ID: 177
17:54:34.136 [main] INFO api.SurveyPointsApi - All values for field 'Completion points' are valid for Member ID: 178
17:54:34.147 [main] INFO api.SurveyPointsApi - All values for field 'Completion points' are valid for Member ID: 179
17:54:34.158 [main] INFO api.SurveyPointsApi - All values for field 'Completion points' are valid for Member ID: 180
17:54:34.166 [main] INFO api.SurveyPointsApi - All values for field 'Completion points' are valid for Member ID: 181
17:54:34.174 [main] INFO api.SurveyPointsApi - All values for field 'Completion points' are valid for Member ID: 182
17:54:34.180 [main] INFO api.SurveyPointsApi - All values for field 'Completion points' are valid for Member ID: 183
17:54:34.187 [main] INFO api.SurveyPointsApi - All values for field 'Completion points' are valid for Member ID: 184
17:54:34.193 [main] INFO api.SurveyPointsApi - All values for field 'Completion points' are valid for Member ID: 185
17:54:34.199 [main] INFO api.SurveyPointsApi - All values for field 'Completion points' are valid for Member ID: 186
17:54:34.207 [main] INFO api.SurveyPointsApi - All values for field 'Completion points' are valid for Member ID: 187
17:54:34.213 [main] INFO api.SurveyPointsApi - All values for field 'Completion points' are valid for Member ID: 188
17:54:34.220 [main] INFO api.SurveyPointsApi - All values for field 'Completion points' are valid for Member ID: 189
17:54:34.226 [main] INFO api.SurveyPointsApi - All values for field 'Completion points' are valid for Member ID: 190
17:54:34.233 [main] INFO api.SurveyPointsApi - All values for field 'Completion points' are valid for Member ID: 191
17:54:34.239 [main] INFO api.SurveyPointsApi - All values for field 'Completion points' are valid for Member ID: 192
17:54:34.245 [main] INFO api.SurveyPointsApi - All values for field 'Completion points' are valid for Member ID: 193
17:54:34.251 [main] INFO api.SurveyPointsApi - All values for field 'Completion points' are valid for Member ID: 194
17:54:34.256 [main] INFO api.SurveyPointsApi - All values for field 'Completion points' are valid for Member ID: 195
17:54:34.262 [main] INFO api.SurveyPointsApi - All values for field 'Completion points' are valid for Member ID: 196
17:54:34.268 [main] INFO api.SurveyPointsApi - All values for field 'Completion points' are valid for Member ID: 197
17:54:34.281 [main] INFO api.SurveyPointsApi - All values for field 'Completion points' are valid for Member ID: 198
17:54:34.287 [main] INFO api.SurveyPointsApi - All values for field 'Completion points' are valid for Member ID: 199
17:54:34.293 [main] INFO api.SurveyPointsApi - All values for field 'Completion points' are valid for Member ID: 200
17:54:34.297 [main] INFO api.SurveyPointsApi - All values for field 'Completion points' are valid for Member ID: 201
17:54:34.304 [main] INFO api.SurveyPointsApi - All values for field 'Completion points' are valid for Member ID: 202
17:54:34.310 [main] INFO api.SurveyPointsApi - All values for field 'Completion points' are valid for Member ID: 203
17:54:34.316 [main] INFO api.SurveyPointsApi - All values for field 'Completion points' are valid for Member ID: 204
17:54:34.324 [main] INFO api.SurveyPointsApi - All values for field 'Completion points' are valid for Member ID: 205
17:54:34.331 [main] INFO api.SurveyPointsApi - All values for field 'Completion points' are valid for Member ID: 206
17:54:34.338 [main] INFO api.SurveyPointsApi - All values for field 'Completion points' are valid for Member ID: 207
17:54:34.345 [main] INFO api.SurveyPointsApi - All values for field 'Completion points' are valid for Member ID: 208
17:54:34.351 [main] INFO api.SurveyPointsApi - All values for field 'Completion points' are valid for Member ID: 209
17:54:34.359 [main] INFO api.SurveyPointsApi - All values for field 'Completion points' are valid for Member ID: 210
17:54:34.364 [main] INFO api.SurveyPointsApi - All values for field 'Completion points' are valid for Member ID: 211
17:54:34.371 [main] INFO api.SurveyPointsApi - All values for field 'Completion points' are valid for Member ID: 212
17:54:34.377 [main] INFO api.SurveyPointsApi - All values for field 'Completion points' are valid for Member ID: 213
17:54:34.381 [main] INFO api.SurveyPointsApi - All values for field 'Completion points' are valid for Member ID: 214
17:54:34.387 [main] INFO api.SurveyPointsApi - All values for field 'Completion points' are valid for Member ID: 215
17:54:34.391 [main] INFO api.SurveyPointsApi - All values for field 'Completion points' are valid for Member ID: 216
17:54:34.395 [main] INFO api.SurveyPointsApi - All values for field 'Completion points' are valid for Member ID: 217
17:54:34.399 [main] INFO api.SurveyPointsApi - All values for field 'Completion points' are valid for Member ID: 218
17:54:34.404 [main] INFO api.SurveyPointsApi - All values for field 'Completion points' are valid for Member ID: 219
17:54:34.408 [main] INFO api.SurveyPointsApi - All values for field 'Completion points' are valid for Member ID: 220
17:54:34.412 [main] INFO api.SurveyPointsApi - All values for field 'Completion points' are valid for Member ID: 221
17:54:34.418 [main] INFO api.SurveyPointsApi - All values for field 'Completion points' are valid for Member ID: 222
17:54:34.424 [main] INFO api.SurveyPointsApi - All values for field 'Completion points' are valid for Member ID: 223
17:54:34.430 [main] INFO api.SurveyPointsApi - All values for field 'Completion points' are valid for Member ID: 224
17:54:34.436 [main] INFO api.SurveyPointsApi - All values for field 'Completion points' are valid for Member ID: 225
17:54:34.442 [main] INFO api.SurveyPointsApi - All values for field 'Completion points' are valid for Member ID: 226
17:54:34.447 [main] INFO api.SurveyPointsApi - All values for field 'Completion points' are valid for Member ID: 227
17:54:34.451 [main] INFO api.SurveyPointsApi - All values for field 'Completion points' are valid for Member ID: 228
17:54:34.455 [main] INFO api.SurveyPointsApi - All values for field 'Completion points' are valid for Member ID: 229
17:54:34.459 [main] INFO api.SurveyPointsApi - All values for field 'Completion points' are valid for Member ID: 230
17:54:34.462 [main] INFO api.SurveyPointsApi - All values for field 'Completion points' are valid for Member ID: 231
17:54:34.466 [main] INFO api.SurveyPointsApi - All values for field 'Completion points' are valid for Member ID: 232
17:54:34.472 [main] INFO api.SurveyPointsApi - All values for field 'Completion points' are valid for Member ID: 233
17:54:34.478 [main] INFO api.SurveyPointsApi - All values for field 'Completion points' are valid for Member ID: 234
17:54:34.484 [main] INFO api.SurveyPointsApi - All values for field 'Completion points' are valid for Member ID: 235
17:54:34.490 [main] INFO api.SurveyPointsApi - All values for field 'Completion points' are valid for Member ID: 236
17:54:34.495 [main] INFO api.SurveyPointsApi - All values for field 'Completion points' are valid for Member ID: 237
17:54:34.500 [main] INFO api.SurveyPointsApi - All values for field 'Completion points' are valid for Member ID: 238
17:54:34.505 [main] INFO api.SurveyPointsApi - All values for field 'Completion points' are valid for Member ID: 239
17:54:34.509 [main] INFO api.SurveyPointsApi - All values for field 'Completion points' are valid for Member ID: 240
17:54:34.516 [main] INFO api.SurveyPointsApi - All values for field 'Completion points' are valid for Member ID: 241
17:54:34.523 [main] INFO api.SurveyPointsApi - All values for field 'Completion points' are valid for Member ID: 242
17:54:34.529 [main] INFO api.SurveyPointsApi - All values for field 'Completion points' are valid for Member ID: 243
17:54:34.536 [main] INFO api.SurveyPointsApi - All values for field 'Completion points' are valid for Member ID: 244
17:54:34.542 [main] INFO api.SurveyPointsApi - All values for field 'Completion points' are valid for Member ID: 245
17:54:34.549 [main] INFO api.SurveyPointsApi - All values for field 'Completion points' are valid for Member ID: 246
17:54:34.555 [main] INFO api.SurveyPointsApi - All values for field 'Completion points' are valid for Member ID: 247
17:54:34.583 [main] INFO api.SurveyPointsApi - All values for field 'Completion points' are valid for Member ID: 248
17:54:34.595 [main] INFO api.SurveyPointsApi - All values for field 'Completion points' are valid for Member ID: 249
17:54:34.601 [main] INFO api.SurveyPointsApi - All values for field 'Completion points' are valid for Member ID: 250
17:54:34.606 [main] INFO api.SurveyPointsApi - All values for field 'Completion points' are valid for Member ID: 251
17:54:34.610 [main] INFO api.SurveyPointsApi - All values for field 'Completion points' are valid for Member ID: 252
17:54:34.614 [main] INFO api.SurveyPointsApi - All values for field 'Completion points' are valid for Member ID: 253
17:54:34.617 [main] INFO api.SurveyPointsApi - All values for field 'Completion points' are valid for Member ID: 254
17:54:34.621 [main] INFO api.SurveyPointsApi - All values for field 'Completion points' are valid for Member ID: 255
17:54:34.625 [main] INFO api.SurveyPointsApi - All values for field 'Completion points' are valid for Member ID: 256
17:54:34.629 [main] INFO api.SurveyPointsApi - All values for field 'Completion points' are valid for Member ID: 257
17:54:34.633 [main] INFO api.SurveyPointsApi - All values for field 'Completion points' are valid for Member ID: 258
17:54:34.637 [main] INFO api.SurveyPointsApi - All values for field 'Completion points' are valid for Member ID: 259
17:54:34.643 [main] INFO api.SurveyPointsApi - All values for field 'Completion points' are valid for Member ID: 260
17:54:34.648 [main] INFO api.SurveyPointsApi - All values for field 'Completion points' are valid for Member ID: 261
17:54:34.660 [main] INFO api.SurveyPointsApi - All values for field 'Completion points' are valid for Member ID: 262
17:54:34.665 [main] INFO api.SurveyPointsApi - All values for field 'Completion points' are valid for Member ID: 263
17:54:34.673 [main] INFO api.SurveyPointsApi - All values for field 'Completion points' are valid for Member ID: 264
17:54:34.679 [main] INFO api.SurveyPointsApi - All values for field 'Completion points' are valid for Member ID: 265
17:54:34.685 [main] INFO api.SurveyPointsApi - All values for field 'Completion points' are valid for Member ID: 266
17:54:34.691 [main] INFO api.SurveyPointsApi - All values for field 'Completion points' are valid for Member ID: 267
17:54:34.696 [main] INFO api.SurveyPointsApi - All values for field 'Completion points' are valid for Member ID: 268
17:54:34.701 [main] INFO api.SurveyPointsApi - All values for field 'Completion points' are valid for Member ID: 269
17:54:34.707 [main] INFO api.SurveyPointsApi - All values for field 'Completion points' are valid for Member ID: 270
17:54:34.712 [main] INFO api.SurveyPointsApi - All values for field 'Completion points' are valid for Member ID: 271
17:54:34.716 [main] INFO api.SurveyPointsApi - All values for field 'Completion points' are valid for Member ID: 272
17:54:34.722 [main] INFO api.SurveyPointsApi - All values for field 'Completion points' are valid for Member ID: 273
17:54:34.727 [main] INFO api.SurveyPointsApi - All values for field 'Completion points' are valid for Member ID: 274
17:54:34.732 [main] INFO api.SurveyPointsApi - All values for field 'Completion points' are valid for Member ID: 275
17:54:34.738 [main] INFO api.SurveyPointsApi - All values for field 'Completion points' are valid for Member ID: 276
17:54:34.745 [main] INFO api.SurveyPointsApi - All values for field 'Completion points' are valid for Member ID: 277
17:54:34.751 [main] INFO api.SurveyPointsApi - All values for field 'Completion points' are valid for Member ID: 278
17:54:34.756 [main] INFO api.SurveyPointsApi - All values for field 'Completion points' are valid for Member ID: 279
17:54:34.761 [main] INFO api.SurveyPointsApi - All values for field 'Completion points' are valid for Member ID: 280
17:54:34.765 [main] INFO api.SurveyPointsApi - All values for field 'Completion points' are valid for Member ID: 281
17:54:34.771 [main] INFO api.SurveyPointsApi - All values for field 'Completion points' are valid for Member ID: 282
17:54:34.779 [main] INFO api.SurveyPointsApi - All values for field 'Completion points' are valid for Member ID: 283
17:54:34.786 [main] INFO api.SurveyPointsApi - All values for field 'Completion points' are valid for Member ID: 284
17:54:34.790 [main] INFO api.SurveyPointsApi - All values for field 'Completion points' are valid for Member ID: 285
17:54:34.795 [main] INFO api.SurveyPointsApi - All values for field 'Completion points' are valid for Member ID: 286
17:54:34.799 [main] INFO api.SurveyPointsApi - All values for field 'Completion points' are valid for Member ID: 287
17:54:34.803 [main] INFO api.SurveyPointsApi - All values for field 'Completion points' are valid for Member ID: 288
17:54:34.807 [main] INFO api.SurveyPointsApi - All values for field 'Completion points' are valid for Member ID: 289
17:54:34.811 [main] INFO api.SurveyPointsApi - All values for field 'Completion points' are valid for Member ID: 290
17:54:34.816 [main] INFO api.SurveyPointsApi - All values for field 'Completion points' are valid for Member ID: 291
17:54:34.822 [main] INFO api.SurveyPointsApi - All values for field 'Completion points' are valid for Member ID: 292
17:54:34.828 [main] INFO api.SurveyPointsApi - All values for field 'Completion points' are valid for Member ID: 293
17:54:34.834 [main] INFO api.SurveyPointsApi - All values for field 'Completion points' are valid for Member ID: 294
17:54:34.839 [main] INFO api.SurveyPointsApi - All values for field 'Completion points' are valid for Member ID: 295
17:54:34.843 [main] INFO api.SurveyPointsApi - All values for field 'Completion points' are valid for Member ID: 296
17:54:34.847 [main] INFO api.SurveyPointsApi - All values for field 'Completion points' are valid for Member ID: 297
17:54:34.850 [main] INFO api.SurveyPointsApi - All values for field 'Completion points' are valid for Member ID: 298
17:54:34.854 [main] INFO api.SurveyPointsApi - All values for field 'Completion points' are valid for Member ID: 299
17:54:34.858 [main] INFO api.SurveyPointsApi - All values for field 'Completion points' are valid for Member ID: 300
]]></system-out>
  </testcase>
  <testcase name="testSurveyExpectedCompletes" classname="tests.integration.SurveyPointsTest" time="1.758">
    <system-out><![CDATA[17:54:34.861 [main] INFO api.SurveyPointsApi - Starting validation for status: Expected completes
17:54:34.867 [main] INFO api.SurveyPointsApi - All values for field 'Expected completes' are valid for Member ID: 1
17:54:34.874 [main] INFO api.SurveyPointsApi - All values for field 'Expected completes' are valid for Member ID: 2
17:54:34.879 [main] INFO api.SurveyPointsApi - All values for field 'Expected completes' are valid for Member ID: 3
17:54:34.884 [main] INFO api.SurveyPointsApi - All values for field 'Expected completes' are valid for Member ID: 4
17:54:34.889 [main] INFO api.SurveyPointsApi - All values for field 'Expected completes' are valid for Member ID: 5
17:54:34.896 [main] INFO api.SurveyPointsApi - All values for field 'Expected completes' are valid for Member ID: 6
17:54:34.904 [main] INFO api.SurveyPointsApi - All values for field 'Expected completes' are valid for Member ID: 7
17:54:34.911 [main] INFO api.SurveyPointsApi - All values for field 'Expected completes' are valid for Member ID: 8
17:54:34.917 [main] INFO api.SurveyPointsApi - All values for field 'Expected completes' are valid for Member ID: 9
17:54:34.924 [main] INFO api.SurveyPointsApi - All values for field 'Expected completes' are valid for Member ID: 10
17:54:34.930 [main] INFO api.SurveyPointsApi - All values for field 'Expected completes' are valid for Member ID: 11
17:54:34.936 [main] INFO api.SurveyPointsApi - All values for field 'Expected completes' are valid for Member ID: 12
17:54:34.940 [main] INFO api.SurveyPointsApi - All values for field 'Expected completes' are valid for Member ID: 13
17:54:34.945 [main] INFO api.SurveyPointsApi - All values for field 'Expected completes' are valid for Member ID: 14
17:54:34.949 [main] INFO api.SurveyPointsApi - All values for field 'Expected completes' are valid for Member ID: 15
17:54:34.953 [main] INFO api.SurveyPointsApi - All values for field 'Expected completes' are valid for Member ID: 16
17:54:34.957 [main] INFO api.SurveyPointsApi - All values for field 'Expected completes' are valid for Member ID: 17
17:54:34.962 [main] INFO api.SurveyPointsApi - All values for field 'Expected completes' are valid for Member ID: 18
17:54:34.966 [main] INFO api.SurveyPointsApi - All values for field 'Expected completes' are valid for Member ID: 19
17:54:34.971 [main] INFO api.SurveyPointsApi - All values for field 'Expected completes' are valid for Member ID: 20
17:54:34.977 [main] INFO api.SurveyPointsApi - All values for field 'Expected completes' are valid for Member ID: 21
17:54:34.982 [main] INFO api.SurveyPointsApi - All values for field 'Expected completes' are valid for Member ID: 22
17:54:34.987 [main] INFO api.SurveyPointsApi - All values for field 'Expected completes' are valid for Member ID: 23
17:54:34.991 [main] INFO api.SurveyPointsApi - All values for field 'Expected completes' are valid for Member ID: 24
17:54:34.995 [main] INFO api.SurveyPointsApi - All values for field 'Expected completes' are valid for Member ID: 25
17:54:35.009 [main] INFO api.SurveyPointsApi - All values for field 'Expected completes' are valid for Member ID: 26
17:54:35.019 [main] INFO api.SurveyPointsApi - All values for field 'Expected completes' are valid for Member ID: 27
17:54:35.029 [main] INFO api.SurveyPointsApi - All values for field 'Expected completes' are valid for Member ID: 28
17:54:35.037 [main] INFO api.SurveyPointsApi - All values for field 'Expected completes' are valid for Member ID: 29
17:54:35.046 [main] INFO api.SurveyPointsApi - All values for field 'Expected completes' are valid for Member ID: 30
17:54:35.054 [main] INFO api.SurveyPointsApi - All values for field 'Expected completes' are valid for Member ID: 31
17:54:35.062 [main] INFO api.SurveyPointsApi - All values for field 'Expected completes' are valid for Member ID: 32
17:54:35.067 [main] INFO api.SurveyPointsApi - All values for field 'Expected completes' are valid for Member ID: 33
17:54:35.072 [main] INFO api.SurveyPointsApi - All values for field 'Expected completes' are valid for Member ID: 34
17:54:35.077 [main] INFO api.SurveyPointsApi - All values for field 'Expected completes' are valid for Member ID: 35
17:54:35.082 [main] INFO api.SurveyPointsApi - All values for field 'Expected completes' are valid for Member ID: 36
17:54:35.086 [main] INFO api.SurveyPointsApi - All values for field 'Expected completes' are valid for Member ID: 37
17:54:35.092 [main] INFO api.SurveyPointsApi - All values for field 'Expected completes' are valid for Member ID: 38
17:54:35.097 [main] INFO api.SurveyPointsApi - All values for field 'Expected completes' are valid for Member ID: 39
17:54:35.101 [main] INFO api.SurveyPointsApi - All values for field 'Expected completes' are valid for Member ID: 40
17:54:35.106 [main] INFO api.SurveyPointsApi - All values for field 'Expected completes' are valid for Member ID: 41
17:54:35.110 [main] INFO api.SurveyPointsApi - All values for field 'Expected completes' are valid for Member ID: 42
17:54:35.114 [main] INFO api.SurveyPointsApi - All values for field 'Expected completes' are valid for Member ID: 43
17:54:35.119 [main] INFO api.SurveyPointsApi - All values for field 'Expected completes' are valid for Member ID: 44
17:54:35.123 [main] INFO api.SurveyPointsApi - All values for field 'Expected completes' are valid for Member ID: 45
17:54:35.127 [main] INFO api.SurveyPointsApi - All values for field 'Expected completes' are valid for Member ID: 46
17:54:35.132 [main] INFO api.SurveyPointsApi - All values for field 'Expected completes' are valid for Member ID: 47
17:54:35.136 [main] INFO api.SurveyPointsApi - All values for field 'Expected completes' are valid for Member ID: 48
17:54:35.140 [main] INFO api.SurveyPointsApi - All values for field 'Expected completes' are valid for Member ID: 49
17:54:35.144 [main] INFO api.SurveyPointsApi - All values for field 'Expected completes' are valid for Member ID: 50
17:54:35.149 [main] INFO api.SurveyPointsApi - All values for field 'Expected completes' are valid for Member ID: 51
17:54:35.154 [main] INFO api.SurveyPointsApi - All values for field 'Expected completes' are valid for Member ID: 52
17:54:35.159 [main] INFO api.SurveyPointsApi - All values for field 'Expected completes' are valid for Member ID: 53
17:54:35.163 [main] INFO api.SurveyPointsApi - All values for field 'Expected completes' are valid for Member ID: 54
17:54:35.168 [main] INFO api.SurveyPointsApi - All values for field 'Expected completes' are valid for Member ID: 55
17:54:35.172 [main] INFO api.SurveyPointsApi - All values for field 'Expected completes' are valid for Member ID: 56
17:54:35.177 [main] INFO api.SurveyPointsApi - All values for field 'Expected completes' are valid for Member ID: 57
17:54:35.183 [main] INFO api.SurveyPointsApi - All values for field 'Expected completes' are valid for Member ID: 58
17:54:35.189 [main] INFO api.SurveyPointsApi - All values for field 'Expected completes' are valid for Member ID: 59
17:54:35.194 [main] INFO api.SurveyPointsApi - All values for field 'Expected completes' are valid for Member ID: 60
17:54:35.198 [main] INFO api.SurveyPointsApi - All values for field 'Expected completes' are valid for Member ID: 61
17:54:35.203 [main] INFO api.SurveyPointsApi - All values for field 'Expected completes' are valid for Member ID: 62
17:54:35.209 [main] INFO api.SurveyPointsApi - All values for field 'Expected completes' are valid for Member ID: 63
17:54:35.213 [main] INFO api.SurveyPointsApi - All values for field 'Expected completes' are valid for Member ID: 64
17:54:35.218 [main] INFO api.SurveyPointsApi - All values for field 'Expected completes' are valid for Member ID: 65
17:54:35.222 [main] INFO api.SurveyPointsApi - All values for field 'Expected completes' are valid for Member ID: 66
17:54:35.227 [main] INFO api.SurveyPointsApi - All values for field 'Expected completes' are valid for Member ID: 67
17:54:35.233 [main] INFO api.SurveyPointsApi - All values for field 'Expected completes' are valid for Member ID: 68
17:54:35.239 [main] INFO api.SurveyPointsApi - All values for field 'Expected completes' are valid for Member ID: 69
17:54:35.244 [main] INFO api.SurveyPointsApi - All values for field 'Expected completes' are valid for Member ID: 70
17:54:35.249 [main] INFO api.SurveyPointsApi - All values for field 'Expected completes' are valid for Member ID: 71
17:54:35.253 [main] INFO api.SurveyPointsApi - All values for field 'Expected completes' are valid for Member ID: 72
17:54:35.258 [main] INFO api.SurveyPointsApi - All values for field 'Expected completes' are valid for Member ID: 73
17:54:35.262 [main] INFO api.SurveyPointsApi - All values for field 'Expected completes' are valid for Member ID: 74
17:54:35.267 [main] INFO api.SurveyPointsApi - All values for field 'Expected completes' are valid for Member ID: 75
17:54:35.272 [main] INFO api.SurveyPointsApi - All values for field 'Expected completes' are valid for Member ID: 76
17:54:35.277 [main] INFO api.SurveyPointsApi - All values for field 'Expected completes' are valid for Member ID: 77
17:54:35.282 [main] INFO api.SurveyPointsApi - All values for field 'Expected completes' are valid for Member ID: 78
17:54:35.287 [main] INFO api.SurveyPointsApi - All values for field 'Expected completes' are valid for Member ID: 79
17:54:35.293 [main] INFO api.SurveyPointsApi - All values for field 'Expected completes' are valid for Member ID: 80
17:54:35.298 [main] INFO api.SurveyPointsApi - All values for field 'Expected completes' are valid for Member ID: 81
17:54:35.302 [main] INFO api.SurveyPointsApi - All values for field 'Expected completes' are valid for Member ID: 82
17:54:35.307 [main] INFO api.SurveyPointsApi - All values for field 'Expected completes' are valid for Member ID: 83
17:54:35.313 [main] INFO api.SurveyPointsApi - All values for field 'Expected completes' are valid for Member ID: 84
17:54:35.318 [main] INFO api.SurveyPointsApi - All values for field 'Expected completes' are valid for Member ID: 85
17:54:35.322 [main] INFO api.SurveyPointsApi - All values for field 'Expected completes' are valid for Member ID: 86
17:54:35.327 [main] INFO api.SurveyPointsApi - All values for field 'Expected completes' are valid for Member ID: 87
17:54:35.332 [main] INFO api.SurveyPointsApi - All values for field 'Expected completes' are valid for Member ID: 88
17:54:35.337 [main] INFO api.SurveyPointsApi - All values for field 'Expected completes' are valid for Member ID: 89
17:54:35.349 [main] INFO api.SurveyPointsApi - All values for field 'Expected completes' are valid for Member ID: 90
17:54:35.395 [main] INFO api.SurveyPointsApi - All values for field 'Expected completes' are valid for Member ID: 91
17:54:35.405 [main] INFO api.SurveyPointsApi - All values for field 'Expected completes' are valid for Member ID: 92
17:54:35.409 [main] INFO api.SurveyPointsApi - All values for field 'Expected completes' are valid for Member ID: 93
17:54:35.414 [main] INFO api.SurveyPointsApi - All values for field 'Expected completes' are valid for Member ID: 94
17:54:35.418 [main] INFO api.SurveyPointsApi - All values for field 'Expected completes' are valid for Member ID: 95
17:54:35.422 [main] INFO api.SurveyPointsApi - All values for field 'Expected completes' are valid for Member ID: 96
17:54:35.427 [main] INFO api.SurveyPointsApi - All values for field 'Expected completes' are valid for Member ID: 97
17:54:35.432 [main] INFO api.SurveyPointsApi - All values for field 'Expected completes' are valid for Member ID: 98
17:54:35.436 [main] INFO api.SurveyPointsApi - All values for field 'Expected completes' are valid for Member ID: 99
17:54:35.441 [main] INFO api.SurveyPointsApi - All values for field 'Expected completes' are valid for Member ID: 100
17:54:35.445 [main] INFO api.SurveyPointsApi - All values for field 'Expected completes' are valid for Member ID: 101
17:54:35.449 [main] INFO api.SurveyPointsApi - All values for field 'Expected completes' are valid for Member ID: 102
17:54:35.454 [main] INFO api.SurveyPointsApi - All values for field 'Expected completes' are valid for Member ID: 103
17:54:35.459 [main] INFO api.SurveyPointsApi - All values for field 'Expected completes' are valid for Member ID: 104
17:54:35.463 [main] INFO api.SurveyPointsApi - All values for field 'Expected completes' are valid for Member ID: 105
17:54:35.467 [main] INFO api.SurveyPointsApi - All values for field 'Expected completes' are valid for Member ID: 106
17:54:35.471 [main] INFO api.SurveyPointsApi - All values for field 'Expected completes' are valid for Member ID: 107
17:54:35.475 [main] INFO api.SurveyPointsApi - All values for field 'Expected completes' are valid for Member ID: 108
17:54:35.479 [main] INFO api.SurveyPointsApi - All values for field 'Expected completes' are valid for Member ID: 109
17:54:35.483 [main] INFO api.SurveyPointsApi - All values for field 'Expected completes' are valid for Member ID: 110
17:54:35.487 [main] INFO api.SurveyPointsApi - All values for field 'Expected completes' are valid for Member ID: 111
17:54:35.491 [main] INFO api.SurveyPointsApi - All values for field 'Expected completes' are valid for Member ID: 112
17:54:35.496 [main] INFO api.SurveyPointsApi - All values for field 'Expected completes' are valid for Member ID: 113
17:54:35.502 [main] INFO api.SurveyPointsApi - All values for field 'Expected completes' are valid for Member ID: 114
17:54:35.508 [main] INFO api.SurveyPointsApi - All values for field 'Expected completes' are valid for Member ID: 115
17:54:35.513 [main] INFO api.SurveyPointsApi - All values for field 'Expected completes' are valid for Member ID: 116
17:54:35.517 [main] INFO api.SurveyPointsApi - All values for field 'Expected completes' are valid for Member ID: 117
17:54:35.521 [main] INFO api.SurveyPointsApi - All values for field 'Expected completes' are valid for Member ID: 118
17:54:35.527 [main] INFO api.SurveyPointsApi - All values for field 'Expected completes' are valid for Member ID: 119
17:54:35.533 [main] INFO api.SurveyPointsApi - All values for field 'Expected completes' are valid for Member ID: 120
17:54:35.537 [main] INFO api.SurveyPointsApi - All values for field 'Expected completes' are valid for Member ID: 121
17:54:35.542 [main] INFO api.SurveyPointsApi - All values for field 'Expected completes' are valid for Member ID: 122
17:54:35.547 [main] INFO api.SurveyPointsApi - All values for field 'Expected completes' are valid for Member ID: 123
17:54:35.552 [main] INFO api.SurveyPointsApi - All values for field 'Expected completes' are valid for Member ID: 124
17:54:35.557 [main] INFO api.SurveyPointsApi - All values for field 'Expected completes' are valid for Member ID: 125
17:54:35.562 [main] INFO api.SurveyPointsApi - All values for field 'Expected completes' are valid for Member ID: 126
17:54:35.567 [main] INFO api.SurveyPointsApi - All values for field 'Expected completes' are valid for Member ID: 127
17:54:35.572 [main] INFO api.SurveyPointsApi - All values for field 'Expected completes' are valid for Member ID: 128
17:54:35.577 [main] INFO api.SurveyPointsApi - All values for field 'Expected completes' are valid for Member ID: 129
17:54:35.582 [main] INFO api.SurveyPointsApi - All values for field 'Expected completes' are valid for Member ID: 130
17:54:35.587 [main] INFO api.SurveyPointsApi - All values for field 'Expected completes' are valid for Member ID: 131
17:54:35.592 [main] INFO api.SurveyPointsApi - All values for field 'Expected completes' are valid for Member ID: 132
17:54:35.598 [main] INFO api.SurveyPointsApi - All values for field 'Expected completes' are valid for Member ID: 133
17:54:35.602 [main] INFO api.SurveyPointsApi - All values for field 'Expected completes' are valid for Member ID: 134
17:54:35.608 [main] INFO api.SurveyPointsApi - All values for field 'Expected completes' are valid for Member ID: 135
17:54:35.615 [main] INFO api.SurveyPointsApi - All values for field 'Expected completes' are valid for Member ID: 136
17:54:35.621 [main] INFO api.SurveyPointsApi - All values for field 'Expected completes' are valid for Member ID: 137
17:54:35.628 [main] INFO api.SurveyPointsApi - All values for field 'Expected completes' are valid for Member ID: 138
17:54:35.633 [main] INFO api.SurveyPointsApi - All values for field 'Expected completes' are valid for Member ID: 139
17:54:35.637 [main] INFO api.SurveyPointsApi - All values for field 'Expected completes' are valid for Member ID: 140
17:54:35.641 [main] INFO api.SurveyPointsApi - All values for field 'Expected completes' are valid for Member ID: 141
17:54:35.645 [main] INFO api.SurveyPointsApi - All values for field 'Expected completes' are valid for Member ID: 142
17:54:35.649 [main] INFO api.SurveyPointsApi - All values for field 'Expected completes' are valid for Member ID: 143
17:54:35.653 [main] INFO api.SurveyPointsApi - All values for field 'Expected completes' are valid for Member ID: 144
17:54:35.658 [main] INFO api.SurveyPointsApi - All values for field 'Expected completes' are valid for Member ID: 145
17:54:35.662 [main] INFO api.SurveyPointsApi - All values for field 'Expected completes' are valid for Member ID: 146
17:54:35.666 [main] INFO api.SurveyPointsApi - All values for field 'Expected completes' are valid for Member ID: 147
17:54:35.670 [main] INFO api.SurveyPointsApi - All values for field 'Expected completes' are valid for Member ID: 148
17:54:35.676 [main] INFO api.SurveyPointsApi - All values for field 'Expected completes' are valid for Member ID: 149
17:54:35.682 [main] INFO api.SurveyPointsApi - All values for field 'Expected completes' are valid for Member ID: 150
17:54:35.688 [main] INFO api.SurveyPointsApi - All values for field 'Expected completes' are valid for Member ID: 151
17:54:35.694 [main] INFO api.SurveyPointsApi - All values for field 'Expected completes' are valid for Member ID: 152
17:54:35.700 [main] INFO api.SurveyPointsApi - All values for field 'Expected completes' are valid for Member ID: 153
17:54:35.713 [main] INFO api.SurveyPointsApi - All values for field 'Expected completes' are valid for Member ID: 154
17:54:35.721 [main] INFO api.SurveyPointsApi - All values for field 'Expected completes' are valid for Member ID: 155
17:54:35.728 [main] INFO api.SurveyPointsApi - All values for field 'Expected completes' are valid for Member ID: 156
17:54:35.735 [main] INFO api.SurveyPointsApi - All values for field 'Expected completes' are valid for Member ID: 157
17:54:35.742 [main] INFO api.SurveyPointsApi - All values for field 'Expected completes' are valid for Member ID: 158
17:54:35.749 [main] INFO api.SurveyPointsApi - All values for field 'Expected completes' are valid for Member ID: 159
17:54:35.756 [main] INFO api.SurveyPointsApi - All values for field 'Expected completes' are valid for Member ID: 160
17:54:35.762 [main] INFO api.SurveyPointsApi - All values for field 'Expected completes' are valid for Member ID: 161
17:54:35.768 [main] INFO api.SurveyPointsApi - All values for field 'Expected completes' are valid for Member ID: 162
17:54:35.774 [main] INFO api.SurveyPointsApi - All values for field 'Expected completes' are valid for Member ID: 163
17:54:35.779 [main] INFO api.SurveyPointsApi - All values for field 'Expected completes' are valid for Member ID: 164
17:54:35.785 [main] INFO api.SurveyPointsApi - All values for field 'Expected completes' are valid for Member ID: 165
17:54:35.790 [main] INFO api.SurveyPointsApi - All values for field 'Expected completes' are valid for Member ID: 166
17:54:35.797 [main] INFO api.SurveyPointsApi - All values for field 'Expected completes' are valid for Member ID: 167
17:54:35.803 [main] INFO api.SurveyPointsApi - All values for field 'Expected completes' are valid for Member ID: 168
17:54:35.809 [main] INFO api.SurveyPointsApi - All values for field 'Expected completes' are valid for Member ID: 169
17:54:35.814 [main] INFO api.SurveyPointsApi - All values for field 'Expected completes' are valid for Member ID: 170
17:54:35.818 [main] INFO api.SurveyPointsApi - All values for field 'Expected completes' are valid for Member ID: 171
17:54:35.822 [main] INFO api.SurveyPointsApi - All values for field 'Expected completes' are valid for Member ID: 172
17:54:35.828 [main] INFO api.SurveyPointsApi - All values for field 'Expected completes' are valid for Member ID: 173
17:54:35.834 [main] INFO api.SurveyPointsApi - All values for field 'Expected completes' are valid for Member ID: 174
17:54:35.839 [main] INFO api.SurveyPointsApi - All values for field 'Expected completes' are valid for Member ID: 175
17:54:35.845 [main] INFO api.SurveyPointsApi - All values for field 'Expected completes' are valid for Member ID: 176
17:54:35.851 [main] INFO api.SurveyPointsApi - All values for field 'Expected completes' are valid for Member ID: 177
17:54:35.856 [main] INFO api.SurveyPointsApi - All values for field 'Expected completes' are valid for Member ID: 178
17:54:35.863 [main] INFO api.SurveyPointsApi - All values for field 'Expected completes' are valid for Member ID: 179
17:54:35.869 [main] INFO api.SurveyPointsApi - All values for field 'Expected completes' are valid for Member ID: 180
17:54:35.874 [main] INFO api.SurveyPointsApi - All values for field 'Expected completes' are valid for Member ID: 181
17:54:35.880 [main] INFO api.SurveyPointsApi - All values for field 'Expected completes' are valid for Member ID: 182
17:54:35.886 [main] INFO api.SurveyPointsApi - All values for field 'Expected completes' are valid for Member ID: 183
17:54:35.892 [main] INFO api.SurveyPointsApi - All values for field 'Expected completes' are valid for Member ID: 184
17:54:35.899 [main] INFO api.SurveyPointsApi - All values for field 'Expected completes' are valid for Member ID: 185
17:54:35.905 [main] INFO api.SurveyPointsApi - All values for field 'Expected completes' are valid for Member ID: 186
17:54:35.911 [main] INFO api.SurveyPointsApi - All values for field 'Expected completes' are valid for Member ID: 187
17:54:35.916 [main] INFO api.SurveyPointsApi - All values for field 'Expected completes' are valid for Member ID: 188
17:54:35.921 [main] INFO api.SurveyPointsApi - All values for field 'Expected completes' are valid for Member ID: 189
17:54:35.927 [main] INFO api.SurveyPointsApi - All values for field 'Expected completes' are valid for Member ID: 190
17:54:35.933 [main] INFO api.SurveyPointsApi - All values for field 'Expected completes' are valid for Member ID: 191
17:54:35.940 [main] INFO api.SurveyPointsApi - All values for field 'Expected completes' are valid for Member ID: 192
17:54:35.946 [main] INFO api.SurveyPointsApi - All values for field 'Expected completes' are valid for Member ID: 193
17:54:35.953 [main] INFO api.SurveyPointsApi - All values for field 'Expected completes' are valid for Member ID: 194
17:54:35.960 [main] INFO api.SurveyPointsApi - All values for field 'Expected completes' are valid for Member ID: 195
17:54:35.967 [main] INFO api.SurveyPointsApi - All values for field 'Expected completes' are valid for Member ID: 196
17:54:35.974 [main] INFO api.SurveyPointsApi - All values for field 'Expected completes' are valid for Member ID: 197
17:54:35.981 [main] INFO api.SurveyPointsApi - All values for field 'Expected completes' are valid for Member ID: 198
17:54:35.987 [main] INFO api.SurveyPointsApi - All values for field 'Expected completes' are valid for Member ID: 199
17:54:35.997 [main] INFO api.SurveyPointsApi - All values for field 'Expected completes' are valid for Member ID: 200
17:54:36.004 [main] INFO api.SurveyPointsApi - All values for field 'Expected completes' are valid for Member ID: 201
17:54:36.011 [main] INFO api.SurveyPointsApi - All values for field 'Expected completes' are valid for Member ID: 202
17:54:36.017 [main] INFO api.SurveyPointsApi - All values for field 'Expected completes' are valid for Member ID: 203
17:54:36.023 [main] INFO api.SurveyPointsApi - All values for field 'Expected completes' are valid for Member ID: 204
17:54:36.031 [main] INFO api.SurveyPointsApi - All values for field 'Expected completes' are valid for Member ID: 205
17:54:36.038 [main] INFO api.SurveyPointsApi - All values for field 'Expected completes' are valid for Member ID: 206
17:54:36.046 [main] INFO api.SurveyPointsApi - All values for field 'Expected completes' are valid for Member ID: 207
17:54:36.053 [main] INFO api.SurveyPointsApi - All values for field 'Expected completes' are valid for Member ID: 208
17:54:36.061 [main] INFO api.SurveyPointsApi - All values for field 'Expected completes' are valid for Member ID: 209
17:54:36.069 [main] INFO api.SurveyPointsApi - All values for field 'Expected completes' are valid for Member ID: 210
17:54:36.077 [main] INFO api.SurveyPointsApi - All values for field 'Expected completes' are valid for Member ID: 211
17:54:36.085 [main] INFO api.SurveyPointsApi - All values for field 'Expected completes' are valid for Member ID: 212
17:54:36.093 [main] INFO api.SurveyPointsApi - All values for field 'Expected completes' are valid for Member ID: 213
17:54:36.100 [main] INFO api.SurveyPointsApi - All values for field 'Expected completes' are valid for Member ID: 214
17:54:36.105 [main] INFO api.SurveyPointsApi - All values for field 'Expected completes' are valid for Member ID: 215
17:54:36.110 [main] INFO api.SurveyPointsApi - All values for field 'Expected completes' are valid for Member ID: 216
17:54:36.115 [main] INFO api.SurveyPointsApi - All values for field 'Expected completes' are valid for Member ID: 217
17:54:36.124 [main] INFO api.SurveyPointsApi - All values for field 'Expected completes' are valid for Member ID: 218
17:54:36.130 [main] INFO api.SurveyPointsApi - All values for field 'Expected completes' are valid for Member ID: 219
17:54:36.134 [main] INFO api.SurveyPointsApi - All values for field 'Expected completes' are valid for Member ID: 220
17:54:36.140 [main] INFO api.SurveyPointsApi - All values for field 'Expected completes' are valid for Member ID: 221
17:54:36.144 [main] INFO api.SurveyPointsApi - All values for field 'Expected completes' are valid for Member ID: 222
17:54:36.149 [main] INFO api.SurveyPointsApi - All values for field 'Expected completes' are valid for Member ID: 223
17:54:36.154 [main] INFO api.SurveyPointsApi - All values for field 'Expected completes' are valid for Member ID: 224
17:54:36.158 [main] INFO api.SurveyPointsApi - All values for field 'Expected completes' are valid for Member ID: 225
17:54:36.162 [main] INFO api.SurveyPointsApi - All values for field 'Expected completes' are valid for Member ID: 226
17:54:36.168 [main] INFO api.SurveyPointsApi - All values for field 'Expected completes' are valid for Member ID: 227
17:54:36.173 [main] INFO api.SurveyPointsApi - All values for field 'Expected completes' are valid for Member ID: 228
17:54:36.178 [main] INFO api.SurveyPointsApi - All values for field 'Expected completes' are valid for Member ID: 229
17:54:36.182 [main] INFO api.SurveyPointsApi - All values for field 'Expected completes' are valid for Member ID: 230
17:54:36.188 [main] INFO api.SurveyPointsApi - All values for field 'Expected completes' are valid for Member ID: 231
17:54:36.193 [main] INFO api.SurveyPointsApi - All values for field 'Expected completes' are valid for Member ID: 232
17:54:36.199 [main] INFO api.SurveyPointsApi - All values for field 'Expected completes' are valid for Member ID: 233
17:54:36.206 [main] INFO api.SurveyPointsApi - All values for field 'Expected completes' are valid for Member ID: 234
17:54:36.211 [main] INFO api.SurveyPointsApi - All values for field 'Expected completes' are valid for Member ID: 235
17:54:36.236 [main] INFO api.SurveyPointsApi - All values for field 'Expected completes' are valid for Member ID: 236
17:54:36.245 [main] INFO api.SurveyPointsApi - All values for field 'Expected completes' are valid for Member ID: 237
17:54:36.250 [main] INFO api.SurveyPointsApi - All values for field 'Expected completes' are valid for Member ID: 238
17:54:36.254 [main] INFO api.SurveyPointsApi - All values for field 'Expected completes' are valid for Member ID: 239
17:54:36.259 [main] INFO api.SurveyPointsApi - All values for field 'Expected completes' are valid for Member ID: 240
17:54:36.264 [main] INFO api.SurveyPointsApi - All values for field 'Expected completes' are valid for Member ID: 241
17:54:36.270 [main] INFO api.SurveyPointsApi - All values for field 'Expected completes' are valid for Member ID: 242
17:54:36.277 [main] INFO api.SurveyPointsApi - All values for field 'Expected completes' are valid for Member ID: 243
17:54:36.281 [main] INFO api.SurveyPointsApi - All values for field 'Expected completes' are valid for Member ID: 244
17:54:36.286 [main] INFO api.SurveyPointsApi - All values for field 'Expected completes' are valid for Member ID: 245
17:54:36.290 [main] INFO api.SurveyPointsApi - All values for field 'Expected completes' are valid for Member ID: 246
17:54:36.295 [main] INFO api.SurveyPointsApi - All values for field 'Expected completes' are valid for Member ID: 247
17:54:36.301 [main] INFO api.SurveyPointsApi - All values for field 'Expected completes' are valid for Member ID: 248
17:54:36.306 [main] INFO api.SurveyPointsApi - All values for field 'Expected completes' are valid for Member ID: 249
17:54:36.311 [main] INFO api.SurveyPointsApi - All values for field 'Expected completes' are valid for Member ID: 250
17:54:36.315 [main] INFO api.SurveyPointsApi - All values for field 'Expected completes' are valid for Member ID: 251
17:54:36.319 [main] INFO api.SurveyPointsApi - All values for field 'Expected completes' are valid for Member ID: 252
17:54:36.324 [main] INFO api.SurveyPointsApi - All values for field 'Expected completes' are valid for Member ID: 253
17:54:36.328 [main] INFO api.SurveyPointsApi - All values for field 'Expected completes' are valid for Member ID: 254
17:54:36.333 [main] INFO api.SurveyPointsApi - All values for field 'Expected completes' are valid for Member ID: 255
17:54:36.337 [main] INFO api.SurveyPointsApi - All values for field 'Expected completes' are valid for Member ID: 256
17:54:36.341 [main] INFO api.SurveyPointsApi - All values for field 'Expected completes' are valid for Member ID: 257
17:54:36.345 [main] INFO api.SurveyPointsApi - All values for field 'Expected completes' are valid for Member ID: 258
17:54:36.351 [main] INFO api.SurveyPointsApi - All values for field 'Expected completes' are valid for Member ID: 259
17:54:36.357 [main] INFO api.SurveyPointsApi - All values for field 'Expected completes' are valid for Member ID: 260
17:54:36.363 [main] INFO api.SurveyPointsApi - All values for field 'Expected completes' are valid for Member ID: 261
17:54:36.369 [main] INFO api.SurveyPointsApi - All values for field 'Expected completes' are valid for Member ID: 262
17:54:36.376 [main] INFO api.SurveyPointsApi - All values for field 'Expected completes' are valid for Member ID: 263
17:54:36.386 [main] INFO api.SurveyPointsApi - All values for field 'Expected completes' are valid for Member ID: 264
17:54:36.398 [main] INFO api.SurveyPointsApi - All values for field 'Expected completes' are valid for Member ID: 265
17:54:36.411 [main] INFO api.SurveyPointsApi - All values for field 'Expected completes' are valid for Member ID: 266
17:54:36.422 [main] INFO api.SurveyPointsApi - All values for field 'Expected completes' are valid for Member ID: 267
17:54:36.428 [main] INFO api.SurveyPointsApi - All values for field 'Expected completes' are valid for Member ID: 268
17:54:36.434 [main] INFO api.SurveyPointsApi - All values for field 'Expected completes' are valid for Member ID: 269
17:54:36.440 [main] INFO api.SurveyPointsApi - All values for field 'Expected completes' are valid for Member ID: 270
17:54:36.446 [main] INFO api.SurveyPointsApi - All values for field 'Expected completes' are valid for Member ID: 271
17:54:36.453 [main] INFO api.SurveyPointsApi - All values for field 'Expected completes' are valid for Member ID: 272
17:54:36.458 [main] INFO api.SurveyPointsApi - All values for field 'Expected completes' are valid for Member ID: 273
17:54:36.462 [main] INFO api.SurveyPointsApi - All values for field 'Expected completes' are valid for Member ID: 274
17:54:36.466 [main] INFO api.SurveyPointsApi - All values for field 'Expected completes' are valid for Member ID: 275
17:54:36.471 [main] INFO api.SurveyPointsApi - All values for field 'Expected completes' are valid for Member ID: 276
17:54:36.477 [main] INFO api.SurveyPointsApi - All values for field 'Expected completes' are valid for Member ID: 277
17:54:36.483 [main] INFO api.SurveyPointsApi - All values for field 'Expected completes' are valid for Member ID: 278
17:54:36.488 [main] INFO api.SurveyPointsApi - All values for field 'Expected completes' are valid for Member ID: 279
17:54:36.495 [main] INFO api.SurveyPointsApi - All values for field 'Expected completes' are valid for Member ID: 280
17:54:36.501 [main] INFO api.SurveyPointsApi - All values for field 'Expected completes' are valid for Member ID: 281
17:54:36.510 [main] INFO api.SurveyPointsApi - All values for field 'Expected completes' are valid for Member ID: 282
17:54:36.517 [main] INFO api.SurveyPointsApi - All values for field 'Expected completes' are valid for Member ID: 283
17:54:36.524 [main] INFO api.SurveyPointsApi - All values for field 'Expected completes' are valid for Member ID: 284
17:54:36.530 [main] INFO api.SurveyPointsApi - All values for field 'Expected completes' are valid for Member ID: 285
17:54:36.535 [main] INFO api.SurveyPointsApi - All values for field 'Expected completes' are valid for Member ID: 286
17:54:36.540 [main] INFO api.SurveyPointsApi - All values for field 'Expected completes' are valid for Member ID: 287
17:54:36.544 [main] INFO api.SurveyPointsApi - All values for field 'Expected completes' are valid for Member ID: 288
17:54:36.549 [main] INFO api.SurveyPointsApi - All values for field 'Expected completes' are valid for Member ID: 289
17:54:36.553 [main] INFO api.SurveyPointsApi - All values for field 'Expected completes' are valid for Member ID: 290
17:54:36.560 [main] INFO api.SurveyPointsApi - All values for field 'Expected completes' are valid for Member ID: 291
17:54:36.568 [main] INFO api.SurveyPointsApi - All values for field 'Expected completes' are valid for Member ID: 292
17:54:36.574 [main] INFO api.SurveyPointsApi - All values for field 'Expected completes' are valid for Member ID: 293
17:54:36.581 [main] INFO api.SurveyPointsApi - All values for field 'Expected completes' are valid for Member ID: 294
17:54:36.586 [main] INFO api.SurveyPointsApi - All values for field 'Expected completes' are valid for Member ID: 295
17:54:36.593 [main] INFO api.SurveyPointsApi - All values for field 'Expected completes' are valid for Member ID: 296
17:54:36.600 [main] INFO api.SurveyPointsApi - All values for field 'Expected completes' are valid for Member ID: 297
17:54:36.605 [main] INFO api.SurveyPointsApi - All values for field 'Expected completes' are valid for Member ID: 298
17:54:36.611 [main] INFO api.SurveyPointsApi - All values for field 'Expected completes' are valid for Member ID: 299
17:54:36.618 [main] INFO api.SurveyPointsApi - All values for field 'Expected completes' are valid for Member ID: 300
]]></system-out>
  </testcase>
  <testcase name="testSurveyPointsValidation" classname="tests.integration.SurveyPointsTest" time="1.058">
    <system-out><![CDATA[Point validation passed for Member ID: 1 and Survey ID: 16
Point: 45
Point validation passed for Member ID: 1 and Survey ID: 25
Point: 5
Point validation passed for Member ID: 1 and Survey ID: 45
Point: 20
Point validation passed for Member ID: 1 and Survey ID: 79
Point: 5
Point validation passed for Member ID: 1 and Survey ID: 82
Point: 35
Point validation passed for Member ID: 1 and Survey ID: 95
Point: 0
Point validation passed for Member ID: 2 and Survey ID: 1
Point: 5
Point validation passed for Member ID: 2 and Survey ID: 18
Point: 25
Point validation passed for Member ID: 2 and Survey ID: 30
Point: 25
Point validation passed for Member ID: 2 and Survey ID: 44
Point: 35
Point validation passed for Member ID: 2 and Survey ID: 49
Point: 4
Point validation passed for Member ID: 2 and Survey ID: 51
Point: 15
Point validation passed for Member ID: 2 and Survey ID: 60
Point: 35
Point validation passed for Member ID: 2 and Survey ID: 62
Point: 3
Point validation passed for Member ID: 2 and Survey ID: 65
Point: 5
Point validation passed for Member ID: 2 and Survey ID: 82
Point: 35
Point validation passed for Member ID: 2 and Survey ID: 85
Point: 25
Point validation passed for Member ID: 2 and Survey ID: 97
Point: 35
Point validation passed for Member ID: 3 and Survey ID: 3
Point: 2
Point validation passed for Member ID: 3 and Survey ID: 13
Point: 3
Point validation passed for Member ID: 3 and Survey ID: 16
Point: 45
Point validation passed for Member ID: 3 and Survey ID: 23
Point: 4
Point validation passed for Member ID: 3 and Survey ID: 25
Point: 5
Point validation passed for Member ID: 3 and Survey ID: 38
Point: 1
Point validation passed for Member ID: 3 and Survey ID: 47
Point: 20
Point validation passed for Member ID: 3 and Survey ID: 51
Point: 15
Point validation passed for Member ID: 3 and Survey ID: 58
Point: 45
Point validation passed for Member ID: 3 and Survey ID: 64
Point: 10
Point validation passed for Member ID: 3 and Survey ID: 78
Point: 30
Point validation passed for Member ID: 3 and Survey ID: 79
Point: 5
Point validation passed for Member ID: 3 and Survey ID: 81
Point: 0
Point validation passed for Member ID: 3 and Survey ID: 82
Point: 4
Point validation passed for Member ID: 4 and Survey ID: 20
Point: 20
Point validation passed for Member ID: 4 and Survey ID: 35
Point: 0
Point validation passed for Member ID: 4 and Survey ID: 50
Point: 35
Point validation passed for Member ID: 4 and Survey ID: 62
Point: 40
Point validation passed for Member ID: 4 and Survey ID: 64
Point: 5
Point validation passed for Member ID: 4 and Survey ID: 75
Point: 5
Point validation passed for Member ID: 5 and Survey ID: 3
Point: 0
Point validation passed for Member ID: 5 and Survey ID: 4
Point: 10
Point validation passed for Member ID: 5 and Survey ID: 15
Point: 0
Point validation passed for Member ID: 5 and Survey ID: 57
Point: 45
Point validation passed for Member ID: 5 and Survey ID: 60
Point: 35
Point validation passed for Member ID: 5 and Survey ID: 68
Point: 3
Point validation passed for Member ID: 6 and Survey ID: 20
Point: 20
Point validation passed for Member ID: 6 and Survey ID: 30
Point: 2
Point validation passed for Member ID: 6 and Survey ID: 40
Point: 10
Point validation passed for Member ID: 6 and Survey ID: 59
Point: 40
Point validation passed for Member ID: 6 and Survey ID: 63
Point: 30
Point validation passed for Member ID: 6 and Survey ID: 65
Point: 5
Point validation passed for Member ID: 6 and Survey ID: 75
Point: 5
Point validation passed for Member ID: 6 and Survey ID: 77
Point: 25
Point validation passed for Member ID: 6 and Survey ID: 83
Point: 5
Point validation passed for Member ID: 6 and Survey ID: 86
Point: 4
Point validation passed for Member ID: 6 and Survey ID: 96
Point: 5
Point validation passed for Member ID: 6 and Survey ID: 100
Point: 10
Point validation passed for Member ID: 7 and Survey ID: 2
Point: 15
Point validation passed for Member ID: 7 and Survey ID: 10
Point: 5
Point validation passed for Member ID: 7 and Survey ID: 24
Point: 0
Point validation passed for Member ID: 7 and Survey ID: 33
Point: 25
Point validation passed for Member ID: 7 and Survey ID: 54
Point: 4
Point validation passed for Member ID: 7 and Survey ID: 66
Point: 3
Point validation passed for Member ID: 7 and Survey ID: 78
Point: 0
Point validation passed for Member ID: 8 and Survey ID: 12
Point: 5
Point validation passed for Member ID: 8 and Survey ID: 21
Point: 50
Point validation passed for Member ID: 8 and Survey ID: 44
Point: 35
Point validation passed for Member ID: 8 and Survey ID: 46
Point: 10
Point validation passed for Member ID: 8 and Survey ID: 52
Point: 40
Point validation passed for Member ID: 8 and Survey ID: 54
Point: 0
Point validation passed for Member ID: 8 and Survey ID: 57
Point: 0
Point validation passed for Member ID: 8 and Survey ID: 59
Point: 40
Point validation passed for Member ID: 8 and Survey ID: 70
Point: 30
Point validation passed for Member ID: 8 and Survey ID: 73
Point: 15
Point validation passed for Member ID: 8 and Survey ID: 77
Point: 0
Point validation passed for Member ID: 8 and Survey ID: 79
Point: 5
Point validation passed for Member ID: 8 and Survey ID: 88
Point: 30
Point validation passed for Member ID: 8 and Survey ID: 96
Point: 50
Point validation passed for Member ID: 9 and Survey ID: 6
Point: 25
Point validation passed for Member ID: 9 and Survey ID: 21
Point: 50
Point validation passed for Member ID: 9 and Survey ID: 22
Point: 3
Point validation passed for Member ID: 9 and Survey ID: 54
Point: 25
Point validation passed for Member ID: 9 and Survey ID: 61
Point: 40
Point validation passed for Member ID: 9 and Survey ID: 98
Point: 45
Point validation passed for Member ID: 9 and Survey ID: 100
Point: 10
Point validation passed for Member ID: 10 and Survey ID: 2
Point: 15
Point validation passed for Member ID: 10 and Survey ID: 4
Point: 1
Point validation passed for Member ID: 10 and Survey ID: 17
Point: 15
Point validation passed for Member ID: 10 and Survey ID: 27
Point: 15
Point validation passed for Member ID: 10 and Survey ID: 30
Point: 25
Point validation passed for Member ID: 10 and Survey ID: 33
Point: 25
Point validation passed for Member ID: 10 and Survey ID: 35
Point: 10
Point validation passed for Member ID: 10 and Survey ID: 36
Point: 35
Point validation passed for Member ID: 10 and Survey ID: 43
Point: 30
Point validation passed for Member ID: 10 and Survey ID: 71
Point: 30
Point validation passed for Member ID: 10 and Survey ID: 72
Point: 25
Point validation passed for Member ID: 10 and Survey ID: 79
Point: 5
Point validation passed for Member ID: 10 and Survey ID: 80
Point: 0
Point validation passed for Member ID: 10 and Survey ID: 81
Point: 20
Point validation passed for Member ID: 10 and Survey ID: 84
Point: 25
Point validation passed for Member ID: 10 and Survey ID: 87
Point: 4
Point validation passed for Member ID: 10 and Survey ID: 93
Point: 45
Point validation passed for Member ID: 10 and Survey ID: 100
Point: 0
Point validation passed for Member ID: 11 and Survey ID: 5
Point: 4
Point validation passed for Member ID: 11 and Survey ID: 20
Point: 20
Point validation passed for Member ID: 11 and Survey ID: 23
Point: 10
Point validation passed for Member ID: 11 and Survey ID: 30
Point: 25
Point validation passed for Member ID: 11 and Survey ID: 34
Point: 15
Point validation passed for Member ID: 11 and Survey ID: 41
Point: 40
Point validation passed for Member ID: 11 and Survey ID: 66
Point: 0
Point validation passed for Member ID: 11 and Survey ID: 67
Point: 35
Point validation passed for Member ID: 11 and Survey ID: 70
Point: 30
Point validation passed for Member ID: 11 and Survey ID: 85
Point: 25
Point validation passed for Member ID: 11 and Survey ID: 88
Point: 30
Point validation passed for Member ID: 11 and Survey ID: 89
Point: 0
Point validation passed for Member ID: 11 and Survey ID: 91
Point: 0
Point validation passed for Member ID: 12 and Survey ID: 2
Point: 15
Point validation passed for Member ID: 12 and Survey ID: 3
Point: 10
Point validation passed for Member ID: 12 and Survey ID: 4
Point: 1
Point validation passed for Member ID: 12 and Survey ID: 6
Point: 0
Point validation passed for Member ID: 12 and Survey ID: 17
Point: 15
Point validation passed for Member ID: 12 and Survey ID: 21
Point: 3
Point validation passed for Member ID: 12 and Survey ID: 31
Point: 50
Point validation passed for Member ID: 12 and Survey ID: 39
Point: 40
Point validation passed for Member ID: 12 and Survey ID: 47
Point: 20
Point validation passed for Member ID: 12 and Survey ID: 58
Point: 45
Point validation passed for Member ID: 12 and Survey ID: 63
Point: 30
Point validation passed for Member ID: 12 and Survey ID: 86
Point: 30
Point validation passed for Member ID: 12 and Survey ID: 91
Point: 4
Point validation passed for Member ID: 12 and Survey ID: 94
Point: 5
Point validation passed for Member ID: 13 and Survey ID: 23
Point: 10
Point validation passed for Member ID: 13 and Survey ID: 24
Point: 35
Point validation passed for Member ID: 13 and Survey ID: 25
Point: 5
Point validation passed for Member ID: 13 and Survey ID: 28
Point: 10
Point validation passed for Member ID: 13 and Survey ID: 37
Point: 25
Point validation passed for Member ID: 13 and Survey ID: 53
Point: 5
Point validation passed for Member ID: 13 and Survey ID: 61
Point: 40
Point validation passed for Member ID: 13 and Survey ID: 65
Point: 20
Point validation passed for Member ID: 13 and Survey ID: 69
Point: 10
Point validation passed for Member ID: 13 and Survey ID: 76
Point: 40
Point validation passed for Member ID: 13 and Survey ID: 78
Point: 30
Point validation passed for Member ID: 13 and Survey ID: 82
Point: 0
Point validation passed for Member ID: 13 and Survey ID: 97
Point: 35
Point validation passed for Member ID: 14 and Survey ID: 3
Point: 10
Point validation passed for Member ID: 14 and Survey ID: 12
Point: 5
Point validation passed for Member ID: 14 and Survey ID: 15
Point: 1
Point validation passed for Member ID: 14 and Survey ID: 25
Point: 5
Point validation passed for Member ID: 14 and Survey ID: 27
Point: 1
Point validation passed for Member ID: 14 and Survey ID: 29
Point: 50
Point validation passed for Member ID: 14 and Survey ID: 31
Point: 50
Point validation passed for Member ID: 14 and Survey ID: 47
Point: 20
Point validation passed for Member ID: 14 and Survey ID: 57
Point: 3
Point validation passed for Member ID: 14 and Survey ID: 60
Point: 2
Point validation passed for Member ID: 14 and Survey ID: 64
Point: 10
Point validation passed for Member ID: 14 and Survey ID: 74
Point: 50
Point validation passed for Member ID: 14 and Survey ID: 86
Point: 30
Point validation passed for Member ID: 14 and Survey ID: 87
Point: 4
Point validation passed for Member ID: 15 and Survey ID: 3
Point: 10
Point validation passed for Member ID: 15 and Survey ID: 16
Point: 45
Point validation passed for Member ID: 15 and Survey ID: 23
Point: 10
Point validation passed for Member ID: 15 and Survey ID: 36
Point: 2
Point validation passed for Member ID: 15 and Survey ID: 60
Point: 2
Point validation passed for Member ID: 15 and Survey ID: 65
Point: 20
Point validation passed for Member ID: 15 and Survey ID: 81
Point: 20
Point validation passed for Member ID: 15 and Survey ID: 97
Point: 35
Point validation passed for Member ID: 15 and Survey ID: 99
Point: 25
Point validation passed for Member ID: 16 and Survey ID: 4
Point: 10
Point validation passed for Member ID: 16 and Survey ID: 19
Point: 45
Point validation passed for Member ID: 16 and Survey ID: 24
Point: 35
Point validation passed for Member ID: 16 and Survey ID: 28
Point: 10
Point validation passed for Member ID: 16 and Survey ID: 32
Point: 0
Point validation passed for Member ID: 16 and Survey ID: 36
Point: 35
Point validation passed for Member ID: 16 and Survey ID: 54
Point: 4
Point validation passed for Member ID: 16 and Survey ID: 61
Point: 40
Point validation passed for Member ID: 16 and Survey ID: 69
Point: 10
Point validation passed for Member ID: 16 and Survey ID: 84
Point: 25
Point validation passed for Member ID: 16 and Survey ID: 93
Point: 45
Point validation passed for Member ID: 17 and Survey ID: 4
Point: 10
Point validation passed for Member ID: 17 and Survey ID: 6
Point: 25
Point validation passed for Member ID: 17 and Survey ID: 18
Point: 25
Point validation passed for Member ID: 17 and Survey ID: 37
Point: 25
Point validation passed for Member ID: 17 and Survey ID: 63
Point: 30
Point validation passed for Member ID: 17 and Survey ID: 65
Point: 5
Point validation passed for Member ID: 17 and Survey ID: 67
Point: 5
Point validation passed for Member ID: 17 and Survey ID: 79
Point: 5
Point validation passed for Member ID: 17 and Survey ID: 95
Point: 15
Point validation passed for Member ID: 17 and Survey ID: 100
Point: 10
Point validation passed for Member ID: 18 and Survey ID: 5
Point: 4
Point validation passed for Member ID: 18 and Survey ID: 13
Point: 0
Point validation passed for Member ID: 18 and Survey ID: 18
Point: 25
Point validation passed for Member ID: 18 and Survey ID: 27
Point: 1
Point validation passed for Member ID: 18 and Survey ID: 34
Point: 15
Point validation passed for Member ID: 18 and Survey ID: 37
Point: 0
Point validation passed for Member ID: 18 and Survey ID: 41
Point: 40
Point validation passed for Member ID: 18 and Survey ID: 61
Point: 40
Point validation passed for Member ID: 18 and Survey ID: 62
Point: 40
Point validation passed for Member ID: 18 and Survey ID: 92
Point: 45
Point validation passed for Member ID: 18 and Survey ID: 93
Point: 45
Point validation passed for Member ID: 18 and Survey ID: 94
Point: 5
Point validation passed for Member ID: 19 and Survey ID: 15
Point: 10
Point validation passed for Member ID: 19 and Survey ID: 22
Point: 3
Point validation passed for Member ID: 19 and Survey ID: 26
Point: 2
Point validation passed for Member ID: 19 and Survey ID: 28
Point: 0
Point validation passed for Member ID: 19 and Survey ID: 34
Point: 15
Point validation passed for Member ID: 19 and Survey ID: 51
Point: 15
Point validation passed for Member ID: 19 and Survey ID: 54
Point: 25
Point validation passed for Member ID: 19 and Survey ID: 79
Point: 20
Point validation passed for Member ID: 19 and Survey ID: 88
Point: 30
Point validation passed for Member ID: 20 and Survey ID: 4
Point: 1
Point validation passed for Member ID: 20 and Survey ID: 10
Point: 2
Point validation passed for Member ID: 20 and Survey ID: 27
Point: 15
Point validation passed for Member ID: 20 and Survey ID: 29
Point: 0
Point validation passed for Member ID: 20 and Survey ID: 32
Point: 40
Point validation passed for Member ID: 20 and Survey ID: 40
Point: 10
Point validation passed for Member ID: 20 and Survey ID: 44
Point: 35
Point validation passed for Member ID: 20 and Survey ID: 50
Point: 35
Point validation passed for Member ID: 20 and Survey ID: 57
Point: 45
Point validation passed for Member ID: 20 and Survey ID: 70
Point: 30
Point validation passed for Member ID: 20 and Survey ID: 73
Point: 0
Point validation passed for Member ID: 20 and Survey ID: 80
Point: 45
Point validation passed for Member ID: 20 and Survey ID: 83
Point: 5
Point validation passed for Member ID: 20 and Survey ID: 86
Point: 30
Point validation passed for Member ID: 21 and Survey ID: 5
Point: 35
Point validation passed for Member ID: 21 and Survey ID: 7
Point: 45
Point validation passed for Member ID: 21 and Survey ID: 8
Point: 0
Point validation passed for Member ID: 21 and Survey ID: 9
Point: 0
Point validation passed for Member ID: 21 and Survey ID: 11
Point: 4
Point validation passed for Member ID: 21 and Survey ID: 17
Point: 0
Point validation passed for Member ID: 21 and Survey ID: 38
Point: 1
Point validation passed for Member ID: 21 and Survey ID: 53
Point: 20
Point validation passed for Member ID: 21 and Survey ID: 54
Point: 0
Point validation passed for Member ID: 21 and Survey ID: 55
Point: 1
Point validation passed for Member ID: 21 and Survey ID: 66
Point: 15
Point validation passed for Member ID: 21 and Survey ID: 69
Point: 1
Point validation passed for Member ID: 21 and Survey ID: 82
Point: 35
Point validation passed for Member ID: 21 and Survey ID: 86
Point: 30
Point validation passed for Member ID: 21 and Survey ID: 88
Point: 30
Point validation passed for Member ID: 21 and Survey ID: 90
Point: 5
Point validation passed for Member ID: 21 and Survey ID: 98
Point: 5
Point validation passed for Member ID: 22 and Survey ID: 11
Point: 45
Point validation passed for Member ID: 22 and Survey ID: 18
Point: 0
Point validation passed for Member ID: 22 and Survey ID: 45
Point: 20
Point validation passed for Member ID: 22 and Survey ID: 47
Point: 3
Point validation passed for Member ID: 22 and Survey ID: 51
Point: 15
Point validation passed for Member ID: 22 and Survey ID: 55
Point: 35
Point validation passed for Member ID: 22 and Survey ID: 56
Point: 10
Point validation passed for Member ID: 22 and Survey ID: 82
Point: 4
Point validation passed for Member ID: 22 and Survey ID: 84
Point: 25
Point validation passed for Member ID: 22 and Survey ID: 86
Point: 30
Point validation passed for Member ID: 22 and Survey ID: 92
Point: 0
Point validation passed for Member ID: 23 and Survey ID: 23
Point: 10
Point validation passed for Member ID: 23 and Survey ID: 41
Point: 40
Point validation passed for Member ID: 23 and Survey ID: 47
Point: 20
Point validation passed for Member ID: 23 and Survey ID: 54
Point: 4
Point validation passed for Member ID: 23 and Survey ID: 82
Point: 4
Point validation passed for Member ID: 24 and Survey ID: 17
Point: 15
Point validation passed for Member ID: 24 and Survey ID: 19
Point: 0
Point validation passed for Member ID: 24 and Survey ID: 28
Point: 4
Point validation passed for Member ID: 24 and Survey ID: 31
Point: 50
Point validation passed for Member ID: 24 and Survey ID: 41
Point: 0
Point validation passed for Member ID: 24 and Survey ID: 43
Point: 5
Point validation passed for Member ID: 24 and Survey ID: 63
Point: 30
Point validation passed for Member ID: 24 and Survey ID: 64
Point: 5
Point validation passed for Member ID: 24 and Survey ID: 67
Point: 35
Point validation passed for Member ID: 24 and Survey ID: 68
Point: 5
Point validation passed for Member ID: 24 and Survey ID: 77
Point: 25
Point validation passed for Member ID: 24 and Survey ID: 81
Point: 20
Point validation passed for Member ID: 24 and Survey ID: 89
Point: 10
Point validation passed for Member ID: 24 and Survey ID: 95
Point: 15
Point validation passed for Member ID: 25 and Survey ID: 10
Point: 5
Point validation passed for Member ID: 25 and Survey ID: 16
Point: 45
Point validation passed for Member ID: 25 and Survey ID: 25
Point: 5
Point validation passed for Member ID: 25 and Survey ID: 49
Point: 35
Point validation passed for Member ID: 25 and Survey ID: 76
Point: 5
Point validation passed for Member ID: 25 and Survey ID: 79
Point: 20
Point validation passed for Member ID: 25 and Survey ID: 81
Point: 1
Point validation passed for Member ID: 25 and Survey ID: 96
Point: 50
Point validation passed for Member ID: 26 and Survey ID: 4
Point: 10
Point validation passed for Member ID: 26 and Survey ID: 9
Point: 35
Point validation passed for Member ID: 26 and Survey ID: 11
Point: 45
Point validation passed for Member ID: 26 and Survey ID: 53
Point: 5
Point validation passed for Member ID: 26 and Survey ID: 57
Point: 0
Point validation passed for Member ID: 26 and Survey ID: 62
Point: 3
Point validation passed for Member ID: 26 and Survey ID: 74
Point: 50
Point validation passed for Member ID: 26 and Survey ID: 100
Point: 3
Point validation passed for Member ID: 27 and Survey ID: 9
Point: 35
Point validation passed for Member ID: 27 and Survey ID: 26
Point: 5
Point validation passed for Member ID: 27 and Survey ID: 40
Point: 10
Point validation passed for Member ID: 27 and Survey ID: 43
Point: 30
Point validation passed for Member ID: 27 and Survey ID: 52
Point: 3
Point validation passed for Member ID: 27 and Survey ID: 61
Point: 40
Point validation passed for Member ID: 27 and Survey ID: 63
Point: 5
Point validation passed for Member ID: 27 and Survey ID: 67
Point: 35
Point validation passed for Member ID: 27 and Survey ID: 79
Point: 20
Point validation passed for Member ID: 27 and Survey ID: 95
Point: 0
Point validation passed for Member ID: 28 and Survey ID: 14
Point: 50
Point validation passed for Member ID: 28 and Survey ID: 21
Point: 50
Point validation passed for Member ID: 28 and Survey ID: 26
Point: 5
Point validation passed for Member ID: 28 and Survey ID: 60
Point: 35
Point validation passed for Member ID: 28 and Survey ID: 80
Point: 0
Point validation passed for Member ID: 28 and Survey ID: 84
Point: 25
Point validation passed for Member ID: 28 and Survey ID: 89
Point: 10
Point validation passed for Member ID: 29 and Survey ID: 3
Point: 10
Point validation passed for Member ID: 29 and Survey ID: 4
Point: 10
Point validation passed for Member ID: 29 and Survey ID: 11
Point: 45
Point validation passed for Member ID: 29 and Survey ID: 22
Point: 40
Point validation passed for Member ID: 29 and Survey ID: 53
Point: 20
Point validation passed for Member ID: 29 and Survey ID: 64
Point: 5
Point validation passed for Member ID: 29 and Survey ID: 71
Point: 30
Point validation passed for Member ID: 29 and Survey ID: 72
Point: 3
Point validation passed for Member ID: 29 and Survey ID: 78
Point: 3
Point validation passed for Member ID: 30 and Survey ID: 19
Point: 45
Point validation passed for Member ID: 30 and Survey ID: 32
Point: 2
Point validation passed for Member ID: 30 and Survey ID: 34
Point: 15
Point validation passed for Member ID: 30 and Survey ID: 36
Point: 35
Point validation passed for Member ID: 30 and Survey ID: 47
Point: 20
Point validation passed for Member ID: 30 and Survey ID: 48
Point: 40
Point validation passed for Member ID: 30 and Survey ID: 55
Point: 0
Point validation passed for Member ID: 30 and Survey ID: 57
Point: 45
Point validation passed for Member ID: 30 and Survey ID: 60
Point: 0
Point validation passed for Member ID: 30 and Survey ID: 73
Point: 15
Point validation passed for Member ID: 30 and Survey ID: 85
Point: 25
Point validation passed for Member ID: 30 and Survey ID: 89
Point: 10
Point validation passed for Member ID: 31 and Survey ID: 6
Point: 5
Point validation passed for Member ID: 31 and Survey ID: 10
Point: 2
Point validation passed for Member ID: 31 and Survey ID: 11
Point: 45
Point validation passed for Member ID: 31 and Survey ID: 26
Point: 5
Point validation passed for Member ID: 31 and Survey ID: 42
Point: 4
Point validation passed for Member ID: 31 and Survey ID: 58
Point: 45
Point validation passed for Member ID: 31 and Survey ID: 62
Point: 40
Point validation passed for Member ID: 31 and Survey ID: 70
Point: 30
Point validation passed for Member ID: 32 and Survey ID: 2
Point: 15
Point validation passed for Member ID: 32 and Survey ID: 5
Point: 35
Point validation passed for Member ID: 32 and Survey ID: 6
Point: 0
Point validation passed for Member ID: 32 and Survey ID: 14
Point: 50
Point validation passed for Member ID: 32 and Survey ID: 33
Point: 25
Point validation passed for Member ID: 32 and Survey ID: 35
Point: 10
Point validation passed for Member ID: 32 and Survey ID: 37
Point: 25
Point validation passed for Member ID: 32 and Survey ID: 39
Point: 40
Point validation passed for Member ID: 32 and Survey ID: 58
Point: 45
Point validation passed for Member ID: 32 and Survey ID: 80
Point: 45
Point validation passed for Member ID: 33 and Survey ID: 3
Point: 10
Point validation passed for Member ID: 33 and Survey ID: 37
Point: 25
Point validation passed for Member ID: 33 and Survey ID: 38
Point: 30
Point validation passed for Member ID: 33 and Survey ID: 42
Point: 4
Point validation passed for Member ID: 33 and Survey ID: 49
Point: 0
Point validation passed for Member ID: 33 and Survey ID: 59
Point: 40
Point validation passed for Member ID: 33 and Survey ID: 63
Point: 30
Point validation passed for Member ID: 33 and Survey ID: 77
Point: 25
Point validation passed for Member ID: 33 and Survey ID: 89
Point: 10
Point validation passed for Member ID: 34 and Survey ID: 4
Point: 10
Point validation passed for Member ID: 34 and Survey ID: 13
Point: 40
Point validation passed for Member ID: 34 and Survey ID: 23
Point: 0
Point validation passed for Member ID: 34 and Survey ID: 24
Point: 35
Point validation passed for Member ID: 34 and Survey ID: 32
Point: 0
Point validation passed for Member ID: 34 and Survey ID: 36
Point: 35
Point validation passed for Member ID: 34 and Survey ID: 54
Point: 25
Point validation passed for Member ID: 34 and Survey ID: 65
Point: 20
Point validation passed for Member ID: 34 and Survey ID: 77
Point: 25
Point validation passed for Member ID: 34 and Survey ID: 82
Point: 35
Point validation passed for Member ID: 34 and Survey ID: 97
Point: 35
Point validation passed for Member ID: 35 and Survey ID: 1
Point: 2
Point validation passed for Member ID: 35 and Survey ID: 2
Point: 15
Point validation passed for Member ID: 35 and Survey ID: 9
Point: 35
Point validation passed for Member ID: 35 and Survey ID: 10
Point: 5
Point validation passed for Member ID: 35 and Survey ID: 21
Point: 50
Point validation passed for Member ID: 35 and Survey ID: 30
Point: 25
Point validation passed for Member ID: 35 and Survey ID: 35
Point: 10
Point validation passed for Member ID: 35 and Survey ID: 42
Point: 25
Point validation passed for Member ID: 35 and Survey ID: 48
Point: 0
Point validation passed for Member ID: 35 and Survey ID: 62
Point: 40
Point validation passed for Member ID: 35 and Survey ID: 90
Point: 5
Point validation passed for Member ID: 35 and Survey ID: 94
Point: 5
Point validation passed for Member ID: 36 and Survey ID: 2
Point: 15
Point validation passed for Member ID: 36 and Survey ID: 28
Point: 10
Point validation passed for Member ID: 36 and Survey ID: 29
Point: 50
Point validation passed for Member ID: 36 and Survey ID: 44
Point: 5
Point validation passed for Member ID: 36 and Survey ID: 46
Point: 10
Point validation passed for Member ID: 36 and Survey ID: 57
Point: 0
Point validation passed for Member ID: 36 and Survey ID: 60
Point: 35
Point validation passed for Member ID: 36 and Survey ID: 67
Point: 35
Point validation passed for Member ID: 36 and Survey ID: 72
Point: 25
Point validation passed for Member ID: 36 and Survey ID: 79
Point: 20
Point validation passed for Member ID: 36 and Survey ID: 80
Point: 45
Point validation passed for Member ID: 36 and Survey ID: 84
Point: 2
Point validation passed for Member ID: 36 and Survey ID: 98
Point: 45
Point validation passed for Member ID: 37 and Survey ID: 12
Point: 5
Point validation passed for Member ID: 37 and Survey ID: 20
Point: 20
Point validation passed for Member ID: 37 and Survey ID: 26
Point: 5
Point validation passed for Member ID: 37 and Survey ID: 65
Point: 20
Point validation passed for Member ID: 37 and Survey ID: 67
Point: 35
Point validation passed for Member ID: 37 and Survey ID: 71
Point: 0
Point validation passed for Member ID: 37 and Survey ID: 83
Point: 5
Point validation passed for Member ID: 38 and Survey ID: 1
Point: 0
Point validation passed for Member ID: 38 and Survey ID: 7
Point: 45
Point validation passed for Member ID: 38 and Survey ID: 8
Point: 4
Point validation passed for Member ID: 38 and Survey ID: 25
Point: 5
Point validation passed for Member ID: 38 and Survey ID: 29
Point: 50
Point validation passed for Member ID: 38 and Survey ID: 33
Point: 25
Point validation passed for Member ID: 38 and Survey ID: 55
Point: 1
Point validation passed for Member ID: 38 and Survey ID: 71
Point: 0
Point validation passed for Member ID: 38 and Survey ID: 74
Point: 0
Point validation passed for Member ID: 38 and Survey ID: 86
Point: 4
Point validation passed for Member ID: 38 and Survey ID: 92
Point: 45
Point validation passed for Member ID: 38 and Survey ID: 96
Point: 5
Point validation passed for Member ID: 39 and Survey ID: 9
Point: 35
Point validation passed for Member ID: 39 and Survey ID: 14
Point: 2
Point validation passed for Member ID: 39 and Survey ID: 28
Point: 10
Point validation passed for Member ID: 39 and Survey ID: 36
Point: 2
Point validation passed for Member ID: 39 and Survey ID: 54
Point: 25
Point validation passed for Member ID: 39 and Survey ID: 57
Point: 45
Point validation passed for Member ID: 39 and Survey ID: 64
Point: 0
Point validation passed for Member ID: 39 and Survey ID: 74
Point: 50
Point validation passed for Member ID: 39 and Survey ID: 75
Point: 10
Point validation passed for Member ID: 39 and Survey ID: 91
Point: 5
Point validation passed for Member ID: 40 and Survey ID: 16
Point: 45
Point validation passed for Member ID: 40 and Survey ID: 21
Point: 3
Point validation passed for Member ID: 40 and Survey ID: 23
Point: 10
Point validation passed for Member ID: 40 and Survey ID: 34
Point: 15
Point validation passed for Member ID: 40 and Survey ID: 46
Point: 10
Point validation passed for Member ID: 40 and Survey ID: 54
Point: 25
Point validation passed for Member ID: 40 and Survey ID: 78
Point: 0
Point validation passed for Member ID: 40 and Survey ID: 79
Point: 20
Point validation passed for Member ID: 40 and Survey ID: 83
Point: 5
Point validation passed for Member ID: 40 and Survey ID: 85
Point: 25
Point validation passed for Member ID: 40 and Survey ID: 99
Point: 0
Point validation passed for Member ID: 40 and Survey ID: 100
Point: 10
Point validation passed for Member ID: 41 and Survey ID: 7
Point: 45
Point validation passed for Member ID: 41 and Survey ID: 12
Point: 5
Point validation passed for Member ID: 41 and Survey ID: 15
Point: 10
Point validation passed for Member ID: 41 and Survey ID: 16
Point: 3
Point validation passed for Member ID: 41 and Survey ID: 26
Point: 5
Point validation passed for Member ID: 41 and Survey ID: 34
Point: 0
Point validation passed for Member ID: 41 and Survey ID: 43
Point: 30
Point validation passed for Member ID: 41 and Survey ID: 48
Point: 5
Point validation passed for Member ID: 41 and Survey ID: 49
Point: 35
Point validation passed for Member ID: 41 and Survey ID: 57
Point: 3
Point validation passed for Member ID: 41 and Survey ID: 62
Point: 0
Point validation passed for Member ID: 41 and Survey ID: 85
Point: 25
Point validation passed for Member ID: 41 and Survey ID: 87
Point: 15
Point validation passed for Member ID: 41 and Survey ID: 93
Point: 0
Point validation passed for Member ID: 42 and Survey ID: 4
Point: 10
Point validation passed for Member ID: 42 and Survey ID: 11
Point: 0
Point validation passed for Member ID: 42 and Survey ID: 15
Point: 10
Point validation passed for Member ID: 42 and Survey ID: 34
Point: 0
Point validation passed for Member ID: 42 and Survey ID: 56
Point: 1
Point validation passed for Member ID: 42 and Survey ID: 58
Point: 45
Point validation passed for Member ID: 42 and Survey ID: 79
Point: 0
Point validation passed for Member ID: 42 and Survey ID: 88
Point: 30
Point validation passed for Member ID: 42 and Survey ID: 95
Point: 15
Point validation passed for Member ID: 42 and Survey ID: 96
Point: 50
Point validation passed for Member ID: 42 and Survey ID: 99
Point: 25
Point validation passed for Member ID: 43 and Survey ID: 5
Point: 0
Point validation passed for Member ID: 43 and Survey ID: 35
Point: 10
Point validation passed for Member ID: 43 and Survey ID: 42
Point: 25
Point validation passed for Member ID: 43 and Survey ID: 44
Point: 35
Point validation passed for Member ID: 43 and Survey ID: 49
Point: 4
Point validation passed for Member ID: 44 and Survey ID: 10
Point: 5
Point validation passed for Member ID: 44 and Survey ID: 32
Point: 40
Point validation passed for Member ID: 44 and Survey ID: 59
Point: 40
Point validation passed for Member ID: 44 and Survey ID: 65
Point: 20
Point validation passed for Member ID: 44 and Survey ID: 72
Point: 25
Point validation passed for Member ID: 44 and Survey ID: 78
Point: 30
Point validation passed for Member ID: 45 and Survey ID: 2
Point: 0
Point validation passed for Member ID: 45 and Survey ID: 11
Point: 45
Point validation passed for Member ID: 45 and Survey ID: 29
Point: 50
Point validation passed for Member ID: 45 and Survey ID: 47
Point: 20
Point validation passed for Member ID: 45 and Survey ID: 49
Point: 35
Point validation passed for Member ID: 45 and Survey ID: 55
Point: 35
Point validation passed for Member ID: 45 and Survey ID: 60
Point: 0
Point validation passed for Member ID: 45 and Survey ID: 70
Point: 5
Point validation passed for Member ID: 46 and Survey ID: 5
Point: 4
Point validation passed for Member ID: 46 and Survey ID: 25
Point: 5
Point validation passed for Member ID: 46 and Survey ID: 38
Point: 1
Point validation passed for Member ID: 46 and Survey ID: 52
Point: 40
Point validation passed for Member ID: 46 and Survey ID: 59
Point: 40
Point validation passed for Member ID: 46 and Survey ID: 63
Point: 5
Point validation passed for Member ID: 46 and Survey ID: 73
Point: 2
Point validation passed for Member ID: 46 and Survey ID: 74
Point: 0
Point validation passed for Member ID: 47 and Survey ID: 32
Point: 40
Point validation passed for Member ID: 47 and Survey ID: 50
Point: 35
Point validation passed for Member ID: 47 and Survey ID: 62
Point: 0
Point validation passed for Member ID: 47 and Survey ID: 88
Point: 30
Point validation passed for Member ID: 48 and Survey ID: 12
Point: 1
Point validation passed for Member ID: 48 and Survey ID: 47
Point: 3
Point validation passed for Member ID: 48 and Survey ID: 58
Point: 45
Point validation passed for Member ID: 48 and Survey ID: 67
Point: 35
Point validation passed for Member ID: 48 and Survey ID: 82
Point: 4
Point validation passed for Member ID: 48 and Survey ID: 83
Point: 5
Point validation passed for Member ID: 48 and Survey ID: 92
Point: 45
Point validation passed for Member ID: 48 and Survey ID: 99
Point: 25
Point validation passed for Member ID: 49 and Survey ID: 2
Point: 0
Point validation passed for Member ID: 49 and Survey ID: 9
Point: 2
Point validation passed for Member ID: 49 and Survey ID: 19
Point: 45
Point validation passed for Member ID: 49 and Survey ID: 27
Point: 0
Point validation passed for Member ID: 49 and Survey ID: 28
Point: 10
Point validation passed for Member ID: 49 and Survey ID: 32
Point: 40
Point validation passed for Member ID: 49 and Survey ID: 35
Point: 10
Point validation passed for Member ID: 49 and Survey ID: 39
Point: 40
Point validation passed for Member ID: 49 and Survey ID: 47
Point: 20
Point validation passed for Member ID: 49 and Survey ID: 50
Point: 5
Point validation passed for Member ID: 49 and Survey ID: 51
Point: 15
Point validation passed for Member ID: 49 and Survey ID: 53
Point: 5
Point validation passed for Member ID: 49 and Survey ID: 62
Point: 40
Point validation passed for Member ID: 49 and Survey ID: 63
Point: 30
Point validation passed for Member ID: 49 and Survey ID: 65
Point: 0
Point validation passed for Member ID: 49 and Survey ID: 69
Point: 1
Point validation passed for Member ID: 49 and Survey ID: 97
Point: 1
Point validation passed for Member ID: 50 and Survey ID: 1
Point: 5
Point validation passed for Member ID: 50 and Survey ID: 4
Point: 10
Point validation passed for Member ID: 50 and Survey ID: 19
Point: 45
Point validation passed for Member ID: 50 and Survey ID: 21
Point: 50
Point validation passed for Member ID: 50 and Survey ID: 25
Point: 5
Point validation passed for Member ID: 50 and Survey ID: 34
Point: 15
Point validation passed for Member ID: 50 and Survey ID: 56
Point: 10
Point validation passed for Member ID: 50 and Survey ID: 57
Point: 0
Point validation passed for Member ID: 50 and Survey ID: 79
Point: 20
Point validation passed for Member ID: 50 and Survey ID: 99
Point: 3
Point validation passed for Member ID: 51 and Survey ID: 3
Point: 10
Point validation passed for Member ID: 51 and Survey ID: 10
Point: 5
Point validation passed for Member ID: 51 and Survey ID: 39
Point: 40
Point validation passed for Member ID: 51 and Survey ID: 40
Point: 10
Point validation passed for Member ID: 51 and Survey ID: 49
Point: 35
Point validation passed for Member ID: 51 and Survey ID: 53
Point: 0
Point validation passed for Member ID: 51 and Survey ID: 56
Point: 1
Point validation passed for Member ID: 51 and Survey ID: 59
Point: 2
Point validation passed for Member ID: 51 and Survey ID: 84
Point: 25
Point validation passed for Member ID: 51 and Survey ID: 88
Point: 30
Point validation passed for Member ID: 51 and Survey ID: 95
Point: 15
Point validation passed for Member ID: 51 and Survey ID: 100
Point: 10
Point validation passed for Member ID: 52 and Survey ID: 14
Point: 50
Point validation passed for Member ID: 52 and Survey ID: 29
Point: 50
Point validation passed for Member ID: 52 and Survey ID: 35
Point: 10
Point validation passed for Member ID: 52 and Survey ID: 43
Point: 30
Point validation passed for Member ID: 52 and Survey ID: 47
Point: 20
Point validation passed for Member ID: 52 and Survey ID: 53
Point: 20
Point validation passed for Member ID: 52 and Survey ID: 68
Point: 5
Point validation passed for Member ID: 52 and Survey ID: 72
Point: 25
Point validation passed for Member ID: 52 and Survey ID: 82
Point: 35
Point validation passed for Member ID: 52 and Survey ID: 85
Point: 2
Point validation passed for Member ID: 53 and Survey ID: 4
Point: 10
Point validation passed for Member ID: 53 and Survey ID: 26
Point: 5
Point validation passed for Member ID: 53 and Survey ID: 38
Point: 1
Point validation passed for Member ID: 53 and Survey ID: 42
Point: 25
Point validation passed for Member ID: 53 and Survey ID: 48
Point: 0
Point validation passed for Member ID: 53 and Survey ID: 49
Point: 35
Point validation passed for Member ID: 53 and Survey ID: 73
Point: 15
Point validation passed for Member ID: 53 and Survey ID: 77
Point: 25
Point validation passed for Member ID: 53 and Survey ID: 79
Point: 5
Point validation passed for Member ID: 54 and Survey ID: 1
Point: 5
Point validation passed for Member ID: 54 and Survey ID: 14
Point: 2
Point validation passed for Member ID: 54 and Survey ID: 21
Point: 50
Point validation passed for Member ID: 54 and Survey ID: 27
Point: 15
Point validation passed for Member ID: 54 and Survey ID: 32
Point: 40
Point validation passed for Member ID: 54 and Survey ID: 47
Point: 20
Point validation passed for Member ID: 54 and Survey ID: 60
Point: 35
Point validation passed for Member ID: 54 and Survey ID: 67
Point: 35
Point validation passed for Member ID: 54 and Survey ID: 93
Point: 1
Point validation passed for Member ID: 55 and Survey ID: 15
Point: 10
Point validation passed for Member ID: 55 and Survey ID: 21
Point: 50
Point validation passed for Member ID: 55 and Survey ID: 22
Point: 40
Point validation passed for Member ID: 55 and Survey ID: 56
Point: 10
Point validation passed for Member ID: 55 and Survey ID: 57
Point: 45
Point validation passed for Member ID: 55 and Survey ID: 100
Point: 10
Point validation passed for Member ID: 56 and Survey ID: 3
Point: 10
Point validation passed for Member ID: 56 and Survey ID: 7
Point: 3
Point validation passed for Member ID: 56 and Survey ID: 8
Point: 5
Point validation passed for Member ID: 56 and Survey ID: 17
Point: 15
Point validation passed for Member ID: 56 and Survey ID: 50
Point: 35
Point validation passed for Member ID: 56 and Survey ID: 55
Point: 35
Point validation passed for Member ID: 56 and Survey ID: 69
Point: 10
Point validation passed for Member ID: 56 and Survey ID: 80
Point: 45
Point validation passed for Member ID: 56 and Survey ID: 87
Point: 0
Point validation passed for Member ID: 56 and Survey ID: 88
Point: 30
Point validation passed for Member ID: 56 and Survey ID: 92
Point: 4
Point validation passed for Member ID: 57 and Survey ID: 1
Point: 5
Point validation passed for Member ID: 57 and Survey ID: 13
Point: 3
Point validation passed for Member ID: 57 and Survey ID: 43
Point: 30
Point validation passed for Member ID: 57 and Survey ID: 44
Point: 5
Point validation passed for Member ID: 57 and Survey ID: 64
Point: 5
Point validation passed for Member ID: 57 and Survey ID: 66
Point: 15
Point validation passed for Member ID: 57 and Survey ID: 87
Point: 15
Point validation passed for Member ID: 57 and Survey ID: 96
Point: 50
Point validation passed for Member ID: 57 and Survey ID: 100
Point: 10
Point validation passed for Member ID: 58 and Survey ID: 3
Point: 10
Point validation passed for Member ID: 58 and Survey ID: 24
Point: 35
Point validation passed for Member ID: 58 and Survey ID: 27
Point: 0
Point validation passed for Member ID: 58 and Survey ID: 28
Point: 10
Point validation passed for Member ID: 58 and Survey ID: 32
Point: 40
Point validation passed for Member ID: 58 and Survey ID: 54
Point: 25
Point validation passed for Member ID: 58 and Survey ID: 57
Point: 45
Point validation passed for Member ID: 58 and Survey ID: 79
Point: 0
Point validation passed for Member ID: 58 and Survey ID: 90
Point: 5
Point validation passed for Member ID: 58 and Survey ID: 98
Point: 45
Point validation passed for Member ID: 58 and Survey ID: 100
Point: 3
Point validation passed for Member ID: 59 and Survey ID: 5
Point: 4
Point validation passed for Member ID: 59 and Survey ID: 10
Point: 5
Point validation passed for Member ID: 59 and Survey ID: 13
Point: 3
Point validation passed for Member ID: 59 and Survey ID: 34
Point: 15
Point validation passed for Member ID: 59 and Survey ID: 48
Point: 40
Point validation passed for Member ID: 59 and Survey ID: 63
Point: 30
Point validation passed for Member ID: 59 and Survey ID: 69
Point: 0
Point validation passed for Member ID: 59 and Survey ID: 76
Point: 40
Point validation passed for Member ID: 59 and Survey ID: 78
Point: 0
Point validation passed for Member ID: 59 and Survey ID: 87
Point: 15
Point validation passed for Member ID: 59 and Survey ID: 93
Point: 45
Point validation passed for Member ID: 60 and Survey ID: 5
Point: 35
Point validation passed for Member ID: 60 and Survey ID: 11
Point: 4
Point validation passed for Member ID: 60 and Survey ID: 20
Point: 5
Point validation passed for Member ID: 60 and Survey ID: 41
Point: 40
Point validation passed for Member ID: 60 and Survey ID: 75
Point: 10
Point validation passed for Member ID: 60 and Survey ID: 81
Point: 20
Point validation passed for Member ID: 60 and Survey ID: 87
Point: 15
Point validation passed for Member ID: 60 and Survey ID: 97
Point: 35
Point validation passed for Member ID: 60 and Survey ID: 98
Point: 45
Point validation passed for Member ID: 61 and Survey ID: 11
Point: 0
Point validation passed for Member ID: 61 and Survey ID: 35
Point: 10
Point validation passed for Member ID: 61 and Survey ID: 42
Point: 4
Point validation passed for Member ID: 61 and Survey ID: 47
Point: 20
Point validation passed for Member ID: 61 and Survey ID: 48
Point: 0
Point validation passed for Member ID: 61 and Survey ID: 59
Point: 40
Point validation passed for Member ID: 61 and Survey ID: 78
Point: 0
Point validation passed for Member ID: 61 and Survey ID: 95
Point: 15
Point validation passed for Member ID: 61 and Survey ID: 97
Point: 35
Point validation passed for Member ID: 62 and Survey ID: 7
Point: 45
Point validation passed for Member ID: 62 and Survey ID: 11
Point: 45
Point validation passed for Member ID: 62 and Survey ID: 24
Point: 35
Point validation passed for Member ID: 62 and Survey ID: 27
Point: 15
Point validation passed for Member ID: 62 and Survey ID: 31
Point: 50
Point validation passed for Member ID: 62 and Survey ID: 39
Point: 2
Point validation passed for Member ID: 62 and Survey ID: 58
Point: 45
Point validation passed for Member ID: 62 and Survey ID: 59
Point: 40
Point validation passed for Member ID: 62 and Survey ID: 75
Point: 5
Point validation passed for Member ID: 62 and Survey ID: 79
Point: 0
Point validation passed for Member ID: 63 and Survey ID: 6
Point: 5
Point validation passed for Member ID: 63 and Survey ID: 7
Point: 45
Point validation passed for Member ID: 63 and Survey ID: 9
Point: 35
Point validation passed for Member ID: 63 and Survey ID: 15
Point: 1
Point validation passed for Member ID: 63 and Survey ID: 31
Point: 50
Point validation passed for Member ID: 63 and Survey ID: 32
Point: 40
Point validation passed for Member ID: 63 and Survey ID: 44
Point: 5
Point validation passed for Member ID: 63 and Survey ID: 51
Point: 15
Point validation passed for Member ID: 63 and Survey ID: 54
Point: 25
Point validation passed for Member ID: 63 and Survey ID: 56
Point: 10
Point validation passed for Member ID: 63 and Survey ID: 77
Point: 25
Point validation passed for Member ID: 63 and Survey ID: 83
Point: 5
Point validation passed for Member ID: 63 and Survey ID: 93
Point: 1
Point validation passed for Member ID: 64 and Survey ID: 3
Point: 10
Point validation passed for Member ID: 64 and Survey ID: 8
Point: 5
Point validation passed for Member ID: 64 and Survey ID: 13
Point: 40
Point validation passed for Member ID: 64 and Survey ID: 30
Point: 25
Point validation passed for Member ID: 64 and Survey ID: 34
Point: 15
Point validation passed for Member ID: 64 and Survey ID: 51
Point: 15
Point validation passed for Member ID: 64 and Survey ID: 71
Point: 30
Point validation passed for Member ID: 64 and Survey ID: 93
Point: 45
Point validation passed for Member ID: 65 and Survey ID: 1
Point: 2
Point validation passed for Member ID: 65 and Survey ID: 5
Point: 35
Point validation passed for Member ID: 65 and Survey ID: 14
Point: 50
Point validation passed for Member ID: 65 and Survey ID: 22
Point: 40
Point validation passed for Member ID: 65 and Survey ID: 24
Point: 35
Point validation passed for Member ID: 65 and Survey ID: 25
Point: 0
Point validation passed for Member ID: 65 and Survey ID: 43
Point: 0
Point validation passed for Member ID: 65 and Survey ID: 56
Point: 1
Point validation passed for Member ID: 65 and Survey ID: 63
Point: 30
Point validation passed for Member ID: 65 and Survey ID: 67
Point: 35
Point validation passed for Member ID: 65 and Survey ID: 84
Point: 25
Point validation passed for Member ID: 66 and Survey ID: 28
Point: 10
Point validation passed for Member ID: 66 and Survey ID: 30
Point: 25
Point validation passed for Member ID: 66 and Survey ID: 37
Point: 25
Point validation passed for Member ID: 66 and Survey ID: 51
Point: 15
Point validation passed for Member ID: 66 and Survey ID: 68
Point: 5
Point validation passed for Member ID: 66 and Survey ID: 83
Point: 0
Point validation passed for Member ID: 66 and Survey ID: 99
Point: 25
Point validation passed for Member ID: 67 and Survey ID: 11
Point: 4
Point validation passed for Member ID: 67 and Survey ID: 25
Point: 5
Point validation passed for Member ID: 67 and Survey ID: 34
Point: 5
Point validation passed for Member ID: 67 and Survey ID: 35
Point: 10
Point validation passed for Member ID: 67 and Survey ID: 44
Point: 35
Point validation passed for Member ID: 67 and Survey ID: 59
Point: 40
Point validation passed for Member ID: 67 and Survey ID: 67
Point: 0
Point validation passed for Member ID: 67 and Survey ID: 97
Point: 1
Point validation passed for Member ID: 68 and Survey ID: 20
Point: 0
Point validation passed for Member ID: 68 and Survey ID: 22
Point: 40
Point validation passed for Member ID: 68 and Survey ID: 30
Point: 25
Point validation passed for Member ID: 68 and Survey ID: 36
Point: 35
Point validation passed for Member ID: 68 and Survey ID: 45
Point: 20
Point validation passed for Member ID: 68 and Survey ID: 58
Point: 2
Point validation passed for Member ID: 68 and Survey ID: 60
Point: 35
Point validation passed for Member ID: 68 and Survey ID: 61
Point: 40
Point validation passed for Member ID: 68 and Survey ID: 64
Point: 5
Point validation passed for Member ID: 68 and Survey ID: 78
Point: 30
Point validation passed for Member ID: 68 and Survey ID: 92
Point: 45
Point validation passed for Member ID: 69 and Survey ID: 4
Point: 10
Point validation passed for Member ID: 69 and Survey ID: 45
Point: 0
Point validation passed for Member ID: 69 and Survey ID: 47
Point: 3
Point validation passed for Member ID: 69 and Survey ID: 50
Point: 35
Point validation passed for Member ID: 69 and Survey ID: 56
Point: 10
Point validation passed for Member ID: 69 and Survey ID: 57
Point: 3
Point validation passed for Member ID: 69 and Survey ID: 60
Point: 35
Point validation passed for Member ID: 69 and Survey ID: 65
Point: 20
Point validation passed for Member ID: 69 and Survey ID: 73
Point: 15
Point validation passed for Member ID: 69 and Survey ID: 83
Point: 5
Point validation passed for Member ID: 69 and Survey ID: 85
Point: 25
Point validation passed for Member ID: 70 and Survey ID: 13
Point: 40
Point validation passed for Member ID: 70 and Survey ID: 15
Point: 10
Point validation passed for Member ID: 70 and Survey ID: 21
Point: 50
Point validation passed for Member ID: 70 and Survey ID: 38
Point: 0
Point validation passed for Member ID: 70 and Survey ID: 39
Point: 2
Point validation passed for Member ID: 70 and Survey ID: 44
Point: 35
Point validation passed for Member ID: 70 and Survey ID: 55
Point: 35
Point validation passed for Member ID: 70 and Survey ID: 89
Point: 10
Point validation passed for Member ID: 70 and Survey ID: 95
Point: 15
Point validation passed for Member ID: 71 and Survey ID: 12
Point: 5
Point validation passed for Member ID: 71 and Survey ID: 18
Point: 4
Point validation passed for Member ID: 71 and Survey ID: 38
Point: 30
Point validation passed for Member ID: 71 and Survey ID: 39
Point: 40
Point validation passed for Member ID: 71 and Survey ID: 42
Point: 25
Point validation passed for Member ID: 71 and Survey ID: 43
Point: 0
Point validation passed for Member ID: 71 and Survey ID: 52
Point: 40
Point validation passed for Member ID: 71 and Survey ID: 60
Point: 2
Point validation passed for Member ID: 71 and Survey ID: 72
Point: 25
Point validation passed for Member ID: 71 and Survey ID: 98
Point: 45
Point validation passed for Member ID: 72 and Survey ID: 10
Point: 2
Point validation passed for Member ID: 72 and Survey ID: 29
Point: 50
Point validation passed for Member ID: 72 and Survey ID: 59
Point: 2
Point validation passed for Member ID: 72 and Survey ID: 62
Point: 40
Point validation passed for Member ID: 72 and Survey ID: 66
Point: 15
Point validation passed for Member ID: 72 and Survey ID: 76
Point: 40
Point validation passed for Member ID: 72 and Survey ID: 81
Point: 20
Point validation passed for Member ID: 72 and Survey ID: 86
Point: 0
Point validation passed for Member ID: 72 and Survey ID: 95
Point: 0
Point validation passed for Member ID: 73 and Survey ID: 10
Point: 5
Point validation passed for Member ID: 73 and Survey ID: 27
Point: 15
Point validation passed for Member ID: 73 and Survey ID: 28
Point: 4
Point validation passed for Member ID: 73 and Survey ID: 30
Point: 25
Point validation passed for Member ID: 73 and Survey ID: 37
Point: 25
Point validation passed for Member ID: 73 and Survey ID: 50
Point: 35
Point validation passed for Member ID: 73 and Survey ID: 62
Point: 40
Point validation passed for Member ID: 73 and Survey ID: 68
Point: 5
Point validation passed for Member ID: 73 and Survey ID: 70
Point: 30
Point validation passed for Member ID: 73 and Survey ID: 87
Point: 15
Point validation passed for Member ID: 73 and Survey ID: 98
Point: 5
Point validation passed for Member ID: 73 and Survey ID: 100
Point: 10
Point validation passed for Member ID: 74 and Survey ID: 7
Point: 45
Point validation passed for Member ID: 74 and Survey ID: 17
Point: 5
Point validation passed for Member ID: 74 and Survey ID: 47
Point: 3
Point validation passed for Member ID: 74 and Survey ID: 50
Point: 35
Point validation passed for Member ID: 74 and Survey ID: 55
Point: 35
Point validation passed for Member ID: 74 and Survey ID: 62
Point: 0
Point validation passed for Member ID: 74 and Survey ID: 63
Point: 30
Point validation passed for Member ID: 74 and Survey ID: 69
Point: 0
Point validation passed for Member ID: 74 and Survey ID: 87
Point: 4
Point validation passed for Member ID: 74 and Survey ID: 92
Point: 45
Point validation passed for Member ID: 75 and Survey ID: 29
Point: 50
Point validation passed for Member ID: 75 and Survey ID: 35
Point: 10
Point validation passed for Member ID: 75 and Survey ID: 40
Point: 10
Point validation passed for Member ID: 75 and Survey ID: 79
Point: 20
Point validation passed for Member ID: 76 and Survey ID: 8
Point: 4
Point validation passed for Member ID: 76 and Survey ID: 24
Point: 0
Point validation passed for Member ID: 76 and Survey ID: 32
Point: 40
Point validation passed for Member ID: 76 and Survey ID: 38
Point: 30
Point validation passed for Member ID: 76 and Survey ID: 42
Point: 4
Point validation passed for Member ID: 76 and Survey ID: 46
Point: 10
Point validation passed for Member ID: 76 and Survey ID: 47
Point: 20
Point validation passed for Member ID: 76 and Survey ID: 65
Point: 5
Point validation passed for Member ID: 76 and Survey ID: 70
Point: 30
Point validation passed for Member ID: 76 and Survey ID: 73
Point: 2
Point validation passed for Member ID: 76 and Survey ID: 86
Point: 0
Point validation passed for Member ID: 76 and Survey ID: 92
Point: 45
Point validation passed for Member ID: 76 and Survey ID: 96
Point: 50
Point validation passed for Member ID: 77 and Survey ID: 44
Point: 5
Point validation passed for Member ID: 77 and Survey ID: 58
Point: 45
Point validation passed for Member ID: 77 and Survey ID: 62
Point: 40
Point validation passed for Member ID: 77 and Survey ID: 80
Point: 0
Point validation passed for Member ID: 77 and Survey ID: 86
Point: 0
Point validation passed for Member ID: 78 and Survey ID: 1
Point: 5
Point validation passed for Member ID: 78 and Survey ID: 5
Point: 0
Point validation passed for Member ID: 78 and Survey ID: 14
Point: 50
Point validation passed for Member ID: 78 and Survey ID: 35
Point: 10
Point validation passed for Member ID: 78 and Survey ID: 49
Point: 35
Point validation passed for Member ID: 78 and Survey ID: 54
Point: 25
Point validation passed for Member ID: 78 and Survey ID: 55
Point: 35
Point validation passed for Member ID: 78 and Survey ID: 57
Point: 0
Point validation passed for Member ID: 78 and Survey ID: 64
Point: 5
Point validation passed for Member ID: 78 and Survey ID: 68
Point: 5
Point validation passed for Member ID: 78 and Survey ID: 99
Point: 25
Point validation passed for Member ID: 78 and Survey ID: 100
Point: 10
Point validation passed for Member ID: 79 and Survey ID: 10
Point: 5
Point validation passed for Member ID: 79 and Survey ID: 13
Point: 40
Point validation passed for Member ID: 79 and Survey ID: 20
Point: 20
Point validation passed for Member ID: 79 and Survey ID: 23
Point: 10
Point validation passed for Member ID: 79 and Survey ID: 45
Point: 20
Point validation passed for Member ID: 79 and Survey ID: 48
Point: 5
Point validation passed for Member ID: 79 and Survey ID: 61
Point: 40
Point validation passed for Member ID: 79 and Survey ID: 80
Point: 1
Point validation passed for Member ID: 79 and Survey ID: 81
Point: 20
Point validation passed for Member ID: 79 and Survey ID: 88
Point: 3
Point validation passed for Member ID: 79 and Survey ID: 90
Point: 5
Point validation passed for Member ID: 79 and Survey ID: 92
Point: 45
Point validation passed for Member ID: 80 and Survey ID: 12
Point: 5
Point validation passed for Member ID: 80 and Survey ID: 25
Point: 5
Point validation passed for Member ID: 80 and Survey ID: 28
Point: 10
Point validation passed for Member ID: 80 and Survey ID: 34
Point: 15
Point validation passed for Member ID: 80 and Survey ID: 49
Point: 35
Point validation passed for Member ID: 80 and Survey ID: 54
Point: 25
Point validation passed for Member ID: 80 and Survey ID: 57
Point: 3
Point validation passed for Member ID: 80 and Survey ID: 65
Point: 20
Point validation passed for Member ID: 80 and Survey ID: 66
Point: 15
Point validation passed for Member ID: 80 and Survey ID: 68
Point: 5
Point validation passed for Member ID: 80 and Survey ID: 72
Point: 25
Point validation passed for Member ID: 80 and Survey ID: 75
Point: 10
Point validation passed for Member ID: 80 and Survey ID: 96
Point: 50
Point validation passed for Member ID: 81 and Survey ID: 8
Point: 5
Point validation passed for Member ID: 81 and Survey ID: 15
Point: 10
Point validation passed for Member ID: 81 and Survey ID: 54
Point: 25
Point validation passed for Member ID: 81 and Survey ID: 58
Point: 45
Point validation passed for Member ID: 81 and Survey ID: 64
Point: 10
Point validation passed for Member ID: 81 and Survey ID: 65
Point: 5
Point validation passed for Member ID: 81 and Survey ID: 72
Point: 25
Point validation passed for Member ID: 82 and Survey ID: 15
Point: 1
Point validation passed for Member ID: 82 and Survey ID: 74
Point: 50
Point validation passed for Member ID: 82 and Survey ID: 90
Point: 5
Point validation passed for Member ID: 82 and Survey ID: 97
Point: 35
Point validation passed for Member ID: 83 and Survey ID: 17
Point: 5
Point validation passed for Member ID: 83 and Survey ID: 23
Point: 4
Point validation passed for Member ID: 83 and Survey ID: 35
Point: 10
Point validation passed for Member ID: 83 and Survey ID: 58
Point: 45
Point validation passed for Member ID: 83 and Survey ID: 70
Point: 0
Point validation passed for Member ID: 83 and Survey ID: 92
Point: 4
Point validation passed for Member ID: 83 and Survey ID: 95
Point: 5
Point validation passed for Member ID: 84 and Survey ID: 9
Point: 35
Point validation passed for Member ID: 84 and Survey ID: 14
Point: 2
Point validation passed for Member ID: 84 and Survey ID: 21
Point: 50
Point validation passed for Member ID: 84 and Survey ID: 24
Point: 1
Point validation passed for Member ID: 84 and Survey ID: 34
Point: 5
Point validation passed for Member ID: 84 and Survey ID: 39
Point: 40
Point validation passed for Member ID: 84 and Survey ID: 44
Point: 35
Point validation passed for Member ID: 84 and Survey ID: 50
Point: 0
Point validation passed for Member ID: 84 and Survey ID: 65
Point: 20
Point validation passed for Member ID: 84 and Survey ID: 71
Point: 30
Point validation passed for Member ID: 84 and Survey ID: 75
Point: 10
Point validation passed for Member ID: 84 and Survey ID: 78
Point: 30
Point validation passed for Member ID: 84 and Survey ID: 84
Point: 2
Point validation passed for Member ID: 84 and Survey ID: 88
Point: 30
Point validation passed for Member ID: 85 and Survey ID: 1
Point: 2
Point validation passed for Member ID: 85 and Survey ID: 16
Point: 45
Point validation passed for Member ID: 85 and Survey ID: 20
Point: 20
Point validation passed for Member ID: 85 and Survey ID: 29
Point: 0
Point validation passed for Member ID: 85 and Survey ID: 31
Point: 0
Point validation passed for Member ID: 85 and Survey ID: 35
Point: 10
Point validation passed for Member ID: 85 and Survey ID: 37
Point: 0
Point validation passed for Member ID: 85 and Survey ID: 42
Point: 25
Point validation passed for Member ID: 85 and Survey ID: 44
Point: 35
Point validation passed for Member ID: 85 and Survey ID: 45
Point: 0
Point validation passed for Member ID: 85 and Survey ID: 46
Point: 10
Point validation passed for Member ID: 85 and Survey ID: 48
Point: 5
Point validation passed for Member ID: 85 and Survey ID: 49
Point: 35
Point validation passed for Member ID: 85 and Survey ID: 69
Point: 10
Point validation passed for Member ID: 85 and Survey ID: 77
Point: 25
Point validation passed for Member ID: 85 and Survey ID: 92
Point: 45
Point validation passed for Member ID: 86 and Survey ID: 3
Point: 10
Point validation passed for Member ID: 86 and Survey ID: 13
Point: 40
Point validation passed for Member ID: 86 and Survey ID: 20
Point: 20
Point validation passed for Member ID: 86 and Survey ID: 30
Point: 25
Point validation passed for Member ID: 86 and Survey ID: 37
Point: 2
Point validation passed for Member ID: 86 and Survey ID: 39
Point: 0
Point validation passed for Member ID: 86 and Survey ID: 44
Point: 5
Point validation passed for Member ID: 86 and Survey ID: 49
Point: 35
Point validation passed for Member ID: 86 and Survey ID: 58
Point: 45
Point validation passed for Member ID: 86 and Survey ID: 73
Point: 0
Point validation passed for Member ID: 86 and Survey ID: 87
Point: 4
Point validation passed for Member ID: 86 and Survey ID: 93
Point: 0
Point validation passed for Member ID: 86 and Survey ID: 94
Point: 5
Point validation passed for Member ID: 86 and Survey ID: 95
Point: 5
Point validation passed for Member ID: 86 and Survey ID: 97
Point: 35
Point validation passed for Member ID: 86 and Survey ID: 98
Point: 45
Point validation passed for Member ID: 87 and Survey ID: 10
Point: 5
Point validation passed for Member ID: 87 and Survey ID: 13
Point: 40
Point validation passed for Member ID: 87 and Survey ID: 38
Point: 30
Point validation passed for Member ID: 87 and Survey ID: 42
Point: 25
Point validation passed for Member ID: 87 and Survey ID: 46
Point: 2
Point validation passed for Member ID: 87 and Survey ID: 51
Point: 2
Point validation passed for Member ID: 87 and Survey ID: 56
Point: 10
Point validation passed for Member ID: 87 and Survey ID: 57
Point: 45
Point validation passed for Member ID: 87 and Survey ID: 62
Point: 40
Point validation passed for Member ID: 87 and Survey ID: 70
Point: 0
Point validation passed for Member ID: 87 and Survey ID: 71
Point: 3
Point validation passed for Member ID: 87 and Survey ID: 73
Point: 15
Point validation passed for Member ID: 88 and Survey ID: 11
Point: 45
Point validation passed for Member ID: 88 and Survey ID: 15
Point: 10
Point validation passed for Member ID: 88 and Survey ID: 25
Point: 5
Point validation passed for Member ID: 88 and Survey ID: 33
Point: 0
Point validation passed for Member ID: 88 and Survey ID: 39
Point: 0
Point validation passed for Member ID: 88 and Survey ID: 40
Point: 10
Point validation passed for Member ID: 88 and Survey ID: 46
Point: 2
Point validation passed for Member ID: 88 and Survey ID: 68
Point: 5
Point validation passed for Member ID: 88 and Survey ID: 78
Point: 3
Point validation passed for Member ID: 88 and Survey ID: 87
Point: 15
Point validation passed for Member ID: 88 and Survey ID: 97
Point: 1
Point validation passed for Member ID: 88 and Survey ID: 98
Point: 45
Point validation passed for Member ID: 88 and Survey ID: 100
Point: 0
Point validation passed for Member ID: 89 and Survey ID: 11
Point: 45
Point validation passed for Member ID: 89 and Survey ID: 28
Point: 10
Point validation passed for Member ID: 89 and Survey ID: 44
Point: 35
Point validation passed for Member ID: 89 and Survey ID: 59
Point: 2
Point validation passed for Member ID: 89 and Survey ID: 80
Point: 1
Point validation passed for Member ID: 89 and Survey ID: 92
Point: 0
Point validation passed for Member ID: 90 and Survey ID: 4
Point: 10
Point validation passed for Member ID: 90 and Survey ID: 11
Point: 0
Point validation passed for Member ID: 90 and Survey ID: 15
Point: 10
Point validation passed for Member ID: 90 and Survey ID: 36
Point: 35
Point validation passed for Member ID: 90 and Survey ID: 53
Point: 20
Point validation passed for Member ID: 90 and Survey ID: 57
Point: 3
Point validation passed for Member ID: 90 and Survey ID: 66
Point: 15
Point validation passed for Member ID: 90 and Survey ID: 77
Point: 25
Point validation passed for Member ID: 90 and Survey ID: 97
Point: 1
Point validation passed for Member ID: 91 and Survey ID: 11
Point: 4
Point validation passed for Member ID: 91 and Survey ID: 22
Point: 40
Point validation passed for Member ID: 91 and Survey ID: 30
Point: 25
Point validation passed for Member ID: 91 and Survey ID: 39
Point: 40
Point validation passed for Member ID: 91 and Survey ID: 67
Point: 35
Point validation passed for Member ID: 91 and Survey ID: 77
Point: 25
Point validation passed for Member ID: 91 and Survey ID: 91
Point: 4
Point validation passed for Member ID: 92 and Survey ID: 17
Point: 15
Point validation passed for Member ID: 92 and Survey ID: 19
Point: 45
Point validation passed for Member ID: 92 and Survey ID: 33
Point: 25
Point validation passed for Member ID: 92 and Survey ID: 41
Point: 40
Point validation passed for Member ID: 92 and Survey ID: 58
Point: 45
Point validation passed for Member ID: 92 and Survey ID: 59
Point: 40
Point validation passed for Member ID: 92 and Survey ID: 67
Point: 35
Point validation passed for Member ID: 92 and Survey ID: 69
Point: 1
Point validation passed for Member ID: 92 and Survey ID: 70
Point: 30
Point validation passed for Member ID: 92 and Survey ID: 80
Point: 45
Point validation passed for Member ID: 92 and Survey ID: 84
Point: 25
Point validation passed for Member ID: 92 and Survey ID: 93
Point: 1
Point validation passed for Member ID: 92 and Survey ID: 100
Point: 0
Point validation passed for Member ID: 93 and Survey ID: 14
Point: 50
Point validation passed for Member ID: 93 and Survey ID: 17
Point: 15
Point validation passed for Member ID: 93 and Survey ID: 23
Point: 10
Point validation passed for Member ID: 93 and Survey ID: 44
Point: 0
Point validation passed for Member ID: 93 and Survey ID: 58
Point: 45
Point validation passed for Member ID: 93 and Survey ID: 64
Point: 5
Point validation passed for Member ID: 93 and Survey ID: 71
Point: 30
Point validation passed for Member ID: 93 and Survey ID: 85
Point: 2
Point validation passed for Member ID: 93 and Survey ID: 91
Point: 5
Point validation passed for Member ID: 93 and Survey ID: 95
Point: 15
Point validation passed for Member ID: 93 and Survey ID: 96
Point: 50
Point validation passed for Member ID: 94 and Survey ID: 1
Point: 5
Point validation passed for Member ID: 94 and Survey ID: 7
Point: 45
Point validation passed for Member ID: 94 and Survey ID: 21
Point: 50
Point validation passed for Member ID: 94 and Survey ID: 29
Point: 3
Point validation passed for Member ID: 94 and Survey ID: 60
Point: 35
Point validation passed for Member ID: 94 and Survey ID: 61
Point: 4
Point validation passed for Member ID: 94 and Survey ID: 85
Point: 25
Point validation passed for Member ID: 95 and Survey ID: 4
Point: 10
Point validation passed for Member ID: 95 and Survey ID: 6
Point: 25
Point validation passed for Member ID: 95 and Survey ID: 14
Point: 50
Point validation passed for Member ID: 95 and Survey ID: 16
Point: 45
Point validation passed for Member ID: 95 and Survey ID: 17
Point: 15
Point validation passed for Member ID: 95 and Survey ID: 23
Point: 10
Point validation passed for Member ID: 95 and Survey ID: 37
Point: 25
Point validation passed for Member ID: 95 and Survey ID: 43
Point: 30
Point validation passed for Member ID: 95 and Survey ID: 52
Point: 3
Point validation passed for Member ID: 95 and Survey ID: 65
Point: 20
Point validation passed for Member ID: 95 and Survey ID: 66
Point: 15
Point validation passed for Member ID: 95 and Survey ID: 70
Point: 30
Point validation passed for Member ID: 95 and Survey ID: 72
Point: 25
Point validation passed for Member ID: 96 and Survey ID: 7
Point: 3
Point validation passed for Member ID: 96 and Survey ID: 9
Point: 2
Point validation passed for Member ID: 96 and Survey ID: 13
Point: 40
Point validation passed for Member ID: 96 and Survey ID: 28
Point: 4
Point validation passed for Member ID: 96 and Survey ID: 29
Point: 50
Point validation passed for Member ID: 96 and Survey ID: 46
Point: 2
Point validation passed for Member ID: 97 and Survey ID: 13
Point: 40
Point validation passed for Member ID: 97 and Survey ID: 21
Point: 50
Point validation passed for Member ID: 97 and Survey ID: 43
Point: 30
Point validation passed for Member ID: 97 and Survey ID: 45
Point: 20
Point validation passed for Member ID: 97 and Survey ID: 53
Point: 0
Point validation passed for Member ID: 97 and Survey ID: 67
Point: 5
Point validation passed for Member ID: 97 and Survey ID: 68
Point: 5
Point validation passed for Member ID: 97 and Survey ID: 75
Point: 10
Point validation passed for Member ID: 97 and Survey ID: 76
Point: 40
Point validation passed for Member ID: 97 and Survey ID: 94
Point: 0
Point validation passed for Member ID: 97 and Survey ID: 99
Point: 25
Point validation passed for Member ID: 98 and Survey ID: 4
Point: 10
Point validation passed for Member ID: 98 and Survey ID: 7
Point: 0
Point validation passed for Member ID: 98 and Survey ID: 23
Point: 4
Point validation passed for Member ID: 98 and Survey ID: 27
Point: 15
Point validation passed for Member ID: 98 and Survey ID: 29
Point: 50
Point validation passed for Member ID: 98 and Survey ID: 30
Point: 25
Point validation passed for Member ID: 98 and Survey ID: 37
Point: 2
Point validation passed for Member ID: 98 and Survey ID: 45
Point: 20
Point validation passed for Member ID: 98 and Survey ID: 69
Point: 10
Point validation passed for Member ID: 98 and Survey ID: 70
Point: 30
Point validation passed for Member ID: 98 and Survey ID: 74
Point: 50
Point validation passed for Member ID: 99 and Survey ID: 4
Point: 10
Point validation passed for Member ID: 99 and Survey ID: 8
Point: 5
Point validation passed for Member ID: 99 and Survey ID: 16
Point: 0
Point validation passed for Member ID: 99 and Survey ID: 26
Point: 0
Point validation passed for Member ID: 99 and Survey ID: 47
Point: 20
Point validation passed for Member ID: 99 and Survey ID: 50
Point: 35
Point validation passed for Member ID: 99 and Survey ID: 54
Point: 25
Point validation passed for Member ID: 99 and Survey ID: 80
Point: 0
Point validation passed for Member ID: 99 and Survey ID: 84
Point: 25
Point validation passed for Member ID: 99 and Survey ID: 87
Point: 4
Point validation passed for Member ID: 100 and Survey ID: 22
Point: 0
Point validation passed for Member ID: 100 and Survey ID: 25
Point: 5
Point validation passed for Member ID: 100 and Survey ID: 67
Point: 35
Point validation passed for Member ID: 100 and Survey ID: 70
Point: 30
Point validation passed for Member ID: 101 and Survey ID: 8
Point: 4
Point validation passed for Member ID: 101 and Survey ID: 9
Point: 35
Point validation passed for Member ID: 101 and Survey ID: 18
Point: 0
Point validation passed for Member ID: 101 and Survey ID: 21
Point: 50
Point validation passed for Member ID: 101 and Survey ID: 36
Point: 2
Point validation passed for Member ID: 101 and Survey ID: 41
Point: 5
Point validation passed for Member ID: 101 and Survey ID: 50
Point: 35
Point validation passed for Member ID: 101 and Survey ID: 65
Point: 20
Point validation passed for Member ID: 101 and Survey ID: 83
Point: 5
Point validation passed for Member ID: 101 and Survey ID: 94
Point: 0
Point validation passed for Member ID: 102 and Survey ID: 8
Point: 5
Point validation passed for Member ID: 102 and Survey ID: 14
Point: 50
Point validation passed for Member ID: 102 and Survey ID: 17
Point: 15
Point validation passed for Member ID: 102 and Survey ID: 27
Point: 15
Point validation passed for Member ID: 102 and Survey ID: 34
Point: 15
Point validation passed for Member ID: 102 and Survey ID: 39
Point: 2
Point validation passed for Member ID: 102 and Survey ID: 65
Point: 5
Point validation passed for Member ID: 102 and Survey ID: 78
Point: 3
Point validation passed for Member ID: 102 and Survey ID: 79
Point: 20
Point validation passed for Member ID: 102 and Survey ID: 84
Point: 25
Point validation passed for Member ID: 102 and Survey ID: 100
Point: 10
Point validation passed for Member ID: 103 and Survey ID: 5
Point: 35
Point validation passed for Member ID: 103 and Survey ID: 7
Point: 45
Point validation passed for Member ID: 103 and Survey ID: 16
Point: 45
Point validation passed for Member ID: 103 and Survey ID: 23
Point: 4
Point validation passed for Member ID: 103 and Survey ID: 38
Point: 0
Point validation passed for Member ID: 103 and Survey ID: 50
Point: 35
Point validation passed for Member ID: 103 and Survey ID: 52
Point: 40
Point validation passed for Member ID: 103 and Survey ID: 56
Point: 10
Point validation passed for Member ID: 103 and Survey ID: 67
Point: 5
Point validation passed for Member ID: 103 and Survey ID: 69
Point: 10
Point validation passed for Member ID: 103 and Survey ID: 70
Point: 30
Point validation passed for Member ID: 103 and Survey ID: 74
Point: 50
Point validation passed for Member ID: 103 and Survey ID: 85
Point: 0
Point validation passed for Member ID: 104 and Survey ID: 2
Point: 15
Point validation passed for Member ID: 104 and Survey ID: 8
Point: 5
Point validation passed for Member ID: 104 and Survey ID: 17
Point: 15
Point validation passed for Member ID: 104 and Survey ID: 26
Point: 0
Point validation passed for Member ID: 104 and Survey ID: 31
Point: 2
Point validation passed for Member ID: 104 and Survey ID: 33
Point: 25
Point validation passed for Member ID: 104 and Survey ID: 56
Point: 10
Point validation passed for Member ID: 104 and Survey ID: 58
Point: 45
Point validation passed for Member ID: 104 and Survey ID: 66
Point: 15
Point validation passed for Member ID: 104 and Survey ID: 89
Point: 10
Point validation passed for Member ID: 105 and Survey ID: 3
Point: 10
Point validation passed for Member ID: 105 and Survey ID: 8
Point: 5
Point validation passed for Member ID: 105 and Survey ID: 25
Point: 5
Point validation passed for Member ID: 105 and Survey ID: 26
Point: 5
Point validation passed for Member ID: 105 and Survey ID: 52
Point: 40
Point validation passed for Member ID: 105 and Survey ID: 59
Point: 2
Point validation passed for Member ID: 105 and Survey ID: 68
Point: 5
Point validation passed for Member ID: 105 and Survey ID: 78
Point: 30
Point validation passed for Member ID: 105 and Survey ID: 82
Point: 35
Point validation passed for Member ID: 105 and Survey ID: 90
Point: 5
Point validation passed for Member ID: 105 and Survey ID: 96
Point: 0
Point validation passed for Member ID: 106 and Survey ID: 2
Point: 4
Point validation passed for Member ID: 106 and Survey ID: 13
Point: 40
Point validation passed for Member ID: 106 and Survey ID: 19
Point: 5
Point validation passed for Member ID: 106 and Survey ID: 25
Point: 5
Point validation passed for Member ID: 106 and Survey ID: 36
Point: 35
Point validation passed for Member ID: 106 and Survey ID: 63
Point: 30
Point validation passed for Member ID: 106 and Survey ID: 71
Point: 30
Point validation passed for Member ID: 106 and Survey ID: 90
Point: 5
Point validation passed for Member ID: 106 and Survey ID: 92
Point: 45
Point validation passed for Member ID: 107 and Survey ID: 2
Point: 15
Point validation passed for Member ID: 107 and Survey ID: 4
Point: 10
Point validation passed for Member ID: 107 and Survey ID: 9
Point: 35
Point validation passed for Member ID: 107 and Survey ID: 26
Point: 0
Point validation passed for Member ID: 107 and Survey ID: 37
Point: 2
Point validation passed for Member ID: 107 and Survey ID: 72
Point: 25
Point validation passed for Member ID: 107 and Survey ID: 88
Point: 30
Point validation passed for Member ID: 107 and Survey ID: 98
Point: 0
Point validation passed for Member ID: 108 and Survey ID: 2
Point: 4
Point validation passed for Member ID: 108 and Survey ID: 14
Point: 2
Point validation passed for Member ID: 108 and Survey ID: 24
Point: 35
Point validation passed for Member ID: 108 and Survey ID: 34
Point: 0
Point validation passed for Member ID: 108 and Survey ID: 37
Point: 0
Point validation passed for Member ID: 108 and Survey ID: 40
Point: 10
Point validation passed for Member ID: 108 and Survey ID: 47
Point: 3
Point validation passed for Member ID: 108 and Survey ID: 49
Point: 35
Point validation passed for Member ID: 108 and Survey ID: 65
Point: 20
Point validation passed for Member ID: 108 and Survey ID: 67
Point: 35
Point validation passed for Member ID: 108 and Survey ID: 92
Point: 45
Point validation passed for Member ID: 109 and Survey ID: 11
Point: 45
Point validation passed for Member ID: 109 and Survey ID: 24
Point: 35
Point validation passed for Member ID: 109 and Survey ID: 62
Point: 0
Point validation passed for Member ID: 109 and Survey ID: 72
Point: 25
Point validation passed for Member ID: 110 and Survey ID: 21
Point: 50
Point validation passed for Member ID: 110 and Survey ID: 25
Point: 5
Point validation passed for Member ID: 110 and Survey ID: 37
Point: 25
Point validation passed for Member ID: 110 and Survey ID: 60
Point: 35
Point validation passed for Member ID: 110 and Survey ID: 63
Point: 30
Point validation passed for Member ID: 110 and Survey ID: 67
Point: 35
Point validation passed for Member ID: 110 and Survey ID: 69
Point: 10
Point validation passed for Member ID: 110 and Survey ID: 78
Point: 30
Point validation passed for Member ID: 110 and Survey ID: 89
Point: 1
Point validation passed for Member ID: 111 and Survey ID: 1
Point: 2
Point validation passed for Member ID: 111 and Survey ID: 4
Point: 1
Point validation passed for Member ID: 111 and Survey ID: 10
Point: 5
Point validation passed for Member ID: 111 and Survey ID: 42
Point: 0
Point validation passed for Member ID: 111 and Survey ID: 45
Point: 20
Point validation passed for Member ID: 111 and Survey ID: 52
Point: 40
Point validation passed for Member ID: 111 and Survey ID: 77
Point: 25
Point validation passed for Member ID: 111 and Survey ID: 84
Point: 2
Point validation passed for Member ID: 111 and Survey ID: 93
Point: 45
Point validation passed for Member ID: 112 and Survey ID: 21
Point: 50
Point validation passed for Member ID: 112 and Survey ID: 31
Point: 50
Point validation passed for Member ID: 112 and Survey ID: 46
Point: 10
Point validation passed for Member ID: 112 and Survey ID: 63
Point: 5
Point validation passed for Member ID: 112 and Survey ID: 70
Point: 30
Point validation passed for Member ID: 112 and Survey ID: 72
Point: 25
Point validation passed for Member ID: 112 and Survey ID: 76
Point: 5
Point validation passed for Member ID: 112 and Survey ID: 81
Point: 20
Point validation passed for Member ID: 112 and Survey ID: 85
Point: 25
Point validation passed for Member ID: 113 and Survey ID: 5
Point: 35
Point validation passed for Member ID: 113 and Survey ID: 8
Point: 5
Point validation passed for Member ID: 113 and Survey ID: 11
Point: 45
Point validation passed for Member ID: 113 and Survey ID: 43
Point: 30
Point validation passed for Member ID: 113 and Survey ID: 60
Point: 35
Point validation passed for Member ID: 113 and Survey ID: 83
Point: 5
Point validation passed for Member ID: 114 and Survey ID: 3
Point: 10
Point validation passed for Member ID: 114 and Survey ID: 15
Point: 10
Point validation passed for Member ID: 114 and Survey ID: 40
Point: 10
Point validation passed for Member ID: 114 and Survey ID: 47
Point: 20
Point validation passed for Member ID: 114 and Survey ID: 52
Point: 3
Point validation passed for Member ID: 114 and Survey ID: 54
Point: 25
Point validation passed for Member ID: 114 and Survey ID: 84
Point: 25
Point validation passed for Member ID: 114 and Survey ID: 98
Point: 45
Point validation passed for Member ID: 115 and Survey ID: 16
Point: 45
Point validation passed for Member ID: 115 and Survey ID: 17
Point: 15
Point validation passed for Member ID: 115 and Survey ID: 22
Point: 0
Point validation passed for Member ID: 115 and Survey ID: 40
Point: 10
Point validation passed for Member ID: 115 and Survey ID: 55
Point: 35
Point validation passed for Member ID: 115 and Survey ID: 86
Point: 30
Point validation passed for Member ID: 115 and Survey ID: 99
Point: 25
Point validation passed for Member ID: 116 and Survey ID: 33
Point: 5
Point validation passed for Member ID: 116 and Survey ID: 62
Point: 0
Point validation passed for Member ID: 116 and Survey ID: 75
Point: 10
Point validation passed for Member ID: 116 and Survey ID: 78
Point: 30
Point validation passed for Member ID: 116 and Survey ID: 87
Point: 15
Point validation passed for Member ID: 116 and Survey ID: 94
Point: 5
Point validation passed for Member ID: 117 and Survey ID: 10
Point: 2
Point validation passed for Member ID: 117 and Survey ID: 12
Point: 1
Point validation passed for Member ID: 117 and Survey ID: 14
Point: 50
Point validation passed for Member ID: 117 and Survey ID: 16
Point: 3
Point validation passed for Member ID: 117 and Survey ID: 23
Point: 10
Point validation passed for Member ID: 117 and Survey ID: 32
Point: 2
Point validation passed for Member ID: 117 and Survey ID: 53
Point: 20
Point validation passed for Member ID: 117 and Survey ID: 55
Point: 0
Point validation passed for Member ID: 117 and Survey ID: 57
Point: 3
Point validation passed for Member ID: 117 and Survey ID: 72
Point: 25
Point validation passed for Member ID: 117 and Survey ID: 89
Point: 0
Point validation passed for Member ID: 118 and Survey ID: 26
Point: 5
Point validation passed for Member ID: 118 and Survey ID: 27
Point: 15
Point validation passed for Member ID: 118 and Survey ID: 31
Point: 0
Point validation passed for Member ID: 118 and Survey ID: 34
Point: 15
Point validation passed for Member ID: 118 and Survey ID: 39
Point: 2
Point validation passed for Member ID: 118 and Survey ID: 44
Point: 35
Point validation passed for Member ID: 118 and Survey ID: 48
Point: 5
Point validation passed for Member ID: 118 and Survey ID: 57
Point: 0
Point validation passed for Member ID: 118 and Survey ID: 59
Point: 2
Point validation passed for Member ID: 118 and Survey ID: 75
Point: 10
Point validation passed for Member ID: 118 and Survey ID: 89
Point: 10
Point validation passed for Member ID: 119 and Survey ID: 1
Point: 5
Point validation passed for Member ID: 119 and Survey ID: 12
Point: 5
Point validation passed for Member ID: 119 and Survey ID: 20
Point: 5
Point validation passed for Member ID: 119 and Survey ID: 21
Point: 3
Point validation passed for Member ID: 119 and Survey ID: 24
Point: 35
Point validation passed for Member ID: 119 and Survey ID: 30
Point: 25
Point validation passed for Member ID: 119 and Survey ID: 34
Point: 5
Point validation passed for Member ID: 119 and Survey ID: 38
Point: 30
Point validation passed for Member ID: 119 and Survey ID: 50
Point: 35
Point validation passed for Member ID: 119 and Survey ID: 60
Point: 35
Point validation passed for Member ID: 119 and Survey ID: 65
Point: 20
Point validation passed for Member ID: 119 and Survey ID: 72
Point: 25
Point validation passed for Member ID: 119 and Survey ID: 74
Point: 50
Point validation passed for Member ID: 119 and Survey ID: 79
Point: 20
Point validation passed for Member ID: 119 and Survey ID: 87
Point: 15
Point validation passed for Member ID: 120 and Survey ID: 3
Point: 10
Point validation passed for Member ID: 120 and Survey ID: 4
Point: 1
Point validation passed for Member ID: 120 and Survey ID: 11
Point: 45
Point validation passed for Member ID: 120 and Survey ID: 13
Point: 40
Point validation passed for Member ID: 120 and Survey ID: 15
Point: 10
Point validation passed for Member ID: 120 and Survey ID: 19
Point: 45
Point validation passed for Member ID: 120 and Survey ID: 23
Point: 10
Point validation passed for Member ID: 120 and Survey ID: 30
Point: 25
Point validation passed for Member ID: 120 and Survey ID: 39
Point: 0
Point validation passed for Member ID: 120 and Survey ID: 43
Point: 30
Point validation passed for Member ID: 120 and Survey ID: 47
Point: 20
Point validation passed for Member ID: 120 and Survey ID: 69
Point: 10
Point validation passed for Member ID: 120 and Survey ID: 77
Point: 25
Point validation passed for Member ID: 120 and Survey ID: 81
Point: 1
Point validation passed for Member ID: 120 and Survey ID: 93
Point: 45
Point validation passed for Member ID: 121 and Survey ID: 17
Point: 15
Point validation passed for Member ID: 121 and Survey ID: 42
Point: 25
Point validation passed for Member ID: 121 and Survey ID: 65
Point: 20
Point validation passed for Member ID: 121 and Survey ID: 72
Point: 25
Point validation passed for Member ID: 121 and Survey ID: 73
Point: 15
Point validation passed for Member ID: 121 and Survey ID: 85
Point: 25
Point validation passed for Member ID: 122 and Survey ID: 17
Point: 15
Point validation passed for Member ID: 122 and Survey ID: 18
Point: 25
Point validation passed for Member ID: 122 and Survey ID: 26
Point: 5
Point validation passed for Member ID: 122 and Survey ID: 35
Point: 10
Point validation passed for Member ID: 122 and Survey ID: 74
Point: 50
Point validation passed for Member ID: 123 and Survey ID: 42
Point: 25
Point validation passed for Member ID: 123 and Survey ID: 44
Point: 35
Point validation passed for Member ID: 123 and Survey ID: 52
Point: 40
Point validation passed for Member ID: 123 and Survey ID: 59
Point: 40
Point validation passed for Member ID: 123 and Survey ID: 68
Point: 5
Point validation passed for Member ID: 123 and Survey ID: 74
Point: 1
Point validation passed for Member ID: 123 and Survey ID: 81
Point: 20
Point validation passed for Member ID: 123 and Survey ID: 90
Point: 5
Point validation passed for Member ID: 124 and Survey ID: 3
Point: 10
Point validation passed for Member ID: 124 and Survey ID: 21
Point: 50
Point validation passed for Member ID: 124 and Survey ID: 22
Point: 40
Point validation passed for Member ID: 124 and Survey ID: 43
Point: 30
Point validation passed for Member ID: 124 and Survey ID: 47
Point: 3
Point validation passed for Member ID: 124 and Survey ID: 64
Point: 10
Point validation passed for Member ID: 124 and Survey ID: 79
Point: 20
Point validation passed for Member ID: 124 and Survey ID: 82
Point: 0
Point validation passed for Member ID: 124 and Survey ID: 83
Point: 5
Point validation passed for Member ID: 124 and Survey ID: 100
Point: 0
Point validation passed for Member ID: 125 and Survey ID: 8
Point: 4
Point validation passed for Member ID: 125 and Survey ID: 25
Point: 5
Point validation passed for Member ID: 125 and Survey ID: 42
Point: 25
Point validation passed for Member ID: 125 and Survey ID: 64
Point: 10
Point validation passed for Member ID: 125 and Survey ID: 68
Point: 5
Point validation passed for Member ID: 125 and Survey ID: 81
Point: 20
Point validation passed for Member ID: 125 and Survey ID: 85
Point: 25
Point validation passed for Member ID: 126 and Survey ID: 8
Point: 5
Point validation passed for Member ID: 126 and Survey ID: 11
Point: 45
Point validation passed for Member ID: 126 and Survey ID: 32
Point: 40
Point validation passed for Member ID: 126 and Survey ID: 37
Point: 25
Point validation passed for Member ID: 126 and Survey ID: 40
Point: 5
Point validation passed for Member ID: 126 and Survey ID: 42
Point: 25
Point validation passed for Member ID: 126 and Survey ID: 71
Point: 3
Point validation passed for Member ID: 126 and Survey ID: 78
Point: 3
Point validation passed for Member ID: 126 and Survey ID: 87
Point: 15
Point validation passed for Member ID: 126 and Survey ID: 88
Point: 30
Point validation passed for Member ID: 126 and Survey ID: 89
Point: 0
Point validation passed for Member ID: 127 and Survey ID: 1
Point: 0
Point validation passed for Member ID: 127 and Survey ID: 6
Point: 5
Point validation passed for Member ID: 127 and Survey ID: 24
Point: 35
Point validation passed for Member ID: 127 and Survey ID: 42
Point: 25
Point validation passed for Member ID: 127 and Survey ID: 65
Point: 20
Point validation passed for Member ID: 127 and Survey ID: 74
Point: 1
Point validation passed for Member ID: 127 and Survey ID: 78
Point: 30
Point validation passed for Member ID: 128 and Survey ID: 4
Point: 0
Point validation passed for Member ID: 128 and Survey ID: 28
Point: 10
Point validation passed for Member ID: 128 and Survey ID: 40
Point: 10
Point validation passed for Member ID: 128 and Survey ID: 48
Point: 40
Point validation passed for Member ID: 128 and Survey ID: 50
Point: 35
Point validation passed for Member ID: 128 and Survey ID: 60
Point: 35
Point validation passed for Member ID: 128 and Survey ID: 68
Point: 5
Point validation passed for Member ID: 128 and Survey ID: 75
Point: 10
Point validation passed for Member ID: 128 and Survey ID: 78
Point: 30
Point validation passed for Member ID: 128 and Survey ID: 80
Point: 45
Point validation passed for Member ID: 128 and Survey ID: 88
Point: 30
Point validation passed for Member ID: 128 and Survey ID: 89
Point: 10
Point validation passed for Member ID: 129 and Survey ID: 6
Point: 25
Point validation passed for Member ID: 129 and Survey ID: 23
Point: 0
Point validation passed for Member ID: 129 and Survey ID: 28
Point: 10
Point validation passed for Member ID: 129 and Survey ID: 32
Point: 40
Point validation passed for Member ID: 129 and Survey ID: 40
Point: 10
Point validation passed for Member ID: 129 and Survey ID: 41
Point: 5
Point validation passed for Member ID: 129 and Survey ID: 43
Point: 30
Point validation passed for Member ID: 129 and Survey ID: 45
Point: 20
Point validation passed for Member ID: 129 and Survey ID: 57
Point: 45
Point validation passed for Member ID: 129 and Survey ID: 68
Point: 5
Point validation passed for Member ID: 129 and Survey ID: 73
Point: 2
Point validation passed for Member ID: 129 and Survey ID: 75
Point: 10
Point validation passed for Member ID: 129 and Survey ID: 94
Point: 4
Point validation passed for Member ID: 130 and Survey ID: 5
Point: 35
Point validation passed for Member ID: 130 and Survey ID: 8
Point: 4
Point validation passed for Member ID: 130 and Survey ID: 9
Point: 2
Point validation passed for Member ID: 130 and Survey ID: 17
Point: 5
Point validation passed for Member ID: 130 and Survey ID: 21
Point: 50
Point validation passed for Member ID: 130 and Survey ID: 25
Point: 5
Point validation passed for Member ID: 130 and Survey ID: 56
Point: 10
Point validation passed for Member ID: 130 and Survey ID: 67
Point: 5
Point validation passed for Member ID: 130 and Survey ID: 72
Point: 25
Point validation passed for Member ID: 130 and Survey ID: 80
Point: 45
Point validation passed for Member ID: 131 and Survey ID: 2
Point: 15
Point validation passed for Member ID: 131 and Survey ID: 4
Point: 10
Point validation passed for Member ID: 131 and Survey ID: 20
Point: 0
Point validation passed for Member ID: 131 and Survey ID: 21
Point: 50
Point validation passed for Member ID: 131 and Survey ID: 26
Point: 0
Point validation passed for Member ID: 131 and Survey ID: 36
Point: 35
Point validation passed for Member ID: 131 and Survey ID: 43
Point: 30
Point validation passed for Member ID: 131 and Survey ID: 55
Point: 35
Point validation passed for Member ID: 131 and Survey ID: 65
Point: 20
Point validation passed for Member ID: 131 and Survey ID: 68
Point: 5
Point validation passed for Member ID: 131 and Survey ID: 69
Point: 10
Point validation passed for Member ID: 131 and Survey ID: 77
Point: 25
Point validation passed for Member ID: 131 and Survey ID: 86
Point: 30
Point validation passed for Member ID: 132 and Survey ID: 9
Point: 35
Point validation passed for Member ID: 132 and Survey ID: 33
Point: 25
Point validation passed for Member ID: 132 and Survey ID: 37
Point: 2
Point validation passed for Member ID: 132 and Survey ID: 52
Point: 0
Point validation passed for Member ID: 132 and Survey ID: 59
Point: 0
Point validation passed for Member ID: 132 and Survey ID: 62
Point: 40
Point validation passed for Member ID: 132 and Survey ID: 95
Point: 5
Point validation passed for Member ID: 133 and Survey ID: 16
Point: 45
Point validation passed for Member ID: 133 and Survey ID: 17
Point: 15
Point validation passed for Member ID: 133 and Survey ID: 19
Point: 45
Point validation passed for Member ID: 133 and Survey ID: 22
Point: 0
Point validation passed for Member ID: 133 and Survey ID: 23
Point: 0
Point validation passed for Member ID: 133 and Survey ID: 24
Point: 1
Point validation passed for Member ID: 133 and Survey ID: 33
Point: 25
Point validation passed for Member ID: 133 and Survey ID: 48
Point: 40
Point validation passed for Member ID: 133 and Survey ID: 51
Point: 0
Point validation passed for Member ID: 133 and Survey ID: 54
Point: 4
Point validation passed for Member ID: 133 and Survey ID: 56
Point: 0
Point validation passed for Member ID: 133 and Survey ID: 58
Point: 45
Point validation passed for Member ID: 133 and Survey ID: 67
Point: 0
Point validation passed for Member ID: 133 and Survey ID: 84
Point: 0
Point validation passed for Member ID: 133 and Survey ID: 97
Point: 1
Point validation passed for Member ID: 134 and Survey ID: 8
Point: 5
Point validation passed for Member ID: 134 and Survey ID: 15
Point: 10
Point validation passed for Member ID: 134 and Survey ID: 19
Point: 45
Point validation passed for Member ID: 134 and Survey ID: 21
Point: 50
Point validation passed for Member ID: 134 and Survey ID: 26
Point: 5
Point validation passed for Member ID: 134 and Survey ID: 41
Point: 5
Point validation passed for Member ID: 134 and Survey ID: 68
Point: 0
Point validation passed for Member ID: 134 and Survey ID: 71
Point: 0
Point validation passed for Member ID: 134 and Survey ID: 82
Point: 35
Point validation passed for Member ID: 134 and Survey ID: 95
Point: 0
Point validation passed for Member ID: 135 and Survey ID: 1
Point: 2
Point validation passed for Member ID: 135 and Survey ID: 16
Point: 45
Point validation passed for Member ID: 135 and Survey ID: 29
Point: 50
Point validation passed for Member ID: 135 and Survey ID: 51
Point: 2
Point validation passed for Member ID: 135 and Survey ID: 61
Point: 0
Point validation passed for Member ID: 135 and Survey ID: 66
Point: 15
Point validation passed for Member ID: 135 and Survey ID: 69
Point: 0
Point validation passed for Member ID: 135 and Survey ID: 72
Point: 25
Point validation passed for Member ID: 136 and Survey ID: 12
Point: 5
Point validation passed for Member ID: 136 and Survey ID: 25
Point: 5
Point validation passed for Member ID: 136 and Survey ID: 35
Point: 10
Point validation passed for Member ID: 136 and Survey ID: 74
Point: 50
Point validation passed for Member ID: 136 and Survey ID: 78
Point: 30
Point validation passed for Member ID: 136 and Survey ID: 84
Point: 25
Point validation passed for Member ID: 136 and Survey ID: 91
Point: 4
Point validation passed for Member ID: 136 and Survey ID: 95
Point: 5
Point validation passed for Member ID: 137 and Survey ID: 24
Point: 35
Point validation passed for Member ID: 137 and Survey ID: 29
Point: 50
Point validation passed for Member ID: 137 and Survey ID: 30
Point: 25
Point validation passed for Member ID: 137 and Survey ID: 33
Point: 5
Point validation passed for Member ID: 137 and Survey ID: 39
Point: 40
Point validation passed for Member ID: 137 and Survey ID: 41
Point: 40
Point validation passed for Member ID: 137 and Survey ID: 53
Point: 5
Point validation passed for Member ID: 137 and Survey ID: 87
Point: 15
Point validation passed for Member ID: 137 and Survey ID: 88
Point: 3
Point validation passed for Member ID: 137 and Survey ID: 89
Point: 1
Point validation passed for Member ID: 138 and Survey ID: 10
Point: 5
Point validation passed for Member ID: 138 and Survey ID: 22
Point: 40
Point validation passed for Member ID: 138 and Survey ID: 25
Point: 5
Point validation passed for Member ID: 138 and Survey ID: 33
Point: 25
Point validation passed for Member ID: 138 and Survey ID: 38
Point: 30
Point validation passed for Member ID: 138 and Survey ID: 43
Point: 30
Point validation passed for Member ID: 138 and Survey ID: 44
Point: 35
Point validation passed for Member ID: 138 and Survey ID: 49
Point: 35
Point validation passed for Member ID: 138 and Survey ID: 55
Point: 35
Point validation passed for Member ID: 138 and Survey ID: 72
Point: 25
Point validation passed for Member ID: 138 and Survey ID: 77
Point: 25
Point validation passed for Member ID: 138 and Survey ID: 88
Point: 30
Point validation passed for Member ID: 139 and Survey ID: 1
Point: 5
Point validation passed for Member ID: 139 and Survey ID: 34
Point: 15
Point validation passed for Member ID: 139 and Survey ID: 35
Point: 4
Point validation passed for Member ID: 139 and Survey ID: 41
Point: 40
Point validation passed for Member ID: 139 and Survey ID: 59
Point: 0
Point validation passed for Member ID: 139 and Survey ID: 73
Point: 0
Point validation passed for Member ID: 139 and Survey ID: 75
Point: 10
Point validation passed for Member ID: 139 and Survey ID: 85
Point: 25
Point validation passed for Member ID: 139 and Survey ID: 91
Point: 0
Point validation passed for Member ID: 140 and Survey ID: 11
Point: 4
Point validation passed for Member ID: 140 and Survey ID: 14
Point: 50
Point validation passed for Member ID: 140 and Survey ID: 36
Point: 2
Point validation passed for Member ID: 140 and Survey ID: 46
Point: 2
Point validation passed for Member ID: 140 and Survey ID: 48
Point: 5
Point validation passed for Member ID: 140 and Survey ID: 56
Point: 0
Point validation passed for Member ID: 140 and Survey ID: 59
Point: 40
Point validation passed for Member ID: 140 and Survey ID: 72
Point: 25
Point validation passed for Member ID: 140 and Survey ID: 74
Point: 1
Point validation passed for Member ID: 140 and Survey ID: 93
Point: 45
Point validation passed for Member ID: 140 and Survey ID: 100
Point: 10
Point validation passed for Member ID: 141 and Survey ID: 20
Point: 0
Point validation passed for Member ID: 141 and Survey ID: 29
Point: 50
Point validation passed for Member ID: 141 and Survey ID: 36
Point: 2
Point validation passed for Member ID: 141 and Survey ID: 64
Point: 5
Point validation passed for Member ID: 141 and Survey ID: 77
Point: 0
Point validation passed for Member ID: 141 and Survey ID: 81
Point: 1
Point validation passed for Member ID: 141 and Survey ID: 90
Point: 5
Point validation passed for Member ID: 141 and Survey ID: 97
Point: 35
Point validation passed for Member ID: 142 and Survey ID: 48
Point: 5
Point validation passed for Member ID: 142 and Survey ID: 76
Point: 40
Point validation passed for Member ID: 142 and Survey ID: 83
Point: 5
Point validation passed for Member ID: 142 and Survey ID: 90
Point: 2
Point validation passed for Member ID: 143 and Survey ID: 3
Point: 10
Point validation passed for Member ID: 143 and Survey ID: 22
Point: 40
Point validation passed for Member ID: 143 and Survey ID: 32
Point: 40
Point validation passed for Member ID: 143 and Survey ID: 94
Point: 5
Point validation passed for Member ID: 143 and Survey ID: 98
Point: 45
Point validation passed for Member ID: 144 and Survey ID: 3
Point: 10
Point validation passed for Member ID: 144 and Survey ID: 7
Point: 45
Point validation passed for Member ID: 144 and Survey ID: 11
Point: 45
Point validation passed for Member ID: 144 and Survey ID: 27
Point: 15
Point validation passed for Member ID: 144 and Survey ID: 37
Point: 2
Point validation passed for Member ID: 144 and Survey ID: 38
Point: 1
Point validation passed for Member ID: 144 and Survey ID: 63
Point: 30
Point validation passed for Member ID: 144 and Survey ID: 81
Point: 20
Point validation passed for Member ID: 144 and Survey ID: 94
Point: 5
Point validation passed for Member ID: 145 and Survey ID: 10
Point: 2
Point validation passed for Member ID: 145 and Survey ID: 11
Point: 45
Point validation passed for Member ID: 145 and Survey ID: 31
Point: 50
Point validation passed for Member ID: 145 and Survey ID: 35
Point: 4
Point validation passed for Member ID: 145 and Survey ID: 42
Point: 4
Point validation passed for Member ID: 145 and Survey ID: 44
Point: 5
Point validation passed for Member ID: 145 and Survey ID: 46
Point: 2
Point validation passed for Member ID: 145 and Survey ID: 52
Point: 40
Point validation passed for Member ID: 145 and Survey ID: 53
Point: 20
Point validation passed for Member ID: 145 and Survey ID: 68
Point: 5
Point validation passed for Member ID: 145 and Survey ID: 77
Point: 25
Point validation passed for Member ID: 145 and Survey ID: 85
Point: 2
Point validation passed for Member ID: 146 and Survey ID: 2
Point: 15
Point validation passed for Member ID: 146 and Survey ID: 5
Point: 35
Point validation passed for Member ID: 146 and Survey ID: 38
Point: 30
Point validation passed for Member ID: 146 and Survey ID: 52
Point: 40
Point validation passed for Member ID: 146 and Survey ID: 56
Point: 10
Point validation passed for Member ID: 146 and Survey ID: 58
Point: 45
Point validation passed for Member ID: 146 and Survey ID: 60
Point: 35
Point validation passed for Member ID: 146 and Survey ID: 62
Point: 40
Point validation passed for Member ID: 146 and Survey ID: 65
Point: 20
Point validation passed for Member ID: 146 and Survey ID: 88
Point: 30
Point validation passed for Member ID: 146 and Survey ID: 94
Point: 0
Point validation passed for Member ID: 146 and Survey ID: 96
Point: 5
Point validation passed for Member ID: 147 and Survey ID: 12
Point: 5
Point validation passed for Member ID: 147 and Survey ID: 15
Point: 10
Point validation passed for Member ID: 147 and Survey ID: 19
Point: 45
Point validation passed for Member ID: 147 and Survey ID: 26
Point: 5
Point validation passed for Member ID: 147 and Survey ID: 30
Point: 25
Point validation passed for Member ID: 147 and Survey ID: 51
Point: 15
Point validation passed for Member ID: 147 and Survey ID: 71
Point: 3
Point validation passed for Member ID: 147 and Survey ID: 74
Point: 50
Point validation passed for Member ID: 147 and Survey ID: 78
Point: 0
Point validation passed for Member ID: 147 and Survey ID: 80
Point: 45
Point validation passed for Member ID: 148 and Survey ID: 4
Point: 10
Point validation passed for Member ID: 148 and Survey ID: 8
Point: 5
Point validation passed for Member ID: 148 and Survey ID: 17
Point: 0
Point validation passed for Member ID: 148 and Survey ID: 20
Point: 20
Point validation passed for Member ID: 148 and Survey ID: 32
Point: 40
Point validation passed for Member ID: 148 and Survey ID: 41
Point: 40
Point validation passed for Member ID: 148 and Survey ID: 43
Point: 30
Point validation passed for Member ID: 148 and Survey ID: 62
Point: 40
Point validation passed for Member ID: 148 and Survey ID: 73
Point: 15
Point validation passed for Member ID: 148 and Survey ID: 79
Point: 5
Point validation passed for Member ID: 148 and Survey ID: 83
Point: 5
Point validation passed for Member ID: 148 and Survey ID: 94
Point: 5
Point validation passed for Member ID: 149 and Survey ID: 16
Point: 45
Point validation passed for Member ID: 149 and Survey ID: 17
Point: 15
Point validation passed for Member ID: 149 and Survey ID: 22
Point: 40
Point validation passed for Member ID: 149 and Survey ID: 38
Point: 30
Point validation passed for Member ID: 149 and Survey ID: 49
Point: 0
Point validation passed for Member ID: 149 and Survey ID: 52
Point: 40
Point validation passed for Member ID: 149 and Survey ID: 53
Point: 0
Point validation passed for Member ID: 149 and Survey ID: 60
Point: 35
Point validation passed for Member ID: 149 and Survey ID: 71
Point: 30
Point validation passed for Member ID: 149 and Survey ID: 81
Point: 0
Point validation passed for Member ID: 149 and Survey ID: 83
Point: 5
Point validation passed for Member ID: 149 and Survey ID: 87
Point: 0
Point validation passed for Member ID: 149 and Survey ID: 91
Point: 5
Point validation passed for Member ID: 149 and Survey ID: 100
Point: 10
Point validation passed for Member ID: 150 and Survey ID: 20
Point: 20
Point validation passed for Member ID: 150 and Survey ID: 42
Point: 0
Point validation passed for Member ID: 150 and Survey ID: 43
Point: 30
Point validation passed for Member ID: 150 and Survey ID: 45
Point: 20
Point validation passed for Member ID: 150 and Survey ID: 52
Point: 40
Point validation passed for Member ID: 150 and Survey ID: 62
Point: 40
Point validation passed for Member ID: 150 and Survey ID: 78
Point: 30
Point validation passed for Member ID: 150 and Survey ID: 85
Point: 2
Point validation passed for Member ID: 150 and Survey ID: 95
Point: 5
Point validation passed for Member ID: 150 and Survey ID: 100
Point: 10
Point validation passed for Member ID: 151 and Survey ID: 6
Point: 5
Point validation passed for Member ID: 151 and Survey ID: 15
Point: 10
Point validation passed for Member ID: 151 and Survey ID: 19
Point: 5
Point validation passed for Member ID: 151 and Survey ID: 22
Point: 40
Point validation passed for Member ID: 151 and Survey ID: 30
Point: 25
Point validation passed for Member ID: 151 and Survey ID: 32
Point: 0
Point validation passed for Member ID: 151 and Survey ID: 43
Point: 0
Point validation passed for Member ID: 151 and Survey ID: 76
Point: 0
Point validation passed for Member ID: 151 and Survey ID: 79
Point: 20
Point validation passed for Member ID: 151 and Survey ID: 94
Point: 4
Point validation passed for Member ID: 152 and Survey ID: 13
Point: 40
Point validation passed for Member ID: 152 and Survey ID: 20
Point: 20
Point validation passed for Member ID: 152 and Survey ID: 24
Point: 35
Point validation passed for Member ID: 152 and Survey ID: 37
Point: 0
Point validation passed for Member ID: 152 and Survey ID: 57
Point: 45
Point validation passed for Member ID: 152 and Survey ID: 58
Point: 2
Point validation passed for Member ID: 152 and Survey ID: 66
Point: 0
Point validation passed for Member ID: 152 and Survey ID: 79
Point: 20
Point validation passed for Member ID: 152 and Survey ID: 83
Point: 5
Point validation passed for Member ID: 152 and Survey ID: 86
Point: 30
Point validation passed for Member ID: 152 and Survey ID: 99
Point: 25
Point validation passed for Member ID: 153 and Survey ID: 13
Point: 3
Point validation passed for Member ID: 153 and Survey ID: 17
Point: 15
Point validation passed for Member ID: 153 and Survey ID: 20
Point: 20
Point validation passed for Member ID: 153 and Survey ID: 22
Point: 3
Point validation passed for Member ID: 153 and Survey ID: 41
Point: 40
Point validation passed for Member ID: 153 and Survey ID: 46
Point: 2
Point validation passed for Member ID: 153 and Survey ID: 61
Point: 40
Point validation passed for Member ID: 153 and Survey ID: 77
Point: 25
Point validation passed for Member ID: 153 and Survey ID: 85
Point: 25
Point validation passed for Member ID: 153 and Survey ID: 94
Point: 5
Point validation passed for Member ID: 154 and Survey ID: 2
Point: 4
Point validation passed for Member ID: 154 and Survey ID: 6
Point: 25
Point validation passed for Member ID: 154 and Survey ID: 21
Point: 50
Point validation passed for Member ID: 154 and Survey ID: 29
Point: 50
Point validation passed for Member ID: 154 and Survey ID: 34
Point: 15
Point validation passed for Member ID: 154 and Survey ID: 56
Point: 1
Point validation passed for Member ID: 154 and Survey ID: 77
Point: 25
Point validation passed for Member ID: 154 and Survey ID: 89
Point: 10
Point validation passed for Member ID: 154 and Survey ID: 96
Point: 50
Point validation passed for Member ID: 154 and Survey ID: 97
Point: 35
Point validation passed for Member ID: 155 and Survey ID: 1
Point: 0
Point validation passed for Member ID: 155 and Survey ID: 13
Point: 40
Point validation passed for Member ID: 155 and Survey ID: 19
Point: 45
Point validation passed for Member ID: 155 and Survey ID: 25
Point: 5
Point validation passed for Member ID: 155 and Survey ID: 32
Point: 2
Point validation passed for Member ID: 155 and Survey ID: 39
Point: 40
Point validation passed for Member ID: 155 and Survey ID: 40
Point: 0
Point validation passed for Member ID: 155 and Survey ID: 58
Point: 45
Point validation passed for Member ID: 155 and Survey ID: 61
Point: 40
Point validation passed for Member ID: 155 and Survey ID: 73
Point: 15
Point validation passed for Member ID: 155 and Survey ID: 89
Point: 10
Point validation passed for Member ID: 155 and Survey ID: 91
Point: 5
Point validation passed for Member ID: 155 and Survey ID: 93
Point: 0
Point validation passed for Member ID: 155 and Survey ID: 98
Point: 45
Point validation passed for Member ID: 156 and Survey ID: 4
Point: 10
Point validation passed for Member ID: 156 and Survey ID: 24
Point: 1
Point validation passed for Member ID: 156 and Survey ID: 26
Point: 5
Point validation passed for Member ID: 156 and Survey ID: 40
Point: 10
Point validation passed for Member ID: 156 and Survey ID: 46
Point: 10
Point validation passed for Member ID: 156 and Survey ID: 47
Point: 20
Point validation passed for Member ID: 156 and Survey ID: 56
Point: 0
Point validation passed for Member ID: 156 and Survey ID: 58
Point: 45
Point validation passed for Member ID: 156 and Survey ID: 59
Point: 40
Point validation passed for Member ID: 156 and Survey ID: 65
Point: 20
Point validation passed for Member ID: 156 and Survey ID: 85
Point: 25
Point validation passed for Member ID: 157 and Survey ID: 39
Point: 40
Point validation passed for Member ID: 157 and Survey ID: 40
Point: 10
Point validation passed for Member ID: 157 and Survey ID: 45
Point: 20
Point validation passed for Member ID: 157 and Survey ID: 47
Point: 20
Point validation passed for Member ID: 157 and Survey ID: 56
Point: 10
Point validation passed for Member ID: 157 and Survey ID: 67
Point: 35
Point validation passed for Member ID: 157 and Survey ID: 69
Point: 10
Point validation passed for Member ID: 157 and Survey ID: 85
Point: 25
Point validation passed for Member ID: 157 and Survey ID: 99
Point: 25
Point validation passed for Member ID: 158 and Survey ID: 6
Point: 5
Point validation passed for Member ID: 158 and Survey ID: 12
Point: 5
Point validation passed for Member ID: 158 and Survey ID: 13
Point: 3
Point validation passed for Member ID: 158 and Survey ID: 15
Point: 10
Point validation passed for Member ID: 158 and Survey ID: 22
Point: 40
Point validation passed for Member ID: 158 and Survey ID: 26
Point: 5
Point validation passed for Member ID: 158 and Survey ID: 27
Point: 15
Point validation passed for Member ID: 158 and Survey ID: 29
Point: 3
Point validation passed for Member ID: 158 and Survey ID: 34
Point: 15
Point validation passed for Member ID: 158 and Survey ID: 41
Point: 0
Point validation passed for Member ID: 158 and Survey ID: 48
Point: 0
Point validation passed for Member ID: 158 and Survey ID: 61
Point: 40
Point validation passed for Member ID: 158 and Survey ID: 71
Point: 30
Point validation passed for Member ID: 158 and Survey ID: 74
Point: 1
Point validation passed for Member ID: 158 and Survey ID: 75
Point: 0
Point validation passed for Member ID: 158 and Survey ID: 77
Point: 25
Point validation passed for Member ID: 158 and Survey ID: 93
Point: 45
Point validation passed for Member ID: 158 and Survey ID: 98
Point: 45
Point validation passed for Member ID: 159 and Survey ID: 13
Point: 40
Point validation passed for Member ID: 159 and Survey ID: 75
Point: 5
Point validation passed for Member ID: 159 and Survey ID: 78
Point: 30
Point validation passed for Member ID: 160 and Survey ID: 6
Point: 5
Point validation passed for Member ID: 160 and Survey ID: 7
Point: 45
Point validation passed for Member ID: 160 and Survey ID: 23
Point: 10
Point validation passed for Member ID: 160 and Survey ID: 28
Point: 10
Point validation passed for Member ID: 160 and Survey ID: 31
Point: 50
Point validation passed for Member ID: 160 and Survey ID: 36
Point: 2
Point validation passed for Member ID: 160 and Survey ID: 52
Point: 0
Point validation passed for Member ID: 160 and Survey ID: 70
Point: 30
Point validation passed for Member ID: 160 and Survey ID: 77
Point: 1
Point validation passed for Member ID: 160 and Survey ID: 82
Point: 4
Point validation passed for Member ID: 160 and Survey ID: 83
Point: 5
Point validation passed for Member ID: 161 and Survey ID: 4
Point: 1
Point validation passed for Member ID: 161 and Survey ID: 37
Point: 25
Point validation passed for Member ID: 161 and Survey ID: 41
Point: 5
Point validation passed for Member ID: 161 and Survey ID: 46
Point: 10
Point validation passed for Member ID: 161 and Survey ID: 50
Point: 5
Point validation passed for Member ID: 161 and Survey ID: 66
Point: 3
Point validation passed for Member ID: 161 and Survey ID: 79
Point: 20
Point validation passed for Member ID: 161 and Survey ID: 89
Point: 10
Point validation passed for Member ID: 161 and Survey ID: 92
Point: 45
Point validation passed for Member ID: 161 and Survey ID: 96
Point: 50
Point validation passed for Member ID: 161 and Survey ID: 97
Point: 35
Point validation passed for Member ID: 162 and Survey ID: 9
Point: 2
Point validation passed for Member ID: 162 and Survey ID: 10
Point: 2
Point validation passed for Member ID: 162 and Survey ID: 21
Point: 3
Point validation passed for Member ID: 162 and Survey ID: 32
Point: 0
Point validation passed for Member ID: 162 and Survey ID: 33
Point: 5
Point validation passed for Member ID: 162 and Survey ID: 54
Point: 25
Point validation passed for Member ID: 162 and Survey ID: 58
Point: 45
Point validation passed for Member ID: 162 and Survey ID: 65
Point: 20
Point validation passed for Member ID: 162 and Survey ID: 67
Point: 5
Point validation passed for Member ID: 162 and Survey ID: 68
Point: 3
Point validation passed for Member ID: 162 and Survey ID: 72
Point: 25
Point validation passed for Member ID: 162 and Survey ID: 73
Point: 15
Point validation passed for Member ID: 162 and Survey ID: 75
Point: 10
Point validation passed for Member ID: 163 and Survey ID: 7
Point: 45
Point validation passed for Member ID: 163 and Survey ID: 49
Point: 4
Point validation passed for Member ID: 163 and Survey ID: 59
Point: 40
Point validation passed for Member ID: 163 and Survey ID: 60
Point: 35
Point validation passed for Member ID: 163 and Survey ID: 69
Point: 10
Point validation passed for Member ID: 163 and Survey ID: 72
Point: 0
Point validation passed for Member ID: 163 and Survey ID: 95
Point: 15
Point validation passed for Member ID: 163 and Survey ID: 96
Point: 50
Point validation passed for Member ID: 164 and Survey ID: 4
Point: 10
Point validation passed for Member ID: 164 and Survey ID: 5
Point: 4
Point validation passed for Member ID: 164 and Survey ID: 7
Point: 45
Point validation passed for Member ID: 164 and Survey ID: 33
Point: 25
Point validation passed for Member ID: 164 and Survey ID: 47
Point: 20
Point validation passed for Member ID: 164 and Survey ID: 62
Point: 40
Point validation passed for Member ID: 164 and Survey ID: 78
Point: 30
Point validation passed for Member ID: 164 and Survey ID: 100
Point: 10
Point validation passed for Member ID: 165 and Survey ID: 27
Point: 15
Point validation passed for Member ID: 165 and Survey ID: 30
Point: 2
Point validation passed for Member ID: 165 and Survey ID: 35
Point: 10
Point validation passed for Member ID: 165 and Survey ID: 43
Point: 30
Point validation passed for Member ID: 165 and Survey ID: 45
Point: 20
Point validation passed for Member ID: 165 and Survey ID: 49
Point: 35
Point validation passed for Member ID: 165 and Survey ID: 60
Point: 35
Point validation passed for Member ID: 165 and Survey ID: 72
Point: 25
Point validation passed for Member ID: 165 and Survey ID: 86
Point: 30
Point validation passed for Member ID: 165 and Survey ID: 98
Point: 45
Point validation passed for Member ID: 166 and Survey ID: 5
Point: 35
Point validation passed for Member ID: 166 and Survey ID: 23
Point: 4
Point validation passed for Member ID: 166 and Survey ID: 31
Point: 50
Point validation passed for Member ID: 166 and Survey ID: 54
Point: 25
Point validation passed for Member ID: 166 and Survey ID: 58
Point: 45
Point validation passed for Member ID: 166 and Survey ID: 68
Point: 5
Point validation passed for Member ID: 166 and Survey ID: 81
Point: 1
Point validation passed for Member ID: 166 and Survey ID: 90
Point: 0
Point validation passed for Member ID: 167 and Survey ID: 11
Point: 4
Point validation passed for Member ID: 167 and Survey ID: 12
Point: 5
Point validation passed for Member ID: 167 and Survey ID: 28
Point: 10
Point validation passed for Member ID: 167 and Survey ID: 43
Point: 5
Point validation passed for Member ID: 167 and Survey ID: 44
Point: 35
Point validation passed for Member ID: 167 and Survey ID: 45
Point: 2
Point validation passed for Member ID: 167 and Survey ID: 56
Point: 10
Point validation passed for Member ID: 167 and Survey ID: 59
Point: 2
Point validation passed for Member ID: 167 and Survey ID: 70
Point: 30
Point validation passed for Member ID: 167 and Survey ID: 77
Point: 25
Point validation passed for Member ID: 167 and Survey ID: 88
Point: 30
Point validation passed for Member ID: 167 and Survey ID: 89
Point: 10
Point validation passed for Member ID: 167 and Survey ID: 99
Point: 0
Point validation passed for Member ID: 168 and Survey ID: 40
Point: 5
Point validation passed for Member ID: 168 and Survey ID: 45
Point: 20
Point validation passed for Member ID: 168 and Survey ID: 46
Point: 10
Point validation passed for Member ID: 168 and Survey ID: 67
Point: 35
Point validation passed for Member ID: 168 and Survey ID: 70
Point: 5
Point validation passed for Member ID: 168 and Survey ID: 74
Point: 50
Point validation passed for Member ID: 168 and Survey ID: 80
Point: 45
Point validation passed for Member ID: 168 and Survey ID: 81
Point: 20
Point validation passed for Member ID: 169 and Survey ID: 9
Point: 35
Point validation passed for Member ID: 169 and Survey ID: 31
Point: 50
Point validation passed for Member ID: 169 and Survey ID: 38
Point: 0
Point validation passed for Member ID: 169 and Survey ID: 42
Point: 25
Point validation passed for Member ID: 169 and Survey ID: 52
Point: 40
Point validation passed for Member ID: 169 and Survey ID: 68
Point: 5
Point validation passed for Member ID: 169 and Survey ID: 78
Point: 30
Point validation passed for Member ID: 169 and Survey ID: 84
Point: 0
Point validation passed for Member ID: 170 and Survey ID: 14
Point: 50
Point validation passed for Member ID: 170 and Survey ID: 31
Point: 2
Point validation passed for Member ID: 170 and Survey ID: 32
Point: 2
Point validation passed for Member ID: 170 and Survey ID: 33
Point: 25
Point validation passed for Member ID: 170 and Survey ID: 34
Point: 15
Point validation passed for Member ID: 170 and Survey ID: 35
Point: 10
Point validation passed for Member ID: 170 and Survey ID: 39
Point: 40
Point validation passed for Member ID: 170 and Survey ID: 45
Point: 20
Point validation passed for Member ID: 170 and Survey ID: 56
Point: 10
Point validation passed for Member ID: 170 and Survey ID: 76
Point: 40
Point validation passed for Member ID: 170 and Survey ID: 77
Point: 25
Point validation passed for Member ID: 171 and Survey ID: 31
Point: 50
Point validation passed for Member ID: 171 and Survey ID: 38
Point: 30
Point validation passed for Member ID: 171 and Survey ID: 44
Point: 35
Point validation passed for Member ID: 171 and Survey ID: 45
Point: 2
Point validation passed for Member ID: 171 and Survey ID: 48
Point: 40
Point validation passed for Member ID: 171 and Survey ID: 51
Point: 15
Point validation passed for Member ID: 171 and Survey ID: 55
Point: 35
Point validation passed for Member ID: 171 and Survey ID: 59
Point: 2
Point validation passed for Member ID: 171 and Survey ID: 74
Point: 1
Point validation passed for Member ID: 171 and Survey ID: 78
Point: 0
Point validation passed for Member ID: 171 and Survey ID: 90
Point: 5
Point validation passed for Member ID: 171 and Survey ID: 98
Point: 45
Point validation passed for Member ID: 172 and Survey ID: 30
Point: 25
Point validation passed for Member ID: 172 and Survey ID: 38
Point: 30
Point validation passed for Member ID: 172 and Survey ID: 40
Point: 10
Point validation passed for Member ID: 172 and Survey ID: 58
Point: 45
Point validation passed for Member ID: 172 and Survey ID: 60
Point: 35
Point validation passed for Member ID: 172 and Survey ID: 78
Point: 30
Point validation passed for Member ID: 172 and Survey ID: 81
Point: 1
Point validation passed for Member ID: 173 and Survey ID: 17
Point: 15
Point validation passed for Member ID: 173 and Survey ID: 24
Point: 0
Point validation passed for Member ID: 173 and Survey ID: 29
Point: 50
Point validation passed for Member ID: 173 and Survey ID: 34
Point: 5
Point validation passed for Member ID: 173 and Survey ID: 40
Point: 5
Point validation passed for Member ID: 173 and Survey ID: 41
Point: 5
Point validation passed for Member ID: 173 and Survey ID: 58
Point: 45
Point validation passed for Member ID: 173 and Survey ID: 70
Point: 0
Point validation passed for Member ID: 173 and Survey ID: 72
Point: 3
Point validation passed for Member ID: 173 and Survey ID: 83
Point: 5
Point validation passed for Member ID: 173 and Survey ID: 86
Point: 4
Point validation passed for Member ID: 174 and Survey ID: 20
Point: 20
Point validation passed for Member ID: 174 and Survey ID: 37
Point: 25
Point validation passed for Member ID: 174 and Survey ID: 49
Point: 35
Point validation passed for Member ID: 174 and Survey ID: 50
Point: 35
Point validation passed for Member ID: 174 and Survey ID: 73
Point: 0
Point validation passed for Member ID: 174 and Survey ID: 86
Point: 4
Point validation passed for Member ID: 175 and Survey ID: 3
Point: 10
Point validation passed for Member ID: 175 and Survey ID: 12
Point: 5
Point validation passed for Member ID: 175 and Survey ID: 15
Point: 10
Point validation passed for Member ID: 175 and Survey ID: 70
Point: 0
Point validation passed for Member ID: 175 and Survey ID: 74
Point: 0
Point validation passed for Member ID: 175 and Survey ID: 75
Point: 10
Point validation passed for Member ID: 175 and Survey ID: 77
Point: 1
Point validation passed for Member ID: 175 and Survey ID: 90
Point: 5
Point validation passed for Member ID: 175 and Survey ID: 96
Point: 50
Point validation passed for Member ID: 176 and Survey ID: 9
Point: 0
Point validation passed for Member ID: 176 and Survey ID: 48
Point: 0
Point validation passed for Member ID: 176 and Survey ID: 62
Point: 40
Point validation passed for Member ID: 176 and Survey ID: 64
Point: 10
Point validation passed for Member ID: 176 and Survey ID: 70
Point: 30
Point validation passed for Member ID: 176 and Survey ID: 71
Point: 0
Point validation passed for Member ID: 176 and Survey ID: 89
Point: 10
Point validation passed for Member ID: 177 and Survey ID: 4
Point: 10
Point validation passed for Member ID: 177 and Survey ID: 7
Point: 45
Point validation passed for Member ID: 177 and Survey ID: 12
Point: 5
Point validation passed for Member ID: 177 and Survey ID: 19
Point: 45
Point validation passed for Member ID: 177 and Survey ID: 20
Point: 20
Point validation passed for Member ID: 177 and Survey ID: 24
Point: 35
Point validation passed for Member ID: 177 and Survey ID: 52
Point: 3
Point validation passed for Member ID: 177 and Survey ID: 67
Point: 0
Point validation passed for Member ID: 177 and Survey ID: 81
Point: 1
Point validation passed for Member ID: 177 and Survey ID: 82
Point: 4
Point validation passed for Member ID: 177 and Survey ID: 93
Point: 1
Point validation passed for Member ID: 178 and Survey ID: 5
Point: 35
Point validation passed for Member ID: 178 and Survey ID: 28
Point: 10
Point validation passed for Member ID: 178 and Survey ID: 29
Point: 3
Point validation passed for Member ID: 178 and Survey ID: 39
Point: 40
Point validation passed for Member ID: 178 and Survey ID: 43
Point: 30
Point validation passed for Member ID: 178 and Survey ID: 47
Point: 20
Point validation passed for Member ID: 178 and Survey ID: 50
Point: 35
Point validation passed for Member ID: 178 and Survey ID: 65
Point: 20
Point validation passed for Member ID: 178 and Survey ID: 66
Point: 15
Point validation passed for Member ID: 178 and Survey ID: 71
Point: 3
Point validation passed for Member ID: 178 and Survey ID: 72
Point: 3
Point validation passed for Member ID: 178 and Survey ID: 82
Point: 35
Point validation passed for Member ID: 178 and Survey ID: 85
Point: 25
Point validation passed for Member ID: 179 and Survey ID: 3
Point: 10
Point validation passed for Member ID: 179 and Survey ID: 17
Point: 15
Point validation passed for Member ID: 179 and Survey ID: 23
Point: 4
Point validation passed for Member ID: 179 and Survey ID: 29
Point: 50
Point validation passed for Member ID: 179 and Survey ID: 48
Point: 40
Point validation passed for Member ID: 179 and Survey ID: 49
Point: 4
Point validation passed for Member ID: 179 and Survey ID: 50
Point: 5
Point validation passed for Member ID: 179 and Survey ID: 51
Point: 15
Point validation passed for Member ID: 179 and Survey ID: 82
Point: 35
Point validation passed for Member ID: 179 and Survey ID: 86
Point: 4
Point validation passed for Member ID: 179 and Survey ID: 97
Point: 35
Point validation passed for Member ID: 179 and Survey ID: 99
Point: 25
Point validation passed for Member ID: 180 and Survey ID: 11
Point: 45
Point validation passed for Member ID: 180 and Survey ID: 26
Point: 2
Point validation passed for Member ID: 180 and Survey ID: 37
Point: 2
Point validation passed for Member ID: 180 and Survey ID: 38
Point: 30
Point validation passed for Member ID: 180 and Survey ID: 43
Point: 30
Point validation passed for Member ID: 180 and Survey ID: 50
Point: 35
Point validation passed for Member ID: 180 and Survey ID: 64
Point: 5
Point validation passed for Member ID: 180 and Survey ID: 67
Point: 35
Point validation passed for Member ID: 180 and Survey ID: 79
Point: 20
Point validation passed for Member ID: 180 and Survey ID: 97
Point: 35
Point validation passed for Member ID: 181 and Survey ID: 25
Point: 5
Point validation passed for Member ID: 181 and Survey ID: 27
Point: 1
Point validation passed for Member ID: 181 and Survey ID: 39
Point: 2
Point validation passed for Member ID: 181 and Survey ID: 70
Point: 30
Point validation passed for Member ID: 181 and Survey ID: 88
Point: 30
Point validation passed for Member ID: 182 and Survey ID: 15
Point: 1
Point validation passed for Member ID: 182 and Survey ID: 18
Point: 25
Point validation passed for Member ID: 182 and Survey ID: 21
Point: 0
Point validation passed for Member ID: 182 and Survey ID: 25
Point: 5
Point validation passed for Member ID: 182 and Survey ID: 29
Point: 50
Point validation passed for Member ID: 182 and Survey ID: 45
Point: 20
Point validation passed for Member ID: 182 and Survey ID: 48
Point: 40
Point validation passed for Member ID: 182 and Survey ID: 59
Point: 0
Point validation passed for Member ID: 182 and Survey ID: 81
Point: 20
Point validation passed for Member ID: 182 and Survey ID: 86
Point: 30
Point validation passed for Member ID: 183 and Survey ID: 13
Point: 40
Point validation passed for Member ID: 183 and Survey ID: 16
Point: 45
Point validation passed for Member ID: 183 and Survey ID: 26
Point: 2
Point validation passed for Member ID: 183 and Survey ID: 32
Point: 40
Point validation passed for Member ID: 183 and Survey ID: 55
Point: 0
Point validation passed for Member ID: 183 and Survey ID: 59
Point: 0
Point validation passed for Member ID: 183 and Survey ID: 60
Point: 35
Point validation passed for Member ID: 183 and Survey ID: 68
Point: 3
Point validation passed for Member ID: 184 and Survey ID: 7
Point: 45
Point validation passed for Member ID: 184 and Survey ID: 20
Point: 20
Point validation passed for Member ID: 184 and Survey ID: 29
Point: 0
Point validation passed for Member ID: 184 and Survey ID: 39
Point: 40
Point validation passed for Member ID: 184 and Survey ID: 59
Point: 40
Point validation passed for Member ID: 184 and Survey ID: 85
Point: 2
Point validation passed for Member ID: 184 and Survey ID: 86
Point: 30
Point validation passed for Member ID: 184 and Survey ID: 91
Point: 5
Point validation passed for Member ID: 184 and Survey ID: 94
Point: 4
Point validation passed for Member ID: 184 and Survey ID: 95
Point: 15
Point validation passed for Member ID: 185 and Survey ID: 1
Point: 5
Point validation passed for Member ID: 185 and Survey ID: 20
Point: 0
Point validation passed for Member ID: 185 and Survey ID: 32
Point: 40
Point validation passed for Member ID: 185 and Survey ID: 38
Point: 30
Point validation passed for Member ID: 185 and Survey ID: 46
Point: 10
Point validation passed for Member ID: 185 and Survey ID: 48
Point: 40
Point validation passed for Member ID: 185 and Survey ID: 51
Point: 15
Point validation passed for Member ID: 185 and Survey ID: 65
Point: 5
Point validation passed for Member ID: 185 and Survey ID: 75
Point: 10
Point validation passed for Member ID: 185 and Survey ID: 79
Point: 5
Point validation passed for Member ID: 185 and Survey ID: 85
Point: 25
Point validation passed for Member ID: 185 and Survey ID: 92
Point: 45
Point validation passed for Member ID: 186 and Survey ID: 11
Point: 45
Point validation passed for Member ID: 186 and Survey ID: 26
Point: 2
Point validation passed for Member ID: 186 and Survey ID: 27
Point: 15
Point validation passed for Member ID: 186 and Survey ID: 63
Point: 30
Point validation passed for Member ID: 186 and Survey ID: 68
Point: 5
Point validation passed for Member ID: 186 and Survey ID: 69
Point: 1
Point validation passed for Member ID: 186 and Survey ID: 75
Point: 0
Point validation passed for Member ID: 186 and Survey ID: 87
Point: 4
Point validation passed for Member ID: 186 and Survey ID: 92
Point: 45
Point validation passed for Member ID: 186 and Survey ID: 96
Point: 50
Point validation passed for Member ID: 187 and Survey ID: 4
Point: 10
Point validation passed for Member ID: 187 and Survey ID: 19
Point: 45
Point validation passed for Member ID: 187 and Survey ID: 24
Point: 35
Point validation passed for Member ID: 187 and Survey ID: 26
Point: 5
Point validation passed for Member ID: 187 and Survey ID: 27
Point: 15
Point validation passed for Member ID: 187 and Survey ID: 34
Point: 0
Point validation passed for Member ID: 187 and Survey ID: 52
Point: 40
Point validation passed for Member ID: 187 and Survey ID: 69
Point: 10
Point validation passed for Member ID: 187 and Survey ID: 77
Point: 1
Point validation passed for Member ID: 187 and Survey ID: 78
Point: 30
Point validation passed for Member ID: 187 and Survey ID: 86
Point: 4
Point validation passed for Member ID: 188 and Survey ID: 13
Point: 0
Point validation passed for Member ID: 188 and Survey ID: 26
Point: 0
Point validation passed for Member ID: 188 and Survey ID: 29
Point: 50
Point validation passed for Member ID: 188 and Survey ID: 37
Point: 25
Point validation passed for Member ID: 188 and Survey ID: 44
Point: 35
Point validation passed for Member ID: 188 and Survey ID: 68
Point: 5
Point validation passed for Member ID: 188 and Survey ID: 70
Point: 30
Point validation passed for Member ID: 188 and Survey ID: 83
Point: 5
Point validation passed for Member ID: 188 and Survey ID: 85
Point: 25
Point validation passed for Member ID: 188 and Survey ID: 87
Point: 15
Point validation passed for Member ID: 189 and Survey ID: 23
Point: 10
Point validation passed for Member ID: 189 and Survey ID: 36
Point: 0
Point validation passed for Member ID: 189 and Survey ID: 47
Point: 3
Point validation passed for Member ID: 189 and Survey ID: 58
Point: 2
Point validation passed for Member ID: 189 and Survey ID: 72
Point: 0
Point validation passed for Member ID: 189 and Survey ID: 79
Point: 20
Point validation passed for Member ID: 189 and Survey ID: 99
Point: 0
Point validation passed for Member ID: 190 and Survey ID: 2
Point: 4
Point validation passed for Member ID: 190 and Survey ID: 47
Point: 3
Point validation passed for Member ID: 190 and Survey ID: 71
Point: 30
Point validation passed for Member ID: 190 and Survey ID: 80
Point: 45
Point validation passed for Member ID: 190 and Survey ID: 84
Point: 25
Point validation passed for Member ID: 191 and Survey ID: 5
Point: 35
Point validation passed for Member ID: 191 and Survey ID: 26
Point: 5
Point validation passed for Member ID: 191 and Survey ID: 28
Point: 10
Point validation passed for Member ID: 191 and Survey ID: 43
Point: 5
Point validation passed for Member ID: 191 and Survey ID: 45
Point: 20
Point validation passed for Member ID: 191 and Survey ID: 70
Point: 30
Point validation passed for Member ID: 191 and Survey ID: 73
Point: 15
Point validation passed for Member ID: 192 and Survey ID: 9
Point: 35
Point validation passed for Member ID: 192 and Survey ID: 16
Point: 45
Point validation passed for Member ID: 192 and Survey ID: 19
Point: 45
Point validation passed for Member ID: 192 and Survey ID: 20
Point: 20
Point validation passed for Member ID: 192 and Survey ID: 21
Point: 50
Point validation passed for Member ID: 192 and Survey ID: 31
Point: 50
Point validation passed for Member ID: 192 and Survey ID: 40
Point: 10
Point validation passed for Member ID: 192 and Survey ID: 42
Point: 25
Point validation passed for Member ID: 192 and Survey ID: 52
Point: 3
Point validation passed for Member ID: 192 and Survey ID: 55
Point: 1
Point validation passed for Member ID: 192 and Survey ID: 62
Point: 40
Point validation passed for Member ID: 192 and Survey ID: 72
Point: 25
Point validation passed for Member ID: 192 and Survey ID: 83
Point: 5
Point validation passed for Member ID: 192 and Survey ID: 96
Point: 50
Point validation passed for Member ID: 192 and Survey ID: 99
Point: 25
Point validation passed for Member ID: 193 and Survey ID: 12
Point: 5
Point validation passed for Member ID: 193 and Survey ID: 21
Point: 0
Point validation passed for Member ID: 193 and Survey ID: 40
Point: 10
Point validation passed for Member ID: 193 and Survey ID: 41
Point: 40
Point validation passed for Member ID: 193 and Survey ID: 43
Point: 30
Point validation passed for Member ID: 193 and Survey ID: 47
Point: 20
Point validation passed for Member ID: 193 and Survey ID: 58
Point: 2
Point validation passed for Member ID: 193 and Survey ID: 73
Point: 15
Point validation passed for Member ID: 193 and Survey ID: 79
Point: 20
Point validation passed for Member ID: 193 and Survey ID: 82
Point: 35
Point validation passed for Member ID: 193 and Survey ID: 89
Point: 1
Point validation passed for Member ID: 193 and Survey ID: 92
Point: 0
Point validation passed for Member ID: 194 and Survey ID: 4
Point: 1
Point validation passed for Member ID: 194 and Survey ID: 7
Point: 45
Point validation passed for Member ID: 194 and Survey ID: 21
Point: 50
Point validation passed for Member ID: 194 and Survey ID: 37
Point: 25
Point validation passed for Member ID: 194 and Survey ID: 40
Point: 10
Point validation passed for Member ID: 194 and Survey ID: 44
Point: 35
Point validation passed for Member ID: 194 and Survey ID: 49
Point: 4
Point validation passed for Member ID: 194 and Survey ID: 57
Point: 45
Point validation passed for Member ID: 194 and Survey ID: 81
Point: 20
Point validation passed for Member ID: 194 and Survey ID: 82
Point: 35
Point validation passed for Member ID: 194 and Survey ID: 87
Point: 4
Point validation passed for Member ID: 194 and Survey ID: 98
Point: 5
Point validation passed for Member ID: 195 and Survey ID: 15
Point: 10
Point validation passed for Member ID: 195 and Survey ID: 20
Point: 5
Point validation passed for Member ID: 195 and Survey ID: 22
Point: 0
Point validation passed for Member ID: 195 and Survey ID: 23
Point: 10
Point validation passed for Member ID: 195 and Survey ID: 36
Point: 35
Point validation passed for Member ID: 195 and Survey ID: 38
Point: 30
Point validation passed for Member ID: 195 and Survey ID: 50
Point: 35
Point validation passed for Member ID: 195 and Survey ID: 55
Point: 1
Point validation passed for Member ID: 195 and Survey ID: 63
Point: 30
Point validation passed for Member ID: 195 and Survey ID: 68
Point: 5
Point validation passed for Member ID: 195 and Survey ID: 73
Point: 15
Point validation passed for Member ID: 195 and Survey ID: 77
Point: 25
Point validation passed for Member ID: 196 and Survey ID: 13
Point: 3
Point validation passed for Member ID: 196 and Survey ID: 16
Point: 45
Point validation passed for Member ID: 196 and Survey ID: 32
Point: 0
Point validation passed for Member ID: 196 and Survey ID: 33
Point: 25
Point validation passed for Member ID: 196 and Survey ID: 37
Point: 2
Point validation passed for Member ID: 196 and Survey ID: 41
Point: 40
Point validation passed for Member ID: 196 and Survey ID: 76
Point: 40
Point validation passed for Member ID: 196 and Survey ID: 87
Point: 15
Point validation passed for Member ID: 197 and Survey ID: 2
Point: 15
Point validation passed for Member ID: 197 and Survey ID: 5
Point: 35
Point validation passed for Member ID: 197 and Survey ID: 10
Point: 5
Point validation passed for Member ID: 197 and Survey ID: 13
Point: 40
Point validation passed for Member ID: 197 and Survey ID: 19
Point: 45
Point validation passed for Member ID: 197 and Survey ID: 20
Point: 20
Point validation passed for Member ID: 197 and Survey ID: 21
Point: 3
Point validation passed for Member ID: 197 and Survey ID: 24
Point: 1
Point validation passed for Member ID: 197 and Survey ID: 26
Point: 5
Point validation passed for Member ID: 197 and Survey ID: 34
Point: 5
Point validation passed for Member ID: 197 and Survey ID: 37
Point: 25
Point validation passed for Member ID: 197 and Survey ID: 39
Point: 2
Point validation passed for Member ID: 197 and Survey ID: 44
Point: 0
Point validation passed for Member ID: 197 and Survey ID: 50
Point: 35
Point validation passed for Member ID: 197 and Survey ID: 53
Point: 20
Point validation passed for Member ID: 197 and Survey ID: 77
Point: 1
Point validation passed for Member ID: 197 and Survey ID: 81
Point: 20
Point validation passed for Member ID: 197 and Survey ID: 96
Point: 50
Point validation passed for Member ID: 198 and Survey ID: 1
Point: 2
Point validation passed for Member ID: 198 and Survey ID: 3
Point: 2
Point validation passed for Member ID: 198 and Survey ID: 8
Point: 5
Point validation passed for Member ID: 198 and Survey ID: 9
Point: 35
Point validation passed for Member ID: 198 and Survey ID: 12
Point: 5
Point validation passed for Member ID: 198 and Survey ID: 19
Point: 45
Point validation passed for Member ID: 198 and Survey ID: 33
Point: 25
Point validation passed for Member ID: 198 and Survey ID: 41
Point: 40
Point validation passed for Member ID: 198 and Survey ID: 45
Point: 20
Point validation passed for Member ID: 198 and Survey ID: 54
Point: 25
Point validation passed for Member ID: 198 and Survey ID: 71
Point: 3
Point validation passed for Member ID: 198 and Survey ID: 99
Point: 25
Point validation passed for Member ID: 199 and Survey ID: 2
Point: 0
Point validation passed for Member ID: 199 and Survey ID: 8
Point: 4
Point validation passed for Member ID: 199 and Survey ID: 11
Point: 45
Point validation passed for Member ID: 199 and Survey ID: 21
Point: 3
Point validation passed for Member ID: 199 and Survey ID: 38
Point: 30
Point validation passed for Member ID: 199 and Survey ID: 39
Point: 40
Point validation passed for Member ID: 199 and Survey ID: 42
Point: 25
Point validation passed for Member ID: 199 and Survey ID: 54
Point: 4
Point validation passed for Member ID: 199 and Survey ID: 62
Point: 40
Point validation passed for Member ID: 199 and Survey ID: 71
Point: 3
Point validation passed for Member ID: 199 and Survey ID: 79
Point: 20
Point validation passed for Member ID: 200 and Survey ID: 30
Point: 25
Point validation passed for Member ID: 200 and Survey ID: 33
Point: 5
Point validation passed for Member ID: 200 and Survey ID: 34
Point: 5
Point validation passed for Member ID: 200 and Survey ID: 51
Point: 15
Point validation passed for Member ID: 200 and Survey ID: 56
Point: 10
Point validation passed for Member ID: 200 and Survey ID: 58
Point: 45
Point validation passed for Member ID: 200 and Survey ID: 69
Point: 10
Point validation passed for Member ID: 200 and Survey ID: 79
Point: 20
Point validation passed for Member ID: 201 and Survey ID: 26
Point: 5
Point validation passed for Member ID: 201 and Survey ID: 35
Point: 4
Point validation passed for Member ID: 201 and Survey ID: 38
Point: 30
Point validation passed for Member ID: 201 and Survey ID: 53
Point: 5
Point validation passed for Member ID: 201 and Survey ID: 62
Point: 40
Point validation passed for Member ID: 201 and Survey ID: 64
Point: 10
Point validation passed for Member ID: 201 and Survey ID: 65
Point: 20
Point validation passed for Member ID: 201 and Survey ID: 71
Point: 30
Point validation passed for Member ID: 201 and Survey ID: 74
Point: 50
Point validation passed for Member ID: 201 and Survey ID: 75
Point: 5
Point validation passed for Member ID: 201 and Survey ID: 76
Point: 5
Point validation passed for Member ID: 201 and Survey ID: 85
Point: 25
Point validation passed for Member ID: 201 and Survey ID: 86
Point: 4
Point validation passed for Member ID: 202 and Survey ID: 16
Point: 45
Point validation passed for Member ID: 202 and Survey ID: 25
Point: 5
Point validation passed for Member ID: 202 and Survey ID: 36
Point: 35
Point validation passed for Member ID: 202 and Survey ID: 41
Point: 40
Point validation passed for Member ID: 202 and Survey ID: 51
Point: 15
Point validation passed for Member ID: 202 and Survey ID: 53
Point: 20
Point validation passed for Member ID: 202 and Survey ID: 83
Point: 5
Point validation passed for Member ID: 202 and Survey ID: 84
Point: 25
Point validation passed for Member ID: 202 and Survey ID: 87
Point: 4
Point validation passed for Member ID: 202 and Survey ID: 90
Point: 2
Point validation passed for Member ID: 202 and Survey ID: 99
Point: 3
Point validation passed for Member ID: 203 and Survey ID: 31
Point: 50
Point validation passed for Member ID: 203 and Survey ID: 34
Point: 15
Point validation passed for Member ID: 203 and Survey ID: 68
Point: 3
Point validation passed for Member ID: 203 and Survey ID: 75
Point: 5
Point validation passed for Member ID: 203 and Survey ID: 86
Point: 30
Point validation passed for Member ID: 203 and Survey ID: 89
Point: 10
Point validation passed for Member ID: 203 and Survey ID: 96
Point: 50
Point validation passed for Member ID: 203 and Survey ID: 98
Point: 45
Point validation passed for Member ID: 204 and Survey ID: 1
Point: 5
Point validation passed for Member ID: 204 and Survey ID: 13
Point: 40
Point validation passed for Member ID: 204 and Survey ID: 17
Point: 15
Point validation passed for Member ID: 204 and Survey ID: 28
Point: 4
Point validation passed for Member ID: 204 and Survey ID: 66
Point: 15
Point validation passed for Member ID: 204 and Survey ID: 69
Point: 10
Point validation passed for Member ID: 204 and Survey ID: 71
Point: 30
Point validation passed for Member ID: 204 and Survey ID: 79
Point: 5
Point validation passed for Member ID: 205 and Survey ID: 15
Point: 10
Point validation passed for Member ID: 205 and Survey ID: 18
Point: 25
Point validation passed for Member ID: 205 and Survey ID: 19
Point: 45
Point validation passed for Member ID: 205 and Survey ID: 32
Point: 0
Point validation passed for Member ID: 205 and Survey ID: 33
Point: 5
Point validation passed for Member ID: 205 and Survey ID: 38
Point: 30
Point validation passed for Member ID: 205 and Survey ID: 39
Point: 40
Point validation passed for Member ID: 205 and Survey ID: 54
Point: 25
Point validation passed for Member ID: 205 and Survey ID: 57
Point: 0
Point validation passed for Member ID: 205 and Survey ID: 63
Point: 5
Point validation passed for Member ID: 205 and Survey ID: 74
Point: 50
Point validation passed for Member ID: 205 and Survey ID: 87
Point: 0
Point validation passed for Member ID: 205 and Survey ID: 88
Point: 30
Point validation passed for Member ID: 206 and Survey ID: 1
Point: 5
Point validation passed for Member ID: 206 and Survey ID: 15
Point: 10
Point validation passed for Member ID: 206 and Survey ID: 18
Point: 0
Point validation passed for Member ID: 206 and Survey ID: 24
Point: 35
Point validation passed for Member ID: 206 and Survey ID: 28
Point: 10
Point validation passed for Member ID: 206 and Survey ID: 32
Point: 40
Point validation passed for Member ID: 206 and Survey ID: 43
Point: 30
Point validation passed for Member ID: 206 and Survey ID: 52
Point: 3
Point validation passed for Member ID: 206 and Survey ID: 68
Point: 5
Point validation passed for Member ID: 206 and Survey ID: 74
Point: 1
Point validation passed for Member ID: 206 and Survey ID: 89
Point: 10
Point validation passed for Member ID: 206 and Survey ID: 96
Point: 50
Point validation passed for Member ID: 206 and Survey ID: 97
Point: 35
Point validation passed for Member ID: 207 and Survey ID: 1
Point: 5
Point validation passed for Member ID: 207 and Survey ID: 5
Point: 35
Point validation passed for Member ID: 207 and Survey ID: 20
Point: 20
Point validation passed for Member ID: 207 and Survey ID: 26
Point: 5
Point validation passed for Member ID: 207 and Survey ID: 68
Point: 5
Point validation passed for Member ID: 207 and Survey ID: 96
Point: 5
Point validation passed for Member ID: 208 and Survey ID: 2
Point: 4
Point validation passed for Member ID: 208 and Survey ID: 30
Point: 25
Point validation passed for Member ID: 208 and Survey ID: 66
Point: 15
Point validation passed for Member ID: 208 and Survey ID: 82
Point: 35
Point validation passed for Member ID: 208 and Survey ID: 84
Point: 2
Point validation passed for Member ID: 208 and Survey ID: 87
Point: 15
Point validation passed for Member ID: 209 and Survey ID: 13
Point: 0
Point validation passed for Member ID: 209 and Survey ID: 18
Point: 25
Point validation passed for Member ID: 209 and Survey ID: 19
Point: 45
Point validation passed for Member ID: 209 and Survey ID: 20
Point: 20
Point validation passed for Member ID: 209 and Survey ID: 29
Point: 3
Point validation passed for Member ID: 209 and Survey ID: 62
Point: 40
Point validation passed for Member ID: 209 and Survey ID: 80
Point: 45
Point validation passed for Member ID: 210 and Survey ID: 1
Point: 2
Point validation passed for Member ID: 210 and Survey ID: 11
Point: 45
Point validation passed for Member ID: 210 and Survey ID: 18
Point: 25
Point validation passed for Member ID: 210 and Survey ID: 23
Point: 10
Point validation passed for Member ID: 210 and Survey ID: 24
Point: 35
Point validation passed for Member ID: 210 and Survey ID: 32
Point: 40
Point validation passed for Member ID: 210 and Survey ID: 46
Point: 10
Point validation passed for Member ID: 210 and Survey ID: 58
Point: 2
Point validation passed for Member ID: 210 and Survey ID: 67
Point: 5
Point validation passed for Member ID: 210 and Survey ID: 69
Point: 10
Point validation passed for Member ID: 210 and Survey ID: 73
Point: 15
Point validation passed for Member ID: 210 and Survey ID: 78
Point: 30
Point validation passed for Member ID: 210 and Survey ID: 80
Point: 45
Point validation passed for Member ID: 210 and Survey ID: 85
Point: 25
Point validation passed for Member ID: 210 and Survey ID: 87
Point: 4
Point validation passed for Member ID: 211 and Survey ID: 11
Point: 45
Point validation passed for Member ID: 211 and Survey ID: 50
Point: 35
Point validation passed for Member ID: 211 and Survey ID: 61
Point: 4
Point validation passed for Member ID: 211 and Survey ID: 67
Point: 35
Point validation passed for Member ID: 211 and Survey ID: 69
Point: 10
Point validation passed for Member ID: 211 and Survey ID: 76
Point: 40
Point validation passed for Member ID: 211 and Survey ID: 89
Point: 10
Point validation passed for Member ID: 211 and Survey ID: 100
Point: 10
Point validation passed for Member ID: 212 and Survey ID: 7
Point: 45
Point validation passed for Member ID: 212 and Survey ID: 31
Point: 50
Point validation passed for Member ID: 212 and Survey ID: 32
Point: 40
Point validation passed for Member ID: 212 and Survey ID: 35
Point: 4
Point validation passed for Member ID: 212 and Survey ID: 37
Point: 25
Point validation passed for Member ID: 212 and Survey ID: 40
Point: 10
Point validation passed for Member ID: 212 and Survey ID: 47
Point: 20
Point validation passed for Member ID: 212 and Survey ID: 59
Point: 40
Point validation passed for Member ID: 212 and Survey ID: 82
Point: 35
Point validation passed for Member ID: 212 and Survey ID: 99
Point: 25
Point validation passed for Member ID: 213 and Survey ID: 3
Point: 10
Point validation passed for Member ID: 213 and Survey ID: 9
Point: 2
Point validation passed for Member ID: 213 and Survey ID: 26
Point: 2
Point validation passed for Member ID: 213 and Survey ID: 30
Point: 25
Point validation passed for Member ID: 213 and Survey ID: 39
Point: 2
Point validation passed for Member ID: 213 and Survey ID: 45
Point: 20
Point validation passed for Member ID: 213 and Survey ID: 64
Point: 5
Point validation passed for Member ID: 213 and Survey ID: 65
Point: 20
Point validation passed for Member ID: 213 and Survey ID: 73
Point: 15
Point validation passed for Member ID: 213 and Survey ID: 77
Point: 1
Point validation passed for Member ID: 213 and Survey ID: 79
Point: 20
Point validation passed for Member ID: 213 and Survey ID: 87
Point: 4
Point validation passed for Member ID: 213 and Survey ID: 89
Point: 10
Point validation passed for Member ID: 213 and Survey ID: 92
Point: 45
Point validation passed for Member ID: 214 and Survey ID: 15
Point: 10
Point validation passed for Member ID: 214 and Survey ID: 28
Point: 10
Point validation passed for Member ID: 214 and Survey ID: 34
Point: 15
Point validation passed for Member ID: 214 and Survey ID: 43
Point: 0
Point validation passed for Member ID: 214 and Survey ID: 44
Point: 0
Point validation passed for Member ID: 214 and Survey ID: 55
Point: 35
Point validation passed for Member ID: 214 and Survey ID: 62
Point: 40
Point validation passed for Member ID: 214 and Survey ID: 64
Point: 10
Point validation passed for Member ID: 214 and Survey ID: 90
Point: 5
Point validation passed for Member ID: 215 and Survey ID: 1
Point: 5
Point validation passed for Member ID: 215 and Survey ID: 25
Point: 5
Point validation passed for Member ID: 215 and Survey ID: 35
Point: 10
Point validation passed for Member ID: 215 and Survey ID: 39
Point: 40
Point validation passed for Member ID: 215 and Survey ID: 44
Point: 5
Point validation passed for Member ID: 215 and Survey ID: 47
Point: 20
Point validation passed for Member ID: 215 and Survey ID: 72
Point: 25
Point validation passed for Member ID: 215 and Survey ID: 73
Point: 15
Point validation passed for Member ID: 215 and Survey ID: 80
Point: 45
Point validation passed for Member ID: 215 and Survey ID: 88
Point: 30
Point validation passed for Member ID: 215 and Survey ID: 99
Point: 25
Point validation passed for Member ID: 216 and Survey ID: 8
Point: 5
Point validation passed for Member ID: 216 and Survey ID: 16
Point: 45
Point validation passed for Member ID: 216 and Survey ID: 18
Point: 25
Point validation passed for Member ID: 216 and Survey ID: 36
Point: 35
Point validation passed for Member ID: 216 and Survey ID: 75
Point: 10
Point validation passed for Member ID: 216 and Survey ID: 84
Point: 25
Point validation passed for Member ID: 217 and Survey ID: 3
Point: 10
Point validation passed for Member ID: 217 and Survey ID: 13
Point: 40
Point validation passed for Member ID: 217 and Survey ID: 22
Point: 40
Point validation passed for Member ID: 217 and Survey ID: 28
Point: 10
Point validation passed for Member ID: 217 and Survey ID: 34
Point: 15
Point validation passed for Member ID: 217 and Survey ID: 59
Point: 40
Point validation passed for Member ID: 217 and Survey ID: 60
Point: 35
Point validation passed for Member ID: 217 and Survey ID: 68
Point: 5
Point validation passed for Member ID: 217 and Survey ID: 71
Point: 3
Point validation passed for Member ID: 217 and Survey ID: 75
Point: 10
Point validation passed for Member ID: 218 and Survey ID: 16
Point: 45
Point validation passed for Member ID: 218 and Survey ID: 18
Point: 25
Point validation passed for Member ID: 218 and Survey ID: 44
Point: 5
Point validation passed for Member ID: 218 and Survey ID: 50
Point: 35
Point validation passed for Member ID: 218 and Survey ID: 57
Point: 45
Point validation passed for Member ID: 218 and Survey ID: 59
Point: 40
Point validation passed for Member ID: 218 and Survey ID: 70
Point: 5
Point validation passed for Member ID: 218 and Survey ID: 77
Point: 25
Point validation passed for Member ID: 218 and Survey ID: 78
Point: 0
Point validation passed for Member ID: 218 and Survey ID: 80
Point: 45
Point validation passed for Member ID: 218 and Survey ID: 81
Point: 20
Point validation passed for Member ID: 218 and Survey ID: 87
Point: 15
Point validation passed for Member ID: 219 and Survey ID: 19
Point: 45
Point validation passed for Member ID: 219 and Survey ID: 23
Point: 10
Point validation passed for Member ID: 219 and Survey ID: 24
Point: 35
Point validation passed for Member ID: 219 and Survey ID: 34
Point: 5
Point validation passed for Member ID: 219 and Survey ID: 54
Point: 0
Point validation passed for Member ID: 219 and Survey ID: 68
Point: 5
Point validation passed for Member ID: 219 and Survey ID: 76
Point: 40
Point validation passed for Member ID: 219 and Survey ID: 79
Point: 20
Point validation passed for Member ID: 219 and Survey ID: 84
Point: 25
Point validation passed for Member ID: 219 and Survey ID: 86
Point: 30
Point validation passed for Member ID: 219 and Survey ID: 87
Point: 4
Point validation passed for Member ID: 219 and Survey ID: 88
Point: 30
Point validation passed for Member ID: 219 and Survey ID: 93
Point: 45
Point validation passed for Member ID: 220 and Survey ID: 1
Point: 5
Point validation passed for Member ID: 220 and Survey ID: 8
Point: 5
Point validation passed for Member ID: 220 and Survey ID: 24
Point: 35
Point validation passed for Member ID: 220 and Survey ID: 28
Point: 10
Point validation passed for Member ID: 220 and Survey ID: 29
Point: 50
Point validation passed for Member ID: 220 and Survey ID: 35
Point: 10
Point validation passed for Member ID: 220 and Survey ID: 42
Point: 25
Point validation passed for Member ID: 220 and Survey ID: 49
Point: 35
Point validation passed for Member ID: 220 and Survey ID: 52
Point: 3
Point validation passed for Member ID: 220 and Survey ID: 84
Point: 25
Point validation passed for Member ID: 220 and Survey ID: 89
Point: 10
Point validation passed for Member ID: 221 and Survey ID: 1
Point: 0
Point validation passed for Member ID: 221 and Survey ID: 11
Point: 45
Point validation passed for Member ID: 221 and Survey ID: 27
Point: 15
Point validation passed for Member ID: 221 and Survey ID: 29
Point: 50
Point validation passed for Member ID: 221 and Survey ID: 37
Point: 25
Point validation passed for Member ID: 221 and Survey ID: 61
Point: 40
Point validation passed for Member ID: 221 and Survey ID: 71
Point: 0
Point validation passed for Member ID: 221 and Survey ID: 79
Point: 20
Point validation passed for Member ID: 221 and Survey ID: 92
Point: 0
Point validation passed for Member ID: 222 and Survey ID: 6
Point: 25
Point validation passed for Member ID: 222 and Survey ID: 9
Point: 35
Point validation passed for Member ID: 222 and Survey ID: 11
Point: 45
Point validation passed for Member ID: 222 and Survey ID: 23
Point: 10
Point validation passed for Member ID: 222 and Survey ID: 41
Point: 40
Point validation passed for Member ID: 222 and Survey ID: 43
Point: 30
Point validation passed for Member ID: 222 and Survey ID: 50
Point: 35
Point validation passed for Member ID: 222 and Survey ID: 53
Point: 20
Point validation passed for Member ID: 222 and Survey ID: 62
Point: 40
Point validation passed for Member ID: 222 and Survey ID: 92
Point: 0
Point validation passed for Member ID: 223 and Survey ID: 4
Point: 1
Point validation passed for Member ID: 223 and Survey ID: 5
Point: 4
Point validation passed for Member ID: 223 and Survey ID: 6
Point: 25
Point validation passed for Member ID: 223 and Survey ID: 11
Point: 0
Point validation passed for Member ID: 223 and Survey ID: 23
Point: 0
Point validation passed for Member ID: 223 and Survey ID: 26
Point: 5
Point validation passed for Member ID: 223 and Survey ID: 53
Point: 20
Point validation passed for Member ID: 223 and Survey ID: 79
Point: 20
Point validation passed for Member ID: 223 and Survey ID: 81
Point: 20
Point validation passed for Member ID: 224 and Survey ID: 9
Point: 35
Point validation passed for Member ID: 224 and Survey ID: 36
Point: 35
Point validation passed for Member ID: 224 and Survey ID: 37
Point: 25
Point validation passed for Member ID: 224 and Survey ID: 50
Point: 35
Point validation passed for Member ID: 224 and Survey ID: 52
Point: 40
Point validation passed for Member ID: 224 and Survey ID: 63
Point: 30
Point validation passed for Member ID: 224 and Survey ID: 69
Point: 0
Point validation passed for Member ID: 224 and Survey ID: 70
Point: 30
Point validation passed for Member ID: 224 and Survey ID: 72
Point: 25
Point validation passed for Member ID: 224 and Survey ID: 87
Point: 15
Point validation passed for Member ID: 225 and Survey ID: 13
Point: 40
Point validation passed for Member ID: 225 and Survey ID: 17
Point: 15
Point validation passed for Member ID: 225 and Survey ID: 21
Point: 50
Point validation passed for Member ID: 225 and Survey ID: 45
Point: 2
Point validation passed for Member ID: 225 and Survey ID: 49
Point: 35
Point validation passed for Member ID: 225 and Survey ID: 50
Point: 35
Point validation passed for Member ID: 225 and Survey ID: 52
Point: 3
Point validation passed for Member ID: 225 and Survey ID: 53
Point: 20
Point validation passed for Member ID: 225 and Survey ID: 77
Point: 25
Point validation passed for Member ID: 225 and Survey ID: 82
Point: 35
Point validation passed for Member ID: 225 and Survey ID: 85
Point: 25
Point validation passed for Member ID: 225 and Survey ID: 87
Point: 4
Point validation passed for Member ID: 226 and Survey ID: 9
Point: 2
Point validation passed for Member ID: 226 and Survey ID: 10
Point: 5
Point validation passed for Member ID: 226 and Survey ID: 16
Point: 3
Point validation passed for Member ID: 226 and Survey ID: 19
Point: 45
Point validation passed for Member ID: 226 and Survey ID: 20
Point: 20
Point validation passed for Member ID: 226 and Survey ID: 26
Point: 2
Point validation passed for Member ID: 226 and Survey ID: 40
Point: 10
Point validation passed for Member ID: 226 and Survey ID: 49
Point: 4
Point validation passed for Member ID: 226 and Survey ID: 68
Point: 5
Point validation passed for Member ID: 226 and Survey ID: 82
Point: 35
Point validation passed for Member ID: 226 and Survey ID: 89
Point: 10
Point validation passed for Member ID: 226 and Survey ID: 90
Point: 5
Point validation passed for Member ID: 226 and Survey ID: 92
Point: 4
Point validation passed for Member ID: 227 and Survey ID: 5
Point: 35
Point validation passed for Member ID: 227 and Survey ID: 21
Point: 0
Point validation passed for Member ID: 227 and Survey ID: 25
Point: 5
Point validation passed for Member ID: 227 and Survey ID: 26
Point: 5
Point validation passed for Member ID: 227 and Survey ID: 47
Point: 20
Point validation passed for Member ID: 227 and Survey ID: 57
Point: 3
Point validation passed for Member ID: 227 and Survey ID: 61
Point: 0
Point validation passed for Member ID: 227 and Survey ID: 62
Point: 40
Point validation passed for Member ID: 227 and Survey ID: 64
Point: 5
Point validation passed for Member ID: 227 and Survey ID: 70
Point: 5
Point validation passed for Member ID: 227 and Survey ID: 74
Point: 50
Point validation passed for Member ID: 227 and Survey ID: 82
Point: 4
Point validation passed for Member ID: 227 and Survey ID: 88
Point: 0
Point validation passed for Member ID: 227 and Survey ID: 91
Point: 5
Point validation passed for Member ID: 227 and Survey ID: 97
Point: 35
Point validation passed for Member ID: 228 and Survey ID: 4
Point: 10
Point validation passed for Member ID: 228 and Survey ID: 9
Point: 35
Point validation passed for Member ID: 228 and Survey ID: 12
Point: 1
Point validation passed for Member ID: 228 and Survey ID: 25
Point: 5
Point validation passed for Member ID: 228 and Survey ID: 44
Point: 35
Point validation passed for Member ID: 228 and Survey ID: 53
Point: 20
Point validation passed for Member ID: 228 and Survey ID: 71
Point: 3
Point validation passed for Member ID: 228 and Survey ID: 76
Point: 40
Point validation passed for Member ID: 228 and Survey ID: 97
Point: 35
Point validation passed for Member ID: 229 and Survey ID: 2
Point: 4
Point validation passed for Member ID: 229 and Survey ID: 14
Point: 50
Point validation passed for Member ID: 229 and Survey ID: 22
Point: 40
Point validation passed for Member ID: 229 and Survey ID: 24
Point: 35
Point validation passed for Member ID: 229 and Survey ID: 50
Point: 35
Point validation passed for Member ID: 229 and Survey ID: 53
Point: 5
Point validation passed for Member ID: 229 and Survey ID: 54
Point: 25
Point validation passed for Member ID: 229 and Survey ID: 56
Point: 10
Point validation passed for Member ID: 229 and Survey ID: 63
Point: 0
Point validation passed for Member ID: 229 and Survey ID: 74
Point: 1
Point validation passed for Member ID: 229 and Survey ID: 84
Point: 25
Point validation passed for Member ID: 229 and Survey ID: 98
Point: 45
Point validation passed for Member ID: 230 and Survey ID: 1
Point: 5
Point validation passed for Member ID: 230 and Survey ID: 10
Point: 5
Point validation passed for Member ID: 230 and Survey ID: 21
Point: 50
Point validation passed for Member ID: 230 and Survey ID: 33
Point: 25
Point validation passed for Member ID: 230 and Survey ID: 48
Point: 40
Point validation passed for Member ID: 230 and Survey ID: 51
Point: 0
Point validation passed for Member ID: 230 and Survey ID: 54
Point: 25
Point validation passed for Member ID: 230 and Survey ID: 56
Point: 1
Point validation passed for Member ID: 230 and Survey ID: 67
Point: 35
Point validation passed for Member ID: 230 and Survey ID: 70
Point: 30
Point validation passed for Member ID: 230 and Survey ID: 92
Point: 45
Point validation passed for Member ID: 230 and Survey ID: 94
Point: 4
Point validation passed for Member ID: 230 and Survey ID: 97
Point: 1
Point validation passed for Member ID: 230 and Survey ID: 98
Point: 45
Point validation passed for Member ID: 230 and Survey ID: 100
Point: 10
Point validation passed for Member ID: 231 and Survey ID: 33
Point: 25
Point validation passed for Member ID: 231 and Survey ID: 37
Point: 25
Point validation passed for Member ID: 231 and Survey ID: 41
Point: 5
Point validation passed for Member ID: 231 and Survey ID: 52
Point: 40
Point validation passed for Member ID: 231 and Survey ID: 65
Point: 20
Point validation passed for Member ID: 231 and Survey ID: 70
Point: 5
Point validation passed for Member ID: 231 and Survey ID: 90
Point: 5
Point validation passed for Member ID: 232 and Survey ID: 21
Point: 50
Point validation passed for Member ID: 232 and Survey ID: 30
Point: 2
Point validation passed for Member ID: 232 and Survey ID: 51
Point: 15
Point validation passed for Member ID: 232 and Survey ID: 58
Point: 45
Point validation passed for Member ID: 232 and Survey ID: 63
Point: 0
Point validation passed for Member ID: 232 and Survey ID: 72
Point: 25
Point validation passed for Member ID: 232 and Survey ID: 77
Point: 25
Point validation passed for Member ID: 232 and Survey ID: 84
Point: 25
Point validation passed for Member ID: 232 and Survey ID: 89
Point: 1
Point validation passed for Member ID: 232 and Survey ID: 90
Point: 5
Point validation passed for Member ID: 232 and Survey ID: 92
Point: 45
Point validation passed for Member ID: 232 and Survey ID: 95
Point: 5
Point validation passed for Member ID: 232 and Survey ID: 100
Point: 0
Point validation passed for Member ID: 233 and Survey ID: 13
Point: 40
Point validation passed for Member ID: 233 and Survey ID: 28
Point: 0
Point validation passed for Member ID: 233 and Survey ID: 31
Point: 50
Point validation passed for Member ID: 233 and Survey ID: 43
Point: 30
Point validation passed for Member ID: 233 and Survey ID: 47
Point: 20
Point validation passed for Member ID: 233 and Survey ID: 62
Point: 40
Point validation passed for Member ID: 233 and Survey ID: 83
Point: 5
Point validation passed for Member ID: 233 and Survey ID: 86
Point: 4
Point validation passed for Member ID: 233 and Survey ID: 95
Point: 5
Point validation passed for Member ID: 233 and Survey ID: 100
Point: 10
Point validation passed for Member ID: 234 and Survey ID: 7
Point: 0
Point validation passed for Member ID: 234 and Survey ID: 9
Point: 35
Point validation passed for Member ID: 234 and Survey ID: 11
Point: 45
Point validation passed for Member ID: 234 and Survey ID: 12
Point: 5
Point validation passed for Member ID: 234 and Survey ID: 23
Point: 10
Point validation passed for Member ID: 234 and Survey ID: 30
Point: 2
Point validation passed for Member ID: 234 and Survey ID: 63
Point: 5
Point validation passed for Member ID: 234 and Survey ID: 67
Point: 35
Point validation passed for Member ID: 234 and Survey ID: 69
Point: 10
Point validation passed for Member ID: 234 and Survey ID: 77
Point: 25
Point validation passed for Member ID: 234 and Survey ID: 81
Point: 0
Point validation passed for Member ID: 235 and Survey ID: 1
Point: 5
Point validation passed for Member ID: 235 and Survey ID: 36
Point: 35
Point validation passed for Member ID: 235 and Survey ID: 39
Point: 2
Point validation passed for Member ID: 235 and Survey ID: 42
Point: 25
Point validation passed for Member ID: 235 and Survey ID: 45
Point: 0
Point validation passed for Member ID: 235 and Survey ID: 50
Point: 35
Point validation passed for Member ID: 235 and Survey ID: 61
Point: 40
Point validation passed for Member ID: 235 and Survey ID: 65
Point: 20
Point validation passed for Member ID: 235 and Survey ID: 66
Point: 15
Point validation passed for Member ID: 235 and Survey ID: 84
Point: 25
Point validation passed for Member ID: 235 and Survey ID: 93
Point: 45
Point validation passed for Member ID: 235 and Survey ID: 94
Point: 5
Point validation passed for Member ID: 236 and Survey ID: 2
Point: 15
Point validation passed for Member ID: 236 and Survey ID: 7
Point: 45
Point validation passed for Member ID: 236 and Survey ID: 28
Point: 10
Point validation passed for Member ID: 236 and Survey ID: 35
Point: 4
Point validation passed for Member ID: 236 and Survey ID: 63
Point: 5
Point validation passed for Member ID: 236 and Survey ID: 71
Point: 3
Point validation passed for Member ID: 236 and Survey ID: 77
Point: 25
Point validation passed for Member ID: 236 and Survey ID: 94
Point: 4
Point validation passed for Member ID: 237 and Survey ID: 20
Point: 0
Point validation passed for Member ID: 237 and Survey ID: 29
Point: 50
Point validation passed for Member ID: 237 and Survey ID: 49
Point: 35
Point validation passed for Member ID: 237 and Survey ID: 56
Point: 10
Point validation passed for Member ID: 237 and Survey ID: 68
Point: 5
Point validation passed for Member ID: 237 and Survey ID: 90
Point: 5
Point validation passed for Member ID: 237 and Survey ID: 93
Point: 45
Point validation passed for Member ID: 238 and Survey ID: 3
Point: 10
Point validation passed for Member ID: 238 and Survey ID: 6
Point: 0
Point validation passed for Member ID: 238 and Survey ID: 45
Point: 20
Point validation passed for Member ID: 238 and Survey ID: 79
Point: 20
Point validation passed for Member ID: 238 and Survey ID: 90
Point: 5
Point validation passed for Member ID: 239 and Survey ID: 16
Point: 45
Point validation passed for Member ID: 239 and Survey ID: 23
Point: 10
Point validation passed for Member ID: 239 and Survey ID: 32
Point: 0
Point validation passed for Member ID: 239 and Survey ID: 34
Point: 15
Point validation passed for Member ID: 239 and Survey ID: 43
Point: 5
Point validation passed for Member ID: 239 and Survey ID: 46
Point: 2
Point validation passed for Member ID: 239 and Survey ID: 47
Point: 20
Point validation passed for Member ID: 239 and Survey ID: 52
Point: 40
Point validation passed for Member ID: 239 and Survey ID: 58
Point: 45
Point validation passed for Member ID: 239 and Survey ID: 66
Point: 15
Point validation passed for Member ID: 239 and Survey ID: 73
Point: 15
Point validation passed for Member ID: 239 and Survey ID: 75
Point: 0
Point validation passed for Member ID: 239 and Survey ID: 85
Point: 25
Point validation passed for Member ID: 240 and Survey ID: 9
Point: 2
Point validation passed for Member ID: 240 and Survey ID: 14
Point: 50
Point validation passed for Member ID: 240 and Survey ID: 55
Point: 35
Point validation passed for Member ID: 240 and Survey ID: 59
Point: 2
Point validation passed for Member ID: 240 and Survey ID: 60
Point: 35
Point validation passed for Member ID: 240 and Survey ID: 62
Point: 0
Point validation passed for Member ID: 240 and Survey ID: 73
Point: 2
Point validation passed for Member ID: 240 and Survey ID: 79
Point: 0
Point validation passed for Member ID: 240 and Survey ID: 85
Point: 25
Point validation passed for Member ID: 241 and Survey ID: 3
Point: 10
Point validation passed for Member ID: 241 and Survey ID: 9
Point: 0
Point validation passed for Member ID: 241 and Survey ID: 26
Point: 5
Point validation passed for Member ID: 241 and Survey ID: 51
Point: 15
Point validation passed for Member ID: 241 and Survey ID: 60
Point: 2
Point validation passed for Member ID: 241 and Survey ID: 69
Point: 1
Point validation passed for Member ID: 241 and Survey ID: 74
Point: 50
Point validation passed for Member ID: 241 and Survey ID: 95
Point: 0
Point validation passed for Member ID: 241 and Survey ID: 96
Point: 0
Point validation passed for Member ID: 241 and Survey ID: 98
Point: 5
Point validation passed for Member ID: 242 and Survey ID: 4
Point: 1
Point validation passed for Member ID: 242 and Survey ID: 6
Point: 25
Point validation passed for Member ID: 242 and Survey ID: 7
Point: 45
Point validation passed for Member ID: 242 and Survey ID: 13
Point: 40
Point validation passed for Member ID: 242 and Survey ID: 23
Point: 10
Point validation passed for Member ID: 242 and Survey ID: 24
Point: 35
Point validation passed for Member ID: 242 and Survey ID: 60
Point: 2
Point validation passed for Member ID: 242 and Survey ID: 68
Point: 3
Point validation passed for Member ID: 242 and Survey ID: 94
Point: 5
Point validation passed for Member ID: 243 and Survey ID: 9
Point: 35
Point validation passed for Member ID: 243 and Survey ID: 27
Point: 1
Point validation passed for Member ID: 243 and Survey ID: 29
Point: 3
Point validation passed for Member ID: 243 and Survey ID: 33
Point: 25
Point validation passed for Member ID: 243 and Survey ID: 35
Point: 0
Point validation passed for Member ID: 243 and Survey ID: 40
Point: 10
Point validation passed for Member ID: 243 and Survey ID: 51
Point: 15
Point validation passed for Member ID: 243 and Survey ID: 59
Point: 40
Point validation passed for Member ID: 243 and Survey ID: 60
Point: 35
Point validation passed for Member ID: 243 and Survey ID: 70
Point: 30
Point validation passed for Member ID: 243 and Survey ID: 84
Point: 2
Point validation passed for Member ID: 243 and Survey ID: 86
Point: 30
Point validation passed for Member ID: 244 and Survey ID: 2
Point: 15
Point validation passed for Member ID: 244 and Survey ID: 5
Point: 4
Point validation passed for Member ID: 244 and Survey ID: 8
Point: 5
Point validation passed for Member ID: 244 and Survey ID: 18
Point: 4
Point validation passed for Member ID: 244 and Survey ID: 28
Point: 10
Point validation passed for Member ID: 244 and Survey ID: 41
Point: 5
Point validation passed for Member ID: 244 and Survey ID: 42
Point: 25
Point validation passed for Member ID: 244 and Survey ID: 46
Point: 10
Point validation passed for Member ID: 244 and Survey ID: 52
Point: 0
Point validation passed for Member ID: 244 and Survey ID: 53
Point: 20
Point validation passed for Member ID: 244 and Survey ID: 76
Point: 40
Point validation passed for Member ID: 244 and Survey ID: 94
Point: 4
Point validation passed for Member ID: 245 and Survey ID: 19
Point: 45
Point validation passed for Member ID: 245 and Survey ID: 24
Point: 35
Point validation passed for Member ID: 245 and Survey ID: 33
Point: 25
Point validation passed for Member ID: 245 and Survey ID: 43
Point: 30
Point validation passed for Member ID: 245 and Survey ID: 55
Point: 35
Point validation passed for Member ID: 245 and Survey ID: 66
Point: 3
Point validation passed for Member ID: 245 and Survey ID: 81
Point: 20
Point validation passed for Member ID: 246 and Survey ID: 1
Point: 5
Point validation passed for Member ID: 246 and Survey ID: 26
Point: 5
Point validation passed for Member ID: 246 and Survey ID: 50
Point: 35
Point validation passed for Member ID: 246 and Survey ID: 66
Point: 3
Point validation passed for Member ID: 246 and Survey ID: 68
Point: 5
Point validation passed for Member ID: 246 and Survey ID: 86
Point: 30
Point validation passed for Member ID: 246 and Survey ID: 89
Point: 10
Point validation passed for Member ID: 246 and Survey ID: 93
Point: 1
Point validation passed for Member ID: 246 and Survey ID: 95
Point: 15
Point validation passed for Member ID: 247 and Survey ID: 19
Point: 45
Point validation passed for Member ID: 247 and Survey ID: 32
Point: 40
Point validation passed for Member ID: 247 and Survey ID: 36
Point: 35
Point validation passed for Member ID: 247 and Survey ID: 39
Point: 40
Point validation passed for Member ID: 247 and Survey ID: 73
Point: 2
Point validation passed for Member ID: 247 and Survey ID: 96
Point: 50
Point validation passed for Member ID: 248 and Survey ID: 3
Point: 2
Point validation passed for Member ID: 248 and Survey ID: 4
Point: 0
Point validation passed for Member ID: 248 and Survey ID: 8
Point: 5
Point validation passed for Member ID: 248 and Survey ID: 9
Point: 35
Point validation passed for Member ID: 248 and Survey ID: 35
Point: 10
Point validation passed for Member ID: 248 and Survey ID: 44
Point: 35
Point validation passed for Member ID: 248 and Survey ID: 53
Point: 0
Point validation passed for Member ID: 248 and Survey ID: 64
Point: 10
Point validation passed for Member ID: 248 and Survey ID: 89
Point: 10
Point validation passed for Member ID: 248 and Survey ID: 99
Point: 25
Point validation passed for Member ID: 248 and Survey ID: 100
Point: 10
Point validation passed for Member ID: 249 and Survey ID: 10
Point: 5
Point validation passed for Member ID: 249 and Survey ID: 20
Point: 20
Point validation passed for Member ID: 249 and Survey ID: 22
Point: 0
Point validation passed for Member ID: 249 and Survey ID: 41
Point: 40
Point validation passed for Member ID: 249 and Survey ID: 42
Point: 25
Point validation passed for Member ID: 249 and Survey ID: 47
Point: 20
Point validation passed for Member ID: 249 and Survey ID: 80
Point: 45
Point validation passed for Member ID: 249 and Survey ID: 95
Point: 15
Point validation passed for Member ID: 249 and Survey ID: 98
Point: 45
Point validation passed for Member ID: 250 and Survey ID: 1
Point: 5
Point validation passed for Member ID: 250 and Survey ID: 3
Point: 10
Point validation passed for Member ID: 250 and Survey ID: 5
Point: 35
Point validation passed for Member ID: 250 and Survey ID: 35
Point: 10
Point validation passed for Member ID: 250 and Survey ID: 43
Point: 5
Point validation passed for Member ID: 250 and Survey ID: 70
Point: 30
Point validation passed for Member ID: 250 and Survey ID: 71
Point: 30
Point validation passed for Member ID: 250 and Survey ID: 74
Point: 50
Point validation passed for Member ID: 250 and Survey ID: 89
Point: 10
Point validation passed for Member ID: 250 and Survey ID: 97
Point: 35
Point validation passed for Member ID: 250 and Survey ID: 98
Point: 5
Point validation passed for Member ID: 251 and Survey ID: 1
Point: 5
Point validation passed for Member ID: 251 and Survey ID: 13
Point: 40
Point validation passed for Member ID: 251 and Survey ID: 16
Point: 45
Point validation passed for Member ID: 251 and Survey ID: 25
Point: 5
Point validation passed for Member ID: 251 and Survey ID: 35
Point: 0
Point validation passed for Member ID: 251 and Survey ID: 48
Point: 40
Point validation passed for Member ID: 251 and Survey ID: 49
Point: 4
Point validation passed for Member ID: 251 and Survey ID: 66
Point: 15
Point validation passed for Member ID: 251 and Survey ID: 72
Point: 25
Point validation passed for Member ID: 251 and Survey ID: 78
Point: 30
Point validation passed for Member ID: 251 and Survey ID: 90
Point: 0
Point validation passed for Member ID: 251 and Survey ID: 100
Point: 10
Point validation passed for Member ID: 252 and Survey ID: 19
Point: 45
Point validation passed for Member ID: 252 and Survey ID: 20
Point: 20
Point validation passed for Member ID: 252 and Survey ID: 39
Point: 2
Point validation passed for Member ID: 252 and Survey ID: 48
Point: 5
Point validation passed for Member ID: 252 and Survey ID: 49
Point: 35
Point validation passed for Member ID: 252 and Survey ID: 97
Point: 35
Point validation passed for Member ID: 253 and Survey ID: 3
Point: 10
Point validation passed for Member ID: 253 and Survey ID: 4
Point: 1
Point validation passed for Member ID: 253 and Survey ID: 29
Point: 3
Point validation passed for Member ID: 253 and Survey ID: 31
Point: 50
Point validation passed for Member ID: 253 and Survey ID: 37
Point: 25
Point validation passed for Member ID: 253 and Survey ID: 64
Point: 10
Point validation passed for Member ID: 253 and Survey ID: 71
Point: 30
Point validation passed for Member ID: 253 and Survey ID: 92
Point: 4
Point validation passed for Member ID: 254 and Survey ID: 20
Point: 5
Point validation passed for Member ID: 254 and Survey ID: 27
Point: 1
Point validation passed for Member ID: 254 and Survey ID: 40
Point: 0
Point validation passed for Member ID: 254 and Survey ID: 44
Point: 35
Point validation passed for Member ID: 254 and Survey ID: 62
Point: 40
Point validation passed for Member ID: 254 and Survey ID: 66
Point: 3
Point validation passed for Member ID: 254 and Survey ID: 67
Point: 35
Point validation passed for Member ID: 254 and Survey ID: 79
Point: 20
Point validation passed for Member ID: 254 and Survey ID: 83
Point: 5
Point validation passed for Member ID: 254 and Survey ID: 86
Point: 30
Point validation passed for Member ID: 254 and Survey ID: 91
Point: 5
Point validation passed for Member ID: 254 and Survey ID: 96
Point: 50
Point validation passed for Member ID: 255 and Survey ID: 9
Point: 35
Point validation passed for Member ID: 255 and Survey ID: 12
Point: 5
Point validation passed for Member ID: 255 and Survey ID: 17
Point: 15
Point validation passed for Member ID: 255 and Survey ID: 28
Point: 4
Point validation passed for Member ID: 255 and Survey ID: 35
Point: 4
Point validation passed for Member ID: 255 and Survey ID: 39
Point: 40
Point validation passed for Member ID: 255 and Survey ID: 48
Point: 5
Point validation passed for Member ID: 255 and Survey ID: 53
Point: 20
Point validation passed for Member ID: 255 and Survey ID: 54
Point: 25
Point validation passed for Member ID: 255 and Survey ID: 56
Point: 10
Point validation passed for Member ID: 255 and Survey ID: 64
Point: 10
Point validation passed for Member ID: 255 and Survey ID: 84
Point: 25
Point validation passed for Member ID: 255 and Survey ID: 90
Point: 5
Point validation passed for Member ID: 255 and Survey ID: 99
Point: 25
Point validation passed for Member ID: 256 and Survey ID: 9
Point: 35
Point validation passed for Member ID: 256 and Survey ID: 12
Point: 5
Point validation passed for Member ID: 256 and Survey ID: 41
Point: 40
Point validation passed for Member ID: 256 and Survey ID: 51
Point: 15
Point validation passed for Member ID: 256 and Survey ID: 67
Point: 35
Point validation passed for Member ID: 256 and Survey ID: 85
Point: 2
Point validation passed for Member ID: 256 and Survey ID: 86
Point: 30
Point validation passed for Member ID: 257 and Survey ID: 3
Point: 10
Point validation passed for Member ID: 257 and Survey ID: 7
Point: 45
Point validation passed for Member ID: 257 and Survey ID: 15
Point: 10
Point validation passed for Member ID: 257 and Survey ID: 35
Point: 10
Point validation passed for Member ID: 257 and Survey ID: 48
Point: 40
Point validation passed for Member ID: 257 and Survey ID: 53
Point: 20
Point validation passed for Member ID: 257 and Survey ID: 60
Point: 35
Point validation passed for Member ID: 257 and Survey ID: 62
Point: 40
Point validation passed for Member ID: 257 and Survey ID: 86
Point: 30
Point validation passed for Member ID: 257 and Survey ID: 100
Point: 3
Point validation passed for Member ID: 258 and Survey ID: 23
Point: 4
Point validation passed for Member ID: 258 and Survey ID: 39
Point: 40
Point validation passed for Member ID: 258 and Survey ID: 45
Point: 20
Point validation passed for Member ID: 258 and Survey ID: 53
Point: 20
Point validation passed for Member ID: 258 and Survey ID: 76
Point: 40
Point validation passed for Member ID: 258 and Survey ID: 93
Point: 45
Point validation passed for Member ID: 258 and Survey ID: 96
Point: 50
Point validation passed for Member ID: 259 and Survey ID: 29
Point: 50
Point validation passed for Member ID: 259 and Survey ID: 35
Point: 4
Point validation passed for Member ID: 259 and Survey ID: 50
Point: 35
Point validation passed for Member ID: 259 and Survey ID: 51
Point: 15
Point validation passed for Member ID: 259 and Survey ID: 52
Point: 40
Point validation passed for Member ID: 259 and Survey ID: 61
Point: 40
Point validation passed for Member ID: 259 and Survey ID: 76
Point: 40
Point validation passed for Member ID: 259 and Survey ID: 77
Point: 25
Point validation passed for Member ID: 259 and Survey ID: 81
Point: 20
Point validation passed for Member ID: 259 and Survey ID: 89
Point: 10
Point validation passed for Member ID: 260 and Survey ID: 7
Point: 45
Point validation passed for Member ID: 260 and Survey ID: 23
Point: 10
Point validation passed for Member ID: 260 and Survey ID: 32
Point: 40
Point validation passed for Member ID: 260 and Survey ID: 69
Point: 10
Point validation passed for Member ID: 260 and Survey ID: 76
Point: 40
Point validation passed for Member ID: 260 and Survey ID: 78
Point: 30
Point validation passed for Member ID: 260 and Survey ID: 97
Point: 35
Point validation passed for Member ID: 261 and Survey ID: 3
Point: 10
Point validation passed for Member ID: 261 and Survey ID: 35
Point: 10
Point validation passed for Member ID: 261 and Survey ID: 42
Point: 25
Point validation passed for Member ID: 261 and Survey ID: 43
Point: 5
Point validation passed for Member ID: 261 and Survey ID: 44
Point: 35
Point validation passed for Member ID: 261 and Survey ID: 45
Point: 20
Point validation passed for Member ID: 261 and Survey ID: 51
Point: 15
Point validation passed for Member ID: 261 and Survey ID: 72
Point: 25
Point validation passed for Member ID: 261 and Survey ID: 76
Point: 0
Point validation passed for Member ID: 261 and Survey ID: 87
Point: 15
Point validation passed for Member ID: 262 and Survey ID: 7
Point: 45
Point validation passed for Member ID: 262 and Survey ID: 28
Point: 10
Point validation passed for Member ID: 262 and Survey ID: 32
Point: 40
Point validation passed for Member ID: 262 and Survey ID: 35
Point: 10
Point validation passed for Member ID: 262 and Survey ID: 36
Point: 35
Point validation passed for Member ID: 262 and Survey ID: 44
Point: 0
Point validation passed for Member ID: 262 and Survey ID: 60
Point: 2
Point validation passed for Member ID: 262 and Survey ID: 71
Point: 30
Point validation passed for Member ID: 262 and Survey ID: 73
Point: 15
Point validation passed for Member ID: 262 and Survey ID: 79
Point: 5
Point validation passed for Member ID: 262 and Survey ID: 99
Point: 25
Point validation passed for Member ID: 263 and Survey ID: 13
Point: 0
Point validation passed for Member ID: 263 and Survey ID: 18
Point: 25
Point validation passed for Member ID: 263 and Survey ID: 33
Point: 25
Point validation passed for Member ID: 263 and Survey ID: 42
Point: 25
Point validation passed for Member ID: 263 and Survey ID: 48
Point: 40
Point validation passed for Member ID: 263 and Survey ID: 53
Point: 0
Point validation passed for Member ID: 263 and Survey ID: 61
Point: 40
Point validation passed for Member ID: 263 and Survey ID: 65
Point: 5
Point validation passed for Member ID: 263 and Survey ID: 73
Point: 15
Point validation passed for Member ID: 263 and Survey ID: 75
Point: 5
Point validation passed for Member ID: 263 and Survey ID: 92
Point: 45
Point validation passed for Member ID: 264 and Survey ID: 4
Point: 10
Point validation passed for Member ID: 264 and Survey ID: 15
Point: 1
Point validation passed for Member ID: 264 and Survey ID: 17
Point: 15
Point validation passed for Member ID: 264 and Survey ID: 24
Point: 35
Point validation passed for Member ID: 264 and Survey ID: 25
Point: 5
Point validation passed for Member ID: 264 and Survey ID: 38
Point: 30
Point validation passed for Member ID: 264 and Survey ID: 39
Point: 40
Point validation passed for Member ID: 264 and Survey ID: 43
Point: 5
Point validation passed for Member ID: 264 and Survey ID: 46
Point: 10
Point validation passed for Member ID: 264 and Survey ID: 49
Point: 35
Point validation passed for Member ID: 264 and Survey ID: 64
Point: 10
Point validation passed for Member ID: 264 and Survey ID: 72
Point: 25
Point validation passed for Member ID: 264 and Survey ID: 73
Point: 15
Point validation passed for Member ID: 264 and Survey ID: 74
Point: 50
Point validation passed for Member ID: 264 and Survey ID: 80
Point: 45
Point validation passed for Member ID: 264 and Survey ID: 81
Point: 20
Point validation passed for Member ID: 265 and Survey ID: 3
Point: 10
Point validation passed for Member ID: 265 and Survey ID: 11
Point: 45
Point validation passed for Member ID: 265 and Survey ID: 25
Point: 5
Point validation passed for Member ID: 265 and Survey ID: 47
Point: 20
Point validation passed for Member ID: 265 and Survey ID: 48
Point: 40
Point validation passed for Member ID: 265 and Survey ID: 56
Point: 10
Point validation passed for Member ID: 265 and Survey ID: 67
Point: 35
Point validation passed for Member ID: 265 and Survey ID: 74
Point: 50
Point validation passed for Member ID: 265 and Survey ID: 81
Point: 20
Point validation passed for Member ID: 265 and Survey ID: 83
Point: 5
Point validation passed for Member ID: 265 and Survey ID: 94
Point: 4
Point validation passed for Member ID: 266 and Survey ID: 48
Point: 40
Point validation passed for Member ID: 266 and Survey ID: 59
Point: 40
Point validation passed for Member ID: 266 and Survey ID: 62
Point: 0
Point validation passed for Member ID: 266 and Survey ID: 65
Point: 20
Point validation passed for Member ID: 266 and Survey ID: 67
Point: 35
Point validation passed for Member ID: 266 and Survey ID: 71
Point: 30
Point validation passed for Member ID: 266 and Survey ID: 83
Point: 5
Point validation passed for Member ID: 266 and Survey ID: 97
Point: 0
Point validation passed for Member ID: 267 and Survey ID: 5
Point: 35
Point validation passed for Member ID: 267 and Survey ID: 23
Point: 10
Point validation passed for Member ID: 267 and Survey ID: 27
Point: 15
Point validation passed for Member ID: 267 and Survey ID: 40
Point: 10
Point validation passed for Member ID: 267 and Survey ID: 54
Point: 25
Point validation passed for Member ID: 267 and Survey ID: 69
Point: 10
Point validation passed for Member ID: 267 and Survey ID: 84
Point: 25
Point validation passed for Member ID: 267 and Survey ID: 95
Point: 0
Point validation passed for Member ID: 267 and Survey ID: 96
Point: 5
Point validation passed for Member ID: 268 and Survey ID: 20
Point: 20
Point validation passed for Member ID: 268 and Survey ID: 34
Point: 15
Point validation passed for Member ID: 268 and Survey ID: 47
Point: 20
Point validation passed for Member ID: 268 and Survey ID: 78
Point: 30
Point validation passed for Member ID: 268 and Survey ID: 79
Point: 5
Point validation passed for Member ID: 268 and Survey ID: 88
Point: 30
Point validation passed for Member ID: 268 and Survey ID: 91
Point: 4
Point validation passed for Member ID: 269 and Survey ID: 7
Point: 3
Point validation passed for Member ID: 269 and Survey ID: 18
Point: 4
Point validation passed for Member ID: 269 and Survey ID: 35
Point: 10
Point validation passed for Member ID: 269 and Survey ID: 63
Point: 30
Point validation passed for Member ID: 269 and Survey ID: 80
Point: 1
Point validation passed for Member ID: 269 and Survey ID: 84
Point: 0
Point validation passed for Member ID: 269 and Survey ID: 88
Point: 30
Point validation passed for Member ID: 270 and Survey ID: 1
Point: 2
Point validation passed for Member ID: 270 and Survey ID: 5
Point: 35
Point validation passed for Member ID: 270 and Survey ID: 14
Point: 50
Point validation passed for Member ID: 270 and Survey ID: 16
Point: 3
Point validation passed for Member ID: 270 and Survey ID: 35
Point: 4
Point validation passed for Member ID: 270 and Survey ID: 45
Point: 20
Point validation passed for Member ID: 270 and Survey ID: 48
Point: 5
Point validation passed for Member ID: 270 and Survey ID: 61
Point: 4
Point validation passed for Member ID: 270 and Survey ID: 62
Point: 40
Point validation passed for Member ID: 270 and Survey ID: 68
Point: 5
Point validation passed for Member ID: 270 and Survey ID: 85
Point: 25
Point validation passed for Member ID: 270 and Survey ID: 87
Point: 15
Point validation passed for Member ID: 270 and Survey ID: 89
Point: 1
Point validation passed for Member ID: 270 and Survey ID: 99
Point: 3
Point validation passed for Member ID: 271 and Survey ID: 4
Point: 10
Point validation passed for Member ID: 271 and Survey ID: 7
Point: 3
Point validation passed for Member ID: 271 and Survey ID: 8
Point: 5
Point validation passed for Member ID: 271 and Survey ID: 9
Point: 0
Point validation passed for Member ID: 271 and Survey ID: 14
Point: 50
Point validation passed for Member ID: 271 and Survey ID: 32
Point: 40
Point validation passed for Member ID: 271 and Survey ID: 61
Point: 40
Point validation passed for Member ID: 271 and Survey ID: 71
Point: 30
Point validation passed for Member ID: 271 and Survey ID: 83
Point: 5
Point validation passed for Member ID: 271 and Survey ID: 85
Point: 0
Point validation passed for Member ID: 271 and Survey ID: 89
Point: 1
Point validation passed for Member ID: 271 and Survey ID: 91
Point: 5
Point validation passed for Member ID: 271 and Survey ID: 92
Point: 45
Point validation passed for Member ID: 272 and Survey ID: 12
Point: 5
Point validation passed for Member ID: 272 and Survey ID: 20
Point: 20
Point validation passed for Member ID: 272 and Survey ID: 28
Point: 10
Point validation passed for Member ID: 272 and Survey ID: 38
Point: 30
Point validation passed for Member ID: 272 and Survey ID: 53
Point: 20
Point validation passed for Member ID: 272 and Survey ID: 59
Point: 2
Point validation passed for Member ID: 272 and Survey ID: 62
Point: 40
Point validation passed for Member ID: 272 and Survey ID: 64
Point: 10
Point validation passed for Member ID: 272 and Survey ID: 66
Point: 15
Point validation passed for Member ID: 272 and Survey ID: 80
Point: 1
Point validation passed for Member ID: 272 and Survey ID: 84
Point: 25
Point validation passed for Member ID: 272 and Survey ID: 95
Point: 15
Point validation passed for Member ID: 272 and Survey ID: 97
Point: 0
Point validation passed for Member ID: 273 and Survey ID: 25
Point: 5
Point validation passed for Member ID: 273 and Survey ID: 55
Point: 35
Point validation passed for Member ID: 273 and Survey ID: 58
Point: 45
Point validation passed for Member ID: 273 and Survey ID: 62
Point: 40
Point validation passed for Member ID: 273 and Survey ID: 64
Point: 10
Point validation passed for Member ID: 273 and Survey ID: 100
Point: 10
Point validation passed for Member ID: 274 and Survey ID: 14
Point: 50
Point validation passed for Member ID: 274 and Survey ID: 27
Point: 15
Point validation passed for Member ID: 274 and Survey ID: 34
Point: 15
Point validation passed for Member ID: 274 and Survey ID: 54
Point: 4
Point validation passed for Member ID: 274 and Survey ID: 55
Point: 35
Point validation passed for Member ID: 274 and Survey ID: 57
Point: 45
Point validation passed for Member ID: 274 and Survey ID: 58
Point: 45
Point validation passed for Member ID: 274 and Survey ID: 64
Point: 5
Point validation passed for Member ID: 274 and Survey ID: 68
Point: 0
Point validation passed for Member ID: 274 and Survey ID: 76
Point: 40
Point validation passed for Member ID: 274 and Survey ID: 83
Point: 5
Point validation passed for Member ID: 275 and Survey ID: 13
Point: 3
Point validation passed for Member ID: 275 and Survey ID: 25
Point: 5
Point validation passed for Member ID: 275 and Survey ID: 39
Point: 2
Point validation passed for Member ID: 275 and Survey ID: 40
Point: 10
Point validation passed for Member ID: 275 and Survey ID: 42
Point: 25
Point validation passed for Member ID: 275 and Survey ID: 63
Point: 30
Point validation passed for Member ID: 275 and Survey ID: 76
Point: 5
Point validation passed for Member ID: 275 and Survey ID: 77
Point: 25
Point validation passed for Member ID: 275 and Survey ID: 91
Point: 0
Point validation passed for Member ID: 276 and Survey ID: 1
Point: 5
Point validation passed for Member ID: 276 and Survey ID: 12
Point: 1
Point validation passed for Member ID: 276 and Survey ID: 34
Point: 5
Point validation passed for Member ID: 276 and Survey ID: 38
Point: 30
Point validation passed for Member ID: 276 and Survey ID: 43
Point: 5
Point validation passed for Member ID: 276 and Survey ID: 59
Point: 40
Point validation passed for Member ID: 276 and Survey ID: 66
Point: 15
Point validation passed for Member ID: 276 and Survey ID: 73
Point: 15
Point validation passed for Member ID: 276 and Survey ID: 78
Point: 30
Point validation passed for Member ID: 276 and Survey ID: 79
Point: 20
Point validation passed for Member ID: 276 and Survey ID: 87
Point: 15
Point validation passed for Member ID: 276 and Survey ID: 91
Point: 5
Point validation passed for Member ID: 277 and Survey ID: 18
Point: 0
Point validation passed for Member ID: 277 and Survey ID: 19
Point: 45
Point validation passed for Member ID: 277 and Survey ID: 38
Point: 30
Point validation passed for Member ID: 277 and Survey ID: 44
Point: 35
Point validation passed for Member ID: 277 and Survey ID: 45
Point: 20
Point validation passed for Member ID: 277 and Survey ID: 72
Point: 25
Point validation passed for Member ID: 277 and Survey ID: 73
Point: 15
Point validation passed for Member ID: 277 and Survey ID: 74
Point: 50
Point validation passed for Member ID: 277 and Survey ID: 95
Point: 15
Point validation passed for Member ID: 278 and Survey ID: 5
Point: 4
Point validation passed for Member ID: 278 and Survey ID: 17
Point: 15
Point validation passed for Member ID: 278 and Survey ID: 22
Point: 0
Point validation passed for Member ID: 278 and Survey ID: 35
Point: 4
Point validation passed for Member ID: 278 and Survey ID: 47
Point: 20
Point validation passed for Member ID: 278 and Survey ID: 49
Point: 35
Point validation passed for Member ID: 278 and Survey ID: 55
Point: 35
Point validation passed for Member ID: 278 and Survey ID: 63
Point: 5
Point validation passed for Member ID: 278 and Survey ID: 64
Point: 0
Point validation passed for Member ID: 278 and Survey ID: 68
Point: 5
Point validation passed for Member ID: 278 and Survey ID: 87
Point: 15
Point validation passed for Member ID: 279 and Survey ID: 6
Point: 25
Point validation passed for Member ID: 279 and Survey ID: 48
Point: 5
Point validation passed for Member ID: 279 and Survey ID: 50
Point: 5
Point validation passed for Member ID: 279 and Survey ID: 93
Point: 0
Point validation passed for Member ID: 280 and Survey ID: 6
Point: 25
Point validation passed for Member ID: 280 and Survey ID: 14
Point: 2
Point validation passed for Member ID: 280 and Survey ID: 17
Point: 15
Point validation passed for Member ID: 280 and Survey ID: 87
Point: 4
Point validation passed for Member ID: 280 and Survey ID: 97
Point: 35
Point validation passed for Member ID: 281 and Survey ID: 27
Point: 15
Point validation passed for Member ID: 281 and Survey ID: 38
Point: 30
Point validation passed for Member ID: 281 and Survey ID: 39
Point: 40
Point validation passed for Member ID: 281 and Survey ID: 63
Point: 30
Point validation passed for Member ID: 281 and Survey ID: 65
Point: 20
Point validation passed for Member ID: 281 and Survey ID: 67
Point: 35
Point validation passed for Member ID: 281 and Survey ID: 71
Point: 30
Point validation passed for Member ID: 281 and Survey ID: 77
Point: 25
Point validation passed for Member ID: 281 and Survey ID: 95
Point: 0
Point validation passed for Member ID: 282 and Survey ID: 23
Point: 10
Point validation passed for Member ID: 282 and Survey ID: 24
Point: 1
Point validation passed for Member ID: 282 and Survey ID: 38
Point: 30
Point validation passed for Member ID: 282 and Survey ID: 54
Point: 25
Point validation passed for Member ID: 282 and Survey ID: 68
Point: 5
Point validation passed for Member ID: 282 and Survey ID: 69
Point: 1
Point validation passed for Member ID: 282 and Survey ID: 77
Point: 1
Point validation passed for Member ID: 282 and Survey ID: 84
Point: 25
Point validation passed for Member ID: 282 and Survey ID: 87
Point: 15
Point validation passed for Member ID: 282 and Survey ID: 89
Point: 10
Point validation passed for Member ID: 282 and Survey ID: 92
Point: 45
Point validation passed for Member ID: 282 and Survey ID: 100
Point: 10
Point validation passed for Member ID: 283 and Survey ID: 4
Point: 10
Point validation passed for Member ID: 283 and Survey ID: 7
Point: 45
Point validation passed for Member ID: 283 and Survey ID: 10
Point: 0
Point validation passed for Member ID: 283 and Survey ID: 31
Point: 50
Point validation passed for Member ID: 283 and Survey ID: 32
Point: 40
Point validation passed for Member ID: 283 and Survey ID: 36
Point: 35
Point validation passed for Member ID: 283 and Survey ID: 37
Point: 25
Point validation passed for Member ID: 283 and Survey ID: 60
Point: 2
Point validation passed for Member ID: 283 and Survey ID: 64
Point: 10
Point validation passed for Member ID: 283 and Survey ID: 68
Point: 5
Point validation passed for Member ID: 283 and Survey ID: 76
Point: 0
Point validation passed for Member ID: 283 and Survey ID: 82
Point: 35
Point validation passed for Member ID: 283 and Survey ID: 84
Point: 0
Point validation passed for Member ID: 283 and Survey ID: 89
Point: 10
Point validation passed for Member ID: 283 and Survey ID: 100
Point: 10
Point validation passed for Member ID: 284 and Survey ID: 15
Point: 10
Point validation passed for Member ID: 284 and Survey ID: 18
Point: 25
Point validation passed for Member ID: 284 and Survey ID: 30
Point: 25
Point validation passed for Member ID: 284 and Survey ID: 38
Point: 30
Point validation passed for Member ID: 284 and Survey ID: 47
Point: 20
Point validation passed for Member ID: 284 and Survey ID: 56
Point: 1
Point validation passed for Member ID: 284 and Survey ID: 59
Point: 2
Point validation passed for Member ID: 284 and Survey ID: 60
Point: 35
Point validation passed for Member ID: 284 and Survey ID: 69
Point: 10
Point validation passed for Member ID: 284 and Survey ID: 75
Point: 10
Point validation passed for Member ID: 284 and Survey ID: 81
Point: 1
Point validation passed for Member ID: 284 and Survey ID: 88
Point: 30
Point validation passed for Member ID: 285 and Survey ID: 9
Point: 2
Point validation passed for Member ID: 285 and Survey ID: 12
Point: 5
Point validation passed for Member ID: 285 and Survey ID: 24
Point: 35
Point validation passed for Member ID: 285 and Survey ID: 34
Point: 15
Point validation passed for Member ID: 285 and Survey ID: 44
Point: 0
Point validation passed for Member ID: 285 and Survey ID: 45
Point: 0
Point validation passed for Member ID: 285 and Survey ID: 68
Point: 5
Point validation passed for Member ID: 285 and Survey ID: 90
Point: 5
Point validation passed for Member ID: 286 and Survey ID: 17
Point: 0
Point validation passed for Member ID: 286 and Survey ID: 18
Point: 0
Point validation passed for Member ID: 286 and Survey ID: 28
Point: 10
Point validation passed for Member ID: 286 and Survey ID: 32
Point: 40
Point validation passed for Member ID: 286 and Survey ID: 46
Point: 2
Point validation passed for Member ID: 286 and Survey ID: 51
Point: 15
Point validation passed for Member ID: 286 and Survey ID: 58
Point: 45
Point validation passed for Member ID: 286 and Survey ID: 67
Point: 35
Point validation passed for Member ID: 286 and Survey ID: 74
Point: 50
Point validation passed for Member ID: 286 and Survey ID: 77
Point: 25
Point validation passed for Member ID: 286 and Survey ID: 87
Point: 15
Point validation passed for Member ID: 286 and Survey ID: 91
Point: 5
Point validation passed for Member ID: 286 and Survey ID: 92
Point: 45
Point validation passed for Member ID: 287 and Survey ID: 8
Point: 5
Point validation passed for Member ID: 287 and Survey ID: 18
Point: 0
Point validation passed for Member ID: 287 and Survey ID: 33
Point: 25
Point validation passed for Member ID: 287 and Survey ID: 50
Point: 35
Point validation passed for Member ID: 287 and Survey ID: 56
Point: 10
Point validation passed for Member ID: 287 and Survey ID: 58
Point: 45
Point validation passed for Member ID: 287 and Survey ID: 73
Point: 0
Point validation passed for Member ID: 287 and Survey ID: 88
Point: 30
Point validation passed for Member ID: 287 and Survey ID: 98
Point: 5
Point validation passed for Member ID: 288 and Survey ID: 10
Point: 5
Point validation passed for Member ID: 288 and Survey ID: 27
Point: 1
Point validation passed for Member ID: 288 and Survey ID: 60
Point: 2
Point validation passed for Member ID: 288 and Survey ID: 71
Point: 3
Point validation passed for Member ID: 288 and Survey ID: 84
Point: 25
Point validation passed for Member ID: 288 and Survey ID: 86
Point: 4
Point validation passed for Member ID: 288 and Survey ID: 98
Point: 45
Point validation passed for Member ID: 288 and Survey ID: 100
Point: 10
Point validation passed for Member ID: 289 and Survey ID: 9
Point: 35
Point validation passed for Member ID: 289 and Survey ID: 12
Point: 5
Point validation passed for Member ID: 289 and Survey ID: 15
Point: 10
Point validation passed for Member ID: 289 and Survey ID: 16
Point: 45
Point validation passed for Member ID: 289 and Survey ID: 19
Point: 5
Point validation passed for Member ID: 289 and Survey ID: 30
Point: 25
Point validation passed for Member ID: 289 and Survey ID: 33
Point: 25
Point validation passed for Member ID: 289 and Survey ID: 35
Point: 10
Point validation passed for Member ID: 289 and Survey ID: 51
Point: 2
Point validation passed for Member ID: 289 and Survey ID: 78
Point: 3
Point validation passed for Member ID: 289 and Survey ID: 79
Point: 20
Point validation passed for Member ID: 289 and Survey ID: 82
Point: 0
Point validation passed for Member ID: 289 and Survey ID: 84
Point: 25
Point validation passed for Member ID: 290 and Survey ID: 1
Point: 5
Point validation passed for Member ID: 290 and Survey ID: 11
Point: 45
Point validation passed for Member ID: 290 and Survey ID: 20
Point: 20
Point validation passed for Member ID: 290 and Survey ID: 23
Point: 0
Point validation passed for Member ID: 290 and Survey ID: 24
Point: 35
Point validation passed for Member ID: 290 and Survey ID: 37
Point: 25
Point validation passed for Member ID: 290 and Survey ID: 41
Point: 40
Point validation passed for Member ID: 290 and Survey ID: 61
Point: 0
Point validation passed for Member ID: 290 and Survey ID: 63
Point: 30
Point validation passed for Member ID: 290 and Survey ID: 73
Point: 2
Point validation passed for Member ID: 290 and Survey ID: 83
Point: 5
Point validation passed for Member ID: 290 and Survey ID: 86
Point: 30
Point validation passed for Member ID: 291 and Survey ID: 11
Point: 45
Point validation passed for Member ID: 291 and Survey ID: 15
Point: 10
Point validation passed for Member ID: 291 and Survey ID: 19
Point: 45
Point validation passed for Member ID: 291 and Survey ID: 24
Point: 35
Point validation passed for Member ID: 291 and Survey ID: 27
Point: 15
Point validation passed for Member ID: 291 and Survey ID: 46
Point: 10
Point validation passed for Member ID: 291 and Survey ID: 52
Point: 3
Point validation passed for Member ID: 291 and Survey ID: 53
Point: 5
Point validation passed for Member ID: 291 and Survey ID: 69
Point: 10
Point validation passed for Member ID: 291 and Survey ID: 74
Point: 0
Point validation passed for Member ID: 291 and Survey ID: 78
Point: 30
Point validation passed for Member ID: 291 and Survey ID: 80
Point: 0
Point validation passed for Member ID: 291 and Survey ID: 85
Point: 25
Point validation passed for Member ID: 291 and Survey ID: 95
Point: 0
Point validation passed for Member ID: 292 and Survey ID: 4
Point: 0
Point validation passed for Member ID: 292 and Survey ID: 27
Point: 15
Point validation passed for Member ID: 292 and Survey ID: 40
Point: 5
Point validation passed for Member ID: 292 and Survey ID: 41
Point: 40
Point validation passed for Member ID: 292 and Survey ID: 46
Point: 10
Point validation passed for Member ID: 292 and Survey ID: 47
Point: 20
Point validation passed for Member ID: 292 and Survey ID: 59
Point: 40
Point validation passed for Member ID: 292 and Survey ID: 86
Point: 30
Point validation passed for Member ID: 292 and Survey ID: 89
Point: 10
Point validation passed for Member ID: 292 and Survey ID: 95
Point: 5
Point validation passed for Member ID: 292 and Survey ID: 96
Point: 50
Point validation passed for Member ID: 293 and Survey ID: 10
Point: 5
Point validation passed for Member ID: 293 and Survey ID: 25
Point: 5
Point validation passed for Member ID: 293 and Survey ID: 27
Point: 15
Point validation passed for Member ID: 293 and Survey ID: 38
Point: 1
Point validation passed for Member ID: 293 and Survey ID: 42
Point: 0
Point validation passed for Member ID: 293 and Survey ID: 52
Point: 40
Point validation passed for Member ID: 293 and Survey ID: 53
Point: 5
Point validation passed for Member ID: 293 and Survey ID: 67
Point: 35
Point validation passed for Member ID: 293 and Survey ID: 68
Point: 5
Point validation passed for Member ID: 293 and Survey ID: 69
Point: 1
Point validation passed for Member ID: 293 and Survey ID: 79
Point: 20
Point validation passed for Member ID: 293 and Survey ID: 82
Point: 35
Point validation passed for Member ID: 293 and Survey ID: 93
Point: 45
Point validation passed for Member ID: 294 and Survey ID: 14
Point: 50
Point validation passed for Member ID: 294 and Survey ID: 31
Point: 2
Point validation passed for Member ID: 294 and Survey ID: 49
Point: 4
Point validation passed for Member ID: 294 and Survey ID: 50
Point: 35
Point validation passed for Member ID: 294 and Survey ID: 59
Point: 40
Point validation passed for Member ID: 294 and Survey ID: 62
Point: 40
Point validation passed for Member ID: 294 and Survey ID: 75
Point: 5
Point validation passed for Member ID: 294 and Survey ID: 86
Point: 0
Point validation passed for Member ID: 294 and Survey ID: 89
Point: 0
Point validation passed for Member ID: 295 and Survey ID: 2
Point: 15
Point validation passed for Member ID: 295 and Survey ID: 30
Point: 25
Point validation passed for Member ID: 295 and Survey ID: 48
Point: 40
Point validation passed for Member ID: 295 and Survey ID: 62
Point: 40
Point validation passed for Member ID: 295 and Survey ID: 69
Point: 0
Point validation passed for Member ID: 295 and Survey ID: 70
Point: 5
Point validation passed for Member ID: 295 and Survey ID: 84
Point: 2
Point validation passed for Member ID: 295 and Survey ID: 86
Point: 0
Point validation passed for Member ID: 296 and Survey ID: 2
Point: 4
Point validation passed for Member ID: 296 and Survey ID: 10
Point: 5
Point validation passed for Member ID: 296 and Survey ID: 26
Point: 5
Point validation passed for Member ID: 296 and Survey ID: 28
Point: 10
Point validation passed for Member ID: 296 and Survey ID: 34
Point: 15
Point validation passed for Member ID: 296 and Survey ID: 35
Point: 10
Point validation passed for Member ID: 296 and Survey ID: 37
Point: 2
Point validation passed for Member ID: 296 and Survey ID: 38
Point: 30
Point validation passed for Member ID: 296 and Survey ID: 39
Point: 40
Point validation passed for Member ID: 296 and Survey ID: 69
Point: 10
Point validation passed for Member ID: 296 and Survey ID: 80
Point: 45
Point validation passed for Member ID: 296 and Survey ID: 83
Point: 5
Point validation passed for Member ID: 296 and Survey ID: 87
Point: 4
Point validation passed for Member ID: 297 and Survey ID: 9
Point: 35
Point validation passed for Member ID: 297 and Survey ID: 10
Point: 5
Point validation passed for Member ID: 297 and Survey ID: 21
Point: 3
Point validation passed for Member ID: 297 and Survey ID: 37
Point: 2
Point validation passed for Member ID: 297 and Survey ID: 51
Point: 15
Point validation passed for Member ID: 297 and Survey ID: 62
Point: 0
Point validation passed for Member ID: 297 and Survey ID: 68
Point: 5
Point validation passed for Member ID: 297 and Survey ID: 69
Point: 0
Point validation passed for Member ID: 297 and Survey ID: 76
Point: 40
Point validation passed for Member ID: 297 and Survey ID: 78
Point: 30
Point validation passed for Member ID: 297 and Survey ID: 90
Point: 5
Point validation passed for Member ID: 297 and Survey ID: 92
Point: 4
Point validation passed for Member ID: 298 and Survey ID: 15
Point: 10
Point validation passed for Member ID: 298 and Survey ID: 18
Point: 25
Point validation passed for Member ID: 298 and Survey ID: 21
Point: 0
Point validation passed for Member ID: 298 and Survey ID: 38
Point: 1
Point validation passed for Member ID: 298 and Survey ID: 96
Point: 50
Point validation passed for Member ID: 298 and Survey ID: 100
Point: 10
Point validation passed for Member ID: 299 and Survey ID: 3
Point: 10
Point validation passed for Member ID: 299 and Survey ID: 24
Point: 35
Point validation passed for Member ID: 299 and Survey ID: 52
Point: 40
Point validation passed for Member ID: 299 and Survey ID: 55
Point: 35
Point validation passed for Member ID: 300 and Survey ID: 5
Point: 35
Point validation passed for Member ID: 300 and Survey ID: 12
Point: 5
Point validation passed for Member ID: 300 and Survey ID: 24
Point: 35
Point validation passed for Member ID: 300 and Survey ID: 46
Point: 0
Point validation passed for Member ID: 300 and Survey ID: 53
Point: 20
]]></system-out>
  </testcase>
</testsuite>