<?xml version="1.0" encoding="UTF-8"?>
<testsuite xmlns:xsi="http://www.w3.org/2001/XMLSchema-instance" xsi:noNamespaceSchemaLocation="https://maven.apache.org/surefire/maven-surefire-plugin/xsd/surefire-test-report.xsd" version="3.0.2" name="tests.integration.SurveysOfMemberTest" time="17.454" tests="1" errors="0" skipped="0" failures="0">
  <properties>
    <property name="awt.toolkit" value="sun.awt.X11.XToolkit"/>
    <property name="java.specification.version" value="11"/>
    <property name="sun.cpu.isalist" value=""/>
    <property name="sun.jnu.encoding" value="UTF-8"/>
    <property name="java.class.path" value="/home/runner/work/survey_QA/survey_QA/target/test-classes:/home/runner/work/survey_QA/survey_QA/target/classes:/home/runner/.m2/repository/org/junit/jupiter/junit-jupiter/5.10.0/junit-jupiter-5.10.0.jar:/home/runner/.m2/repository/org/junit/jupiter/junit-jupiter-api/5.10.0/junit-jupiter-api-5.10.0.jar:/home/runner/.m2/repository/org/opentest4j/opentest4j/1.3.0/opentest4j-1.3.0.jar:/home/runner/.m2/repository/org/junit/platform/junit-platform-commons/1.10.0/junit-platform-commons-1.10.0.jar:/home/runner/.m2/repository/org/apiguardian/apiguardian-api/1.1.2/apiguardian-api-1.1.2.jar:/home/runner/.m2/repository/org/junit/jupiter/junit-jupiter-params/5.10.0/junit-jupiter-params-5.10.0.jar:/home/runner/.m2/repository/org/junit/jupiter/junit-jupiter-engine/5.10.0/junit-jupiter-engine-5.10.0.jar:/home/runner/.m2/repository/org/junit/platform/junit-platform-engine/1.10.0/junit-platform-engine-1.10.0.jar:/home/runner/.m2/repository/io/qameta/allure/allure-junit5/2.24.0/allure-junit5-2.24.0.jar:/home/runner/.m2/repository/io/qameta/allure/allure-junit-platform/2.24.0/allure-junit-platform-2.24.0.jar:/home/runner/.m2/repository/io/qameta/allure/allure-java-commons/2.24.0/allure-java-commons-2.24.0.jar:/home/runner/.m2/repository/io/qameta/allure/allure-model/2.24.0/allure-model-2.24.0.jar:/home/runner/.m2/repository/io/qameta/allure/allure-test-filter/2.24.0/allure-test-filter-2.24.0.jar:/home/runner/.m2/repository/org/junit/platform/junit-platform-launcher/1.9.2/junit-platform-launcher-1.9.2.jar:/home/runner/.m2/repository/io/rest-assured/rest-assured/5.3.0/rest-assured-5.3.0.jar:/home/runner/.m2/repository/org/apache/groovy/groovy/4.0.6/groovy-4.0.6.jar:/home/runner/.m2/repository/org/apache/groovy/groovy-xml/4.0.6/groovy-xml-4.0.6.jar:/home/runner/.m2/repository/org/apache/httpcomponents/httpclient/4.5.13/httpclient-4.5.13.jar:/home/runner/.m2/repository/org/apache/httpcomponents/httpcore/4.4.13/httpcore-4.4.13.jar:/home/runner/.m2/repository/commons-logging/commons-logging/1.2/commons-logging-1.2.jar:/home/runner/.m2/repository/commons-codec/commons-codec/1.11/commons-codec-1.11.jar:/home/runner/.m2/repository/org/apache/httpcomponents/httpmime/4.5.13/httpmime-4.5.13.jar:/home/runner/.m2/repository/org/hamcrest/hamcrest/2.1/hamcrest-2.1.jar:/home/runner/.m2/repository/org/ccil/cowan/tagsoup/tagsoup/1.2.1/tagsoup-1.2.1.jar:/home/runner/.m2/repository/io/rest-assured/xml-path/5.3.0/xml-path-5.3.0.jar:/home/runner/.m2/repository/org/apache/commons/commons-lang3/3.11/commons-lang3-3.11.jar:/home/runner/.m2/repository/io/qameta/allure/allure-rest-assured/2.24.0/allure-rest-assured-2.24.0.jar:/home/runner/.m2/repository/io/qameta/allure/allure-attachments/2.24.0/allure-attachments-2.24.0.jar:/home/runner/.m2/repository/org/freemarker/freemarker/2.3.31/freemarker-2.3.31.jar:/home/runner/.m2/repository/org/slf4j/slf4j-api/1.7.32/slf4j-api-1.7.32.jar:/home/runner/.m2/repository/ch/qos/logback/logback-classic/1.2.6/logback-classic-1.2.6.jar:/home/runner/.m2/repository/ch/qos/logback/logback-core/1.2.6/logback-core-1.2.6.jar:/home/runner/.m2/repository/org/apache/commons/commons-csv/1.9.0/commons-csv-1.9.0.jar:/home/runner/.m2/repository/io/rest-assured/json-path/5.1.1/json-path-5.1.1.jar:/home/runner/.m2/repository/org/apache/groovy/groovy-json/4.0.1/groovy-json-4.0.1.jar:/home/runner/.m2/repository/io/rest-assured/rest-assured-common/5.1.1/rest-assured-common-5.1.1.jar:/home/runner/.m2/repository/io/rest-assured/json-schema-validator/5.3.0/json-schema-validator-5.3.0.jar:/home/runner/.m2/repository/com/github/java-json-tools/json-schema-validator/2.2.14/json-schema-validator-2.2.14.jar:/home/runner/.m2/repository/com/google/guava/guava/28.2-android/guava-28.2-android.jar:/home/runner/.m2/repository/com/google/guava/failureaccess/1.0.1/failureaccess-1.0.1.jar:/home/runner/.m2/repository/com/google/guava/listenablefuture/9999.0-empty-to-avoid-conflict-with-guava/listenablefuture-9999.0-empty-to-avoid-conflict-with-guava.jar:/home/runner/.m2/repository/org/checkerframework/checker-compat-qual/2.5.5/checker-compat-qual-2.5.5.jar:/home/runner/.m2/repository/com/google/j2objc/j2objc-annotations/1.3/j2objc-annotations-1.3.jar:/home/runner/.m2/repository/com/github/java-json-tools/jackson-coreutils-equivalence/1.0/jackson-coreutils-equivalence-1.0.jar:/home/runner/.m2/repository/com/github/java-json-tools/jackson-coreutils/2.0/jackson-coreutils-2.0.jar:/home/runner/.m2/repository/com/github/java-json-tools/msg-simple/1.2/msg-simple-1.2.jar:/home/runner/.m2/repository/com/github/java-json-tools/btf/1.3/btf-1.3.jar:/home/runner/.m2/repository/com/github/java-json-tools/json-schema-core/1.2.14/json-schema-core-1.2.14.jar:/home/runner/.m2/repository/com/github/java-json-tools/uri-template/0.10/uri-template-0.10.jar:/home/runner/.m2/repository/org/mozilla/rhino/1.7.7.2/rhino-1.7.7.2.jar:/home/runner/.m2/repository/com/sun/mail/mailapi/1.6.2/mailapi-1.6.2.jar:/home/runner/.m2/repository/joda-time/joda-time/2.10.5/joda-time-2.10.5.jar:/home/runner/.m2/repository/com/googlecode/libphonenumber/libphonenumber/8.11.1/libphonenumber-8.11.1.jar:/home/runner/.m2/repository/com/google/code/findbugs/jsr305/3.0.2/jsr305-3.0.2.jar:/home/runner/.m2/repository/net/sf/jopt-simple/jopt-simple/5.0.4/jopt-simple-5.0.4.jar:/home/runner/.m2/repository/io/gatling/highcharts/gatling-charts-highcharts/3.13.4/gatling-charts-highcharts-3.13.4.jar:/home/runner/.m2/repository/org/scala-lang/scala-library/2.13.16/scala-library-2.13.16.jar:/home/runner/.m2/repository/io/gatling/gatling-recorder/3.13.4/gatling-recorder-3.13.4.jar:/home/runner/.m2/repository/org/scala-lang/modules/scala-swing_2.13/3.0.0/scala-swing_2.13-3.0.0.jar:/home/runner/.m2/repository/io/gatling/gatling-recorder-bc-shaded/1.80.0/gatling-recorder-bc-shaded-1.80.0.jar:/home/runner/.m2/repository/io/netty/netty-codec-http/4.1.118.Final/netty-codec-http-4.1.118.Final.jar:/home/runner/.m2/repository/io/gatling/gatling-app/3.13.4/gatling-app-3.13.4.jar:/home/runner/.m2/repository/io/gatling/gatling-core-java/3.13.4/gatling-core-java-3.13.4.jar:/home/runner/.m2/repository/net/jodah/typetools/0.6.3/typetools-0.6.3.jar:/home/runner/.m2/repository/com/github/spotbugs/spotbugs-annotations/4.9.1/spotbugs-annotations-4.9.1.jar:/home/runner/.m2/repository/io/gatling/gatling-http-java/3.13.4/gatling-http-java-3.13.4.jar:/home/runner/.m2/repository/io/gatling/gatling-jms/3.13.4/gatling-jms-3.13.4.jar:/home/runner/.m2/repository/javax/jms/javax.jms-api/2.0.1/javax.jms-api-2.0.1.jar:/home/runner/.m2/repository/com/eatthepath/fast-uuid/0.2.0/fast-uuid-0.2.0.jar:/home/runner/.m2/repository/io/gatling/gatling-jms-java/3.13.4/gatling-jms-java-3.13.4.jar:/home/runner/.m2/repository/io/gatling/gatling-jdbc/3.13.4/gatling-jdbc-3.13.4.jar:/home/runner/.m2/repository/io/gatling/gatling-jdbc-java/3.13.4/gatling-jdbc-java-3.13.4.jar:/home/runner/.m2/repository/io/gatling/gatling-redis/3.13.4/gatling-redis-3.13.4.jar:/home/runner/.m2/repository/net/debasishg/redisclient_2.13/3.42/redisclient_2.13-3.42.jar:/home/runner/.m2/repository/org/apache/commons/commons-pool2/2.8.0/commons-pool2-2.8.0.jar:/home/runner/.m2/repository/io/gatling/gatling-redis-java/3.13.4/gatling-redis-java-3.13.4.jar:/home/runner/.m2/repository/io/gatling/gatling-charts/3.13.4/gatling-charts-3.13.4.jar:/home/runner/.m2/repository/com/tdunning/t-digest/3.3/t-digest-3.3.jar:/home/runner/.m2/repository/io/gatling/gatling-core/3.13.4/gatling-core-3.13.4.jar:/home/runner/.m2/repository/io/gatling/gatling-netty-util/3.13.4/gatling-netty-util-3.13.4.jar:/home/runner/.m2/repository/io/gatling/gatling-shared-util_2.13/0.0.12/gatling-shared-util_2.13-0.0.12.jar:/home/runner/.m2/repository/org/scala-lang/modules/scala-collection-compat_2.13/2.12.0/scala-collection-compat_2.13-2.12.0.jar:/home/runner/.m2/repository/io/netty/netty-buffer/4.1.118.Final/netty-buffer-4.1.118.Final.jar:/home/runner/.m2/repository/io/netty/netty-transport-native-epoll/4.1.118.Final/netty-transport-native-epoll-4.1.118.Final-linux-x86_64.jar:/home/runner/.m2/repository/io/netty/netty-transport-classes-epoll/4.1.118.Final/netty-transport-classes-epoll-4.1.118.Final.jar:/home/runner/.m2/repository/io/netty/netty-transport-native-epoll/4.1.118.Final/netty-transport-native-epoll-4.1.118.Final-linux-aarch_64.jar:/home/runner/.m2/repository/io/netty/incubator/netty-incubator-transport-native-io_uring/0.0.26.Final/netty-incubator-transport-native-io_uring-0.0.26.Final-linux-x86_64.jar:/home/runner/.m2/repository/io/netty/incubator/netty-incubator-transport-classes-io_uring/0.0.26.Final/netty-incubator-transport-classes-io_uring-0.0.26.Final.jar:/home/runner/.m2/repository/io/netty/incubator/netty-incubator-transport-native-io_uring/0.0.26.Final/netty-incubator-transport-native-io_uring-0.0.26.Final-linux-aarch_64.jar:/home/runner/.m2/repository/io/gatling/gatling-quicklens/3.13.4/gatling-quicklens-3.13.4.jar:/home/runner/.m2/repository/io/gatling/gatling-commons/3.13.4/gatling-commons-3.13.4.jar:/home/runner/.m2/repository/com/typesafe/config/1.4.3/config-1.4.3.jar:/home/runner/.m2/repository/io/github/metarank/cfor_2.13/0.3/cfor_2.13-0.3.jar:/home/runner/.m2/repository/org/scala-lang/scala-reflect/2.13.10/scala-reflect-2.13.10.jar:/home/runner/.m2/repository/com/typesafe/scala-logging/scala-logging_2.13/3.9.5/scala-logging_2.13-3.9.5.jar:/home/runner/.m2/repository/io/gatling/gatling-jsonpath/3.13.4/gatling-jsonpath-3.13.4.jar:/home/runner/.m2/repository/io/gatling/gatling-shared-model_2.13/0.0.11/gatling-shared-model_2.13-0.0.11.jar:/home/runner/.m2/repository/io/suzaku/boopickle_2.13/1.5.0/boopickle_2.13-1.5.0.jar:/home/runner/.m2/repository/io/gatling/gatling-shared-cli/0.0.6/gatling-shared-cli-0.0.6.jar:/home/runner/.m2/repository/org/simpleflatmapper/lightning-csv/9.0.2/lightning-csv-9.0.2.jar:/home/runner/.m2/repository/org/simpleflatmapper/sfm-util/9.0.2/sfm-util-9.0.2.jar:/home/runner/.m2/repository/com/github/ben-manes/caffeine/caffeine/3.2.0/caffeine-3.2.0.jar:/home/runner/.m2/repository/org/jspecify/jspecify/1.0.0/jspecify-1.0.0.jar:/home/runner/.m2/repository/com/google/errorprone/error_prone_annotations/2.36.0/error_prone_annotations-2.36.0.jar:/home/runner/.m2/repository/io/pebbletemplates/pebble/3.2.3/pebble-3.2.3.jar:/home/runner/.m2/repository/org/unbescape/unbescape/1.1.6.RELEASE/unbescape-1.1.6.RELEASE.jar:/home/runner/.m2/repository/org/scala-lang/modules/scala-parser-combinators_2.13/2.4.0/scala-parser-combinators_2.13-2.4.0.jar:/home/runner/.m2/repository/com/github/scopt/scopt_2.13/3.7.1/scopt_2.13-3.7.1.jar:/home/runner/.m2/repository/io/netty/netty-handler/4.1.118.Final/netty-handler-4.1.118.Final.jar:/home/runner/.m2/repository/io/netty/netty-common/4.1.118.Final/netty-common-4.1.118.Final.jar:/home/runner/.m2/repository/io/netty/netty-resolver/4.1.118.Final/netty-resolver-4.1.118.Final.jar:/home/runner/.m2/repository/io/netty/netty-transport/4.1.118.Final/netty-transport-4.1.118.Final.jar:/home/runner/.m2/repository/io/netty/netty-transport-native-unix-common/4.1.118.Final/netty-transport-native-unix-common-4.1.118.Final.jar:/home/runner/.m2/repository/io/netty/netty-codec/4.1.118.Final/netty-codec-4.1.118.Final.jar:/home/runner/.m2/repository/io/netty/netty-tcnative-classes/2.0.70.Final/netty-tcnative-classes-2.0.70.Final.jar:/home/runner/.m2/repository/io/netty/netty-tcnative-boringssl-static/2.0.70.Final/netty-tcnative-boringssl-static-2.0.70.Final.jar:/home/runner/.m2/repository/io/netty/netty-tcnative-boringssl-static/2.0.70.Final/netty-tcnative-boringssl-static-2.0.70.Final-linux-x86_64.jar:/home/runner/.m2/repository/io/netty/netty-tcnative-boringssl-static/2.0.70.Final/netty-tcnative-boringssl-static-2.0.70.Final-linux-aarch_64.jar:/home/runner/.m2/repository/io/netty/netty-tcnative-boringssl-static/2.0.70.Final/netty-tcnative-boringssl-static-2.0.70.Final-osx-x86_64.jar:/home/runner/.m2/repository/io/netty/netty-tcnative-boringssl-static/2.0.70.Final/netty-tcnative-boringssl-static-2.0.70.Final-osx-aarch_64.jar:/home/runner/.m2/repository/io/netty/netty-tcnative-boringssl-static/2.0.70.Final/netty-tcnative-boringssl-static-2.0.70.Final-windows-x86_64.jar:/home/runner/.m2/repository/com/fasterxml/jackson/core/jackson-databind/2.18.2/jackson-databind-2.18.2.jar:/home/runner/.m2/repository/com/fasterxml/jackson/core/jackson-annotations/2.18.2/jackson-annotations-2.18.2.jar:/home/runner/.m2/repository/com/fasterxml/jackson/core/jackson-core/2.18.2/jackson-core-2.18.2.jar:/home/runner/.m2/repository/net/sf/saxon/Saxon-HE/12.5/Saxon-HE-12.5.jar:/home/runner/.m2/repository/org/xmlresolver/xmlresolver/6.0.12/xmlresolver-6.0.12.jar:/home/runner/.m2/repository/org/xmlresolver/xmlresolver/6.0.12/xmlresolver-6.0.12-data.jar:/home/runner/.m2/repository/org/jodd/jodd-lagarto/6.0.6/jodd-lagarto-6.0.6.jar:/home/runner/.m2/repository/org/jodd/jodd-util/6.3.0/jodd-util-6.3.0.jar:/home/runner/.m2/repository/io/burt/jmespath-jackson/0.6.0/jmespath-jackson-0.6.0.jar:/home/runner/.m2/repository/io/burt/jmespath-core/0.6.0/jmespath-core-0.6.0.jar:/home/runner/.m2/repository/io/gatling/gatling-http/3.13.4/gatling-http-3.13.4.jar:/home/runner/.m2/repository/io/gatling/gatling-http-client/3.13.4/gatling-http-client-3.13.4.jar:/home/runner/.m2/repository/io/netty/netty-handler-proxy/4.1.118.Final/netty-handler-proxy-4.1.118.Final.jar:/home/runner/.m2/repository/io/netty/netty-codec-socks/4.1.118.Final/netty-codec-socks-4.1.118.Final.jar:/home/runner/.m2/repository/io/netty/netty-resolver-dns/4.1.118.Final/netty-resolver-dns-4.1.118.Final.jar:/home/runner/.m2/repository/io/netty/netty-codec-dns/4.1.118.Final/netty-codec-dns-4.1.118.Final.jar:/home/runner/.m2/repository/io/netty/netty-codec-http2/4.1.118.Final/netty-codec-http2-4.1.118.Final.jar:/home/runner/.m2/repository/io/netty/netty-resolver-dns-native-macos/4.1.118.Final/netty-resolver-dns-native-macos-4.1.118.Final-osx-x86_64.jar:/home/runner/.m2/repository/io/netty/netty-resolver-dns-classes-macos/4.1.118.Final/netty-resolver-dns-classes-macos-4.1.118.Final.jar:/home/runner/.m2/repository/io/netty/netty-resolver-dns-native-macos/4.1.118.Final/netty-resolver-dns-native-macos-4.1.118.Final-osx-aarch_64.jar:/home/runner/.m2/repository/com/aayushatharva/brotli4j/brotli4j/1.18.0/brotli4j-1.18.0.jar:/home/runner/.m2/repository/com/aayushatharva/brotli4j/service/1.18.0/service-1.18.0.jar:/home/runner/.m2/repository/com/aayushatharva/brotli4j/native-linux-x86_64/1.18.0/native-linux-x86_64-1.18.0.jar:/home/runner/.m2/repository/com/aayushatharva/brotli4j/native-linux-aarch64/1.18.0/native-linux-aarch64-1.18.0.jar:/home/runner/.m2/repository/com/aayushatharva/brotli4j/native-osx-x86_64/1.18.0/native-osx-x86_64-1.18.0.jar:/home/runner/.m2/repository/com/aayushatharva/brotli4j/native-osx-aarch64/1.18.0/native-osx-aarch64-1.18.0.jar:/home/runner/.m2/repository/com/aayushatharva/brotli4j/native-windows-x86_64/1.18.0/native-windows-x86_64-1.18.0.jar:"/>
    <property name="java.vm.vendor" value="Eclipse Adoptium"/>
    <property name="sun.arch.data.model" value="64"/>
    <property name="java.vendor.url" value="https://adoptium.net/"/>
    <property name="user.timezone" value="Etc/UTC"/>
    <property name="java.vm.specification.version" value="11"/>
    <property name="os.name" value="Linux"/>
    <property name="sun.java.launcher" value="SUN_STANDARD"/>
    <property name="sun.boot.library.path" value="/usr/lib/jvm/temurin-11-jdk-amd64/lib"/>
    <property name="sun.java.command" value="/home/runner/work/survey_QA/survey_QA/target/surefire/surefirebooter-20250224175416763_3.jar /home/runner/work/survey_QA/survey_QA/target/surefire 2025-02-24T17-54-16_680-jvmRun1 surefire-20250224175416763_1tmp surefire_0-20250224175416763_2tmp"/>
    <property name="jdk.debug" value="release"/>
    <property name="surefire.test.class.path" value="/home/runner/work/survey_QA/survey_QA/target/test-classes:/home/runner/work/survey_QA/survey_QA/target/classes:/home/runner/.m2/repository/org/junit/jupiter/junit-jupiter/5.10.0/junit-jupiter-5.10.0.jar:/home/runner/.m2/repository/org/junit/jupiter/junit-jupiter-api/5.10.0/junit-jupiter-api-5.10.0.jar:/home/runner/.m2/repository/org/opentest4j/opentest4j/1.3.0/opentest4j-1.3.0.jar:/home/runner/.m2/repository/org/junit/platform/junit-platform-commons/1.10.0/junit-platform-commons-1.10.0.jar:/home/runner/.m2/repository/org/apiguardian/apiguardian-api/1.1.2/apiguardian-api-1.1.2.jar:/home/runner/.m2/repository/org/junit/jupiter/junit-jupiter-params/5.10.0/junit-jupiter-params-5.10.0.jar:/home/runner/.m2/repository/org/junit/jupiter/junit-jupiter-engine/5.10.0/junit-jupiter-engine-5.10.0.jar:/home/runner/.m2/repository/org/junit/platform/junit-platform-engine/1.10.0/junit-platform-engine-1.10.0.jar:/home/runner/.m2/repository/io/qameta/allure/allure-junit5/2.24.0/allure-junit5-2.24.0.jar:/home/runner/.m2/repository/io/qameta/allure/allure-junit-platform/2.24.0/allure-junit-platform-2.24.0.jar:/home/runner/.m2/repository/io/qameta/allure/allure-java-commons/2.24.0/allure-java-commons-2.24.0.jar:/home/runner/.m2/repository/io/qameta/allure/allure-model/2.24.0/allure-model-2.24.0.jar:/home/runner/.m2/repository/io/qameta/allure/allure-test-filter/2.24.0/allure-test-filter-2.24.0.jar:/home/runner/.m2/repository/org/junit/platform/junit-platform-launcher/1.9.2/junit-platform-launcher-1.9.2.jar:/home/runner/.m2/repository/io/rest-assured/rest-assured/5.3.0/rest-assured-5.3.0.jar:/home/runner/.m2/repository/org/apache/groovy/groovy/4.0.6/groovy-4.0.6.jar:/home/runner/.m2/repository/org/apache/groovy/groovy-xml/4.0.6/groovy-xml-4.0.6.jar:/home/runner/.m2/repository/org/apache/httpcomponents/httpclient/4.5.13/httpclient-4.5.13.jar:/home/runner/.m2/repository/org/apache/httpcomponents/httpcore/4.4.13/httpcore-4.4.13.jar:/home/runner/.m2/repository/commons-logging/commons-logging/1.2/commons-logging-1.2.jar:/home/runner/.m2/repository/commons-codec/commons-codec/1.11/commons-codec-1.11.jar:/home/runner/.m2/repository/org/apache/httpcomponents/httpmime/4.5.13/httpmime-4.5.13.jar:/home/runner/.m2/repository/org/hamcrest/hamcrest/2.1/hamcrest-2.1.jar:/home/runner/.m2/repository/org/ccil/cowan/tagsoup/tagsoup/1.2.1/tagsoup-1.2.1.jar:/home/runner/.m2/repository/io/rest-assured/xml-path/5.3.0/xml-path-5.3.0.jar:/home/runner/.m2/repository/org/apache/commons/commons-lang3/3.11/commons-lang3-3.11.jar:/home/runner/.m2/repository/io/qameta/allure/allure-rest-assured/2.24.0/allure-rest-assured-2.24.0.jar:/home/runner/.m2/repository/io/qameta/allure/allure-attachments/2.24.0/allure-attachments-2.24.0.jar:/home/runner/.m2/repository/org/freemarker/freemarker/2.3.31/freemarker-2.3.31.jar:/home/runner/.m2/repository/org/slf4j/slf4j-api/1.7.32/slf4j-api-1.7.32.jar:/home/runner/.m2/repository/ch/qos/logback/logback-classic/1.2.6/logback-classic-1.2.6.jar:/home/runner/.m2/repository/ch/qos/logback/logback-core/1.2.6/logback-core-1.2.6.jar:/home/runner/.m2/repository/org/apache/commons/commons-csv/1.9.0/commons-csv-1.9.0.jar:/home/runner/.m2/repository/io/rest-assured/json-path/5.1.1/json-path-5.1.1.jar:/home/runner/.m2/repository/org/apache/groovy/groovy-json/4.0.1/groovy-json-4.0.1.jar:/home/runner/.m2/repository/io/rest-assured/rest-assured-common/5.1.1/rest-assured-common-5.1.1.jar:/home/runner/.m2/repository/io/rest-assured/json-schema-validator/5.3.0/json-schema-validator-5.3.0.jar:/home/runner/.m2/repository/com/github/java-json-tools/json-schema-validator/2.2.14/json-schema-validator-2.2.14.jar:/home/runner/.m2/repository/com/google/guava/guava/28.2-android/guava-28.2-android.jar:/home/runner/.m2/repository/com/google/guava/failureaccess/1.0.1/failureaccess-1.0.1.jar:/home/runner/.m2/repository/com/google/guava/listenablefuture/9999.0-empty-to-avoid-conflict-with-guava/listenablefuture-9999.0-empty-to-avoid-conflict-with-guava.jar:/home/runner/.m2/repository/org/checkerframework/checker-compat-qual/2.5.5/checker-compat-qual-2.5.5.jar:/home/runner/.m2/repository/com/google/j2objc/j2objc-annotations/1.3/j2objc-annotations-1.3.jar:/home/runner/.m2/repository/com/github/java-json-tools/jackson-coreutils-equivalence/1.0/jackson-coreutils-equivalence-1.0.jar:/home/runner/.m2/repository/com/github/java-json-tools/jackson-coreutils/2.0/jackson-coreutils-2.0.jar:/home/runner/.m2/repository/com/github/java-json-tools/msg-simple/1.2/msg-simple-1.2.jar:/home/runner/.m2/repository/com/github/java-json-tools/btf/1.3/btf-1.3.jar:/home/runner/.m2/repository/com/github/java-json-tools/json-schema-core/1.2.14/json-schema-core-1.2.14.jar:/home/runner/.m2/repository/com/github/java-json-tools/uri-template/0.10/uri-template-0.10.jar:/home/runner/.m2/repository/org/mozilla/rhino/1.7.7.2/rhino-1.7.7.2.jar:/home/runner/.m2/repository/com/sun/mail/mailapi/1.6.2/mailapi-1.6.2.jar:/home/runner/.m2/repository/joda-time/joda-time/2.10.5/joda-time-2.10.5.jar:/home/runner/.m2/repository/com/googlecode/libphonenumber/libphonenumber/8.11.1/libphonenumber-8.11.1.jar:/home/runner/.m2/repository/com/google/code/findbugs/jsr305/3.0.2/jsr305-3.0.2.jar:/home/runner/.m2/repository/net/sf/jopt-simple/jopt-simple/5.0.4/jopt-simple-5.0.4.jar:/home/runner/.m2/repository/io/gatling/highcharts/gatling-charts-highcharts/3.13.4/gatling-charts-highcharts-3.13.4.jar:/home/runner/.m2/repository/org/scala-lang/scala-library/2.13.16/scala-library-2.13.16.jar:/home/runner/.m2/repository/io/gatling/gatling-recorder/3.13.4/gatling-recorder-3.13.4.jar:/home/runner/.m2/repository/org/scala-lang/modules/scala-swing_2.13/3.0.0/scala-swing_2.13-3.0.0.jar:/home/runner/.m2/repository/io/gatling/gatling-recorder-bc-shaded/1.80.0/gatling-recorder-bc-shaded-1.80.0.jar:/home/runner/.m2/repository/io/netty/netty-codec-http/4.1.118.Final/netty-codec-http-4.1.118.Final.jar:/home/runner/.m2/repository/io/gatling/gatling-app/3.13.4/gatling-app-3.13.4.jar:/home/runner/.m2/repository/io/gatling/gatling-core-java/3.13.4/gatling-core-java-3.13.4.jar:/home/runner/.m2/repository/net/jodah/typetools/0.6.3/typetools-0.6.3.jar:/home/runner/.m2/repository/com/github/spotbugs/spotbugs-annotations/4.9.1/spotbugs-annotations-4.9.1.jar:/home/runner/.m2/repository/io/gatling/gatling-http-java/3.13.4/gatling-http-java-3.13.4.jar:/home/runner/.m2/repository/io/gatling/gatling-jms/3.13.4/gatling-jms-3.13.4.jar:/home/runner/.m2/repository/javax/jms/javax.jms-api/2.0.1/javax.jms-api-2.0.1.jar:/home/runner/.m2/repository/com/eatthepath/fast-uuid/0.2.0/fast-uuid-0.2.0.jar:/home/runner/.m2/repository/io/gatling/gatling-jms-java/3.13.4/gatling-jms-java-3.13.4.jar:/home/runner/.m2/repository/io/gatling/gatling-jdbc/3.13.4/gatling-jdbc-3.13.4.jar:/home/runner/.m2/repository/io/gatling/gatling-jdbc-java/3.13.4/gatling-jdbc-java-3.13.4.jar:/home/runner/.m2/repository/io/gatling/gatling-redis/3.13.4/gatling-redis-3.13.4.jar:/home/runner/.m2/repository/net/debasishg/redisclient_2.13/3.42/redisclient_2.13-3.42.jar:/home/runner/.m2/repository/org/apache/commons/commons-pool2/2.8.0/commons-pool2-2.8.0.jar:/home/runner/.m2/repository/io/gatling/gatling-redis-java/3.13.4/gatling-redis-java-3.13.4.jar:/home/runner/.m2/repository/io/gatling/gatling-charts/3.13.4/gatling-charts-3.13.4.jar:/home/runner/.m2/repository/com/tdunning/t-digest/3.3/t-digest-3.3.jar:/home/runner/.m2/repository/io/gatling/gatling-core/3.13.4/gatling-core-3.13.4.jar:/home/runner/.m2/repository/io/gatling/gatling-netty-util/3.13.4/gatling-netty-util-3.13.4.jar:/home/runner/.m2/repository/io/gatling/gatling-shared-util_2.13/0.0.12/gatling-shared-util_2.13-0.0.12.jar:/home/runner/.m2/repository/org/scala-lang/modules/scala-collection-compat_2.13/2.12.0/scala-collection-compat_2.13-2.12.0.jar:/home/runner/.m2/repository/io/netty/netty-buffer/4.1.118.Final/netty-buffer-4.1.118.Final.jar:/home/runner/.m2/repository/io/netty/netty-transport-native-epoll/4.1.118.Final/netty-transport-native-epoll-4.1.118.Final-linux-x86_64.jar:/home/runner/.m2/repository/io/netty/netty-transport-classes-epoll/4.1.118.Final/netty-transport-classes-epoll-4.1.118.Final.jar:/home/runner/.m2/repository/io/netty/netty-transport-native-epoll/4.1.118.Final/netty-transport-native-epoll-4.1.118.Final-linux-aarch_64.jar:/home/runner/.m2/repository/io/netty/incubator/netty-incubator-transport-native-io_uring/0.0.26.Final/netty-incubator-transport-native-io_uring-0.0.26.Final-linux-x86_64.jar:/home/runner/.m2/repository/io/netty/incubator/netty-incubator-transport-classes-io_uring/0.0.26.Final/netty-incubator-transport-classes-io_uring-0.0.26.Final.jar:/home/runner/.m2/repository/io/netty/incubator/netty-incubator-transport-native-io_uring/0.0.26.Final/netty-incubator-transport-native-io_uring-0.0.26.Final-linux-aarch_64.jar:/home/runner/.m2/repository/io/gatling/gatling-quicklens/3.13.4/gatling-quicklens-3.13.4.jar:/home/runner/.m2/repository/io/gatling/gatling-commons/3.13.4/gatling-commons-3.13.4.jar:/home/runner/.m2/repository/com/typesafe/config/1.4.3/config-1.4.3.jar:/home/runner/.m2/repository/io/github/metarank/cfor_2.13/0.3/cfor_2.13-0.3.jar:/home/runner/.m2/repository/org/scala-lang/scala-reflect/2.13.10/scala-reflect-2.13.10.jar:/home/runner/.m2/repository/com/typesafe/scala-logging/scala-logging_2.13/3.9.5/scala-logging_2.13-3.9.5.jar:/home/runner/.m2/repository/io/gatling/gatling-jsonpath/3.13.4/gatling-jsonpath-3.13.4.jar:/home/runner/.m2/repository/io/gatling/gatling-shared-model_2.13/0.0.11/gatling-shared-model_2.13-0.0.11.jar:/home/runner/.m2/repository/io/suzaku/boopickle_2.13/1.5.0/boopickle_2.13-1.5.0.jar:/home/runner/.m2/repository/io/gatling/gatling-shared-cli/0.0.6/gatling-shared-cli-0.0.6.jar:/home/runner/.m2/repository/org/simpleflatmapper/lightning-csv/9.0.2/lightning-csv-9.0.2.jar:/home/runner/.m2/repository/org/simpleflatmapper/sfm-util/9.0.2/sfm-util-9.0.2.jar:/home/runner/.m2/repository/com/github/ben-manes/caffeine/caffeine/3.2.0/caffeine-3.2.0.jar:/home/runner/.m2/repository/org/jspecify/jspecify/1.0.0/jspecify-1.0.0.jar:/home/runner/.m2/repository/com/google/errorprone/error_prone_annotations/2.36.0/error_prone_annotations-2.36.0.jar:/home/runner/.m2/repository/io/pebbletemplates/pebble/3.2.3/pebble-3.2.3.jar:/home/runner/.m2/repository/org/unbescape/unbescape/1.1.6.RELEASE/unbescape-1.1.6.RELEASE.jar:/home/runner/.m2/repository/org/scala-lang/modules/scala-parser-combinators_2.13/2.4.0/scala-parser-combinators_2.13-2.4.0.jar:/home/runner/.m2/repository/com/github/scopt/scopt_2.13/3.7.1/scopt_2.13-3.7.1.jar:/home/runner/.m2/repository/io/netty/netty-handler/4.1.118.Final/netty-handler-4.1.118.Final.jar:/home/runner/.m2/repository/io/netty/netty-common/4.1.118.Final/netty-common-4.1.118.Final.jar:/home/runner/.m2/repository/io/netty/netty-resolver/4.1.118.Final/netty-resolver-4.1.118.Final.jar:/home/runner/.m2/repository/io/netty/netty-transport/4.1.118.Final/netty-transport-4.1.118.Final.jar:/home/runner/.m2/repository/io/netty/netty-transport-native-unix-common/4.1.118.Final/netty-transport-native-unix-common-4.1.118.Final.jar:/home/runner/.m2/repository/io/netty/netty-codec/4.1.118.Final/netty-codec-4.1.118.Final.jar:/home/runner/.m2/repository/io/netty/netty-tcnative-classes/2.0.70.Final/netty-tcnative-classes-2.0.70.Final.jar:/home/runner/.m2/repository/io/netty/netty-tcnative-boringssl-static/2.0.70.Final/netty-tcnative-boringssl-static-2.0.70.Final.jar:/home/runner/.m2/repository/io/netty/netty-tcnative-boringssl-static/2.0.70.Final/netty-tcnative-boringssl-static-2.0.70.Final-linux-x86_64.jar:/home/runner/.m2/repository/io/netty/netty-tcnative-boringssl-static/2.0.70.Final/netty-tcnative-boringssl-static-2.0.70.Final-linux-aarch_64.jar:/home/runner/.m2/repository/io/netty/netty-tcnative-boringssl-static/2.0.70.Final/netty-tcnative-boringssl-static-2.0.70.Final-osx-x86_64.jar:/home/runner/.m2/repository/io/netty/netty-tcnative-boringssl-static/2.0.70.Final/netty-tcnative-boringssl-static-2.0.70.Final-osx-aarch_64.jar:/home/runner/.m2/repository/io/netty/netty-tcnative-boringssl-static/2.0.70.Final/netty-tcnative-boringssl-static-2.0.70.Final-windows-x86_64.jar:/home/runner/.m2/repository/com/fasterxml/jackson/core/jackson-databind/2.18.2/jackson-databind-2.18.2.jar:/home/runner/.m2/repository/com/fasterxml/jackson/core/jackson-annotations/2.18.2/jackson-annotations-2.18.2.jar:/home/runner/.m2/repository/com/fasterxml/jackson/core/jackson-core/2.18.2/jackson-core-2.18.2.jar:/home/runner/.m2/repository/net/sf/saxon/Saxon-HE/12.5/Saxon-HE-12.5.jar:/home/runner/.m2/repository/org/xmlresolver/xmlresolver/6.0.12/xmlresolver-6.0.12.jar:/home/runner/.m2/repository/org/xmlresolver/xmlresolver/6.0.12/xmlresolver-6.0.12-data.jar:/home/runner/.m2/repository/org/jodd/jodd-lagarto/6.0.6/jodd-lagarto-6.0.6.jar:/home/runner/.m2/repository/org/jodd/jodd-util/6.3.0/jodd-util-6.3.0.jar:/home/runner/.m2/repository/io/burt/jmespath-jackson/0.6.0/jmespath-jackson-0.6.0.jar:/home/runner/.m2/repository/io/burt/jmespath-core/0.6.0/jmespath-core-0.6.0.jar:/home/runner/.m2/repository/io/gatling/gatling-http/3.13.4/gatling-http-3.13.4.jar:/home/runner/.m2/repository/io/gatling/gatling-http-client/3.13.4/gatling-http-client-3.13.4.jar:/home/runner/.m2/repository/io/netty/netty-handler-proxy/4.1.118.Final/netty-handler-proxy-4.1.118.Final.jar:/home/runner/.m2/repository/io/netty/netty-codec-socks/4.1.118.Final/netty-codec-socks-4.1.118.Final.jar:/home/runner/.m2/repository/io/netty/netty-resolver-dns/4.1.118.Final/netty-resolver-dns-4.1.118.Final.jar:/home/runner/.m2/repository/io/netty/netty-codec-dns/4.1.118.Final/netty-codec-dns-4.1.118.Final.jar:/home/runner/.m2/repository/io/netty/netty-codec-http2/4.1.118.Final/netty-codec-http2-4.1.118.Final.jar:/home/runner/.m2/repository/io/netty/netty-resolver-dns-native-macos/4.1.118.Final/netty-resolver-dns-native-macos-4.1.118.Final-osx-x86_64.jar:/home/runner/.m2/repository/io/netty/netty-resolver-dns-classes-macos/4.1.118.Final/netty-resolver-dns-classes-macos-4.1.118.Final.jar:/home/runner/.m2/repository/io/netty/netty-resolver-dns-native-macos/4.1.118.Final/netty-resolver-dns-native-macos-4.1.118.Final-osx-aarch_64.jar:/home/runner/.m2/repository/com/aayushatharva/brotli4j/brotli4j/1.18.0/brotli4j-1.18.0.jar:/home/runner/.m2/repository/com/aayushatharva/brotli4j/service/1.18.0/service-1.18.0.jar:/home/runner/.m2/repository/com/aayushatharva/brotli4j/native-linux-x86_64/1.18.0/native-linux-x86_64-1.18.0.jar:/home/runner/.m2/repository/com/aayushatharva/brotli4j/native-linux-aarch64/1.18.0/native-linux-aarch64-1.18.0.jar:/home/runner/.m2/repository/com/aayushatharva/brotli4j/native-osx-x86_64/1.18.0/native-osx-x86_64-1.18.0.jar:/home/runner/.m2/repository/com/aayushatharva/brotli4j/native-osx-aarch64/1.18.0/native-osx-aarch64-1.18.0.jar:/home/runner/.m2/repository/com/aayushatharva/brotli4j/native-windows-x86_64/1.18.0/native-windows-x86_64-1.18.0.jar:"/>
    <property name="allure.results.directory" value="/home/runner/work/survey_QA/survey_QA/target/allure-results"/>
    <property name="sun.cpu.endian" value="little"/>
    <property name="user.home" value="/home/runner"/>
    <property name="user.language" value="en"/>
    <property name="java.specification.vendor" value="Oracle Corporation"/>
    <property name="java.version.date" value="2025-01-21"/>
    <property name="java.home" value="/usr/lib/jvm/temurin-11-jdk-amd64"/>
    <property name="file.separator" value="/"/>
    <property name="basedir" value="/home/runner/work/survey_QA/survey_QA"/>
    <property name="java.vm.compressedOopsMode" value="Zero based"/>
    <property name="line.separator" value="&#10;"/>
    <property name="java.specification.name" value="Java Platform API Specification"/>
    <property name="java.vm.specification.vendor" value="Oracle Corporation"/>
    <property name="java.awt.graphicsenv" value="sun.awt.X11GraphicsEnvironment"/>
    <property name="surefire.real.class.path" value="/home/runner/work/survey_QA/survey_QA/target/surefire/surefirebooter-20250224175416763_3.jar"/>
    <property name="sun.management.compiler" value="HotSpot 64-Bit Tiered Compilers"/>
    <property name="java.runtime.version" value="11.0.26+4"/>
    <property name="user.name" value="runner"/>
    <property name="path.separator" value=":"/>
    <property name="gatling.skip" value="true"/>
    <property name="os.version" value="6.8.0-1021-azure"/>
    <property name="java.runtime.name" value="OpenJDK Runtime Environment"/>
    <property name="file.encoding" value="UTF-8"/>
    <property name="java.vm.name" value="OpenJDK 64-Bit Server VM"/>
    <property name="java.vendor.version" value="Temurin-11.0.26+4"/>
    <property name="localRepository" value="/home/runner/.m2/repository"/>
    <property name="java.vendor.url.bug" value="https://github.com/adoptium/adoptium-support/issues"/>
    <property name="java.io.tmpdir" value="/tmp"/>
    <property name="java.version" value="11.0.26"/>
    <property name="user.dir" value="/home/runner/work/survey_QA/survey_QA"/>
    <property name="os.arch" value="amd64"/>
    <property name="java.vm.specification.name" value="Java Virtual Machine Specification"/>
    <property name="java.awt.printerjob" value="sun.print.PSPrinterJob"/>
    <property name="sun.os.patch.level" value="unknown"/>
    <property name="java.library.path" value="/usr/java/packages/lib:/usr/lib64:/lib64:/lib:/usr/lib"/>
    <property name="java.vm.info" value="mixed mode"/>
    <property name="java.vendor" value="Eclipse Adoptium"/>
    <property name="java.vm.version" value="11.0.26+4"/>
    <property name="java.specification.maintenance.version" value="3"/>
    <property name="sun.io.unicode.encoding" value="UnicodeLittle"/>
    <property name="java.class.version" value="55.0"/>
  </properties>
  <testcase name="testValidateMemberSurveyData" classname="tests.integration.SurveysOfMemberTest" time="17.452">
    <system-out><![CDATA[17:54:42.862 [ForkJoinPool.commonPool-worker-3] INFO api.SurveysOfMemberApi - Validation successful for Member ID 1
17:54:42.994 [ForkJoinPool.commonPool-worker-5] INFO api.SurveysOfMemberApi - Validation successful for Member ID 2
17:54:42.999 [ForkJoinPool.commonPool-worker-3] INFO api.SurveysOfMemberApi - Validation successful for Member ID 4
17:54:43.016 [ForkJoinPool.commonPool-worker-7] INFO api.SurveysOfMemberApi - Validation successful for Member ID 3
17:54:43.131 [ForkJoinPool.commonPool-worker-5] INFO api.SurveysOfMemberApi - Validation successful for Member ID 5
17:54:43.216 [ForkJoinPool.commonPool-worker-7] INFO api.SurveysOfMemberApi - Validation successful for Member ID 7
17:54:43.285 [ForkJoinPool.commonPool-worker-3] INFO api.SurveysOfMemberApi - Validation successful for Member ID 6
17:54:43.350 [ForkJoinPool.commonPool-worker-7] INFO api.SurveysOfMemberApi - Validation successful for Member ID 9
17:54:43.450 [ForkJoinPool.commonPool-worker-5] INFO api.SurveysOfMemberApi - Validation successful for Member ID 8
17:54:43.606 [ForkJoinPool.commonPool-worker-7] INFO api.SurveysOfMemberApi - Validation successful for Member ID 11
17:54:43.688 [ForkJoinPool.commonPool-worker-3] INFO api.SurveysOfMemberApi - Validation successful for Member ID 10
17:54:43.738 [ForkJoinPool.commonPool-worker-5] INFO api.SurveysOfMemberApi - Validation successful for Member ID 12
17:54:43.839 [ForkJoinPool.commonPool-worker-7] INFO api.SurveysOfMemberApi - Validation successful for Member ID 13
17:54:43.908 [ForkJoinPool.commonPool-worker-5] INFO api.SurveysOfMemberApi - Validation successful for Member ID 15
17:54:43.973 [ForkJoinPool.commonPool-worker-3] INFO api.SurveysOfMemberApi - Validation successful for Member ID 14
17:54:44.110 [ForkJoinPool.commonPool-worker-5] INFO api.SurveysOfMemberApi - Validation successful for Member ID 17
17:54:44.123 [ForkJoinPool.commonPool-worker-7] INFO api.SurveysOfMemberApi - Validation successful for Member ID 16
17:54:44.241 [ForkJoinPool.commonPool-worker-3] INFO api.SurveysOfMemberApi - Validation successful for Member ID 18
17:54:44.292 [ForkJoinPool.commonPool-worker-5] INFO api.SurveysOfMemberApi - Validation successful for Member ID 19
17:54:44.400 [ForkJoinPool.commonPool-worker-7] INFO api.SurveysOfMemberApi - Validation successful for Member ID 20
17:54:44.517 [ForkJoinPool.commonPool-worker-7] INFO api.SurveysOfMemberApi - Validation successful for Member ID 23
17:54:44.541 [ForkJoinPool.commonPool-worker-5] INFO api.SurveysOfMemberApi - Validation successful for Member ID 22
17:54:44.564 [ForkJoinPool.commonPool-worker-3] INFO api.SurveysOfMemberApi - Validation successful for Member ID 21
17:54:44.697 [ForkJoinPool.commonPool-worker-5] INFO api.SurveysOfMemberApi - Validation successful for Member ID 25
17:54:44.727 [ForkJoinPool.commonPool-worker-3] INFO api.SurveysOfMemberApi - Validation successful for Member ID 26
17:54:44.790 [ForkJoinPool.commonPool-worker-7] INFO api.SurveysOfMemberApi - Validation successful for Member ID 24
17:54:44.891 [ForkJoinPool.commonPool-worker-3] INFO api.SurveysOfMemberApi - Validation successful for Member ID 28
17:54:44.924 [ForkJoinPool.commonPool-worker-5] INFO api.SurveysOfMemberApi - Validation successful for Member ID 27
17:54:44.949 [ForkJoinPool.commonPool-worker-7] INFO api.SurveysOfMemberApi - Validation successful for Member ID 29
17:54:45.125 [ForkJoinPool.commonPool-worker-5] INFO api.SurveysOfMemberApi - Validation successful for Member ID 31
17:54:45.156 [ForkJoinPool.commonPool-worker-3] INFO api.SurveysOfMemberApi - Validation successful for Member ID 30
17:54:45.169 [ForkJoinPool.commonPool-worker-7] INFO api.SurveysOfMemberApi - Validation successful for Member ID 32
17:54:45.309 [ForkJoinPool.commonPool-worker-5] INFO api.SurveysOfMemberApi - Validation successful for Member ID 33
17:54:45.408 [ForkJoinPool.commonPool-worker-3] INFO api.SurveysOfMemberApi - Validation successful for Member ID 34
17:54:45.416 [ForkJoinPool.commonPool-worker-7] INFO api.SurveysOfMemberApi - Validation successful for Member ID 35
17:54:45.557 [ForkJoinPool.commonPool-worker-3] INFO api.SurveysOfMemberApi - Validation successful for Member ID 37
17:54:45.597 [ForkJoinPool.commonPool-worker-5] INFO api.SurveysOfMemberApi - Validation successful for Member ID 36
17:54:45.639 [ForkJoinPool.commonPool-worker-7] INFO api.SurveysOfMemberApi - Validation successful for Member ID 38
17:54:45.830 [ForkJoinPool.commonPool-worker-3] INFO api.SurveysOfMemberApi - Validation successful for Member ID 39
17:54:45.892 [ForkJoinPool.commonPool-worker-5] INFO api.SurveysOfMemberApi - Validation successful for Member ID 40
17:54:45.963 [ForkJoinPool.commonPool-worker-7] INFO api.SurveysOfMemberApi - Validation successful for Member ID 41
17:54:45.972 [ForkJoinPool.commonPool-worker-5] INFO api.SurveysOfMemberApi - Validation successful for Member ID 43
17:54:46.026 [ForkJoinPool.commonPool-worker-3] INFO api.SurveysOfMemberApi - Validation successful for Member ID 42
17:54:46.092 [ForkJoinPool.commonPool-worker-7] INFO api.SurveysOfMemberApi - Validation successful for Member ID 44
17:54:46.155 [ForkJoinPool.commonPool-worker-5] INFO api.SurveysOfMemberApi - Validation successful for Member ID 45
17:54:46.182 [ForkJoinPool.commonPool-worker-3] INFO api.SurveysOfMemberApi - Validation successful for Member ID 46
17:54:46.191 [ForkJoinPool.commonPool-worker-7] INFO api.SurveysOfMemberApi - Validation successful for Member ID 47
17:54:46.358 [ForkJoinPool.commonPool-worker-5] INFO api.SurveysOfMemberApi - Validation successful for Member ID 48
17:54:46.439 [ForkJoinPool.commonPool-worker-7] INFO api.SurveysOfMemberApi - Validation successful for Member ID 50
17:54:46.548 [ForkJoinPool.commonPool-worker-3] INFO api.SurveysOfMemberApi - Validation successful for Member ID 49
17:54:46.601 [ForkJoinPool.commonPool-worker-5] INFO api.SurveysOfMemberApi - Validation successful for Member ID 51
17:54:46.625 [ForkJoinPool.commonPool-worker-7] INFO api.SurveysOfMemberApi - Validation successful for Member ID 52
17:54:46.718 [ForkJoinPool.commonPool-worker-3] INFO api.SurveysOfMemberApi - Validation successful for Member ID 53
17:54:46.733 [ForkJoinPool.commonPool-worker-7] INFO api.SurveysOfMemberApi - Validation successful for Member ID 55
17:54:46.798 [ForkJoinPool.commonPool-worker-5] INFO api.SurveysOfMemberApi - Validation successful for Member ID 54
17:54:46.901 [ForkJoinPool.commonPool-worker-7] INFO api.SurveysOfMemberApi - Validation successful for Member ID 57
17:54:46.973 [ForkJoinPool.commonPool-worker-3] INFO api.SurveysOfMemberApi - Validation successful for Member ID 56
17:54:47.038 [ForkJoinPool.commonPool-worker-5] INFO api.SurveysOfMemberApi - Validation successful for Member ID 58
17:54:47.114 [ForkJoinPool.commonPool-worker-3] INFO api.SurveysOfMemberApi - Validation successful for Member ID 60
17:54:47.140 [ForkJoinPool.commonPool-worker-7] INFO api.SurveysOfMemberApi - Validation successful for Member ID 59
17:54:47.184 [ForkJoinPool.commonPool-worker-5] INFO api.SurveysOfMemberApi - Validation successful for Member ID 61
17:54:47.279 [ForkJoinPool.commonPool-worker-3] INFO api.SurveysOfMemberApi - Validation successful for Member ID 62
17:54:47.360 [ForkJoinPool.commonPool-worker-5] INFO api.SurveysOfMemberApi - Validation successful for Member ID 64
17:54:47.445 [ForkJoinPool.commonPool-worker-7] INFO api.SurveysOfMemberApi - Validation successful for Member ID 63
17:54:47.498 [ForkJoinPool.commonPool-worker-5] INFO api.SurveysOfMemberApi - Validation successful for Member ID 66
17:54:47.592 [ForkJoinPool.commonPool-worker-3] INFO api.SurveysOfMemberApi - Validation successful for Member ID 65
17:54:47.652 [ForkJoinPool.commonPool-worker-7] INFO api.SurveysOfMemberApi - Validation successful for Member ID 67
17:54:47.791 [ForkJoinPool.commonPool-worker-5] INFO api.SurveysOfMemberApi - Validation successful for Member ID 68
17:54:47.804 [ForkJoinPool.commonPool-worker-7] INFO api.SurveysOfMemberApi - Validation successful for Member ID 70
17:54:47.824 [ForkJoinPool.commonPool-worker-3] INFO api.SurveysOfMemberApi - Validation successful for Member ID 69
17:54:47.986 [ForkJoinPool.commonPool-worker-7] INFO api.SurveysOfMemberApi - Validation successful for Member ID 72
17:54:47.996 [ForkJoinPool.commonPool-worker-5] INFO api.SurveysOfMemberApi - Validation successful for Member ID 71
17:54:48.065 [ForkJoinPool.commonPool-worker-3] INFO api.SurveysOfMemberApi - Validation successful for Member ID 73
17:54:48.067 [ForkJoinPool.commonPool-worker-5] INFO api.SurveysOfMemberApi - Validation successful for Member ID 75
17:54:48.149 [ForkJoinPool.commonPool-worker-5] INFO api.SurveysOfMemberApi - Validation successful for Member ID 77
17:54:48.165 [ForkJoinPool.commonPool-worker-7] INFO api.SurveysOfMemberApi - Validation successful for Member ID 74
17:54:48.378 [ForkJoinPool.commonPool-worker-3] INFO api.SurveysOfMemberApi - Validation successful for Member ID 76
17:54:48.419 [ForkJoinPool.commonPool-worker-5] INFO api.SurveysOfMemberApi - Validation successful for Member ID 78
17:54:48.456 [ForkJoinPool.commonPool-worker-7] INFO api.SurveysOfMemberApi - Validation successful for Member ID 79
17:54:48.545 [ForkJoinPool.commonPool-worker-7] INFO api.SurveysOfMemberApi - Validation successful for Member ID 82
17:54:48.556 [ForkJoinPool.commonPool-worker-5] INFO api.SurveysOfMemberApi - Validation successful for Member ID 81
17:54:48.629 [ForkJoinPool.commonPool-worker-3] INFO api.SurveysOfMemberApi - Validation successful for Member ID 80
17:54:48.654 [ForkJoinPool.commonPool-worker-7] INFO api.SurveysOfMemberApi - Validation successful for Member ID 83
17:54:48.770 [ForkJoinPool.commonPool-worker-5] INFO api.SurveysOfMemberApi - Validation successful for Member ID 84
17:54:48.865 [ForkJoinPool.commonPool-worker-3] INFO api.SurveysOfMemberApi - Validation successful for Member ID 85
17:54:48.874 [ForkJoinPool.commonPool-worker-7] INFO api.SurveysOfMemberApi - Validation successful for Member ID 86
17:54:48.954 [ForkJoinPool.commonPool-worker-5] INFO api.SurveysOfMemberApi - Validation successful for Member ID 87
17:54:49.062 [ForkJoinPool.commonPool-worker-7] INFO api.SurveysOfMemberApi - Validation successful for Member ID 89
17:54:49.190 [ForkJoinPool.commonPool-worker-5] INFO api.SurveysOfMemberApi - Validation successful for Member ID 90
17:54:49.199 [ForkJoinPool.commonPool-worker-3] INFO api.SurveysOfMemberApi - Validation successful for Member ID 88
17:54:49.226 [ForkJoinPool.commonPool-worker-7] INFO api.SurveysOfMemberApi - Validation successful for Member ID 91
17:54:49.348 [ForkJoinPool.commonPool-worker-7] INFO api.SurveysOfMemberApi - Validation successful for Member ID 94
17:54:49.432 [ForkJoinPool.commonPool-worker-3] INFO api.SurveysOfMemberApi - Validation successful for Member ID 93
17:54:49.452 [ForkJoinPool.commonPool-worker-5] INFO api.SurveysOfMemberApi - Validation successful for Member ID 92
17:54:49.546 [ForkJoinPool.commonPool-worker-3] INFO api.SurveysOfMemberApi - Validation successful for Member ID 96
17:54:49.577 [ForkJoinPool.commonPool-worker-7] INFO api.SurveysOfMemberApi - Validation successful for Member ID 95
17:54:49.653 [ForkJoinPool.commonPool-worker-5] INFO api.SurveysOfMemberApi - Validation successful for Member ID 97
17:54:49.741 [ForkJoinPool.commonPool-worker-5] INFO api.SurveysOfMemberApi - Validation successful for Member ID 100
17:54:49.808 [ForkJoinPool.commonPool-worker-3] INFO api.SurveysOfMemberApi - Validation successful for Member ID 98
17:54:49.822 [ForkJoinPool.commonPool-worker-7] INFO api.SurveysOfMemberApi - Validation successful for Member ID 99
17:54:49.982 [ForkJoinPool.commonPool-worker-5] INFO api.SurveysOfMemberApi - Validation successful for Member ID 101
17:54:50.074 [ForkJoinPool.commonPool-worker-3] INFO api.SurveysOfMemberApi - Validation successful for Member ID 102
17:54:50.127 [ForkJoinPool.commonPool-worker-7] INFO api.SurveysOfMemberApi - Validation successful for Member ID 103
17:54:50.173 [ForkJoinPool.commonPool-worker-5] INFO api.SurveysOfMemberApi - Validation successful for Member ID 104
17:54:50.274 [ForkJoinPool.commonPool-worker-7] INFO api.SurveysOfMemberApi - Validation successful for Member ID 106
17:54:50.299 [ForkJoinPool.commonPool-worker-3] INFO api.SurveysOfMemberApi - Validation successful for Member ID 105
17:54:50.327 [ForkJoinPool.commonPool-worker-5] INFO api.SurveysOfMemberApi - Validation successful for Member ID 107
17:54:50.393 [ForkJoinPool.commonPool-worker-3] INFO api.SurveysOfMemberApi - Validation successful for Member ID 109
17:54:50.488 [ForkJoinPool.commonPool-worker-7] INFO api.SurveysOfMemberApi - Validation successful for Member ID 108
17:54:50.495 [ForkJoinPool.commonPool-worker-5] INFO api.SurveysOfMemberApi - Validation successful for Member ID 110
17:54:50.549 [ForkJoinPool.commonPool-worker-3] INFO api.SurveysOfMemberApi - Validation successful for Member ID 111
17:54:50.556 [ForkJoinPool.commonPool-worker-5] INFO api.SurveysOfMemberApi - Validation successful for Member ID 113
17:54:50.695 [ForkJoinPool.commonPool-worker-7] INFO api.SurveysOfMemberApi - Validation successful for Member ID 112
17:54:50.744 [ForkJoinPool.commonPool-worker-5] INFO api.SurveysOfMemberApi - Validation successful for Member ID 115
17:54:50.766 [ForkJoinPool.commonPool-worker-3] INFO api.SurveysOfMemberApi - Validation successful for Member ID 114
17:54:50.796 [ForkJoinPool.commonPool-worker-7] INFO api.SurveysOfMemberApi - Validation successful for Member ID 116
17:54:50.924 [ForkJoinPool.commonPool-worker-5] INFO api.SurveysOfMemberApi - Validation successful for Member ID 117
17:54:50.939 [ForkJoinPool.commonPool-worker-3] INFO api.SurveysOfMemberApi - Validation successful for Member ID 118
17:54:51.033 [ForkJoinPool.commonPool-worker-3] INFO api.SurveysOfMemberApi - Validation successful for Member ID 121
17:54:51.039 [ForkJoinPool.commonPool-worker-7] INFO api.SurveysOfMemberApi - Validation successful for Member ID 119
17:54:51.108 [ForkJoinPool.commonPool-worker-3] INFO api.SurveysOfMemberApi - Validation successful for Member ID 122
17:54:51.155 [ForkJoinPool.commonPool-worker-5] INFO api.SurveysOfMemberApi - Validation successful for Member ID 120
17:54:51.169 [ForkJoinPool.commonPool-worker-7] INFO api.SurveysOfMemberApi - Validation successful for Member ID 123
17:54:51.266 [ForkJoinPool.commonPool-worker-5] INFO api.SurveysOfMemberApi - Validation successful for Member ID 125
17:54:51.273 [ForkJoinPool.commonPool-worker-3] INFO api.SurveysOfMemberApi - Validation successful for Member ID 124
17:54:51.480 [ForkJoinPool.commonPool-worker-7] INFO api.SurveysOfMemberApi - Validation successful for Member ID 126
17:54:51.508 [ForkJoinPool.commonPool-worker-5] INFO api.SurveysOfMemberApi - Validation successful for Member ID 127
17:54:51.606 [ForkJoinPool.commonPool-worker-3] INFO api.SurveysOfMemberApi - Validation successful for Member ID 128
17:54:51.682 [ForkJoinPool.commonPool-worker-5] INFO api.SurveysOfMemberApi - Validation successful for Member ID 130
17:54:51.686 [ForkJoinPool.commonPool-worker-7] INFO api.SurveysOfMemberApi - Validation successful for Member ID 129
17:54:51.803 [ForkJoinPool.commonPool-worker-5] INFO api.SurveysOfMemberApi - Validation successful for Member ID 132
17:54:51.826 [ForkJoinPool.commonPool-worker-3] INFO api.SurveysOfMemberApi - Validation successful for Member ID 131
17:54:51.950 [ForkJoinPool.commonPool-worker-3] INFO api.SurveysOfMemberApi - Validation successful for Member ID 135
17:54:51.951 [ForkJoinPool.commonPool-worker-7] INFO api.SurveysOfMemberApi - Validation successful for Member ID 133
17:54:51.959 [ForkJoinPool.commonPool-worker-5] INFO api.SurveysOfMemberApi - Validation successful for Member ID 134
17:54:52.057 [ForkJoinPool.commonPool-worker-3] INFO api.SurveysOfMemberApi - Validation successful for Member ID 136
17:54:52.090 [ForkJoinPool.commonPool-worker-7] INFO api.SurveysOfMemberApi - Validation successful for Member ID 137
17:54:52.119 [ForkJoinPool.commonPool-worker-5] INFO api.SurveysOfMemberApi - Validation successful for Member ID 138
17:54:52.371 [ForkJoinPool.commonPool-worker-3] INFO api.SurveysOfMemberApi - Validation successful for Member ID 139
17:54:52.419 [ForkJoinPool.commonPool-worker-5] INFO api.SurveysOfMemberApi - Validation successful for Member ID 141
17:54:52.442 [ForkJoinPool.commonPool-worker-7] INFO api.SurveysOfMemberApi - Validation successful for Member ID 140
17:54:52.529 [ForkJoinPool.commonPool-worker-3] INFO api.SurveysOfMemberApi - Validation successful for Member ID 142
17:54:52.671 [ForkJoinPool.commonPool-worker-5] INFO api.SurveysOfMemberApi - Validation successful for Member ID 143
17:54:52.747 [ForkJoinPool.commonPool-worker-7] INFO api.SurveysOfMemberApi - Validation successful for Member ID 144
17:54:52.804 [ForkJoinPool.commonPool-worker-3] INFO api.SurveysOfMemberApi - Validation successful for Member ID 145
17:54:52.844 [ForkJoinPool.commonPool-worker-5] INFO api.SurveysOfMemberApi - Validation successful for Member ID 146
17:54:52.869 [ForkJoinPool.commonPool-worker-7] INFO api.SurveysOfMemberApi - Validation successful for Member ID 147
17:54:52.981 [ForkJoinPool.commonPool-worker-3] INFO api.SurveysOfMemberApi - Validation successful for Member ID 148
17:54:53.007 [ForkJoinPool.commonPool-worker-7] INFO api.SurveysOfMemberApi - Validation successful for Member ID 150
17:54:53.050 [ForkJoinPool.commonPool-worker-5] INFO api.SurveysOfMemberApi - Validation successful for Member ID 149
17:54:53.187 [ForkJoinPool.commonPool-worker-3] INFO api.SurveysOfMemberApi - Validation successful for Member ID 151
17:54:53.226 [ForkJoinPool.commonPool-worker-7] INFO api.SurveysOfMemberApi - Validation successful for Member ID 152
17:54:53.273 [ForkJoinPool.commonPool-worker-5] INFO api.SurveysOfMemberApi - Validation successful for Member ID 153
17:54:53.341 [ForkJoinPool.commonPool-worker-3] INFO api.SurveysOfMemberApi - Validation successful for Member ID 154
17:54:53.440 [ForkJoinPool.commonPool-worker-7] INFO api.SurveysOfMemberApi - Validation successful for Member ID 155
17:54:53.442 [ForkJoinPool.commonPool-worker-5] INFO api.SurveysOfMemberApi - Validation successful for Member ID 156
17:54:53.464 [ForkJoinPool.commonPool-worker-3] INFO api.SurveysOfMemberApi - Validation successful for Member ID 157
17:54:53.495 [ForkJoinPool.commonPool-worker-5] INFO api.SurveysOfMemberApi - Validation successful for Member ID 159
17:54:53.589 [ForkJoinPool.commonPool-worker-3] INFO api.SurveysOfMemberApi - Validation successful for Member ID 160
17:54:53.628 [ForkJoinPool.commonPool-worker-5] INFO api.SurveysOfMemberApi - Validation successful for Member ID 161
17:54:53.709 [ForkJoinPool.commonPool-worker-7] INFO api.SurveysOfMemberApi - Validation successful for Member ID 158
17:54:53.728 [ForkJoinPool.commonPool-worker-5] INFO api.SurveysOfMemberApi - Validation successful for Member ID 163
17:54:53.771 [ForkJoinPool.commonPool-worker-3] INFO api.SurveysOfMemberApi - Validation successful for Member ID 162
17:54:53.816 [ForkJoinPool.commonPool-worker-7] INFO api.SurveysOfMemberApi - Validation successful for Member ID 164
17:54:53.861 [ForkJoinPool.commonPool-worker-5] INFO api.SurveysOfMemberApi - Validation successful for Member ID 165
17:54:53.875 [ForkJoinPool.commonPool-worker-3] INFO api.SurveysOfMemberApi - Validation successful for Member ID 166
17:54:53.983 [ForkJoinPool.commonPool-worker-3] INFO api.SurveysOfMemberApi - Validation successful for Member ID 169
17:54:53.997 [ForkJoinPool.commonPool-worker-5] INFO api.SurveysOfMemberApi - Validation successful for Member ID 168
17:54:54.009 [ForkJoinPool.commonPool-worker-7] INFO api.SurveysOfMemberApi - Validation successful for Member ID 167
17:54:54.151 [ForkJoinPool.commonPool-worker-7] INFO api.SurveysOfMemberApi - Validation successful for Member ID 172
17:54:54.166 [ForkJoinPool.commonPool-worker-3] INFO api.SurveysOfMemberApi - Validation successful for Member ID 170
17:54:54.200 [ForkJoinPool.commonPool-worker-5] INFO api.SurveysOfMemberApi - Validation successful for Member ID 171
17:54:54.243 [ForkJoinPool.commonPool-worker-3] INFO api.SurveysOfMemberApi - Validation successful for Member ID 174
17:54:54.288 [ForkJoinPool.commonPool-worker-5] INFO api.SurveysOfMemberApi - Validation successful for Member ID 175
17:54:54.291 [ForkJoinPool.commonPool-worker-7] INFO api.SurveysOfMemberApi - Validation successful for Member ID 173
17:54:54.334 [ForkJoinPool.commonPool-worker-3] INFO api.SurveysOfMemberApi - Validation successful for Member ID 176
17:54:54.401 [ForkJoinPool.commonPool-worker-5] INFO api.SurveysOfMemberApi - Validation successful for Member ID 177
17:54:54.465 [ForkJoinPool.commonPool-worker-7] INFO api.SurveysOfMemberApi - Validation successful for Member ID 178
17:54:54.487 [ForkJoinPool.commonPool-worker-3] INFO api.SurveysOfMemberApi - Validation successful for Member ID 179
17:54:54.523 [ForkJoinPool.commonPool-worker-5] INFO api.SurveysOfMemberApi - Validation successful for Member ID 180
17:54:54.536 [ForkJoinPool.commonPool-worker-7] INFO api.SurveysOfMemberApi - Validation successful for Member ID 181
17:54:54.602 [ForkJoinPool.commonPool-worker-3] INFO api.SurveysOfMemberApi - Validation successful for Member ID 182
17:54:54.628 [ForkJoinPool.commonPool-worker-5] INFO api.SurveysOfMemberApi - Validation successful for Member ID 183
17:54:54.708 [ForkJoinPool.commonPool-worker-7] INFO api.SurveysOfMemberApi - Validation successful for Member ID 184
17:54:54.818 [ForkJoinPool.commonPool-worker-3] INFO api.SurveysOfMemberApi - Validation successful for Member ID 185
17:54:54.845 [ForkJoinPool.commonPool-worker-5] INFO api.SurveysOfMemberApi - Validation successful for Member ID 186
17:54:54.917 [ForkJoinPool.commonPool-worker-7] INFO api.SurveysOfMemberApi - Validation successful for Member ID 187
17:54:54.956 [ForkJoinPool.commonPool-worker-3] INFO api.SurveysOfMemberApi - Validation successful for Member ID 188
17:54:54.964 [ForkJoinPool.commonPool-worker-5] INFO api.SurveysOfMemberApi - Validation successful for Member ID 189
17:54:54.989 [ForkJoinPool.commonPool-worker-7] INFO api.SurveysOfMemberApi - Validation successful for Member ID 190
17:54:55.055 [ForkJoinPool.commonPool-worker-3] INFO api.SurveysOfMemberApi - Validation successful for Member ID 191
17:54:55.160 [ForkJoinPool.commonPool-worker-5] INFO api.SurveysOfMemberApi - Validation successful for Member ID 192
17:54:55.188 [ForkJoinPool.commonPool-worker-7] INFO api.SurveysOfMemberApi - Validation successful for Member ID 193
17:54:55.210 [ForkJoinPool.commonPool-worker-3] INFO api.SurveysOfMemberApi - Validation successful for Member ID 194
17:54:55.274 [ForkJoinPool.commonPool-worker-5] INFO api.SurveysOfMemberApi - Validation successful for Member ID 195
17:54:55.290 [ForkJoinPool.commonPool-worker-7] INFO api.SurveysOfMemberApi - Validation successful for Member ID 196
17:54:55.409 [ForkJoinPool.commonPool-worker-3] INFO api.SurveysOfMemberApi - Validation successful for Member ID 197
17:54:55.425 [ForkJoinPool.commonPool-worker-5] INFO api.SurveysOfMemberApi - Validation successful for Member ID 198
17:54:55.434 [ForkJoinPool.commonPool-worker-7] INFO api.SurveysOfMemberApi - Validation successful for Member ID 199
17:54:55.548 [ForkJoinPool.commonPool-worker-3] INFO api.SurveysOfMemberApi - Validation successful for Member ID 200
17:54:55.627 [ForkJoinPool.commonPool-worker-7] INFO api.SurveysOfMemberApi - Validation successful for Member ID 202
17:54:55.660 [ForkJoinPool.commonPool-worker-5] INFO api.SurveysOfMemberApi - Validation successful for Member ID 201
17:54:55.665 [ForkJoinPool.commonPool-worker-3] INFO api.SurveysOfMemberApi - Validation successful for Member ID 203
17:54:55.707 [ForkJoinPool.commonPool-worker-7] INFO api.SurveysOfMemberApi - Validation successful for Member ID 204
17:54:55.774 [ForkJoinPool.commonPool-worker-7] INFO api.SurveysOfMemberApi - Validation successful for Member ID 207
17:54:55.819 [ForkJoinPool.commonPool-worker-5] INFO api.SurveysOfMemberApi - Validation successful for Member ID 205
17:54:55.819 [ForkJoinPool.commonPool-worker-3] INFO api.SurveysOfMemberApi - Validation successful for Member ID 206
17:54:55.853 [ForkJoinPool.commonPool-worker-7] INFO api.SurveysOfMemberApi - Validation successful for Member ID 208
17:54:55.909 [ForkJoinPool.commonPool-worker-5] INFO api.SurveysOfMemberApi - Validation successful for Member ID 209
17:54:55.965 [ForkJoinPool.commonPool-worker-7] INFO api.SurveysOfMemberApi - Validation successful for Member ID 211
17:54:55.994 [ForkJoinPool.commonPool-worker-3] INFO api.SurveysOfMemberApi - Validation successful for Member ID 210
17:54:56.045 [ForkJoinPool.commonPool-worker-5] INFO api.SurveysOfMemberApi - Validation successful for Member ID 212
17:54:56.119 [ForkJoinPool.commonPool-worker-3] INFO api.SurveysOfMemberApi - Validation successful for Member ID 214
17:54:56.170 [ForkJoinPool.commonPool-worker-7] INFO api.SurveysOfMemberApi - Validation successful for Member ID 213
17:54:56.232 [ForkJoinPool.commonPool-worker-5] INFO api.SurveysOfMemberApi - Validation successful for Member ID 215
17:54:56.242 [ForkJoinPool.commonPool-worker-3] INFO api.SurveysOfMemberApi - Validation successful for Member ID 216
17:54:56.345 [ForkJoinPool.commonPool-worker-7] INFO api.SurveysOfMemberApi - Validation successful for Member ID 217
17:54:56.395 [ForkJoinPool.commonPool-worker-5] INFO api.SurveysOfMemberApi - Validation successful for Member ID 218
17:54:56.425 [ForkJoinPool.commonPool-worker-3] INFO api.SurveysOfMemberApi - Validation successful for Member ID 219
17:54:56.492 [ForkJoinPool.commonPool-worker-7] INFO api.SurveysOfMemberApi - Validation successful for Member ID 220
17:54:56.496 [ForkJoinPool.commonPool-worker-5] INFO api.SurveysOfMemberApi - Validation successful for Member ID 221
17:54:56.566 [ForkJoinPool.commonPool-worker-3] INFO api.SurveysOfMemberApi - Validation successful for Member ID 222
17:54:56.622 [ForkJoinPool.commonPool-worker-5] INFO api.SurveysOfMemberApi - Validation successful for Member ID 224
17:54:56.622 [ForkJoinPool.commonPool-worker-7] INFO api.SurveysOfMemberApi - Validation successful for Member ID 223
17:54:56.714 [ForkJoinPool.commonPool-worker-3] INFO api.SurveysOfMemberApi - Validation successful for Member ID 225
17:54:56.747 [ForkJoinPool.commonPool-worker-5] INFO api.SurveysOfMemberApi - Validation successful for Member ID 226
17:54:56.821 [ForkJoinPool.commonPool-worker-7] INFO api.SurveysOfMemberApi - Validation successful for Member ID 227
17:54:56.835 [ForkJoinPool.commonPool-worker-3] INFO api.SurveysOfMemberApi - Validation successful for Member ID 228
17:54:56.943 [ForkJoinPool.commonPool-worker-5] INFO api.SurveysOfMemberApi - Validation successful for Member ID 229
17:54:56.980 [ForkJoinPool.commonPool-worker-3] INFO api.SurveysOfMemberApi - Validation successful for Member ID 231
17:54:57.044 [ForkJoinPool.commonPool-worker-7] INFO api.SurveysOfMemberApi - Validation successful for Member ID 230
17:54:57.106 [ForkJoinPool.commonPool-worker-3] INFO api.SurveysOfMemberApi - Validation successful for Member ID 233
17:54:57.121 [ForkJoinPool.commonPool-worker-5] INFO api.SurveysOfMemberApi - Validation successful for Member ID 232
17:54:57.192 [ForkJoinPool.commonPool-worker-7] INFO api.SurveysOfMemberApi - Validation successful for Member ID 234
17:54:57.250 [ForkJoinPool.commonPool-worker-5] INFO api.SurveysOfMemberApi - Validation successful for Member ID 236
17:54:57.262 [ForkJoinPool.commonPool-worker-7] INFO api.SurveysOfMemberApi - Validation successful for Member ID 237
17:54:57.285 [ForkJoinPool.commonPool-worker-3] INFO api.SurveysOfMemberApi - Validation successful for Member ID 235
17:54:57.315 [ForkJoinPool.commonPool-worker-5] INFO api.SurveysOfMemberApi - Validation successful for Member ID 238
17:54:57.389 [ForkJoinPool.commonPool-worker-7] INFO api.SurveysOfMemberApi - Validation successful for Member ID 239
17:54:57.398 [ForkJoinPool.commonPool-worker-3] INFO api.SurveysOfMemberApi - Validation successful for Member ID 240
17:54:57.442 [ForkJoinPool.commonPool-worker-5] INFO api.SurveysOfMemberApi - Validation successful for Member ID 241
17:54:57.505 [ForkJoinPool.commonPool-worker-7] INFO api.SurveysOfMemberApi - Validation successful for Member ID 242
17:54:57.511 [ForkJoinPool.commonPool-worker-3] INFO api.SurveysOfMemberApi - Validation successful for Member ID 243
17:54:57.643 [ForkJoinPool.commonPool-worker-5] INFO api.SurveysOfMemberApi - Validation successful for Member ID 244
17:54:57.663 [ForkJoinPool.commonPool-worker-7] INFO api.SurveysOfMemberApi - Validation successful for Member ID 245
17:54:57.685 [ForkJoinPool.commonPool-worker-3] INFO api.SurveysOfMemberApi - Validation successful for Member ID 246
17:54:57.722 [ForkJoinPool.commonPool-worker-5] INFO api.SurveysOfMemberApi - Validation successful for Member ID 247
17:54:57.768 [ForkJoinPool.commonPool-worker-3] INFO api.SurveysOfMemberApi - Validation successful for Member ID 249
17:54:57.807 [ForkJoinPool.commonPool-worker-7] INFO api.SurveysOfMemberApi - Validation successful for Member ID 248
17:54:57.865 [ForkJoinPool.commonPool-worker-5] INFO api.SurveysOfMemberApi - Validation successful for Member ID 250
17:54:57.884 [ForkJoinPool.commonPool-worker-7] INFO api.SurveysOfMemberApi - Validation successful for Member ID 252
17:54:57.884 [ForkJoinPool.commonPool-worker-3] INFO api.SurveysOfMemberApi - Validation successful for Member ID 251
17:54:57.969 [ForkJoinPool.commonPool-worker-5] INFO api.SurveysOfMemberApi - Validation successful for Member ID 253
17:54:58.023 [ForkJoinPool.commonPool-worker-3] INFO api.SurveysOfMemberApi - Validation successful for Member ID 255
17:54:58.035 [ForkJoinPool.commonPool-worker-7] INFO api.SurveysOfMemberApi - Validation successful for Member ID 254
17:54:58.057 [ForkJoinPool.commonPool-worker-5] INFO api.SurveysOfMemberApi - Validation successful for Member ID 256
17:54:58.117 [ForkJoinPool.commonPool-worker-3] INFO api.SurveysOfMemberApi - Validation successful for Member ID 257
17:54:58.122 [ForkJoinPool.commonPool-worker-7] INFO api.SurveysOfMemberApi - Validation successful for Member ID 258
17:54:58.191 [ForkJoinPool.commonPool-worker-5] INFO api.SurveysOfMemberApi - Validation successful for Member ID 259
17:54:58.220 [ForkJoinPool.commonPool-worker-3] INFO api.SurveysOfMemberApi - Validation successful for Member ID 260
17:54:58.378 [ForkJoinPool.commonPool-worker-7] INFO api.SurveysOfMemberApi - Validation successful for Member ID 261
17:54:58.419 [ForkJoinPool.commonPool-worker-5] INFO api.SurveysOfMemberApi - Validation successful for Member ID 262
17:54:58.458 [ForkJoinPool.commonPool-worker-3] INFO api.SurveysOfMemberApi - Validation successful for Member ID 263
17:54:58.525 [ForkJoinPool.commonPool-worker-5] INFO api.SurveysOfMemberApi - Validation successful for Member ID 265
17:54:58.558 [ForkJoinPool.commonPool-worker-3] INFO api.SurveysOfMemberApi - Validation successful for Member ID 266
17:54:58.591 [ForkJoinPool.commonPool-worker-7] INFO api.SurveysOfMemberApi - Validation successful for Member ID 264
17:54:58.610 [ForkJoinPool.commonPool-worker-5] INFO api.SurveysOfMemberApi - Validation successful for Member ID 267
17:54:58.650 [ForkJoinPool.commonPool-worker-3] INFO api.SurveysOfMemberApi - Validation successful for Member ID 268
17:54:58.682 [ForkJoinPool.commonPool-worker-7] INFO api.SurveysOfMemberApi - Validation successful for Member ID 269
17:54:58.761 [ForkJoinPool.commonPool-worker-5] INFO api.SurveysOfMemberApi - Validation successful for Member ID 270
17:54:58.827 [ForkJoinPool.commonPool-worker-3] INFO api.SurveysOfMemberApi - Validation successful for Member ID 271
17:54:58.859 [ForkJoinPool.commonPool-worker-5] INFO api.SurveysOfMemberApi - Validation successful for Member ID 273
17:54:58.862 [ForkJoinPool.commonPool-worker-7] INFO api.SurveysOfMemberApi - Validation successful for Member ID 272
17:54:59.064 [ForkJoinPool.commonPool-worker-3] INFO api.SurveysOfMemberApi - Validation successful for Member ID 274
17:54:59.068 [ForkJoinPool.commonPool-worker-5] INFO api.SurveysOfMemberApi - Validation successful for Member ID 275
17:54:59.127 [ForkJoinPool.commonPool-worker-7] INFO api.SurveysOfMemberApi - Validation successful for Member ID 276
17:54:59.162 [ForkJoinPool.commonPool-worker-3] INFO api.SurveysOfMemberApi - Validation successful for Member ID 277
17:54:59.189 [ForkJoinPool.commonPool-worker-7] INFO api.SurveysOfMemberApi - Validation successful for Member ID 279
17:54:59.215 [ForkJoinPool.commonPool-worker-3] INFO api.SurveysOfMemberApi - Validation successful for Member ID 280
17:54:59.225 [ForkJoinPool.commonPool-worker-5] INFO api.SurveysOfMemberApi - Validation successful for Member ID 278
17:54:59.308 [ForkJoinPool.commonPool-worker-7] INFO api.SurveysOfMemberApi - Validation successful for Member ID 281
17:54:59.330 [ForkJoinPool.commonPool-worker-3] INFO api.SurveysOfMemberApi - Validation successful for Member ID 282
17:54:59.438 [ForkJoinPool.commonPool-worker-3] INFO api.SurveysOfMemberApi - Validation successful for Member ID 285
17:54:59.443 [ForkJoinPool.commonPool-worker-5] INFO api.SurveysOfMemberApi - Validation successful for Member ID 283
17:54:59.478 [ForkJoinPool.commonPool-worker-7] INFO api.SurveysOfMemberApi - Validation successful for Member ID 284
17:54:59.541 [ForkJoinPool.commonPool-worker-5] INFO api.SurveysOfMemberApi - Validation successful for Member ID 287
17:54:59.581 [ForkJoinPool.commonPool-worker-7] INFO api.SurveysOfMemberApi - Validation successful for Member ID 288
17:54:59.610 [ForkJoinPool.commonPool-worker-3] INFO api.SurveysOfMemberApi - Validation successful for Member ID 286
17:54:59.683 [ForkJoinPool.commonPool-worker-5] INFO api.SurveysOfMemberApi - Validation successful for Member ID 289
17:54:59.738 [ForkJoinPool.commonPool-worker-7] INFO api.SurveysOfMemberApi - Validation successful for Member ID 290
17:54:59.830 [ForkJoinPool.commonPool-worker-3] INFO api.SurveysOfMemberApi - Validation successful for Member ID 291
17:54:59.870 [ForkJoinPool.commonPool-worker-5] INFO api.SurveysOfMemberApi - Validation successful for Member ID 292
17:54:59.943 [ForkJoinPool.commonPool-worker-3] INFO api.SurveysOfMemberApi - Validation successful for Member ID 294
17:54:59.967 [ForkJoinPool.commonPool-worker-7] INFO api.SurveysOfMemberApi - Validation successful for Member ID 293
17:54:59.972 [ForkJoinPool.commonPool-worker-5] INFO api.SurveysOfMemberApi - Validation successful for Member ID 295
17:55:00.035 [ForkJoinPool.commonPool-worker-5] INFO api.SurveysOfMemberApi - Validation successful for Member ID 298
17:55:00.092 [ForkJoinPool.commonPool-worker-5] INFO api.SurveysOfMemberApi - Validation successful for Member ID 299
17:55:00.098 [ForkJoinPool.commonPool-worker-3] INFO api.SurveysOfMemberApi - Validation successful for Member ID 296
17:55:00.101 [ForkJoinPool.commonPool-worker-7] INFO api.SurveysOfMemberApi - Validation successful for Member ID 297
17:55:00.137 [ForkJoinPool.commonPool-worker-5] INFO api.SurveysOfMemberApi - Validation successful for Member ID 300
]]></system-out>
  </testcase>
</testsuite>