<?xml version="1.0" encoding="UTF-8"?>
<testsuite xmlns:xsi="http://www.w3.org/2001/XMLSchema-instance" xsi:noNamespaceSchemaLocation="https://maven.apache.org/surefire/maven-surefire-plugin/xsd/surefire-test-report.xsd" version="3.0.2" name="tests.integration.AvailableMembersTest" time="5.002" tests="4" errors="0" skipped="0" failures="0">
  <properties>
    <property name="awt.toolkit" value="sun.awt.X11.XToolkit"/>
    <property name="java.specification.version" value="11"/>
    <property name="sun.cpu.isalist" value=""/>
    <property name="sun.jnu.encoding" value="UTF-8"/>
    <property name="java.class.path" value="/home/runner/work/survey_QA/survey_QA/target/test-classes:/home/runner/work/survey_QA/survey_QA/target/classes:/home/runner/.m2/repository/org/junit/jupiter/junit-jupiter/5.10.0/junit-jupiter-5.10.0.jar:/home/runner/.m2/repository/org/junit/jupiter/junit-jupiter-api/5.10.0/junit-jupiter-api-5.10.0.jar:/home/runner/.m2/repository/org/opentest4j/opentest4j/1.3.0/opentest4j-1.3.0.jar:/home/runner/.m2/repository/org/junit/platform/junit-platform-commons/1.10.0/junit-platform-commons-1.10.0.jar:/home/runner/.m2/repository/org/apiguardian/apiguardian-api/1.1.2/apiguardian-api-1.1.2.jar:/home/runner/.m2/repository/org/junit/jupiter/junit-jupiter-params/5.10.0/junit-jupiter-params-5.10.0.jar:/home/runner/.m2/repository/org/junit/jupiter/junit-jupiter-engine/5.10.0/junit-jupiter-engine-5.10.0.jar:/home/runner/.m2/repository/org/junit/platform/junit-platform-engine/1.10.0/junit-platform-engine-1.10.0.jar:/home/runner/.m2/repository/io/qameta/allure/allure-junit5/2.24.0/allure-junit5-2.24.0.jar:/home/runner/.m2/repository/io/qameta/allure/allure-junit-platform/2.24.0/allure-junit-platform-2.24.0.jar:/home/runner/.m2/repository/io/qameta/allure/allure-java-commons/2.24.0/allure-java-commons-2.24.0.jar:/home/runner/.m2/repository/io/qameta/allure/allure-model/2.24.0/allure-model-2.24.0.jar:/home/runner/.m2/repository/io/qameta/allure/allure-test-filter/2.24.0/allure-test-filter-2.24.0.jar:/home/runner/.m2/repository/org/junit/platform/junit-platform-launcher/1.9.2/junit-platform-launcher-1.9.2.jar:/home/runner/.m2/repository/io/rest-assured/rest-assured/5.3.0/rest-assured-5.3.0.jar:/home/runner/.m2/repository/org/apache/groovy/groovy/4.0.6/groovy-4.0.6.jar:/home/runner/.m2/repository/org/apache/groovy/groovy-xml/4.0.6/groovy-xml-4.0.6.jar:/home/runner/.m2/repository/org/apache/httpcomponents/httpclient/4.5.13/httpclient-4.5.13.jar:/home/runner/.m2/repository/org/apache/httpcomponents/httpcore/4.4.13/httpcore-4.4.13.jar:/home/runner/.m2/repository/commons-logging/commons-logging/1.2/commons-logging-1.2.jar:/home/runner/.m2/repository/commons-codec/commons-codec/1.11/commons-codec-1.11.jar:/home/runner/.m2/repository/org/apache/httpcomponents/httpmime/4.5.13/httpmime-4.5.13.jar:/home/runner/.m2/repository/org/hamcrest/hamcrest/2.1/hamcrest-2.1.jar:/home/runner/.m2/repository/org/ccil/cowan/tagsoup/tagsoup/1.2.1/tagsoup-1.2.1.jar:/home/runner/.m2/repository/io/rest-assured/xml-path/5.3.0/xml-path-5.3.0.jar:/home/runner/.m2/repository/org/apache/commons/commons-lang3/3.11/commons-lang3-3.11.jar:/home/runner/.m2/repository/io/qameta/allure/allure-rest-assured/2.24.0/allure-rest-assured-2.24.0.jar:/home/runner/.m2/repository/io/qameta/allure/allure-attachments/2.24.0/allure-attachments-2.24.0.jar:/home/runner/.m2/repository/org/freemarker/freemarker/2.3.31/freemarker-2.3.31.jar:/home/runner/.m2/repository/org/slf4j/slf4j-api/1.7.32/slf4j-api-1.7.32.jar:/home/runner/.m2/repository/ch/qos/logback/logback-classic/1.2.6/logback-classic-1.2.6.jar:/home/runner/.m2/repository/ch/qos/logback/logback-core/1.2.6/logback-core-1.2.6.jar:/home/runner/.m2/repository/org/apache/commons/commons-csv/1.9.0/commons-csv-1.9.0.jar:/home/runner/.m2/repository/io/rest-assured/json-path/5.1.1/json-path-5.1.1.jar:/home/runner/.m2/repository/org/apache/groovy/groovy-json/4.0.1/groovy-json-4.0.1.jar:/home/runner/.m2/repository/io/rest-assured/rest-assured-common/5.1.1/rest-assured-common-5.1.1.jar:/home/runner/.m2/repository/io/rest-assured/json-schema-validator/5.3.0/json-schema-validator-5.3.0.jar:/home/runner/.m2/repository/com/github/java-json-tools/json-schema-validator/2.2.14/json-schema-validator-2.2.14.jar:/home/runner/.m2/repository/com/google/guava/guava/28.2-android/guava-28.2-android.jar:/home/runner/.m2/repository/com/google/guava/failureaccess/1.0.1/failureaccess-1.0.1.jar:/home/runner/.m2/repository/com/google/guava/listenablefuture/9999.0-empty-to-avoid-conflict-with-guava/listenablefuture-9999.0-empty-to-avoid-conflict-with-guava.jar:/home/runner/.m2/repository/org/checkerframework/checker-compat-qual/2.5.5/checker-compat-qual-2.5.5.jar:/home/runner/.m2/repository/com/google/j2objc/j2objc-annotations/1.3/j2objc-annotations-1.3.jar:/home/runner/.m2/repository/com/github/java-json-tools/jackson-coreutils-equivalence/1.0/jackson-coreutils-equivalence-1.0.jar:/home/runner/.m2/repository/com/github/java-json-tools/jackson-coreutils/2.0/jackson-coreutils-2.0.jar:/home/runner/.m2/repository/com/github/java-json-tools/msg-simple/1.2/msg-simple-1.2.jar:/home/runner/.m2/repository/com/github/java-json-tools/btf/1.3/btf-1.3.jar:/home/runner/.m2/repository/com/github/java-json-tools/json-schema-core/1.2.14/json-schema-core-1.2.14.jar:/home/runner/.m2/repository/com/github/java-json-tools/uri-template/0.10/uri-template-0.10.jar:/home/runner/.m2/repository/org/mozilla/rhino/1.7.7.2/rhino-1.7.7.2.jar:/home/runner/.m2/repository/com/sun/mail/mailapi/1.6.2/mailapi-1.6.2.jar:/home/runner/.m2/repository/joda-time/joda-time/2.10.5/joda-time-2.10.5.jar:/home/runner/.m2/repository/com/googlecode/libphonenumber/libphonenumber/8.11.1/libphonenumber-8.11.1.jar:/home/runner/.m2/repository/com/google/code/findbugs/jsr305/3.0.2/jsr305-3.0.2.jar:/home/runner/.m2/repository/net/sf/jopt-simple/jopt-simple/5.0.4/jopt-simple-5.0.4.jar:/home/runner/.m2/repository/io/gatling/highcharts/gatling-charts-highcharts/3.13.4/gatling-charts-highcharts-3.13.4.jar:/home/runner/.m2/repository/org/scala-lang/scala-library/2.13.16/scala-library-2.13.16.jar:/home/runner/.m2/repository/io/gatling/gatling-recorder/3.13.4/gatling-recorder-3.13.4.jar:/home/runner/.m2/repository/org/scala-lang/modules/scala-swing_2.13/3.0.0/scala-swing_2.13-3.0.0.jar:/home/runner/.m2/repository/io/gatling/gatling-recorder-bc-shaded/1.80.0/gatling-recorder-bc-shaded-1.80.0.jar:/home/runner/.m2/repository/io/netty/netty-codec-http/4.1.118.Final/netty-codec-http-4.1.118.Final.jar:/home/runner/.m2/repository/io/gatling/gatling-app/3.13.4/gatling-app-3.13.4.jar:/home/runner/.m2/repository/io/gatling/gatling-core-java/3.13.4/gatling-core-java-3.13.4.jar:/home/runner/.m2/repository/net/jodah/typetools/0.6.3/typetools-0.6.3.jar:/home/runner/.m2/repository/com/github/spotbugs/spotbugs-annotations/4.9.1/spotbugs-annotations-4.9.1.jar:/home/runner/.m2/repository/io/gatling/gatling-http-java/3.13.4/gatling-http-java-3.13.4.jar:/home/runner/.m2/repository/io/gatling/gatling-jms/3.13.4/gatling-jms-3.13.4.jar:/home/runner/.m2/repository/javax/jms/javax.jms-api/2.0.1/javax.jms-api-2.0.1.jar:/home/runner/.m2/repository/com/eatthepath/fast-uuid/0.2.0/fast-uuid-0.2.0.jar:/home/runner/.m2/repository/io/gatling/gatling-jms-java/3.13.4/gatling-jms-java-3.13.4.jar:/home/runner/.m2/repository/io/gatling/gatling-jdbc/3.13.4/gatling-jdbc-3.13.4.jar:/home/runner/.m2/repository/io/gatling/gatling-jdbc-java/3.13.4/gatling-jdbc-java-3.13.4.jar:/home/runner/.m2/repository/io/gatling/gatling-redis/3.13.4/gatling-redis-3.13.4.jar:/home/runner/.m2/repository/net/debasishg/redisclient_2.13/3.42/redisclient_2.13-3.42.jar:/home/runner/.m2/repository/org/apache/commons/commons-pool2/2.8.0/commons-pool2-2.8.0.jar:/home/runner/.m2/repository/io/gatling/gatling-redis-java/3.13.4/gatling-redis-java-3.13.4.jar:/home/runner/.m2/repository/io/gatling/gatling-charts/3.13.4/gatling-charts-3.13.4.jar:/home/runner/.m2/repository/com/tdunning/t-digest/3.3/t-digest-3.3.jar:/home/runner/.m2/repository/io/gatling/gatling-core/3.13.4/gatling-core-3.13.4.jar:/home/runner/.m2/repository/io/gatling/gatling-netty-util/3.13.4/gatling-netty-util-3.13.4.jar:/home/runner/.m2/repository/io/gatling/gatling-shared-util_2.13/0.0.12/gatling-shared-util_2.13-0.0.12.jar:/home/runner/.m2/repository/org/scala-lang/modules/scala-collection-compat_2.13/2.12.0/scala-collection-compat_2.13-2.12.0.jar:/home/runner/.m2/repository/io/netty/netty-buffer/4.1.118.Final/netty-buffer-4.1.118.Final.jar:/home/runner/.m2/repository/io/netty/netty-transport-native-epoll/4.1.118.Final/netty-transport-native-epoll-4.1.118.Final-linux-x86_64.jar:/home/runner/.m2/repository/io/netty/netty-transport-classes-epoll/4.1.118.Final/netty-transport-classes-epoll-4.1.118.Final.jar:/home/runner/.m2/repository/io/netty/netty-transport-native-epoll/4.1.118.Final/netty-transport-native-epoll-4.1.118.Final-linux-aarch_64.jar:/home/runner/.m2/repository/io/netty/incubator/netty-incubator-transport-native-io_uring/0.0.26.Final/netty-incubator-transport-native-io_uring-0.0.26.Final-linux-x86_64.jar:/home/runner/.m2/repository/io/netty/incubator/netty-incubator-transport-classes-io_uring/0.0.26.Final/netty-incubator-transport-classes-io_uring-0.0.26.Final.jar:/home/runner/.m2/repository/io/netty/incubator/netty-incubator-transport-native-io_uring/0.0.26.Final/netty-incubator-transport-native-io_uring-0.0.26.Final-linux-aarch_64.jar:/home/runner/.m2/repository/io/gatling/gatling-quicklens/3.13.4/gatling-quicklens-3.13.4.jar:/home/runner/.m2/repository/io/gatling/gatling-commons/3.13.4/gatling-commons-3.13.4.jar:/home/runner/.m2/repository/com/typesafe/config/1.4.3/config-1.4.3.jar:/home/runner/.m2/repository/io/github/metarank/cfor_2.13/0.3/cfor_2.13-0.3.jar:/home/runner/.m2/repository/org/scala-lang/scala-reflect/2.13.10/scala-reflect-2.13.10.jar:/home/runner/.m2/repository/com/typesafe/scala-logging/scala-logging_2.13/3.9.5/scala-logging_2.13-3.9.5.jar:/home/runner/.m2/repository/io/gatling/gatling-jsonpath/3.13.4/gatling-jsonpath-3.13.4.jar:/home/runner/.m2/repository/io/gatling/gatling-shared-model_2.13/0.0.11/gatling-shared-model_2.13-0.0.11.jar:/home/runner/.m2/repository/io/suzaku/boopickle_2.13/1.5.0/boopickle_2.13-1.5.0.jar:/home/runner/.m2/repository/io/gatling/gatling-shared-cli/0.0.6/gatling-shared-cli-0.0.6.jar:/home/runner/.m2/repository/org/simpleflatmapper/lightning-csv/9.0.2/lightning-csv-9.0.2.jar:/home/runner/.m2/repository/org/simpleflatmapper/sfm-util/9.0.2/sfm-util-9.0.2.jar:/home/runner/.m2/repository/com/github/ben-manes/caffeine/caffeine/3.2.0/caffeine-3.2.0.jar:/home/runner/.m2/repository/org/jspecify/jspecify/1.0.0/jspecify-1.0.0.jar:/home/runner/.m2/repository/com/google/errorprone/error_prone_annotations/2.36.0/error_prone_annotations-2.36.0.jar:/home/runner/.m2/repository/io/pebbletemplates/pebble/3.2.3/pebble-3.2.3.jar:/home/runner/.m2/repository/org/unbescape/unbescape/1.1.6.RELEASE/unbescape-1.1.6.RELEASE.jar:/home/runner/.m2/repository/org/scala-lang/modules/scala-parser-combinators_2.13/2.4.0/scala-parser-combinators_2.13-2.4.0.jar:/home/runner/.m2/repository/com/github/scopt/scopt_2.13/3.7.1/scopt_2.13-3.7.1.jar:/home/runner/.m2/repository/io/netty/netty-handler/4.1.118.Final/netty-handler-4.1.118.Final.jar:/home/runner/.m2/repository/io/netty/netty-common/4.1.118.Final/netty-common-4.1.118.Final.jar:/home/runner/.m2/repository/io/netty/netty-resolver/4.1.118.Final/netty-resolver-4.1.118.Final.jar:/home/runner/.m2/repository/io/netty/netty-transport/4.1.118.Final/netty-transport-4.1.118.Final.jar:/home/runner/.m2/repository/io/netty/netty-transport-native-unix-common/4.1.118.Final/netty-transport-native-unix-common-4.1.118.Final.jar:/home/runner/.m2/repository/io/netty/netty-codec/4.1.118.Final/netty-codec-4.1.118.Final.jar:/home/runner/.m2/repository/io/netty/netty-tcnative-classes/2.0.70.Final/netty-tcnative-classes-2.0.70.Final.jar:/home/runner/.m2/repository/io/netty/netty-tcnative-boringssl-static/2.0.70.Final/netty-tcnative-boringssl-static-2.0.70.Final.jar:/home/runner/.m2/repository/io/netty/netty-tcnative-boringssl-static/2.0.70.Final/netty-tcnative-boringssl-static-2.0.70.Final-linux-x86_64.jar:/home/runner/.m2/repository/io/netty/netty-tcnative-boringssl-static/2.0.70.Final/netty-tcnative-boringssl-static-2.0.70.Final-linux-aarch_64.jar:/home/runner/.m2/repository/io/netty/netty-tcnative-boringssl-static/2.0.70.Final/netty-tcnative-boringssl-static-2.0.70.Final-osx-x86_64.jar:/home/runner/.m2/repository/io/netty/netty-tcnative-boringssl-static/2.0.70.Final/netty-tcnative-boringssl-static-2.0.70.Final-osx-aarch_64.jar:/home/runner/.m2/repository/io/netty/netty-tcnative-boringssl-static/2.0.70.Final/netty-tcnative-boringssl-static-2.0.70.Final-windows-x86_64.jar:/home/runner/.m2/repository/com/fasterxml/jackson/core/jackson-databind/2.18.2/jackson-databind-2.18.2.jar:/home/runner/.m2/repository/com/fasterxml/jackson/core/jackson-annotations/2.18.2/jackson-annotations-2.18.2.jar:/home/runner/.m2/repository/com/fasterxml/jackson/core/jackson-core/2.18.2/jackson-core-2.18.2.jar:/home/runner/.m2/repository/net/sf/saxon/Saxon-HE/12.5/Saxon-HE-12.5.jar:/home/runner/.m2/repository/org/xmlresolver/xmlresolver/6.0.12/xmlresolver-6.0.12.jar:/home/runner/.m2/repository/org/xmlresolver/xmlresolver/6.0.12/xmlresolver-6.0.12-data.jar:/home/runner/.m2/repository/org/jodd/jodd-lagarto/6.0.6/jodd-lagarto-6.0.6.jar:/home/runner/.m2/repository/org/jodd/jodd-util/6.3.0/jodd-util-6.3.0.jar:/home/runner/.m2/repository/io/burt/jmespath-jackson/0.6.0/jmespath-jackson-0.6.0.jar:/home/runner/.m2/repository/io/burt/jmespath-core/0.6.0/jmespath-core-0.6.0.jar:/home/runner/.m2/repository/io/gatling/gatling-http/3.13.4/gatling-http-3.13.4.jar:/home/runner/.m2/repository/io/gatling/gatling-http-client/3.13.4/gatling-http-client-3.13.4.jar:/home/runner/.m2/repository/io/netty/netty-handler-proxy/4.1.118.Final/netty-handler-proxy-4.1.118.Final.jar:/home/runner/.m2/repository/io/netty/netty-codec-socks/4.1.118.Final/netty-codec-socks-4.1.118.Final.jar:/home/runner/.m2/repository/io/netty/netty-resolver-dns/4.1.118.Final/netty-resolver-dns-4.1.118.Final.jar:/home/runner/.m2/repository/io/netty/netty-codec-dns/4.1.118.Final/netty-codec-dns-4.1.118.Final.jar:/home/runner/.m2/repository/io/netty/netty-codec-http2/4.1.118.Final/netty-codec-http2-4.1.118.Final.jar:/home/runner/.m2/repository/io/netty/netty-resolver-dns-native-macos/4.1.118.Final/netty-resolver-dns-native-macos-4.1.118.Final-osx-x86_64.jar:/home/runner/.m2/repository/io/netty/netty-resolver-dns-classes-macos/4.1.118.Final/netty-resolver-dns-classes-macos-4.1.118.Final.jar:/home/runner/.m2/repository/io/netty/netty-resolver-dns-native-macos/4.1.118.Final/netty-resolver-dns-native-macos-4.1.118.Final-osx-aarch_64.jar:/home/runner/.m2/repository/com/aayushatharva/brotli4j/brotli4j/1.18.0/brotli4j-1.18.0.jar:/home/runner/.m2/repository/com/aayushatharva/brotli4j/service/1.18.0/service-1.18.0.jar:/home/runner/.m2/repository/com/aayushatharva/brotli4j/native-linux-x86_64/1.18.0/native-linux-x86_64-1.18.0.jar:/home/runner/.m2/repository/com/aayushatharva/brotli4j/native-linux-aarch64/1.18.0/native-linux-aarch64-1.18.0.jar:/home/runner/.m2/repository/com/aayushatharva/brotli4j/native-osx-x86_64/1.18.0/native-osx-x86_64-1.18.0.jar:/home/runner/.m2/repository/com/aayushatharva/brotli4j/native-osx-aarch64/1.18.0/native-osx-aarch64-1.18.0.jar:/home/runner/.m2/repository/com/aayushatharva/brotli4j/native-windows-x86_64/1.18.0/native-windows-x86_64-1.18.0.jar:"/>
    <property name="java.vm.vendor" value="Eclipse Adoptium"/>
    <property name="sun.arch.data.model" value="64"/>
    <property name="java.vendor.url" value="https://adoptium.net/"/>
    <property name="user.timezone" value="Etc/UTC"/>
    <property name="java.vm.specification.version" value="11"/>
    <property name="os.name" value="Linux"/>
    <property name="sun.java.launcher" value="SUN_STANDARD"/>
    <property name="sun.boot.library.path" value="/usr/lib/jvm/temurin-11-jdk-amd64/lib"/>
    <property name="sun.java.command" value="/home/runner/work/survey_QA/survey_QA/target/surefire/surefirebooter-20250224175416763_3.jar /home/runner/work/survey_QA/survey_QA/target/surefire 2025-02-24T17-54-16_680-jvmRun1 surefire-20250224175416763_1tmp surefire_0-20250224175416763_2tmp"/>
    <property name="jdk.debug" value="release"/>
    <property name="surefire.test.class.path" value="/home/runner/work/survey_QA/survey_QA/target/test-classes:/home/runner/work/survey_QA/survey_QA/target/classes:/home/runner/.m2/repository/org/junit/jupiter/junit-jupiter/5.10.0/junit-jupiter-5.10.0.jar:/home/runner/.m2/repository/org/junit/jupiter/junit-jupiter-api/5.10.0/junit-jupiter-api-5.10.0.jar:/home/runner/.m2/repository/org/opentest4j/opentest4j/1.3.0/opentest4j-1.3.0.jar:/home/runner/.m2/repository/org/junit/platform/junit-platform-commons/1.10.0/junit-platform-commons-1.10.0.jar:/home/runner/.m2/repository/org/apiguardian/apiguardian-api/1.1.2/apiguardian-api-1.1.2.jar:/home/runner/.m2/repository/org/junit/jupiter/junit-jupiter-params/5.10.0/junit-jupiter-params-5.10.0.jar:/home/runner/.m2/repository/org/junit/jupiter/junit-jupiter-engine/5.10.0/junit-jupiter-engine-5.10.0.jar:/home/runner/.m2/repository/org/junit/platform/junit-platform-engine/1.10.0/junit-platform-engine-1.10.0.jar:/home/runner/.m2/repository/io/qameta/allure/allure-junit5/2.24.0/allure-junit5-2.24.0.jar:/home/runner/.m2/repository/io/qameta/allure/allure-junit-platform/2.24.0/allure-junit-platform-2.24.0.jar:/home/runner/.m2/repository/io/qameta/allure/allure-java-commons/2.24.0/allure-java-commons-2.24.0.jar:/home/runner/.m2/repository/io/qameta/allure/allure-model/2.24.0/allure-model-2.24.0.jar:/home/runner/.m2/repository/io/qameta/allure/allure-test-filter/2.24.0/allure-test-filter-2.24.0.jar:/home/runner/.m2/repository/org/junit/platform/junit-platform-launcher/1.9.2/junit-platform-launcher-1.9.2.jar:/home/runner/.m2/repository/io/rest-assured/rest-assured/5.3.0/rest-assured-5.3.0.jar:/home/runner/.m2/repository/org/apache/groovy/groovy/4.0.6/groovy-4.0.6.jar:/home/runner/.m2/repository/org/apache/groovy/groovy-xml/4.0.6/groovy-xml-4.0.6.jar:/home/runner/.m2/repository/org/apache/httpcomponents/httpclient/4.5.13/httpclient-4.5.13.jar:/home/runner/.m2/repository/org/apache/httpcomponents/httpcore/4.4.13/httpcore-4.4.13.jar:/home/runner/.m2/repository/commons-logging/commons-logging/1.2/commons-logging-1.2.jar:/home/runner/.m2/repository/commons-codec/commons-codec/1.11/commons-codec-1.11.jar:/home/runner/.m2/repository/org/apache/httpcomponents/httpmime/4.5.13/httpmime-4.5.13.jar:/home/runner/.m2/repository/org/hamcrest/hamcrest/2.1/hamcrest-2.1.jar:/home/runner/.m2/repository/org/ccil/cowan/tagsoup/tagsoup/1.2.1/tagsoup-1.2.1.jar:/home/runner/.m2/repository/io/rest-assured/xml-path/5.3.0/xml-path-5.3.0.jar:/home/runner/.m2/repository/org/apache/commons/commons-lang3/3.11/commons-lang3-3.11.jar:/home/runner/.m2/repository/io/qameta/allure/allure-rest-assured/2.24.0/allure-rest-assured-2.24.0.jar:/home/runner/.m2/repository/io/qameta/allure/allure-attachments/2.24.0/allure-attachments-2.24.0.jar:/home/runner/.m2/repository/org/freemarker/freemarker/2.3.31/freemarker-2.3.31.jar:/home/runner/.m2/repository/org/slf4j/slf4j-api/1.7.32/slf4j-api-1.7.32.jar:/home/runner/.m2/repository/ch/qos/logback/logback-classic/1.2.6/logback-classic-1.2.6.jar:/home/runner/.m2/repository/ch/qos/logback/logback-core/1.2.6/logback-core-1.2.6.jar:/home/runner/.m2/repository/org/apache/commons/commons-csv/1.9.0/commons-csv-1.9.0.jar:/home/runner/.m2/repository/io/rest-assured/json-path/5.1.1/json-path-5.1.1.jar:/home/runner/.m2/repository/org/apache/groovy/groovy-json/4.0.1/groovy-json-4.0.1.jar:/home/runner/.m2/repository/io/rest-assured/rest-assured-common/5.1.1/rest-assured-common-5.1.1.jar:/home/runner/.m2/repository/io/rest-assured/json-schema-validator/5.3.0/json-schema-validator-5.3.0.jar:/home/runner/.m2/repository/com/github/java-json-tools/json-schema-validator/2.2.14/json-schema-validator-2.2.14.jar:/home/runner/.m2/repository/com/google/guava/guava/28.2-android/guava-28.2-android.jar:/home/runner/.m2/repository/com/google/guava/failureaccess/1.0.1/failureaccess-1.0.1.jar:/home/runner/.m2/repository/com/google/guava/listenablefuture/9999.0-empty-to-avoid-conflict-with-guava/listenablefuture-9999.0-empty-to-avoid-conflict-with-guava.jar:/home/runner/.m2/repository/org/checkerframework/checker-compat-qual/2.5.5/checker-compat-qual-2.5.5.jar:/home/runner/.m2/repository/com/google/j2objc/j2objc-annotations/1.3/j2objc-annotations-1.3.jar:/home/runner/.m2/repository/com/github/java-json-tools/jackson-coreutils-equivalence/1.0/jackson-coreutils-equivalence-1.0.jar:/home/runner/.m2/repository/com/github/java-json-tools/jackson-coreutils/2.0/jackson-coreutils-2.0.jar:/home/runner/.m2/repository/com/github/java-json-tools/msg-simple/1.2/msg-simple-1.2.jar:/home/runner/.m2/repository/com/github/java-json-tools/btf/1.3/btf-1.3.jar:/home/runner/.m2/repository/com/github/java-json-tools/json-schema-core/1.2.14/json-schema-core-1.2.14.jar:/home/runner/.m2/repository/com/github/java-json-tools/uri-template/0.10/uri-template-0.10.jar:/home/runner/.m2/repository/org/mozilla/rhino/1.7.7.2/rhino-1.7.7.2.jar:/home/runner/.m2/repository/com/sun/mail/mailapi/1.6.2/mailapi-1.6.2.jar:/home/runner/.m2/repository/joda-time/joda-time/2.10.5/joda-time-2.10.5.jar:/home/runner/.m2/repository/com/googlecode/libphonenumber/libphonenumber/8.11.1/libphonenumber-8.11.1.jar:/home/runner/.m2/repository/com/google/code/findbugs/jsr305/3.0.2/jsr305-3.0.2.jar:/home/runner/.m2/repository/net/sf/jopt-simple/jopt-simple/5.0.4/jopt-simple-5.0.4.jar:/home/runner/.m2/repository/io/gatling/highcharts/gatling-charts-highcharts/3.13.4/gatling-charts-highcharts-3.13.4.jar:/home/runner/.m2/repository/org/scala-lang/scala-library/2.13.16/scala-library-2.13.16.jar:/home/runner/.m2/repository/io/gatling/gatling-recorder/3.13.4/gatling-recorder-3.13.4.jar:/home/runner/.m2/repository/org/scala-lang/modules/scala-swing_2.13/3.0.0/scala-swing_2.13-3.0.0.jar:/home/runner/.m2/repository/io/gatling/gatling-recorder-bc-shaded/1.80.0/gatling-recorder-bc-shaded-1.80.0.jar:/home/runner/.m2/repository/io/netty/netty-codec-http/4.1.118.Final/netty-codec-http-4.1.118.Final.jar:/home/runner/.m2/repository/io/gatling/gatling-app/3.13.4/gatling-app-3.13.4.jar:/home/runner/.m2/repository/io/gatling/gatling-core-java/3.13.4/gatling-core-java-3.13.4.jar:/home/runner/.m2/repository/net/jodah/typetools/0.6.3/typetools-0.6.3.jar:/home/runner/.m2/repository/com/github/spotbugs/spotbugs-annotations/4.9.1/spotbugs-annotations-4.9.1.jar:/home/runner/.m2/repository/io/gatling/gatling-http-java/3.13.4/gatling-http-java-3.13.4.jar:/home/runner/.m2/repository/io/gatling/gatling-jms/3.13.4/gatling-jms-3.13.4.jar:/home/runner/.m2/repository/javax/jms/javax.jms-api/2.0.1/javax.jms-api-2.0.1.jar:/home/runner/.m2/repository/com/eatthepath/fast-uuid/0.2.0/fast-uuid-0.2.0.jar:/home/runner/.m2/repository/io/gatling/gatling-jms-java/3.13.4/gatling-jms-java-3.13.4.jar:/home/runner/.m2/repository/io/gatling/gatling-jdbc/3.13.4/gatling-jdbc-3.13.4.jar:/home/runner/.m2/repository/io/gatling/gatling-jdbc-java/3.13.4/gatling-jdbc-java-3.13.4.jar:/home/runner/.m2/repository/io/gatling/gatling-redis/3.13.4/gatling-redis-3.13.4.jar:/home/runner/.m2/repository/net/debasishg/redisclient_2.13/3.42/redisclient_2.13-3.42.jar:/home/runner/.m2/repository/org/apache/commons/commons-pool2/2.8.0/commons-pool2-2.8.0.jar:/home/runner/.m2/repository/io/gatling/gatling-redis-java/3.13.4/gatling-redis-java-3.13.4.jar:/home/runner/.m2/repository/io/gatling/gatling-charts/3.13.4/gatling-charts-3.13.4.jar:/home/runner/.m2/repository/com/tdunning/t-digest/3.3/t-digest-3.3.jar:/home/runner/.m2/repository/io/gatling/gatling-core/3.13.4/gatling-core-3.13.4.jar:/home/runner/.m2/repository/io/gatling/gatling-netty-util/3.13.4/gatling-netty-util-3.13.4.jar:/home/runner/.m2/repository/io/gatling/gatling-shared-util_2.13/0.0.12/gatling-shared-util_2.13-0.0.12.jar:/home/runner/.m2/repository/org/scala-lang/modules/scala-collection-compat_2.13/2.12.0/scala-collection-compat_2.13-2.12.0.jar:/home/runner/.m2/repository/io/netty/netty-buffer/4.1.118.Final/netty-buffer-4.1.118.Final.jar:/home/runner/.m2/repository/io/netty/netty-transport-native-epoll/4.1.118.Final/netty-transport-native-epoll-4.1.118.Final-linux-x86_64.jar:/home/runner/.m2/repository/io/netty/netty-transport-classes-epoll/4.1.118.Final/netty-transport-classes-epoll-4.1.118.Final.jar:/home/runner/.m2/repository/io/netty/netty-transport-native-epoll/4.1.118.Final/netty-transport-native-epoll-4.1.118.Final-linux-aarch_64.jar:/home/runner/.m2/repository/io/netty/incubator/netty-incubator-transport-native-io_uring/0.0.26.Final/netty-incubator-transport-native-io_uring-0.0.26.Final-linux-x86_64.jar:/home/runner/.m2/repository/io/netty/incubator/netty-incubator-transport-classes-io_uring/0.0.26.Final/netty-incubator-transport-classes-io_uring-0.0.26.Final.jar:/home/runner/.m2/repository/io/netty/incubator/netty-incubator-transport-native-io_uring/0.0.26.Final/netty-incubator-transport-native-io_uring-0.0.26.Final-linux-aarch_64.jar:/home/runner/.m2/repository/io/gatling/gatling-quicklens/3.13.4/gatling-quicklens-3.13.4.jar:/home/runner/.m2/repository/io/gatling/gatling-commons/3.13.4/gatling-commons-3.13.4.jar:/home/runner/.m2/repository/com/typesafe/config/1.4.3/config-1.4.3.jar:/home/runner/.m2/repository/io/github/metarank/cfor_2.13/0.3/cfor_2.13-0.3.jar:/home/runner/.m2/repository/org/scala-lang/scala-reflect/2.13.10/scala-reflect-2.13.10.jar:/home/runner/.m2/repository/com/typesafe/scala-logging/scala-logging_2.13/3.9.5/scala-logging_2.13-3.9.5.jar:/home/runner/.m2/repository/io/gatling/gatling-jsonpath/3.13.4/gatling-jsonpath-3.13.4.jar:/home/runner/.m2/repository/io/gatling/gatling-shared-model_2.13/0.0.11/gatling-shared-model_2.13-0.0.11.jar:/home/runner/.m2/repository/io/suzaku/boopickle_2.13/1.5.0/boopickle_2.13-1.5.0.jar:/home/runner/.m2/repository/io/gatling/gatling-shared-cli/0.0.6/gatling-shared-cli-0.0.6.jar:/home/runner/.m2/repository/org/simpleflatmapper/lightning-csv/9.0.2/lightning-csv-9.0.2.jar:/home/runner/.m2/repository/org/simpleflatmapper/sfm-util/9.0.2/sfm-util-9.0.2.jar:/home/runner/.m2/repository/com/github/ben-manes/caffeine/caffeine/3.2.0/caffeine-3.2.0.jar:/home/runner/.m2/repository/org/jspecify/jspecify/1.0.0/jspecify-1.0.0.jar:/home/runner/.m2/repository/com/google/errorprone/error_prone_annotations/2.36.0/error_prone_annotations-2.36.0.jar:/home/runner/.m2/repository/io/pebbletemplates/pebble/3.2.3/pebble-3.2.3.jar:/home/runner/.m2/repository/org/unbescape/unbescape/1.1.6.RELEASE/unbescape-1.1.6.RELEASE.jar:/home/runner/.m2/repository/org/scala-lang/modules/scala-parser-combinators_2.13/2.4.0/scala-parser-combinators_2.13-2.4.0.jar:/home/runner/.m2/repository/com/github/scopt/scopt_2.13/3.7.1/scopt_2.13-3.7.1.jar:/home/runner/.m2/repository/io/netty/netty-handler/4.1.118.Final/netty-handler-4.1.118.Final.jar:/home/runner/.m2/repository/io/netty/netty-common/4.1.118.Final/netty-common-4.1.118.Final.jar:/home/runner/.m2/repository/io/netty/netty-resolver/4.1.118.Final/netty-resolver-4.1.118.Final.jar:/home/runner/.m2/repository/io/netty/netty-transport/4.1.118.Final/netty-transport-4.1.118.Final.jar:/home/runner/.m2/repository/io/netty/netty-transport-native-unix-common/4.1.118.Final/netty-transport-native-unix-common-4.1.118.Final.jar:/home/runner/.m2/repository/io/netty/netty-codec/4.1.118.Final/netty-codec-4.1.118.Final.jar:/home/runner/.m2/repository/io/netty/netty-tcnative-classes/2.0.70.Final/netty-tcnative-classes-2.0.70.Final.jar:/home/runner/.m2/repository/io/netty/netty-tcnative-boringssl-static/2.0.70.Final/netty-tcnative-boringssl-static-2.0.70.Final.jar:/home/runner/.m2/repository/io/netty/netty-tcnative-boringssl-static/2.0.70.Final/netty-tcnative-boringssl-static-2.0.70.Final-linux-x86_64.jar:/home/runner/.m2/repository/io/netty/netty-tcnative-boringssl-static/2.0.70.Final/netty-tcnative-boringssl-static-2.0.70.Final-linux-aarch_64.jar:/home/runner/.m2/repository/io/netty/netty-tcnative-boringssl-static/2.0.70.Final/netty-tcnative-boringssl-static-2.0.70.Final-osx-x86_64.jar:/home/runner/.m2/repository/io/netty/netty-tcnative-boringssl-static/2.0.70.Final/netty-tcnative-boringssl-static-2.0.70.Final-osx-aarch_64.jar:/home/runner/.m2/repository/io/netty/netty-tcnative-boringssl-static/2.0.70.Final/netty-tcnative-boringssl-static-2.0.70.Final-windows-x86_64.jar:/home/runner/.m2/repository/com/fasterxml/jackson/core/jackson-databind/2.18.2/jackson-databind-2.18.2.jar:/home/runner/.m2/repository/com/fasterxml/jackson/core/jackson-annotations/2.18.2/jackson-annotations-2.18.2.jar:/home/runner/.m2/repository/com/fasterxml/jackson/core/jackson-core/2.18.2/jackson-core-2.18.2.jar:/home/runner/.m2/repository/net/sf/saxon/Saxon-HE/12.5/Saxon-HE-12.5.jar:/home/runner/.m2/repository/org/xmlresolver/xmlresolver/6.0.12/xmlresolver-6.0.12.jar:/home/runner/.m2/repository/org/xmlresolver/xmlresolver/6.0.12/xmlresolver-6.0.12-data.jar:/home/runner/.m2/repository/org/jodd/jodd-lagarto/6.0.6/jodd-lagarto-6.0.6.jar:/home/runner/.m2/repository/org/jodd/jodd-util/6.3.0/jodd-util-6.3.0.jar:/home/runner/.m2/repository/io/burt/jmespath-jackson/0.6.0/jmespath-jackson-0.6.0.jar:/home/runner/.m2/repository/io/burt/jmespath-core/0.6.0/jmespath-core-0.6.0.jar:/home/runner/.m2/repository/io/gatling/gatling-http/3.13.4/gatling-http-3.13.4.jar:/home/runner/.m2/repository/io/gatling/gatling-http-client/3.13.4/gatling-http-client-3.13.4.jar:/home/runner/.m2/repository/io/netty/netty-handler-proxy/4.1.118.Final/netty-handler-proxy-4.1.118.Final.jar:/home/runner/.m2/repository/io/netty/netty-codec-socks/4.1.118.Final/netty-codec-socks-4.1.118.Final.jar:/home/runner/.m2/repository/io/netty/netty-resolver-dns/4.1.118.Final/netty-resolver-dns-4.1.118.Final.jar:/home/runner/.m2/repository/io/netty/netty-codec-dns/4.1.118.Final/netty-codec-dns-4.1.118.Final.jar:/home/runner/.m2/repository/io/netty/netty-codec-http2/4.1.118.Final/netty-codec-http2-4.1.118.Final.jar:/home/runner/.m2/repository/io/netty/netty-resolver-dns-native-macos/4.1.118.Final/netty-resolver-dns-native-macos-4.1.118.Final-osx-x86_64.jar:/home/runner/.m2/repository/io/netty/netty-resolver-dns-classes-macos/4.1.118.Final/netty-resolver-dns-classes-macos-4.1.118.Final.jar:/home/runner/.m2/repository/io/netty/netty-resolver-dns-native-macos/4.1.118.Final/netty-resolver-dns-native-macos-4.1.118.Final-osx-aarch_64.jar:/home/runner/.m2/repository/com/aayushatharva/brotli4j/brotli4j/1.18.0/brotli4j-1.18.0.jar:/home/runner/.m2/repository/com/aayushatharva/brotli4j/service/1.18.0/service-1.18.0.jar:/home/runner/.m2/repository/com/aayushatharva/brotli4j/native-linux-x86_64/1.18.0/native-linux-x86_64-1.18.0.jar:/home/runner/.m2/repository/com/aayushatharva/brotli4j/native-linux-aarch64/1.18.0/native-linux-aarch64-1.18.0.jar:/home/runner/.m2/repository/com/aayushatharva/brotli4j/native-osx-x86_64/1.18.0/native-osx-x86_64-1.18.0.jar:/home/runner/.m2/repository/com/aayushatharva/brotli4j/native-osx-aarch64/1.18.0/native-osx-aarch64-1.18.0.jar:/home/runner/.m2/repository/com/aayushatharva/brotli4j/native-windows-x86_64/1.18.0/native-windows-x86_64-1.18.0.jar:"/>
    <property name="allure.results.directory" value="/home/runner/work/survey_QA/survey_QA/target/allure-results"/>
    <property name="sun.cpu.endian" value="little"/>
    <property name="user.home" value="/home/runner"/>
    <property name="user.language" value="en"/>
    <property name="java.specification.vendor" value="Oracle Corporation"/>
    <property name="java.version.date" value="2025-01-21"/>
    <property name="java.home" value="/usr/lib/jvm/temurin-11-jdk-amd64"/>
    <property name="file.separator" value="/"/>
    <property name="basedir" value="/home/runner/work/survey_QA/survey_QA"/>
    <property name="java.vm.compressedOopsMode" value="Zero based"/>
    <property name="line.separator" value="&#10;"/>
    <property name="java.specification.name" value="Java Platform API Specification"/>
    <property name="java.vm.specification.vendor" value="Oracle Corporation"/>
    <property name="java.awt.graphicsenv" value="sun.awt.X11GraphicsEnvironment"/>
    <property name="surefire.real.class.path" value="/home/runner/work/survey_QA/survey_QA/target/surefire/surefirebooter-20250224175416763_3.jar"/>
    <property name="sun.management.compiler" value="HotSpot 64-Bit Tiered Compilers"/>
    <property name="java.runtime.version" value="11.0.26+4"/>
    <property name="user.name" value="runner"/>
    <property name="path.separator" value=":"/>
    <property name="gatling.skip" value="true"/>
    <property name="os.version" value="6.8.0-1021-azure"/>
    <property name="java.runtime.name" value="OpenJDK Runtime Environment"/>
    <property name="file.encoding" value="UTF-8"/>
    <property name="java.vm.name" value="OpenJDK 64-Bit Server VM"/>
    <property name="java.vendor.version" value="Temurin-11.0.26+4"/>
    <property name="localRepository" value="/home/runner/.m2/repository"/>
    <property name="java.vendor.url.bug" value="https://github.com/adoptium/adoptium-support/issues"/>
    <property name="java.io.tmpdir" value="/tmp"/>
    <property name="java.version" value="11.0.26"/>
    <property name="user.dir" value="/home/runner/work/survey_QA/survey_QA"/>
    <property name="os.arch" value="amd64"/>
    <property name="java.vm.specification.name" value="Java Virtual Machine Specification"/>
    <property name="java.awt.printerjob" value="sun.print.PSPrinterJob"/>
    <property name="sun.os.patch.level" value="unknown"/>
    <property name="java.library.path" value="/usr/java/packages/lib:/usr/lib64:/lib64:/lib:/usr/lib"/>
    <property name="java.vm.info" value="mixed mode"/>
    <property name="java.vendor" value="Eclipse Adoptium"/>
    <property name="java.vm.version" value="11.0.26+4"/>
    <property name="java.specification.maintenance.version" value="3"/>
    <property name="sun.io.unicode.encoding" value="UnicodeLittle"/>
    <property name="java.class.version" value="55.0"/>
  </properties>
  <testcase name="testAvailableIds" classname="tests.integration.AvailableMembersTest" time="1.153">
    <system-out><![CDATA[17:54:37.684 [main] INFO api.AvailableMembersApi - Starting validation for attribute: id
17:54:37.689 [main] INFO api.AvailableMembersApi - Received response for survey ID 1: Status Code = 200
17:54:37.699 [main] INFO api.AvailableMembersApi - Converted Available IDs for survey ID 1: [1, 3, 4, 6, 8, 9, 11, 13, 14, 16, 18, 19, 20, 21, 22, 24, 25, 27, 28, 29, 30, 31, 32, 34, 36, 37, 39, 40, 42, 43, 44, 46, 47, 48, 49, 51, 52, 53, 55, 56, 58, 59, 60, 61, 62, 63, 64, 66, 67, 68, 69, 71, 72, 73, 76, 77, 82, 86, 87, 89, 91, 92, 93, 95, 96, 98, 99, 101, 102, 104, 107, 110, 112, 113, 114, 115, 116, 117, 120, 121, 124, 125, 126, 128, 129, 130, 131, 132, 133, 134, 136, 137, 140, 142, 143, 145, 146, 147, 148, 149, 150, 151, 152, 153, 154, 156, 157, 158, 159, 160, 161, 163, 164, 166, 167, 168, 171, 172, 173, 174, 175, 176, 177, 178, 179, 180, 181, 182, 183, 184, 186, 187, 189, 190, 191, 193, 194, 195, 196, 197, 199, 200, 202, 205, 208, 209, 211, 212, 214, 216, 217, 218, 223, 224, 227, 228, 229, 232, 233, 234, 236, 237, 238, 242, 243, 245, 247, 248, 249, 252, 253, 255, 256, 258, 259, 260, 261, 266, 268, 269, 273, 274, 278, 279, 280, 281, 282, 284, 285, 286, 289, 291, 292, 294, 295, 296, 297, 298]
17:54:37.699 [main] INFO api.AvailableMembersApi - Validating members for Survey ID: 1
17:54:37.711 [main] INFO api.AvailableMembersApi - Received response for survey ID 2: Status Code = 200
17:54:37.726 [main] INFO api.AvailableMembersApi - Converted Available IDs for survey ID 2: [1, 2, 3, 4, 6, 8, 9, 11, 13, 14, 16, 18, 19, 20, 21, 22, 24, 25, 27, 28, 29, 30, 31, 34, 37, 39, 40, 42, 43, 44, 46, 47, 48, 50, 51, 52, 53, 54, 55, 56, 57, 58, 59, 60, 61, 62, 63, 64, 65, 66, 67, 68, 69, 71, 72, 73, 76, 77, 78, 82, 85, 86, 87, 89, 91, 92, 93, 94, 95, 96, 98, 99, 101, 102, 110, 111, 112, 113, 114, 115, 116, 117, 120, 121, 124, 125, 126, 127, 128, 129, 130, 132, 133, 134, 136, 137, 139, 140, 142, 143, 145, 147, 148, 149, 150, 151, 152, 153, 155, 156, 157, 158, 159, 160, 161, 163, 164, 166, 167, 168, 171, 172, 173, 174, 175, 176, 177, 178, 179, 180, 181, 182, 183, 184, 186, 187, 189, 191, 193, 194, 195, 196, 198, 200, 202, 204, 205, 206, 207, 209, 211, 212, 214, 216, 217, 218, 220, 221, 223, 224, 227, 228, 230, 232, 233, 234, 235, 237, 238, 242, 243, 245, 246, 247, 248, 249, 250, 251, 252, 253, 255, 256, 258, 259, 260, 261, 266, 268, 269, 273, 274, 278, 279, 280, 281, 282, 284, 285, 286, 289, 291, 292, 294, 297, 298]
17:54:37.726 [main] INFO api.AvailableMembersApi - Validating members for Survey ID: 2
17:54:37.731 [main] INFO api.AvailableMembersApi - Received response for survey ID 3: Status Code = 200
17:54:37.741 [main] INFO api.AvailableMembersApi - Converted Available IDs for survey ID 3: [1, 2, 4, 6, 8, 9, 11, 13, 16, 18, 19, 20, 21, 22, 24, 25, 27, 28, 30, 31, 32, 34, 35, 36, 37, 39, 40, 42, 43, 44, 46, 47, 48, 49, 50, 52, 53, 54, 55, 57, 59, 60, 61, 62, 63, 65, 66, 67, 68, 69, 71, 72, 73, 76, 77, 78, 82, 85, 87, 89, 91, 92, 93, 94, 95, 96, 98, 99, 101, 102, 104, 107, 110, 111, 112, 113, 115, 116, 117, 121, 125, 126, 127, 128, 129, 130, 131, 132, 133, 134, 136, 137, 139, 140, 142, 145, 146, 147, 148, 149, 150, 151, 152, 153, 154, 155, 156, 157, 158, 159, 160, 161, 163, 164, 166, 167, 168, 171, 172, 173, 174, 176, 177, 178, 180, 181, 182, 183, 184, 186, 187, 189, 190, 191, 193, 194, 195, 196, 197, 199, 200, 202, 204, 205, 206, 207, 208, 209, 211, 212, 214, 216, 218, 220, 221, 223, 224, 227, 228, 229, 230, 232, 233, 234, 235, 236, 237, 242, 243, 245, 246, 247, 249, 251, 252, 255, 256, 258, 259, 260, 266, 268, 269, 273, 274, 278, 279, 280, 281, 282, 284, 285, 286, 289, 291, 292, 294, 295, 296, 297, 298]
17:54:37.741 [main] INFO api.AvailableMembersApi - Validating members for Survey ID: 3
17:54:37.746 [main] INFO api.AvailableMembersApi - Received response for survey ID 4: Status Code = 200
17:54:37.753 [main] INFO api.AvailableMembersApi - Converted Available IDs for survey ID 4: [1, 2, 3, 4, 6, 8, 9, 11, 13, 14, 18, 19, 21, 22, 24, 25, 27, 28, 30, 31, 32, 35, 36, 37, 39, 40, 43, 44, 46, 47, 48, 49, 51, 52, 54, 55, 56, 57, 58, 59, 60, 61, 62, 63, 64, 65, 66, 67, 68, 71, 72, 73, 76, 77, 78, 82, 85, 86, 87, 89, 91, 92, 93, 94, 96, 101, 102, 104, 110, 112, 113, 114, 115, 116, 117, 121, 124, 125, 126, 127, 129, 130, 132, 133, 134, 136, 137, 139, 140, 142, 143, 145, 146, 147, 149, 150, 151, 152, 153, 154, 155, 157, 158, 159, 160, 163, 166, 167, 168, 171, 172, 173, 174, 175, 176, 178, 179, 180, 181, 182, 183, 184, 186, 189, 190, 191, 193, 195, 196, 197, 198, 199, 200, 202, 204, 205, 206, 207, 208, 209, 211, 212, 214, 216, 217, 218, 220, 221, 224, 227, 229, 230, 232, 233, 234, 235, 236, 237, 238, 243, 245, 246, 247, 249, 250, 251, 252, 255, 256, 258, 259, 260, 261, 266, 268, 269, 273, 274, 278, 279, 280, 281, 282, 284, 285, 286, 289, 291, 294, 295, 296, 297, 298]
17:54:37.753 [main] INFO api.AvailableMembersApi - Validating members for Survey ID: 4
17:54:37.758 [main] INFO api.AvailableMembersApi - Received response for survey ID 5: Status Code = 200
17:54:37.764 [main] INFO api.AvailableMembersApi - Converted Available IDs for survey ID 5: [1, 2, 3, 4, 6, 8, 9, 13, 14, 16, 19, 20, 22, 24, 25, 27, 28, 29, 30, 31, 34, 35, 36, 37, 39, 40, 42, 44, 47, 48, 49, 50, 51, 52, 53, 54, 55, 56, 57, 58, 61, 62, 63, 64, 66, 67, 68, 69, 71, 72, 73, 76, 77, 82, 85, 86, 87, 89, 91, 92, 93, 94, 95, 96, 98, 99, 101, 102, 104, 107, 110, 111, 112, 114, 115, 116, 117, 120, 121, 124, 125, 126, 127, 128, 129, 131, 132, 133, 134, 136, 137, 139, 140, 142, 143, 145, 147, 148, 149, 150, 151, 152, 153, 154, 155, 156, 157, 158, 159, 160, 161, 163, 167, 168, 171, 172, 173, 174, 175, 176, 177, 179, 180, 181, 182, 183, 184, 186, 187, 189, 190, 193, 194, 195, 196, 198, 199, 200, 202, 204, 205, 206, 208, 209, 211, 212, 214, 216, 217, 218, 220, 221, 224, 228, 229, 230, 232, 233, 234, 235, 236, 237, 238, 242, 243, 245, 246, 247, 248, 249, 251, 252, 253, 255, 256, 258, 259, 260, 261, 266, 268, 269, 273, 274, 279, 280, 281, 282, 284, 285, 286, 289, 291, 292, 294, 295, 296, 297, 298]
17:54:37.764 [main] INFO api.AvailableMembersApi - Validating members for Survey ID: 5
17:54:37.768 [main] INFO api.AvailableMembersApi - Received response for survey ID 6: Status Code = 200
17:54:37.774 [main] INFO api.AvailableMembersApi - Converted Available IDs for survey ID 6: [1, 2, 3, 4, 6, 8, 11, 13, 14, 16, 18, 19, 20, 21, 22, 24, 25, 27, 28, 29, 30, 34, 35, 36, 37, 39, 40, 42, 43, 44, 46, 47, 48, 49, 50, 51, 52, 53, 54, 55, 56, 57, 58, 59, 60, 61, 62, 64, 65, 66, 67, 68, 69, 71, 72, 73, 76, 77, 78, 82, 85, 86, 87, 89, 91, 92, 93, 94, 96, 98, 99, 101, 102, 104, 107, 110, 111, 112, 113, 114, 115, 116, 117, 120, 121, 124, 125, 126, 128, 130, 131, 132, 133, 134, 136, 137, 139, 140, 142, 143, 145, 146, 147, 148, 149, 150, 152, 153, 155, 156, 157, 159, 161, 163, 164, 166, 167, 168, 171, 172, 173, 174, 175, 176, 177, 178, 179, 180, 181, 182, 183, 184, 186, 187, 189, 190, 191, 193, 194, 195, 196, 197, 198, 199, 200, 202, 204, 205, 206, 207, 208, 209, 211, 212, 214, 216, 217, 218, 220, 221, 224, 227, 228, 229, 230, 232, 233, 234, 235, 236, 237, 243, 245, 246, 247, 248, 249, 250, 251, 252, 253, 255, 256, 258, 259, 260, 261, 266, 268, 269, 273, 274, 278, 281, 282, 284, 285, 286, 289, 291, 292, 294, 295, 296, 297, 298]
17:54:37.774 [main] INFO api.AvailableMembersApi - Validating members for Survey ID: 6
17:54:37.778 [main] INFO api.AvailableMembersApi - Received response for survey ID 7: Status Code = 200
17:54:37.788 [main] INFO api.AvailableMembersApi - Converted Available IDs for survey ID 7: [1, 2, 3, 4, 6, 8, 9, 11, 13, 14, 16, 18, 19, 20, 22, 24, 25, 27, 28, 29, 30, 31, 32, 34, 35, 36, 37, 39, 40, 42, 43, 44, 46, 47, 48, 49, 50, 51, 52, 53, 54, 55, 57, 58, 59, 60, 61, 64, 65, 66, 67, 68, 69, 71, 72, 73, 76, 77, 78, 82, 85, 86, 87, 89, 91, 92, 93, 95, 99, 101, 102, 104, 107, 110, 111, 112, 113, 114, 115, 116, 117, 120, 121, 124, 125, 126, 127, 128, 129, 130, 131, 132, 133, 134, 136, 137, 139, 140, 142, 143, 145, 146, 147, 148, 149, 150, 151, 152, 153, 154, 155, 156, 157, 158, 159, 161, 166, 167, 168, 171, 172, 173, 174, 175, 176, 178, 179, 180, 181, 182, 183, 186, 187, 189, 190, 191, 193, 195, 196, 197, 198, 199, 200, 202, 204, 205, 206, 207, 208, 209, 211, 214, 216, 217, 218, 220, 221, 223, 224, 227, 228, 229, 230, 232, 233, 235, 237, 238, 243, 245, 246, 247, 248, 249, 250, 251, 252, 253, 255, 256, 258, 259, 261, 266, 268, 273, 274, 278, 279, 280, 281, 282, 284, 285, 286, 289, 291, 292, 294, 295, 296, 297, 298]
17:54:37.788 [main] INFO api.AvailableMembersApi - Validating members for Survey ID: 7
17:54:37.793 [main] INFO api.AvailableMembersApi - Received response for survey ID 8: Status Code = 200
17:54:37.802 [main] INFO api.AvailableMembersApi - Converted Available IDs for survey ID 8: [1, 2, 3, 4, 6, 8, 9, 11, 13, 14, 16, 18, 19, 20, 22, 24, 25, 27, 28, 29, 30, 31, 32, 34, 35, 36, 37, 39, 40, 42, 43, 44, 46, 47, 48, 49, 50, 51, 52, 53, 54, 55, 57, 58, 59, 60, 61, 62, 63, 65, 66, 67, 68, 69, 71, 72, 73, 77, 78, 82, 85, 86, 87, 89, 91, 92, 93, 94, 95, 96, 98, 107, 110, 111, 112, 114, 115, 116, 117, 120, 121, 124, 127, 128, 129, 131, 132, 133, 136, 137, 139, 140, 142, 143, 145, 146, 147, 149, 150, 151, 152, 153, 154, 155, 156, 157, 158, 159, 160, 161, 163, 164, 166, 167, 168, 171, 172, 173, 174, 175, 176, 177, 178, 179, 180, 181, 182, 183, 184, 186, 187, 189, 190, 191, 193, 194, 195, 196, 197, 200, 202, 204, 205, 206, 207, 208, 209, 211, 212, 214, 217, 218, 221, 223, 224, 227, 228, 229, 230, 232, 233, 234, 235, 236, 237, 238, 242, 243, 245, 246, 247, 249, 250, 251, 252, 253, 255, 256, 258, 259, 260, 261, 266, 268, 269, 273, 274, 278, 279, 280, 281, 282, 284, 285, 286, 289, 291, 292, 294, 295, 296, 297, 298]
17:54:37.802 [main] INFO api.AvailableMembersApi - Validating members for Survey ID: 8
17:54:37.805 [main] INFO api.AvailableMembersApi - Received response for survey ID 9: Status Code = 200
17:54:37.811 [main] INFO api.AvailableMembersApi - Converted Available IDs for survey ID 9: [1, 2, 3, 4, 6, 8, 9, 11, 13, 14, 16, 18, 19, 20, 22, 24, 25, 28, 29, 30, 31, 32, 34, 36, 37, 40, 42, 43, 44, 46, 47, 48, 50, 51, 52, 53, 54, 55, 56, 57, 58, 59, 60, 61, 62, 64, 65, 66, 67, 68, 69, 71, 72, 73, 76, 77, 78, 82, 85, 86, 87, 89, 91, 92, 93, 94, 95, 98, 99, 102, 104, 110, 111, 112, 113, 114, 115, 116, 117, 120, 121, 124, 125, 126, 127, 128, 129, 131, 133, 134, 136, 137, 139, 140, 142, 143, 145, 146, 147, 148, 149, 150, 151, 152, 153, 154, 155, 156, 157, 158, 159, 160, 161, 163, 164, 166, 167, 168, 171, 172, 173, 174, 175, 177, 178, 179, 180, 181, 182, 183, 184, 186, 187, 189, 190, 191, 193, 194, 195, 196, 197, 199, 200, 202, 204, 205, 206, 207, 208, 209, 211, 212, 214, 216, 217, 218, 220, 221, 223, 227, 229, 230, 232, 233, 235, 236, 237, 238, 242, 245, 246, 247, 249, 250, 251, 252, 253, 258, 259, 260, 261, 266, 268, 269, 273, 274, 278, 279, 280, 281, 282, 284, 286, 291, 292, 294, 295, 296, 298]
17:54:37.811 [main] INFO api.AvailableMembersApi - Validating members for Survey ID: 9
17:54:37.814 [main] INFO api.AvailableMembersApi - Received response for survey ID 10: Status Code = 200
17:54:37.823 [main] INFO api.AvailableMembersApi - Converted Available IDs for survey ID 10: [1, 2, 3, 4, 6, 8, 9, 11, 13, 14, 16, 18, 19, 21, 22, 24, 27, 28, 29, 30, 32, 34, 36, 37, 39, 40, 42, 43, 46, 47, 48, 49, 50, 52, 53, 54, 55, 56, 57, 58, 60, 61, 62, 63, 64, 65, 66, 67, 68, 69, 71, 76, 77, 78, 82, 85, 86, 89, 91, 92, 93, 94, 95, 96, 98, 99, 101, 102, 104, 107, 110, 112, 113, 114, 115, 116, 120, 121, 124, 125, 126, 127, 128, 129, 130, 131, 132, 133, 134, 136, 137, 139, 140, 142, 143, 146, 147, 148, 149, 150, 151, 152, 153, 154, 155, 156, 157, 158, 159, 160, 161, 163, 164, 166, 167, 168, 171, 172, 173, 174, 175, 176, 177, 178, 179, 180, 181, 182, 183, 184, 186, 187, 189, 190, 191, 193, 194, 195, 196, 198, 199, 200, 202, 204, 205, 206, 207, 208, 209, 211, 212, 214, 216, 217, 218, 220, 221, 223, 224, 227, 228, 229, 232, 233, 234, 235, 236, 237, 238, 242, 243, 245, 246, 247, 248, 250, 251, 252, 253, 255, 256, 258, 259, 260, 261, 266, 268, 269, 273, 274, 278, 279, 280, 281, 282, 284, 285, 286, 289, 291, 292, 294, 295, 298]
17:54:37.823 [main] INFO api.AvailableMembersApi - Validating members for Survey ID: 10
17:54:37.828 [main] INFO api.AvailableMembersApi - Received response for survey ID 11: Status Code = 200
17:54:37.838 [main] INFO api.AvailableMembersApi - Converted Available IDs for survey ID 11: [1, 2, 3, 4, 6, 8, 9, 11, 13, 14, 16, 18, 19, 20, 24, 25, 27, 28, 30, 32, 34, 35, 36, 37, 39, 40, 43, 44, 46, 47, 48, 49, 50, 51, 52, 53, 54, 55, 56, 57, 58, 59, 63, 64, 65, 66, 68, 69, 71, 72, 73, 76, 77, 78, 82, 85, 86, 87, 92, 93, 94, 95, 96, 98, 99, 101, 102, 104, 107, 110, 111, 112, 114, 115, 116, 117, 121, 124, 125, 127, 128, 129, 130, 131, 132, 133, 134, 136, 137, 139, 142, 143, 146, 147, 148, 149, 150, 151, 152, 153, 154, 155, 156, 157, 158, 159, 160, 161, 163, 164, 166, 168, 171, 172, 173, 174, 175, 176, 177, 178, 179, 181, 182, 183, 184, 187, 189, 190, 191, 193, 194, 195, 196, 197, 198, 200, 202, 204, 205, 206, 207, 208, 209, 212, 214, 216, 217, 218, 220, 224, 227, 228, 229, 230, 232, 233, 235, 236, 237, 238, 242, 243, 245, 246, 247, 248, 249, 250, 251, 252, 253, 255, 256, 258, 259, 260, 261, 266, 268, 269, 273, 274, 278, 279, 280, 281, 282, 284, 285, 286, 289, 292, 294, 295, 296, 297, 298]
17:54:37.838 [main] INFO api.AvailableMembersApi - Validating members for Survey ID: 11
17:54:37.843 [main] INFO api.AvailableMembersApi - Received response for survey ID 12: Status Code = 200
17:54:37.851 [main] INFO api.AvailableMembersApi - Converted Available IDs for survey ID 12: [1, 2, 3, 4, 6, 9, 11, 13, 16, 18, 19, 20, 21, 22, 24, 25, 27, 28, 29, 30, 31, 32, 34, 35, 36, 39, 40, 42, 43, 44, 46, 47, 49, 50, 51, 52, 53, 54, 55, 56, 57, 58, 59, 60, 61, 62, 63, 64, 65, 66, 67, 68, 69, 72, 73, 76, 77, 78, 82, 85, 86, 87, 89, 91, 92, 93, 94, 95, 96, 98, 99, 101, 102, 104, 107, 110, 111, 112, 113, 114, 115, 116, 120, 121, 124, 125, 126, 127, 128, 129, 130, 131, 132, 133, 134, 137, 139, 140, 142, 143, 145, 146, 148, 149, 150, 151, 152, 153, 154, 155, 156, 157, 159, 160, 161, 163, 164, 166, 168, 171, 172, 173, 174, 176, 178, 179, 180, 181, 182, 183, 184, 186, 187, 189, 190, 191, 194, 195, 196, 197, 199, 200, 202, 204, 205, 206, 207, 208, 209, 211, 212, 214, 216, 217, 218, 220, 221, 223, 224, 227, 229, 230, 232, 233, 235, 236, 237, 238, 242, 243, 245, 246, 247, 248, 249, 250, 251, 252, 253, 258, 259, 260, 261, 266, 268, 269, 273, 274, 278, 279, 280, 281, 282, 284, 286, 291, 292, 294, 295, 296, 297, 298]
17:54:37.851 [main] INFO api.AvailableMembersApi - Validating members for Survey ID: 12
17:54:37.854 [main] INFO api.AvailableMembersApi - Received response for survey ID 13: Status Code = 200
17:54:37.863 [main] INFO api.AvailableMembersApi - Converted Available IDs for survey ID 13: [1, 2, 4, 6, 8, 9, 11, 13, 14, 16, 19, 20, 21, 22, 24, 25, 27, 28, 29, 30, 31, 32, 35, 36, 37, 39, 40, 42, 43, 44, 46, 47, 48, 49, 50, 51, 52, 53, 54, 55, 56, 58, 60, 61, 62, 63, 65, 66, 67, 68, 69, 71, 72, 73, 76, 77, 78, 82, 85, 89, 91, 92, 93, 94, 95, 98, 99, 101, 102, 104, 107, 110, 111, 112, 113, 114, 115, 116, 117, 121, 124, 125, 126, 127, 128, 129, 130, 131, 132, 133, 134, 136, 137, 139, 140, 142, 143, 145, 146, 147, 148, 149, 150, 151, 154, 156, 157, 160, 161, 163, 164, 166, 167, 168, 171, 172, 173, 174, 175, 176, 177, 178, 179, 180, 181, 182, 184, 186, 187, 189, 190, 191, 193, 194, 195, 198, 199, 200, 202, 205, 206, 207, 208, 211, 212, 214, 216, 218, 220, 221, 223, 224, 227, 228, 229, 230, 232, 234, 235, 236, 237, 238, 243, 245, 246, 247, 248, 249, 250, 252, 253, 255, 256, 258, 259, 260, 261, 266, 268, 269, 273, 274, 278, 279, 280, 281, 282, 284, 285, 286, 289, 291, 292, 294, 295, 296, 297, 298]
17:54:37.863 [main] INFO api.AvailableMembersApi - Validating members for Survey ID: 13
17:54:37.867 [main] INFO api.AvailableMembersApi - Received response for survey ID 14: Status Code = 200
17:54:37.876 [main] INFO api.AvailableMembersApi - Converted Available IDs for survey ID 14: [1, 2, 3, 4, 6, 8, 9, 11, 13, 14, 16, 18, 19, 20, 21, 22, 24, 25, 27, 29, 30, 31, 34, 35, 36, 37, 40, 42, 43, 44, 46, 47, 48, 49, 50, 51, 53, 55, 56, 57, 58, 59, 60, 61, 62, 63, 64, 66, 67, 68, 69, 71, 72, 73, 76, 77, 82, 85, 86, 87, 89, 91, 92, 94, 96, 98, 99, 101, 104, 107, 110, 111, 112, 113, 114, 115, 116, 120, 121, 124, 125, 126, 127, 128, 129, 130, 131, 132, 133, 134, 136, 137, 139, 142, 143, 145, 146, 147, 148, 149, 150, 151, 152, 153, 154, 155, 156, 157, 158, 159, 160, 161, 163, 164, 166, 167, 168, 171, 172, 173, 174, 175, 176, 177, 178, 179, 180, 181, 182, 183, 184, 186, 187, 189, 190, 191, 193, 194, 195, 196, 197, 198, 199, 200, 202, 204, 205, 206, 207, 208, 209, 211, 212, 214, 216, 217, 218, 220, 221, 223, 224, 227, 228, 230, 232, 233, 234, 235, 236, 237, 238, 242, 243, 245, 246, 247, 248, 249, 250, 251, 252, 253, 255, 256, 258, 259, 260, 261, 266, 268, 269, 273, 278, 279, 281, 282, 284, 285, 286, 289, 291, 292, 295, 296, 297, 298]
17:54:37.876 [main] INFO api.AvailableMembersApi - Validating members for Survey ID: 14
17:54:37.880 [main] INFO api.AvailableMembersApi - Received response for survey ID 15: Status Code = 200
17:54:37.885 [main] INFO api.AvailableMembersApi - Converted Available IDs for survey ID 15: [1, 2, 3, 4, 6, 8, 9, 11, 13, 16, 18, 20, 21, 22, 24, 25, 27, 28, 29, 30, 31, 32, 34, 35, 36, 37, 39, 40, 43, 44, 46, 47, 48, 49, 50, 51, 52, 53, 54, 56, 57, 58, 59, 60, 61, 62, 64, 65, 66, 67, 68, 69, 71, 72, 73, 76, 77, 78, 85, 86, 87, 89, 91, 92, 93, 94, 95, 96, 98, 99, 101, 102, 104, 107, 110, 111, 112, 113, 115, 116, 117, 121, 124, 125, 126, 127, 128, 129, 130, 131, 132, 133, 136, 137, 139, 140, 142, 143, 145, 146, 148, 149, 150, 152, 153, 154, 155, 156, 157, 159, 160, 161, 163, 164, 166, 167, 168, 171, 172, 173, 174, 176, 177, 178, 179, 180, 181, 183, 184, 186, 187, 189, 190, 191, 193, 194, 196, 197, 198, 199, 200, 202, 204, 207, 208, 209, 211, 212, 216, 217, 218, 220, 221, 223, 224, 227, 228, 229, 230, 232, 233, 234, 235, 236, 237, 238, 242, 243, 245, 246, 247, 248, 249, 250, 251, 252, 253, 255, 256, 258, 259, 260, 261, 266, 268, 269, 273, 274, 278, 279, 280, 281, 282, 285, 286, 292, 294, 295, 296, 297]
17:54:37.885 [main] INFO api.AvailableMembersApi - Validating members for Survey ID: 15
17:54:37.888 [main] INFO api.AvailableMembersApi - Received response for survey ID 16: Status Code = 200
17:54:37.894 [main] INFO api.AvailableMembersApi - Converted Available IDs for survey ID 16: [2, 4, 6, 8, 9, 11, 13, 14, 16, 18, 19, 20, 21, 22, 24, 27, 28, 29, 30, 31, 32, 34, 35, 36, 37, 39, 42, 43, 44, 46, 47, 48, 49, 50, 51, 52, 53, 54, 55, 56, 57, 58, 59, 60, 61, 62, 63, 64, 65, 66, 67, 68, 69, 71, 72, 73, 76, 77, 78, 82, 86, 87, 89, 91, 92, 93, 94, 96, 98, 101, 102, 104, 107, 110, 111, 112, 113, 114, 116, 120, 121, 124, 125, 126, 127, 128, 129, 130, 131, 132, 134, 136, 137, 139, 140, 142, 143, 145, 146, 147, 148, 150, 151, 152, 153, 154, 155, 156, 157, 158, 159, 160, 161, 163, 164, 166, 167, 168, 171, 172, 173, 174, 175, 176, 177, 178, 179, 180, 181, 182, 184, 186, 187, 189, 190, 191, 193, 194, 195, 197, 198, 199, 200, 204, 205, 206, 207, 208, 209, 211, 212, 214, 217, 220, 221, 223, 224, 227, 228, 229, 230, 232, 233, 234, 235, 236, 237, 238, 242, 243, 245, 246, 247, 248, 249, 250, 252, 253, 255, 256, 258, 259, 260, 261, 266, 268, 269, 273, 274, 278, 279, 280, 281, 282, 284, 285, 286, 291, 292, 294, 295, 296, 297, 298]
17:54:37.894 [main] INFO api.AvailableMembersApi - Validating members for Survey ID: 16
17:54:37.897 [main] INFO api.AvailableMembersApi - Received response for survey ID 17: Status Code = 200
17:54:37.902 [main] INFO api.AvailableMembersApi - Converted Available IDs for survey ID 17: [1, 2, 3, 4, 6, 8, 9, 11, 13, 14, 16, 18, 19, 20, 22, 25, 27, 28, 29, 30, 31, 32, 34, 35, 36, 37, 39, 40, 42, 43, 44, 46, 47, 48, 49, 50, 51, 52, 53, 54, 55, 57, 58, 59, 60, 61, 62, 63, 64, 65, 66, 67, 68, 69, 71, 72, 73, 76, 77, 78, 82, 85, 86, 87, 89, 91, 94, 96, 98, 99, 101, 107, 110, 111, 112, 113, 114, 116, 117, 120, 124, 125, 126, 127, 128, 129, 131, 132, 134, 136, 137, 139, 140, 142, 143, 145, 146, 147, 150, 151, 152, 154, 155, 156, 157, 158, 159, 160, 161, 163, 164, 166, 167, 168, 171, 172, 174, 175, 176, 177, 178, 180, 181, 182, 183, 184, 186, 187, 189, 190, 191, 193, 194, 195, 196, 197, 198, 199, 200, 202, 205, 206, 207, 208, 209, 211, 212, 214, 216, 217, 218, 220, 221, 223, 224, 227, 228, 229, 230, 232, 233, 234, 235, 236, 237, 238, 242, 243, 245, 246, 247, 248, 249, 250, 251, 252, 253, 256, 258, 259, 260, 261, 266, 268, 269, 273, 274, 279, 281, 282, 284, 285, 289, 291, 292, 294, 295, 296, 297, 298]
17:54:37.902 [main] INFO api.AvailableMembersApi - Validating members for Survey ID: 17
17:54:37.906 [main] INFO api.AvailableMembersApi - Received response for survey ID 18: Status Code = 200
17:54:37.914 [main] INFO api.AvailableMembersApi - Converted Available IDs for survey ID 18: [1, 3, 4, 6, 8, 9, 11, 13, 14, 16, 19, 20, 21, 24, 25, 27, 28, 29, 30, 31, 32, 34, 35, 36, 37, 39, 40, 42, 43, 44, 46, 47, 48, 49, 50, 51, 52, 53, 54, 55, 56, 57, 58, 59, 60, 61, 62, 63, 64, 65, 66, 67, 68, 69, 72, 73, 76, 77, 78, 82, 85, 86, 87, 89, 91, 92, 93, 94, 95, 96, 98, 99, 102, 104, 107, 110, 111, 112, 113, 114, 115, 116, 117, 120, 121, 124, 125, 126, 127, 128, 129, 130, 131, 132, 133, 134, 136, 137, 139, 140, 142, 143, 145, 146, 147, 148, 149, 150, 151, 152, 153, 154, 155, 156, 157, 158, 159, 160, 161, 163, 164, 166, 167, 168, 171, 172, 173, 174, 175, 176, 177, 178, 179, 180, 181, 183, 184, 186, 187, 189, 190, 191, 193, 194, 195, 196, 197, 198, 199, 200, 202, 204, 207, 208, 211, 212, 214, 217, 220, 221, 223, 224, 227, 228, 229, 230, 232, 233, 234, 235, 236, 237, 238, 242, 243, 245, 246, 247, 248, 249, 250, 251, 252, 253, 255, 256, 258, 259, 260, 261, 266, 268, 273, 274, 278, 279, 280, 281, 282, 285, 289, 291, 292, 294, 295, 296, 297]
17:54:37.914 [main] INFO api.AvailableMembersApi - Validating members for Survey ID: 18
17:54:37.918 [main] INFO api.AvailableMembersApi - Received response for survey ID 19: Status Code = 200
17:54:37.924 [main] INFO api.AvailableMembersApi - Converted Available IDs for survey ID 19: [1, 2, 3, 4, 6, 8, 9, 11, 13, 14, 18, 19, 20, 21, 22, 25, 27, 28, 29, 31, 32, 34, 35, 36, 37, 39, 40, 42, 43, 44, 46, 47, 48, 51, 52, 53, 54, 55, 56, 57, 58, 59, 60, 61, 62, 63, 64, 65, 66, 67, 68, 69, 71, 72, 73, 76, 77, 78, 82, 85, 86, 87, 89, 91, 93, 94, 95, 96, 98, 99, 101, 102, 104, 107, 110, 111, 112, 113, 114, 115, 116, 117, 121, 124, 125, 126, 127, 128, 129, 130, 131, 132, 136, 137, 139, 140, 142, 143, 145, 146, 148, 149, 150, 152, 153, 154, 156, 157, 158, 159, 160, 161, 163, 164, 166, 167, 168, 171, 172, 173, 174, 175, 176, 178, 179, 180, 181, 182, 183, 184, 186, 189, 190, 191, 193, 194, 195, 196, 199, 200, 202, 204, 206, 207, 208, 211, 212, 214, 216, 217, 218, 220, 221, 223, 224, 227, 228, 229, 230, 232, 233, 234, 235, 236, 237, 238, 242, 243, 246, 248, 249, 250, 251, 253, 255, 256, 258, 259, 260, 261, 266, 268, 269, 273, 274, 278, 279, 280, 281, 282, 284, 285, 286, 292, 294, 295, 296, 297, 298]
17:54:37.924 [main] INFO api.AvailableMembersApi - Validating members for Survey ID: 19
17:54:37.927 [main] INFO api.AvailableMembersApi - Received response for survey ID 20: Status Code = 200
17:54:37.932 [main] INFO api.AvailableMembersApi - Converted Available IDs for survey ID 20: [1, 2, 3, 8, 9, 13, 14, 16, 18, 19, 20, 21, 22, 24, 25, 27, 28, 29, 30, 31, 32, 34, 35, 36, 39, 40, 42, 43, 44, 46, 47, 48, 49, 50, 51, 52, 53, 54, 55, 56, 57, 58, 59, 61, 62, 63, 64, 65, 66, 67, 69, 71, 72, 73, 76, 77, 78, 82, 87, 89, 91, 92, 93, 94, 95, 96, 98, 99, 101, 102, 104, 107, 110, 111, 112, 113, 114, 115, 116, 117, 120, 121, 124, 125, 126, 127, 128, 129, 130, 132, 133, 134, 136, 137, 139, 140, 142, 143, 145, 146, 147, 149, 151, 154, 155, 156, 157, 158, 159, 160, 161, 163, 164, 166, 167, 168, 171, 172, 173, 175, 176, 178, 179, 180, 181, 182, 183, 186, 187, 189, 190, 191, 193, 194, 196, 198, 199, 200, 202, 204, 205, 206, 208, 211, 212, 214, 216, 217, 218, 220, 221, 223, 224, 227, 228, 229, 230, 232, 233, 234, 235, 236, 238, 242, 243, 245, 246, 247, 248, 250, 251, 253, 255, 256, 258, 259, 260, 261, 266, 269, 273, 274, 278, 279, 280, 281, 282, 284, 285, 286, 289, 291, 292, 294, 295, 296, 297, 298]
17:54:37.932 [main] INFO api.AvailableMembersApi - Validating members for Survey ID: 20
17:54:37.935 [main] INFO api.AvailableMembersApi - Received response for survey ID 21: Status Code = 200
17:54:37.940 [main] INFO api.AvailableMembersApi - Converted Available IDs for survey ID 21: [1, 2, 3, 4, 6, 11, 13, 14, 16, 18, 19, 20, 21, 22, 24, 25, 27, 29, 30, 31, 32, 34, 36, 37, 39, 42, 43, 44, 46, 47, 48, 49, 51, 52, 53, 56, 57, 58, 59, 60, 61, 62, 63, 64, 65, 66, 67, 68, 69, 71, 72, 73, 76, 77, 78, 82, 85, 86, 87, 89, 91, 92, 93, 95, 96, 98, 99, 102, 104, 107, 111, 113, 114, 115, 116, 117, 120, 121, 125, 126, 127, 128, 129, 132, 133, 136, 137, 139, 140, 142, 143, 145, 146, 147, 148, 149, 150, 151, 152, 153, 155, 156, 157, 158, 159, 160, 161, 163, 164, 166, 167, 168, 171, 172, 173, 174, 175, 176, 177, 178, 179, 180, 181, 183, 184, 186, 187, 189, 190, 191, 195, 196, 198, 200, 202, 204, 205, 206, 207, 208, 209, 211, 212, 214, 216, 217, 218, 220, 221, 223, 224, 228, 229, 233, 234, 235, 236, 237, 238, 242, 243, 245, 246, 247, 248, 249, 250, 251, 252, 253, 255, 256, 258, 259, 260, 261, 266, 268, 269, 273, 274, 278, 279, 280, 281, 282, 284, 285, 286, 289, 291, 292, 294, 295, 296]
17:54:37.940 [main] INFO api.AvailableMembersApi - Validating members for Survey ID: 21
17:54:37.943 [main] INFO api.AvailableMembersApi - Received response for survey ID 22: Status Code = 200
17:54:37.948 [main] INFO api.AvailableMembersApi - Converted Available IDs for survey ID 22: [1, 2, 3, 4, 6, 8, 11, 13, 14, 16, 18, 20, 21, 22, 24, 25, 27, 28, 30, 31, 32, 34, 35, 36, 37, 39, 40, 42, 43, 44, 46, 47, 48, 49, 50, 51, 52, 53, 54, 56, 57, 58, 59, 60, 61, 62, 63, 64, 66, 67, 69, 71, 72, 73, 76, 77, 78, 82, 85, 86, 87, 89, 92, 93, 94, 95, 96, 98, 99, 101, 102, 104, 107, 110, 111, 112, 113, 114, 116, 117, 120, 121, 125, 126, 127, 128, 129, 130, 131, 132, 134, 136, 137, 139, 140, 142, 145, 146, 147, 148, 150, 152, 154, 155, 156, 157, 159, 160, 161, 163, 164, 166, 167, 168, 171, 172, 173, 174, 175, 176, 177, 178, 179, 180, 181, 182, 183, 184, 186, 187, 189, 190, 191, 193, 194, 196, 197, 198, 199, 200, 202, 204, 205, 206, 207, 208, 209, 211, 212, 214, 216, 218, 220, 221, 223, 224, 227, 228, 230, 232, 233, 234, 235, 236, 237, 238, 242, 243, 245, 246, 247, 248, 250, 251, 252, 253, 255, 256, 258, 259, 260, 261, 266, 268, 269, 273, 274, 279, 280, 281, 282, 284, 285, 286, 289, 291, 292, 294, 295, 296, 297, 298]
17:54:37.948 [main] INFO api.AvailableMembersApi - Validating members for Survey ID: 22
17:54:37.951 [main] INFO api.AvailableMembersApi - Received response for survey ID 23: Status Code = 200
17:54:37.957 [main] INFO api.AvailableMembersApi - Converted Available IDs for survey ID 23: [1, 2, 4, 6, 8, 9, 14, 16, 18, 19, 20, 21, 22, 24, 25, 27, 28, 29, 30, 31, 32, 35, 36, 37, 39, 42, 43, 44, 46, 47, 48, 49, 50, 51, 52, 53, 54, 55, 56, 57, 58, 59, 60, 61, 62, 63, 64, 65, 66, 67, 68, 69, 71, 72, 73, 76, 77, 78, 82, 85, 86, 87, 89, 91, 92, 94, 96, 99, 101, 102, 104, 107, 110, 111, 112, 113, 114, 115, 116, 121, 124, 125, 126, 127, 128, 130, 131, 132, 134, 136, 137, 139, 140, 142, 143, 145, 146, 147, 148, 149, 150, 151, 152, 153, 154, 155, 156, 157, 158, 159, 161, 163, 164, 167, 168, 171, 172, 173, 174, 175, 176, 177, 178, 180, 181, 182, 183, 184, 186, 187, 190, 191, 193, 194, 196, 197, 198, 199, 200, 202, 204, 205, 206, 207, 208, 209, 211, 212, 214, 216, 217, 218, 220, 221, 224, 227, 228, 229, 230, 232, 233, 235, 236, 237, 238, 243, 245, 246, 247, 248, 249, 250, 251, 252, 253, 255, 256, 259, 261, 266, 268, 269, 273, 274, 278, 279, 280, 281, 284, 285, 286, 289, 291, 292, 294, 295, 296, 297, 298]
17:54:37.957 [main] INFO api.AvailableMembersApi - Validating members for Survey ID: 23
17:54:37.960 [main] INFO api.AvailableMembersApi - Received response for survey ID 24: Status Code = 200
17:54:37.969 [main] INFO api.AvailableMembersApi - Converted Available IDs for survey ID 24: [1, 2, 3, 4, 6, 8, 9, 11, 14, 18, 19, 20, 21, 22, 24, 25, 27, 28, 29, 30, 31, 32, 35, 36, 37, 39, 40, 42, 43, 44, 46, 47, 48, 49, 50, 51, 52, 53, 54, 55, 56, 57, 59, 60, 61, 63, 64, 66, 67, 68, 69, 71, 72, 73, 77, 78, 82, 85, 86, 87, 89, 91, 92, 93, 94, 95, 96, 98, 99, 101, 102, 104, 107, 110, 111, 112, 113, 114, 115, 116, 117, 120, 121, 124, 125, 126, 128, 129, 130, 131, 132, 134, 136, 139, 140, 142, 143, 145, 146, 147, 148, 149, 150, 151, 153, 154, 155, 157, 158, 159, 160, 161, 163, 164, 166, 167, 168, 171, 172, 174, 175, 176, 178, 179, 180, 181, 182, 183, 184, 186, 189, 190, 191, 193, 194, 195, 196, 198, 199, 200, 202, 204, 205, 207, 208, 209, 211, 212, 214, 216, 217, 218, 221, 223, 224, 227, 228, 230, 232, 233, 234, 235, 236, 237, 238, 243, 246, 247, 248, 249, 250, 251, 252, 253, 255, 256, 258, 259, 260, 261, 266, 268, 269, 273, 274, 278, 279, 280, 281, 284, 286, 289, 292, 294, 295, 296, 297, 298]
17:54:37.970 [main] INFO api.AvailableMembersApi - Validating members for Survey ID: 24
17:54:37.973 [main] INFO api.AvailableMembersApi - Received response for survey ID 25: Status Code = 200
17:54:37.982 [main] INFO api.AvailableMembersApi - Converted Available IDs for survey ID 25: [2, 4, 6, 8, 9, 11, 16, 18, 19, 20, 21, 22, 24, 27, 28, 29, 30, 31, 32, 34, 35, 36, 37, 39, 40, 42, 43, 44, 47, 48, 49, 51, 52, 53, 54, 55, 56, 57, 58, 59, 60, 61, 62, 63, 64, 66, 68, 69, 71, 72, 73, 76, 77, 78, 82, 85, 86, 87, 89, 91, 92, 93, 94, 95, 96, 98, 99, 101, 102, 104, 107, 111, 112, 113, 114, 115, 116, 117, 120, 121, 124, 126, 127, 128, 129, 131, 132, 133, 134, 137, 139, 140, 142, 143, 145, 146, 147, 148, 149, 150, 151, 152, 153, 154, 156, 157, 158, 159, 160, 161, 163, 164, 166, 167, 168, 171, 172, 173, 174, 175, 176, 177, 178, 179, 180, 183, 184, 186, 187, 189, 190, 191, 193, 194, 195, 196, 197, 198, 199, 200, 204, 205, 206, 207, 208, 209, 211, 212, 214, 216, 217, 218, 220, 221, 223, 224, 229, 230, 232, 233, 234, 235, 236, 237, 238, 242, 243, 245, 246, 247, 248, 249, 250, 252, 253, 255, 256, 258, 259, 260, 261, 266, 268, 269, 274, 278, 279, 280, 281, 282, 284, 285, 286, 289, 291, 292, 294, 295, 296, 297, 298]
17:54:37.982 [main] INFO api.AvailableMembersApi - Validating members for Survey ID: 25
17:54:37.986 [main] INFO api.AvailableMembersApi - Received response for survey ID 26: Status Code = 200
17:54:37.995 [main] INFO api.AvailableMembersApi - Converted Available IDs for survey ID 26: [1, 2, 3, 4, 6, 8, 9, 11, 13, 14, 16, 18, 20, 21, 22, 24, 25, 29, 30, 32, 34, 35, 36, 39, 40, 42, 43, 44, 46, 47, 48, 49, 50, 51, 52, 54, 55, 56, 57, 58, 59, 60, 61, 62, 63, 64, 65, 66, 67, 68, 69, 71, 72, 73, 76, 77, 78, 82, 85, 86, 87, 89, 91, 92, 93, 94, 95, 96, 98, 101, 102, 110, 111, 112, 113, 114, 115, 116, 117, 120, 121, 124, 125, 126, 127, 128, 129, 130, 132, 133, 136, 137, 139, 140, 142, 143, 145, 146, 148, 149, 150, 151, 152, 153, 154, 155, 157, 159, 160, 161, 163, 164, 166, 167, 168, 171, 172, 173, 174, 175, 176, 177, 178, 179, 181, 182, 184, 189, 190, 193, 194, 195, 196, 198, 199, 200, 202, 204, 205, 206, 208, 209, 211, 212, 214, 216, 217, 218, 220, 221, 224, 228, 229, 230, 232, 233, 234, 235, 236, 237, 238, 242, 243, 245, 247, 248, 249, 250, 251, 252, 253, 255, 256, 258, 259, 260, 261, 266, 268, 269, 273, 274, 278, 279, 280, 281, 282, 284, 285, 286, 289, 291, 292, 294, 295, 297, 298]
17:54:37.995 [main] INFO api.AvailableMembersApi - Validating members for Survey ID: 26
17:54:38.001 [main] INFO api.AvailableMembersApi - Received response for survey ID 27: Status Code = 200
17:54:38.011 [main] INFO api.AvailableMembersApi - Converted Available IDs for survey ID 27: [1, 2, 3, 4, 6, 8, 9, 11, 13, 16, 19, 21, 22, 24, 25, 27, 28, 29, 30, 31, 32, 34, 35, 36, 37, 39, 40, 42, 43, 44, 46, 47, 48, 50, 51, 52, 53, 55, 56, 57, 59, 60, 61, 63, 64, 65, 66, 67, 68, 69, 71, 72, 76, 77, 78, 82, 85, 86, 87, 89, 91, 92, 93, 94, 95, 96, 99, 101, 104, 107, 110, 111, 112, 113, 114, 115, 116, 117, 120, 121, 124, 125, 126, 127, 128, 129, 130, 131, 132, 133, 134, 136, 137, 139, 140, 142, 143, 145, 146, 147, 148, 149, 150, 151, 152, 153, 154, 155, 156, 157, 159, 160, 161, 163, 164, 166, 167, 168, 171, 172, 173, 174, 175, 176, 177, 178, 179, 180, 182, 183, 184, 189, 190, 191, 193, 194, 195, 196, 197, 198, 199, 200, 202, 204, 205, 206, 207, 208, 209, 211, 212, 214, 216, 217, 218, 220, 223, 224, 227, 228, 229, 230, 232, 233, 234, 235, 236, 237, 238, 242, 245, 246, 247, 248, 249, 250, 251, 252, 253, 255, 256, 258, 259, 260, 261, 266, 268, 269, 273, 278, 279, 280, 282, 284, 285, 286, 289, 294, 295, 296, 297, 298]
17:54:38.011 [main] INFO api.AvailableMembersApi - Validating members for Survey ID: 27
17:54:38.015 [main] INFO api.AvailableMembersApi - Received response for survey ID 28: Status Code = 200
17:54:38.024 [main] INFO api.AvailableMembersApi - Converted Available IDs for survey ID 28: [1, 2, 3, 4, 6, 8, 9, 11, 14, 18, 20, 21, 22, 25, 27, 28, 29, 30, 31, 32, 34, 35, 37, 40, 42, 43, 44, 46, 47, 48, 50, 51, 52, 53, 54, 55, 56, 57, 59, 60, 61, 62, 63, 64, 65, 67, 68, 69, 71, 72, 76, 77, 78, 82, 85, 86, 87, 91, 92, 93, 94, 95, 98, 99, 101, 102, 104, 107, 110, 111, 112, 113, 114, 115, 116, 117, 120, 121, 124, 125, 126, 127, 130, 131, 132, 133, 134, 136, 137, 139, 140, 142, 143, 145, 146, 147, 148, 149, 150, 151, 152, 153, 154, 155, 156, 157, 158, 159, 161, 163, 164, 166, 168, 171, 172, 173, 174, 175, 176, 177, 179, 180, 181, 182, 183, 184, 186, 187, 189, 190, 193, 194, 195, 196, 197, 198, 199, 200, 202, 205, 207, 208, 209, 211, 212, 216, 218, 221, 223, 224, 227, 228, 229, 230, 232, 234, 235, 237, 238, 242, 243, 245, 246, 247, 248, 249, 250, 251, 252, 253, 256, 258, 259, 260, 261, 266, 268, 269, 273, 274, 278, 279, 280, 281, 282, 284, 285, 289, 291, 292, 294, 295, 297, 298]
17:54:38.024 [main] INFO api.AvailableMembersApi - Validating members for Survey ID: 28
17:54:38.028 [main] INFO api.AvailableMembersApi - Received response for survey ID 29: Status Code = 200
17:54:38.037 [main] INFO api.AvailableMembersApi - Converted Available IDs for survey ID 29: [1, 2, 3, 4, 6, 8, 9, 11, 13, 16, 18, 19, 21, 22, 24, 25, 27, 28, 29, 30, 31, 32, 34, 35, 37, 39, 40, 42, 43, 44, 46, 47, 48, 49, 50, 51, 53, 54, 55, 56, 57, 58, 59, 60, 61, 62, 63, 64, 65, 66, 67, 68, 69, 71, 73, 76, 77, 78, 82, 86, 87, 89, 91, 92, 93, 95, 99, 101, 102, 104, 107, 110, 111, 112, 113, 114, 115, 116, 117, 120, 121, 124, 125, 126, 127, 128, 129, 130, 131, 132, 133, 134, 136, 139, 140, 142, 143, 145, 146, 147, 148, 149, 150, 151, 152, 153, 155, 156, 157, 159, 160, 161, 163, 164, 166, 167, 168, 171, 172, 174, 175, 176, 177, 180, 181, 183, 186, 187, 189, 190, 191, 193, 194, 195, 196, 197, 198, 199, 200, 202, 204, 205, 206, 207, 208, 211, 212, 214, 216, 217, 218, 223, 224, 227, 228, 229, 230, 232, 233, 234, 235, 236, 238, 242, 245, 246, 247, 248, 249, 250, 251, 252, 255, 256, 258, 260, 261, 266, 268, 269, 273, 274, 278, 279, 280, 281, 282, 284, 285, 286, 289, 291, 292, 294, 295, 296, 297, 298]
17:54:38.037 [main] INFO api.AvailableMembersApi - Validating members for Survey ID: 29
17:54:38.040 [main] INFO api.AvailableMembersApi - Received response for survey ID 30: Status Code = 200
17:54:38.049 [main] INFO api.AvailableMembersApi - Converted Available IDs for survey ID 30: [1, 3, 4, 8, 9, 13, 14, 16, 18, 19, 20, 21, 22, 24, 25, 27, 28, 29, 30, 31, 32, 34, 36, 37, 39, 40, 42, 43, 44, 46, 47, 48, 49, 50, 51, 52, 53, 54, 55, 56, 57, 58, 59, 60, 61, 62, 63, 65, 67, 69, 71, 72, 76, 77, 78, 82, 85, 87, 89, 92, 93, 94, 95, 96, 99, 101, 102, 104, 107, 110, 111, 112, 113, 114, 115, 116, 117, 121, 124, 125, 126, 127, 128, 129, 130, 131, 132, 133, 134, 136, 139, 140, 142, 143, 145, 146, 148, 149, 150, 152, 153, 154, 155, 156, 157, 158, 159, 160, 161, 163, 164, 166, 167, 168, 171, 173, 174, 175, 176, 177, 178, 179, 180, 181, 182, 183, 184, 186, 187, 189, 190, 191, 193, 194, 195, 196, 197, 198, 199, 202, 204, 205, 206, 207, 209, 211, 212, 214, 216, 217, 218, 220, 221, 223, 224, 227, 228, 229, 230, 233, 235, 236, 237, 238, 242, 243, 245, 246, 247, 248, 249, 250, 251, 252, 253, 255, 256, 258, 259, 260, 261, 266, 268, 269, 273, 274, 278, 279, 280, 281, 282, 285, 286, 291, 292, 294, 296, 297, 298]
17:54:38.049 [main] INFO api.AvailableMembersApi - Validating members for Survey ID: 30
17:54:38.054 [main] INFO api.AvailableMembersApi - Received response for survey ID 31: Status Code = 200
17:54:38.063 [main] INFO api.AvailableMembersApi - Converted Available IDs for survey ID 31: [1, 2, 3, 4, 6, 8, 9, 11, 13, 16, 18, 19, 20, 21, 22, 25, 27, 28, 29, 30, 31, 32, 34, 35, 36, 37, 39, 40, 42, 43, 44, 46, 47, 48, 49, 50, 51, 52, 53, 54, 55, 56, 57, 58, 59, 60, 61, 64, 65, 66, 67, 68, 69, 71, 72, 73, 76, 77, 78, 82, 86, 87, 89, 91, 92, 93, 94, 95, 96, 98, 99, 101, 102, 107, 110, 111, 113, 114, 115, 116, 117, 120, 121, 124, 125, 126, 127, 128, 129, 130, 131, 132, 133, 134, 136, 137, 139, 140, 142, 143, 146, 147, 148, 149, 150, 151, 152, 153, 154, 155, 156, 157, 158, 159, 161, 163, 164, 167, 168, 172, 173, 174, 175, 176, 177, 178, 179, 180, 181, 182, 183, 184, 186, 187, 189, 190, 191, 193, 194, 195, 196, 197, 198, 199, 200, 202, 204, 205, 206, 207, 208, 209, 211, 214, 216, 217, 218, 220, 221, 223, 224, 227, 228, 229, 230, 232, 234, 235, 236, 237, 238, 242, 243, 245, 246, 247, 248, 249, 250, 251, 252, 255, 256, 258, 259, 260, 261, 266, 268, 269, 273, 274, 278, 279, 280, 281, 282, 284, 285, 286, 289, 291, 292, 295, 296, 297, 298]
17:54:38.063 [main] INFO api.AvailableMembersApi - Validating members for Survey ID: 31
17:54:38.068 [main] INFO api.AvailableMembersApi - Received response for survey ID 32: Status Code = 200
17:54:38.077 [main] INFO api.AvailableMembersApi - Converted Available IDs for survey ID 32: [1, 2, 3, 4, 6, 8, 9, 11, 13, 14, 18, 19, 21, 22, 24, 25, 27, 28, 29, 31, 32, 35, 36, 37, 39, 40, 42, 43, 46, 48, 50, 51, 52, 53, 55, 56, 57, 59, 60, 61, 62, 64, 65, 66, 67, 68, 69, 71, 72, 73, 77, 78, 82, 85, 86, 87, 89, 91, 92, 93, 94, 95, 96, 98, 99, 101, 102, 104, 107, 110, 111, 112, 113, 114, 115, 116, 120, 121, 124, 125, 127, 128, 130, 131, 132, 133, 134, 136, 137, 139, 140, 142, 145, 146, 147, 149, 150, 152, 153, 154, 156, 157, 158, 159, 160, 161, 163, 164, 166, 167, 168, 171, 172, 173, 174, 175, 176, 177, 178, 179, 180, 181, 182, 184, 186, 187, 189, 190, 191, 193, 194, 195, 197, 198, 199, 200, 202, 204, 207, 208, 209, 211, 214, 216, 217, 218, 220, 221, 223, 224, 227, 228, 229, 230, 232, 233, 234, 235, 236, 237, 238, 242, 243, 245, 246, 248, 249, 250, 251, 252, 253, 255, 256, 258, 259, 261, 266, 268, 269, 273, 274, 278, 279, 280, 281, 282, 284, 285, 289, 291, 292, 294, 295, 296, 297, 298]
17:54:38.077 [main] INFO api.AvailableMembersApi - Validating members for Survey ID: 32
17:54:38.082 [main] INFO api.AvailableMembersApi - Received response for survey ID 33: Status Code = 200
17:54:38.090 [main] INFO api.AvailableMembersApi - Converted Available IDs for survey ID 33: [1, 2, 3, 4, 6, 8, 9, 11, 13, 14, 16, 18, 19, 20, 21, 22, 24, 25, 27, 28, 29, 30, 31, 34, 35, 36, 37, 39, 40, 42, 43, 44, 46, 47, 48, 49, 50, 51, 52, 53, 54, 55, 56, 57, 58, 59, 60, 61, 62, 63, 64, 65, 66, 67, 68, 69, 71, 72, 73, 76, 77, 78, 82, 85, 86, 87, 89, 91, 93, 94, 95, 96, 98, 99, 101, 102, 107, 110, 111, 112, 113, 114, 115, 117, 120, 121, 124, 125, 126, 127, 128, 129, 130, 131, 134, 136, 139, 140, 142, 143, 145, 146, 147, 148, 149, 150, 151, 152, 153, 154, 155, 156, 157, 158, 159, 160, 161, 163, 166, 167, 168, 171, 172, 173, 174, 175, 176, 177, 178, 179, 180, 181, 182, 183, 184, 186, 187, 189, 190, 191, 193, 194, 195, 197, 199, 202, 204, 206, 207, 208, 209, 211, 212, 214, 216, 217, 218, 220, 221, 223, 224, 227, 228, 229, 232, 233, 234, 235, 236, 237, 238, 242, 246, 247, 248, 249, 250, 251, 252, 253, 255, 256, 258, 259, 260, 261, 266, 268, 269, 273, 274, 278, 279, 280, 281, 282, 284, 285, 286, 291, 292, 294, 295, 296, 297, 298]
17:54:38.090 [main] INFO api.AvailableMembersApi - Validating members for Survey ID: 33
17:54:38.095 [main] INFO api.AvailableMembersApi - Received response for survey ID 34: Status Code = 200
17:54:38.103 [main] INFO api.AvailableMembersApi - Converted Available IDs for survey ID 34: [1, 2, 3, 4, 6, 8, 9, 13, 14, 16, 20, 21, 22, 24, 25, 27, 28, 29, 31, 32, 34, 35, 36, 37, 39, 43, 44, 46, 47, 48, 49, 51, 52, 53, 54, 55, 56, 57, 58, 60, 61, 62, 63, 65, 66, 68, 69, 71, 72, 73, 76, 77, 78, 82, 85, 86, 87, 89, 91, 92, 93, 94, 95, 96, 98, 99, 101, 104, 107, 110, 111, 112, 113, 114, 115, 116, 117, 120, 121, 124, 125, 126, 127, 128, 129, 130, 131, 132, 133, 134, 136, 137, 140, 142, 143, 145, 146, 147, 148, 149, 150, 151, 152, 153, 155, 156, 157, 159, 160, 161, 163, 164, 166, 167, 168, 171, 172, 174, 175, 176, 177, 178, 179, 180, 181, 182, 183, 184, 186, 189, 190, 191, 193, 194, 195, 196, 198, 199, 202, 204, 205, 206, 207, 208, 209, 211, 212, 216, 218, 220, 221, 223, 224, 227, 228, 229, 230, 232, 233, 234, 235, 236, 237, 238, 242, 243, 245, 246, 247, 248, 249, 250, 251, 252, 253, 255, 256, 258, 259, 260, 261, 266, 269, 273, 278, 279, 280, 281, 282, 284, 286, 289, 291, 292, 294, 295, 297, 298]
17:54:38.103 [main] INFO api.AvailableMembersApi - Validating members for Survey ID: 34
17:54:38.108 [main] INFO api.AvailableMembersApi - Received response for survey ID 35: Status Code = 200
17:54:38.115 [main] INFO api.AvailableMembersApi - Converted Available IDs for survey ID 35: [1, 2, 3, 6, 8, 9, 11, 13, 14, 16, 18, 19, 20, 21, 22, 24, 25, 27, 28, 29, 30, 31, 34, 36, 37, 39, 40, 42, 44, 46, 47, 48, 50, 51, 53, 54, 55, 56, 57, 58, 59, 60, 62, 63, 64, 65, 66, 68, 69, 71, 72, 73, 76, 77, 82, 86, 87, 89, 91, 92, 93, 94, 95, 96, 98, 99, 101, 102, 104, 107, 110, 111, 112, 113, 114, 115, 116, 117, 120, 121, 124, 125, 126, 127, 128, 129, 130, 131, 132, 133, 134, 137, 140, 142, 143, 146, 147, 148, 149, 150, 151, 152, 153, 154, 155, 156, 157, 158, 159, 160, 161, 163, 164, 166, 167, 168, 171, 172, 173, 174, 175, 176, 177, 178, 179, 180, 181, 182, 183, 184, 186, 187, 189, 190, 191, 193, 194, 195, 196, 197, 198, 199, 200, 202, 204, 205, 206, 207, 208, 209, 211, 214, 216, 217, 218, 221, 223, 224, 227, 228, 229, 230, 232, 233, 234, 235, 237, 238, 242, 245, 246, 247, 249, 252, 253, 256, 258, 260, 266, 268, 273, 274, 279, 280, 281, 282, 284, 285, 286, 291, 292, 294, 295, 297, 298]
17:54:38.115 [main] INFO api.AvailableMembersApi - Validating members for Survey ID: 35
17:54:38.118 [main] INFO api.AvailableMembersApi - Received response for survey ID 36: Status Code = 200
17:54:38.125 [main] INFO api.AvailableMembersApi - Converted Available IDs for survey ID 36: [1, 2, 3, 4, 6, 8, 9, 11, 13, 14, 18, 19, 20, 21, 22, 24, 25, 27, 28, 29, 31, 32, 35, 36, 37, 40, 42, 43, 44, 46, 47, 48, 49, 50, 51, 52, 53, 54, 55, 56, 57, 58, 59, 60, 61, 62, 63, 64, 65, 66, 67, 69, 71, 72, 73, 76, 77, 78, 82, 85, 86, 87, 89, 91, 92, 93, 94, 95, 96, 98, 99, 102, 104, 107, 110, 111, 112, 113, 114, 115, 116, 117, 120, 121, 124, 125, 126, 127, 128, 129, 130, 132, 133, 134, 136, 137, 139, 142, 143, 145, 146, 147, 148, 149, 150, 151, 152, 153, 154, 155, 156, 157, 158, 159, 161, 163, 164, 166, 167, 168, 171, 172, 173, 174, 175, 176, 177, 178, 179, 180, 181, 182, 183, 184, 186, 187, 190, 191, 193, 194, 196, 197, 198, 199, 200, 204, 205, 206, 207, 208, 209, 211, 212, 214, 217, 218, 220, 221, 223, 227, 228, 229, 230, 232, 233, 234, 236, 237, 238, 242, 243, 245, 246, 248, 249, 250, 251, 252, 253, 255, 256, 258, 259, 260, 261, 266, 268, 269, 273, 274, 278, 279, 280, 281, 282, 284, 285, 286, 289, 291, 292, 294, 295, 296, 297, 298]
17:54:38.125 [main] INFO api.AvailableMembersApi - Validating members for Survey ID: 36
17:54:38.127 [main] INFO api.AvailableMembersApi - Received response for survey ID 37: Status Code = 200
17:54:38.133 [main] INFO api.AvailableMembersApi - Converted Available IDs for survey ID 37: [1, 2, 3, 4, 6, 8, 9, 11, 14, 16, 19, 20, 21, 22, 24, 25, 27, 28, 29, 30, 31, 34, 35, 36, 37, 39, 40, 42, 43, 44, 46, 47, 48, 49, 50, 51, 52, 53, 54, 55, 56, 57, 58, 59, 60, 61, 62, 63, 64, 65, 67, 68, 69, 71, 72, 76, 77, 78, 82, 87, 89, 91, 92, 93, 94, 96, 99, 101, 102, 104, 111, 112, 113, 114, 115, 116, 117, 120, 121, 124, 125, 127, 128, 129, 130, 131, 133, 134, 136, 137, 139, 140, 142, 143, 145, 146, 147, 148, 149, 150, 151, 153, 154, 155, 156, 157, 158, 159, 160, 163, 164, 166, 167, 168, 171, 172, 173, 175, 176, 177, 178, 179, 181, 182, 183, 184, 186, 187, 189, 190, 191, 193, 195, 198, 199, 200, 202, 204, 205, 206, 207, 208, 209, 211, 214, 216, 217, 218, 220, 223, 227, 228, 229, 230, 232, 233, 234, 235, 236, 237, 238, 242, 243, 245, 246, 247, 248, 249, 250, 251, 252, 255, 256, 258, 259, 260, 261, 266, 268, 269, 273, 274, 278, 279, 280, 281, 282, 284, 285, 286, 289, 291, 292, 294, 295, 298]
17:54:38.133 [main] INFO api.AvailableMembersApi - Validating members for Survey ID: 37
17:54:38.135 [main] INFO api.AvailableMembersApi - Received response for survey ID 38: Status Code = 200
17:54:38.140 [main] INFO api.AvailableMembersApi - Converted Available IDs for survey ID 38: [1, 2, 4, 6, 8, 9, 11, 13, 14, 16, 18, 19, 20, 22, 24, 25, 27, 28, 29, 30, 31, 32, 34, 35, 36, 37, 39, 40, 42, 43, 44, 47, 48, 49, 50, 51, 52, 54, 55, 56, 57, 58, 59, 60, 61, 62, 63, 64, 65, 66, 67, 68, 69, 72, 73, 77, 78, 82, 85, 86, 89, 91, 92, 93, 94, 95, 96, 98, 99, 101, 102, 104, 107, 110, 111, 112, 113, 114, 115, 116, 117, 120, 121, 124, 125, 126, 127, 128, 129, 130, 131, 132, 133, 134, 136, 137, 139, 140, 142, 143, 145, 147, 148, 150, 151, 152, 153, 154, 155, 156, 157, 158, 159, 160, 161, 163, 164, 166, 167, 168, 173, 174, 175, 176, 177, 178, 179, 181, 182, 183, 184, 186, 187, 189, 190, 191, 193, 194, 196, 197, 198, 200, 202, 204, 206, 207, 208, 209, 211, 212, 214, 216, 217, 218, 220, 221, 223, 224, 227, 228, 229, 230, 232, 233, 234, 235, 236, 237, 238, 242, 243, 245, 246, 247, 248, 249, 250, 251, 252, 253, 255, 256, 258, 259, 260, 261, 266, 268, 269, 273, 274, 278, 279, 280, 285, 286, 289, 291, 292, 294, 295, 297]
17:54:38.140 [main] INFO api.AvailableMembersApi - Validating members for Survey ID: 38
17:54:38.158 [main] INFO api.AvailableMembersApi - Received response for survey ID 39: Status Code = 200
17:54:38.165 [main] INFO api.AvailableMembersApi - Converted Available IDs for survey ID 39: [1, 2, 3, 4, 6, 8, 9, 11, 13, 14, 16, 18, 19, 20, 21, 22, 24, 25, 27, 28, 29, 30, 31, 34, 35, 36, 37, 39, 40, 42, 43, 44, 46, 47, 48, 50, 52, 53, 54, 55, 56, 57, 58, 59, 60, 61, 63, 64, 65, 66, 67, 68, 69, 72, 73, 76, 77, 78, 82, 85, 87, 89, 92, 93, 94, 95, 96, 98, 99, 101, 104, 107, 110, 111, 112, 113, 114, 115, 116, 117, 121, 124, 125, 126, 127, 128, 129, 130, 131, 132, 133, 134, 136, 139, 140, 142, 143, 145, 146, 147, 148, 149, 150, 151, 152, 153, 154, 156, 158, 159, 160, 161, 163, 164, 166, 167, 168, 171, 172, 173, 174, 175, 176, 177, 179, 180, 182, 183, 186, 187, 189, 190, 191, 193, 194, 195, 196, 198, 200, 202, 204, 206, 207, 208, 209, 211, 212, 214, 216, 217, 218, 220, 221, 223, 224, 227, 228, 229, 230, 232, 233, 234, 236, 237, 238, 242, 243, 245, 246, 248, 249, 250, 251, 253, 256, 259, 260, 261, 266, 268, 269, 273, 274, 278, 279, 280, 282, 284, 285, 286, 289, 291, 292, 294, 295, 297, 298]
17:54:38.165 [main] INFO api.AvailableMembersApi - Validating members for Survey ID: 39
17:54:38.167 [main] INFO api.AvailableMembersApi - Received response for survey ID 40: Status Code = 200
17:54:38.174 [main] INFO api.AvailableMembersApi - Converted Available IDs for survey ID 40: [1, 2, 3, 4, 8, 9, 11, 13, 14, 16, 18, 19, 21, 22, 24, 25, 28, 29, 30, 31, 32, 34, 35, 36, 37, 39, 40, 42, 43, 44, 46, 47, 48, 49, 50, 52, 53, 54, 55, 56, 57, 58, 59, 60, 61, 62, 63, 64, 65, 66, 67, 68, 69, 71, 72, 73, 76, 77, 78, 82, 85, 86, 87, 89, 91, 92, 93, 94, 95, 96, 98, 99, 101, 102, 104, 107, 110, 111, 112, 113, 116, 117, 120, 121, 124, 125, 127, 130, 131, 132, 133, 134, 136, 137, 139, 140, 142, 143, 145, 146, 147, 148, 149, 150, 151, 152, 153, 154, 158, 159, 160, 161, 163, 164, 166, 167, 171, 174, 175, 176, 177, 178, 179, 180, 181, 182, 183, 184, 186, 187, 189, 190, 191, 195, 196, 197, 198, 199, 200, 202, 204, 205, 206, 207, 208, 209, 211, 214, 216, 217, 218, 220, 221, 223, 224, 227, 228, 229, 230, 232, 233, 234, 235, 236, 237, 238, 242, 245, 246, 247, 248, 249, 250, 251, 252, 253, 255, 256, 258, 259, 260, 261, 266, 268, 269, 273, 274, 278, 279, 280, 281, 282, 284, 285, 286, 289, 291, 294, 295, 296, 297, 298]
17:54:38.174 [main] INFO api.AvailableMembersApi - Validating members for Survey ID: 40
17:54:38.177 [main] INFO api.AvailableMembersApi - Received response for survey ID 41: Status Code = 200
17:54:38.185 [main] INFO api.AvailableMembersApi - Converted Available IDs for survey ID 41: [1, 2, 3, 4, 6, 8, 9, 13, 14, 16, 19, 20, 21, 22, 25, 27, 28, 29, 30, 31, 32, 34, 35, 36, 37, 39, 40, 42, 43, 44, 46, 47, 48, 49, 50, 51, 52, 53, 54, 55, 56, 57, 58, 59, 61, 62, 63, 64, 65, 66, 67, 68, 69, 71, 72, 73, 76, 77, 78, 82, 85, 86, 87, 89, 91, 93, 94, 95, 96, 98, 99, 102, 104, 107, 110, 111, 112, 113, 114, 115, 116, 117, 120, 121, 124, 125, 126, 127, 128, 130, 131, 132, 133, 136, 140, 142, 143, 145, 146, 147, 149, 150, 151, 152, 154, 155, 156, 157, 159, 160, 163, 164, 166, 167, 168, 171, 172, 174, 175, 176, 177, 178, 179, 180, 181, 182, 183, 184, 186, 187, 189, 190, 191, 194, 195, 197, 199, 200, 204, 205, 206, 207, 208, 209, 211, 212, 214, 216, 217, 218, 220, 221, 223, 224, 227, 228, 229, 230, 232, 233, 234, 235, 236, 237, 238, 242, 243, 245, 246, 247, 248, 250, 251, 252, 253, 255, 258, 259, 260, 261, 266, 268, 269, 273, 274, 278, 279, 280, 281, 282, 284, 285, 286, 289, 291, 294, 295, 296, 297, 298]
17:54:38.185 [main] INFO api.AvailableMembersApi - Validating members for Survey ID: 41
17:54:38.188 [main] INFO api.AvailableMembersApi - Received response for survey ID 42: Status Code = 200
17:54:38.193 [main] INFO api.AvailableMembersApi - Converted Available IDs for survey ID 42: [1, 2, 3, 4, 6, 8, 9, 11, 13, 14, 16, 18, 19, 20, 21, 22, 24, 25, 27, 28, 29, 30, 32, 34, 36, 37, 39, 40, 42, 44, 46, 47, 48, 49, 50, 51, 52, 54, 55, 56, 57, 58, 59, 60, 62, 63, 64, 65, 66, 67, 68, 69, 72, 73, 77, 78, 82, 86, 89, 91, 92, 93, 94, 95, 96, 98, 99, 101, 102, 104, 107, 110, 112, 113, 114, 115, 116, 117, 120, 124, 128, 129, 130, 131, 132, 133, 134, 136, 137, 139, 140, 142, 143, 146, 147, 148, 149, 151, 152, 153, 154, 155, 156, 157, 158, 159, 160, 161, 163, 164, 166, 167, 168, 171, 172, 173, 174, 175, 176, 177, 178, 179, 180, 181, 182, 183, 184, 186, 187, 189, 190, 191, 193, 194, 195, 196, 197, 198, 200, 202, 204, 205, 206, 207, 208, 209, 211, 212, 214, 216, 217, 218, 221, 223, 224, 227, 228, 229, 230, 232, 233, 234, 236, 237, 238, 242, 243, 245, 246, 247, 248, 250, 251, 252, 253, 255, 256, 258, 259, 260, 266, 268, 269, 273, 274, 278, 279, 280, 281, 282, 284, 285, 286, 289, 291, 292, 294, 295, 296, 297, 298]
17:54:38.193 [main] INFO api.AvailableMembersApi - Validating members for Survey ID: 42
17:54:38.195 [main] INFO api.AvailableMembersApi - Received response for survey ID 43: Status Code = 200
17:54:38.201 [main] INFO api.AvailableMembersApi - Converted Available IDs for survey ID 43: [1, 2, 3, 4, 6, 8, 9, 11, 13, 14, 16, 18, 19, 20, 21, 22, 25, 28, 29, 30, 31, 32, 34, 35, 36, 37, 39, 40, 42, 43, 44, 46, 47, 48, 49, 50, 51, 53, 54, 55, 56, 58, 59, 60, 61, 62, 63, 64, 66, 67, 68, 69, 72, 73, 76, 77, 78, 82, 85, 86, 87, 89, 91, 92, 93, 94, 96, 98, 99, 101, 102, 104, 107, 110, 111, 112, 114, 115, 116, 117, 121, 125, 126, 127, 128, 130, 132, 133, 134, 136, 137, 139, 140, 142, 143, 145, 146, 147, 149, 152, 153, 154, 155, 156, 157, 158, 159, 160, 161, 163, 164, 166, 168, 171, 172, 173, 174, 175, 176, 177, 179, 181, 182, 183, 184, 186, 187, 189, 190, 194, 195, 196, 197, 198, 199, 200, 202, 204, 205, 207, 208, 209, 211, 212, 216, 217, 218, 220, 221, 223, 224, 227, 228, 229, 230, 232, 234, 235, 236, 237, 238, 242, 243, 246, 247, 248, 249, 251, 252, 253, 255, 256, 258, 259, 260, 266, 268, 269, 273, 274, 278, 279, 280, 281, 282, 284, 285, 286, 289, 291, 292, 294, 295, 296, 297, 298]
17:54:38.201 [main] INFO api.AvailableMembersApi - Validating members for Survey ID: 43
17:54:38.203 [main] INFO api.AvailableMembersApi - Received response for survey ID 44: Status Code = 200
17:54:38.208 [main] INFO api.AvailableMembersApi - Converted Available IDs for survey ID 44: [1, 3, 4, 6, 9, 11, 13, 14, 16, 18, 19, 21, 22, 24, 25, 27, 28, 29, 30, 31, 32, 34, 35, 37, 39, 40, 42, 44, 46, 47, 48, 49, 50, 51, 52, 53, 54, 55, 56, 58, 59, 60, 61, 62, 64, 65, 66, 68, 69, 71, 72, 73, 76, 78, 82, 87, 91, 92, 94, 95, 96, 98, 99, 101, 102, 104, 107, 110, 111, 112, 113, 114, 115, 116, 117, 120, 121, 124, 125, 126, 127, 128, 129, 130, 131, 132, 133, 134, 136, 137, 139, 140, 142, 143, 146, 147, 148, 149, 150, 151, 152, 153, 154, 155, 156, 157, 158, 159, 160, 161, 163, 164, 166, 168, 172, 173, 174, 175, 176, 177, 178, 179, 180, 181, 182, 183, 184, 186, 187, 189, 190, 191, 193, 195, 196, 198, 199, 200, 202, 204, 205, 206, 207, 208, 209, 211, 212, 216, 217, 220, 221, 223, 224, 227, 229, 230, 232, 233, 234, 235, 236, 237, 238, 242, 243, 245, 246, 247, 249, 250, 251, 252, 253, 255, 256, 258, 259, 260, 266, 268, 269, 273, 274, 278, 279, 280, 281, 282, 284, 286, 289, 291, 292, 294, 295, 296, 297, 298]
17:54:38.208 [main] INFO api.AvailableMembersApi - Validating members for Survey ID: 44
17:54:38.211 [main] INFO api.AvailableMembersApi - Received response for survey ID 45: Status Code = 200
17:54:38.216 [main] INFO api.AvailableMembersApi - Converted Available IDs for survey ID 45: [2, 3, 4, 6, 8, 9, 11, 13, 14, 16, 18, 19, 20, 21, 24, 25, 27, 28, 29, 30, 31, 32, 34, 35, 36, 37, 39, 40, 42, 43, 44, 46, 47, 48, 49, 50, 51, 52, 53, 54, 55, 56, 57, 58, 59, 60, 61, 62, 63, 64, 65, 66, 67, 71, 72, 73, 76, 77, 78, 82, 86, 87, 89, 91, 92, 93, 94, 95, 96, 99, 101, 102, 104, 107, 110, 112, 113, 114, 115, 116, 117, 120, 121, 124, 125, 126, 127, 128, 130, 131, 132, 133, 134, 136, 137, 139, 140, 142, 143, 145, 146, 147, 148, 149, 151, 152, 153, 154, 155, 156, 158, 159, 160, 161, 163, 164, 166, 172, 173, 174, 175, 176, 177, 178, 179, 180, 181, 183, 184, 186, 187, 189, 190, 193, 194, 195, 196, 197, 199, 200, 202, 204, 205, 206, 207, 208, 209, 211, 212, 214, 216, 217, 218, 220, 221, 223, 224, 227, 228, 229, 230, 232, 233, 234, 236, 237, 242, 243, 245, 246, 247, 248, 249, 250, 251, 252, 253, 255, 256, 259, 260, 266, 268, 269, 273, 274, 278, 279, 280, 281, 282, 284, 286, 289, 291, 292, 294, 295, 296, 297, 298]
17:54:38.216 [main] INFO api.AvailableMembersApi - Validating members for Survey ID: 45
17:54:38.221 [main] INFO api.AvailableMembersApi - Received response for survey ID 46: Status Code = 200
17:54:38.230 [main] INFO api.AvailableMembersApi - Converted Available IDs for survey ID 46: [1, 2, 3, 4, 6, 9, 11, 13, 14, 16, 18, 19, 20, 21, 22, 24, 25, 27, 28, 29, 30, 31, 32, 34, 35, 37, 39, 42, 43, 44, 46, 47, 48, 49, 50, 51, 52, 53, 54, 55, 56, 57, 58, 59, 60, 61, 62, 63, 64, 65, 66, 67, 68, 69, 71, 72, 73, 77, 78, 82, 86, 89, 91, 92, 93, 94, 95, 98, 99, 101, 102, 104, 107, 110, 111, 113, 114, 115, 116, 117, 120, 121, 124, 125, 126, 127, 128, 129, 130, 131, 132, 133, 134, 136, 137, 139, 142, 143, 146, 147, 148, 149, 150, 151, 152, 154, 155, 157, 158, 159, 160, 163, 164, 166, 167, 171, 172, 173, 174, 175, 176, 177, 178, 179, 180, 181, 182, 183, 184, 186, 187, 189, 190, 191, 193, 194, 195, 196, 197, 198, 199, 200, 202, 204, 205, 206, 207, 208, 209, 211, 212, 214, 216, 217, 218, 220, 221, 223, 224, 227, 228, 229, 230, 232, 233, 234, 235, 236, 237, 238, 242, 243, 245, 246, 247, 248, 249, 250, 251, 252, 253, 255, 256, 258, 259, 260, 261, 266, 268, 269, 273, 274, 278, 279, 280, 281, 282, 284, 285, 289, 294, 295, 296, 297, 298]
17:54:38.230 [main] INFO api.AvailableMembersApi - Validating members for Survey ID: 46
17:54:38.234 [main] INFO api.AvailableMembersApi - Received response for survey ID 47: Status Code = 200
17:54:38.243 [main] INFO api.AvailableMembersApi - Converted Available IDs for survey ID 47: [1, 2, 4, 6, 8, 9, 11, 13, 16, 18, 19, 20, 21, 24, 25, 27, 28, 29, 31, 32, 34, 35, 36, 37, 39, 40, 42, 43, 44, 46, 47, 50, 51, 53, 55, 56, 57, 58, 59, 60, 62, 63, 64, 65, 66, 67, 68, 71, 72, 73, 77, 78, 82, 85, 86, 87, 89, 91, 92, 93, 94, 95, 96, 98, 101, 102, 104, 107, 110, 111, 112, 113, 115, 116, 117, 121, 125, 126, 127, 128, 129, 130, 131, 132, 133, 134, 136, 137, 139, 140, 142, 143, 145, 146, 147, 148, 149, 150, 151, 152, 153, 154, 155, 158, 159, 160, 161, 163, 166, 167, 168, 171, 172, 173, 174, 175, 176, 177, 179, 180, 181, 182, 183, 184, 186, 187, 191, 194, 195, 196, 197, 198, 199, 200, 202, 204, 205, 206, 207, 208, 209, 211, 214, 216, 217, 218, 220, 221, 223, 224, 228, 229, 230, 232, 234, 235, 236, 237, 238, 242, 243, 245, 246, 247, 248, 250, 251, 252, 253, 255, 256, 258, 259, 260, 261, 266, 269, 273, 274, 279, 280, 281, 282, 285, 286, 289, 291, 294, 295, 296, 297, 298]
17:54:38.243 [main] INFO api.AvailableMembersApi - Validating members for Survey ID: 47
17:54:38.247 [main] INFO api.AvailableMembersApi - Received response for survey ID 48: Status Code = 200
17:54:38.252 [main] INFO api.AvailableMembersApi - Converted Available IDs for survey ID 48: [1, 2, 3, 4, 6, 8, 9, 11, 13, 14, 16, 18, 19, 20, 21, 22, 24, 25, 27, 28, 29, 31, 32, 34, 36, 37, 39, 40, 42, 43, 44, 46, 47, 48, 49, 50, 51, 52, 54, 55, 56, 57, 58, 60, 62, 63, 64, 65, 66, 67, 68, 69, 71, 72, 73, 76, 77, 78, 82, 86, 87, 89, 91, 92, 93, 94, 95, 96, 98, 99, 101, 102, 104, 107, 110, 111, 112, 113, 114, 115, 116, 117, 120, 121, 124, 125, 126, 127, 129, 130, 131, 132, 134, 136, 137, 139, 143, 145, 146, 147, 148, 149, 150, 151, 152, 153, 154, 155, 156, 157, 159, 160, 161, 163, 164, 166, 167, 168, 172, 173, 174, 175, 177, 178, 180, 181, 183, 184, 186, 187, 189, 190, 191, 193, 194, 195, 196, 197, 198, 199, 200, 202, 204, 205, 206, 207, 208, 209, 211, 212, 214, 216, 217, 218, 220, 221, 223, 224, 227, 228, 229, 232, 233, 234, 235, 236, 237, 238, 242, 243, 245, 246, 247, 248, 249, 250, 253, 256, 258, 259, 260, 261, 268, 269, 273, 274, 278, 280, 281, 282, 284, 285, 286, 289, 291, 292, 294, 296, 297, 298]
17:54:38.252 [main] INFO api.AvailableMembersApi - Validating members for Survey ID: 48
17:54:38.255 [main] INFO api.AvailableMembersApi - Received response for survey ID 49: Status Code = 200
17:54:38.261 [main] INFO api.AvailableMembersApi - Converted Available IDs for survey ID 49: [1, 3, 4, 6, 8, 9, 11, 13, 14, 16, 18, 19, 20, 21, 22, 24, 27, 28, 29, 30, 31, 32, 34, 35, 36, 37, 39, 40, 42, 44, 46, 47, 48, 49, 50, 52, 54, 55, 56, 57, 58, 59, 60, 61, 62, 63, 64, 65, 66, 67, 68, 69, 71, 72, 73, 76, 77, 82, 87, 89, 91, 92, 93, 94, 95, 96, 98, 99, 101, 102, 104, 107, 110, 111, 112, 113, 114, 115, 116, 117, 120, 121, 124, 125, 126, 127, 128, 129, 130, 131, 132, 133, 134, 136, 137, 139, 140, 142, 143, 145, 146, 147, 148, 150, 151, 152, 153, 154, 155, 156, 157, 158, 159, 160, 161, 164, 166, 167, 168, 171, 172, 173, 175, 176, 177, 178, 180, 181, 182, 183, 184, 186, 187, 189, 190, 191, 193, 195, 196, 197, 198, 199, 200, 202, 204, 205, 206, 207, 208, 209, 211, 212, 214, 216, 217, 218, 221, 223, 224, 227, 228, 229, 230, 232, 233, 234, 235, 236, 238, 242, 243, 245, 246, 247, 248, 249, 250, 253, 255, 256, 258, 259, 260, 261, 266, 268, 269, 273, 274, 279, 280, 281, 282, 284, 285, 286, 289, 291, 292, 295, 296, 297, 298]
17:54:38.261 [main] INFO api.AvailableMembersApi - Validating members for Survey ID: 49
17:54:38.264 [main] INFO api.AvailableMembersApi - Received response for survey ID 50: Status Code = 200
17:54:38.270 [main] INFO api.AvailableMembersApi - Converted Available IDs for survey ID 50: [1, 2, 3, 6, 8, 9, 11, 13, 14, 16, 18, 19, 21, 22, 24, 25, 27, 28, 29, 30, 31, 32, 34, 35, 36, 37, 39, 40, 42, 43, 44, 46, 48, 50, 51, 52, 53, 54, 55, 57, 58, 59, 60, 61, 62, 63, 64, 65, 66, 67, 68, 71, 72, 76, 77, 78, 82, 85, 86, 87, 89, 91, 92, 93, 94, 95, 96, 98, 102, 104, 107, 110, 111, 112, 113, 114, 115, 116, 117, 120, 121, 124, 125, 126, 127, 129, 130, 131, 132, 133, 134, 136, 137, 139, 140, 142, 143, 145, 146, 147, 148, 149, 150, 151, 152, 153, 154, 155, 156, 157, 158, 159, 160, 163, 164, 166, 167, 168, 171, 172, 173, 175, 176, 177, 181, 182, 183, 184, 186, 187, 189, 190, 191, 193, 194, 196, 198, 199, 200, 202, 204, 205, 206, 207, 208, 209, 212, 214, 216, 217, 220, 221, 223, 227, 228, 230, 232, 233, 234, 236, 237, 238, 242, 243, 245, 247, 248, 249, 250, 251, 252, 253, 255, 256, 258, 260, 261, 266, 268, 269, 273, 274, 278, 280, 281, 282, 284, 285, 286, 289, 291, 292, 295, 296, 297, 298]
17:54:38.270 [main] INFO api.AvailableMembersApi - Validating members for Survey ID: 50
17:54:38.274 [main] INFO api.AvailableMembersApi - Received response for survey ID 51: Status Code = 200
17:54:38.279 [main] INFO api.AvailableMembersApi - Converted Available IDs for survey ID 51: [1, 4, 6, 8, 9, 11, 13, 14, 16, 18, 20, 21, 24, 25, 27, 28, 29, 30, 31, 32, 34, 35, 36, 37, 39, 40, 42, 43, 44, 46, 47, 48, 50, 51, 52, 53, 54, 55, 56, 57, 58, 59, 60, 61, 62, 65, 67, 68, 69, 71, 72, 73, 76, 77, 78, 82, 85, 86, 89, 91, 92, 93, 94, 95, 96, 98, 99, 101, 102, 104, 107, 110, 111, 112, 113, 114, 115, 116, 117, 120, 121, 124, 125, 126, 127, 128, 129, 130, 131, 132, 134, 136, 137, 139, 140, 142, 143, 145, 146, 148, 149, 150, 151, 152, 153, 154, 155, 156, 157, 158, 159, 160, 161, 163, 164, 166, 167, 168, 172, 173, 174, 175, 176, 177, 178, 180, 181, 182, 183, 184, 186, 187, 189, 190, 191, 193, 194, 195, 196, 197, 198, 199, 204, 205, 206, 207, 208, 209, 211, 212, 214, 216, 217, 218, 220, 221, 223, 224, 227, 228, 229, 233, 234, 235, 236, 237, 238, 242, 245, 246, 247, 248, 249, 250, 251, 252, 253, 255, 258, 260, 266, 268, 269, 273, 274, 278, 279, 280, 281, 282, 284, 285, 291, 292, 294, 295, 296, 298]
17:54:38.279 [main] INFO api.AvailableMembersApi - Validating members for Survey ID: 51
17:54:38.282 [main] INFO api.AvailableMembersApi - Received response for survey ID 52: Status Code = 200
17:54:38.288 [main] INFO api.AvailableMembersApi - Converted Available IDs for survey ID 52: [1, 2, 3, 4, 6, 9, 11, 13, 14, 16, 18, 19, 20, 21, 22, 24, 25, 28, 29, 30, 31, 32, 34, 35, 36, 37, 39, 40, 42, 43, 44, 47, 48, 49, 50, 51, 52, 53, 54, 55, 56, 57, 58, 59, 60, 61, 62, 63, 64, 65, 66, 67, 68, 69, 72, 73, 76, 77, 78, 82, 85, 86, 87, 89, 91, 92, 93, 94, 96, 98, 99, 101, 102, 104, 107, 110, 112, 113, 115, 116, 117, 120, 121, 124, 125, 126, 127, 128, 129, 130, 131, 133, 134, 136, 137, 139, 140, 142, 143, 147, 148, 151, 152, 153, 154, 155, 156, 157, 158, 159, 161, 163, 164, 166, 167, 168, 171, 172, 173, 174, 175, 176, 178, 179, 180, 181, 182, 183, 184, 186, 189, 190, 191, 193, 194, 195, 196, 197, 198, 199, 200, 202, 204, 205, 207, 208, 209, 211, 212, 214, 216, 217, 218, 221, 223, 227, 228, 229, 230, 232, 233, 234, 235, 236, 237, 238, 242, 243, 245, 246, 247, 248, 249, 250, 251, 252, 253, 255, 256, 258, 260, 261, 266, 268, 269, 273, 274, 278, 279, 280, 281, 282, 284, 285, 286, 289, 292, 294, 295, 296, 297, 298]
17:54:38.288 [main] INFO api.AvailableMembersApi - Validating members for Survey ID: 52
17:54:38.291 [main] INFO api.AvailableMembersApi - Received response for survey ID 53: Status Code = 200
17:54:38.301 [main] INFO api.AvailableMembersApi - Converted Available IDs for survey ID 53: [1, 2, 3, 4, 6, 8, 9, 11, 14, 16, 18, 19, 20, 22, 24, 25, 27, 28, 30, 31, 32, 34, 35, 36, 37, 39, 40, 42, 43, 44, 46, 47, 48, 50, 53, 54, 55, 56, 57, 58, 59, 60, 61, 62, 63, 64, 65, 66, 67, 68, 69, 71, 72, 73, 76, 77, 78, 82, 85, 86, 87, 89, 91, 92, 93, 94, 95, 96, 98, 99, 101, 102, 104, 107, 110, 111, 112, 113, 114, 115, 116, 120, 121, 124, 125, 126, 127, 128, 129, 130, 131, 132, 133, 134, 136, 139, 140, 142, 143, 146, 147, 148, 150, 151, 152, 153, 154, 155, 156, 157, 158, 159, 160, 161, 163, 164, 166, 167, 168, 171, 172, 173, 174, 175, 176, 177, 178, 179, 180, 181, 182, 183, 184, 186, 187, 189, 190, 191, 193, 194, 195, 196, 198, 199, 200, 204, 205, 206, 207, 208, 209, 211, 212, 214, 216, 217, 218, 220, 221, 224, 227, 230, 232, 233, 234, 235, 236, 237, 238, 242, 243, 245, 246, 247, 249, 250, 251, 252, 253, 256, 259, 260, 261, 266, 268, 269, 273, 274, 278, 279, 280, 281, 282, 284, 285, 286, 289, 292, 294, 295, 296, 297, 298]
17:54:38.301 [main] INFO api.AvailableMembersApi - Validating members for Survey ID: 53
17:54:38.306 [main] INFO api.AvailableMembersApi - Received response for survey ID 54: Status Code = 200
17:54:38.316 [main] INFO api.AvailableMembersApi - Converted Available IDs for survey ID 54: [1, 2, 3, 4, 6, 11, 13, 14, 18, 20, 22, 24, 25, 27, 28, 29, 30, 31, 32, 35, 36, 37, 42, 43, 44, 46, 47, 48, 49, 50, 51, 52, 53, 54, 55, 56, 57, 59, 60, 61, 62, 64, 65, 66, 67, 68, 69, 71, 72, 73, 76, 77, 82, 85, 86, 87, 89, 91, 92, 93, 94, 95, 96, 98, 101, 102, 104, 107, 110, 111, 112, 113, 115, 116, 117, 120, 121, 124, 125, 126, 127, 128, 129, 130, 131, 132, 134, 136, 137, 139, 140, 142, 143, 145, 146, 147, 148, 149, 150, 151, 152, 153, 154, 155, 156, 157, 158, 159, 160, 161, 163, 164, 167, 168, 171, 172, 173, 174, 175, 176, 177, 178, 179, 180, 181, 182, 183, 184, 186, 187, 189, 190, 191, 193, 194, 195, 196, 197, 200, 202, 204, 206, 207, 208, 209, 211, 212, 214, 216, 217, 218, 220, 221, 223, 224, 227, 228, 232, 233, 234, 235, 236, 237, 238, 242, 243, 245, 246, 247, 248, 249, 250, 251, 252, 253, 256, 258, 259, 260, 261, 266, 268, 269, 273, 278, 279, 280, 281, 284, 285, 286, 289, 291, 292, 294, 295, 296, 297, 298]
17:54:38.316 [main] INFO api.AvailableMembersApi - Validating members for Survey ID: 54
17:54:38.320 [main] INFO api.AvailableMembersApi - Received response for survey ID 55: Status Code = 200
17:54:38.330 [main] INFO api.AvailableMembersApi - Converted Available IDs for survey ID 55: [1, 2, 3, 4, 6, 8, 9, 11, 13, 14, 16, 18, 19, 20, 24, 25, 27, 28, 29, 31, 32, 34, 35, 36, 37, 39, 40, 42, 43, 44, 46, 47, 48, 49, 50, 51, 52, 53, 54, 55, 57, 58, 59, 60, 61, 62, 63, 64, 65, 66, 67, 68, 69, 71, 72, 73, 76, 77, 82, 85, 86, 87, 89, 91, 92, 93, 94, 95, 96, 98, 99, 101, 102, 104, 107, 110, 111, 112, 113, 114, 116, 120, 121, 124, 125, 126, 127, 128, 129, 130, 132, 133, 134, 136, 137, 139, 140, 142, 143, 145, 146, 147, 148, 149, 150, 151, 152, 153, 154, 155, 156, 157, 158, 159, 160, 161, 163, 164, 166, 167, 168, 172, 173, 174, 175, 176, 177, 178, 179, 180, 181, 182, 184, 186, 187, 189, 190, 191, 193, 194, 196, 197, 198, 199, 200, 202, 204, 205, 206, 207, 208, 209, 211, 212, 216, 217, 218, 220, 221, 223, 224, 227, 228, 229, 230, 232, 233, 234, 235, 236, 237, 238, 242, 243, 246, 247, 248, 249, 250, 251, 252, 253, 255, 256, 258, 259, 260, 261, 266, 268, 269, 279, 280, 281, 282, 284, 285, 286, 289, 291, 292, 294, 295, 296, 297, 298]
17:54:38.330 [main] INFO api.AvailableMembersApi - Validating members for Survey ID: 55
17:54:38.334 [main] INFO api.AvailableMembersApi - Received response for survey ID 56: Status Code = 200
17:54:38.343 [main] INFO api.AvailableMembersApi - Converted Available IDs for survey ID 56: [1, 2, 3, 4, 6, 8, 9, 11, 13, 14, 16, 18, 19, 20, 21, 24, 25, 27, 28, 29, 30, 31, 32, 34, 35, 36, 37, 39, 40, 43, 44, 46, 47, 48, 49, 52, 53, 54, 56, 57, 58, 59, 60, 61, 62, 64, 66, 67, 68, 71, 72, 73, 76, 77, 78, 82, 85, 86, 89, 91, 92, 93, 94, 95, 96, 98, 99, 101, 102, 107, 110, 111, 112, 113, 114, 115, 116, 117, 120, 121, 124, 125, 126, 127, 128, 129, 131, 132, 134, 136, 137, 139, 142, 143, 145, 147, 148, 149, 150, 151, 152, 153, 155, 158, 159, 160, 161, 163, 164, 166, 168, 171, 172, 173, 174, 175, 176, 177, 178, 179, 180, 181, 182, 183, 184, 186, 187, 189, 190, 191, 193, 194, 195, 196, 197, 198, 199, 202, 204, 205, 206, 207, 208, 209, 211, 212, 214, 216, 217, 218, 220, 221, 223, 224, 227, 228, 232, 233, 234, 235, 236, 238, 242, 243, 245, 246, 247, 248, 249, 250, 251, 252, 253, 256, 258, 259, 260, 261, 266, 268, 269, 273, 274, 278, 279, 280, 281, 282, 285, 286, 289, 291, 292, 294, 295, 296, 297, 298]
17:54:38.343 [main] INFO api.AvailableMembersApi - Validating members for Survey ID: 56
17:54:38.349 [main] INFO api.AvailableMembersApi - Received response for survey ID 57: Status Code = 200
17:54:38.358 [main] INFO api.AvailableMembersApi - Converted Available IDs for survey ID 57: [1, 2, 3, 4, 6, 9, 11, 13, 16, 18, 19, 21, 22, 24, 25, 27, 28, 29, 31, 32, 34, 35, 37, 40, 42, 43, 44, 46, 47, 48, 49, 51, 52, 53, 54, 56, 57, 59, 60, 61, 62, 63, 64, 65, 66, 67, 68, 71, 72, 73, 76, 77, 82, 85, 86, 89, 91, 92, 93, 94, 95, 96, 98, 99, 101, 102, 104, 107, 110, 111, 112, 113, 114, 115, 116, 120, 121, 124, 125, 126, 127, 128, 130, 131, 132, 133, 134, 136, 137, 139, 140, 142, 143, 145, 146, 147, 148, 149, 150, 151, 153, 154, 155, 156, 157, 158, 159, 160, 161, 163, 164, 166, 167, 168, 171, 172, 173, 174, 175, 176, 177, 178, 179, 180, 181, 182, 183, 184, 186, 187, 189, 190, 191, 193, 195, 196, 197, 198, 199, 200, 202, 204, 206, 207, 208, 209, 211, 212, 214, 216, 217, 220, 221, 223, 224, 228, 229, 230, 232, 233, 234, 235, 236, 237, 238, 242, 243, 245, 246, 247, 248, 249, 250, 251, 252, 253, 255, 256, 258, 259, 260, 261, 266, 268, 269, 273, 278, 279, 280, 281, 282, 284, 285, 286, 289, 291, 292, 294, 295, 296, 297, 298]
17:54:38.358 [main] INFO api.AvailableMembersApi - Validating members for Survey ID: 57
17:54:38.363 [main] INFO api.AvailableMembersApi - Received response for survey ID 58: Status Code = 200
17:54:38.372 [main] INFO api.AvailableMembersApi - Converted Available IDs for survey ID 58: [1, 2, 4, 6, 8, 9, 11, 13, 14, 16, 18, 19, 20, 21, 22, 24, 25, 27, 28, 29, 30, 34, 35, 36, 37, 39, 40, 43, 44, 46, 47, 49, 50, 51, 52, 53, 54, 55, 56, 57, 58, 59, 60, 61, 63, 64, 65, 66, 67, 69, 71, 72, 73, 76, 78, 82, 85, 87, 89, 91, 94, 95, 96, 98, 99, 101, 102, 107, 110, 111, 112, 113, 114, 115, 116, 117, 120, 121, 124, 125, 126, 127, 128, 129, 130, 131, 132, 134, 136, 137, 139, 140, 142, 143, 145, 147, 148, 149, 150, 151, 153, 154, 157, 158, 159, 160, 161, 163, 164, 167, 168, 171, 174, 175, 176, 177, 178, 179, 180, 181, 182, 183, 184, 186, 187, 190, 191, 194, 195, 196, 197, 198, 199, 202, 204, 205, 206, 207, 208, 209, 211, 212, 214, 216, 217, 218, 220, 221, 223, 224, 227, 228, 229, 230, 233, 234, 235, 236, 237, 238, 242, 243, 245, 246, 247, 248, 249, 250, 251, 252, 253, 255, 256, 258, 259, 260, 261, 266, 268, 269, 278, 279, 280, 281, 282, 284, 285, 289, 291, 292, 294, 295, 296, 297, 298]
17:54:38.372 [main] INFO api.AvailableMembersApi - Validating members for Survey ID: 58
17:54:38.379 [main] INFO api.AvailableMembersApi - Received response for survey ID 59: Status Code = 200
17:54:38.388 [main] INFO api.AvailableMembersApi - Converted Available IDs for survey ID 59: [1, 2, 3, 4, 9, 11, 13, 14, 16, 18, 19, 20, 21, 22, 24, 25, 27, 28, 29, 30, 31, 32, 34, 35, 36, 37, 39, 40, 42, 43, 47, 48, 49, 50, 52, 53, 54, 55, 56, 57, 58, 59, 60, 63, 64, 65, 66, 68, 69, 71, 73, 76, 77, 78, 82, 85, 86, 87, 91, 93, 94, 95, 96, 98, 99, 101, 102, 104, 107, 110, 111, 112, 113, 114, 115, 116, 117, 120, 121, 124, 125, 126, 127, 128, 129, 130, 131, 133, 134, 136, 137, 142, 143, 145, 146, 147, 148, 149, 150, 151, 152, 153, 154, 155, 157, 158, 159, 160, 161, 164, 166, 168, 172, 173, 174, 175, 176, 177, 178, 179, 180, 181, 186, 187, 189, 190, 191, 193, 194, 195, 196, 197, 198, 199, 200, 202, 204, 205, 206, 207, 208, 209, 211, 214, 216, 220, 221, 223, 224, 227, 228, 229, 230, 232, 233, 234, 235, 236, 237, 238, 242, 245, 246, 247, 248, 249, 250, 251, 252, 253, 255, 256, 258, 259, 260, 261, 268, 269, 273, 274, 278, 279, 280, 281, 282, 285, 286, 289, 291, 295, 296, 297, 298]
17:54:38.388 [main] INFO api.AvailableMembersApi - Validating members for Survey ID: 59
17:54:38.392 [main] INFO api.AvailableMembersApi - Received response for survey ID 60: Status Code = 200
17:54:38.403 [main] INFO api.AvailableMembersApi - Converted Available IDs for survey ID 60: [1, 3, 4, 6, 8, 9, 11, 13, 16, 18, 19, 20, 21, 22, 24, 25, 27, 29, 31, 32, 34, 35, 37, 39, 40, 42, 43, 44, 46, 47, 48, 49, 50, 51, 52, 53, 55, 56, 57, 58, 59, 60, 61, 62, 63, 64, 65, 66, 67, 72, 73, 76, 77, 78, 82, 85, 86, 87, 89, 91, 92, 93, 95, 96, 98, 99, 101, 102, 104, 107, 111, 112, 114, 115, 116, 117, 120, 121, 124, 125, 126, 127, 129, 130, 131, 132, 133, 134, 136, 137, 139, 140, 142, 143, 145, 147, 148, 150, 151, 152, 153, 154, 155, 156, 157, 158, 159, 160, 161, 164, 166, 167, 168, 171, 173, 174, 175, 176, 177, 178, 179, 180, 181, 182, 184, 186, 187, 189, 190, 191, 193, 194, 195, 196, 197, 198, 199, 200, 202, 204, 205, 206, 207, 208, 209, 211, 212, 214, 216, 218, 220, 221, 223, 224, 227, 228, 229, 230, 232, 233, 234, 235, 236, 237, 238, 245, 246, 247, 248, 249, 250, 251, 252, 253, 255, 256, 258, 259, 260, 261, 266, 268, 269, 273, 274, 278, 279, 280, 281, 282, 285, 286, 289, 291, 292, 294, 295, 296, 297, 298]
17:54:38.403 [main] INFO api.AvailableMembersApi - Validating members for Survey ID: 60
17:54:38.408 [main] INFO api.AvailableMembersApi - Received response for survey ID 61: Status Code = 200
17:54:38.418 [main] INFO api.AvailableMembersApi - Converted Available IDs for survey ID 61: [1, 2, 3, 4, 6, 8, 11, 14, 19, 20, 21, 22, 24, 25, 28, 29, 30, 31, 32, 34, 35, 36, 37, 39, 40, 42, 43, 44, 46, 47, 48, 49, 50, 51, 52, 53, 54, 55, 56, 57, 58, 59, 60, 61, 62, 63, 64, 65, 66, 67, 69, 71, 72, 73, 76, 77, 78, 82, 85, 86, 87, 89, 91, 92, 93, 95, 96, 98, 99, 101, 102, 104, 107, 110, 111, 112, 113, 114, 115, 116, 117, 120, 121, 124, 125, 126, 127, 128, 129, 130, 131, 132, 133, 134, 136, 137, 139, 140, 142, 143, 145, 146, 147, 148, 149, 150, 151, 152, 154, 156, 157, 159, 160, 161, 163, 164, 166, 167, 168, 171, 172, 173, 174, 175, 176, 177, 178, 179, 180, 181, 182, 183, 184, 186, 187, 189, 190, 191, 193, 194, 195, 196, 197, 198, 199, 200, 202, 204, 205, 206, 207, 208, 209, 212, 214, 216, 217, 218, 220, 223, 224, 228, 229, 230, 232, 233, 234, 236, 237, 238, 242, 243, 245, 246, 247, 248, 249, 250, 251, 252, 253, 255, 256, 258, 260, 261, 266, 268, 269, 273, 274, 278, 279, 280, 281, 282, 284, 285, 286, 289, 291, 292, 294, 295, 296, 297, 298]
17:54:38.418 [main] INFO api.AvailableMembersApi - Validating members for Survey ID: 61
17:54:38.424 [main] INFO api.AvailableMembersApi - Received response for survey ID 62: Status Code = 200
17:54:38.433 [main] INFO api.AvailableMembersApi - Converted Available IDs for survey ID 62: [1, 3, 6, 8, 9, 11, 13, 14, 16, 19, 20, 21, 22, 24, 25, 27, 28, 29, 30, 32, 34, 36, 37, 39, 40, 42, 43, 44, 46, 48, 50, 51, 52, 53, 54, 55, 56, 57, 58, 59, 60, 61, 62, 63, 64, 65, 66, 67, 68, 69, 71, 76, 78, 82, 85, 86, 89, 91, 92, 93, 94, 95, 96, 98, 99, 101, 102, 104, 107, 110, 111, 112, 113, 114, 115, 117, 120, 121, 124, 125, 126, 127, 128, 129, 130, 131, 133, 134, 136, 137, 139, 140, 142, 143, 145, 147, 149, 151, 152, 153, 154, 155, 156, 157, 158, 159, 160, 161, 163, 166, 167, 168, 171, 172, 173, 174, 175, 177, 178, 179, 180, 181, 182, 183, 184, 186, 187, 189, 190, 191, 193, 194, 195, 196, 197, 198, 200, 202, 204, 205, 206, 207, 208, 211, 212, 216, 217, 218, 220, 221, 223, 224, 228, 229, 230, 232, 234, 235, 236, 237, 238, 242, 243, 245, 246, 247, 248, 249, 250, 251, 252, 253, 255, 256, 258, 259, 260, 261, 268, 269, 274, 278, 279, 280, 281, 282, 284, 285, 286, 289, 291, 292, 296, 298]
17:54:38.433 [main] INFO api.AvailableMembersApi - Validating members for Survey ID: 62
17:54:38.437 [main] INFO api.AvailableMembersApi - Received response for survey ID 63: Status Code = 200
17:54:38.447 [main] INFO api.AvailableMembersApi - Converted Available IDs for survey ID 63: [1, 2, 3, 4, 8, 9, 11, 13, 14, 16, 18, 19, 20, 21, 22, 25, 28, 29, 30, 31, 32, 34, 35, 36, 37, 39, 40, 42, 43, 44, 47, 48, 50, 51, 52, 53, 54, 55, 56, 57, 58, 60, 61, 62, 63, 64, 66, 67, 68, 69, 71, 72, 73, 76, 77, 78, 82, 85, 86, 87, 89, 91, 92, 93, 94, 95, 96, 98, 99, 101, 102, 104, 107, 111, 113, 114, 115, 116, 117, 120, 121, 124, 125, 126, 127, 128, 129, 130, 131, 132, 133, 134, 136, 137, 139, 140, 142, 143, 145, 146, 147, 148, 149, 150, 151, 152, 153, 154, 155, 156, 157, 158, 159, 160, 161, 163, 164, 166, 167, 168, 171, 172, 173, 174, 175, 176, 177, 178, 179, 180, 181, 182, 183, 184, 187, 189, 190, 191, 193, 194, 196, 197, 198, 199, 200, 202, 204, 206, 207, 208, 209, 211, 212, 214, 216, 217, 218, 220, 221, 223, 227, 228, 230, 233, 235, 237, 238, 242, 243, 245, 246, 247, 248, 249, 250, 251, 252, 253, 255, 256, 258, 259, 260, 261, 266, 268, 273, 274, 279, 280, 282, 284, 285, 286, 289, 291, 292, 294, 295, 296, 297, 298]
17:54:38.447 [main] INFO api.AvailableMembersApi - Validating members for Survey ID: 63
17:54:38.451 [main] INFO api.AvailableMembersApi - Received response for survey ID 64: Status Code = 200
17:54:38.460 [main] INFO api.AvailableMembersApi - Converted Available IDs for survey ID 64: [1, 2, 6, 8, 9, 11, 13, 16, 18, 19, 20, 21, 22, 25, 27, 28, 30, 31, 32, 34, 35, 36, 37, 40, 42, 43, 44, 46, 47, 48, 49, 50, 51, 52, 53, 54, 55, 56, 58, 59, 60, 61, 62, 63, 64, 65, 66, 67, 69, 71, 72, 73, 76, 77, 82, 85, 86, 87, 89, 91, 92, 94, 95, 96, 98, 99, 101, 102, 104, 107, 110, 111, 112, 113, 114, 115, 116, 117, 120, 121, 126, 127, 128, 129, 130, 131, 132, 133, 134, 136, 137, 139, 140, 142, 143, 145, 146, 147, 148, 149, 150, 151, 152, 153, 154, 155, 156, 157, 158, 159, 160, 161, 163, 164, 166, 167, 168, 171, 172, 173, 174, 175, 177, 178, 179, 181, 182, 183, 184, 186, 187, 189, 190, 191, 193, 194, 195, 196, 197, 198, 199, 200, 202, 204, 205, 206, 207, 208, 209, 211, 212, 216, 217, 218, 220, 221, 223, 224, 228, 229, 230, 232, 233, 234, 235, 236, 237, 238, 242, 243, 245, 246, 247, 249, 250, 251, 252, 256, 258, 259, 260, 261, 266, 268, 269, 279, 280, 281, 282, 284, 285, 286, 289, 291, 292, 294, 295, 296, 297, 298]
17:54:38.460 [main] INFO api.AvailableMembersApi - Validating members for Survey ID: 64
17:54:38.465 [main] INFO api.AvailableMembersApi - Received response for survey ID 65: Status Code = 200
17:54:38.471 [main] INFO api.AvailableMembersApi - Converted Available IDs for survey ID 65: [1, 3, 4, 8, 9, 11, 14, 16, 18, 19, 20, 21, 22, 24, 25, 27, 28, 29, 30, 31, 32, 35, 36, 39, 40, 42, 43, 46, 47, 48, 50, 51, 52, 53, 54, 55, 56, 57, 58, 59, 60, 61, 62, 63, 64, 65, 66, 67, 68, 71, 72, 73, 77, 78, 82, 85, 86, 87, 89, 91, 92, 93, 94, 96, 98, 99, 104, 107, 110, 111, 112, 113, 114, 115, 116, 117, 120, 124, 125, 126, 128, 129, 130, 132, 133, 134, 136, 137, 139, 140, 142, 143, 145, 147, 148, 149, 150, 151, 152, 153, 154, 155, 157, 158, 159, 160, 161, 163, 164, 166, 167, 168, 171, 172, 173, 174, 175, 176, 177, 179, 180, 181, 182, 183, 184, 186, 187, 189, 190, 191, 193, 194, 195, 196, 197, 198, 199, 200, 202, 204, 205, 206, 207, 208, 209, 211, 212, 214, 216, 217, 218, 220, 221, 223, 224, 227, 228, 229, 230, 232, 233, 234, 236, 237, 238, 242, 243, 245, 246, 247, 248, 249, 250, 251, 252, 253, 255, 256, 258, 259, 260, 261, 268, 269, 273, 274, 278, 279, 280, 282, 284, 285, 286, 289, 291, 292, 294, 295, 296, 297, 298]
17:54:38.471 [main] INFO api.AvailableMembersApi - Validating members for Survey ID: 65
17:54:38.474 [main] INFO api.AvailableMembersApi - Received response for survey ID 66: Status Code = 200
17:54:38.480 [main] INFO api.AvailableMembersApi - Converted Available IDs for survey ID 66: [1, 2, 3, 4, 6, 8, 9, 13, 14, 16, 18, 19, 20, 22, 24, 25, 27, 28, 29, 30, 31, 32, 34, 35, 36, 37, 39, 40, 42, 43, 44, 46, 47, 48, 49, 50, 51, 52, 53, 54, 55, 56, 58, 59, 60, 61, 62, 63, 64, 65, 66, 67, 68, 69, 71, 73, 76, 77, 78, 82, 85, 86, 87, 89, 91, 92, 93, 94, 96, 98, 99, 101, 102, 107, 110, 111, 112, 113, 114, 115, 116, 117, 120, 121, 124, 125, 126, 127, 128, 129, 130, 131, 132, 133, 134, 136, 137, 139, 140, 142, 143, 145, 146, 147, 148, 149, 150, 151, 153, 154, 155, 156, 157, 158, 159, 160, 163, 164, 166, 167, 168, 171, 172, 173, 174, 175, 176, 177, 179, 180, 181, 182, 183, 184, 186, 187, 189, 190, 191, 193, 194, 195, 196, 197, 198, 199, 200, 202, 205, 206, 207, 209, 211, 212, 214, 216, 217, 218, 220, 221, 223, 224, 227, 228, 229, 230, 232, 233, 234, 236, 237, 238, 242, 243, 247, 248, 249, 250, 252, 253, 255, 256, 258, 259, 260, 261, 266, 268, 269, 273, 274, 278, 279, 280, 281, 282, 284, 285, 286, 289, 291, 292, 294, 295, 296, 297, 298]
17:54:38.480 [main] INFO api.AvailableMembersApi - Validating members for Survey ID: 66
17:54:38.483 [main] INFO api.AvailableMembersApi - Received response for survey ID 67: Status Code = 200
17:54:38.489 [main] INFO api.AvailableMembersApi - Converted Available IDs for survey ID 67: [1, 2, 3, 4, 6, 8, 9, 13, 14, 16, 18, 19, 20, 21, 22, 25, 28, 29, 30, 31, 32, 34, 35, 39, 40, 42, 43, 44, 46, 47, 49, 50, 51, 52, 53, 55, 56, 57, 58, 59, 60, 61, 62, 63, 64, 66, 68, 69, 71, 72, 73, 76, 77, 78, 82, 85, 86, 87, 89, 93, 94, 95, 96, 98, 99, 101, 102, 104, 107, 111, 112, 113, 114, 115, 116, 117, 120, 121, 124, 125, 126, 127, 128, 129, 131, 132, 134, 136, 137, 139, 140, 142, 143, 145, 146, 147, 148, 149, 150, 151, 152, 153, 154, 155, 156, 158, 159, 160, 161, 163, 164, 166, 167, 171, 172, 173, 174, 175, 176, 178, 179, 181, 182, 183, 184, 186, 187, 189, 190, 191, 193, 194, 195, 196, 197, 198, 199, 200, 202, 204, 205, 206, 207, 208, 209, 212, 214, 216, 217, 218, 220, 221, 223, 224, 227, 228, 229, 232, 233, 235, 236, 237, 238, 242, 243, 245, 246, 247, 248, 249, 250, 251, 252, 253, 255, 258, 259, 260, 261, 268, 269, 273, 274, 278, 279, 280, 282, 284, 285, 289, 291, 292, 294, 295, 296, 297, 298]
17:54:38.489 [main] INFO api.AvailableMembersApi - Validating members for Survey ID: 67
17:54:38.492 [main] INFO api.AvailableMembersApi - Received response for survey ID 68: Status Code = 200
17:54:38.497 [main] INFO api.AvailableMembersApi - Converted Available IDs for survey ID 68: [1, 2, 3, 4, 6, 8, 9, 11, 13, 14, 16, 18, 19, 20, 21, 22, 25, 27, 28, 29, 30, 31, 32, 34, 35, 36, 37, 39, 40, 42, 43, 44, 46, 47, 48, 49, 50, 51, 53, 54, 55, 56, 57, 58, 59, 60, 61, 62, 63, 64, 65, 67, 68, 69, 71, 72, 76, 77, 82, 85, 86, 87, 89, 91, 92, 93, 94, 95, 96, 98, 99, 101, 102, 104, 107, 110, 111, 112, 113, 114, 115, 116, 117, 120, 121, 124, 126, 127, 130, 132, 133, 136, 137, 139, 140, 142, 143, 146, 147, 148, 149, 150, 151, 152, 153, 154, 155, 156, 157, 158, 159, 160, 161, 163, 164, 167, 168, 171, 172, 173, 174, 175, 176, 177, 178, 179, 180, 181, 182, 184, 187, 189, 190, 191, 193, 194, 196, 197, 198, 199, 200, 202, 204, 205, 208, 209, 211, 212, 214, 216, 218, 220, 221, 223, 224, 227, 228, 229, 230, 232, 233, 234, 235, 236, 238, 243, 245, 247, 248, 249, 250, 251, 252, 253, 255, 256, 258, 259, 260, 261, 266, 268, 269, 273, 279, 280, 281, 284, 286, 289, 291, 292, 294, 295, 296, 298]
17:54:38.497 [main] INFO api.AvailableMembersApi - Validating members for Survey ID: 68
17:54:38.500 [main] INFO api.AvailableMembersApi - Received response for survey ID 69: Status Code = 200
17:54:38.505 [main] INFO api.AvailableMembersApi - Converted Available IDs for survey ID 69: [1, 2, 3, 4, 6, 8, 9, 11, 14, 18, 19, 20, 22, 24, 25, 27, 28, 29, 30, 31, 32, 34, 35, 36, 37, 39, 40, 42, 43, 44, 46, 47, 48, 50, 51, 52, 53, 54, 55, 57, 58, 60, 61, 62, 63, 64, 65, 66, 67, 68, 69, 71, 72, 73, 76, 77, 78, 82, 86, 87, 89, 91, 93, 94, 95, 96, 99, 101, 102, 104, 107, 111, 112, 113, 114, 115, 116, 117, 121, 124, 125, 126, 127, 128, 129, 130, 132, 133, 134, 136, 137, 139, 140, 142, 143, 145, 146, 147, 148, 149, 150, 151, 152, 153, 154, 155, 156, 158, 159, 160, 161, 164, 166, 167, 168, 171, 172, 173, 174, 175, 176, 177, 178, 179, 180, 181, 182, 183, 184, 189, 190, 191, 193, 194, 195, 196, 197, 198, 199, 202, 205, 206, 207, 208, 209, 212, 214, 216, 217, 218, 220, 221, 223, 227, 228, 229, 230, 232, 233, 235, 236, 237, 238, 242, 243, 245, 246, 247, 248, 249, 250, 251, 252, 253, 255, 256, 258, 259, 261, 266, 268, 269, 273, 274, 278, 279, 280, 281, 285, 286, 289, 292, 294, 298]
17:54:38.506 [main] INFO api.AvailableMembersApi - Validating members for Survey ID: 69
17:54:38.509 [main] INFO api.AvailableMembersApi - Received response for survey ID 70: Status Code = 200
17:54:38.514 [main] INFO api.AvailableMembersApi - Converted Available IDs for survey ID 70: [1, 2, 3, 4, 6, 9, 13, 14, 16, 18, 19, 21, 22, 24, 25, 27, 28, 29, 30, 32, 34, 35, 36, 37, 39, 40, 42, 43, 44, 46, 47, 48, 49, 50, 51, 52, 53, 54, 55, 56, 57, 58, 59, 60, 61, 62, 63, 64, 65, 66, 67, 68, 69, 71, 72, 77, 78, 82, 85, 86, 89, 91, 93, 94, 96, 99, 101, 102, 104, 107, 110, 111, 113, 114, 115, 116, 117, 120, 121, 124, 125, 126, 127, 128, 129, 130, 131, 132, 133, 134, 136, 137, 139, 140, 142, 143, 145, 146, 147, 148, 149, 150, 151, 152, 153, 154, 155, 156, 157, 158, 159, 161, 163, 164, 166, 171, 172, 174, 177, 178, 179, 180, 182, 183, 184, 186, 187, 189, 190, 193, 194, 195, 196, 197, 198, 199, 200, 202, 204, 205, 206, 207, 208, 209, 211, 212, 214, 216, 217, 220, 221, 223, 228, 229, 232, 233, 234, 235, 236, 237, 238, 242, 245, 246, 247, 248, 249, 251, 252, 253, 255, 256, 258, 259, 260, 261, 266, 268, 269, 273, 274, 278, 279, 280, 281, 282, 284, 285, 286, 289, 291, 292, 294, 296, 297, 298]
17:54:38.514 [main] INFO api.AvailableMembersApi - Validating members for Survey ID: 70
17:54:38.517 [main] INFO api.AvailableMembersApi - Received response for survey ID 71: Status Code = 200
17:54:38.523 [main] INFO api.AvailableMembersApi - Converted Available IDs for survey ID 71: [1, 2, 3, 4, 6, 8, 9, 11, 13, 14, 16, 18, 19, 20, 21, 22, 24, 25, 27, 28, 30, 31, 32, 34, 35, 36, 39, 40, 42, 43, 44, 46, 47, 48, 49, 50, 51, 52, 53, 54, 55, 56, 57, 58, 59, 60, 61, 62, 63, 65, 66, 67, 68, 69, 71, 72, 73, 76, 77, 78, 82, 85, 86, 89, 91, 92, 94, 95, 96, 98, 99, 101, 102, 104, 107, 110, 111, 112, 113, 114, 115, 116, 117, 120, 121, 124, 125, 127, 128, 129, 130, 131, 132, 133, 136, 137, 139, 140, 142, 143, 145, 146, 148, 150, 151, 152, 153, 154, 155, 156, 157, 159, 160, 161, 163, 164, 166, 167, 168, 171, 172, 173, 174, 175, 177, 179, 180, 181, 182, 183, 184, 186, 187, 189, 191, 193, 194, 195, 196, 197, 200, 202, 205, 206, 207, 208, 209, 211, 212, 214, 216, 218, 220, 223, 224, 227, 229, 230, 232, 233, 234, 235, 237, 238, 242, 243, 245, 246, 247, 248, 249, 251, 252, 255, 256, 258, 259, 260, 261, 268, 269, 273, 274, 278, 279, 280, 282, 284, 285, 286, 289, 291, 292, 294, 295, 296, 297, 298]
17:54:38.523 [main] INFO api.AvailableMembersApi - Validating members for Survey ID: 71
17:54:38.525 [main] INFO api.AvailableMembersApi - Received response for survey ID 72: Status Code = 200
17:54:38.531 [main] INFO api.AvailableMembersApi - Converted Available IDs for survey ID 72: [1, 2, 3, 4, 6, 8, 9, 11, 13, 14, 16, 18, 19, 20, 21, 22, 24, 25, 27, 28, 30, 31, 32, 34, 35, 37, 39, 40, 42, 43, 46, 47, 48, 49, 50, 51, 53, 54, 55, 56, 57, 58, 59, 60, 61, 62, 63, 64, 65, 66, 67, 68, 69, 72, 73, 76, 77, 78, 82, 85, 86, 87, 89, 91, 92, 93, 94, 96, 98, 99, 101, 102, 104, 110, 111, 113, 114, 115, 116, 120, 124, 125, 126, 127, 128, 129, 131, 132, 133, 134, 136, 137, 139, 142, 143, 145, 146, 147, 148, 149, 150, 151, 152, 153, 154, 155, 156, 157, 158, 159, 160, 161, 164, 166, 167, 168, 171, 172, 174, 175, 176, 177, 179, 180, 181, 182, 183, 184, 186, 187, 190, 191, 193, 194, 195, 196, 197, 198, 199, 200, 202, 204, 205, 206, 207, 208, 209, 211, 212, 214, 216, 217, 218, 220, 221, 223, 227, 228, 229, 230, 233, 234, 235, 236, 237, 238, 242, 243, 245, 246, 247, 248, 249, 250, 252, 253, 255, 256, 258, 259, 260, 266, 268, 269, 273, 274, 278, 279, 280, 281, 282, 284, 285, 286, 289, 291, 292, 294, 295, 296, 297, 298]
17:54:38.531 [main] INFO api.AvailableMembersApi - Validating members for Survey ID: 72
17:54:38.533 [main] INFO api.AvailableMembersApi - Received response for survey ID 73: Status Code = 200
17:54:38.539 [main] INFO api.AvailableMembersApi - Converted Available IDs for survey ID 73: [1, 2, 3, 4, 6, 9, 11, 13, 14, 16, 18, 19, 21, 22, 24, 25, 27, 28, 29, 31, 32, 34, 35, 36, 37, 39, 40, 42, 43, 44, 47, 48, 49, 50, 51, 52, 54, 55, 56, 57, 58, 59, 60, 61, 62, 63, 64, 65, 66, 67, 68, 71, 72, 73, 77, 78, 82, 85, 89, 91, 92, 93, 94, 95, 96, 98, 99, 101, 102, 104, 107, 110, 111, 112, 113, 114, 115, 116, 117, 120, 124, 125, 126, 127, 128, 130, 131, 132, 133, 134, 136, 137, 140, 142, 143, 145, 146, 147, 149, 150, 151, 152, 153, 154, 156, 157, 158, 159, 160, 161, 163, 164, 166, 167, 168, 171, 172, 173, 175, 176, 177, 178, 179, 180, 181, 182, 183, 184, 186, 187, 189, 190, 194, 196, 197, 198, 199, 200, 202, 204, 205, 206, 207, 208, 209, 211, 212, 214, 216, 217, 218, 220, 221, 223, 224, 227, 228, 229, 230, 232, 233, 234, 235, 236, 237, 238, 242, 243, 245, 246, 248, 249, 250, 251, 252, 253, 255, 256, 258, 259, 260, 261, 266, 268, 269, 273, 274, 278, 279, 280, 281, 282, 284, 285, 286, 289, 291, 292, 294, 295, 296, 297, 298]
17:54:38.539 [main] INFO api.AvailableMembersApi - Validating members for Survey ID: 73
17:54:38.542 [main] INFO api.AvailableMembersApi - Received response for survey ID 74: Status Code = 200
17:54:38.548 [main] INFO api.AvailableMembersApi - Converted Available IDs for survey ID 74: [1, 2, 3, 4, 6, 8, 9, 11, 13, 16, 18, 19, 20, 21, 22, 24, 25, 27, 28, 29, 30, 31, 32, 34, 35, 36, 37, 40, 42, 43, 44, 47, 48, 49, 50, 51, 52, 53, 54, 55, 56, 57, 58, 59, 60, 61, 62, 63, 64, 65, 66, 67, 68, 69, 71, 72, 73, 76, 77, 78, 85, 86, 87, 89, 91, 92, 93, 94, 95, 96, 99, 101, 102, 104, 107, 110, 111, 112, 113, 114, 115, 116, 117, 120, 121, 124, 125, 126, 128, 129, 130, 131, 132, 133, 134, 137, 139, 142, 143, 145, 146, 148, 149, 150, 151, 152, 153, 154, 155, 156, 157, 159, 160, 161, 163, 164, 166, 167, 172, 173, 174, 176, 177, 178, 179, 180, 181, 182, 183, 184, 186, 187, 189, 190, 191, 193, 194, 195, 196, 197, 198, 199, 200, 202, 204, 207, 208, 209, 211, 212, 214, 216, 217, 218, 220, 221, 223, 224, 228, 230, 232, 233, 234, 235, 236, 237, 238, 242, 243, 245, 246, 247, 248, 249, 251, 252, 253, 255, 256, 258, 259, 260, 261, 266, 268, 269, 273, 274, 278, 279, 280, 281, 282, 284, 285, 289, 292, 294, 295, 296, 297, 298]
17:54:38.548 [main] INFO api.AvailableMembersApi - Validating members for Survey ID: 74
17:54:38.552 [main] INFO api.AvailableMembersApi - Received response for survey ID 75: Status Code = 200
17:54:38.558 [main] INFO api.AvailableMembersApi - Converted Available IDs for survey ID 75: [1, 2, 3, 8, 9, 11, 13, 14, 16, 18, 19, 20, 21, 22, 24, 25, 27, 28, 29, 30, 31, 32, 34, 35, 36, 37, 40, 42, 43, 44, 46, 47, 48, 49, 50, 51, 52, 53, 54, 55, 56, 57, 58, 59, 61, 63, 64, 65, 66, 67, 68, 69, 71, 72, 73, 76, 77, 78, 82, 85, 86, 87, 89, 91, 92, 93, 94, 95, 96, 98, 99, 101, 102, 104, 107, 110, 111, 112, 113, 114, 115, 117, 120, 121, 124, 125, 126, 127, 130, 131, 132, 133, 134, 136, 137, 140, 142, 143, 145, 146, 147, 148, 149, 150, 151, 152, 153, 154, 155, 156, 157, 160, 161, 163, 164, 166, 167, 168, 171, 172, 173, 174, 176, 177, 178, 179, 180, 181, 182, 183, 184, 187, 189, 190, 191, 193, 194, 195, 196, 197, 198, 199, 200, 202, 204, 205, 206, 207, 208, 209, 211, 212, 214, 218, 220, 221, 223, 224, 227, 228, 229, 230, 232, 233, 234, 235, 236, 237, 238, 242, 243, 245, 246, 247, 248, 249, 250, 251, 252, 253, 255, 256, 258, 259, 260, 261, 266, 268, 269, 273, 274, 278, 279, 280, 281, 282, 285, 286, 289, 291, 292, 295, 296, 297, 298]
17:54:38.558 [main] INFO api.AvailableMembersApi - Validating members for Survey ID: 75
17:54:38.561 [main] INFO api.AvailableMembersApi - Received response for survey ID 76: Status Code = 200
17:54:38.567 [main] INFO api.AvailableMembersApi - Converted Available IDs for survey ID 76: [1, 2, 3, 4, 6, 8, 9, 11, 14, 16, 18, 19, 20, 21, 22, 24, 27, 28, 29, 30, 31, 32, 34, 35, 36, 37, 39, 40, 42, 43, 44, 46, 47, 48, 49, 50, 51, 52, 53, 54, 55, 56, 57, 58, 60, 61, 62, 63, 64, 65, 66, 67, 68, 69, 71, 73, 76, 77, 78, 82, 85, 86, 87, 89, 91, 92, 93, 94, 95, 96, 98, 99, 101, 102, 104, 107, 110, 111, 113, 114, 115, 116, 117, 120, 121, 124, 125, 126, 127, 128, 129, 130, 131, 132, 133, 134, 136, 137, 139, 140, 143, 145, 146, 147, 148, 149, 150, 152, 153, 154, 155, 156, 157, 158, 159, 160, 161, 163, 164, 166, 167, 168, 171, 172, 173, 174, 175, 176, 177, 178, 179, 180, 181, 182, 183, 184, 186, 187, 189, 190, 191, 193, 194, 195, 197, 198, 199, 200, 202, 204, 205, 206, 207, 208, 209, 212, 214, 216, 217, 218, 220, 221, 223, 224, 227, 229, 230, 232, 233, 234, 235, 236, 237, 238, 242, 243, 245, 246, 247, 248, 249, 250, 251, 252, 253, 255, 256, 266, 268, 269, 273, 278, 279, 280, 281, 282, 284, 285, 286, 289, 291, 292, 294, 295, 296, 298]
17:54:38.567 [main] INFO api.AvailableMembersApi - Validating members for Survey ID: 76
17:54:38.570 [main] INFO api.AvailableMembersApi - Received response for survey ID 77: Status Code = 200
17:54:38.576 [main] INFO api.AvailableMembersApi - Converted Available IDs for survey ID 77: [1, 2, 3, 4, 9, 11, 13, 14, 16, 18, 19, 20, 21, 22, 25, 27, 28, 29, 30, 31, 32, 35, 36, 37, 39, 40, 42, 43, 44, 46, 47, 48, 49, 50, 51, 52, 54, 55, 56, 57, 58, 59, 60, 61, 62, 64, 65, 66, 67, 68, 69, 71, 72, 73, 76, 77, 78, 82, 86, 87, 89, 92, 93, 94, 95, 96, 98, 99, 101, 102, 104, 107, 110, 112, 113, 114, 115, 116, 117, 121, 124, 125, 126, 127, 128, 129, 130, 132, 133, 134, 136, 137, 139, 140, 142, 143, 146, 147, 148, 149, 150, 151, 152, 155, 156, 157, 159, 161, 163, 164, 166, 168, 171, 172, 173, 174, 176, 177, 178, 179, 180, 181, 182, 183, 184, 186, 189, 190, 191, 193, 194, 196, 198, 199, 200, 202, 204, 205, 206, 207, 208, 209, 211, 212, 214, 216, 217, 220, 221, 223, 224, 227, 228, 229, 230, 233, 235, 237, 238, 242, 243, 245, 246, 247, 248, 249, 250, 251, 252, 253, 255, 256, 258, 260, 261, 266, 268, 269, 273, 274, 278, 279, 280, 284, 285, 289, 291, 292, 294, 295, 296, 297, 298]
17:54:38.576 [main] INFO api.AvailableMembersApi - Validating members for Survey ID: 77
17:54:38.579 [main] INFO api.AvailableMembersApi - Received response for survey ID 78: Status Code = 200
17:54:38.585 [main] INFO api.AvailableMembersApi - Converted Available IDs for survey ID 78: [1, 2, 4, 6, 8, 9, 11, 14, 16, 18, 19, 20, 21, 22, 24, 25, 27, 28, 30, 31, 32, 34, 35, 36, 37, 39, 42, 43, 46, 47, 48, 49, 50, 51, 52, 53, 54, 55, 56, 57, 58, 60, 62, 63, 64, 65, 66, 67, 69, 71, 72, 73, 76, 77, 78, 82, 85, 86, 87, 89, 91, 92, 93, 94, 95, 96, 98, 99, 101, 104, 107, 111, 112, 113, 114, 115, 117, 120, 121, 124, 125, 129, 130, 131, 132, 133, 134, 137, 139, 140, 142, 143, 145, 146, 148, 149, 151, 152, 153, 154, 155, 156, 157, 158, 160, 161, 163, 166, 167, 168, 173, 174, 175, 176, 177, 178, 179, 180, 181, 182, 183, 184, 186, 189, 190, 191, 193, 194, 195, 196, 197, 198, 199, 200, 202, 204, 205, 206, 207, 208, 209, 211, 212, 214, 216, 217, 220, 221, 223, 224, 227, 228, 229, 230, 232, 233, 234, 235, 236, 237, 238, 242, 243, 245, 246, 247, 248, 249, 250, 252, 253, 255, 256, 258, 259, 261, 266, 269, 273, 274, 278, 279, 280, 281, 282, 284, 285, 286, 292, 294, 295, 296, 298]
17:54:38.585 [main] INFO api.AvailableMembersApi - Validating members for Survey ID: 78
17:54:38.589 [main] INFO api.AvailableMembersApi - Received response for survey ID 79: Status Code = 200
17:54:38.595 [main] INFO api.AvailableMembersApi - Converted Available IDs for survey ID 79: [2, 4, 6, 9, 11, 13, 14, 16, 18, 20, 21, 22, 24, 28, 29, 30, 31, 32, 34, 35, 37, 39, 43, 44, 46, 47, 48, 49, 51, 52, 54, 55, 56, 57, 59, 60, 61, 63, 64, 65, 66, 67, 68, 69, 71, 72, 73, 76, 77, 78, 82, 85, 86, 87, 89, 91, 92, 93, 94, 95, 96, 98, 99, 101, 104, 107, 110, 111, 112, 113, 114, 115, 116, 117, 120, 121, 125, 126, 127, 128, 129, 130, 131, 132, 133, 134, 136, 137, 139, 140, 142, 143, 145, 146, 147, 149, 150, 153, 154, 155, 156, 157, 158, 159, 160, 163, 164, 166, 167, 168, 171, 172, 173, 174, 175, 176, 177, 178, 179, 181, 182, 183, 184, 186, 187, 190, 191, 194, 195, 196, 197, 198, 202, 205, 206, 207, 208, 209, 211, 212, 214, 216, 217, 218, 220, 224, 227, 228, 229, 230, 232, 233, 234, 235, 236, 237, 242, 243, 245, 246, 247, 248, 249, 250, 251, 252, 253, 255, 256, 258, 259, 260, 261, 266, 269, 273, 274, 278, 279, 280, 281, 282, 284, 285, 286, 291, 292, 294, 295, 296, 297, 298]
17:54:38.595 [main] INFO api.AvailableMembersApi - Validating members for Survey ID: 79
17:54:38.598 [main] INFO api.AvailableMembersApi - Received response for survey ID 80: Status Code = 200
17:54:38.606 [main] INFO api.AvailableMembersApi - Converted Available IDs for survey ID 80: [1, 2, 3, 4, 6, 8, 9, 11, 13, 14, 16, 18, 19, 21, 22, 24, 25, 27, 29, 30, 31, 34, 35, 37, 39, 40, 42, 43, 44, 46, 47, 48, 49, 50, 51, 52, 53, 54, 55, 57, 58, 59, 60, 61, 62, 63, 64, 65, 66, 67, 68, 69, 71, 72, 73, 76, 78, 82, 85, 86, 87, 91, 93, 94, 95, 96, 98, 101, 102, 104, 107, 110, 111, 112, 113, 114, 115, 116, 117, 120, 121, 124, 125, 126, 127, 129, 131, 132, 133, 134, 136, 137, 139, 140, 142, 143, 145, 146, 148, 149, 150, 151, 152, 153, 154, 155, 156, 157, 158, 159, 160, 161, 163, 164, 166, 167, 171, 172, 173, 174, 175, 176, 177, 178, 179, 180, 181, 182, 183, 184, 186, 187, 189, 191, 193, 194, 195, 196, 197, 198, 199, 200, 202, 204, 205, 206, 207, 208, 211, 212, 214, 216, 217, 220, 221, 223, 224, 227, 228, 229, 230, 232, 233, 234, 235, 236, 237, 238, 242, 243, 245, 246, 247, 248, 250, 251, 252, 253, 255, 256, 258, 259, 260, 261, 266, 268, 273, 274, 278, 279, 280, 281, 282, 284, 285, 286, 289, 292, 294, 295, 297, 298]
17:54:38.606 [main] INFO api.AvailableMembersApi - Validating members for Survey ID: 80
17:54:38.610 [main] INFO api.AvailableMembersApi - Received response for survey ID 81: Status Code = 200
17:54:38.618 [main] INFO api.AvailableMembersApi - Converted Available IDs for survey ID 81: [1, 2, 4, 6, 8, 9, 11, 13, 14, 16, 18, 19, 20, 21, 22, 27, 28, 29, 30, 31, 32, 34, 35, 36, 37, 39, 40, 42, 43, 44, 46, 47, 48, 49, 50, 51, 52, 53, 54, 55, 56, 57, 58, 59, 61, 62, 63, 64, 65, 66, 67, 68, 69, 71, 73, 76, 77, 78, 82, 85, 86, 87, 89, 91, 92, 93, 94, 95, 96, 98, 99, 101, 102, 104, 107, 110, 111, 113, 114, 115, 116, 117, 121, 124, 126, 127, 128, 129, 130, 131, 132, 133, 134, 136, 137, 139, 140, 142, 143, 145, 146, 147, 148, 150, 151, 152, 153, 154, 155, 156, 157, 158, 159, 160, 161, 163, 164, 167, 171, 173, 174, 175, 176, 178, 179, 180, 181, 183, 184, 186, 187, 189, 190, 191, 193, 195, 196, 198, 199, 200, 202, 204, 205, 206, 207, 208, 209, 211, 212, 214, 216, 217, 220, 221, 224, 227, 228, 229, 230, 232, 233, 235, 236, 237, 238, 242, 243, 246, 247, 248, 249, 250, 251, 252, 253, 255, 256, 258, 260, 261, 266, 268, 269, 273, 274, 278, 279, 280, 281, 282, 285, 286, 289, 291, 292, 294, 295, 296, 297, 298]
17:54:38.618 [main] INFO api.AvailableMembersApi - Validating members for Survey ID: 81
17:54:38.622 [main] INFO api.AvailableMembersApi - Received response for survey ID 82: Status Code = 200
17:54:38.644 [main] INFO api.AvailableMembersApi - Converted Available IDs for survey ID 82: [4, 6, 8, 9, 11, 14, 16, 18, 19, 20, 24, 25, 27, 28, 29, 30, 31, 32, 35, 36, 37, 39, 40, 42, 43, 44, 46, 47, 49, 50, 51, 53, 54, 55, 56, 57, 58, 59, 60, 61, 62, 63, 64, 65, 66, 67, 68, 69, 71, 72, 73, 76, 77, 78, 82, 85, 86, 87, 89, 91, 92, 93, 94, 95, 96, 98, 99, 101, 102, 104, 107, 110, 111, 112, 113, 114, 115, 116, 117, 120, 121, 125, 126, 127, 128, 129, 130, 131, 132, 133, 136, 137, 139, 140, 142, 143, 145, 146, 147, 148, 149, 150, 151, 152, 153, 154, 155, 156, 157, 158, 159, 161, 163, 164, 166, 167, 168, 171, 172, 173, 174, 175, 176, 180, 181, 182, 183, 184, 186, 187, 189, 190, 191, 195, 196, 197, 198, 199, 200, 202, 204, 205, 206, 207, 209, 211, 214, 216, 217, 218, 220, 221, 223, 224, 228, 229, 230, 232, 233, 234, 235, 236, 237, 238, 242, 243, 245, 246, 247, 248, 249, 250, 251, 252, 253, 255, 256, 258, 259, 260, 261, 266, 268, 269, 273, 274, 278, 279, 280, 281, 282, 284, 285, 286, 291, 292, 294, 295, 296, 297, 298]
17:54:38.644 [main] INFO api.AvailableMembersApi - Validating members for Survey ID: 82
17:54:38.648 [main] INFO api.AvailableMembersApi - Received response for survey ID 83: Status Code = 200
17:54:38.653 [main] INFO api.AvailableMembersApi - Converted Available IDs for survey ID 83: [1, 2, 3, 4, 8, 9, 11, 13, 14, 16, 18, 19, 21, 22, 24, 25, 27, 28, 29, 30, 31, 32, 34, 35, 36, 39, 42, 43, 44, 46, 47, 49, 50, 51, 52, 53, 54, 55, 56, 57, 58, 59, 60, 61, 62, 64, 65, 67, 68, 71, 72, 73, 76, 77, 78, 82, 85, 86, 87, 89, 91, 92, 93, 94, 95, 96, 98, 99, 102, 104, 107, 110, 111, 112, 114, 115, 116, 117, 120, 121, 125, 126, 127, 128, 129, 130, 131, 132, 133, 134, 136, 137, 139, 140, 143, 145, 146, 147, 150, 151, 153, 154, 155, 156, 157, 158, 159, 161, 163, 164, 166, 167, 168, 171, 172, 174, 175, 176, 177, 178, 179, 180, 181, 182, 183, 184, 186, 187, 189, 190, 191, 193, 194, 195, 196, 197, 198, 199, 200, 204, 205, 206, 207, 208, 209, 211, 212, 214, 216, 217, 218, 220, 221, 223, 224, 227, 228, 229, 230, 232, 234, 235, 236, 237, 238, 242, 243, 245, 246, 247, 248, 249, 250, 251, 252, 253, 255, 256, 258, 259, 260, 261, 268, 269, 273, 278, 279, 280, 281, 282, 284, 285, 286, 289, 291, 292, 294, 295, 297, 298]
17:54:38.653 [main] INFO api.AvailableMembersApi - Validating members for Survey ID: 83
17:54:38.656 [main] INFO api.AvailableMembersApi - Received response for survey ID 84: Status Code = 200
17:54:38.662 [main] INFO api.AvailableMembersApi - Converted Available IDs for survey ID 84: [1, 2, 3, 4, 6, 8, 9, 11, 13, 14, 18, 19, 20, 21, 24, 25, 27, 29, 30, 31, 32, 34, 35, 37, 39, 40, 42, 43, 44, 46, 47, 48, 49, 50, 52, 53, 54, 55, 56, 57, 58, 59, 60, 61, 62, 63, 64, 66, 67, 68, 69, 71, 72, 73, 76, 77, 78, 82, 85, 86, 87, 89, 91, 93, 94, 95, 96, 98, 101, 104, 107, 110, 112, 113, 115, 116, 117, 120, 121, 124, 125, 126, 127, 128, 129, 130, 131, 132, 134, 137, 139, 140, 142, 143, 145, 146, 147, 148, 149, 150, 151, 152, 153, 154, 155, 156, 157, 158, 159, 160, 161, 163, 164, 166, 167, 168, 171, 172, 173, 174, 175, 176, 177, 178, 179, 180, 181, 182, 183, 184, 186, 187, 189, 191, 193, 194, 195, 196, 197, 198, 199, 200, 204, 205, 206, 207, 209, 211, 212, 214, 217, 218, 221, 223, 224, 227, 228, 230, 233, 234, 236, 237, 238, 242, 245, 246, 247, 248, 249, 250, 251, 252, 253, 256, 258, 259, 260, 261, 266, 268, 273, 274, 278, 279, 280, 281, 284, 285, 286, 291, 292, 294, 296, 297, 298]
17:54:38.662 [main] INFO api.AvailableMembersApi - Validating members for Survey ID: 84
17:54:38.665 [main] INFO api.AvailableMembersApi - Received response for survey ID 85: Status Code = 200
17:54:38.670 [main] INFO api.AvailableMembersApi - Converted Available IDs for survey ID 85: [1, 3, 4, 6, 8, 9, 13, 14, 16, 18, 19, 20, 21, 22, 24, 25, 27, 28, 29, 31, 32, 34, 35, 36, 37, 39, 42, 43, 44, 46, 47, 48, 49, 50, 51, 53, 54, 55, 56, 57, 58, 59, 60, 61, 62, 63, 64, 65, 66, 67, 68, 71, 72, 73, 76, 77, 78, 82, 85, 86, 87, 89, 91, 92, 95, 96, 98, 99, 101, 102, 104, 107, 110, 111, 113, 114, 115, 116, 117, 120, 124, 126, 127, 128, 129, 130, 131, 132, 133, 134, 136, 137, 140, 142, 143, 146, 147, 148, 149, 151, 152, 154, 155, 158, 159, 160, 161, 163, 164, 166, 167, 168, 171, 172, 173, 174, 175, 176, 177, 179, 180, 181, 182, 183, 186, 187, 189, 190, 191, 193, 194, 195, 196, 197, 198, 199, 200, 202, 204, 205, 206, 207, 208, 209, 211, 212, 214, 216, 217, 218, 220, 221, 223, 224, 227, 228, 229, 230, 232, 233, 234, 235, 236, 237, 238, 242, 243, 245, 246, 247, 248, 249, 250, 251, 252, 253, 255, 258, 259, 260, 261, 266, 268, 269, 273, 274, 278, 279, 280, 281, 282, 284, 285, 286, 289, 292, 294, 295, 296, 297, 298]
17:54:38.670 [main] INFO api.AvailableMembersApi - Validating members for Survey ID: 85
17:54:38.673 [main] INFO api.AvailableMembersApi - Received response for survey ID 86: Status Code = 200
17:54:38.678 [main] INFO api.AvailableMembersApi - Converted Available IDs for survey ID 86: [1, 2, 3, 4, 8, 9, 11, 13, 16, 18, 19, 24, 25, 27, 28, 29, 30, 31, 32, 34, 35, 36, 37, 39, 40, 42, 43, 44, 46, 47, 48, 49, 50, 51, 52, 53, 54, 55, 56, 57, 58, 59, 60, 61, 62, 63, 64, 65, 66, 67, 68, 69, 71, 73, 78, 82, 85, 86, 87, 89, 91, 92, 93, 94, 95, 96, 98, 99, 101, 102, 104, 107, 110, 111, 112, 113, 114, 116, 117, 120, 121, 124, 125, 126, 127, 128, 129, 130, 132, 133, 134, 136, 137, 139, 140, 142, 143, 145, 146, 147, 148, 149, 150, 151, 153, 154, 155, 156, 157, 158, 159, 160, 161, 163, 164, 166, 167, 168, 171, 172, 175, 176, 177, 178, 180, 181, 183, 186, 189, 190, 191, 193, 194, 195, 196, 197, 198, 199, 200, 202, 204, 205, 206, 207, 208, 209, 211, 212, 214, 216, 217, 218, 220, 221, 223, 224, 227, 228, 229, 230, 232, 234, 235, 236, 237, 238, 242, 245, 247, 248, 249, 250, 251, 252, 253, 255, 258, 259, 260, 261, 266, 268, 269, 273, 274, 278, 279, 280, 281, 282, 284, 285, 286, 289, 291, 296, 297, 298]
17:54:38.678 [main] INFO api.AvailableMembersApi - Validating members for Survey ID: 86
17:54:38.681 [main] INFO api.AvailableMembersApi - Received response for survey ID 87: Status Code = 200
17:54:38.687 [main] INFO api.AvailableMembersApi - Converted Available IDs for survey ID 87: [1, 2, 3, 4, 6, 8, 9, 11, 13, 16, 18, 19, 20, 21, 22, 24, 25, 27, 28, 29, 30, 31, 32, 34, 35, 36, 37, 39, 40, 42, 43, 44, 46, 47, 48, 49, 50, 51, 52, 53, 54, 55, 58, 61, 62, 63, 64, 65, 66, 67, 68, 69, 71, 72, 76, 77, 78, 82, 85, 87, 89, 91, 92, 93, 94, 95, 96, 98, 101, 102, 104, 107, 110, 111, 112, 113, 114, 115, 117, 120, 121, 124, 125, 127, 128, 129, 130, 131, 132, 133, 134, 136, 139, 140, 142, 143, 145, 146, 147, 148, 150, 151, 152, 153, 154, 155, 156, 157, 158, 159, 160, 161, 163, 164, 166, 167, 168, 171, 172, 173, 174, 175, 176, 177, 178, 179, 180, 181, 182, 183, 184, 187, 189, 190, 191, 193, 195, 197, 198, 199, 200, 204, 206, 207, 209, 211, 212, 214, 216, 217, 220, 221, 223, 227, 228, 229, 230, 232, 233, 234, 235, 236, 237, 238, 242, 243, 245, 246, 247, 248, 249, 250, 251, 252, 253, 255, 256, 258, 259, 260, 266, 268, 269, 273, 274, 279, 281, 284, 285, 289, 291, 292, 294, 295, 297, 298]
17:54:38.687 [main] INFO api.AvailableMembersApi - Validating members for Survey ID: 87
17:54:38.690 [main] INFO api.AvailableMembersApi - Received response for survey ID 88: Status Code = 200
17:54:38.696 [main] INFO api.AvailableMembersApi - Converted Available IDs for survey ID 88: [1, 2, 3, 4, 6, 9, 13, 14, 16, 18, 20, 22, 24, 25, 27, 28, 29, 30, 31, 32, 34, 35, 36, 37, 39, 40, 43, 44, 46, 48, 49, 50, 52, 53, 54, 55, 57, 58, 59, 60, 61, 62, 63, 64, 65, 66, 67, 68, 69, 71, 72, 73, 76, 77, 78, 82, 85, 86, 87, 89, 91, 92, 93, 94, 95, 96, 98, 99, 101, 102, 104, 110, 111, 112, 113, 114, 115, 116, 117, 120, 121, 124, 125, 127, 129, 130, 131, 132, 133, 134, 136, 139, 140, 142, 143, 145, 147, 148, 149, 150, 151, 152, 153, 154, 155, 156, 157, 158, 159, 160, 161, 163, 164, 166, 168, 171, 172, 173, 174, 175, 176, 177, 178, 179, 180, 182, 183, 184, 186, 187, 189, 190, 191, 193, 194, 195, 196, 197, 198, 199, 200, 202, 204, 206, 207, 208, 209, 211, 212, 214, 216, 217, 218, 220, 221, 223, 224, 228, 229, 230, 232, 233, 234, 235, 236, 237, 238, 242, 243, 245, 246, 247, 248, 249, 250, 251, 252, 253, 255, 256, 258, 259, 260, 261, 266, 273, 274, 278, 279, 280, 281, 282, 285, 286, 289, 291, 292, 294, 295, 296, 297, 298]
17:54:38.696 [main] INFO api.AvailableMembersApi - Validating members for Survey ID: 88
17:54:38.699 [main] INFO api.AvailableMembersApi - Received response for survey ID 89: Status Code = 200
17:54:38.705 [main] INFO api.AvailableMembersApi - Converted Available IDs for survey ID 89: [1, 2, 3, 4, 6, 8, 9, 13, 14, 16, 18, 19, 20, 21, 22, 25, 27, 29, 31, 32, 34, 35, 36, 37, 39, 40, 42, 43, 44, 46, 47, 48, 49, 50, 51, 52, 53, 54, 55, 56, 57, 58, 59, 60, 61, 62, 63, 64, 65, 66, 67, 68, 69, 71, 72, 73, 76, 77, 78, 82, 85, 86, 87, 89, 91, 92, 93, 94, 95, 96, 98, 99, 101, 102, 107, 111, 112, 113, 114, 115, 116, 120, 121, 124, 125, 127, 129, 130, 131, 132, 133, 134, 136, 139, 140, 142, 143, 145, 146, 147, 148, 149, 150, 151, 152, 153, 156, 157, 158, 159, 160, 163, 164, 166, 168, 171, 172, 173, 174, 175, 177, 178, 179, 180, 181, 182, 183, 184, 186, 187, 189, 190, 191, 194, 195, 196, 197, 198, 199, 200, 202, 204, 205, 207, 208, 209, 212, 214, 216, 217, 218, 221, 223, 224, 227, 228, 229, 230, 233, 234, 235, 236, 237, 238, 242, 243, 245, 247, 249, 251, 252, 253, 255, 256, 258, 260, 261, 266, 268, 269, 273, 274, 278, 279, 280, 281, 284, 285, 286, 289, 291, 295, 296, 297, 298]
17:54:38.705 [main] INFO api.AvailableMembersApi - Validating members for Survey ID: 89
17:54:38.713 [main] INFO api.AvailableMembersApi - Received response for survey ID 90: Status Code = 200
17:54:38.723 [main] INFO api.AvailableMembersApi - Converted Available IDs for survey ID 90: [1, 2, 3, 4, 6, 8, 9, 11, 13, 14, 16, 18, 19, 20, 22, 24, 25, 27, 28, 29, 30, 31, 32, 34, 36, 37, 39, 40, 42, 43, 44, 46, 47, 48, 49, 50, 51, 52, 53, 54, 55, 56, 57, 59, 60, 61, 62, 63, 64, 65, 66, 67, 68, 69, 71, 72, 73, 76, 77, 78, 85, 86, 87, 89, 91, 92, 93, 94, 95, 96, 98, 99, 101, 102, 104, 107, 110, 111, 112, 113, 114, 115, 116, 117, 120, 121, 124, 125, 126, 127, 128, 129, 130, 131, 132, 133, 134, 136, 137, 139, 140, 143, 145, 146, 147, 148, 149, 150, 151, 152, 153, 154, 155, 156, 157, 158, 159, 160, 161, 163, 164, 167, 168, 172, 173, 174, 176, 177, 178, 179, 180, 181, 182, 183, 184, 186, 187, 189, 190, 191, 193, 194, 195, 196, 197, 198, 199, 200, 204, 205, 206, 207, 208, 209, 211, 212, 216, 217, 218, 220, 221, 223, 224, 227, 228, 229, 230, 233, 234, 235, 236, 242, 243, 245, 246, 247, 248, 249, 250, 252, 253, 256, 258, 259, 260, 261, 266, 268, 269, 273, 274, 278, 279, 280, 281, 282, 284, 286, 289, 291, 292, 294, 295, 296, 298]
17:54:38.723 [main] INFO api.AvailableMembersApi - Validating members for Survey ID: 90
17:54:38.728 [main] INFO api.AvailableMembersApi - Received response for survey ID 91: Status Code = 200
17:54:38.738 [main] INFO api.AvailableMembersApi - Converted Available IDs for survey ID 91: [1, 2, 3, 4, 6, 8, 9, 13, 14, 16, 18, 19, 20, 21, 22, 24, 25, 27, 28, 29, 30, 31, 32, 34, 35, 36, 37, 40, 42, 43, 44, 46, 47, 48, 49, 50, 51, 52, 53, 54, 55, 56, 57, 58, 59, 60, 61, 62, 63, 64, 65, 66, 67, 68, 69, 71, 72, 73, 76, 77, 78, 82, 85, 86, 87, 89, 92, 94, 95, 96, 98, 99, 101, 102, 104, 107, 110, 111, 112, 113, 114, 115, 116, 117, 120, 121, 124, 125, 126, 127, 128, 129, 130, 131, 132, 133, 134, 137, 140, 142, 143, 145, 146, 147, 148, 150, 151, 152, 153, 154, 156, 157, 158, 159, 160, 161, 163, 164, 166, 167, 168, 171, 172, 173, 174, 175, 176, 177, 178, 179, 180, 181, 182, 183, 186, 187, 189, 190, 191, 193, 194, 195, 196, 197, 198, 199, 200, 202, 204, 205, 206, 207, 208, 209, 211, 212, 214, 216, 217, 218, 220, 221, 223, 224, 228, 229, 230, 232, 233, 234, 235, 236, 237, 238, 242, 243, 245, 246, 247, 248, 249, 250, 251, 252, 253, 255, 256, 258, 259, 260, 261, 266, 269, 273, 274, 278, 279, 280, 281, 282, 284, 285, 289, 291, 292, 294, 295, 296, 297, 298]
17:54:38.739 [main] INFO api.AvailableMembersApi - Validating members for Survey ID: 91
17:54:38.743 [main] INFO api.AvailableMembersApi - Received response for survey ID 92: Status Code = 200
17:54:38.752 [main] INFO api.AvailableMembersApi - Converted Available IDs for survey ID 92: [1, 2, 3, 4, 6, 8, 9, 11, 13, 14, 16, 19, 20, 21, 24, 25, 27, 28, 29, 30, 31, 32, 34, 35, 36, 37, 39, 40, 42, 43, 44, 46, 47, 49, 50, 51, 52, 53, 54, 55, 57, 58, 59, 60, 61, 62, 63, 64, 65, 66, 67, 69, 71, 72, 73, 77, 78, 82, 86, 87, 91, 92, 93, 94, 95, 96, 98, 99, 101, 102, 104, 107, 110, 111, 112, 113, 114, 115, 116, 117, 120, 121, 124, 125, 126, 127, 128, 129, 130, 131, 132, 133, 134, 136, 137, 139, 140, 142, 143, 145, 146, 147, 148, 149, 150, 151, 152, 153, 154, 155, 156, 157, 158, 159, 160, 163, 164, 166, 167, 168, 171, 172, 173, 174, 175, 176, 177, 178, 179, 180, 181, 182, 183, 184, 187, 189, 190, 191, 194, 195, 196, 197, 198, 199, 200, 202, 204, 205, 206, 207, 208, 209, 211, 212, 214, 216, 217, 218, 220, 223, 224, 227, 228, 229, 233, 234, 235, 236, 237, 238, 242, 243, 245, 246, 247, 248, 249, 250, 251, 252, 255, 256, 258, 259, 260, 261, 266, 268, 269, 273, 274, 278, 279, 280, 281, 284, 285, 289, 291, 292, 294, 295, 296, 298]
17:54:38.753 [main] INFO api.AvailableMembersApi - Validating members for Survey ID: 92
17:54:38.757 [main] INFO api.AvailableMembersApi - Received response for survey ID 93: Status Code = 200
17:54:38.763 [main] INFO api.AvailableMembersApi - Converted Available IDs for survey ID 93: [1, 2, 3, 4, 6, 8, 9, 11, 13, 14, 19, 20, 21, 22, 24, 25, 27, 28, 29, 30, 31, 32, 34, 35, 36, 37, 39, 40, 42, 43, 44, 46, 47, 48, 49, 50, 51, 52, 53, 55, 56, 57, 58, 60, 61, 62, 65, 66, 67, 68, 69, 71, 72, 73, 76, 77, 78, 82, 85, 87, 89, 91, 93, 94, 95, 96, 98, 99, 101, 102, 104, 107, 110, 112, 113, 114, 115, 116, 117, 121, 124, 125, 126, 127, 128, 129, 130, 131, 132, 133, 134, 136, 137, 139, 142, 143, 145, 146, 147, 148, 149, 150, 151, 152, 153, 154, 156, 157, 159, 160, 161, 163, 164, 166, 167, 168, 171, 172, 173, 174, 175, 176, 178, 179, 180, 181, 182, 183, 184, 186, 187, 189, 190, 191, 193, 194, 195, 196, 197, 198, 199, 200, 202, 204, 205, 206, 207, 208, 209, 211, 212, 214, 216, 217, 218, 220, 221, 223, 224, 227, 228, 229, 230, 232, 233, 234, 236, 238, 242, 243, 245, 247, 248, 249, 250, 251, 252, 253, 255, 256, 259, 260, 261, 266, 268, 269, 273, 274, 278, 280, 281, 282, 284, 285, 286, 289, 291, 292, 294, 295, 296, 297, 298]
17:54:38.763 [main] INFO api.AvailableMembersApi - Validating members for Survey ID: 93
17:54:38.765 [main] INFO api.AvailableMembersApi - Received response for survey ID 94: Status Code = 200
17:54:38.771 [main] INFO api.AvailableMembersApi - Converted Available IDs for survey ID 94: [1, 2, 3, 4, 6, 8, 9, 11, 13, 14, 16, 19, 20, 21, 22, 24, 25, 27, 28, 29, 30, 31, 32, 34, 36, 37, 39, 40, 42, 43, 44, 46, 47, 48, 49, 50, 51, 52, 53, 54, 55, 56, 57, 58, 59, 60, 61, 62, 63, 64, 65, 66, 67, 68, 69, 71, 72, 73, 76, 77, 78, 82, 85, 87, 89, 91, 92, 93, 94, 95, 96, 98, 99, 102, 104, 107, 110, 111, 112, 113, 114, 115, 117, 120, 121, 124, 125, 126, 127, 128, 130, 131, 132, 133, 134, 136, 137, 139, 140, 142, 145, 147, 149, 150, 152, 154, 155, 156, 157, 158, 159, 160, 161, 163, 164, 166, 167, 168, 171, 172, 173, 174, 175, 176, 177, 178, 179, 180, 181, 182, 183, 186, 187, 189, 190, 191, 193, 194, 195, 196, 197, 198, 199, 200, 202, 204, 205, 206, 207, 208, 209, 211, 212, 214, 216, 217, 218, 220, 221, 223, 224, 227, 228, 229, 232, 233, 234, 237, 238, 243, 245, 246, 247, 248, 249, 250, 251, 252, 253, 255, 256, 258, 259, 260, 261, 266, 268, 269, 273, 274, 278, 279, 280, 281, 282, 284, 285, 286, 289, 291, 292, 294, 295, 296, 297, 298]
17:54:38.771 [main] INFO api.AvailableMembersApi - Validating members for Survey ID: 94
17:54:38.773 [main] INFO api.AvailableMembersApi - Received response for survey ID 95: Status Code = 200
17:54:38.779 [main] INFO api.AvailableMembersApi - Converted Available IDs for survey ID 95: [2, 3, 4, 6, 8, 9, 11, 13, 14, 16, 18, 19, 20, 21, 22, 25, 28, 29, 30, 31, 32, 34, 35, 36, 37, 39, 40, 43, 44, 46, 47, 48, 49, 50, 52, 53, 54, 55, 56, 57, 58, 59, 60, 62, 63, 64, 65, 66, 67, 68, 69, 71, 73, 76, 77, 78, 82, 85, 87, 89, 91, 92, 94, 95, 96, 98, 99, 101, 102, 104, 107, 110, 111, 112, 113, 114, 115, 116, 117, 120, 121, 124, 125, 126, 127, 128, 129, 130, 131, 133, 137, 139, 140, 142, 143, 145, 146, 147, 148, 149, 151, 152, 153, 154, 155, 156, 157, 158, 159, 160, 161, 164, 166, 167, 168, 171, 172, 173, 174, 175, 176, 177, 178, 179, 180, 181, 182, 183, 186, 187, 189, 190, 191, 193, 194, 195, 196, 197, 198, 199, 200, 202, 204, 205, 206, 207, 208, 209, 211, 212, 214, 216, 217, 218, 220, 221, 223, 224, 227, 228, 229, 230, 234, 235, 236, 237, 238, 242, 243, 245, 247, 248, 250, 251, 252, 253, 255, 256, 258, 259, 260, 261, 266, 268, 269, 273, 274, 278, 279, 280, 282, 284, 285, 286, 289, 294, 295, 296, 297, 298]
17:54:38.779 [main] INFO api.AvailableMembersApi - Validating members for Survey ID: 95
17:54:38.781 [main] INFO api.AvailableMembersApi - Received response for survey ID 96: Status Code = 200
17:54:38.787 [main] INFO api.AvailableMembersApi - Converted Available IDs for survey ID 96: [1, 2, 3, 4, 9, 11, 13, 14, 16, 18, 19, 20, 21, 22, 24, 27, 28, 29, 30, 31, 32, 34, 35, 36, 37, 39, 40, 43, 44, 46, 47, 48, 49, 50, 51, 52, 53, 54, 55, 56, 58, 59, 60, 61, 62, 63, 64, 65, 66, 67, 68, 69, 71, 72, 73, 77, 78, 82, 85, 86, 87, 89, 91, 92, 94, 95, 96, 98, 99, 101, 102, 104, 107, 110, 111, 112, 113, 114, 115, 116, 117, 120, 121, 124, 125, 126, 127, 128, 129, 130, 131, 132, 133, 134, 136, 137, 139, 140, 142, 143, 145, 147, 148, 149, 150, 151, 152, 153, 155, 156, 157, 158, 159, 160, 164, 166, 167, 168, 171, 172, 173, 174, 176, 177, 178, 179, 180, 181, 182, 183, 184, 187, 189, 190, 191, 193, 194, 195, 196, 198, 199, 200, 202, 204, 205, 208, 209, 211, 212, 214, 216, 217, 218, 220, 221, 223, 224, 227, 228, 229, 230, 232, 233, 234, 235, 236, 237, 238, 242, 243, 245, 246, 248, 249, 250, 251, 252, 253, 255, 256, 259, 260, 261, 266, 268, 269, 273, 274, 278, 279, 280, 281, 282, 284, 285, 286, 289, 291, 294, 295, 296, 297]
17:54:38.787 [main] INFO api.AvailableMembersApi - Validating members for Survey ID: 96
17:54:38.789 [main] INFO api.AvailableMembersApi - Received response for survey ID 97: Status Code = 200
17:54:38.799 [main] INFO api.AvailableMembersApi - Converted Available IDs for survey ID 97: [1, 3, 4, 6, 8, 9, 11, 14, 16, 18, 19, 20, 21, 22, 24, 25, 27, 28, 29, 30, 31, 32, 35, 36, 37, 39, 40, 42, 43, 44, 46, 47, 48, 50, 51, 52, 53, 54, 55, 56, 57, 58, 59, 62, 63, 64, 65, 66, 68, 69, 71, 72, 73, 76, 77, 78, 85, 87, 89, 91, 92, 93, 94, 95, 96, 98, 99, 101, 102, 104, 107, 110, 111, 112, 113, 114, 115, 116, 117, 120, 121, 124, 125, 126, 127, 128, 129, 130, 131, 132, 134, 136, 137, 139, 140, 142, 143, 145, 146, 147, 148, 149, 150, 151, 152, 153, 155, 156, 157, 158, 159, 160, 163, 164, 166, 167, 168, 171, 172, 173, 174, 175, 176, 177, 178, 181, 182, 183, 184, 186, 187, 189, 190, 191, 193, 194, 195, 196, 197, 198, 199, 200, 202, 204, 205, 207, 208, 209, 211, 212, 214, 216, 217, 218, 220, 221, 223, 224, 229, 232, 233, 234, 235, 236, 237, 238, 242, 243, 245, 246, 247, 248, 249, 251, 253, 255, 256, 258, 259, 261, 268, 269, 273, 274, 278, 279, 281, 282, 284, 285, 286, 289, 291, 292, 294, 295, 296, 297, 298]
17:54:38.799 [main] INFO api.AvailableMembersApi - Validating members for Survey ID: 97
17:54:38.803 [main] INFO api.AvailableMembersApi - Received response for survey ID 98: Status Code = 200
17:54:38.812 [main] INFO api.AvailableMembersApi - Converted Available IDs for survey ID 98: [1, 2, 3, 4, 6, 8, 11, 13, 14, 16, 18, 19, 20, 22, 24, 25, 27, 28, 29, 30, 31, 32, 34, 35, 37, 39, 40, 42, 43, 44, 46, 47, 48, 49, 50, 51, 52, 53, 54, 55, 56, 57, 59, 61, 62, 63, 64, 65, 66, 67, 68, 69, 72, 76, 77, 78, 82, 85, 87, 89, 91, 92, 93, 94, 95, 96, 98, 99, 101, 102, 104, 110, 111, 112, 113, 115, 116, 117, 120, 121, 124, 125, 126, 127, 128, 129, 130, 131, 132, 133, 134, 136, 137, 139, 140, 142, 145, 146, 147, 148, 149, 150, 151, 152, 153, 154, 156, 157, 159, 160, 161, 163, 164, 166, 167, 168, 172, 173, 174, 175, 176, 177, 178, 179, 180, 181, 182, 183, 184, 186, 187, 189, 190, 191, 193, 195, 196, 197, 198, 199, 200, 202, 204, 205, 206, 207, 208, 209, 211, 212, 214, 216, 217, 218, 220, 221, 223, 224, 227, 228, 232, 233, 234, 235, 236, 237, 238, 242, 243, 245, 246, 247, 248, 251, 252, 253, 255, 256, 258, 259, 260, 261, 266, 268, 269, 273, 274, 278, 279, 280, 281, 282, 284, 285, 286, 289, 291, 292, 294, 295, 296, 297, 298]
17:54:38.813 [main] INFO api.AvailableMembersApi - Validating members for Survey ID: 98
17:54:38.817 [main] INFO api.AvailableMembersApi - Received response for survey ID 99: Status Code = 200
17:54:38.822 [main] INFO api.AvailableMembersApi - Converted Available IDs for survey ID 99: [1, 2, 3, 4, 6, 8, 9, 11, 13, 14, 16, 18, 19, 20, 21, 22, 24, 25, 27, 28, 29, 30, 31, 32, 34, 35, 36, 37, 39, 43, 44, 46, 47, 49, 51, 52, 53, 54, 55, 56, 57, 58, 59, 60, 61, 62, 63, 64, 65, 67, 68, 69, 71, 72, 73, 76, 77, 82, 85, 86, 87, 89, 91, 92, 93, 94, 95, 96, 98, 99, 101, 102, 104, 107, 110, 111, 112, 113, 114, 116, 117, 120, 121, 124, 125, 126, 127, 128, 129, 130, 131, 132, 133, 134, 136, 137, 139, 140, 142, 143, 145, 146, 147, 148, 149, 150, 151, 153, 154, 155, 156, 158, 159, 160, 161, 163, 164, 166, 168, 171, 172, 173, 174, 175, 176, 177, 178, 180, 181, 182, 183, 184, 186, 187, 190, 191, 193, 194, 195, 196, 197, 199, 200, 204, 205, 206, 207, 208, 209, 211, 214, 216, 217, 218, 220, 221, 223, 224, 227, 228, 229, 230, 232, 233, 234, 235, 236, 237, 238, 242, 243, 245, 246, 247, 249, 250, 251, 252, 253, 256, 258, 259, 260, 261, 266, 268, 269, 273, 274, 278, 279, 280, 281, 282, 284, 285, 286, 289, 291, 292, 294, 295, 296, 297, 298]
17:54:38.822 [main] INFO api.AvailableMembersApi - Validating members for Survey ID: 99
17:54:38.825 [main] INFO api.AvailableMembersApi - Received response for survey ID 100: Status Code = 200
17:54:38.834 [main] INFO api.AvailableMembersApi - Converted Available IDs for survey ID 100: [1, 2, 3, 4, 8, 11, 13, 14, 16, 18, 19, 20, 21, 22, 24, 25, 27, 28, 29, 30, 31, 32, 34, 35, 36, 37, 39, 42, 43, 44, 46, 47, 48, 49, 50, 52, 53, 54, 56, 59, 60, 61, 62, 63, 64, 65, 66, 67, 68, 69, 71, 72, 76, 77, 82, 85, 86, 87, 89, 91, 93, 94, 95, 96, 98, 99, 101, 104, 107, 110, 111, 112, 113, 114, 115, 116, 117, 120, 121, 125, 126, 127, 128, 129, 130, 131, 132, 133, 134, 136, 137, 139, 142, 143, 145, 146, 147, 148, 151, 152, 153, 154, 155, 156, 157, 158, 159, 160, 161, 163, 166, 167, 168, 171, 172, 173, 174, 175, 176, 177, 178, 179, 180, 181, 182, 183, 184, 186, 187, 189, 190, 191, 193, 194, 195, 196, 197, 198, 199, 200, 202, 204, 205, 206, 207, 208, 209, 212, 214, 216, 217, 218, 220, 221, 223, 224, 227, 228, 229, 234, 235, 236, 237, 238, 242, 243, 245, 246, 247, 249, 250, 252, 253, 255, 256, 258, 259, 260, 261, 266, 268, 269, 274, 278, 279, 280, 281, 284, 285, 286, 289, 291, 292, 294, 295, 296, 297]
17:54:38.834 [main] INFO api.AvailableMembersApi - Validating members for Survey ID: 100
]]></system-out>
  </testcase>
  <testcase name="testAvailableEmails" classname="tests.integration.AvailableMembersTest" time="1.039">
    <system-out><![CDATA[17:54:38.838 [main] INFO api.AvailableMembersApi - Starting validation for attribute: email
17:54:38.848 [main] INFO api.AvailableMembersApi - Received response for survey ID 1: Status Code = 200
17:54:38.857 [main] INFO api.AvailableMembersApi - Available emails for survey ID 1: [MalissaArn0202@gmail.com, YeseniaConte8292@gmail.com, MeghannFollowell6036@gmail.com, LeeHarlow6738@gmail.com, SalvatoreMonico6748@gmail.com, SunshineFocht0017@gmail.com, DainaMaine1358@gmail.com, OraHousand6876@gmail.com, TasiaMerritt2498@gmail.com, GregoryLucchesi4579@gmail.com, DrucillaWilhelm1088@gmail.com, JaquelynLevett2862@gmail.com, MarikoHadfield9920@gmail.com, JanitaStroman5652@gmail.com, MargaritoDerringer6053@gmail.com, SheritaArispe4106@gmail.com, EverettNorthup7669@gmail.com, MicahShirley0805@gmail.com, WilhelminaHibdon9677@gmail.com, CarolinBlauser7632@gmail.com, LylaAlmanza0199@gmail.com, ChereGamino1550@gmail.com, FletaGiampaolo3754@gmail.com, CleotildeMcmiller8058@gmail.com, LashandaAbbott9174@gmail.com, JeffryDynes1098@gmail.com, VerniceSoto3260@gmail.com, ElnaPhelan2540@gmail.com, TemikaHuth9411@gmail.com, AdriannaFentress5065@gmail.com, TaynaRey4852@gmail.com, IkeClink7071@gmail.com, GaynellCroce7702@gmail.com, DarlenaFarrington7903@gmail.com, CherrylCarolina2273@gmail.com, AnjanetteKrupp7724@gmail.com, JanieceSilvernail2745@gmail.com, IveyBuskey1353@gmail.com, ElaneMartinelli1121@gmail.com, RachellAnkrom0998@gmail.com, AltonSmedley5432@gmail.com, VoncileHayner2281@gmail.com, BebeLehmkuhl5703@gmail.com, InellRuoff2731@gmail.com, OnitaHolloway7718@gmail.com, NormanCastilleja4018@gmail.com, DelmarTourville5884@gmail.com, ZoraidaFaulkner5026@gmail.com, KelleeMaddy6483@gmail.com, FlorencioMuller2772@gmail.com, JoDettman4460@gmail.com, RosanneTrezza7663@gmail.com, MarylandBenedict6434@gmail.com, MirthaConine8554@gmail.com, KristinPonton2734@gmail.com, FlossiePangburn4203@gmail.com, DixieDarsey7418@gmail.com, CariPizzo2637@gmail.com, EllamaeTallon2542@gmail.com, AbbieKreidler2527@gmail.com, DustinArterburn6055@gmail.com, CatriceLenton4273@gmail.com, LailaHoldren0317@gmail.com, JonShultis2071@gmail.com, JulianClapper5906@gmail.com, MylesCooke7867@gmail.com, RhebaCorbett1709@gmail.com, MarcelleHerzog9009@gmail.com, XochitlCalderwood5941@gmail.com, LeilaOdle4383@gmail.com, AbbyPeevy0877@gmail.com, JarvisMillar3472@gmail.com, AngeliaKeebler0114@gmail.com, ClementinaGormley2089@gmail.com, JoslynKeen8547@gmail.com, VerlaBearse3879@gmail.com, CassaundraLoar9453@gmail.com, JiLamarche1348@gmail.com, LilliamMcghie9513@gmail.com, AlonaRedel2262@gmail.com, HeidiGravelle3094@gmail.com, BuckSlawson5304@gmail.com, LindsayHenline2766@gmail.com, MaxineClauson3939@gmail.com, LenaGalusha7687@gmail.com, TalishaGeise5594@gmail.com, StacieAustria9018@gmail.com, GeorgiaCincotta6796@gmail.com, CandisGapinski6348@gmail.com, CyrstalRobb5332@gmail.com, CorneliaLaney7638@gmail.com, JereRouth3497@gmail.com, TomiAthey0697@gmail.com, MathaBeard0636@gmail.com, BudMclarty0075@gmail.com, MarlanaGillard2214@gmail.com, ElvisLeatherwood1278@gmail.com, HellenMacrae0712@gmail.com, MeaghanMacinnis5645@gmail.com, LezlieLuckey7094@gmail.com, MozelleReddy3840@gmail.com, OleneLedgerwood3654@gmail.com, ShandaCromer4960@gmail.com, VeniceSherry5610@gmail.com, RonCopher9843@gmail.com, CarolannBronson4617@gmail.com, CharlynHaggerty1577@gmail.com, IsaacLinebaugh9546@gmail.com, ElbaFarr1276@gmail.com, AngelikaMarch9925@gmail.com, TylerGalbraith9779@gmail.com, MarylynnChauvin4173@gmail.com, LuisaOhm6420@gmail.com, BetteCarlos5624@gmail.com, RoccoBlubaugh1914@gmail.com, AlexandriaJantz3467@gmail.com, WinstonHemby7253@gmail.com, TamiJepson8335@gmail.com, AnamariaHeadrick7903@gmail.com, NereidaTruman9016@gmail.com, HipolitoRowlands4929@gmail.com, PorterMarcinkowski6594@gmail.com, BonnyForester7950@gmail.com, RuthaCrotty1764@gmail.com, DamionWysocki9147@gmail.com, ColtonMoschella8698@gmail.com, WayneBasler6942@gmail.com, JoieSly5758@gmail.com, TakishaDemo0463@gmail.com, ChasArline0812@gmail.com, JoyaBristol1484@gmail.com, NeidaVartanian0848@gmail.com, EllieDuca1079@gmail.com, AdelaSlusher1773@gmail.com, DaniellNicklas8998@gmail.com, JammieRapp6294@gmail.com, BessHugo8379@gmail.com, MarlinHolm9186@gmail.com, MignonCarnes1909@gmail.com, CareyBaley9974@gmail.com, MaddieMccusker6382@gmail.com, HerschelSena4741@gmail.com, OraSuddeth1307@gmail.com, BirgitMcglade6409@gmail.com, NeliaAbrams8620@gmail.com, AdanCarden9027@gmail.com, LeannaMazer1235@gmail.com, KeshaShoop3740@gmail.com, ElzaAumick8395@gmail.com, TerenceGrothe7967@gmail.com, MarkitaBrymer7321@gmail.com, JazmineMccolley4132@gmail.com, MarcelinaKoger3137@gmail.com, NaomaWhitman5530@gmail.com, AlfrediaSemon0100@gmail.com, MiyokoPinto5432@gmail.com, IsauraMorton9001@gmail.com, SimonPolinsky7978@gmail.com, YulandaMarsden6146@gmail.com, ChloeFlorey0182@gmail.com, ChristineParkinson6954@gmail.com, MarlysMatteson1945@gmail.com, EstellaLavallie2298@gmail.com, MadieBhatti9814@gmail.com, DelphaTharrington9888@gmail.com, ElwoodCortez5872@gmail.com, CelesteMahmood5635@gmail.com, FlorHallock7282@gmail.com, BrigitteRahm2391@gmail.com, NobleKrom2799@gmail.com, RosalindDaniele3014@gmail.com, MargaretaKu9884@gmail.com, SherrieRivero5899@gmail.com, MandiSwartwood6426@gmail.com, RickyLatimer5417@gmail.com, ClaraVillegas9775@gmail.com, TyroneAntonio7136@gmail.com, NoahDeppen5278@gmail.com, NelleGoodlow2877@gmail.com, YeseniaTillett4254@gmail.com, LynellLando8106@gmail.com, LoreenMorel1989@gmail.com, ValentinaNitti1092@gmail.com, CaraRakowski1097@gmail.com, SilasChickering2101@gmail.com, MargueriteSchuman2081@gmail.com, ThuyDecamp9430@gmail.com, IanReising1886@gmail.com, RufusHanshaw6825@gmail.com, IrmaEncarnacion2873@gmail.com, LeomaMazzei2034@gmail.com, LateshaMarini8611@gmail.com, MallorySegarra2903@gmail.com, TorrieHarnois1022@gmail.com, ParkerForrest2558@gmail.com, JedFrazier6088@gmail.com, KimiSavard3616@gmail.com, LashayFranz1318@gmail.com]
17:54:38.857 [main] INFO api.AvailableMembersApi - Validating members for Survey ID: 1
17:54:38.861 [main] INFO api.AvailableMembersApi - Received response for survey ID 2: Status Code = 200
17:54:38.871 [main] INFO api.AvailableMembersApi - Available emails for survey ID 2: [MalissaArn0202@gmail.com, TeriVillalobos6990@gmail.com, YeseniaConte8292@gmail.com, MeghannFollowell6036@gmail.com, LeeHarlow6738@gmail.com, SalvatoreMonico6748@gmail.com, SunshineFocht0017@gmail.com, DainaMaine1358@gmail.com, OraHousand6876@gmail.com, TasiaMerritt2498@gmail.com, GregoryLucchesi4579@gmail.com, DrucillaWilhelm1088@gmail.com, JaquelynLevett2862@gmail.com, MarikoHadfield9920@gmail.com, JanitaStroman5652@gmail.com, MargaritoDerringer6053@gmail.com, SheritaArispe4106@gmail.com, EverettNorthup7669@gmail.com, MicahShirley0805@gmail.com, WilhelminaHibdon9677@gmail.com, CarolinBlauser7632@gmail.com, LylaAlmanza0199@gmail.com, ChereGamino1550@gmail.com, CleotildeMcmiller8058@gmail.com, JeffryDynes1098@gmail.com, VerniceSoto3260@gmail.com, ElnaPhelan2540@gmail.com, TemikaHuth9411@gmail.com, AdriannaFentress5065@gmail.com, TaynaRey4852@gmail.com, IkeClink7071@gmail.com, GaynellCroce7702@gmail.com, DarlenaFarrington7903@gmail.com, ZoeSolar4260@gmail.com, AnjanetteKrupp7724@gmail.com, JanieceSilvernail2745@gmail.com, IveyBuskey1353@gmail.com, ViolaBlackstock8664@gmail.com, ElaneMartinelli1121@gmail.com, RachellAnkrom0998@gmail.com, KylaKays1591@gmail.com, AltonSmedley5432@gmail.com, VoncileHayner2281@gmail.com, BebeLehmkuhl5703@gmail.com, InellRuoff2731@gmail.com, OnitaHolloway7718@gmail.com, NormanCastilleja4018@gmail.com, DelmarTourville5884@gmail.com, AudryBerends0895@gmail.com, ZoraidaFaulkner5026@gmail.com, KelleeMaddy6483@gmail.com, FlorencioMuller2772@gmail.com, JoDettman4460@gmail.com, RosanneTrezza7663@gmail.com, MarylandBenedict6434@gmail.com, MirthaConine8554@gmail.com, KristinPonton2734@gmail.com, FlossiePangburn4203@gmail.com, YukoSteffes9115@gmail.com, DixieDarsey7418@gmail.com, KendrickPreston8153@gmail.com, CariPizzo2637@gmail.com, EllamaeTallon2542@gmail.com, AbbieKreidler2527@gmail.com, DustinArterburn6055@gmail.com, CatriceLenton4273@gmail.com, LailaHoldren0317@gmail.com, YangSoriano2861@gmail.com, JonShultis2071@gmail.com, JulianClapper5906@gmail.com, MylesCooke7867@gmail.com, RhebaCorbett1709@gmail.com, MarcelleHerzog9009@gmail.com, XochitlCalderwood5941@gmail.com, JarvisMillar3472@gmail.com, LekishaHinnenkamp1017@gmail.com, AngeliaKeebler0114@gmail.com, ClementinaGormley2089@gmail.com, JoslynKeen8547@gmail.com, VerlaBearse3879@gmail.com, CassaundraLoar9453@gmail.com, JiLamarche1348@gmail.com, LilliamMcghie9513@gmail.com, AlonaRedel2262@gmail.com, HeidiGravelle3094@gmail.com, BuckSlawson5304@gmail.com, LindsayHenline2766@gmail.com, MimiWinsor6625@gmail.com, MaxineClauson3939@gmail.com, LenaGalusha7687@gmail.com, TalishaGeise5594@gmail.com, GeorgiaCincotta6796@gmail.com, CandisGapinski6348@gmail.com, CyrstalRobb5332@gmail.com, CorneliaLaney7638@gmail.com, JereRouth3497@gmail.com, ArchieBranning7218@gmail.com, TomiAthey0697@gmail.com, MathaBeard0636@gmail.com, BudMclarty0075@gmail.com, MarlanaGillard2214@gmail.com, HellenMacrae0712@gmail.com, MeaghanMacinnis5645@gmail.com, LezlieLuckey7094@gmail.com, MozelleReddy3840@gmail.com, OleneLedgerwood3654@gmail.com, ShandaCromer4960@gmail.com, VeniceSherry5610@gmail.com, ArmindaValentino6586@gmail.com, CarolannBronson4617@gmail.com, CharlynHaggerty1577@gmail.com, IsaacLinebaugh9546@gmail.com, ElbaFarr1276@gmail.com, AngelikaMarch9925@gmail.com, TylerGalbraith9779@gmail.com, MarylynnChauvin4173@gmail.com, LuisaOhm6420@gmail.com, BetteCarlos5624@gmail.com, RoccoBlubaugh1914@gmail.com, AlexandriaJantz3467@gmail.com, WinstonHemby7253@gmail.com, TamiJepson8335@gmail.com, AnamariaHeadrick7903@gmail.com, NereidaTruman9016@gmail.com, HipolitoRowlands4929@gmail.com, PorterMarcinkowski6594@gmail.com, BonnyForester7950@gmail.com, RuthaCrotty1764@gmail.com, DamionWysocki9147@gmail.com, ColtonMoschella8698@gmail.com, WayneBasler6942@gmail.com, JoieSly5758@gmail.com, TakishaDemo0463@gmail.com, ChasArline0812@gmail.com, JoyaBristol1484@gmail.com, NeidaVartanian0848@gmail.com, EllieDuca1079@gmail.com, DaniellNicklas8998@gmail.com, JammieRapp6294@gmail.com, BessHugo8379@gmail.com, MarlinHolm9186@gmail.com, MignonCarnes1909@gmail.com, DaniStroop2632@gmail.com, HerschelSena4741@gmail.com, OraSuddeth1307@gmail.com, TedBroome1787@gmail.com, BirgitMcglade6409@gmail.com, HeidiPoplawski3633@gmail.com, CarmenIreland5525@gmail.com, AdanCarden9027@gmail.com, LeannaMazer1235@gmail.com, KeshaShoop3740@gmail.com, ElzaAumick8395@gmail.com, TerenceGrothe7967@gmail.com, MarkitaBrymer7321@gmail.com, JazmineMccolley4132@gmail.com, AlphaHundley6257@gmail.com, ScotHollis8426@gmail.com, MarcelinaKoger3137@gmail.com, NaomaWhitman5530@gmail.com, AlfrediaSemon0100@gmail.com, MiyokoPinto5432@gmail.com, LeiaAmico4089@gmail.com, SimonPolinsky7978@gmail.com, YulandaMarsden6146@gmail.com, ChloeFlorey0182@gmail.com, BerniceCorcoran1154@gmail.com, MarlysMatteson1945@gmail.com, EstellaLavallie2298@gmail.com, MadieBhatti9814@gmail.com, DelphaTharrington9888@gmail.com, ElwoodCortez5872@gmail.com, SanjuanitaBrotzman9707@gmail.com, CelesteMahmood5635@gmail.com, FlorHallock7282@gmail.com, BrigitteRahm2391@gmail.com, CorazonBohan2879@gmail.com, CynthiaGines6711@gmail.com, NobleKrom2799@gmail.com, RosalindDaniele3014@gmail.com, MargaretaKu9884@gmail.com, SherrieRivero5899@gmail.com, MandiSwartwood6426@gmail.com, RickyLatimer5417@gmail.com, ClaraVillegas9775@gmail.com, TyroneAntonio7136@gmail.com, NoahDeppen5278@gmail.com, NelleGoodlow2877@gmail.com, YeseniaTillett4254@gmail.com, LynellLando8106@gmail.com, LoreenMorel1989@gmail.com, ValentinaNitti1092@gmail.com, CaraRakowski1097@gmail.com, SilasChickering2101@gmail.com, MargueriteSchuman2081@gmail.com, ThuyDecamp9430@gmail.com, IanReising1886@gmail.com, RufusHanshaw6825@gmail.com, IrmaEncarnacion2873@gmail.com, LeomaMazzei2034@gmail.com, LateshaMarini8611@gmail.com, MallorySegarra2903@gmail.com, TorrieHarnois1022@gmail.com, KimiSavard3616@gmail.com, LashayFranz1318@gmail.com]
17:54:38.871 [main] INFO api.AvailableMembersApi - Validating members for Survey ID: 2
17:54:38.874 [main] INFO api.AvailableMembersApi - Received response for survey ID 3: Status Code = 200
17:54:38.884 [main] INFO api.AvailableMembersApi - Available emails for survey ID 3: [MalissaArn0202@gmail.com, TeriVillalobos6990@gmail.com, MeghannFollowell6036@gmail.com, LeeHarlow6738@gmail.com, SalvatoreMonico6748@gmail.com, SunshineFocht0017@gmail.com, DainaMaine1358@gmail.com, OraHousand6876@gmail.com, GregoryLucchesi4579@gmail.com, DrucillaWilhelm1088@gmail.com, JaquelynLevett2862@gmail.com, MarikoHadfield9920@gmail.com, JanitaStroman5652@gmail.com, MargaritoDerringer6053@gmail.com, SheritaArispe4106@gmail.com, EverettNorthup7669@gmail.com, MicahShirley0805@gmail.com, WilhelminaHibdon9677@gmail.com, LylaAlmanza0199@gmail.com, ChereGamino1550@gmail.com, FletaGiampaolo3754@gmail.com, CleotildeMcmiller8058@gmail.com, SaraiMorelli9034@gmail.com, LashandaAbbott9174@gmail.com, JeffryDynes1098@gmail.com, VerniceSoto3260@gmail.com, ElnaPhelan2540@gmail.com, TemikaHuth9411@gmail.com, AdriannaFentress5065@gmail.com, TaynaRey4852@gmail.com, IkeClink7071@gmail.com, GaynellCroce7702@gmail.com, DarlenaFarrington7903@gmail.com, CherrylCarolina2273@gmail.com, ZoeSolar4260@gmail.com, JanieceSilvernail2745@gmail.com, IveyBuskey1353@gmail.com, ViolaBlackstock8664@gmail.com, ElaneMartinelli1121@gmail.com, KylaKays1591@gmail.com, VoncileHayner2281@gmail.com, BebeLehmkuhl5703@gmail.com, InellRuoff2731@gmail.com, OnitaHolloway7718@gmail.com, NormanCastilleja4018@gmail.com, AudryBerends0895@gmail.com, ZoraidaFaulkner5026@gmail.com, KelleeMaddy6483@gmail.com, FlorencioMuller2772@gmail.com, JoDettman4460@gmail.com, RosanneTrezza7663@gmail.com, MarylandBenedict6434@gmail.com, MirthaConine8554@gmail.com, KristinPonton2734@gmail.com, FlossiePangburn4203@gmail.com, YukoSteffes9115@gmail.com, DixieDarsey7418@gmail.com, KendrickPreston8153@gmail.com, EllamaeTallon2542@gmail.com, AbbieKreidler2527@gmail.com, DustinArterburn6055@gmail.com, CatriceLenton4273@gmail.com, LailaHoldren0317@gmail.com, YangSoriano2861@gmail.com, JonShultis2071@gmail.com, JulianClapper5906@gmail.com, MylesCooke7867@gmail.com, RhebaCorbett1709@gmail.com, MarcelleHerzog9009@gmail.com, XochitlCalderwood5941@gmail.com, LeilaOdle4383@gmail.com, AbbyPeevy0877@gmail.com, JarvisMillar3472@gmail.com, LekishaHinnenkamp1017@gmail.com, AngeliaKeebler0114@gmail.com, ClementinaGormley2089@gmail.com, VerlaBearse3879@gmail.com, CassaundraLoar9453@gmail.com, JiLamarche1348@gmail.com, AlonaRedel2262@gmail.com, BuckSlawson5304@gmail.com, LindsayHenline2766@gmail.com, MimiWinsor6625@gmail.com, MaxineClauson3939@gmail.com, LenaGalusha7687@gmail.com, TalishaGeise5594@gmail.com, StacieAustria9018@gmail.com, GeorgiaCincotta6796@gmail.com, CandisGapinski6348@gmail.com, CyrstalRobb5332@gmail.com, CorneliaLaney7638@gmail.com, JereRouth3497@gmail.com, ArchieBranning7218@gmail.com, TomiAthey0697@gmail.com, MathaBeard0636@gmail.com, MarlanaGillard2214@gmail.com, ElvisLeatherwood1278@gmail.com, HellenMacrae0712@gmail.com, MeaghanMacinnis5645@gmail.com, LezlieLuckey7094@gmail.com, MozelleReddy3840@gmail.com, OleneLedgerwood3654@gmail.com, ShandaCromer4960@gmail.com, VeniceSherry5610@gmail.com, RonCopher9843@gmail.com, ArmindaValentino6586@gmail.com, CarolannBronson4617@gmail.com, CharlynHaggerty1577@gmail.com, IsaacLinebaugh9546@gmail.com, ElbaFarr1276@gmail.com, AngelikaMarch9925@gmail.com, TylerGalbraith9779@gmail.com, MarylynnChauvin4173@gmail.com, LuisaOhm6420@gmail.com, BetteCarlos5624@gmail.com, RoccoBlubaugh1914@gmail.com, AlexandriaJantz3467@gmail.com, WinstonHemby7253@gmail.com, TamiJepson8335@gmail.com, AnamariaHeadrick7903@gmail.com, NereidaTruman9016@gmail.com, PorterMarcinkowski6594@gmail.com, BonnyForester7950@gmail.com, RuthaCrotty1764@gmail.com, ColtonMoschella8698@gmail.com, WayneBasler6942@gmail.com, JoieSly5758@gmail.com, TakishaDemo0463@gmail.com, ChasArline0812@gmail.com, JoyaBristol1484@gmail.com, NeidaVartanian0848@gmail.com, EllieDuca1079@gmail.com, AdelaSlusher1773@gmail.com, DaniellNicklas8998@gmail.com, JammieRapp6294@gmail.com, BessHugo8379@gmail.com, MarlinHolm9186@gmail.com, MignonCarnes1909@gmail.com, CareyBaley9974@gmail.com, MaddieMccusker6382@gmail.com, HerschelSena4741@gmail.com, OraSuddeth1307@gmail.com, TedBroome1787@gmail.com, BirgitMcglade6409@gmail.com, HeidiPoplawski3633@gmail.com, CarmenIreland5525@gmail.com, NeliaAbrams8620@gmail.com, AdanCarden9027@gmail.com, LeannaMazer1235@gmail.com, KeshaShoop3740@gmail.com, ElzaAumick8395@gmail.com, TerenceGrothe7967@gmail.com, JazmineMccolley4132@gmail.com, AlphaHundley6257@gmail.com, ScotHollis8426@gmail.com, MarcelinaKoger3137@gmail.com, NaomaWhitman5530@gmail.com, AlfrediaSemon0100@gmail.com, MiyokoPinto5432@gmail.com, IsauraMorton9001@gmail.com, LeiaAmico4089@gmail.com, SimonPolinsky7978@gmail.com, YulandaMarsden6146@gmail.com, ChloeFlorey0182@gmail.com, BerniceCorcoran1154@gmail.com, ChristineParkinson6954@gmail.com, MarlysMatteson1945@gmail.com, MadieBhatti9814@gmail.com, DelphaTharrington9888@gmail.com, ElwoodCortez5872@gmail.com, SanjuanitaBrotzman9707@gmail.com, CelesteMahmood5635@gmail.com, BrigitteRahm2391@gmail.com, CynthiaGines6711@gmail.com, NobleKrom2799@gmail.com, MargaretaKu9884@gmail.com, SherrieRivero5899@gmail.com, MandiSwartwood6426@gmail.com, RickyLatimer5417@gmail.com, ClaraVillegas9775@gmail.com, NoahDeppen5278@gmail.com, NelleGoodlow2877@gmail.com, YeseniaTillett4254@gmail.com, LynellLando8106@gmail.com, LoreenMorel1989@gmail.com, ValentinaNitti1092@gmail.com, CaraRakowski1097@gmail.com, SilasChickering2101@gmail.com, MargueriteSchuman2081@gmail.com, ThuyDecamp9430@gmail.com, IanReising1886@gmail.com, RufusHanshaw6825@gmail.com, IrmaEncarnacion2873@gmail.com, LeomaMazzei2034@gmail.com, LateshaMarini8611@gmail.com, MallorySegarra2903@gmail.com, TorrieHarnois1022@gmail.com, ParkerForrest2558@gmail.com, JedFrazier6088@gmail.com, KimiSavard3616@gmail.com, LashayFranz1318@gmail.com]
17:54:38.884 [main] INFO api.AvailableMembersApi - Validating members for Survey ID: 3
17:54:38.887 [main] INFO api.AvailableMembersApi - Received response for survey ID 4: Status Code = 200
17:54:38.893 [main] INFO api.AvailableMembersApi - Available emails for survey ID 4: [MalissaArn0202@gmail.com, TeriVillalobos6990@gmail.com, YeseniaConte8292@gmail.com, MeghannFollowell6036@gmail.com, LeeHarlow6738@gmail.com, SalvatoreMonico6748@gmail.com, SunshineFocht0017@gmail.com, DainaMaine1358@gmail.com, OraHousand6876@gmail.com, TasiaMerritt2498@gmail.com, DrucillaWilhelm1088@gmail.com, JaquelynLevett2862@gmail.com, JanitaStroman5652@gmail.com, MargaritoDerringer6053@gmail.com, SheritaArispe4106@gmail.com, EverettNorthup7669@gmail.com, MicahShirley0805@gmail.com, WilhelminaHibdon9677@gmail.com, LylaAlmanza0199@gmail.com, ChereGamino1550@gmail.com, FletaGiampaolo3754@gmail.com, SaraiMorelli9034@gmail.com, LashandaAbbott9174@gmail.com, JeffryDynes1098@gmail.com, VerniceSoto3260@gmail.com, ElnaPhelan2540@gmail.com, AdriannaFentress5065@gmail.com, TaynaRey4852@gmail.com, IkeClink7071@gmail.com, GaynellCroce7702@gmail.com, DarlenaFarrington7903@gmail.com, CherrylCarolina2273@gmail.com, AnjanetteKrupp7724@gmail.com, JanieceSilvernail2745@gmail.com, ViolaBlackstock8664@gmail.com, ElaneMartinelli1121@gmail.com, RachellAnkrom0998@gmail.com, KylaKays1591@gmail.com, AltonSmedley5432@gmail.com, VoncileHayner2281@gmail.com, BebeLehmkuhl5703@gmail.com, InellRuoff2731@gmail.com, OnitaHolloway7718@gmail.com, NormanCastilleja4018@gmail.com, DelmarTourville5884@gmail.com, AudryBerends0895@gmail.com, ZoraidaFaulkner5026@gmail.com, KelleeMaddy6483@gmail.com, FlorencioMuller2772@gmail.com, RosanneTrezza7663@gmail.com, MarylandBenedict6434@gmail.com, MirthaConine8554@gmail.com, KristinPonton2734@gmail.com, FlossiePangburn4203@gmail.com, YukoSteffes9115@gmail.com, DixieDarsey7418@gmail.com, KendrickPreston8153@gmail.com, CariPizzo2637@gmail.com, EllamaeTallon2542@gmail.com, AbbieKreidler2527@gmail.com, DustinArterburn6055@gmail.com, CatriceLenton4273@gmail.com, LailaHoldren0317@gmail.com, YangSoriano2861@gmail.com, JulianClapper5906@gmail.com, MarcelleHerzog9009@gmail.com, XochitlCalderwood5941@gmail.com, LeilaOdle4383@gmail.com, JarvisMillar3472@gmail.com, AngeliaKeebler0114@gmail.com, ClementinaGormley2089@gmail.com, JoslynKeen8547@gmail.com, VerlaBearse3879@gmail.com, CassaundraLoar9453@gmail.com, JiLamarche1348@gmail.com, AlonaRedel2262@gmail.com, HeidiGravelle3094@gmail.com, BuckSlawson5304@gmail.com, LindsayHenline2766@gmail.com, MimiWinsor6625@gmail.com, LenaGalusha7687@gmail.com, TalishaGeise5594@gmail.com, GeorgiaCincotta6796@gmail.com, CandisGapinski6348@gmail.com, CyrstalRobb5332@gmail.com, CorneliaLaney7638@gmail.com, JereRouth3497@gmail.com, ArchieBranning7218@gmail.com, TomiAthey0697@gmail.com, MathaBeard0636@gmail.com, BudMclarty0075@gmail.com, MarlanaGillard2214@gmail.com, ElvisLeatherwood1278@gmail.com, HellenMacrae0712@gmail.com, LezlieLuckey7094@gmail.com, MozelleReddy3840@gmail.com, OleneLedgerwood3654@gmail.com, ShandaCromer4960@gmail.com, VeniceSherry5610@gmail.com, RonCopher9843@gmail.com, ArmindaValentino6586@gmail.com, CharlynHaggerty1577@gmail.com, IsaacLinebaugh9546@gmail.com, ElbaFarr1276@gmail.com, AngelikaMarch9925@gmail.com, MarylynnChauvin4173@gmail.com, BetteCarlos5624@gmail.com, RoccoBlubaugh1914@gmail.com, AlexandriaJantz3467@gmail.com, WinstonHemby7253@gmail.com, TamiJepson8335@gmail.com, AnamariaHeadrick7903@gmail.com, NereidaTruman9016@gmail.com, HipolitoRowlands4929@gmail.com, PorterMarcinkowski6594@gmail.com, RuthaCrotty1764@gmail.com, DamionWysocki9147@gmail.com, ColtonMoschella8698@gmail.com, WayneBasler6942@gmail.com, JoieSly5758@gmail.com, TakishaDemo0463@gmail.com, ChasArline0812@gmail.com, JoyaBristol1484@gmail.com, EllieDuca1079@gmail.com, AdelaSlusher1773@gmail.com, DaniellNicklas8998@gmail.com, JammieRapp6294@gmail.com, MarlinHolm9186@gmail.com, MignonCarnes1909@gmail.com, CareyBaley9974@gmail.com, DaniStroop2632@gmail.com, MaddieMccusker6382@gmail.com, HerschelSena4741@gmail.com, OraSuddeth1307@gmail.com, TedBroome1787@gmail.com, BirgitMcglade6409@gmail.com, HeidiPoplawski3633@gmail.com, CarmenIreland5525@gmail.com, NeliaAbrams8620@gmail.com, AdanCarden9027@gmail.com, LeannaMazer1235@gmail.com, KeshaShoop3740@gmail.com, ElzaAumick8395@gmail.com, TerenceGrothe7967@gmail.com, MarkitaBrymer7321@gmail.com, JazmineMccolley4132@gmail.com, AlphaHundley6257@gmail.com, ScotHollis8426@gmail.com, NaomaWhitman5530@gmail.com, AlfrediaSemon0100@gmail.com, IsauraMorton9001@gmail.com, LeiaAmico4089@gmail.com, SimonPolinsky7978@gmail.com, YulandaMarsden6146@gmail.com, ChloeFlorey0182@gmail.com, BerniceCorcoran1154@gmail.com, ChristineParkinson6954@gmail.com, MarlysMatteson1945@gmail.com, EstellaLavallie2298@gmail.com, DelphaTharrington9888@gmail.com, ElwoodCortez5872@gmail.com, SanjuanitaBrotzman9707@gmail.com, CelesteMahmood5635@gmail.com, BrigitteRahm2391@gmail.com, CorazonBohan2879@gmail.com, CynthiaGines6711@gmail.com, NobleKrom2799@gmail.com, MargaretaKu9884@gmail.com, SherrieRivero5899@gmail.com, MandiSwartwood6426@gmail.com, RickyLatimer5417@gmail.com, ClaraVillegas9775@gmail.com, TyroneAntonio7136@gmail.com, NoahDeppen5278@gmail.com, NelleGoodlow2877@gmail.com, YeseniaTillett4254@gmail.com, LynellLando8106@gmail.com, LoreenMorel1989@gmail.com, ValentinaNitti1092@gmail.com, CaraRakowski1097@gmail.com, SilasChickering2101@gmail.com, MargueriteSchuman2081@gmail.com, ThuyDecamp9430@gmail.com, IanReising1886@gmail.com, RufusHanshaw6825@gmail.com, IrmaEncarnacion2873@gmail.com, LeomaMazzei2034@gmail.com, LateshaMarini8611@gmail.com, TorrieHarnois1022@gmail.com, ParkerForrest2558@gmail.com, JedFrazier6088@gmail.com, KimiSavard3616@gmail.com, LashayFranz1318@gmail.com]
17:54:38.893 [main] INFO api.AvailableMembersApi - Validating members for Survey ID: 4
17:54:38.896 [main] INFO api.AvailableMembersApi - Received response for survey ID 5: Status Code = 200
17:54:38.901 [main] INFO api.AvailableMembersApi - Available emails for survey ID 5: [MalissaArn0202@gmail.com, TeriVillalobos6990@gmail.com, YeseniaConte8292@gmail.com, MeghannFollowell6036@gmail.com, LeeHarlow6738@gmail.com, SalvatoreMonico6748@gmail.com, SunshineFocht0017@gmail.com, OraHousand6876@gmail.com, TasiaMerritt2498@gmail.com, GregoryLucchesi4579@gmail.com, JaquelynLevett2862@gmail.com, MarikoHadfield9920@gmail.com, MargaritoDerringer6053@gmail.com, SheritaArispe4106@gmail.com, EverettNorthup7669@gmail.com, MicahShirley0805@gmail.com, WilhelminaHibdon9677@gmail.com, CarolinBlauser7632@gmail.com, LylaAlmanza0199@gmail.com, ChereGamino1550@gmail.com, CleotildeMcmiller8058@gmail.com, SaraiMorelli9034@gmail.com, LashandaAbbott9174@gmail.com, JeffryDynes1098@gmail.com, VerniceSoto3260@gmail.com, ElnaPhelan2540@gmail.com, TemikaHuth9411@gmail.com, TaynaRey4852@gmail.com, GaynellCroce7702@gmail.com, DarlenaFarrington7903@gmail.com, CherrylCarolina2273@gmail.com, ZoeSolar4260@gmail.com, AnjanetteKrupp7724@gmail.com, JanieceSilvernail2745@gmail.com, IveyBuskey1353@gmail.com, ViolaBlackstock8664@gmail.com, ElaneMartinelli1121@gmail.com, RachellAnkrom0998@gmail.com, KylaKays1591@gmail.com, AltonSmedley5432@gmail.com, InellRuoff2731@gmail.com, OnitaHolloway7718@gmail.com, NormanCastilleja4018@gmail.com, DelmarTourville5884@gmail.com, ZoraidaFaulkner5026@gmail.com, KelleeMaddy6483@gmail.com, FlorencioMuller2772@gmail.com, JoDettman4460@gmail.com, RosanneTrezza7663@gmail.com, MarylandBenedict6434@gmail.com, MirthaConine8554@gmail.com, KristinPonton2734@gmail.com, FlossiePangburn4203@gmail.com, DixieDarsey7418@gmail.com, KendrickPreston8153@gmail.com, CariPizzo2637@gmail.com, EllamaeTallon2542@gmail.com, AbbieKreidler2527@gmail.com, DustinArterburn6055@gmail.com, CatriceLenton4273@gmail.com, LailaHoldren0317@gmail.com, YangSoriano2861@gmail.com, JonShultis2071@gmail.com, JulianClapper5906@gmail.com, MylesCooke7867@gmail.com, RhebaCorbett1709@gmail.com, MarcelleHerzog9009@gmail.com, XochitlCalderwood5941@gmail.com, LeilaOdle4383@gmail.com, AbbyPeevy0877@gmail.com, JarvisMillar3472@gmail.com, LekishaHinnenkamp1017@gmail.com, AngeliaKeebler0114@gmail.com, JoslynKeen8547@gmail.com, VerlaBearse3879@gmail.com, CassaundraLoar9453@gmail.com, JiLamarche1348@gmail.com, LilliamMcghie9513@gmail.com, AlonaRedel2262@gmail.com, HeidiGravelle3094@gmail.com, BuckSlawson5304@gmail.com, LindsayHenline2766@gmail.com, MimiWinsor6625@gmail.com, MaxineClauson3939@gmail.com, LenaGalusha7687@gmail.com, StacieAustria9018@gmail.com, GeorgiaCincotta6796@gmail.com, CandisGapinski6348@gmail.com, CyrstalRobb5332@gmail.com, CorneliaLaney7638@gmail.com, JereRouth3497@gmail.com, ArchieBranning7218@gmail.com, TomiAthey0697@gmail.com, MathaBeard0636@gmail.com, BudMclarty0075@gmail.com, MarlanaGillard2214@gmail.com, HellenMacrae0712@gmail.com, MeaghanMacinnis5645@gmail.com, LezlieLuckey7094@gmail.com, MozelleReddy3840@gmail.com, OleneLedgerwood3654@gmail.com, ShandaCromer4960@gmail.com, VeniceSherry5610@gmail.com, RonCopher9843@gmail.com, ArmindaValentino6586@gmail.com, CarolannBronson4617@gmail.com, CharlynHaggerty1577@gmail.com, IsaacLinebaugh9546@gmail.com, ElbaFarr1276@gmail.com, AngelikaMarch9925@gmail.com, TylerGalbraith9779@gmail.com, MarylynnChauvin4173@gmail.com, RoccoBlubaugh1914@gmail.com, AlexandriaJantz3467@gmail.com, WinstonHemby7253@gmail.com, TamiJepson8335@gmail.com, AnamariaHeadrick7903@gmail.com, NereidaTruman9016@gmail.com, HipolitoRowlands4929@gmail.com, PorterMarcinkowski6594@gmail.com, BonnyForester7950@gmail.com, DamionWysocki9147@gmail.com, ColtonMoschella8698@gmail.com, WayneBasler6942@gmail.com, JoieSly5758@gmail.com, TakishaDemo0463@gmail.com, ChasArline0812@gmail.com, JoyaBristol1484@gmail.com, NeidaVartanian0848@gmail.com, EllieDuca1079@gmail.com, AdelaSlusher1773@gmail.com, JammieRapp6294@gmail.com, BessHugo8379@gmail.com, MarlinHolm9186@gmail.com, MignonCarnes1909@gmail.com, DaniStroop2632@gmail.com, MaddieMccusker6382@gmail.com, HerschelSena4741@gmail.com, OraSuddeth1307@gmail.com, TedBroome1787@gmail.com, BirgitMcglade6409@gmail.com, HeidiPoplawski3633@gmail.com, NeliaAbrams8620@gmail.com, AdanCarden9027@gmail.com, LeannaMazer1235@gmail.com, KeshaShoop3740@gmail.com, ElzaAumick8395@gmail.com, TerenceGrothe7967@gmail.com, MarkitaBrymer7321@gmail.com, JazmineMccolley4132@gmail.com, AlphaHundley6257@gmail.com, ScotHollis8426@gmail.com, NaomaWhitman5530@gmail.com, MiyokoPinto5432@gmail.com, IsauraMorton9001@gmail.com, LeiaAmico4089@gmail.com, SimonPolinsky7978@gmail.com, YulandaMarsden6146@gmail.com, ChloeFlorey0182@gmail.com, BerniceCorcoran1154@gmail.com, ChristineParkinson6954@gmail.com, MarlysMatteson1945@gmail.com, EstellaLavallie2298@gmail.com, MadieBhatti9814@gmail.com, DelphaTharrington9888@gmail.com, ElwoodCortez5872@gmail.com, SanjuanitaBrotzman9707@gmail.com, CelesteMahmood5635@gmail.com, FlorHallock7282@gmail.com, BrigitteRahm2391@gmail.com, CynthiaGines6711@gmail.com, NobleKrom2799@gmail.com, RosalindDaniele3014@gmail.com, MargaretaKu9884@gmail.com, SherrieRivero5899@gmail.com, MandiSwartwood6426@gmail.com, RickyLatimer5417@gmail.com, ClaraVillegas9775@gmail.com, TyroneAntonio7136@gmail.com, NoahDeppen5278@gmail.com, NelleGoodlow2877@gmail.com, YeseniaTillett4254@gmail.com, LynellLando8106@gmail.com, LoreenMorel1989@gmail.com, CaraRakowski1097@gmail.com, SilasChickering2101@gmail.com, MargueriteSchuman2081@gmail.com, ThuyDecamp9430@gmail.com, IanReising1886@gmail.com, RufusHanshaw6825@gmail.com, IrmaEncarnacion2873@gmail.com, LeomaMazzei2034@gmail.com, LateshaMarini8611@gmail.com, MallorySegarra2903@gmail.com, TorrieHarnois1022@gmail.com, ParkerForrest2558@gmail.com, JedFrazier6088@gmail.com, KimiSavard3616@gmail.com, LashayFranz1318@gmail.com]
17:54:38.902 [main] INFO api.AvailableMembersApi - Validating members for Survey ID: 5
17:54:38.904 [main] INFO api.AvailableMembersApi - Received response for survey ID 6: Status Code = 200
17:54:38.910 [main] INFO api.AvailableMembersApi - Available emails for survey ID 6: [MalissaArn0202@gmail.com, TeriVillalobos6990@gmail.com, YeseniaConte8292@gmail.com, MeghannFollowell6036@gmail.com, LeeHarlow6738@gmail.com, SalvatoreMonico6748@gmail.com, DainaMaine1358@gmail.com, OraHousand6876@gmail.com, TasiaMerritt2498@gmail.com, GregoryLucchesi4579@gmail.com, DrucillaWilhelm1088@gmail.com, JaquelynLevett2862@gmail.com, MarikoHadfield9920@gmail.com, JanitaStroman5652@gmail.com, MargaritoDerringer6053@gmail.com, SheritaArispe4106@gmail.com, EverettNorthup7669@gmail.com, MicahShirley0805@gmail.com, WilhelminaHibdon9677@gmail.com, CarolinBlauser7632@gmail.com, LylaAlmanza0199@gmail.com, CleotildeMcmiller8058@gmail.com, SaraiMorelli9034@gmail.com, LashandaAbbott9174@gmail.com, JeffryDynes1098@gmail.com, VerniceSoto3260@gmail.com, ElnaPhelan2540@gmail.com, TemikaHuth9411@gmail.com, AdriannaFentress5065@gmail.com, TaynaRey4852@gmail.com, IkeClink7071@gmail.com, GaynellCroce7702@gmail.com, DarlenaFarrington7903@gmail.com, CherrylCarolina2273@gmail.com, ZoeSolar4260@gmail.com, AnjanetteKrupp7724@gmail.com, JanieceSilvernail2745@gmail.com, IveyBuskey1353@gmail.com, ViolaBlackstock8664@gmail.com, ElaneMartinelli1121@gmail.com, RachellAnkrom0998@gmail.com, KylaKays1591@gmail.com, AltonSmedley5432@gmail.com, VoncileHayner2281@gmail.com, BebeLehmkuhl5703@gmail.com, InellRuoff2731@gmail.com, OnitaHolloway7718@gmail.com, DelmarTourville5884@gmail.com, AudryBerends0895@gmail.com, ZoraidaFaulkner5026@gmail.com, KelleeMaddy6483@gmail.com, FlorencioMuller2772@gmail.com, JoDettman4460@gmail.com, RosanneTrezza7663@gmail.com, MarylandBenedict6434@gmail.com, MirthaConine8554@gmail.com, KristinPonton2734@gmail.com, FlossiePangburn4203@gmail.com, YukoSteffes9115@gmail.com, DixieDarsey7418@gmail.com, KendrickPreston8153@gmail.com, CariPizzo2637@gmail.com, EllamaeTallon2542@gmail.com, AbbieKreidler2527@gmail.com, DustinArterburn6055@gmail.com, CatriceLenton4273@gmail.com, LailaHoldren0317@gmail.com, YangSoriano2861@gmail.com, JulianClapper5906@gmail.com, MylesCooke7867@gmail.com, RhebaCorbett1709@gmail.com, MarcelleHerzog9009@gmail.com, XochitlCalderwood5941@gmail.com, LeilaOdle4383@gmail.com, AbbyPeevy0877@gmail.com, JarvisMillar3472@gmail.com, LekishaHinnenkamp1017@gmail.com, AngeliaKeebler0114@gmail.com, ClementinaGormley2089@gmail.com, JoslynKeen8547@gmail.com, VerlaBearse3879@gmail.com, CassaundraLoar9453@gmail.com, JiLamarche1348@gmail.com, LilliamMcghie9513@gmail.com, AlonaRedel2262@gmail.com, HeidiGravelle3094@gmail.com, BuckSlawson5304@gmail.com, LindsayHenline2766@gmail.com, MaxineClauson3939@gmail.com, TalishaGeise5594@gmail.com, StacieAustria9018@gmail.com, GeorgiaCincotta6796@gmail.com, CandisGapinski6348@gmail.com, CyrstalRobb5332@gmail.com, CorneliaLaney7638@gmail.com, JereRouth3497@gmail.com, ArchieBranning7218@gmail.com, TomiAthey0697@gmail.com, MathaBeard0636@gmail.com, BudMclarty0075@gmail.com, MarlanaGillard2214@gmail.com, ElvisLeatherwood1278@gmail.com, HellenMacrae0712@gmail.com, MeaghanMacinnis5645@gmail.com, LezlieLuckey7094@gmail.com, MozelleReddy3840@gmail.com, ShandaCromer4960@gmail.com, VeniceSherry5610@gmail.com, ArmindaValentino6586@gmail.com, CarolannBronson4617@gmail.com, CharlynHaggerty1577@gmail.com, ElbaFarr1276@gmail.com, TylerGalbraith9779@gmail.com, MarylynnChauvin4173@gmail.com, LuisaOhm6420@gmail.com, BetteCarlos5624@gmail.com, RoccoBlubaugh1914@gmail.com, AlexandriaJantz3467@gmail.com, WinstonHemby7253@gmail.com, TamiJepson8335@gmail.com, AnamariaHeadrick7903@gmail.com, NereidaTruman9016@gmail.com, HipolitoRowlands4929@gmail.com, PorterMarcinkowski6594@gmail.com, BonnyForester7950@gmail.com, RuthaCrotty1764@gmail.com, DamionWysocki9147@gmail.com, ColtonMoschella8698@gmail.com, WayneBasler6942@gmail.com, JoieSly5758@gmail.com, TakishaDemo0463@gmail.com, ChasArline0812@gmail.com, JoyaBristol1484@gmail.com, NeidaVartanian0848@gmail.com, EllieDuca1079@gmail.com, AdelaSlusher1773@gmail.com, DaniellNicklas8998@gmail.com, JammieRapp6294@gmail.com, BessHugo8379@gmail.com, MarlinHolm9186@gmail.com, MignonCarnes1909@gmail.com, CareyBaley9974@gmail.com, DaniStroop2632@gmail.com, MaddieMccusker6382@gmail.com, HerschelSena4741@gmail.com, OraSuddeth1307@gmail.com, TedBroome1787@gmail.com, BirgitMcglade6409@gmail.com, HeidiPoplawski3633@gmail.com, CarmenIreland5525@gmail.com, NeliaAbrams8620@gmail.com, AdanCarden9027@gmail.com, LeannaMazer1235@gmail.com, KeshaShoop3740@gmail.com, ElzaAumick8395@gmail.com, TerenceGrothe7967@gmail.com, MarkitaBrymer7321@gmail.com, JazmineMccolley4132@gmail.com, AlphaHundley6257@gmail.com, ScotHollis8426@gmail.com, NaomaWhitman5530@gmail.com, AlfrediaSemon0100@gmail.com, MiyokoPinto5432@gmail.com, IsauraMorton9001@gmail.com, LeiaAmico4089@gmail.com, SimonPolinsky7978@gmail.com, YulandaMarsden6146@gmail.com, ChloeFlorey0182@gmail.com, BerniceCorcoran1154@gmail.com, ChristineParkinson6954@gmail.com, MarlysMatteson1945@gmail.com, DelphaTharrington9888@gmail.com, ElwoodCortez5872@gmail.com, SanjuanitaBrotzman9707@gmail.com, CelesteMahmood5635@gmail.com, FlorHallock7282@gmail.com, BrigitteRahm2391@gmail.com, CorazonBohan2879@gmail.com, CynthiaGines6711@gmail.com, NobleKrom2799@gmail.com, RosalindDaniele3014@gmail.com, MargaretaKu9884@gmail.com, SherrieRivero5899@gmail.com, MandiSwartwood6426@gmail.com, RickyLatimer5417@gmail.com, ClaraVillegas9775@gmail.com, TyroneAntonio7136@gmail.com, NoahDeppen5278@gmail.com, NelleGoodlow2877@gmail.com, YeseniaTillett4254@gmail.com, LynellLando8106@gmail.com, LoreenMorel1989@gmail.com, ValentinaNitti1092@gmail.com, MargueriteSchuman2081@gmail.com, ThuyDecamp9430@gmail.com, IanReising1886@gmail.com, RufusHanshaw6825@gmail.com, IrmaEncarnacion2873@gmail.com, LeomaMazzei2034@gmail.com, LateshaMarini8611@gmail.com, MallorySegarra2903@gmail.com, TorrieHarnois1022@gmail.com, ParkerForrest2558@gmail.com, JedFrazier6088@gmail.com, KimiSavard3616@gmail.com, LashayFranz1318@gmail.com]
17:54:38.910 [main] INFO api.AvailableMembersApi - Validating members for Survey ID: 6
17:54:38.913 [main] INFO api.AvailableMembersApi - Received response for survey ID 7: Status Code = 200
17:54:38.921 [main] INFO api.AvailableMembersApi - Available emails for survey ID 7: [MalissaArn0202@gmail.com, TeriVillalobos6990@gmail.com, YeseniaConte8292@gmail.com, MeghannFollowell6036@gmail.com, LeeHarlow6738@gmail.com, SalvatoreMonico6748@gmail.com, SunshineFocht0017@gmail.com, DainaMaine1358@gmail.com, OraHousand6876@gmail.com, TasiaMerritt2498@gmail.com, GregoryLucchesi4579@gmail.com, DrucillaWilhelm1088@gmail.com, JaquelynLevett2862@gmail.com, MarikoHadfield9920@gmail.com, MargaritoDerringer6053@gmail.com, SheritaArispe4106@gmail.com, EverettNorthup7669@gmail.com, MicahShirley0805@gmail.com, WilhelminaHibdon9677@gmail.com, CarolinBlauser7632@gmail.com, LylaAlmanza0199@gmail.com, ChereGamino1550@gmail.com, FletaGiampaolo3754@gmail.com, CleotildeMcmiller8058@gmail.com, SaraiMorelli9034@gmail.com, LashandaAbbott9174@gmail.com, JeffryDynes1098@gmail.com, VerniceSoto3260@gmail.com, ElnaPhelan2540@gmail.com, TemikaHuth9411@gmail.com, AdriannaFentress5065@gmail.com, TaynaRey4852@gmail.com, IkeClink7071@gmail.com, GaynellCroce7702@gmail.com, DarlenaFarrington7903@gmail.com, CherrylCarolina2273@gmail.com, ZoeSolar4260@gmail.com, AnjanetteKrupp7724@gmail.com, JanieceSilvernail2745@gmail.com, IveyBuskey1353@gmail.com, ViolaBlackstock8664@gmail.com, ElaneMartinelli1121@gmail.com, KylaKays1591@gmail.com, AltonSmedley5432@gmail.com, VoncileHayner2281@gmail.com, BebeLehmkuhl5703@gmail.com, InellRuoff2731@gmail.com, DelmarTourville5884@gmail.com, AudryBerends0895@gmail.com, ZoraidaFaulkner5026@gmail.com, KelleeMaddy6483@gmail.com, FlorencioMuller2772@gmail.com, JoDettman4460@gmail.com, RosanneTrezza7663@gmail.com, MarylandBenedict6434@gmail.com, MirthaConine8554@gmail.com, KristinPonton2734@gmail.com, FlossiePangburn4203@gmail.com, YukoSteffes9115@gmail.com, DixieDarsey7418@gmail.com, KendrickPreston8153@gmail.com, CariPizzo2637@gmail.com, EllamaeTallon2542@gmail.com, AbbieKreidler2527@gmail.com, DustinArterburn6055@gmail.com, CatriceLenton4273@gmail.com, LailaHoldren0317@gmail.com, JonShultis2071@gmail.com, RhebaCorbett1709@gmail.com, MarcelleHerzog9009@gmail.com, XochitlCalderwood5941@gmail.com, LeilaOdle4383@gmail.com, AbbyPeevy0877@gmail.com, JarvisMillar3472@gmail.com, LekishaHinnenkamp1017@gmail.com, AngeliaKeebler0114@gmail.com, ClementinaGormley2089@gmail.com, JoslynKeen8547@gmail.com, VerlaBearse3879@gmail.com, CassaundraLoar9453@gmail.com, JiLamarche1348@gmail.com, LilliamMcghie9513@gmail.com, AlonaRedel2262@gmail.com, HeidiGravelle3094@gmail.com, BuckSlawson5304@gmail.com, LindsayHenline2766@gmail.com, MimiWinsor6625@gmail.com, MaxineClauson3939@gmail.com, LenaGalusha7687@gmail.com, TalishaGeise5594@gmail.com, StacieAustria9018@gmail.com, GeorgiaCincotta6796@gmail.com, CandisGapinski6348@gmail.com, CyrstalRobb5332@gmail.com, CorneliaLaney7638@gmail.com, JereRouth3497@gmail.com, ArchieBranning7218@gmail.com, TomiAthey0697@gmail.com, MathaBeard0636@gmail.com, BudMclarty0075@gmail.com, MarlanaGillard2214@gmail.com, ElvisLeatherwood1278@gmail.com, HellenMacrae0712@gmail.com, MeaghanMacinnis5645@gmail.com, LezlieLuckey7094@gmail.com, MozelleReddy3840@gmail.com, OleneLedgerwood3654@gmail.com, ShandaCromer4960@gmail.com, VeniceSherry5610@gmail.com, RonCopher9843@gmail.com, ArmindaValentino6586@gmail.com, CarolannBronson4617@gmail.com, CharlynHaggerty1577@gmail.com, IsaacLinebaugh9546@gmail.com, ElbaFarr1276@gmail.com, TylerGalbraith9779@gmail.com, BetteCarlos5624@gmail.com, RoccoBlubaugh1914@gmail.com, AlexandriaJantz3467@gmail.com, WinstonHemby7253@gmail.com, TamiJepson8335@gmail.com, AnamariaHeadrick7903@gmail.com, NereidaTruman9016@gmail.com, HipolitoRowlands4929@gmail.com, PorterMarcinkowski6594@gmail.com, RuthaCrotty1764@gmail.com, DamionWysocki9147@gmail.com, ColtonMoschella8698@gmail.com, WayneBasler6942@gmail.com, JoieSly5758@gmail.com, TakishaDemo0463@gmail.com, JoyaBristol1484@gmail.com, NeidaVartanian0848@gmail.com, EllieDuca1079@gmail.com, AdelaSlusher1773@gmail.com, DaniellNicklas8998@gmail.com, JammieRapp6294@gmail.com, MarlinHolm9186@gmail.com, MignonCarnes1909@gmail.com, CareyBaley9974@gmail.com, DaniStroop2632@gmail.com, MaddieMccusker6382@gmail.com, HerschelSena4741@gmail.com, OraSuddeth1307@gmail.com, TedBroome1787@gmail.com, BirgitMcglade6409@gmail.com, HeidiPoplawski3633@gmail.com, CarmenIreland5525@gmail.com, NeliaAbrams8620@gmail.com, AdanCarden9027@gmail.com, LeannaMazer1235@gmail.com, ElzaAumick8395@gmail.com, TerenceGrothe7967@gmail.com, MarkitaBrymer7321@gmail.com, JazmineMccolley4132@gmail.com, AlphaHundley6257@gmail.com, ScotHollis8426@gmail.com, MarcelinaKoger3137@gmail.com, NaomaWhitman5530@gmail.com, AlfrediaSemon0100@gmail.com, MiyokoPinto5432@gmail.com, IsauraMorton9001@gmail.com, LeiaAmico4089@gmail.com, SimonPolinsky7978@gmail.com, YulandaMarsden6146@gmail.com, BerniceCorcoran1154@gmail.com, MarlysMatteson1945@gmail.com, EstellaLavallie2298@gmail.com, DelphaTharrington9888@gmail.com, ElwoodCortez5872@gmail.com, SanjuanitaBrotzman9707@gmail.com, CelesteMahmood5635@gmail.com, FlorHallock7282@gmail.com, BrigitteRahm2391@gmail.com, CorazonBohan2879@gmail.com, CynthiaGines6711@gmail.com, NobleKrom2799@gmail.com, RosalindDaniele3014@gmail.com, MargaretaKu9884@gmail.com, SherrieRivero5899@gmail.com, MandiSwartwood6426@gmail.com, RickyLatimer5417@gmail.com, TyroneAntonio7136@gmail.com, NoahDeppen5278@gmail.com, NelleGoodlow2877@gmail.com, LynellLando8106@gmail.com, LoreenMorel1989@gmail.com, ValentinaNitti1092@gmail.com, CaraRakowski1097@gmail.com, SilasChickering2101@gmail.com, MargueriteSchuman2081@gmail.com, ThuyDecamp9430@gmail.com, IanReising1886@gmail.com, RufusHanshaw6825@gmail.com, IrmaEncarnacion2873@gmail.com, LeomaMazzei2034@gmail.com, LateshaMarini8611@gmail.com, MallorySegarra2903@gmail.com, TorrieHarnois1022@gmail.com, ParkerForrest2558@gmail.com, JedFrazier6088@gmail.com, KimiSavard3616@gmail.com, LashayFranz1318@gmail.com]
17:54:38.922 [main] INFO api.AvailableMembersApi - Validating members for Survey ID: 7
17:54:38.925 [main] INFO api.AvailableMembersApi - Received response for survey ID 8: Status Code = 200
17:54:38.933 [main] INFO api.AvailableMembersApi - Available emails for survey ID 8: [MalissaArn0202@gmail.com, TeriVillalobos6990@gmail.com, YeseniaConte8292@gmail.com, MeghannFollowell6036@gmail.com, LeeHarlow6738@gmail.com, SalvatoreMonico6748@gmail.com, SunshineFocht0017@gmail.com, DainaMaine1358@gmail.com, OraHousand6876@gmail.com, TasiaMerritt2498@gmail.com, GregoryLucchesi4579@gmail.com, DrucillaWilhelm1088@gmail.com, JaquelynLevett2862@gmail.com, MarikoHadfield9920@gmail.com, MargaritoDerringer6053@gmail.com, SheritaArispe4106@gmail.com, EverettNorthup7669@gmail.com, MicahShirley0805@gmail.com, WilhelminaHibdon9677@gmail.com, CarolinBlauser7632@gmail.com, LylaAlmanza0199@gmail.com, ChereGamino1550@gmail.com, FletaGiampaolo3754@gmail.com, CleotildeMcmiller8058@gmail.com, SaraiMorelli9034@gmail.com, LashandaAbbott9174@gmail.com, JeffryDynes1098@gmail.com, VerniceSoto3260@gmail.com, ElnaPhelan2540@gmail.com, TemikaHuth9411@gmail.com, AdriannaFentress5065@gmail.com, TaynaRey4852@gmail.com, IkeClink7071@gmail.com, GaynellCroce7702@gmail.com, DarlenaFarrington7903@gmail.com, CherrylCarolina2273@gmail.com, ZoeSolar4260@gmail.com, AnjanetteKrupp7724@gmail.com, JanieceSilvernail2745@gmail.com, IveyBuskey1353@gmail.com, ViolaBlackstock8664@gmail.com, ElaneMartinelli1121@gmail.com, KylaKays1591@gmail.com, AltonSmedley5432@gmail.com, VoncileHayner2281@gmail.com, BebeLehmkuhl5703@gmail.com, InellRuoff2731@gmail.com, OnitaHolloway7718@gmail.com, NormanCastilleja4018@gmail.com, AudryBerends0895@gmail.com, ZoraidaFaulkner5026@gmail.com, KelleeMaddy6483@gmail.com, FlorencioMuller2772@gmail.com, JoDettman4460@gmail.com, RosanneTrezza7663@gmail.com, MarylandBenedict6434@gmail.com, MirthaConine8554@gmail.com, FlossiePangburn4203@gmail.com, YukoSteffes9115@gmail.com, DixieDarsey7418@gmail.com, KendrickPreston8153@gmail.com, CariPizzo2637@gmail.com, EllamaeTallon2542@gmail.com, AbbieKreidler2527@gmail.com, DustinArterburn6055@gmail.com, CatriceLenton4273@gmail.com, LailaHoldren0317@gmail.com, YangSoriano2861@gmail.com, JonShultis2071@gmail.com, JulianClapper5906@gmail.com, MylesCooke7867@gmail.com, AbbyPeevy0877@gmail.com, JarvisMillar3472@gmail.com, LekishaHinnenkamp1017@gmail.com, AngeliaKeebler0114@gmail.com, JoslynKeen8547@gmail.com, VerlaBearse3879@gmail.com, CassaundraLoar9453@gmail.com, JiLamarche1348@gmail.com, LilliamMcghie9513@gmail.com, AlonaRedel2262@gmail.com, HeidiGravelle3094@gmail.com, MimiWinsor6625@gmail.com, MaxineClauson3939@gmail.com, LenaGalusha7687@gmail.com, StacieAustria9018@gmail.com, GeorgiaCincotta6796@gmail.com, CandisGapinski6348@gmail.com, CorneliaLaney7638@gmail.com, JereRouth3497@gmail.com, ArchieBranning7218@gmail.com, TomiAthey0697@gmail.com, MathaBeard0636@gmail.com, BudMclarty0075@gmail.com, MarlanaGillard2214@gmail.com, ElvisLeatherwood1278@gmail.com, HellenMacrae0712@gmail.com, LezlieLuckey7094@gmail.com, MozelleReddy3840@gmail.com, OleneLedgerwood3654@gmail.com, ShandaCromer4960@gmail.com, VeniceSherry5610@gmail.com, RonCopher9843@gmail.com, ArmindaValentino6586@gmail.com, CarolannBronson4617@gmail.com, CharlynHaggerty1577@gmail.com, IsaacLinebaugh9546@gmail.com, ElbaFarr1276@gmail.com, AngelikaMarch9925@gmail.com, TylerGalbraith9779@gmail.com, MarylynnChauvin4173@gmail.com, LuisaOhm6420@gmail.com, BetteCarlos5624@gmail.com, RoccoBlubaugh1914@gmail.com, AlexandriaJantz3467@gmail.com, WinstonHemby7253@gmail.com, TamiJepson8335@gmail.com, AnamariaHeadrick7903@gmail.com, NereidaTruman9016@gmail.com, HipolitoRowlands4929@gmail.com, PorterMarcinkowski6594@gmail.com, BonnyForester7950@gmail.com, RuthaCrotty1764@gmail.com, DamionWysocki9147@gmail.com, ColtonMoschella8698@gmail.com, WayneBasler6942@gmail.com, JoieSly5758@gmail.com, TakishaDemo0463@gmail.com, ChasArline0812@gmail.com, JoyaBristol1484@gmail.com, NeidaVartanian0848@gmail.com, EllieDuca1079@gmail.com, AdelaSlusher1773@gmail.com, DaniellNicklas8998@gmail.com, JammieRapp6294@gmail.com, BessHugo8379@gmail.com, MarlinHolm9186@gmail.com, MignonCarnes1909@gmail.com, CareyBaley9974@gmail.com, HerschelSena4741@gmail.com, OraSuddeth1307@gmail.com, TedBroome1787@gmail.com, BirgitMcglade6409@gmail.com, HeidiPoplawski3633@gmail.com, CarmenIreland5525@gmail.com, NeliaAbrams8620@gmail.com, AdanCarden9027@gmail.com, LeannaMazer1235@gmail.com, KeshaShoop3740@gmail.com, ElzaAumick8395@gmail.com, MarkitaBrymer7321@gmail.com, JazmineMccolley4132@gmail.com, ScotHollis8426@gmail.com, MarcelinaKoger3137@gmail.com, NaomaWhitman5530@gmail.com, AlfrediaSemon0100@gmail.com, MiyokoPinto5432@gmail.com, IsauraMorton9001@gmail.com, LeiaAmico4089@gmail.com, SimonPolinsky7978@gmail.com, YulandaMarsden6146@gmail.com, ChloeFlorey0182@gmail.com, BerniceCorcoran1154@gmail.com, ChristineParkinson6954@gmail.com, MarlysMatteson1945@gmail.com, EstellaLavallie2298@gmail.com, MadieBhatti9814@gmail.com, DelphaTharrington9888@gmail.com, ElwoodCortez5872@gmail.com, SanjuanitaBrotzman9707@gmail.com, CelesteMahmood5635@gmail.com, BrigitteRahm2391@gmail.com, CorazonBohan2879@gmail.com, CynthiaGines6711@gmail.com, NobleKrom2799@gmail.com, RosalindDaniele3014@gmail.com, MargaretaKu9884@gmail.com, SherrieRivero5899@gmail.com, MandiSwartwood6426@gmail.com, RickyLatimer5417@gmail.com, ClaraVillegas9775@gmail.com, TyroneAntonio7136@gmail.com, NoahDeppen5278@gmail.com, NelleGoodlow2877@gmail.com, YeseniaTillett4254@gmail.com, LynellLando8106@gmail.com, LoreenMorel1989@gmail.com, ValentinaNitti1092@gmail.com, CaraRakowski1097@gmail.com, SilasChickering2101@gmail.com, MargueriteSchuman2081@gmail.com, ThuyDecamp9430@gmail.com, IanReising1886@gmail.com, RufusHanshaw6825@gmail.com, IrmaEncarnacion2873@gmail.com, LeomaMazzei2034@gmail.com, LateshaMarini8611@gmail.com, MallorySegarra2903@gmail.com, TorrieHarnois1022@gmail.com, ParkerForrest2558@gmail.com, JedFrazier6088@gmail.com, KimiSavard3616@gmail.com, LashayFranz1318@gmail.com]
17:54:38.933 [main] INFO api.AvailableMembersApi - Validating members for Survey ID: 8
17:54:38.936 [main] INFO api.AvailableMembersApi - Received response for survey ID 9: Status Code = 200
17:54:38.945 [main] INFO api.AvailableMembersApi - Available emails for survey ID 9: [MalissaArn0202@gmail.com, TeriVillalobos6990@gmail.com, YeseniaConte8292@gmail.com, MeghannFollowell6036@gmail.com, LeeHarlow6738@gmail.com, SalvatoreMonico6748@gmail.com, SunshineFocht0017@gmail.com, DainaMaine1358@gmail.com, OraHousand6876@gmail.com, TasiaMerritt2498@gmail.com, GregoryLucchesi4579@gmail.com, DrucillaWilhelm1088@gmail.com, JaquelynLevett2862@gmail.com, MarikoHadfield9920@gmail.com, MargaritoDerringer6053@gmail.com, SheritaArispe4106@gmail.com, EverettNorthup7669@gmail.com, WilhelminaHibdon9677@gmail.com, CarolinBlauser7632@gmail.com, LylaAlmanza0199@gmail.com, ChereGamino1550@gmail.com, FletaGiampaolo3754@gmail.com, CleotildeMcmiller8058@gmail.com, LashandaAbbott9174@gmail.com, JeffryDynes1098@gmail.com, ElnaPhelan2540@gmail.com, TemikaHuth9411@gmail.com, AdriannaFentress5065@gmail.com, TaynaRey4852@gmail.com, IkeClink7071@gmail.com, GaynellCroce7702@gmail.com, DarlenaFarrington7903@gmail.com, ZoeSolar4260@gmail.com, AnjanetteKrupp7724@gmail.com, JanieceSilvernail2745@gmail.com, IveyBuskey1353@gmail.com, ViolaBlackstock8664@gmail.com, ElaneMartinelli1121@gmail.com, RachellAnkrom0998@gmail.com, KylaKays1591@gmail.com, AltonSmedley5432@gmail.com, VoncileHayner2281@gmail.com, BebeLehmkuhl5703@gmail.com, InellRuoff2731@gmail.com, OnitaHolloway7718@gmail.com, DelmarTourville5884@gmail.com, AudryBerends0895@gmail.com, ZoraidaFaulkner5026@gmail.com, KelleeMaddy6483@gmail.com, FlorencioMuller2772@gmail.com, JoDettman4460@gmail.com, RosanneTrezza7663@gmail.com, MarylandBenedict6434@gmail.com, MirthaConine8554@gmail.com, KristinPonton2734@gmail.com, FlossiePangburn4203@gmail.com, YukoSteffes9115@gmail.com, DixieDarsey7418@gmail.com, KendrickPreston8153@gmail.com, CariPizzo2637@gmail.com, EllamaeTallon2542@gmail.com, AbbieKreidler2527@gmail.com, DustinArterburn6055@gmail.com, CatriceLenton4273@gmail.com, LailaHoldren0317@gmail.com, YangSoriano2861@gmail.com, JonShultis2071@gmail.com, MylesCooke7867@gmail.com, RhebaCorbett1709@gmail.com, XochitlCalderwood5941@gmail.com, LeilaOdle4383@gmail.com, JarvisMillar3472@gmail.com, LekishaHinnenkamp1017@gmail.com, AngeliaKeebler0114@gmail.com, ClementinaGormley2089@gmail.com, JoslynKeen8547@gmail.com, VerlaBearse3879@gmail.com, CassaundraLoar9453@gmail.com, JiLamarche1348@gmail.com, LilliamMcghie9513@gmail.com, AlonaRedel2262@gmail.com, HeidiGravelle3094@gmail.com, BuckSlawson5304@gmail.com, LindsayHenline2766@gmail.com, MimiWinsor6625@gmail.com, MaxineClauson3939@gmail.com, LenaGalusha7687@gmail.com, StacieAustria9018@gmail.com, CandisGapinski6348@gmail.com, CyrstalRobb5332@gmail.com, CorneliaLaney7638@gmail.com, JereRouth3497@gmail.com, ArchieBranning7218@gmail.com, TomiAthey0697@gmail.com, MathaBeard0636@gmail.com, BudMclarty0075@gmail.com, MarlanaGillard2214@gmail.com, ElvisLeatherwood1278@gmail.com, HellenMacrae0712@gmail.com, MeaghanMacinnis5645@gmail.com, LezlieLuckey7094@gmail.com, MozelleReddy3840@gmail.com, OleneLedgerwood3654@gmail.com, ShandaCromer4960@gmail.com, VeniceSherry5610@gmail.com, RonCopher9843@gmail.com, ArmindaValentino6586@gmail.com, CarolannBronson4617@gmail.com, CharlynHaggerty1577@gmail.com, IsaacLinebaugh9546@gmail.com, ElbaFarr1276@gmail.com, AngelikaMarch9925@gmail.com, TylerGalbraith9779@gmail.com, MarylynnChauvin4173@gmail.com, LuisaOhm6420@gmail.com, BetteCarlos5624@gmail.com, RoccoBlubaugh1914@gmail.com, AlexandriaJantz3467@gmail.com, WinstonHemby7253@gmail.com, TamiJepson8335@gmail.com, AnamariaHeadrick7903@gmail.com, NereidaTruman9016@gmail.com, HipolitoRowlands4929@gmail.com, BonnyForester7950@gmail.com, RuthaCrotty1764@gmail.com, DamionWysocki9147@gmail.com, ColtonMoschella8698@gmail.com, WayneBasler6942@gmail.com, JoieSly5758@gmail.com, TakishaDemo0463@gmail.com, ChasArline0812@gmail.com, JoyaBristol1484@gmail.com, NeidaVartanian0848@gmail.com, EllieDuca1079@gmail.com, AdelaSlusher1773@gmail.com, DaniellNicklas8998@gmail.com, JammieRapp6294@gmail.com, BessHugo8379@gmail.com, MarlinHolm9186@gmail.com, MignonCarnes1909@gmail.com, CareyBaley9974@gmail.com, MaddieMccusker6382@gmail.com, HerschelSena4741@gmail.com, OraSuddeth1307@gmail.com, TedBroome1787@gmail.com, BirgitMcglade6409@gmail.com, HeidiPoplawski3633@gmail.com, CarmenIreland5525@gmail.com, NeliaAbrams8620@gmail.com, AdanCarden9027@gmail.com, LeannaMazer1235@gmail.com, KeshaShoop3740@gmail.com, ElzaAumick8395@gmail.com, TerenceGrothe7967@gmail.com, MarkitaBrymer7321@gmail.com, JazmineMccolley4132@gmail.com, AlphaHundley6257@gmail.com, ScotHollis8426@gmail.com, MarcelinaKoger3137@gmail.com, AlfrediaSemon0100@gmail.com, IsauraMorton9001@gmail.com, LeiaAmico4089@gmail.com, SimonPolinsky7978@gmail.com, YulandaMarsden6146@gmail.com, BerniceCorcoran1154@gmail.com, ChristineParkinson6954@gmail.com, MarlysMatteson1945@gmail.com, EstellaLavallie2298@gmail.com, MadieBhatti9814@gmail.com, ElwoodCortez5872@gmail.com, SanjuanitaBrotzman9707@gmail.com, CelesteMahmood5635@gmail.com, BrigitteRahm2391@gmail.com, CorazonBohan2879@gmail.com, CynthiaGines6711@gmail.com, NobleKrom2799@gmail.com, RosalindDaniele3014@gmail.com, MandiSwartwood6426@gmail.com, RickyLatimer5417@gmail.com, ClaraVillegas9775@gmail.com, TyroneAntonio7136@gmail.com, NoahDeppen5278@gmail.com, NelleGoodlow2877@gmail.com, YeseniaTillett4254@gmail.com, LynellLando8106@gmail.com, LoreenMorel1989@gmail.com, ValentinaNitti1092@gmail.com, CaraRakowski1097@gmail.com, SilasChickering2101@gmail.com, MargueriteSchuman2081@gmail.com, ThuyDecamp9430@gmail.com, IanReising1886@gmail.com, IrmaEncarnacion2873@gmail.com, LateshaMarini8611@gmail.com, MallorySegarra2903@gmail.com, TorrieHarnois1022@gmail.com, ParkerForrest2558@gmail.com, JedFrazier6088@gmail.com, LashayFranz1318@gmail.com]
17:54:38.945 [main] INFO api.AvailableMembersApi - Validating members for Survey ID: 9
17:54:38.948 [main] INFO api.AvailableMembersApi - Received response for survey ID 10: Status Code = 200
17:54:38.960 [main] INFO api.AvailableMembersApi - Available emails for survey ID 10: [MalissaArn0202@gmail.com, TeriVillalobos6990@gmail.com, YeseniaConte8292@gmail.com, MeghannFollowell6036@gmail.com, LeeHarlow6738@gmail.com, SalvatoreMonico6748@gmail.com, SunshineFocht0017@gmail.com, DainaMaine1358@gmail.com, OraHousand6876@gmail.com, TasiaMerritt2498@gmail.com, GregoryLucchesi4579@gmail.com, DrucillaWilhelm1088@gmail.com, JaquelynLevett2862@gmail.com, JanitaStroman5652@gmail.com, MargaritoDerringer6053@gmail.com, SheritaArispe4106@gmail.com, MicahShirley0805@gmail.com, WilhelminaHibdon9677@gmail.com, CarolinBlauser7632@gmail.com, LylaAlmanza0199@gmail.com, FletaGiampaolo3754@gmail.com, CleotildeMcmiller8058@gmail.com, LashandaAbbott9174@gmail.com, JeffryDynes1098@gmail.com, VerniceSoto3260@gmail.com, ElnaPhelan2540@gmail.com, TemikaHuth9411@gmail.com, AdriannaFentress5065@gmail.com, IkeClink7071@gmail.com, GaynellCroce7702@gmail.com, DarlenaFarrington7903@gmail.com, CherrylCarolina2273@gmail.com, ZoeSolar4260@gmail.com, JanieceSilvernail2745@gmail.com, IveyBuskey1353@gmail.com, ViolaBlackstock8664@gmail.com, ElaneMartinelli1121@gmail.com, RachellAnkrom0998@gmail.com, KylaKays1591@gmail.com, AltonSmedley5432@gmail.com, BebeLehmkuhl5703@gmail.com, InellRuoff2731@gmail.com, OnitaHolloway7718@gmail.com, NormanCastilleja4018@gmail.com, DelmarTourville5884@gmail.com, AudryBerends0895@gmail.com, ZoraidaFaulkner5026@gmail.com, KelleeMaddy6483@gmail.com, FlorencioMuller2772@gmail.com, JoDettman4460@gmail.com, RosanneTrezza7663@gmail.com, KristinPonton2734@gmail.com, FlossiePangburn4203@gmail.com, YukoSteffes9115@gmail.com, DixieDarsey7418@gmail.com, KendrickPreston8153@gmail.com, CariPizzo2637@gmail.com, AbbieKreidler2527@gmail.com, DustinArterburn6055@gmail.com, CatriceLenton4273@gmail.com, LailaHoldren0317@gmail.com, YangSoriano2861@gmail.com, JonShultis2071@gmail.com, JulianClapper5906@gmail.com, MylesCooke7867@gmail.com, RhebaCorbett1709@gmail.com, MarcelleHerzog9009@gmail.com, XochitlCalderwood5941@gmail.com, LeilaOdle4383@gmail.com, AbbyPeevy0877@gmail.com, JarvisMillar3472@gmail.com, AngeliaKeebler0114@gmail.com, ClementinaGormley2089@gmail.com, JoslynKeen8547@gmail.com, VerlaBearse3879@gmail.com, CassaundraLoar9453@gmail.com, LilliamMcghie9513@gmail.com, AlonaRedel2262@gmail.com, HeidiGravelle3094@gmail.com, BuckSlawson5304@gmail.com, LindsayHenline2766@gmail.com, MimiWinsor6625@gmail.com, MaxineClauson3939@gmail.com, LenaGalusha7687@gmail.com, TalishaGeise5594@gmail.com, StacieAustria9018@gmail.com, GeorgiaCincotta6796@gmail.com, CandisGapinski6348@gmail.com, CyrstalRobb5332@gmail.com, CorneliaLaney7638@gmail.com, JereRouth3497@gmail.com, ArchieBranning7218@gmail.com, TomiAthey0697@gmail.com, MathaBeard0636@gmail.com, BudMclarty0075@gmail.com, ElvisLeatherwood1278@gmail.com, HellenMacrae0712@gmail.com, MeaghanMacinnis5645@gmail.com, LezlieLuckey7094@gmail.com, MozelleReddy3840@gmail.com, OleneLedgerwood3654@gmail.com, ShandaCromer4960@gmail.com, VeniceSherry5610@gmail.com, RonCopher9843@gmail.com, ArmindaValentino6586@gmail.com, CarolannBronson4617@gmail.com, CharlynHaggerty1577@gmail.com, IsaacLinebaugh9546@gmail.com, ElbaFarr1276@gmail.com, AngelikaMarch9925@gmail.com, TylerGalbraith9779@gmail.com, MarylynnChauvin4173@gmail.com, LuisaOhm6420@gmail.com, BetteCarlos5624@gmail.com, RoccoBlubaugh1914@gmail.com, AlexandriaJantz3467@gmail.com, WinstonHemby7253@gmail.com, TamiJepson8335@gmail.com, AnamariaHeadrick7903@gmail.com, NereidaTruman9016@gmail.com, HipolitoRowlands4929@gmail.com, PorterMarcinkowski6594@gmail.com, BonnyForester7950@gmail.com, RuthaCrotty1764@gmail.com, DamionWysocki9147@gmail.com, ColtonMoschella8698@gmail.com, WayneBasler6942@gmail.com, JoieSly5758@gmail.com, TakishaDemo0463@gmail.com, ChasArline0812@gmail.com, JoyaBristol1484@gmail.com, NeidaVartanian0848@gmail.com, EllieDuca1079@gmail.com, AdelaSlusher1773@gmail.com, DaniellNicklas8998@gmail.com, JammieRapp6294@gmail.com, BessHugo8379@gmail.com, MarlinHolm9186@gmail.com, MignonCarnes1909@gmail.com, DaniStroop2632@gmail.com, MaddieMccusker6382@gmail.com, HerschelSena4741@gmail.com, OraSuddeth1307@gmail.com, TedBroome1787@gmail.com, BirgitMcglade6409@gmail.com, HeidiPoplawski3633@gmail.com, CarmenIreland5525@gmail.com, NeliaAbrams8620@gmail.com, AdanCarden9027@gmail.com, LeannaMazer1235@gmail.com, KeshaShoop3740@gmail.com, ElzaAumick8395@gmail.com, TerenceGrothe7967@gmail.com, MarkitaBrymer7321@gmail.com, JazmineMccolley4132@gmail.com, AlphaHundley6257@gmail.com, ScotHollis8426@gmail.com, MarcelinaKoger3137@gmail.com, NaomaWhitman5530@gmail.com, AlfrediaSemon0100@gmail.com, MiyokoPinto5432@gmail.com, IsauraMorton9001@gmail.com, SimonPolinsky7978@gmail.com, YulandaMarsden6146@gmail.com, ChloeFlorey0182@gmail.com, BerniceCorcoran1154@gmail.com, ChristineParkinson6954@gmail.com, MarlysMatteson1945@gmail.com, EstellaLavallie2298@gmail.com, MadieBhatti9814@gmail.com, DelphaTharrington9888@gmail.com, ElwoodCortez5872@gmail.com, SanjuanitaBrotzman9707@gmail.com, CelesteMahmood5635@gmail.com, FlorHallock7282@gmail.com, CorazonBohan2879@gmail.com, CynthiaGines6711@gmail.com, NobleKrom2799@gmail.com, RosalindDaniele3014@gmail.com, MargaretaKu9884@gmail.com, SherrieRivero5899@gmail.com, MandiSwartwood6426@gmail.com, RickyLatimer5417@gmail.com, ClaraVillegas9775@gmail.com, TyroneAntonio7136@gmail.com, NoahDeppen5278@gmail.com, NelleGoodlow2877@gmail.com, YeseniaTillett4254@gmail.com, LynellLando8106@gmail.com, LoreenMorel1989@gmail.com, ValentinaNitti1092@gmail.com, CaraRakowski1097@gmail.com, SilasChickering2101@gmail.com, MargueriteSchuman2081@gmail.com, ThuyDecamp9430@gmail.com, IanReising1886@gmail.com, RufusHanshaw6825@gmail.com, IrmaEncarnacion2873@gmail.com, LeomaMazzei2034@gmail.com, LateshaMarini8611@gmail.com, MallorySegarra2903@gmail.com, TorrieHarnois1022@gmail.com, ParkerForrest2558@gmail.com, LashayFranz1318@gmail.com]
17:54:38.960 [main] INFO api.AvailableMembersApi - Validating members for Survey ID: 10
17:54:38.963 [main] INFO api.AvailableMembersApi - Received response for survey ID 11: Status Code = 200
17:54:38.972 [main] INFO api.AvailableMembersApi - Available emails for survey ID 11: [MalissaArn0202@gmail.com, TeriVillalobos6990@gmail.com, YeseniaConte8292@gmail.com, MeghannFollowell6036@gmail.com, LeeHarlow6738@gmail.com, SalvatoreMonico6748@gmail.com, SunshineFocht0017@gmail.com, DainaMaine1358@gmail.com, OraHousand6876@gmail.com, TasiaMerritt2498@gmail.com, GregoryLucchesi4579@gmail.com, DrucillaWilhelm1088@gmail.com, JaquelynLevett2862@gmail.com, MarikoHadfield9920@gmail.com, SheritaArispe4106@gmail.com, EverettNorthup7669@gmail.com, MicahShirley0805@gmail.com, WilhelminaHibdon9677@gmail.com, LylaAlmanza0199@gmail.com, FletaGiampaolo3754@gmail.com, CleotildeMcmiller8058@gmail.com, SaraiMorelli9034@gmail.com, LashandaAbbott9174@gmail.com, JeffryDynes1098@gmail.com, VerniceSoto3260@gmail.com, ElnaPhelan2540@gmail.com, AdriannaFentress5065@gmail.com, TaynaRey4852@gmail.com, IkeClink7071@gmail.com, GaynellCroce7702@gmail.com, DarlenaFarrington7903@gmail.com, CherrylCarolina2273@gmail.com, ZoeSolar4260@gmail.com, AnjanetteKrupp7724@gmail.com, JanieceSilvernail2745@gmail.com, IveyBuskey1353@gmail.com, ViolaBlackstock8664@gmail.com, ElaneMartinelli1121@gmail.com, RachellAnkrom0998@gmail.com, KylaKays1591@gmail.com, AltonSmedley5432@gmail.com, VoncileHayner2281@gmail.com, NormanCastilleja4018@gmail.com, DelmarTourville5884@gmail.com, AudryBerends0895@gmail.com, ZoraidaFaulkner5026@gmail.com, FlorencioMuller2772@gmail.com, JoDettman4460@gmail.com, RosanneTrezza7663@gmail.com, MarylandBenedict6434@gmail.com, MirthaConine8554@gmail.com, KristinPonton2734@gmail.com, FlossiePangburn4203@gmail.com, YukoSteffes9115@gmail.com, DixieDarsey7418@gmail.com, KendrickPreston8153@gmail.com, CariPizzo2637@gmail.com, EllamaeTallon2542@gmail.com, CatriceLenton4273@gmail.com, LailaHoldren0317@gmail.com, YangSoriano2861@gmail.com, JonShultis2071@gmail.com, JulianClapper5906@gmail.com, MylesCooke7867@gmail.com, RhebaCorbett1709@gmail.com, MarcelleHerzog9009@gmail.com, XochitlCalderwood5941@gmail.com, LeilaOdle4383@gmail.com, AbbyPeevy0877@gmail.com, JarvisMillar3472@gmail.com, LekishaHinnenkamp1017@gmail.com, AngeliaKeebler0114@gmail.com, JoslynKeen8547@gmail.com, VerlaBearse3879@gmail.com, CassaundraLoar9453@gmail.com, JiLamarche1348@gmail.com, AlonaRedel2262@gmail.com, HeidiGravelle3094@gmail.com, BuckSlawson5304@gmail.com, MimiWinsor6625@gmail.com, MaxineClauson3939@gmail.com, LenaGalusha7687@gmail.com, TalishaGeise5594@gmail.com, StacieAustria9018@gmail.com, GeorgiaCincotta6796@gmail.com, CandisGapinski6348@gmail.com, CyrstalRobb5332@gmail.com, CorneliaLaney7638@gmail.com, JereRouth3497@gmail.com, ArchieBranning7218@gmail.com, MathaBeard0636@gmail.com, BudMclarty0075@gmail.com, ElvisLeatherwood1278@gmail.com, HellenMacrae0712@gmail.com, MeaghanMacinnis5645@gmail.com, LezlieLuckey7094@gmail.com, MozelleReddy3840@gmail.com, OleneLedgerwood3654@gmail.com, ShandaCromer4960@gmail.com, VeniceSherry5610@gmail.com, RonCopher9843@gmail.com, ArmindaValentino6586@gmail.com, CarolannBronson4617@gmail.com, CharlynHaggerty1577@gmail.com, IsaacLinebaugh9546@gmail.com, ElbaFarr1276@gmail.com, AngelikaMarch9925@gmail.com, TylerGalbraith9779@gmail.com, MarylynnChauvin4173@gmail.com, LuisaOhm6420@gmail.com, BetteCarlos5624@gmail.com, AlexandriaJantz3467@gmail.com, WinstonHemby7253@gmail.com, TamiJepson8335@gmail.com, AnamariaHeadrick7903@gmail.com, NereidaTruman9016@gmail.com, HipolitoRowlands4929@gmail.com, PorterMarcinkowski6594@gmail.com, BonnyForester7950@gmail.com, RuthaCrotty1764@gmail.com, DamionWysocki9147@gmail.com, WayneBasler6942@gmail.com, JoieSly5758@gmail.com, TakishaDemo0463@gmail.com, ChasArline0812@gmail.com, NeidaVartanian0848@gmail.com, EllieDuca1079@gmail.com, AdelaSlusher1773@gmail.com, DaniellNicklas8998@gmail.com, JammieRapp6294@gmail.com, BessHugo8379@gmail.com, MarlinHolm9186@gmail.com, MignonCarnes1909@gmail.com, CareyBaley9974@gmail.com, DaniStroop2632@gmail.com, HerschelSena4741@gmail.com, OraSuddeth1307@gmail.com, TedBroome1787@gmail.com, BirgitMcglade6409@gmail.com, HeidiPoplawski3633@gmail.com, CarmenIreland5525@gmail.com, NeliaAbrams8620@gmail.com, AdanCarden9027@gmail.com, KeshaShoop3740@gmail.com, ElzaAumick8395@gmail.com, TerenceGrothe7967@gmail.com, MarkitaBrymer7321@gmail.com, JazmineMccolley4132@gmail.com, AlphaHundley6257@gmail.com, NaomaWhitman5530@gmail.com, AlfrediaSemon0100@gmail.com, MiyokoPinto5432@gmail.com, IsauraMorton9001@gmail.com, LeiaAmico4089@gmail.com, SimonPolinsky7978@gmail.com, YulandaMarsden6146@gmail.com, BerniceCorcoran1154@gmail.com, ChristineParkinson6954@gmail.com, MarlysMatteson1945@gmail.com, EstellaLavallie2298@gmail.com, MadieBhatti9814@gmail.com, DelphaTharrington9888@gmail.com, ElwoodCortez5872@gmail.com, SanjuanitaBrotzman9707@gmail.com, CelesteMahmood5635@gmail.com, FlorHallock7282@gmail.com, BrigitteRahm2391@gmail.com, CorazonBohan2879@gmail.com, CynthiaGines6711@gmail.com, NobleKrom2799@gmail.com, RosalindDaniele3014@gmail.com, MargaretaKu9884@gmail.com, SherrieRivero5899@gmail.com, MandiSwartwood6426@gmail.com, RickyLatimer5417@gmail.com, ClaraVillegas9775@gmail.com, TyroneAntonio7136@gmail.com, NoahDeppen5278@gmail.com, NelleGoodlow2877@gmail.com, YeseniaTillett4254@gmail.com, LynellLando8106@gmail.com, LoreenMorel1989@gmail.com, ValentinaNitti1092@gmail.com, CaraRakowski1097@gmail.com, SilasChickering2101@gmail.com, MargueriteSchuman2081@gmail.com, ThuyDecamp9430@gmail.com, IanReising1886@gmail.com, RufusHanshaw6825@gmail.com, IrmaEncarnacion2873@gmail.com, LeomaMazzei2034@gmail.com, MallorySegarra2903@gmail.com, TorrieHarnois1022@gmail.com, ParkerForrest2558@gmail.com, JedFrazier6088@gmail.com, KimiSavard3616@gmail.com, LashayFranz1318@gmail.com]
17:54:38.972 [main] INFO api.AvailableMembersApi - Validating members for Survey ID: 11
17:54:38.975 [main] INFO api.AvailableMembersApi - Received response for survey ID 12: Status Code = 200
17:54:38.984 [main] INFO api.AvailableMembersApi - Available emails for survey ID 12: [MalissaArn0202@gmail.com, TeriVillalobos6990@gmail.com, YeseniaConte8292@gmail.com, MeghannFollowell6036@gmail.com, LeeHarlow6738@gmail.com, SunshineFocht0017@gmail.com, DainaMaine1358@gmail.com, OraHousand6876@gmail.com, GregoryLucchesi4579@gmail.com, DrucillaWilhelm1088@gmail.com, JaquelynLevett2862@gmail.com, MarikoHadfield9920@gmail.com, JanitaStroman5652@gmail.com, MargaritoDerringer6053@gmail.com, SheritaArispe4106@gmail.com, EverettNorthup7669@gmail.com, MicahShirley0805@gmail.com, WilhelminaHibdon9677@gmail.com, CarolinBlauser7632@gmail.com, LylaAlmanza0199@gmail.com, ChereGamino1550@gmail.com, FletaGiampaolo3754@gmail.com, CleotildeMcmiller8058@gmail.com, SaraiMorelli9034@gmail.com, LashandaAbbott9174@gmail.com, VerniceSoto3260@gmail.com, ElnaPhelan2540@gmail.com, TemikaHuth9411@gmail.com, AdriannaFentress5065@gmail.com, TaynaRey4852@gmail.com, IkeClink7071@gmail.com, GaynellCroce7702@gmail.com, CherrylCarolina2273@gmail.com, ZoeSolar4260@gmail.com, AnjanetteKrupp7724@gmail.com, JanieceSilvernail2745@gmail.com, IveyBuskey1353@gmail.com, ViolaBlackstock8664@gmail.com, ElaneMartinelli1121@gmail.com, RachellAnkrom0998@gmail.com, KylaKays1591@gmail.com, AltonSmedley5432@gmail.com, VoncileHayner2281@gmail.com, BebeLehmkuhl5703@gmail.com, InellRuoff2731@gmail.com, OnitaHolloway7718@gmail.com, NormanCastilleja4018@gmail.com, DelmarTourville5884@gmail.com, AudryBerends0895@gmail.com, ZoraidaFaulkner5026@gmail.com, KelleeMaddy6483@gmail.com, FlorencioMuller2772@gmail.com, JoDettman4460@gmail.com, MarylandBenedict6434@gmail.com, MirthaConine8554@gmail.com, KristinPonton2734@gmail.com, FlossiePangburn4203@gmail.com, YukoSteffes9115@gmail.com, DixieDarsey7418@gmail.com, KendrickPreston8153@gmail.com, CariPizzo2637@gmail.com, EllamaeTallon2542@gmail.com, AbbieKreidler2527@gmail.com, DustinArterburn6055@gmail.com, CatriceLenton4273@gmail.com, LailaHoldren0317@gmail.com, YangSoriano2861@gmail.com, JonShultis2071@gmail.com, JulianClapper5906@gmail.com, MylesCooke7867@gmail.com, RhebaCorbett1709@gmail.com, MarcelleHerzog9009@gmail.com, XochitlCalderwood5941@gmail.com, LeilaOdle4383@gmail.com, AbbyPeevy0877@gmail.com, JarvisMillar3472@gmail.com, LekishaHinnenkamp1017@gmail.com, AngeliaKeebler0114@gmail.com, ClementinaGormley2089@gmail.com, JoslynKeen8547@gmail.com, VerlaBearse3879@gmail.com, CassaundraLoar9453@gmail.com, LilliamMcghie9513@gmail.com, AlonaRedel2262@gmail.com, HeidiGravelle3094@gmail.com, BuckSlawson5304@gmail.com, LindsayHenline2766@gmail.com, MimiWinsor6625@gmail.com, MaxineClauson3939@gmail.com, LenaGalusha7687@gmail.com, TalishaGeise5594@gmail.com, StacieAustria9018@gmail.com, GeorgiaCincotta6796@gmail.com, CandisGapinski6348@gmail.com, CyrstalRobb5332@gmail.com, JereRouth3497@gmail.com, ArchieBranning7218@gmail.com, TomiAthey0697@gmail.com, MathaBeard0636@gmail.com, BudMclarty0075@gmail.com, MarlanaGillard2214@gmail.com, ElvisLeatherwood1278@gmail.com, MeaghanMacinnis5645@gmail.com, LezlieLuckey7094@gmail.com, MozelleReddy3840@gmail.com, OleneLedgerwood3654@gmail.com, ShandaCromer4960@gmail.com, VeniceSherry5610@gmail.com, RonCopher9843@gmail.com, ArmindaValentino6586@gmail.com, CarolannBronson4617@gmail.com, CharlynHaggerty1577@gmail.com, ElbaFarr1276@gmail.com, AngelikaMarch9925@gmail.com, TylerGalbraith9779@gmail.com, MarylynnChauvin4173@gmail.com, LuisaOhm6420@gmail.com, BetteCarlos5624@gmail.com, AlexandriaJantz3467@gmail.com, WinstonHemby7253@gmail.com, TamiJepson8335@gmail.com, AnamariaHeadrick7903@gmail.com, NereidaTruman9016@gmail.com, PorterMarcinkowski6594@gmail.com, RuthaCrotty1764@gmail.com, DamionWysocki9147@gmail.com, ColtonMoschella8698@gmail.com, WayneBasler6942@gmail.com, JoieSly5758@gmail.com, TakishaDemo0463@gmail.com, ChasArline0812@gmail.com, JoyaBristol1484@gmail.com, NeidaVartanian0848@gmail.com, EllieDuca1079@gmail.com, AdelaSlusher1773@gmail.com, DaniellNicklas8998@gmail.com, BessHugo8379@gmail.com, MarlinHolm9186@gmail.com, MignonCarnes1909@gmail.com, CareyBaley9974@gmail.com, MaddieMccusker6382@gmail.com, HerschelSena4741@gmail.com, OraSuddeth1307@gmail.com, TedBroome1787@gmail.com, BirgitMcglade6409@gmail.com, HeidiPoplawski3633@gmail.com, CarmenIreland5525@gmail.com, NeliaAbrams8620@gmail.com, AdanCarden9027@gmail.com, LeannaMazer1235@gmail.com, KeshaShoop3740@gmail.com, ElzaAumick8395@gmail.com, TerenceGrothe7967@gmail.com, MarkitaBrymer7321@gmail.com, JazmineMccolley4132@gmail.com, AlphaHundley6257@gmail.com, ScotHollis8426@gmail.com, MarcelinaKoger3137@gmail.com, NaomaWhitman5530@gmail.com, AlfrediaSemon0100@gmail.com, IsauraMorton9001@gmail.com, LeiaAmico4089@gmail.com, SimonPolinsky7978@gmail.com, YulandaMarsden6146@gmail.com, BerniceCorcoran1154@gmail.com, ChristineParkinson6954@gmail.com, MarlysMatteson1945@gmail.com, EstellaLavallie2298@gmail.com, MadieBhatti9814@gmail.com, DelphaTharrington9888@gmail.com, ElwoodCortez5872@gmail.com, SanjuanitaBrotzman9707@gmail.com, CelesteMahmood5635@gmail.com, FlorHallock7282@gmail.com, BrigitteRahm2391@gmail.com, CorazonBohan2879@gmail.com, CynthiaGines6711@gmail.com, NobleKrom2799@gmail.com, RosalindDaniele3014@gmail.com, MandiSwartwood6426@gmail.com, RickyLatimer5417@gmail.com, ClaraVillegas9775@gmail.com, TyroneAntonio7136@gmail.com, NoahDeppen5278@gmail.com, NelleGoodlow2877@gmail.com, YeseniaTillett4254@gmail.com, LynellLando8106@gmail.com, LoreenMorel1989@gmail.com, ValentinaNitti1092@gmail.com, CaraRakowski1097@gmail.com, SilasChickering2101@gmail.com, MargueriteSchuman2081@gmail.com, ThuyDecamp9430@gmail.com, IanReising1886@gmail.com, IrmaEncarnacion2873@gmail.com, LateshaMarini8611@gmail.com, MallorySegarra2903@gmail.com, TorrieHarnois1022@gmail.com, ParkerForrest2558@gmail.com, JedFrazier6088@gmail.com, KimiSavard3616@gmail.com, LashayFranz1318@gmail.com]
17:54:38.984 [main] INFO api.AvailableMembersApi - Validating members for Survey ID: 12
17:54:38.987 [main] INFO api.AvailableMembersApi - Received response for survey ID 13: Status Code = 200
17:54:38.995 [main] INFO api.AvailableMembersApi - Available emails for survey ID 13: [MalissaArn0202@gmail.com, TeriVillalobos6990@gmail.com, MeghannFollowell6036@gmail.com, LeeHarlow6738@gmail.com, SalvatoreMonico6748@gmail.com, SunshineFocht0017@gmail.com, DainaMaine1358@gmail.com, OraHousand6876@gmail.com, TasiaMerritt2498@gmail.com, GregoryLucchesi4579@gmail.com, JaquelynLevett2862@gmail.com, MarikoHadfield9920@gmail.com, JanitaStroman5652@gmail.com, MargaritoDerringer6053@gmail.com, SheritaArispe4106@gmail.com, EverettNorthup7669@gmail.com, MicahShirley0805@gmail.com, WilhelminaHibdon9677@gmail.com, CarolinBlauser7632@gmail.com, LylaAlmanza0199@gmail.com, ChereGamino1550@gmail.com, FletaGiampaolo3754@gmail.com, SaraiMorelli9034@gmail.com, LashandaAbbott9174@gmail.com, JeffryDynes1098@gmail.com, VerniceSoto3260@gmail.com, ElnaPhelan2540@gmail.com, TemikaHuth9411@gmail.com, AdriannaFentress5065@gmail.com, TaynaRey4852@gmail.com, IkeClink7071@gmail.com, GaynellCroce7702@gmail.com, DarlenaFarrington7903@gmail.com, CherrylCarolina2273@gmail.com, ZoeSolar4260@gmail.com, AnjanetteKrupp7724@gmail.com, JanieceSilvernail2745@gmail.com, IveyBuskey1353@gmail.com, ViolaBlackstock8664@gmail.com, ElaneMartinelli1121@gmail.com, RachellAnkrom0998@gmail.com, AltonSmedley5432@gmail.com, BebeLehmkuhl5703@gmail.com, InellRuoff2731@gmail.com, OnitaHolloway7718@gmail.com, NormanCastilleja4018@gmail.com, AudryBerends0895@gmail.com, ZoraidaFaulkner5026@gmail.com, KelleeMaddy6483@gmail.com, FlorencioMuller2772@gmail.com, JoDettman4460@gmail.com, RosanneTrezza7663@gmail.com, MarylandBenedict6434@gmail.com, MirthaConine8554@gmail.com, KristinPonton2734@gmail.com, FlossiePangburn4203@gmail.com, YukoSteffes9115@gmail.com, DixieDarsey7418@gmail.com, KendrickPreston8153@gmail.com, AbbieKreidler2527@gmail.com, DustinArterburn6055@gmail.com, CatriceLenton4273@gmail.com, LailaHoldren0317@gmail.com, YangSoriano2861@gmail.com, JonShultis2071@gmail.com, MylesCooke7867@gmail.com, RhebaCorbett1709@gmail.com, MarcelleHerzog9009@gmail.com, XochitlCalderwood5941@gmail.com, LeilaOdle4383@gmail.com, AbbyPeevy0877@gmail.com, JarvisMillar3472@gmail.com, LekishaHinnenkamp1017@gmail.com, AngeliaKeebler0114@gmail.com, ClementinaGormley2089@gmail.com, JoslynKeen8547@gmail.com, VerlaBearse3879@gmail.com, CassaundraLoar9453@gmail.com, JiLamarche1348@gmail.com, AlonaRedel2262@gmail.com, HeidiGravelle3094@gmail.com, BuckSlawson5304@gmail.com, LindsayHenline2766@gmail.com, MimiWinsor6625@gmail.com, MaxineClauson3939@gmail.com, LenaGalusha7687@gmail.com, TalishaGeise5594@gmail.com, StacieAustria9018@gmail.com, GeorgiaCincotta6796@gmail.com, CandisGapinski6348@gmail.com, CyrstalRobb5332@gmail.com, CorneliaLaney7638@gmail.com, JereRouth3497@gmail.com, ArchieBranning7218@gmail.com, TomiAthey0697@gmail.com, MathaBeard0636@gmail.com, BudMclarty0075@gmail.com, MarlanaGillard2214@gmail.com, ElvisLeatherwood1278@gmail.com, HellenMacrae0712@gmail.com, MeaghanMacinnis5645@gmail.com, LezlieLuckey7094@gmail.com, MozelleReddy3840@gmail.com, OleneLedgerwood3654@gmail.com, RonCopher9843@gmail.com, CarolannBronson4617@gmail.com, CharlynHaggerty1577@gmail.com, AngelikaMarch9925@gmail.com, TylerGalbraith9779@gmail.com, MarylynnChauvin4173@gmail.com, LuisaOhm6420@gmail.com, BetteCarlos5624@gmail.com, RoccoBlubaugh1914@gmail.com, AlexandriaJantz3467@gmail.com, WinstonHemby7253@gmail.com, TamiJepson8335@gmail.com, AnamariaHeadrick7903@gmail.com, NereidaTruman9016@gmail.com, HipolitoRowlands4929@gmail.com, PorterMarcinkowski6594@gmail.com, BonnyForester7950@gmail.com, RuthaCrotty1764@gmail.com, DamionWysocki9147@gmail.com, ColtonMoschella8698@gmail.com, WayneBasler6942@gmail.com, JoieSly5758@gmail.com, ChasArline0812@gmail.com, JoyaBristol1484@gmail.com, NeidaVartanian0848@gmail.com, EllieDuca1079@gmail.com, AdelaSlusher1773@gmail.com, DaniellNicklas8998@gmail.com, JammieRapp6294@gmail.com, BessHugo8379@gmail.com, MarlinHolm9186@gmail.com, DaniStroop2632@gmail.com, MaddieMccusker6382@gmail.com, HerschelSena4741@gmail.com, OraSuddeth1307@gmail.com, BirgitMcglade6409@gmail.com, HeidiPoplawski3633@gmail.com, CarmenIreland5525@gmail.com, NeliaAbrams8620@gmail.com, LeannaMazer1235@gmail.com, KeshaShoop3740@gmail.com, ElzaAumick8395@gmail.com, TerenceGrothe7967@gmail.com, JazmineMccolley4132@gmail.com, AlphaHundley6257@gmail.com, ScotHollis8426@gmail.com, MarcelinaKoger3137@gmail.com, NaomaWhitman5530@gmail.com, AlfrediaSemon0100@gmail.com, MiyokoPinto5432@gmail.com, IsauraMorton9001@gmail.com, LeiaAmico4089@gmail.com, SimonPolinsky7978@gmail.com, ChloeFlorey0182@gmail.com, BerniceCorcoran1154@gmail.com, ChristineParkinson6954@gmail.com, MarlysMatteson1945@gmail.com, EstellaLavallie2298@gmail.com, DelphaTharrington9888@gmail.com, ElwoodCortez5872@gmail.com, SanjuanitaBrotzman9707@gmail.com, CelesteMahmood5635@gmail.com, FlorHallock7282@gmail.com, BrigitteRahm2391@gmail.com, CorazonBohan2879@gmail.com, NobleKrom2799@gmail.com, RosalindDaniele3014@gmail.com, MargaretaKu9884@gmail.com, SherrieRivero5899@gmail.com, MandiSwartwood6426@gmail.com, RickyLatimer5417@gmail.com, ClaraVillegas9775@gmail.com, TyroneAntonio7136@gmail.com, NoahDeppen5278@gmail.com, NelleGoodlow2877@gmail.com, YeseniaTillett4254@gmail.com, LynellLando8106@gmail.com, LoreenMorel1989@gmail.com, ValentinaNitti1092@gmail.com, CaraRakowski1097@gmail.com, SilasChickering2101@gmail.com, MargueriteSchuman2081@gmail.com, ThuyDecamp9430@gmail.com, IanReising1886@gmail.com, RufusHanshaw6825@gmail.com, IrmaEncarnacion2873@gmail.com, LeomaMazzei2034@gmail.com, LateshaMarini8611@gmail.com, MallorySegarra2903@gmail.com, TorrieHarnois1022@gmail.com, ParkerForrest2558@gmail.com, JedFrazier6088@gmail.com, KimiSavard3616@gmail.com, LashayFranz1318@gmail.com]
17:54:38.995 [main] INFO api.AvailableMembersApi - Validating members for Survey ID: 13
17:54:38.998 [main] INFO api.AvailableMembersApi - Received response for survey ID 14: Status Code = 200
17:54:39.006 [main] INFO api.AvailableMembersApi - Available emails for survey ID 14: [MalissaArn0202@gmail.com, TeriVillalobos6990@gmail.com, YeseniaConte8292@gmail.com, MeghannFollowell6036@gmail.com, LeeHarlow6738@gmail.com, SalvatoreMonico6748@gmail.com, SunshineFocht0017@gmail.com, DainaMaine1358@gmail.com, OraHousand6876@gmail.com, TasiaMerritt2498@gmail.com, GregoryLucchesi4579@gmail.com, DrucillaWilhelm1088@gmail.com, JaquelynLevett2862@gmail.com, MarikoHadfield9920@gmail.com, JanitaStroman5652@gmail.com, MargaritoDerringer6053@gmail.com, SheritaArispe4106@gmail.com, EverettNorthup7669@gmail.com, MicahShirley0805@gmail.com, CarolinBlauser7632@gmail.com, LylaAlmanza0199@gmail.com, ChereGamino1550@gmail.com, CleotildeMcmiller8058@gmail.com, SaraiMorelli9034@gmail.com, LashandaAbbott9174@gmail.com, JeffryDynes1098@gmail.com, ElnaPhelan2540@gmail.com, TemikaHuth9411@gmail.com, AdriannaFentress5065@gmail.com, TaynaRey4852@gmail.com, IkeClink7071@gmail.com, GaynellCroce7702@gmail.com, DarlenaFarrington7903@gmail.com, CherrylCarolina2273@gmail.com, ZoeSolar4260@gmail.com, AnjanetteKrupp7724@gmail.com, IveyBuskey1353@gmail.com, ElaneMartinelli1121@gmail.com, RachellAnkrom0998@gmail.com, KylaKays1591@gmail.com, AltonSmedley5432@gmail.com, VoncileHayner2281@gmail.com, BebeLehmkuhl5703@gmail.com, InellRuoff2731@gmail.com, OnitaHolloway7718@gmail.com, NormanCastilleja4018@gmail.com, DelmarTourville5884@gmail.com, ZoraidaFaulkner5026@gmail.com, KelleeMaddy6483@gmail.com, FlorencioMuller2772@gmail.com, JoDettman4460@gmail.com, RosanneTrezza7663@gmail.com, MarylandBenedict6434@gmail.com, MirthaConine8554@gmail.com, KristinPonton2734@gmail.com, FlossiePangburn4203@gmail.com, DixieDarsey7418@gmail.com, KendrickPreston8153@gmail.com, CariPizzo2637@gmail.com, EllamaeTallon2542@gmail.com, AbbieKreidler2527@gmail.com, DustinArterburn6055@gmail.com, CatriceLenton4273@gmail.com, YangSoriano2861@gmail.com, JulianClapper5906@gmail.com, MylesCooke7867@gmail.com, RhebaCorbett1709@gmail.com, MarcelleHerzog9009@gmail.com, LeilaOdle4383@gmail.com, AbbyPeevy0877@gmail.com, JarvisMillar3472@gmail.com, LekishaHinnenkamp1017@gmail.com, AngeliaKeebler0114@gmail.com, ClementinaGormley2089@gmail.com, JoslynKeen8547@gmail.com, VerlaBearse3879@gmail.com, CassaundraLoar9453@gmail.com, LilliamMcghie9513@gmail.com, AlonaRedel2262@gmail.com, HeidiGravelle3094@gmail.com, BuckSlawson5304@gmail.com, LindsayHenline2766@gmail.com, MimiWinsor6625@gmail.com, MaxineClauson3939@gmail.com, LenaGalusha7687@gmail.com, TalishaGeise5594@gmail.com, StacieAustria9018@gmail.com, GeorgiaCincotta6796@gmail.com, CandisGapinski6348@gmail.com, CyrstalRobb5332@gmail.com, CorneliaLaney7638@gmail.com, JereRouth3497@gmail.com, ArchieBranning7218@gmail.com, MathaBeard0636@gmail.com, BudMclarty0075@gmail.com, MarlanaGillard2214@gmail.com, ElvisLeatherwood1278@gmail.com, HellenMacrae0712@gmail.com, MeaghanMacinnis5645@gmail.com, LezlieLuckey7094@gmail.com, MozelleReddy3840@gmail.com, OleneLedgerwood3654@gmail.com, ShandaCromer4960@gmail.com, VeniceSherry5610@gmail.com, RonCopher9843@gmail.com, ArmindaValentino6586@gmail.com, CarolannBronson4617@gmail.com, CharlynHaggerty1577@gmail.com, IsaacLinebaugh9546@gmail.com, ElbaFarr1276@gmail.com, AngelikaMarch9925@gmail.com, TylerGalbraith9779@gmail.com, MarylynnChauvin4173@gmail.com, LuisaOhm6420@gmail.com, BetteCarlos5624@gmail.com, RoccoBlubaugh1914@gmail.com, AlexandriaJantz3467@gmail.com, WinstonHemby7253@gmail.com, TamiJepson8335@gmail.com, AnamariaHeadrick7903@gmail.com, NereidaTruman9016@gmail.com, HipolitoRowlands4929@gmail.com, PorterMarcinkowski6594@gmail.com, BonnyForester7950@gmail.com, RuthaCrotty1764@gmail.com, DamionWysocki9147@gmail.com, ColtonMoschella8698@gmail.com, WayneBasler6942@gmail.com, JoieSly5758@gmail.com, TakishaDemo0463@gmail.com, ChasArline0812@gmail.com, JoyaBristol1484@gmail.com, NeidaVartanian0848@gmail.com, EllieDuca1079@gmail.com, AdelaSlusher1773@gmail.com, DaniellNicklas8998@gmail.com, JammieRapp6294@gmail.com, BessHugo8379@gmail.com, MarlinHolm9186@gmail.com, MignonCarnes1909@gmail.com, CareyBaley9974@gmail.com, DaniStroop2632@gmail.com, MaddieMccusker6382@gmail.com, HerschelSena4741@gmail.com, OraSuddeth1307@gmail.com, TedBroome1787@gmail.com, BirgitMcglade6409@gmail.com, HeidiPoplawski3633@gmail.com, CarmenIreland5525@gmail.com, NeliaAbrams8620@gmail.com, AdanCarden9027@gmail.com, LeannaMazer1235@gmail.com, KeshaShoop3740@gmail.com, ElzaAumick8395@gmail.com, TerenceGrothe7967@gmail.com, MarkitaBrymer7321@gmail.com, JazmineMccolley4132@gmail.com, AlphaHundley6257@gmail.com, ScotHollis8426@gmail.com, MarcelinaKoger3137@gmail.com, NaomaWhitman5530@gmail.com, AlfrediaSemon0100@gmail.com, MiyokoPinto5432@gmail.com, LeiaAmico4089@gmail.com, SimonPolinsky7978@gmail.com, YulandaMarsden6146@gmail.com, ChloeFlorey0182@gmail.com, BerniceCorcoran1154@gmail.com, ChristineParkinson6954@gmail.com, MarlysMatteson1945@gmail.com, EstellaLavallie2298@gmail.com, MadieBhatti9814@gmail.com, DelphaTharrington9888@gmail.com, ElwoodCortez5872@gmail.com, SanjuanitaBrotzman9707@gmail.com, CelesteMahmood5635@gmail.com, FlorHallock7282@gmail.com, BrigitteRahm2391@gmail.com, CorazonBohan2879@gmail.com, CynthiaGines6711@gmail.com, NobleKrom2799@gmail.com, RosalindDaniele3014@gmail.com, MargaretaKu9884@gmail.com, SherrieRivero5899@gmail.com, MandiSwartwood6426@gmail.com, RickyLatimer5417@gmail.com, ClaraVillegas9775@gmail.com, TyroneAntonio7136@gmail.com, NoahDeppen5278@gmail.com, NelleGoodlow2877@gmail.com, YeseniaTillett4254@gmail.com, LynellLando8106@gmail.com, ValentinaNitti1092@gmail.com, CaraRakowski1097@gmail.com, MargueriteSchuman2081@gmail.com, ThuyDecamp9430@gmail.com, IanReising1886@gmail.com, RufusHanshaw6825@gmail.com, IrmaEncarnacion2873@gmail.com, LeomaMazzei2034@gmail.com, LateshaMarini8611@gmail.com, MallorySegarra2903@gmail.com, ParkerForrest2558@gmail.com, JedFrazier6088@gmail.com, KimiSavard3616@gmail.com, LashayFranz1318@gmail.com]
17:54:39.007 [main] INFO api.AvailableMembersApi - Validating members for Survey ID: 14
17:54:39.009 [main] INFO api.AvailableMembersApi - Received response for survey ID 15: Status Code = 200
17:54:39.018 [main] INFO api.AvailableMembersApi - Available emails for survey ID 15: [MalissaArn0202@gmail.com, TeriVillalobos6990@gmail.com, YeseniaConte8292@gmail.com, MeghannFollowell6036@gmail.com, LeeHarlow6738@gmail.com, SalvatoreMonico6748@gmail.com, SunshineFocht0017@gmail.com, DainaMaine1358@gmail.com, OraHousand6876@gmail.com, GregoryLucchesi4579@gmail.com, DrucillaWilhelm1088@gmail.com, MarikoHadfield9920@gmail.com, JanitaStroman5652@gmail.com, MargaritoDerringer6053@gmail.com, SheritaArispe4106@gmail.com, EverettNorthup7669@gmail.com, MicahShirley0805@gmail.com, WilhelminaHibdon9677@gmail.com, CarolinBlauser7632@gmail.com, LylaAlmanza0199@gmail.com, ChereGamino1550@gmail.com, FletaGiampaolo3754@gmail.com, CleotildeMcmiller8058@gmail.com, SaraiMorelli9034@gmail.com, LashandaAbbott9174@gmail.com, JeffryDynes1098@gmail.com, VerniceSoto3260@gmail.com, ElnaPhelan2540@gmail.com, AdriannaFentress5065@gmail.com, TaynaRey4852@gmail.com, IkeClink7071@gmail.com, GaynellCroce7702@gmail.com, DarlenaFarrington7903@gmail.com, CherrylCarolina2273@gmail.com, ZoeSolar4260@gmail.com, AnjanetteKrupp7724@gmail.com, JanieceSilvernail2745@gmail.com, IveyBuskey1353@gmail.com, ViolaBlackstock8664@gmail.com, RachellAnkrom0998@gmail.com, KylaKays1591@gmail.com, AltonSmedley5432@gmail.com, VoncileHayner2281@gmail.com, BebeLehmkuhl5703@gmail.com, InellRuoff2731@gmail.com, OnitaHolloway7718@gmail.com, DelmarTourville5884@gmail.com, AudryBerends0895@gmail.com, ZoraidaFaulkner5026@gmail.com, KelleeMaddy6483@gmail.com, FlorencioMuller2772@gmail.com, JoDettman4460@gmail.com, RosanneTrezza7663@gmail.com, MarylandBenedict6434@gmail.com, MirthaConine8554@gmail.com, KristinPonton2734@gmail.com, FlossiePangburn4203@gmail.com, YukoSteffes9115@gmail.com, KendrickPreston8153@gmail.com, CariPizzo2637@gmail.com, EllamaeTallon2542@gmail.com, AbbieKreidler2527@gmail.com, DustinArterburn6055@gmail.com, CatriceLenton4273@gmail.com, LailaHoldren0317@gmail.com, YangSoriano2861@gmail.com, JonShultis2071@gmail.com, JulianClapper5906@gmail.com, MylesCooke7867@gmail.com, RhebaCorbett1709@gmail.com, MarcelleHerzog9009@gmail.com, XochitlCalderwood5941@gmail.com, LeilaOdle4383@gmail.com, AbbyPeevy0877@gmail.com, JarvisMillar3472@gmail.com, LekishaHinnenkamp1017@gmail.com, AngeliaKeebler0114@gmail.com, ClementinaGormley2089@gmail.com, VerlaBearse3879@gmail.com, CassaundraLoar9453@gmail.com, JiLamarche1348@gmail.com, AlonaRedel2262@gmail.com, HeidiGravelle3094@gmail.com, BuckSlawson5304@gmail.com, LindsayHenline2766@gmail.com, MimiWinsor6625@gmail.com, MaxineClauson3939@gmail.com, LenaGalusha7687@gmail.com, TalishaGeise5594@gmail.com, StacieAustria9018@gmail.com, GeorgiaCincotta6796@gmail.com, CandisGapinski6348@gmail.com, CorneliaLaney7638@gmail.com, JereRouth3497@gmail.com, ArchieBranning7218@gmail.com, TomiAthey0697@gmail.com, MathaBeard0636@gmail.com, BudMclarty0075@gmail.com, MarlanaGillard2214@gmail.com, ElvisLeatherwood1278@gmail.com, MeaghanMacinnis5645@gmail.com, LezlieLuckey7094@gmail.com, MozelleReddy3840@gmail.com, ShandaCromer4960@gmail.com, VeniceSherry5610@gmail.com, RonCopher9843@gmail.com, ArmindaValentino6586@gmail.com, CarolannBronson4617@gmail.com, CharlynHaggerty1577@gmail.com, ElbaFarr1276@gmail.com, AngelikaMarch9925@gmail.com, TylerGalbraith9779@gmail.com, MarylynnChauvin4173@gmail.com, LuisaOhm6420@gmail.com, BetteCarlos5624@gmail.com, RoccoBlubaugh1914@gmail.com, AlexandriaJantz3467@gmail.com, WinstonHemby7253@gmail.com, TamiJepson8335@gmail.com, AnamariaHeadrick7903@gmail.com, NereidaTruman9016@gmail.com, PorterMarcinkowski6594@gmail.com, BonnyForester7950@gmail.com, RuthaCrotty1764@gmail.com, DamionWysocki9147@gmail.com, ColtonMoschella8698@gmail.com, WayneBasler6942@gmail.com, TakishaDemo0463@gmail.com, ChasArline0812@gmail.com, JoyaBristol1484@gmail.com, NeidaVartanian0848@gmail.com, EllieDuca1079@gmail.com, AdelaSlusher1773@gmail.com, DaniellNicklas8998@gmail.com, JammieRapp6294@gmail.com, BessHugo8379@gmail.com, MignonCarnes1909@gmail.com, CareyBaley9974@gmail.com, DaniStroop2632@gmail.com, MaddieMccusker6382@gmail.com, HerschelSena4741@gmail.com, OraSuddeth1307@gmail.com, TedBroome1787@gmail.com, CarmenIreland5525@gmail.com, NeliaAbrams8620@gmail.com, AdanCarden9027@gmail.com, LeannaMazer1235@gmail.com, KeshaShoop3740@gmail.com, TerenceGrothe7967@gmail.com, MarkitaBrymer7321@gmail.com, JazmineMccolley4132@gmail.com, AlphaHundley6257@gmail.com, ScotHollis8426@gmail.com, MarcelinaKoger3137@gmail.com, NaomaWhitman5530@gmail.com, AlfrediaSemon0100@gmail.com, MiyokoPinto5432@gmail.com, IsauraMorton9001@gmail.com, LeiaAmico4089@gmail.com, SimonPolinsky7978@gmail.com, YulandaMarsden6146@gmail.com, ChloeFlorey0182@gmail.com, BerniceCorcoran1154@gmail.com, ChristineParkinson6954@gmail.com, MarlysMatteson1945@gmail.com, EstellaLavallie2298@gmail.com, MadieBhatti9814@gmail.com, DelphaTharrington9888@gmail.com, ElwoodCortez5872@gmail.com, SanjuanitaBrotzman9707@gmail.com, CelesteMahmood5635@gmail.com, FlorHallock7282@gmail.com, BrigitteRahm2391@gmail.com, CorazonBohan2879@gmail.com, CynthiaGines6711@gmail.com, NobleKrom2799@gmail.com, RosalindDaniele3014@gmail.com, MargaretaKu9884@gmail.com, SherrieRivero5899@gmail.com, MandiSwartwood6426@gmail.com, RickyLatimer5417@gmail.com, ClaraVillegas9775@gmail.com, TyroneAntonio7136@gmail.com, NoahDeppen5278@gmail.com, NelleGoodlow2877@gmail.com, YeseniaTillett4254@gmail.com, LynellLando8106@gmail.com, LoreenMorel1989@gmail.com, ValentinaNitti1092@gmail.com, CaraRakowski1097@gmail.com, SilasChickering2101@gmail.com, MargueriteSchuman2081@gmail.com, ThuyDecamp9430@gmail.com, RufusHanshaw6825@gmail.com, IrmaEncarnacion2873@gmail.com, MallorySegarra2903@gmail.com, TorrieHarnois1022@gmail.com, ParkerForrest2558@gmail.com, JedFrazier6088@gmail.com, KimiSavard3616@gmail.com]
17:54:39.018 [main] INFO api.AvailableMembersApi - Validating members for Survey ID: 15
17:54:39.021 [main] INFO api.AvailableMembersApi - Received response for survey ID 16: Status Code = 200
17:54:39.029 [main] INFO api.AvailableMembersApi - Available emails for survey ID 16: [TeriVillalobos6990@gmail.com, MeghannFollowell6036@gmail.com, LeeHarlow6738@gmail.com, SalvatoreMonico6748@gmail.com, SunshineFocht0017@gmail.com, DainaMaine1358@gmail.com, OraHousand6876@gmail.com, TasiaMerritt2498@gmail.com, GregoryLucchesi4579@gmail.com, DrucillaWilhelm1088@gmail.com, JaquelynLevett2862@gmail.com, MarikoHadfield9920@gmail.com, JanitaStroman5652@gmail.com, MargaritoDerringer6053@gmail.com, SheritaArispe4106@gmail.com, MicahShirley0805@gmail.com, WilhelminaHibdon9677@gmail.com, CarolinBlauser7632@gmail.com, LylaAlmanza0199@gmail.com, ChereGamino1550@gmail.com, FletaGiampaolo3754@gmail.com, CleotildeMcmiller8058@gmail.com, SaraiMorelli9034@gmail.com, LashandaAbbott9174@gmail.com, JeffryDynes1098@gmail.com, VerniceSoto3260@gmail.com, TemikaHuth9411@gmail.com, AdriannaFentress5065@gmail.com, TaynaRey4852@gmail.com, IkeClink7071@gmail.com, GaynellCroce7702@gmail.com, DarlenaFarrington7903@gmail.com, CherrylCarolina2273@gmail.com, ZoeSolar4260@gmail.com, AnjanetteKrupp7724@gmail.com, JanieceSilvernail2745@gmail.com, IveyBuskey1353@gmail.com, ViolaBlackstock8664@gmail.com, ElaneMartinelli1121@gmail.com, RachellAnkrom0998@gmail.com, KylaKays1591@gmail.com, AltonSmedley5432@gmail.com, VoncileHayner2281@gmail.com, BebeLehmkuhl5703@gmail.com, InellRuoff2731@gmail.com, OnitaHolloway7718@gmail.com, NormanCastilleja4018@gmail.com, DelmarTourville5884@gmail.com, AudryBerends0895@gmail.com, ZoraidaFaulkner5026@gmail.com, KelleeMaddy6483@gmail.com, FlorencioMuller2772@gmail.com, JoDettman4460@gmail.com, RosanneTrezza7663@gmail.com, MarylandBenedict6434@gmail.com, MirthaConine8554@gmail.com, KristinPonton2734@gmail.com, FlossiePangburn4203@gmail.com, YukoSteffes9115@gmail.com, DixieDarsey7418@gmail.com, CariPizzo2637@gmail.com, EllamaeTallon2542@gmail.com, AbbieKreidler2527@gmail.com, DustinArterburn6055@gmail.com, CatriceLenton4273@gmail.com, LailaHoldren0317@gmail.com, YangSoriano2861@gmail.com, JulianClapper5906@gmail.com, MylesCooke7867@gmail.com, MarcelleHerzog9009@gmail.com, XochitlCalderwood5941@gmail.com, LeilaOdle4383@gmail.com, AbbyPeevy0877@gmail.com, JarvisMillar3472@gmail.com, LekishaHinnenkamp1017@gmail.com, AngeliaKeebler0114@gmail.com, ClementinaGormley2089@gmail.com, JoslynKeen8547@gmail.com, CassaundraLoar9453@gmail.com, LilliamMcghie9513@gmail.com, AlonaRedel2262@gmail.com, HeidiGravelle3094@gmail.com, BuckSlawson5304@gmail.com, LindsayHenline2766@gmail.com, MimiWinsor6625@gmail.com, MaxineClauson3939@gmail.com, LenaGalusha7687@gmail.com, TalishaGeise5594@gmail.com, StacieAustria9018@gmail.com, GeorgiaCincotta6796@gmail.com, CyrstalRobb5332@gmail.com, CorneliaLaney7638@gmail.com, JereRouth3497@gmail.com, ArchieBranning7218@gmail.com, TomiAthey0697@gmail.com, MathaBeard0636@gmail.com, BudMclarty0075@gmail.com, MarlanaGillard2214@gmail.com, ElvisLeatherwood1278@gmail.com, HellenMacrae0712@gmail.com, MeaghanMacinnis5645@gmail.com, MozelleReddy3840@gmail.com, OleneLedgerwood3654@gmail.com, ShandaCromer4960@gmail.com, VeniceSherry5610@gmail.com, RonCopher9843@gmail.com, ArmindaValentino6586@gmail.com, CarolannBronson4617@gmail.com, CharlynHaggerty1577@gmail.com, IsaacLinebaugh9546@gmail.com, ElbaFarr1276@gmail.com, AngelikaMarch9925@gmail.com, TylerGalbraith9779@gmail.com, MarylynnChauvin4173@gmail.com, LuisaOhm6420@gmail.com, BetteCarlos5624@gmail.com, RoccoBlubaugh1914@gmail.com, AlexandriaJantz3467@gmail.com, WinstonHemby7253@gmail.com, TamiJepson8335@gmail.com, AnamariaHeadrick7903@gmail.com, NereidaTruman9016@gmail.com, HipolitoRowlands4929@gmail.com, PorterMarcinkowski6594@gmail.com, BonnyForester7950@gmail.com, RuthaCrotty1764@gmail.com, DamionWysocki9147@gmail.com, ColtonMoschella8698@gmail.com, WayneBasler6942@gmail.com, JoieSly5758@gmail.com, ChasArline0812@gmail.com, JoyaBristol1484@gmail.com, NeidaVartanian0848@gmail.com, EllieDuca1079@gmail.com, AdelaSlusher1773@gmail.com, DaniellNicklas8998@gmail.com, JammieRapp6294@gmail.com, BessHugo8379@gmail.com, MarlinHolm9186@gmail.com, CareyBaley9974@gmail.com, DaniStroop2632@gmail.com, MaddieMccusker6382@gmail.com, HerschelSena4741@gmail.com, TedBroome1787@gmail.com, BirgitMcglade6409@gmail.com, HeidiPoplawski3633@gmail.com, CarmenIreland5525@gmail.com, NeliaAbrams8620@gmail.com, AdanCarden9027@gmail.com, LeannaMazer1235@gmail.com, KeshaShoop3740@gmail.com, ElzaAumick8395@gmail.com, MarkitaBrymer7321@gmail.com, AlphaHundley6257@gmail.com, ScotHollis8426@gmail.com, MarcelinaKoger3137@gmail.com, NaomaWhitman5530@gmail.com, AlfrediaSemon0100@gmail.com, MiyokoPinto5432@gmail.com, IsauraMorton9001@gmail.com, LeiaAmico4089@gmail.com, SimonPolinsky7978@gmail.com, YulandaMarsden6146@gmail.com, ChloeFlorey0182@gmail.com, BerniceCorcoran1154@gmail.com, ChristineParkinson6954@gmail.com, MarlysMatteson1945@gmail.com, EstellaLavallie2298@gmail.com, MadieBhatti9814@gmail.com, DelphaTharrington9888@gmail.com, ElwoodCortez5872@gmail.com, SanjuanitaBrotzman9707@gmail.com, CelesteMahmood5635@gmail.com, FlorHallock7282@gmail.com, BrigitteRahm2391@gmail.com, CorazonBohan2879@gmail.com, NobleKrom2799@gmail.com, RosalindDaniele3014@gmail.com, MargaretaKu9884@gmail.com, SherrieRivero5899@gmail.com, MandiSwartwood6426@gmail.com, RickyLatimer5417@gmail.com, ClaraVillegas9775@gmail.com, TyroneAntonio7136@gmail.com, NoahDeppen5278@gmail.com, NelleGoodlow2877@gmail.com, YeseniaTillett4254@gmail.com, LynellLando8106@gmail.com, LoreenMorel1989@gmail.com, ValentinaNitti1092@gmail.com, CaraRakowski1097@gmail.com, SilasChickering2101@gmail.com, MargueriteSchuman2081@gmail.com, ThuyDecamp9430@gmail.com, IanReising1886@gmail.com, RufusHanshaw6825@gmail.com, IrmaEncarnacion2873@gmail.com, LateshaMarini8611@gmail.com, MallorySegarra2903@gmail.com, TorrieHarnois1022@gmail.com, ParkerForrest2558@gmail.com, JedFrazier6088@gmail.com, KimiSavard3616@gmail.com, LashayFranz1318@gmail.com]
17:54:39.030 [main] INFO api.AvailableMembersApi - Validating members for Survey ID: 16
17:54:39.032 [main] INFO api.AvailableMembersApi - Received response for survey ID 17: Status Code = 200
17:54:39.041 [main] INFO api.AvailableMembersApi - Available emails for survey ID 17: [MalissaArn0202@gmail.com, TeriVillalobos6990@gmail.com, YeseniaConte8292@gmail.com, MeghannFollowell6036@gmail.com, LeeHarlow6738@gmail.com, SalvatoreMonico6748@gmail.com, SunshineFocht0017@gmail.com, DainaMaine1358@gmail.com, OraHousand6876@gmail.com, TasiaMerritt2498@gmail.com, GregoryLucchesi4579@gmail.com, DrucillaWilhelm1088@gmail.com, JaquelynLevett2862@gmail.com, MarikoHadfield9920@gmail.com, MargaritoDerringer6053@gmail.com, EverettNorthup7669@gmail.com, MicahShirley0805@gmail.com, WilhelminaHibdon9677@gmail.com, CarolinBlauser7632@gmail.com, LylaAlmanza0199@gmail.com, ChereGamino1550@gmail.com, FletaGiampaolo3754@gmail.com, CleotildeMcmiller8058@gmail.com, SaraiMorelli9034@gmail.com, LashandaAbbott9174@gmail.com, JeffryDynes1098@gmail.com, VerniceSoto3260@gmail.com, ElnaPhelan2540@gmail.com, TemikaHuth9411@gmail.com, AdriannaFentress5065@gmail.com, TaynaRey4852@gmail.com, IkeClink7071@gmail.com, GaynellCroce7702@gmail.com, DarlenaFarrington7903@gmail.com, CherrylCarolina2273@gmail.com, ZoeSolar4260@gmail.com, AnjanetteKrupp7724@gmail.com, JanieceSilvernail2745@gmail.com, IveyBuskey1353@gmail.com, ViolaBlackstock8664@gmail.com, ElaneMartinelli1121@gmail.com, KylaKays1591@gmail.com, AltonSmedley5432@gmail.com, VoncileHayner2281@gmail.com, BebeLehmkuhl5703@gmail.com, InellRuoff2731@gmail.com, OnitaHolloway7718@gmail.com, NormanCastilleja4018@gmail.com, DelmarTourville5884@gmail.com, AudryBerends0895@gmail.com, ZoraidaFaulkner5026@gmail.com, KelleeMaddy6483@gmail.com, FlorencioMuller2772@gmail.com, JoDettman4460@gmail.com, RosanneTrezza7663@gmail.com, MarylandBenedict6434@gmail.com, MirthaConine8554@gmail.com, KristinPonton2734@gmail.com, FlossiePangburn4203@gmail.com, YukoSteffes9115@gmail.com, DixieDarsey7418@gmail.com, KendrickPreston8153@gmail.com, CariPizzo2637@gmail.com, EllamaeTallon2542@gmail.com, AbbieKreidler2527@gmail.com, DustinArterburn6055@gmail.com, YangSoriano2861@gmail.com, JulianClapper5906@gmail.com, MylesCooke7867@gmail.com, RhebaCorbett1709@gmail.com, MarcelleHerzog9009@gmail.com, AbbyPeevy0877@gmail.com, JarvisMillar3472@gmail.com, LekishaHinnenkamp1017@gmail.com, AngeliaKeebler0114@gmail.com, ClementinaGormley2089@gmail.com, JoslynKeen8547@gmail.com, CassaundraLoar9453@gmail.com, JiLamarche1348@gmail.com, LilliamMcghie9513@gmail.com, HeidiGravelle3094@gmail.com, BuckSlawson5304@gmail.com, LindsayHenline2766@gmail.com, MimiWinsor6625@gmail.com, MaxineClauson3939@gmail.com, LenaGalusha7687@gmail.com, StacieAustria9018@gmail.com, GeorgiaCincotta6796@gmail.com, CyrstalRobb5332@gmail.com, CorneliaLaney7638@gmail.com, JereRouth3497@gmail.com, ArchieBranning7218@gmail.com, TomiAthey0697@gmail.com, MathaBeard0636@gmail.com, BudMclarty0075@gmail.com, MarlanaGillard2214@gmail.com, ElvisLeatherwood1278@gmail.com, HellenMacrae0712@gmail.com, MozelleReddy3840@gmail.com, OleneLedgerwood3654@gmail.com, ShandaCromer4960@gmail.com, RonCopher9843@gmail.com, ArmindaValentino6586@gmail.com, CarolannBronson4617@gmail.com, CharlynHaggerty1577@gmail.com, IsaacLinebaugh9546@gmail.com, ElbaFarr1276@gmail.com, AngelikaMarch9925@gmail.com, TylerGalbraith9779@gmail.com, MarylynnChauvin4173@gmail.com, LuisaOhm6420@gmail.com, BetteCarlos5624@gmail.com, RoccoBlubaugh1914@gmail.com, AlexandriaJantz3467@gmail.com, WinstonHemby7253@gmail.com, TamiJepson8335@gmail.com, NereidaTruman9016@gmail.com, HipolitoRowlands4929@gmail.com, PorterMarcinkowski6594@gmail.com, BonnyForester7950@gmail.com, RuthaCrotty1764@gmail.com, ColtonMoschella8698@gmail.com, WayneBasler6942@gmail.com, JoieSly5758@gmail.com, TakishaDemo0463@gmail.com, ChasArline0812@gmail.com, JoyaBristol1484@gmail.com, NeidaVartanian0848@gmail.com, EllieDuca1079@gmail.com, AdelaSlusher1773@gmail.com, DaniellNicklas8998@gmail.com, JammieRapp6294@gmail.com, BessHugo8379@gmail.com, MarlinHolm9186@gmail.com, MignonCarnes1909@gmail.com, CareyBaley9974@gmail.com, DaniStroop2632@gmail.com, MaddieMccusker6382@gmail.com, HerschelSena4741@gmail.com, OraSuddeth1307@gmail.com, BirgitMcglade6409@gmail.com, HeidiPoplawski3633@gmail.com, CarmenIreland5525@gmail.com, NeliaAbrams8620@gmail.com, AdanCarden9027@gmail.com, LeannaMazer1235@gmail.com, KeshaShoop3740@gmail.com, ElzaAumick8395@gmail.com, TerenceGrothe7967@gmail.com, MarkitaBrymer7321@gmail.com, JazmineMccolley4132@gmail.com, AlphaHundley6257@gmail.com, ScotHollis8426@gmail.com, MarcelinaKoger3137@gmail.com, NaomaWhitman5530@gmail.com, AlfrediaSemon0100@gmail.com, MiyokoPinto5432@gmail.com, IsauraMorton9001@gmail.com, LeiaAmico4089@gmail.com, SimonPolinsky7978@gmail.com, YulandaMarsden6146@gmail.com, ChloeFlorey0182@gmail.com, BerniceCorcoran1154@gmail.com, ChristineParkinson6954@gmail.com, MarlysMatteson1945@gmail.com, EstellaLavallie2298@gmail.com, MadieBhatti9814@gmail.com, DelphaTharrington9888@gmail.com, ElwoodCortez5872@gmail.com, SanjuanitaBrotzman9707@gmail.com, CelesteMahmood5635@gmail.com, FlorHallock7282@gmail.com, BrigitteRahm2391@gmail.com, CorazonBohan2879@gmail.com, CynthiaGines6711@gmail.com, NobleKrom2799@gmail.com, RosalindDaniele3014@gmail.com, SherrieRivero5899@gmail.com, MandiSwartwood6426@gmail.com, RickyLatimer5417@gmail.com, ClaraVillegas9775@gmail.com, TyroneAntonio7136@gmail.com, NoahDeppen5278@gmail.com, NelleGoodlow2877@gmail.com, YeseniaTillett4254@gmail.com, LynellLando8106@gmail.com, LoreenMorel1989@gmail.com, CaraRakowski1097@gmail.com, MargueriteSchuman2081@gmail.com, ThuyDecamp9430@gmail.com, IanReising1886@gmail.com, RufusHanshaw6825@gmail.com, LeomaMazzei2034@gmail.com, LateshaMarini8611@gmail.com, MallorySegarra2903@gmail.com, TorrieHarnois1022@gmail.com, ParkerForrest2558@gmail.com, JedFrazier6088@gmail.com, KimiSavard3616@gmail.com, LashayFranz1318@gmail.com]
17:54:39.041 [main] INFO api.AvailableMembersApi - Validating members for Survey ID: 17
17:54:39.043 [main] INFO api.AvailableMembersApi - Received response for survey ID 18: Status Code = 200
17:54:39.052 [main] INFO api.AvailableMembersApi - Available emails for survey ID 18: [MalissaArn0202@gmail.com, YeseniaConte8292@gmail.com, MeghannFollowell6036@gmail.com, LeeHarlow6738@gmail.com, SalvatoreMonico6748@gmail.com, SunshineFocht0017@gmail.com, DainaMaine1358@gmail.com, OraHousand6876@gmail.com, TasiaMerritt2498@gmail.com, GregoryLucchesi4579@gmail.com, JaquelynLevett2862@gmail.com, MarikoHadfield9920@gmail.com, JanitaStroman5652@gmail.com, SheritaArispe4106@gmail.com, EverettNorthup7669@gmail.com, MicahShirley0805@gmail.com, WilhelminaHibdon9677@gmail.com, CarolinBlauser7632@gmail.com, LylaAlmanza0199@gmail.com, ChereGamino1550@gmail.com, FletaGiampaolo3754@gmail.com, CleotildeMcmiller8058@gmail.com, SaraiMorelli9034@gmail.com, LashandaAbbott9174@gmail.com, JeffryDynes1098@gmail.com, VerniceSoto3260@gmail.com, ElnaPhelan2540@gmail.com, TemikaHuth9411@gmail.com, AdriannaFentress5065@gmail.com, TaynaRey4852@gmail.com, IkeClink7071@gmail.com, GaynellCroce7702@gmail.com, DarlenaFarrington7903@gmail.com, CherrylCarolina2273@gmail.com, ZoeSolar4260@gmail.com, AnjanetteKrupp7724@gmail.com, JanieceSilvernail2745@gmail.com, IveyBuskey1353@gmail.com, ViolaBlackstock8664@gmail.com, ElaneMartinelli1121@gmail.com, RachellAnkrom0998@gmail.com, KylaKays1591@gmail.com, AltonSmedley5432@gmail.com, VoncileHayner2281@gmail.com, BebeLehmkuhl5703@gmail.com, InellRuoff2731@gmail.com, OnitaHolloway7718@gmail.com, NormanCastilleja4018@gmail.com, DelmarTourville5884@gmail.com, AudryBerends0895@gmail.com, ZoraidaFaulkner5026@gmail.com, KelleeMaddy6483@gmail.com, FlorencioMuller2772@gmail.com, JoDettman4460@gmail.com, MarylandBenedict6434@gmail.com, MirthaConine8554@gmail.com, KristinPonton2734@gmail.com, FlossiePangburn4203@gmail.com, YukoSteffes9115@gmail.com, DixieDarsey7418@gmail.com, KendrickPreston8153@gmail.com, CariPizzo2637@gmail.com, EllamaeTallon2542@gmail.com, AbbieKreidler2527@gmail.com, DustinArterburn6055@gmail.com, CatriceLenton4273@gmail.com, LailaHoldren0317@gmail.com, YangSoriano2861@gmail.com, JonShultis2071@gmail.com, JulianClapper5906@gmail.com, MylesCooke7867@gmail.com, RhebaCorbett1709@gmail.com, XochitlCalderwood5941@gmail.com, LeilaOdle4383@gmail.com, AbbyPeevy0877@gmail.com, JarvisMillar3472@gmail.com, LekishaHinnenkamp1017@gmail.com, AngeliaKeebler0114@gmail.com, ClementinaGormley2089@gmail.com, JoslynKeen8547@gmail.com, VerlaBearse3879@gmail.com, CassaundraLoar9453@gmail.com, JiLamarche1348@gmail.com, LilliamMcghie9513@gmail.com, AlonaRedel2262@gmail.com, HeidiGravelle3094@gmail.com, BuckSlawson5304@gmail.com, LindsayHenline2766@gmail.com, MimiWinsor6625@gmail.com, MaxineClauson3939@gmail.com, LenaGalusha7687@gmail.com, TalishaGeise5594@gmail.com, StacieAustria9018@gmail.com, GeorgiaCincotta6796@gmail.com, CandisGapinski6348@gmail.com, CyrstalRobb5332@gmail.com, CorneliaLaney7638@gmail.com, JereRouth3497@gmail.com, ArchieBranning7218@gmail.com, TomiAthey0697@gmail.com, MathaBeard0636@gmail.com, BudMclarty0075@gmail.com, MarlanaGillard2214@gmail.com, ElvisLeatherwood1278@gmail.com, HellenMacrae0712@gmail.com, MeaghanMacinnis5645@gmail.com, LezlieLuckey7094@gmail.com, MozelleReddy3840@gmail.com, OleneLedgerwood3654@gmail.com, ShandaCromer4960@gmail.com, VeniceSherry5610@gmail.com, RonCopher9843@gmail.com, ArmindaValentino6586@gmail.com, CarolannBronson4617@gmail.com, CharlynHaggerty1577@gmail.com, IsaacLinebaugh9546@gmail.com, ElbaFarr1276@gmail.com, AngelikaMarch9925@gmail.com, TylerGalbraith9779@gmail.com, MarylynnChauvin4173@gmail.com, LuisaOhm6420@gmail.com, BetteCarlos5624@gmail.com, RoccoBlubaugh1914@gmail.com, AlexandriaJantz3467@gmail.com, WinstonHemby7253@gmail.com, TamiJepson8335@gmail.com, AnamariaHeadrick7903@gmail.com, NereidaTruman9016@gmail.com, HipolitoRowlands4929@gmail.com, PorterMarcinkowski6594@gmail.com, BonnyForester7950@gmail.com, RuthaCrotty1764@gmail.com, DamionWysocki9147@gmail.com, ColtonMoschella8698@gmail.com, WayneBasler6942@gmail.com, TakishaDemo0463@gmail.com, ChasArline0812@gmail.com, JoyaBristol1484@gmail.com, NeidaVartanian0848@gmail.com, EllieDuca1079@gmail.com, AdelaSlusher1773@gmail.com, DaniellNicklas8998@gmail.com, JammieRapp6294@gmail.com, BessHugo8379@gmail.com, MarlinHolm9186@gmail.com, MignonCarnes1909@gmail.com, CareyBaley9974@gmail.com, DaniStroop2632@gmail.com, MaddieMccusker6382@gmail.com, HerschelSena4741@gmail.com, OraSuddeth1307@gmail.com, TedBroome1787@gmail.com, CarmenIreland5525@gmail.com, NeliaAbrams8620@gmail.com, LeannaMazer1235@gmail.com, KeshaShoop3740@gmail.com, ElzaAumick8395@gmail.com, MarkitaBrymer7321@gmail.com, AlphaHundley6257@gmail.com, ScotHollis8426@gmail.com, MarcelinaKoger3137@gmail.com, NaomaWhitman5530@gmail.com, AlfrediaSemon0100@gmail.com, MiyokoPinto5432@gmail.com, IsauraMorton9001@gmail.com, LeiaAmico4089@gmail.com, SimonPolinsky7978@gmail.com, YulandaMarsden6146@gmail.com, ChloeFlorey0182@gmail.com, BerniceCorcoran1154@gmail.com, ChristineParkinson6954@gmail.com, MarlysMatteson1945@gmail.com, EstellaLavallie2298@gmail.com, MadieBhatti9814@gmail.com, DelphaTharrington9888@gmail.com, ElwoodCortez5872@gmail.com, SanjuanitaBrotzman9707@gmail.com, CelesteMahmood5635@gmail.com, FlorHallock7282@gmail.com, BrigitteRahm2391@gmail.com, CorazonBohan2879@gmail.com, CynthiaGines6711@gmail.com, NobleKrom2799@gmail.com, RosalindDaniele3014@gmail.com, MargaretaKu9884@gmail.com, SherrieRivero5899@gmail.com, MandiSwartwood6426@gmail.com, RickyLatimer5417@gmail.com, ClaraVillegas9775@gmail.com, TyroneAntonio7136@gmail.com, NoahDeppen5278@gmail.com, NelleGoodlow2877@gmail.com, LynellLando8106@gmail.com, LoreenMorel1989@gmail.com, ValentinaNitti1092@gmail.com, CaraRakowski1097@gmail.com, SilasChickering2101@gmail.com, MargueriteSchuman2081@gmail.com, ThuyDecamp9430@gmail.com, RufusHanshaw6825@gmail.com, LeomaMazzei2034@gmail.com, LateshaMarini8611@gmail.com, MallorySegarra2903@gmail.com, TorrieHarnois1022@gmail.com, ParkerForrest2558@gmail.com, JedFrazier6088@gmail.com, KimiSavard3616@gmail.com]
17:54:39.052 [main] INFO api.AvailableMembersApi - Validating members for Survey ID: 18
17:54:39.055 [main] INFO api.AvailableMembersApi - Received response for survey ID 19: Status Code = 200
17:54:39.064 [main] INFO api.AvailableMembersApi - Available emails for survey ID 19: [MalissaArn0202@gmail.com, TeriVillalobos6990@gmail.com, YeseniaConte8292@gmail.com, MeghannFollowell6036@gmail.com, LeeHarlow6738@gmail.com, SalvatoreMonico6748@gmail.com, SunshineFocht0017@gmail.com, DainaMaine1358@gmail.com, OraHousand6876@gmail.com, TasiaMerritt2498@gmail.com, DrucillaWilhelm1088@gmail.com, JaquelynLevett2862@gmail.com, MarikoHadfield9920@gmail.com, JanitaStroman5652@gmail.com, MargaritoDerringer6053@gmail.com, EverettNorthup7669@gmail.com, MicahShirley0805@gmail.com, WilhelminaHibdon9677@gmail.com, CarolinBlauser7632@gmail.com, ChereGamino1550@gmail.com, FletaGiampaolo3754@gmail.com, CleotildeMcmiller8058@gmail.com, SaraiMorelli9034@gmail.com, LashandaAbbott9174@gmail.com, JeffryDynes1098@gmail.com, VerniceSoto3260@gmail.com, ElnaPhelan2540@gmail.com, TemikaHuth9411@gmail.com, AdriannaFentress5065@gmail.com, TaynaRey4852@gmail.com, IkeClink7071@gmail.com, GaynellCroce7702@gmail.com, DarlenaFarrington7903@gmail.com, AnjanetteKrupp7724@gmail.com, JanieceSilvernail2745@gmail.com, IveyBuskey1353@gmail.com, ViolaBlackstock8664@gmail.com, ElaneMartinelli1121@gmail.com, RachellAnkrom0998@gmail.com, KylaKays1591@gmail.com, AltonSmedley5432@gmail.com, VoncileHayner2281@gmail.com, BebeLehmkuhl5703@gmail.com, InellRuoff2731@gmail.com, OnitaHolloway7718@gmail.com, NormanCastilleja4018@gmail.com, DelmarTourville5884@gmail.com, AudryBerends0895@gmail.com, ZoraidaFaulkner5026@gmail.com, KelleeMaddy6483@gmail.com, FlorencioMuller2772@gmail.com, JoDettman4460@gmail.com, RosanneTrezza7663@gmail.com, MarylandBenedict6434@gmail.com, MirthaConine8554@gmail.com, KristinPonton2734@gmail.com, FlossiePangburn4203@gmail.com, YukoSteffes9115@gmail.com, DixieDarsey7418@gmail.com, KendrickPreston8153@gmail.com, CariPizzo2637@gmail.com, EllamaeTallon2542@gmail.com, AbbieKreidler2527@gmail.com, DustinArterburn6055@gmail.com, LailaHoldren0317@gmail.com, YangSoriano2861@gmail.com, JonShultis2071@gmail.com, JulianClapper5906@gmail.com, MylesCooke7867@gmail.com, RhebaCorbett1709@gmail.com, MarcelleHerzog9009@gmail.com, XochitlCalderwood5941@gmail.com, LeilaOdle4383@gmail.com, AbbyPeevy0877@gmail.com, JarvisMillar3472@gmail.com, LekishaHinnenkamp1017@gmail.com, AngeliaKeebler0114@gmail.com, ClementinaGormley2089@gmail.com, JoslynKeen8547@gmail.com, VerlaBearse3879@gmail.com, CassaundraLoar9453@gmail.com, JiLamarche1348@gmail.com, AlonaRedel2262@gmail.com, HeidiGravelle3094@gmail.com, BuckSlawson5304@gmail.com, LindsayHenline2766@gmail.com, MimiWinsor6625@gmail.com, MaxineClauson3939@gmail.com, LenaGalusha7687@gmail.com, TalishaGeise5594@gmail.com, StacieAustria9018@gmail.com, GeorgiaCincotta6796@gmail.com, CorneliaLaney7638@gmail.com, JereRouth3497@gmail.com, ArchieBranning7218@gmail.com, TomiAthey0697@gmail.com, MathaBeard0636@gmail.com, BudMclarty0075@gmail.com, MarlanaGillard2214@gmail.com, ElvisLeatherwood1278@gmail.com, MeaghanMacinnis5645@gmail.com, LezlieLuckey7094@gmail.com, MozelleReddy3840@gmail.com, ShandaCromer4960@gmail.com, VeniceSherry5610@gmail.com, RonCopher9843@gmail.com, CarolannBronson4617@gmail.com, CharlynHaggerty1577@gmail.com, IsaacLinebaugh9546@gmail.com, ElbaFarr1276@gmail.com, AngelikaMarch9925@gmail.com, TylerGalbraith9779@gmail.com, MarylynnChauvin4173@gmail.com, LuisaOhm6420@gmail.com, BetteCarlos5624@gmail.com, RoccoBlubaugh1914@gmail.com, AlexandriaJantz3467@gmail.com, WinstonHemby7253@gmail.com, TamiJepson8335@gmail.com, AnamariaHeadrick7903@gmail.com, NereidaTruman9016@gmail.com, HipolitoRowlands4929@gmail.com, PorterMarcinkowski6594@gmail.com, RuthaCrotty1764@gmail.com, DamionWysocki9147@gmail.com, ColtonMoschella8698@gmail.com, WayneBasler6942@gmail.com, JoieSly5758@gmail.com, TakishaDemo0463@gmail.com, ChasArline0812@gmail.com, JoyaBristol1484@gmail.com, EllieDuca1079@gmail.com, AdelaSlusher1773@gmail.com, DaniellNicklas8998@gmail.com, JammieRapp6294@gmail.com, BessHugo8379@gmail.com, MarlinHolm9186@gmail.com, MignonCarnes1909@gmail.com, MaddieMccusker6382@gmail.com, HerschelSena4741@gmail.com, OraSuddeth1307@gmail.com, TedBroome1787@gmail.com, HeidiPoplawski3633@gmail.com, CarmenIreland5525@gmail.com, NeliaAbrams8620@gmail.com, LeannaMazer1235@gmail.com, KeshaShoop3740@gmail.com, ElzaAumick8395@gmail.com, TerenceGrothe7967@gmail.com, MarkitaBrymer7321@gmail.com, JazmineMccolley4132@gmail.com, AlphaHundley6257@gmail.com, ScotHollis8426@gmail.com, MarcelinaKoger3137@gmail.com, NaomaWhitman5530@gmail.com, AlfrediaSemon0100@gmail.com, MiyokoPinto5432@gmail.com, IsauraMorton9001@gmail.com, LeiaAmico4089@gmail.com, SimonPolinsky7978@gmail.com, YulandaMarsden6146@gmail.com, ChloeFlorey0182@gmail.com, BerniceCorcoran1154@gmail.com, ChristineParkinson6954@gmail.com, MarlysMatteson1945@gmail.com, EstellaLavallie2298@gmail.com, MadieBhatti9814@gmail.com, DelphaTharrington9888@gmail.com, SanjuanitaBrotzman9707@gmail.com, FlorHallock7282@gmail.com, BrigitteRahm2391@gmail.com, CorazonBohan2879@gmail.com, CynthiaGines6711@gmail.com, RosalindDaniele3014@gmail.com, MargaretaKu9884@gmail.com, SherrieRivero5899@gmail.com, MandiSwartwood6426@gmail.com, RickyLatimer5417@gmail.com, ClaraVillegas9775@gmail.com, TyroneAntonio7136@gmail.com, NoahDeppen5278@gmail.com, NelleGoodlow2877@gmail.com, YeseniaTillett4254@gmail.com, LynellLando8106@gmail.com, LoreenMorel1989@gmail.com, ValentinaNitti1092@gmail.com, CaraRakowski1097@gmail.com, SilasChickering2101@gmail.com, MargueriteSchuman2081@gmail.com, ThuyDecamp9430@gmail.com, IanReising1886@gmail.com, RufusHanshaw6825@gmail.com, IrmaEncarnacion2873@gmail.com, MallorySegarra2903@gmail.com, TorrieHarnois1022@gmail.com, ParkerForrest2558@gmail.com, JedFrazier6088@gmail.com, KimiSavard3616@gmail.com, LashayFranz1318@gmail.com]
17:54:39.064 [main] INFO api.AvailableMembersApi - Validating members for Survey ID: 19
17:54:39.067 [main] INFO api.AvailableMembersApi - Received response for survey ID 20: Status Code = 200
17:54:39.076 [main] INFO api.AvailableMembersApi - Available emails for survey ID 20: [MalissaArn0202@gmail.com, TeriVillalobos6990@gmail.com, YeseniaConte8292@gmail.com, SalvatoreMonico6748@gmail.com, SunshineFocht0017@gmail.com, OraHousand6876@gmail.com, TasiaMerritt2498@gmail.com, GregoryLucchesi4579@gmail.com, DrucillaWilhelm1088@gmail.com, JaquelynLevett2862@gmail.com, MarikoHadfield9920@gmail.com, JanitaStroman5652@gmail.com, MargaritoDerringer6053@gmail.com, SheritaArispe4106@gmail.com, EverettNorthup7669@gmail.com, MicahShirley0805@gmail.com, WilhelminaHibdon9677@gmail.com, CarolinBlauser7632@gmail.com, LylaAlmanza0199@gmail.com, ChereGamino1550@gmail.com, FletaGiampaolo3754@gmail.com, CleotildeMcmiller8058@gmail.com, SaraiMorelli9034@gmail.com, LashandaAbbott9174@gmail.com, VerniceSoto3260@gmail.com, ElnaPhelan2540@gmail.com, TemikaHuth9411@gmail.com, AdriannaFentress5065@gmail.com, TaynaRey4852@gmail.com, IkeClink7071@gmail.com, GaynellCroce7702@gmail.com, DarlenaFarrington7903@gmail.com, CherrylCarolina2273@gmail.com, ZoeSolar4260@gmail.com, AnjanetteKrupp7724@gmail.com, JanieceSilvernail2745@gmail.com, IveyBuskey1353@gmail.com, ViolaBlackstock8664@gmail.com, ElaneMartinelli1121@gmail.com, RachellAnkrom0998@gmail.com, KylaKays1591@gmail.com, AltonSmedley5432@gmail.com, VoncileHayner2281@gmail.com, InellRuoff2731@gmail.com, OnitaHolloway7718@gmail.com, NormanCastilleja4018@gmail.com, DelmarTourville5884@gmail.com, AudryBerends0895@gmail.com, ZoraidaFaulkner5026@gmail.com, KelleeMaddy6483@gmail.com, JoDettman4460@gmail.com, RosanneTrezza7663@gmail.com, MarylandBenedict6434@gmail.com, MirthaConine8554@gmail.com, KristinPonton2734@gmail.com, FlossiePangburn4203@gmail.com, YukoSteffes9115@gmail.com, DixieDarsey7418@gmail.com, EllamaeTallon2542@gmail.com, AbbieKreidler2527@gmail.com, DustinArterburn6055@gmail.com, CatriceLenton4273@gmail.com, LailaHoldren0317@gmail.com, YangSoriano2861@gmail.com, JonShultis2071@gmail.com, JulianClapper5906@gmail.com, MylesCooke7867@gmail.com, RhebaCorbett1709@gmail.com, MarcelleHerzog9009@gmail.com, XochitlCalderwood5941@gmail.com, LeilaOdle4383@gmail.com, AbbyPeevy0877@gmail.com, JarvisMillar3472@gmail.com, LekishaHinnenkamp1017@gmail.com, AngeliaKeebler0114@gmail.com, ClementinaGormley2089@gmail.com, JoslynKeen8547@gmail.com, VerlaBearse3879@gmail.com, CassaundraLoar9453@gmail.com, JiLamarche1348@gmail.com, LilliamMcghie9513@gmail.com, AlonaRedel2262@gmail.com, HeidiGravelle3094@gmail.com, BuckSlawson5304@gmail.com, LindsayHenline2766@gmail.com, MimiWinsor6625@gmail.com, MaxineClauson3939@gmail.com, LenaGalusha7687@gmail.com, TalishaGeise5594@gmail.com, GeorgiaCincotta6796@gmail.com, CandisGapinski6348@gmail.com, CyrstalRobb5332@gmail.com, CorneliaLaney7638@gmail.com, JereRouth3497@gmail.com, ArchieBranning7218@gmail.com, TomiAthey0697@gmail.com, MathaBeard0636@gmail.com, BudMclarty0075@gmail.com, MarlanaGillard2214@gmail.com, ElvisLeatherwood1278@gmail.com, HellenMacrae0712@gmail.com, LezlieLuckey7094@gmail.com, OleneLedgerwood3654@gmail.com, RonCopher9843@gmail.com, ArmindaValentino6586@gmail.com, CarolannBronson4617@gmail.com, CharlynHaggerty1577@gmail.com, IsaacLinebaugh9546@gmail.com, ElbaFarr1276@gmail.com, AngelikaMarch9925@gmail.com, TylerGalbraith9779@gmail.com, MarylynnChauvin4173@gmail.com, LuisaOhm6420@gmail.com, BetteCarlos5624@gmail.com, RoccoBlubaugh1914@gmail.com, AlexandriaJantz3467@gmail.com, WinstonHemby7253@gmail.com, TamiJepson8335@gmail.com, AnamariaHeadrick7903@gmail.com, HipolitoRowlands4929@gmail.com, PorterMarcinkowski6594@gmail.com, RuthaCrotty1764@gmail.com, DamionWysocki9147@gmail.com, ColtonMoschella8698@gmail.com, WayneBasler6942@gmail.com, JoieSly5758@gmail.com, TakishaDemo0463@gmail.com, JoyaBristol1484@gmail.com, NeidaVartanian0848@gmail.com, EllieDuca1079@gmail.com, AdelaSlusher1773@gmail.com, DaniellNicklas8998@gmail.com, JammieRapp6294@gmail.com, BessHugo8379@gmail.com, MignonCarnes1909@gmail.com, DaniStroop2632@gmail.com, MaddieMccusker6382@gmail.com, HerschelSena4741@gmail.com, OraSuddeth1307@gmail.com, TedBroome1787@gmail.com, BirgitMcglade6409@gmail.com, HeidiPoplawski3633@gmail.com, NeliaAbrams8620@gmail.com, LeannaMazer1235@gmail.com, KeshaShoop3740@gmail.com, ElzaAumick8395@gmail.com, TerenceGrothe7967@gmail.com, MarkitaBrymer7321@gmail.com, JazmineMccolley4132@gmail.com, AlphaHundley6257@gmail.com, ScotHollis8426@gmail.com, MarcelinaKoger3137@gmail.com, NaomaWhitman5530@gmail.com, AlfrediaSemon0100@gmail.com, MiyokoPinto5432@gmail.com, IsauraMorton9001@gmail.com, LeiaAmico4089@gmail.com, SimonPolinsky7978@gmail.com, YulandaMarsden6146@gmail.com, ChloeFlorey0182@gmail.com, BerniceCorcoran1154@gmail.com, ChristineParkinson6954@gmail.com, EstellaLavallie2298@gmail.com, MadieBhatti9814@gmail.com, DelphaTharrington9888@gmail.com, ElwoodCortez5872@gmail.com, SanjuanitaBrotzman9707@gmail.com, CelesteMahmood5635@gmail.com, FlorHallock7282@gmail.com, CorazonBohan2879@gmail.com, CynthiaGines6711@gmail.com, RosalindDaniele3014@gmail.com, MargaretaKu9884@gmail.com, SherrieRivero5899@gmail.com, MandiSwartwood6426@gmail.com, RickyLatimer5417@gmail.com, ClaraVillegas9775@gmail.com, TyroneAntonio7136@gmail.com, NoahDeppen5278@gmail.com, YeseniaTillett4254@gmail.com, LynellLando8106@gmail.com, LoreenMorel1989@gmail.com, ValentinaNitti1092@gmail.com, CaraRakowski1097@gmail.com, SilasChickering2101@gmail.com, MargueriteSchuman2081@gmail.com, ThuyDecamp9430@gmail.com, IanReising1886@gmail.com, RufusHanshaw6825@gmail.com, IrmaEncarnacion2873@gmail.com, LeomaMazzei2034@gmail.com, LateshaMarini8611@gmail.com, MallorySegarra2903@gmail.com, TorrieHarnois1022@gmail.com, ParkerForrest2558@gmail.com, JedFrazier6088@gmail.com, KimiSavard3616@gmail.com, LashayFranz1318@gmail.com]
17:54:39.076 [main] INFO api.AvailableMembersApi - Validating members for Survey ID: 20
17:54:39.079 [main] INFO api.AvailableMembersApi - Received response for survey ID 21: Status Code = 200
17:54:39.087 [main] INFO api.AvailableMembersApi - Available emails for survey ID 21: [MalissaArn0202@gmail.com, TeriVillalobos6990@gmail.com, YeseniaConte8292@gmail.com, MeghannFollowell6036@gmail.com, LeeHarlow6738@gmail.com, DainaMaine1358@gmail.com, OraHousand6876@gmail.com, TasiaMerritt2498@gmail.com, GregoryLucchesi4579@gmail.com, DrucillaWilhelm1088@gmail.com, JaquelynLevett2862@gmail.com, MarikoHadfield9920@gmail.com, JanitaStroman5652@gmail.com, MargaritoDerringer6053@gmail.com, SheritaArispe4106@gmail.com, EverettNorthup7669@gmail.com, MicahShirley0805@gmail.com, CarolinBlauser7632@gmail.com, LylaAlmanza0199@gmail.com, ChereGamino1550@gmail.com, FletaGiampaolo3754@gmail.com, CleotildeMcmiller8058@gmail.com, LashandaAbbott9174@gmail.com, JeffryDynes1098@gmail.com, VerniceSoto3260@gmail.com, TemikaHuth9411@gmail.com, AdriannaFentress5065@gmail.com, TaynaRey4852@gmail.com, IkeClink7071@gmail.com, GaynellCroce7702@gmail.com, DarlenaFarrington7903@gmail.com, CherrylCarolina2273@gmail.com, AnjanetteKrupp7724@gmail.com, JanieceSilvernail2745@gmail.com, IveyBuskey1353@gmail.com, RachellAnkrom0998@gmail.com, KylaKays1591@gmail.com, AltonSmedley5432@gmail.com, VoncileHayner2281@gmail.com, BebeLehmkuhl5703@gmail.com, InellRuoff2731@gmail.com, OnitaHolloway7718@gmail.com, NormanCastilleja4018@gmail.com, DelmarTourville5884@gmail.com, AudryBerends0895@gmail.com, ZoraidaFaulkner5026@gmail.com, KelleeMaddy6483@gmail.com, FlorencioMuller2772@gmail.com, JoDettman4460@gmail.com, RosanneTrezza7663@gmail.com, MarylandBenedict6434@gmail.com, MirthaConine8554@gmail.com, KristinPonton2734@gmail.com, FlossiePangburn4203@gmail.com, YukoSteffes9115@gmail.com, DixieDarsey7418@gmail.com, KendrickPreston8153@gmail.com, CariPizzo2637@gmail.com, EllamaeTallon2542@gmail.com, AbbieKreidler2527@gmail.com, DustinArterburn6055@gmail.com, CatriceLenton4273@gmail.com, LailaHoldren0317@gmail.com, JonShultis2071@gmail.com, JulianClapper5906@gmail.com, MylesCooke7867@gmail.com, RhebaCorbett1709@gmail.com, XochitlCalderwood5941@gmail.com, LeilaOdle4383@gmail.com, AbbyPeevy0877@gmail.com, LekishaHinnenkamp1017@gmail.com, ClementinaGormley2089@gmail.com, JoslynKeen8547@gmail.com, VerlaBearse3879@gmail.com, CassaundraLoar9453@gmail.com, JiLamarche1348@gmail.com, LilliamMcghie9513@gmail.com, AlonaRedel2262@gmail.com, BuckSlawson5304@gmail.com, LindsayHenline2766@gmail.com, MimiWinsor6625@gmail.com, MaxineClauson3939@gmail.com, LenaGalusha7687@gmail.com, GeorgiaCincotta6796@gmail.com, CandisGapinski6348@gmail.com, CorneliaLaney7638@gmail.com, JereRouth3497@gmail.com, ArchieBranning7218@gmail.com, TomiAthey0697@gmail.com, MathaBeard0636@gmail.com, BudMclarty0075@gmail.com, MarlanaGillard2214@gmail.com, ElvisLeatherwood1278@gmail.com, HellenMacrae0712@gmail.com, MeaghanMacinnis5645@gmail.com, LezlieLuckey7094@gmail.com, MozelleReddy3840@gmail.com, OleneLedgerwood3654@gmail.com, ShandaCromer4960@gmail.com, VeniceSherry5610@gmail.com, ArmindaValentino6586@gmail.com, CarolannBronson4617@gmail.com, CharlynHaggerty1577@gmail.com, IsaacLinebaugh9546@gmail.com, ElbaFarr1276@gmail.com, AngelikaMarch9925@gmail.com, TylerGalbraith9779@gmail.com, MarylynnChauvin4173@gmail.com, LuisaOhm6420@gmail.com, BetteCarlos5624@gmail.com, RoccoBlubaugh1914@gmail.com, AlexandriaJantz3467@gmail.com, WinstonHemby7253@gmail.com, TamiJepson8335@gmail.com, AnamariaHeadrick7903@gmail.com, NereidaTruman9016@gmail.com, HipolitoRowlands4929@gmail.com, PorterMarcinkowski6594@gmail.com, BonnyForester7950@gmail.com, RuthaCrotty1764@gmail.com, DamionWysocki9147@gmail.com, ColtonMoschella8698@gmail.com, WayneBasler6942@gmail.com, TakishaDemo0463@gmail.com, ChasArline0812@gmail.com, JoyaBristol1484@gmail.com, NeidaVartanian0848@gmail.com, EllieDuca1079@gmail.com, AdelaSlusher1773@gmail.com, DaniellNicklas8998@gmail.com, MarlinHolm9186@gmail.com, MignonCarnes1909@gmail.com, DaniStroop2632@gmail.com, HerschelSena4741@gmail.com, OraSuddeth1307@gmail.com, TedBroome1787@gmail.com, BirgitMcglade6409@gmail.com, HeidiPoplawski3633@gmail.com, CarmenIreland5525@gmail.com, NeliaAbrams8620@gmail.com, AdanCarden9027@gmail.com, LeannaMazer1235@gmail.com, KeshaShoop3740@gmail.com, ElzaAumick8395@gmail.com, TerenceGrothe7967@gmail.com, MarkitaBrymer7321@gmail.com, JazmineMccolley4132@gmail.com, AlphaHundley6257@gmail.com, ScotHollis8426@gmail.com, MarcelinaKoger3137@gmail.com, NaomaWhitman5530@gmail.com, MiyokoPinto5432@gmail.com, IsauraMorton9001@gmail.com, YulandaMarsden6146@gmail.com, ChloeFlorey0182@gmail.com, BerniceCorcoran1154@gmail.com, ChristineParkinson6954@gmail.com, MarlysMatteson1945@gmail.com, EstellaLavallie2298@gmail.com, MadieBhatti9814@gmail.com, DelphaTharrington9888@gmail.com, ElwoodCortez5872@gmail.com, SanjuanitaBrotzman9707@gmail.com, CelesteMahmood5635@gmail.com, FlorHallock7282@gmail.com, BrigitteRahm2391@gmail.com, CorazonBohan2879@gmail.com, CynthiaGines6711@gmail.com, NobleKrom2799@gmail.com, RosalindDaniele3014@gmail.com, MargaretaKu9884@gmail.com, SherrieRivero5899@gmail.com, MandiSwartwood6426@gmail.com, RickyLatimer5417@gmail.com, ClaraVillegas9775@gmail.com, TyroneAntonio7136@gmail.com, NoahDeppen5278@gmail.com, NelleGoodlow2877@gmail.com, YeseniaTillett4254@gmail.com, LynellLando8106@gmail.com, LoreenMorel1989@gmail.com, ValentinaNitti1092@gmail.com, CaraRakowski1097@gmail.com, SilasChickering2101@gmail.com, MargueriteSchuman2081@gmail.com, ThuyDecamp9430@gmail.com, IanReising1886@gmail.com, RufusHanshaw6825@gmail.com, IrmaEncarnacion2873@gmail.com, LeomaMazzei2034@gmail.com, LateshaMarini8611@gmail.com, MallorySegarra2903@gmail.com, TorrieHarnois1022@gmail.com, ParkerForrest2558@gmail.com, JedFrazier6088@gmail.com]
17:54:39.087 [main] INFO api.AvailableMembersApi - Validating members for Survey ID: 21
17:54:39.089 [main] INFO api.AvailableMembersApi - Received response for survey ID 22: Status Code = 200
17:54:39.095 [main] INFO api.AvailableMembersApi - Available emails for survey ID 22: [MalissaArn0202@gmail.com, TeriVillalobos6990@gmail.com, YeseniaConte8292@gmail.com, MeghannFollowell6036@gmail.com, LeeHarlow6738@gmail.com, SalvatoreMonico6748@gmail.com, DainaMaine1358@gmail.com, OraHousand6876@gmail.com, TasiaMerritt2498@gmail.com, GregoryLucchesi4579@gmail.com, DrucillaWilhelm1088@gmail.com, MarikoHadfield9920@gmail.com, JanitaStroman5652@gmail.com, MargaritoDerringer6053@gmail.com, SheritaArispe4106@gmail.com, EverettNorthup7669@gmail.com, MicahShirley0805@gmail.com, WilhelminaHibdon9677@gmail.com, LylaAlmanza0199@gmail.com, ChereGamino1550@gmail.com, FletaGiampaolo3754@gmail.com, CleotildeMcmiller8058@gmail.com, SaraiMorelli9034@gmail.com, LashandaAbbott9174@gmail.com, JeffryDynes1098@gmail.com, VerniceSoto3260@gmail.com, ElnaPhelan2540@gmail.com, TemikaHuth9411@gmail.com, AdriannaFentress5065@gmail.com, TaynaRey4852@gmail.com, IkeClink7071@gmail.com, GaynellCroce7702@gmail.com, DarlenaFarrington7903@gmail.com, CherrylCarolina2273@gmail.com, ZoeSolar4260@gmail.com, AnjanetteKrupp7724@gmail.com, JanieceSilvernail2745@gmail.com, IveyBuskey1353@gmail.com, ViolaBlackstock8664@gmail.com, RachellAnkrom0998@gmail.com, KylaKays1591@gmail.com, AltonSmedley5432@gmail.com, VoncileHayner2281@gmail.com, BebeLehmkuhl5703@gmail.com, InellRuoff2731@gmail.com, OnitaHolloway7718@gmail.com, NormanCastilleja4018@gmail.com, DelmarTourville5884@gmail.com, ZoraidaFaulkner5026@gmail.com, KelleeMaddy6483@gmail.com, JoDettman4460@gmail.com, RosanneTrezza7663@gmail.com, MarylandBenedict6434@gmail.com, MirthaConine8554@gmail.com, KristinPonton2734@gmail.com, FlossiePangburn4203@gmail.com, YukoSteffes9115@gmail.com, DixieDarsey7418@gmail.com, KendrickPreston8153@gmail.com, CariPizzo2637@gmail.com, EllamaeTallon2542@gmail.com, AbbieKreidler2527@gmail.com, CatriceLenton4273@gmail.com, LailaHoldren0317@gmail.com, YangSoriano2861@gmail.com, JonShultis2071@gmail.com, JulianClapper5906@gmail.com, MylesCooke7867@gmail.com, RhebaCorbett1709@gmail.com, MarcelleHerzog9009@gmail.com, XochitlCalderwood5941@gmail.com, LeilaOdle4383@gmail.com, AbbyPeevy0877@gmail.com, JarvisMillar3472@gmail.com, LekishaHinnenkamp1017@gmail.com, AngeliaKeebler0114@gmail.com, ClementinaGormley2089@gmail.com, JoslynKeen8547@gmail.com, CassaundraLoar9453@gmail.com, JiLamarche1348@gmail.com, LilliamMcghie9513@gmail.com, AlonaRedel2262@gmail.com, BuckSlawson5304@gmail.com, LindsayHenline2766@gmail.com, MimiWinsor6625@gmail.com, MaxineClauson3939@gmail.com, LenaGalusha7687@gmail.com, TalishaGeise5594@gmail.com, StacieAustria9018@gmail.com, GeorgiaCincotta6796@gmail.com, CyrstalRobb5332@gmail.com, CorneliaLaney7638@gmail.com, JereRouth3497@gmail.com, ArchieBranning7218@gmail.com, TomiAthey0697@gmail.com, MathaBeard0636@gmail.com, MarlanaGillard2214@gmail.com, ElvisLeatherwood1278@gmail.com, HellenMacrae0712@gmail.com, MeaghanMacinnis5645@gmail.com, MozelleReddy3840@gmail.com, ShandaCromer4960@gmail.com, RonCopher9843@gmail.com, ArmindaValentino6586@gmail.com, CarolannBronson4617@gmail.com, CharlynHaggerty1577@gmail.com, ElbaFarr1276@gmail.com, AngelikaMarch9925@gmail.com, TylerGalbraith9779@gmail.com, MarylynnChauvin4173@gmail.com, LuisaOhm6420@gmail.com, BetteCarlos5624@gmail.com, RoccoBlubaugh1914@gmail.com, AlexandriaJantz3467@gmail.com, WinstonHemby7253@gmail.com, TamiJepson8335@gmail.com, AnamariaHeadrick7903@gmail.com, NereidaTruman9016@gmail.com, HipolitoRowlands4929@gmail.com, PorterMarcinkowski6594@gmail.com, BonnyForester7950@gmail.com, RuthaCrotty1764@gmail.com, DamionWysocki9147@gmail.com, ColtonMoschella8698@gmail.com, WayneBasler6942@gmail.com, JoieSly5758@gmail.com, TakishaDemo0463@gmail.com, ChasArline0812@gmail.com, JoyaBristol1484@gmail.com, NeidaVartanian0848@gmail.com, EllieDuca1079@gmail.com, AdelaSlusher1773@gmail.com, DaniellNicklas8998@gmail.com, JammieRapp6294@gmail.com, BessHugo8379@gmail.com, MignonCarnes1909@gmail.com, CareyBaley9974@gmail.com, DaniStroop2632@gmail.com, MaddieMccusker6382@gmail.com, HerschelSena4741@gmail.com, OraSuddeth1307@gmail.com, TedBroome1787@gmail.com, BirgitMcglade6409@gmail.com, HeidiPoplawski3633@gmail.com, CarmenIreland5525@gmail.com, NeliaAbrams8620@gmail.com, AdanCarden9027@gmail.com, LeannaMazer1235@gmail.com, KeshaShoop3740@gmail.com, ElzaAumick8395@gmail.com, TerenceGrothe7967@gmail.com, JazmineMccolley4132@gmail.com, AlphaHundley6257@gmail.com, ScotHollis8426@gmail.com, MarcelinaKoger3137@gmail.com, NaomaWhitman5530@gmail.com, AlfrediaSemon0100@gmail.com, MiyokoPinto5432@gmail.com, LeiaAmico4089@gmail.com, SimonPolinsky7978@gmail.com, YulandaMarsden6146@gmail.com, ChloeFlorey0182@gmail.com, BerniceCorcoran1154@gmail.com, ChristineParkinson6954@gmail.com, MarlysMatteson1945@gmail.com, EstellaLavallie2298@gmail.com, MadieBhatti9814@gmail.com, DelphaTharrington9888@gmail.com, ElwoodCortez5872@gmail.com, SanjuanitaBrotzman9707@gmail.com, CelesteMahmood5635@gmail.com, FlorHallock7282@gmail.com, CorazonBohan2879@gmail.com, CynthiaGines6711@gmail.com, NobleKrom2799@gmail.com, RosalindDaniele3014@gmail.com, MargaretaKu9884@gmail.com, SherrieRivero5899@gmail.com, MandiSwartwood6426@gmail.com, RickyLatimer5417@gmail.com, ClaraVillegas9775@gmail.com, TyroneAntonio7136@gmail.com, NoahDeppen5278@gmail.com, NelleGoodlow2877@gmail.com, YeseniaTillett4254@gmail.com, LynellLando8106@gmail.com, LoreenMorel1989@gmail.com, CaraRakowski1097@gmail.com, SilasChickering2101@gmail.com, MargueriteSchuman2081@gmail.com, ThuyDecamp9430@gmail.com, IanReising1886@gmail.com, RufusHanshaw6825@gmail.com, IrmaEncarnacion2873@gmail.com, LeomaMazzei2034@gmail.com, LateshaMarini8611@gmail.com, MallorySegarra2903@gmail.com, TorrieHarnois1022@gmail.com, ParkerForrest2558@gmail.com, JedFrazier6088@gmail.com, KimiSavard3616@gmail.com, LashayFranz1318@gmail.com]
17:54:39.095 [main] INFO api.AvailableMembersApi - Validating members for Survey ID: 22
17:54:39.097 [main] INFO api.AvailableMembersApi - Received response for survey ID 23: Status Code = 200
17:54:39.102 [main] INFO api.AvailableMembersApi - Available emails for survey ID 23: [MalissaArn0202@gmail.com, TeriVillalobos6990@gmail.com, MeghannFollowell6036@gmail.com, LeeHarlow6738@gmail.com, SalvatoreMonico6748@gmail.com, SunshineFocht0017@gmail.com, TasiaMerritt2498@gmail.com, GregoryLucchesi4579@gmail.com, DrucillaWilhelm1088@gmail.com, JaquelynLevett2862@gmail.com, MarikoHadfield9920@gmail.com, JanitaStroman5652@gmail.com, MargaritoDerringer6053@gmail.com, SheritaArispe4106@gmail.com, EverettNorthup7669@gmail.com, MicahShirley0805@gmail.com, WilhelminaHibdon9677@gmail.com, CarolinBlauser7632@gmail.com, LylaAlmanza0199@gmail.com, ChereGamino1550@gmail.com, FletaGiampaolo3754@gmail.com, SaraiMorelli9034@gmail.com, LashandaAbbott9174@gmail.com, JeffryDynes1098@gmail.com, VerniceSoto3260@gmail.com, TemikaHuth9411@gmail.com, AdriannaFentress5065@gmail.com, TaynaRey4852@gmail.com, IkeClink7071@gmail.com, GaynellCroce7702@gmail.com, DarlenaFarrington7903@gmail.com, CherrylCarolina2273@gmail.com, ZoeSolar4260@gmail.com, AnjanetteKrupp7724@gmail.com, JanieceSilvernail2745@gmail.com, IveyBuskey1353@gmail.com, ViolaBlackstock8664@gmail.com, ElaneMartinelli1121@gmail.com, RachellAnkrom0998@gmail.com, KylaKays1591@gmail.com, AltonSmedley5432@gmail.com, VoncileHayner2281@gmail.com, BebeLehmkuhl5703@gmail.com, InellRuoff2731@gmail.com, OnitaHolloway7718@gmail.com, NormanCastilleja4018@gmail.com, DelmarTourville5884@gmail.com, AudryBerends0895@gmail.com, ZoraidaFaulkner5026@gmail.com, KelleeMaddy6483@gmail.com, FlorencioMuller2772@gmail.com, JoDettman4460@gmail.com, RosanneTrezza7663@gmail.com, MarylandBenedict6434@gmail.com, MirthaConine8554@gmail.com, KristinPonton2734@gmail.com, FlossiePangburn4203@gmail.com, YukoSteffes9115@gmail.com, DixieDarsey7418@gmail.com, KendrickPreston8153@gmail.com, CariPizzo2637@gmail.com, EllamaeTallon2542@gmail.com, AbbieKreidler2527@gmail.com, DustinArterburn6055@gmail.com, CatriceLenton4273@gmail.com, YangSoriano2861@gmail.com, JulianClapper5906@gmail.com, RhebaCorbett1709@gmail.com, MarcelleHerzog9009@gmail.com, XochitlCalderwood5941@gmail.com, LeilaOdle4383@gmail.com, AbbyPeevy0877@gmail.com, JarvisMillar3472@gmail.com, LekishaHinnenkamp1017@gmail.com, AngeliaKeebler0114@gmail.com, ClementinaGormley2089@gmail.com, JoslynKeen8547@gmail.com, VerlaBearse3879@gmail.com, CassaundraLoar9453@gmail.com, AlonaRedel2262@gmail.com, HeidiGravelle3094@gmail.com, BuckSlawson5304@gmail.com, LindsayHenline2766@gmail.com, MimiWinsor6625@gmail.com, MaxineClauson3939@gmail.com, TalishaGeise5594@gmail.com, StacieAustria9018@gmail.com, GeorgiaCincotta6796@gmail.com, CyrstalRobb5332@gmail.com, CorneliaLaney7638@gmail.com, JereRouth3497@gmail.com, ArchieBranning7218@gmail.com, TomiAthey0697@gmail.com, MathaBeard0636@gmail.com, BudMclarty0075@gmail.com, MarlanaGillard2214@gmail.com, ElvisLeatherwood1278@gmail.com, HellenMacrae0712@gmail.com, MeaghanMacinnis5645@gmail.com, LezlieLuckey7094@gmail.com, MozelleReddy3840@gmail.com, OleneLedgerwood3654@gmail.com, ShandaCromer4960@gmail.com, VeniceSherry5610@gmail.com, RonCopher9843@gmail.com, ArmindaValentino6586@gmail.com, CarolannBronson4617@gmail.com, CharlynHaggerty1577@gmail.com, IsaacLinebaugh9546@gmail.com, ElbaFarr1276@gmail.com, TylerGalbraith9779@gmail.com, MarylynnChauvin4173@gmail.com, LuisaOhm6420@gmail.com, RoccoBlubaugh1914@gmail.com, AlexandriaJantz3467@gmail.com, WinstonHemby7253@gmail.com, TamiJepson8335@gmail.com, AnamariaHeadrick7903@gmail.com, NereidaTruman9016@gmail.com, HipolitoRowlands4929@gmail.com, PorterMarcinkowski6594@gmail.com, BonnyForester7950@gmail.com, RuthaCrotty1764@gmail.com, ColtonMoschella8698@gmail.com, WayneBasler6942@gmail.com, JoieSly5758@gmail.com, TakishaDemo0463@gmail.com, ChasArline0812@gmail.com, JoyaBristol1484@gmail.com, NeidaVartanian0848@gmail.com, AdelaSlusher1773@gmail.com, DaniellNicklas8998@gmail.com, JammieRapp6294@gmail.com, BessHugo8379@gmail.com, MignonCarnes1909@gmail.com, CareyBaley9974@gmail.com, DaniStroop2632@gmail.com, MaddieMccusker6382@gmail.com, HerschelSena4741@gmail.com, OraSuddeth1307@gmail.com, TedBroome1787@gmail.com, BirgitMcglade6409@gmail.com, HeidiPoplawski3633@gmail.com, CarmenIreland5525@gmail.com, NeliaAbrams8620@gmail.com, AdanCarden9027@gmail.com, LeannaMazer1235@gmail.com, KeshaShoop3740@gmail.com, ElzaAumick8395@gmail.com, TerenceGrothe7967@gmail.com, MarkitaBrymer7321@gmail.com, JazmineMccolley4132@gmail.com, AlphaHundley6257@gmail.com, ScotHollis8426@gmail.com, NaomaWhitman5530@gmail.com, AlfrediaSemon0100@gmail.com, MiyokoPinto5432@gmail.com, IsauraMorton9001@gmail.com, LeiaAmico4089@gmail.com, SimonPolinsky7978@gmail.com, YulandaMarsden6146@gmail.com, BerniceCorcoran1154@gmail.com, ChristineParkinson6954@gmail.com, MarlysMatteson1945@gmail.com, EstellaLavallie2298@gmail.com, DelphaTharrington9888@gmail.com, ElwoodCortez5872@gmail.com, SanjuanitaBrotzman9707@gmail.com, CelesteMahmood5635@gmail.com, FlorHallock7282@gmail.com, BrigitteRahm2391@gmail.com, CorazonBohan2879@gmail.com, CynthiaGines6711@gmail.com, NobleKrom2799@gmail.com, RosalindDaniele3014@gmail.com, MargaretaKu9884@gmail.com, SherrieRivero5899@gmail.com, RickyLatimer5417@gmail.com, TyroneAntonio7136@gmail.com, NoahDeppen5278@gmail.com, NelleGoodlow2877@gmail.com, YeseniaTillett4254@gmail.com, LynellLando8106@gmail.com, LoreenMorel1989@gmail.com, ValentinaNitti1092@gmail.com, CaraRakowski1097@gmail.com, SilasChickering2101@gmail.com, MargueriteSchuman2081@gmail.com, IanReising1886@gmail.com, RufusHanshaw6825@gmail.com, IrmaEncarnacion2873@gmail.com, LeomaMazzei2034@gmail.com, LateshaMarini8611@gmail.com, MallorySegarra2903@gmail.com, TorrieHarnois1022@gmail.com, ParkerForrest2558@gmail.com, JedFrazier6088@gmail.com, KimiSavard3616@gmail.com, LashayFranz1318@gmail.com]
17:54:39.102 [main] INFO api.AvailableMembersApi - Validating members for Survey ID: 23
17:54:39.104 [main] INFO api.AvailableMembersApi - Received response for survey ID 24: Status Code = 200
17:54:39.110 [main] INFO api.AvailableMembersApi - Available emails for survey ID 24: [MalissaArn0202@gmail.com, TeriVillalobos6990@gmail.com, YeseniaConte8292@gmail.com, MeghannFollowell6036@gmail.com, LeeHarlow6738@gmail.com, SalvatoreMonico6748@gmail.com, SunshineFocht0017@gmail.com, DainaMaine1358@gmail.com, TasiaMerritt2498@gmail.com, DrucillaWilhelm1088@gmail.com, JaquelynLevett2862@gmail.com, MarikoHadfield9920@gmail.com, JanitaStroman5652@gmail.com, MargaritoDerringer6053@gmail.com, SheritaArispe4106@gmail.com, EverettNorthup7669@gmail.com, MicahShirley0805@gmail.com, WilhelminaHibdon9677@gmail.com, CarolinBlauser7632@gmail.com, LylaAlmanza0199@gmail.com, ChereGamino1550@gmail.com, FletaGiampaolo3754@gmail.com, SaraiMorelli9034@gmail.com, LashandaAbbott9174@gmail.com, JeffryDynes1098@gmail.com, VerniceSoto3260@gmail.com, ElnaPhelan2540@gmail.com, TemikaHuth9411@gmail.com, AdriannaFentress5065@gmail.com, TaynaRey4852@gmail.com, IkeClink7071@gmail.com, GaynellCroce7702@gmail.com, DarlenaFarrington7903@gmail.com, CherrylCarolina2273@gmail.com, ZoeSolar4260@gmail.com, AnjanetteKrupp7724@gmail.com, JanieceSilvernail2745@gmail.com, IveyBuskey1353@gmail.com, ViolaBlackstock8664@gmail.com, ElaneMartinelli1121@gmail.com, RachellAnkrom0998@gmail.com, KylaKays1591@gmail.com, VoncileHayner2281@gmail.com, BebeLehmkuhl5703@gmail.com, InellRuoff2731@gmail.com, NormanCastilleja4018@gmail.com, DelmarTourville5884@gmail.com, ZoraidaFaulkner5026@gmail.com, KelleeMaddy6483@gmail.com, FlorencioMuller2772@gmail.com, JoDettman4460@gmail.com, RosanneTrezza7663@gmail.com, MarylandBenedict6434@gmail.com, MirthaConine8554@gmail.com, FlossiePangburn4203@gmail.com, YukoSteffes9115@gmail.com, DixieDarsey7418@gmail.com, KendrickPreston8153@gmail.com, CariPizzo2637@gmail.com, EllamaeTallon2542@gmail.com, AbbieKreidler2527@gmail.com, DustinArterburn6055@gmail.com, CatriceLenton4273@gmail.com, LailaHoldren0317@gmail.com, YangSoriano2861@gmail.com, JonShultis2071@gmail.com, JulianClapper5906@gmail.com, MylesCooke7867@gmail.com, RhebaCorbett1709@gmail.com, MarcelleHerzog9009@gmail.com, XochitlCalderwood5941@gmail.com, LeilaOdle4383@gmail.com, AbbyPeevy0877@gmail.com, JarvisMillar3472@gmail.com, LekishaHinnenkamp1017@gmail.com, AngeliaKeebler0114@gmail.com, ClementinaGormley2089@gmail.com, JoslynKeen8547@gmail.com, VerlaBearse3879@gmail.com, CassaundraLoar9453@gmail.com, JiLamarche1348@gmail.com, LilliamMcghie9513@gmail.com, AlonaRedel2262@gmail.com, HeidiGravelle3094@gmail.com, BuckSlawson5304@gmail.com, LindsayHenline2766@gmail.com, MaxineClauson3939@gmail.com, LenaGalusha7687@gmail.com, TalishaGeise5594@gmail.com, StacieAustria9018@gmail.com, GeorgiaCincotta6796@gmail.com, CyrstalRobb5332@gmail.com, CorneliaLaney7638@gmail.com, ArchieBranning7218@gmail.com, TomiAthey0697@gmail.com, MathaBeard0636@gmail.com, BudMclarty0075@gmail.com, MarlanaGillard2214@gmail.com, ElvisLeatherwood1278@gmail.com, HellenMacrae0712@gmail.com, MeaghanMacinnis5645@gmail.com, LezlieLuckey7094@gmail.com, MozelleReddy3840@gmail.com, OleneLedgerwood3654@gmail.com, VeniceSherry5610@gmail.com, RonCopher9843@gmail.com, ArmindaValentino6586@gmail.com, CharlynHaggerty1577@gmail.com, IsaacLinebaugh9546@gmail.com, ElbaFarr1276@gmail.com, AngelikaMarch9925@gmail.com, TylerGalbraith9779@gmail.com, MarylynnChauvin4173@gmail.com, LuisaOhm6420@gmail.com, BetteCarlos5624@gmail.com, RoccoBlubaugh1914@gmail.com, AlexandriaJantz3467@gmail.com, WinstonHemby7253@gmail.com, TamiJepson8335@gmail.com, NereidaTruman9016@gmail.com, HipolitoRowlands4929@gmail.com, PorterMarcinkowski6594@gmail.com, RuthaCrotty1764@gmail.com, DamionWysocki9147@gmail.com, ColtonMoschella8698@gmail.com, WayneBasler6942@gmail.com, JoieSly5758@gmail.com, TakishaDemo0463@gmail.com, ChasArline0812@gmail.com, JoyaBristol1484@gmail.com, EllieDuca1079@gmail.com, AdelaSlusher1773@gmail.com, DaniellNicklas8998@gmail.com, JammieRapp6294@gmail.com, BessHugo8379@gmail.com, MarlinHolm9186@gmail.com, MignonCarnes1909@gmail.com, DaniStroop2632@gmail.com, MaddieMccusker6382@gmail.com, HerschelSena4741@gmail.com, OraSuddeth1307@gmail.com, TedBroome1787@gmail.com, BirgitMcglade6409@gmail.com, CarmenIreland5525@gmail.com, NeliaAbrams8620@gmail.com, AdanCarden9027@gmail.com, LeannaMazer1235@gmail.com, KeshaShoop3740@gmail.com, ElzaAumick8395@gmail.com, TerenceGrothe7967@gmail.com, MarkitaBrymer7321@gmail.com, JazmineMccolley4132@gmail.com, ScotHollis8426@gmail.com, MarcelinaKoger3137@gmail.com, NaomaWhitman5530@gmail.com, AlfrediaSemon0100@gmail.com, MiyokoPinto5432@gmail.com, LeiaAmico4089@gmail.com, SimonPolinsky7978@gmail.com, YulandaMarsden6146@gmail.com, ChloeFlorey0182@gmail.com, BerniceCorcoran1154@gmail.com, ChristineParkinson6954@gmail.com, MarlysMatteson1945@gmail.com, EstellaLavallie2298@gmail.com, DelphaTharrington9888@gmail.com, SanjuanitaBrotzman9707@gmail.com, CelesteMahmood5635@gmail.com, FlorHallock7282@gmail.com, BrigitteRahm2391@gmail.com, CorazonBohan2879@gmail.com, CynthiaGines6711@gmail.com, NobleKrom2799@gmail.com, RosalindDaniele3014@gmail.com, MargaretaKu9884@gmail.com, SherrieRivero5899@gmail.com, MandiSwartwood6426@gmail.com, RickyLatimer5417@gmail.com, ClaraVillegas9775@gmail.com, TyroneAntonio7136@gmail.com, NoahDeppen5278@gmail.com, NelleGoodlow2877@gmail.com, YeseniaTillett4254@gmail.com, LynellLando8106@gmail.com, LoreenMorel1989@gmail.com, ValentinaNitti1092@gmail.com, CaraRakowski1097@gmail.com, SilasChickering2101@gmail.com, MargueriteSchuman2081@gmail.com, IanReising1886@gmail.com, IrmaEncarnacion2873@gmail.com, LeomaMazzei2034@gmail.com, MallorySegarra2903@gmail.com, TorrieHarnois1022@gmail.com, ParkerForrest2558@gmail.com, JedFrazier6088@gmail.com, KimiSavard3616@gmail.com, LashayFranz1318@gmail.com]
17:54:39.110 [main] INFO api.AvailableMembersApi - Validating members for Survey ID: 24
17:54:39.112 [main] INFO api.AvailableMembersApi - Received response for survey ID 25: Status Code = 200
17:54:39.118 [main] INFO api.AvailableMembersApi - Available emails for survey ID 25: [TeriVillalobos6990@gmail.com, MeghannFollowell6036@gmail.com, LeeHarlow6738@gmail.com, SalvatoreMonico6748@gmail.com, SunshineFocht0017@gmail.com, DainaMaine1358@gmail.com, GregoryLucchesi4579@gmail.com, DrucillaWilhelm1088@gmail.com, JaquelynLevett2862@gmail.com, MarikoHadfield9920@gmail.com, JanitaStroman5652@gmail.com, MargaritoDerringer6053@gmail.com, SheritaArispe4106@gmail.com, MicahShirley0805@gmail.com, WilhelminaHibdon9677@gmail.com, CarolinBlauser7632@gmail.com, LylaAlmanza0199@gmail.com, ChereGamino1550@gmail.com, FletaGiampaolo3754@gmail.com, CleotildeMcmiller8058@gmail.com, SaraiMorelli9034@gmail.com, LashandaAbbott9174@gmail.com, JeffryDynes1098@gmail.com, VerniceSoto3260@gmail.com, ElnaPhelan2540@gmail.com, TemikaHuth9411@gmail.com, AdriannaFentress5065@gmail.com, TaynaRey4852@gmail.com, GaynellCroce7702@gmail.com, DarlenaFarrington7903@gmail.com, CherrylCarolina2273@gmail.com, AnjanetteKrupp7724@gmail.com, JanieceSilvernail2745@gmail.com, IveyBuskey1353@gmail.com, ViolaBlackstock8664@gmail.com, ElaneMartinelli1121@gmail.com, RachellAnkrom0998@gmail.com, KylaKays1591@gmail.com, AltonSmedley5432@gmail.com, VoncileHayner2281@gmail.com, BebeLehmkuhl5703@gmail.com, InellRuoff2731@gmail.com, OnitaHolloway7718@gmail.com, NormanCastilleja4018@gmail.com, DelmarTourville5884@gmail.com, ZoraidaFaulkner5026@gmail.com, FlorencioMuller2772@gmail.com, JoDettman4460@gmail.com, RosanneTrezza7663@gmail.com, MarylandBenedict6434@gmail.com, MirthaConine8554@gmail.com, KristinPonton2734@gmail.com, FlossiePangburn4203@gmail.com, YukoSteffes9115@gmail.com, DixieDarsey7418@gmail.com, KendrickPreston8153@gmail.com, CariPizzo2637@gmail.com, EllamaeTallon2542@gmail.com, AbbieKreidler2527@gmail.com, DustinArterburn6055@gmail.com, CatriceLenton4273@gmail.com, LailaHoldren0317@gmail.com, YangSoriano2861@gmail.com, JonShultis2071@gmail.com, JulianClapper5906@gmail.com, MylesCooke7867@gmail.com, RhebaCorbett1709@gmail.com, MarcelleHerzog9009@gmail.com, XochitlCalderwood5941@gmail.com, LeilaOdle4383@gmail.com, AbbyPeevy0877@gmail.com, LekishaHinnenkamp1017@gmail.com, AngeliaKeebler0114@gmail.com, ClementinaGormley2089@gmail.com, JoslynKeen8547@gmail.com, VerlaBearse3879@gmail.com, CassaundraLoar9453@gmail.com, JiLamarche1348@gmail.com, LilliamMcghie9513@gmail.com, AlonaRedel2262@gmail.com, HeidiGravelle3094@gmail.com, LindsayHenline2766@gmail.com, MimiWinsor6625@gmail.com, MaxineClauson3939@gmail.com, LenaGalusha7687@gmail.com, StacieAustria9018@gmail.com, GeorgiaCincotta6796@gmail.com, CandisGapinski6348@gmail.com, CyrstalRobb5332@gmail.com, JereRouth3497@gmail.com, ArchieBranning7218@gmail.com, TomiAthey0697@gmail.com, MathaBeard0636@gmail.com, BudMclarty0075@gmail.com, MarlanaGillard2214@gmail.com, ElvisLeatherwood1278@gmail.com, HellenMacrae0712@gmail.com, MeaghanMacinnis5645@gmail.com, LezlieLuckey7094@gmail.com, MozelleReddy3840@gmail.com, OleneLedgerwood3654@gmail.com, ShandaCromer4960@gmail.com, VeniceSherry5610@gmail.com, RonCopher9843@gmail.com, CarolannBronson4617@gmail.com, CharlynHaggerty1577@gmail.com, IsaacLinebaugh9546@gmail.com, ElbaFarr1276@gmail.com, AngelikaMarch9925@gmail.com, TylerGalbraith9779@gmail.com, MarylynnChauvin4173@gmail.com, LuisaOhm6420@gmail.com, BetteCarlos5624@gmail.com, RoccoBlubaugh1914@gmail.com, AlexandriaJantz3467@gmail.com, WinstonHemby7253@gmail.com, TamiJepson8335@gmail.com, AnamariaHeadrick7903@gmail.com, NereidaTruman9016@gmail.com, HipolitoRowlands4929@gmail.com, PorterMarcinkowski6594@gmail.com, BonnyForester7950@gmail.com, RuthaCrotty1764@gmail.com, DamionWysocki9147@gmail.com, ColtonMoschella8698@gmail.com, TakishaDemo0463@gmail.com, ChasArline0812@gmail.com, JoyaBristol1484@gmail.com, NeidaVartanian0848@gmail.com, EllieDuca1079@gmail.com, AdelaSlusher1773@gmail.com, DaniellNicklas8998@gmail.com, JammieRapp6294@gmail.com, BessHugo8379@gmail.com, MarlinHolm9186@gmail.com, MignonCarnes1909@gmail.com, CareyBaley9974@gmail.com, DaniStroop2632@gmail.com, MaddieMccusker6382@gmail.com, HerschelSena4741@gmail.com, TedBroome1787@gmail.com, BirgitMcglade6409@gmail.com, HeidiPoplawski3633@gmail.com, CarmenIreland5525@gmail.com, NeliaAbrams8620@gmail.com, AdanCarden9027@gmail.com, LeannaMazer1235@gmail.com, KeshaShoop3740@gmail.com, ElzaAumick8395@gmail.com, TerenceGrothe7967@gmail.com, MarkitaBrymer7321@gmail.com, JazmineMccolley4132@gmail.com, AlphaHundley6257@gmail.com, ScotHollis8426@gmail.com, MarcelinaKoger3137@gmail.com, NaomaWhitman5530@gmail.com, IsauraMorton9001@gmail.com, LeiaAmico4089@gmail.com, SimonPolinsky7978@gmail.com, YulandaMarsden6146@gmail.com, ChloeFlorey0182@gmail.com, BerniceCorcoran1154@gmail.com, ChristineParkinson6954@gmail.com, MarlysMatteson1945@gmail.com, EstellaLavallie2298@gmail.com, MadieBhatti9814@gmail.com, DelphaTharrington9888@gmail.com, ElwoodCortez5872@gmail.com, SanjuanitaBrotzman9707@gmail.com, CelesteMahmood5635@gmail.com, FlorHallock7282@gmail.com, BrigitteRahm2391@gmail.com, CorazonBohan2879@gmail.com, NobleKrom2799@gmail.com, RosalindDaniele3014@gmail.com, MargaretaKu9884@gmail.com, SherrieRivero5899@gmail.com, MandiSwartwood6426@gmail.com, RickyLatimer5417@gmail.com, ClaraVillegas9775@gmail.com, TyroneAntonio7136@gmail.com, NoahDeppen5278@gmail.com, NelleGoodlow2877@gmail.com, YeseniaTillett4254@gmail.com, LoreenMorel1989@gmail.com, ValentinaNitti1092@gmail.com, CaraRakowski1097@gmail.com, SilasChickering2101@gmail.com, MargueriteSchuman2081@gmail.com, ThuyDecamp9430@gmail.com, IanReising1886@gmail.com, RufusHanshaw6825@gmail.com, IrmaEncarnacion2873@gmail.com, LeomaMazzei2034@gmail.com, LateshaMarini8611@gmail.com, MallorySegarra2903@gmail.com, TorrieHarnois1022@gmail.com, ParkerForrest2558@gmail.com, JedFrazier6088@gmail.com, KimiSavard3616@gmail.com, LashayFranz1318@gmail.com]
17:54:39.118 [main] INFO api.AvailableMembersApi - Validating members for Survey ID: 25
17:54:39.120 [main] INFO api.AvailableMembersApi - Received response for survey ID 26: Status Code = 200
17:54:39.125 [main] INFO api.AvailableMembersApi - Available emails for survey ID 26: [MalissaArn0202@gmail.com, TeriVillalobos6990@gmail.com, YeseniaConte8292@gmail.com, MeghannFollowell6036@gmail.com, LeeHarlow6738@gmail.com, SalvatoreMonico6748@gmail.com, SunshineFocht0017@gmail.com, DainaMaine1358@gmail.com, OraHousand6876@gmail.com, TasiaMerritt2498@gmail.com, GregoryLucchesi4579@gmail.com, DrucillaWilhelm1088@gmail.com, MarikoHadfield9920@gmail.com, JanitaStroman5652@gmail.com, MargaritoDerringer6053@gmail.com, SheritaArispe4106@gmail.com, EverettNorthup7669@gmail.com, CarolinBlauser7632@gmail.com, LylaAlmanza0199@gmail.com, FletaGiampaolo3754@gmail.com, CleotildeMcmiller8058@gmail.com, SaraiMorelli9034@gmail.com, LashandaAbbott9174@gmail.com, VerniceSoto3260@gmail.com, ElnaPhelan2540@gmail.com, TemikaHuth9411@gmail.com, AdriannaFentress5065@gmail.com, TaynaRey4852@gmail.com, IkeClink7071@gmail.com, GaynellCroce7702@gmail.com, DarlenaFarrington7903@gmail.com, CherrylCarolina2273@gmail.com, ZoeSolar4260@gmail.com, AnjanetteKrupp7724@gmail.com, JanieceSilvernail2745@gmail.com, ViolaBlackstock8664@gmail.com, ElaneMartinelli1121@gmail.com, RachellAnkrom0998@gmail.com, KylaKays1591@gmail.com, AltonSmedley5432@gmail.com, VoncileHayner2281@gmail.com, BebeLehmkuhl5703@gmail.com, InellRuoff2731@gmail.com, OnitaHolloway7718@gmail.com, NormanCastilleja4018@gmail.com, DelmarTourville5884@gmail.com, AudryBerends0895@gmail.com, ZoraidaFaulkner5026@gmail.com, KelleeMaddy6483@gmail.com, FlorencioMuller2772@gmail.com, JoDettman4460@gmail.com, RosanneTrezza7663@gmail.com, MarylandBenedict6434@gmail.com, MirthaConine8554@gmail.com, KristinPonton2734@gmail.com, FlossiePangburn4203@gmail.com, YukoSteffes9115@gmail.com, DixieDarsey7418@gmail.com, KendrickPreston8153@gmail.com, CariPizzo2637@gmail.com, EllamaeTallon2542@gmail.com, AbbieKreidler2527@gmail.com, DustinArterburn6055@gmail.com, CatriceLenton4273@gmail.com, LailaHoldren0317@gmail.com, YangSoriano2861@gmail.com, JonShultis2071@gmail.com, JulianClapper5906@gmail.com, MylesCooke7867@gmail.com, MarcelleHerzog9009@gmail.com, XochitlCalderwood5941@gmail.com, JarvisMillar3472@gmail.com, LekishaHinnenkamp1017@gmail.com, AngeliaKeebler0114@gmail.com, ClementinaGormley2089@gmail.com, JoslynKeen8547@gmail.com, VerlaBearse3879@gmail.com, CassaundraLoar9453@gmail.com, JiLamarche1348@gmail.com, LilliamMcghie9513@gmail.com, AlonaRedel2262@gmail.com, HeidiGravelle3094@gmail.com, BuckSlawson5304@gmail.com, LindsayHenline2766@gmail.com, MimiWinsor6625@gmail.com, MaxineClauson3939@gmail.com, LenaGalusha7687@gmail.com, TalishaGeise5594@gmail.com, GeorgiaCincotta6796@gmail.com, CandisGapinski6348@gmail.com, CorneliaLaney7638@gmail.com, JereRouth3497@gmail.com, ArchieBranning7218@gmail.com, TomiAthey0697@gmail.com, MathaBeard0636@gmail.com, BudMclarty0075@gmail.com, MarlanaGillard2214@gmail.com, ElvisLeatherwood1278@gmail.com, MeaghanMacinnis5645@gmail.com, LezlieLuckey7094@gmail.com, MozelleReddy3840@gmail.com, OleneLedgerwood3654@gmail.com, ShandaCromer4960@gmail.com, VeniceSherry5610@gmail.com, RonCopher9843@gmail.com, ArmindaValentino6586@gmail.com, CharlynHaggerty1577@gmail.com, ElbaFarr1276@gmail.com, AngelikaMarch9925@gmail.com, TylerGalbraith9779@gmail.com, MarylynnChauvin4173@gmail.com, LuisaOhm6420@gmail.com, BetteCarlos5624@gmail.com, RoccoBlubaugh1914@gmail.com, AlexandriaJantz3467@gmail.com, WinstonHemby7253@gmail.com, TamiJepson8335@gmail.com, AnamariaHeadrick7903@gmail.com, NereidaTruman9016@gmail.com, HipolitoRowlands4929@gmail.com, PorterMarcinkowski6594@gmail.com, BonnyForester7950@gmail.com, RuthaCrotty1764@gmail.com, DamionWysocki9147@gmail.com, WayneBasler6942@gmail.com, JoieSly5758@gmail.com, ChasArline0812@gmail.com, EllieDuca1079@gmail.com, AdelaSlusher1773@gmail.com, JammieRapp6294@gmail.com, BessHugo8379@gmail.com, MarlinHolm9186@gmail.com, MignonCarnes1909@gmail.com, DaniStroop2632@gmail.com, MaddieMccusker6382@gmail.com, HerschelSena4741@gmail.com, OraSuddeth1307@gmail.com, TedBroome1787@gmail.com, BirgitMcglade6409@gmail.com, HeidiPoplawski3633@gmail.com, NeliaAbrams8620@gmail.com, AdanCarden9027@gmail.com, LeannaMazer1235@gmail.com, KeshaShoop3740@gmail.com, ElzaAumick8395@gmail.com, TerenceGrothe7967@gmail.com, MarkitaBrymer7321@gmail.com, JazmineMccolley4132@gmail.com, AlphaHundley6257@gmail.com, ScotHollis8426@gmail.com, NaomaWhitman5530@gmail.com, MiyokoPinto5432@gmail.com, IsauraMorton9001@gmail.com, LeiaAmico4089@gmail.com, SimonPolinsky7978@gmail.com, YulandaMarsden6146@gmail.com, ChloeFlorey0182@gmail.com, BerniceCorcoran1154@gmail.com, ChristineParkinson6954@gmail.com, MarlysMatteson1945@gmail.com, EstellaLavallie2298@gmail.com, MadieBhatti9814@gmail.com, DelphaTharrington9888@gmail.com, ElwoodCortez5872@gmail.com, CelesteMahmood5635@gmail.com, FlorHallock7282@gmail.com, BrigitteRahm2391@gmail.com, CorazonBohan2879@gmail.com, CynthiaGines6711@gmail.com, NobleKrom2799@gmail.com, RosalindDaniele3014@gmail.com, MargaretaKu9884@gmail.com, SherrieRivero5899@gmail.com, MandiSwartwood6426@gmail.com, RickyLatimer5417@gmail.com, ClaraVillegas9775@gmail.com, TyroneAntonio7136@gmail.com, NoahDeppen5278@gmail.com, NelleGoodlow2877@gmail.com, YeseniaTillett4254@gmail.com, LynellLando8106@gmail.com, LoreenMorel1989@gmail.com, ValentinaNitti1092@gmail.com, CaraRakowski1097@gmail.com, SilasChickering2101@gmail.com, MargueriteSchuman2081@gmail.com, ThuyDecamp9430@gmail.com, IanReising1886@gmail.com, RufusHanshaw6825@gmail.com, IrmaEncarnacion2873@gmail.com, LeomaMazzei2034@gmail.com, LateshaMarini8611@gmail.com, MallorySegarra2903@gmail.com, TorrieHarnois1022@gmail.com, ParkerForrest2558@gmail.com, KimiSavard3616@gmail.com, LashayFranz1318@gmail.com]
17:54:39.125 [main] INFO api.AvailableMembersApi - Validating members for Survey ID: 26
17:54:39.128 [main] INFO api.AvailableMembersApi - Received response for survey ID 27: Status Code = 200
17:54:39.160 [main] INFO api.AvailableMembersApi - Available emails for survey ID 27: [MalissaArn0202@gmail.com, TeriVillalobos6990@gmail.com, YeseniaConte8292@gmail.com, MeghannFollowell6036@gmail.com, LeeHarlow6738@gmail.com, SalvatoreMonico6748@gmail.com, SunshineFocht0017@gmail.com, DainaMaine1358@gmail.com, OraHousand6876@gmail.com, GregoryLucchesi4579@gmail.com, JaquelynLevett2862@gmail.com, JanitaStroman5652@gmail.com, MargaritoDerringer6053@gmail.com, SheritaArispe4106@gmail.com, EverettNorthup7669@gmail.com, MicahShirley0805@gmail.com, WilhelminaHibdon9677@gmail.com, CarolinBlauser7632@gmail.com, LylaAlmanza0199@gmail.com, ChereGamino1550@gmail.com, FletaGiampaolo3754@gmail.com, CleotildeMcmiller8058@gmail.com, SaraiMorelli9034@gmail.com, LashandaAbbott9174@gmail.com, JeffryDynes1098@gmail.com, VerniceSoto3260@gmail.com, ElnaPhelan2540@gmail.com, TemikaHuth9411@gmail.com, AdriannaFentress5065@gmail.com, TaynaRey4852@gmail.com, IkeClink7071@gmail.com, GaynellCroce7702@gmail.com, DarlenaFarrington7903@gmail.com, ZoeSolar4260@gmail.com, AnjanetteKrupp7724@gmail.com, JanieceSilvernail2745@gmail.com, IveyBuskey1353@gmail.com, ElaneMartinelli1121@gmail.com, RachellAnkrom0998@gmail.com, KylaKays1591@gmail.com, VoncileHayner2281@gmail.com, BebeLehmkuhl5703@gmail.com, InellRuoff2731@gmail.com, NormanCastilleja4018@gmail.com, DelmarTourville5884@gmail.com, AudryBerends0895@gmail.com, ZoraidaFaulkner5026@gmail.com, KelleeMaddy6483@gmail.com, FlorencioMuller2772@gmail.com, JoDettman4460@gmail.com, RosanneTrezza7663@gmail.com, MarylandBenedict6434@gmail.com, KristinPonton2734@gmail.com, FlossiePangburn4203@gmail.com, YukoSteffes9115@gmail.com, DixieDarsey7418@gmail.com, KendrickPreston8153@gmail.com, CariPizzo2637@gmail.com, EllamaeTallon2542@gmail.com, AbbieKreidler2527@gmail.com, DustinArterburn6055@gmail.com, CatriceLenton4273@gmail.com, LailaHoldren0317@gmail.com, YangSoriano2861@gmail.com, JonShultis2071@gmail.com, JulianClapper5906@gmail.com, RhebaCorbett1709@gmail.com, MarcelleHerzog9009@gmail.com, LeilaOdle4383@gmail.com, AbbyPeevy0877@gmail.com, JarvisMillar3472@gmail.com, LekishaHinnenkamp1017@gmail.com, AngeliaKeebler0114@gmail.com, ClementinaGormley2089@gmail.com, JoslynKeen8547@gmail.com, VerlaBearse3879@gmail.com, CassaundraLoar9453@gmail.com, JiLamarche1348@gmail.com, LilliamMcghie9513@gmail.com, AlonaRedel2262@gmail.com, HeidiGravelle3094@gmail.com, BuckSlawson5304@gmail.com, LindsayHenline2766@gmail.com, MimiWinsor6625@gmail.com, MaxineClauson3939@gmail.com, LenaGalusha7687@gmail.com, TalishaGeise5594@gmail.com, StacieAustria9018@gmail.com, GeorgiaCincotta6796@gmail.com, CandisGapinski6348@gmail.com, CyrstalRobb5332@gmail.com, CorneliaLaney7638@gmail.com, JereRouth3497@gmail.com, ArchieBranning7218@gmail.com, TomiAthey0697@gmail.com, MathaBeard0636@gmail.com, BudMclarty0075@gmail.com, MarlanaGillard2214@gmail.com, ElvisLeatherwood1278@gmail.com, HellenMacrae0712@gmail.com, MeaghanMacinnis5645@gmail.com, LezlieLuckey7094@gmail.com, MozelleReddy3840@gmail.com, OleneLedgerwood3654@gmail.com, ShandaCromer4960@gmail.com, VeniceSherry5610@gmail.com, RonCopher9843@gmail.com, ArmindaValentino6586@gmail.com, CarolannBronson4617@gmail.com, CharlynHaggerty1577@gmail.com, ElbaFarr1276@gmail.com, AngelikaMarch9925@gmail.com, TylerGalbraith9779@gmail.com, MarylynnChauvin4173@gmail.com, LuisaOhm6420@gmail.com, BetteCarlos5624@gmail.com, RoccoBlubaugh1914@gmail.com, AlexandriaJantz3467@gmail.com, WinstonHemby7253@gmail.com, TamiJepson8335@gmail.com, AnamariaHeadrick7903@gmail.com, NereidaTruman9016@gmail.com, HipolitoRowlands4929@gmail.com, PorterMarcinkowski6594@gmail.com, BonnyForester7950@gmail.com, RuthaCrotty1764@gmail.com, DamionWysocki9147@gmail.com, ColtonMoschella8698@gmail.com, JoieSly5758@gmail.com, TakishaDemo0463@gmail.com, ChasArline0812@gmail.com, EllieDuca1079@gmail.com, AdelaSlusher1773@gmail.com, DaniellNicklas8998@gmail.com, JammieRapp6294@gmail.com, BessHugo8379@gmail.com, MarlinHolm9186@gmail.com, MignonCarnes1909@gmail.com, CareyBaley9974@gmail.com, DaniStroop2632@gmail.com, MaddieMccusker6382@gmail.com, HerschelSena4741@gmail.com, OraSuddeth1307@gmail.com, TedBroome1787@gmail.com, BirgitMcglade6409@gmail.com, HeidiPoplawski3633@gmail.com, CarmenIreland5525@gmail.com, NeliaAbrams8620@gmail.com, AdanCarden9027@gmail.com, LeannaMazer1235@gmail.com, KeshaShoop3740@gmail.com, ElzaAumick8395@gmail.com, TerenceGrothe7967@gmail.com, MarkitaBrymer7321@gmail.com, JazmineMccolley4132@gmail.com, AlphaHundley6257@gmail.com, MarcelinaKoger3137@gmail.com, NaomaWhitman5530@gmail.com, AlfrediaSemon0100@gmail.com, MiyokoPinto5432@gmail.com, IsauraMorton9001@gmail.com, LeiaAmico4089@gmail.com, SimonPolinsky7978@gmail.com, YulandaMarsden6146@gmail.com, ChloeFlorey0182@gmail.com, BerniceCorcoran1154@gmail.com, ChristineParkinson6954@gmail.com, MarlysMatteson1945@gmail.com, EstellaLavallie2298@gmail.com, MadieBhatti9814@gmail.com, ElwoodCortez5872@gmail.com, SanjuanitaBrotzman9707@gmail.com, CelesteMahmood5635@gmail.com, FlorHallock7282@gmail.com, BrigitteRahm2391@gmail.com, CorazonBohan2879@gmail.com, CynthiaGines6711@gmail.com, NobleKrom2799@gmail.com, RosalindDaniele3014@gmail.com, MargaretaKu9884@gmail.com, SherrieRivero5899@gmail.com, MandiSwartwood6426@gmail.com, RickyLatimer5417@gmail.com, ClaraVillegas9775@gmail.com, TyroneAntonio7136@gmail.com, NoahDeppen5278@gmail.com, NelleGoodlow2877@gmail.com, YeseniaTillett4254@gmail.com, LynellLando8106@gmail.com, ValentinaNitti1092@gmail.com, CaraRakowski1097@gmail.com, SilasChickering2101@gmail.com, ThuyDecamp9430@gmail.com, IanReising1886@gmail.com, RufusHanshaw6825@gmail.com, IrmaEncarnacion2873@gmail.com, LeomaMazzei2034@gmail.com, TorrieHarnois1022@gmail.com, ParkerForrest2558@gmail.com, JedFrazier6088@gmail.com, KimiSavard3616@gmail.com, LashayFranz1318@gmail.com]
17:54:39.160 [main] INFO api.AvailableMembersApi - Validating members for Survey ID: 27
17:54:39.163 [main] INFO api.AvailableMembersApi - Received response for survey ID 28: Status Code = 200
17:54:39.171 [main] INFO api.AvailableMembersApi - Available emails for survey ID 28: [MalissaArn0202@gmail.com, TeriVillalobos6990@gmail.com, YeseniaConte8292@gmail.com, MeghannFollowell6036@gmail.com, LeeHarlow6738@gmail.com, SalvatoreMonico6748@gmail.com, SunshineFocht0017@gmail.com, DainaMaine1358@gmail.com, TasiaMerritt2498@gmail.com, DrucillaWilhelm1088@gmail.com, MarikoHadfield9920@gmail.com, JanitaStroman5652@gmail.com, MargaritoDerringer6053@gmail.com, EverettNorthup7669@gmail.com, MicahShirley0805@gmail.com, WilhelminaHibdon9677@gmail.com, CarolinBlauser7632@gmail.com, LylaAlmanza0199@gmail.com, ChereGamino1550@gmail.com, FletaGiampaolo3754@gmail.com, CleotildeMcmiller8058@gmail.com, SaraiMorelli9034@gmail.com, JeffryDynes1098@gmail.com, ElnaPhelan2540@gmail.com, TemikaHuth9411@gmail.com, AdriannaFentress5065@gmail.com, TaynaRey4852@gmail.com, IkeClink7071@gmail.com, GaynellCroce7702@gmail.com, DarlenaFarrington7903@gmail.com, ZoeSolar4260@gmail.com, AnjanetteKrupp7724@gmail.com, JanieceSilvernail2745@gmail.com, IveyBuskey1353@gmail.com, ViolaBlackstock8664@gmail.com, ElaneMartinelli1121@gmail.com, RachellAnkrom0998@gmail.com, KylaKays1591@gmail.com, VoncileHayner2281@gmail.com, BebeLehmkuhl5703@gmail.com, InellRuoff2731@gmail.com, OnitaHolloway7718@gmail.com, NormanCastilleja4018@gmail.com, DelmarTourville5884@gmail.com, AudryBerends0895@gmail.com, KelleeMaddy6483@gmail.com, FlorencioMuller2772@gmail.com, JoDettman4460@gmail.com, RosanneTrezza7663@gmail.com, MarylandBenedict6434@gmail.com, KristinPonton2734@gmail.com, FlossiePangburn4203@gmail.com, YukoSteffes9115@gmail.com, DixieDarsey7418@gmail.com, KendrickPreston8153@gmail.com, CariPizzo2637@gmail.com, EllamaeTallon2542@gmail.com, DustinArterburn6055@gmail.com, CatriceLenton4273@gmail.com, LailaHoldren0317@gmail.com, YangSoriano2861@gmail.com, JonShultis2071@gmail.com, MylesCooke7867@gmail.com, RhebaCorbett1709@gmail.com, MarcelleHerzog9009@gmail.com, XochitlCalderwood5941@gmail.com, LeilaOdle4383@gmail.com, AbbyPeevy0877@gmail.com, JarvisMillar3472@gmail.com, LekishaHinnenkamp1017@gmail.com, AngeliaKeebler0114@gmail.com, ClementinaGormley2089@gmail.com, JoslynKeen8547@gmail.com, VerlaBearse3879@gmail.com, CassaundraLoar9453@gmail.com, JiLamarche1348@gmail.com, LilliamMcghie9513@gmail.com, AlonaRedel2262@gmail.com, HeidiGravelle3094@gmail.com, BuckSlawson5304@gmail.com, LindsayHenline2766@gmail.com, MimiWinsor6625@gmail.com, TalishaGeise5594@gmail.com, StacieAustria9018@gmail.com, GeorgiaCincotta6796@gmail.com, CandisGapinski6348@gmail.com, CyrstalRobb5332@gmail.com, CorneliaLaney7638@gmail.com, JereRouth3497@gmail.com, ArchieBranning7218@gmail.com, TomiAthey0697@gmail.com, MathaBeard0636@gmail.com, BudMclarty0075@gmail.com, MarlanaGillard2214@gmail.com, ElvisLeatherwood1278@gmail.com, HellenMacrae0712@gmail.com, MeaghanMacinnis5645@gmail.com, LezlieLuckey7094@gmail.com, MozelleReddy3840@gmail.com, OleneLedgerwood3654@gmail.com, ShandaCromer4960@gmail.com, VeniceSherry5610@gmail.com, RonCopher9843@gmail.com, ArmindaValentino6586@gmail.com, CarolannBronson4617@gmail.com, CharlynHaggerty1577@gmail.com, IsaacLinebaugh9546@gmail.com, ElbaFarr1276@gmail.com, TylerGalbraith9779@gmail.com, MarylynnChauvin4173@gmail.com, LuisaOhm6420@gmail.com, BetteCarlos5624@gmail.com, AlexandriaJantz3467@gmail.com, WinstonHemby7253@gmail.com, TamiJepson8335@gmail.com, AnamariaHeadrick7903@gmail.com, NereidaTruman9016@gmail.com, HipolitoRowlands4929@gmail.com, PorterMarcinkowski6594@gmail.com, BonnyForester7950@gmail.com, DamionWysocki9147@gmail.com, ColtonMoschella8698@gmail.com, WayneBasler6942@gmail.com, JoieSly5758@gmail.com, TakishaDemo0463@gmail.com, ChasArline0812@gmail.com, JoyaBristol1484@gmail.com, NeidaVartanian0848@gmail.com, EllieDuca1079@gmail.com, AdelaSlusher1773@gmail.com, JammieRapp6294@gmail.com, BessHugo8379@gmail.com, MarlinHolm9186@gmail.com, MignonCarnes1909@gmail.com, CareyBaley9974@gmail.com, DaniStroop2632@gmail.com, MaddieMccusker6382@gmail.com, HerschelSena4741@gmail.com, OraSuddeth1307@gmail.com, BirgitMcglade6409@gmail.com, CarmenIreland5525@gmail.com, NeliaAbrams8620@gmail.com, AdanCarden9027@gmail.com, LeannaMazer1235@gmail.com, KeshaShoop3740@gmail.com, TerenceGrothe7967@gmail.com, JazmineMccolley4132@gmail.com, ScotHollis8426@gmail.com, MarcelinaKoger3137@gmail.com, NaomaWhitman5530@gmail.com, AlfrediaSemon0100@gmail.com, MiyokoPinto5432@gmail.com, IsauraMorton9001@gmail.com, LeiaAmico4089@gmail.com, SimonPolinsky7978@gmail.com, ChloeFlorey0182@gmail.com, BerniceCorcoran1154@gmail.com, MarlysMatteson1945@gmail.com, EstellaLavallie2298@gmail.com, MadieBhatti9814@gmail.com, DelphaTharrington9888@gmail.com, ElwoodCortez5872@gmail.com, SanjuanitaBrotzman9707@gmail.com, CelesteMahmood5635@gmail.com, FlorHallock7282@gmail.com, BrigitteRahm2391@gmail.com, CorazonBohan2879@gmail.com, CynthiaGines6711@gmail.com, NobleKrom2799@gmail.com, RosalindDaniele3014@gmail.com, SherrieRivero5899@gmail.com, MandiSwartwood6426@gmail.com, RickyLatimer5417@gmail.com, ClaraVillegas9775@gmail.com, TyroneAntonio7136@gmail.com, NoahDeppen5278@gmail.com, NelleGoodlow2877@gmail.com, YeseniaTillett4254@gmail.com, LynellLando8106@gmail.com, LoreenMorel1989@gmail.com, ValentinaNitti1092@gmail.com, CaraRakowski1097@gmail.com, SilasChickering2101@gmail.com, MargueriteSchuman2081@gmail.com, ThuyDecamp9430@gmail.com, IanReising1886@gmail.com, RufusHanshaw6825@gmail.com, LeomaMazzei2034@gmail.com, LateshaMarini8611@gmail.com, MallorySegarra2903@gmail.com, TorrieHarnois1022@gmail.com, ParkerForrest2558@gmail.com, KimiSavard3616@gmail.com, LashayFranz1318@gmail.com]
17:54:39.172 [main] INFO api.AvailableMembersApi - Validating members for Survey ID: 28
17:54:39.174 [main] INFO api.AvailableMembersApi - Received response for survey ID 29: Status Code = 200
17:54:39.180 [main] INFO api.AvailableMembersApi - Available emails for survey ID 29: [MalissaArn0202@gmail.com, TeriVillalobos6990@gmail.com, YeseniaConte8292@gmail.com, MeghannFollowell6036@gmail.com, LeeHarlow6738@gmail.com, SalvatoreMonico6748@gmail.com, SunshineFocht0017@gmail.com, DainaMaine1358@gmail.com, OraHousand6876@gmail.com, GregoryLucchesi4579@gmail.com, DrucillaWilhelm1088@gmail.com, JaquelynLevett2862@gmail.com, JanitaStroman5652@gmail.com, MargaritoDerringer6053@gmail.com, SheritaArispe4106@gmail.com, EverettNorthup7669@gmail.com, MicahShirley0805@gmail.com, WilhelminaHibdon9677@gmail.com, CarolinBlauser7632@gmail.com, LylaAlmanza0199@gmail.com, ChereGamino1550@gmail.com, FletaGiampaolo3754@gmail.com, CleotildeMcmiller8058@gmail.com, SaraiMorelli9034@gmail.com, JeffryDynes1098@gmail.com, VerniceSoto3260@gmail.com, ElnaPhelan2540@gmail.com, TemikaHuth9411@gmail.com, AdriannaFentress5065@gmail.com, TaynaRey4852@gmail.com, IkeClink7071@gmail.com, GaynellCroce7702@gmail.com, DarlenaFarrington7903@gmail.com, CherrylCarolina2273@gmail.com, ZoeSolar4260@gmail.com, AnjanetteKrupp7724@gmail.com, IveyBuskey1353@gmail.com, ViolaBlackstock8664@gmail.com, ElaneMartinelli1121@gmail.com, RachellAnkrom0998@gmail.com, KylaKays1591@gmail.com, AltonSmedley5432@gmail.com, VoncileHayner2281@gmail.com, BebeLehmkuhl5703@gmail.com, InellRuoff2731@gmail.com, OnitaHolloway7718@gmail.com, NormanCastilleja4018@gmail.com, DelmarTourville5884@gmail.com, AudryBerends0895@gmail.com, ZoraidaFaulkner5026@gmail.com, KelleeMaddy6483@gmail.com, FlorencioMuller2772@gmail.com, JoDettman4460@gmail.com, RosanneTrezza7663@gmail.com, MirthaConine8554@gmail.com, KristinPonton2734@gmail.com, FlossiePangburn4203@gmail.com, YukoSteffes9115@gmail.com, DixieDarsey7418@gmail.com, CariPizzo2637@gmail.com, EllamaeTallon2542@gmail.com, AbbieKreidler2527@gmail.com, DustinArterburn6055@gmail.com, CatriceLenton4273@gmail.com, LailaHoldren0317@gmail.com, JonShultis2071@gmail.com, RhebaCorbett1709@gmail.com, MarcelleHerzog9009@gmail.com, XochitlCalderwood5941@gmail.com, LeilaOdle4383@gmail.com, AbbyPeevy0877@gmail.com, JarvisMillar3472@gmail.com, LekishaHinnenkamp1017@gmail.com, AngeliaKeebler0114@gmail.com, ClementinaGormley2089@gmail.com, JoslynKeen8547@gmail.com, VerlaBearse3879@gmail.com, CassaundraLoar9453@gmail.com, JiLamarche1348@gmail.com, LilliamMcghie9513@gmail.com, AlonaRedel2262@gmail.com, HeidiGravelle3094@gmail.com, BuckSlawson5304@gmail.com, LindsayHenline2766@gmail.com, MimiWinsor6625@gmail.com, MaxineClauson3939@gmail.com, LenaGalusha7687@gmail.com, TalishaGeise5594@gmail.com, StacieAustria9018@gmail.com, GeorgiaCincotta6796@gmail.com, CandisGapinski6348@gmail.com, CyrstalRobb5332@gmail.com, CorneliaLaney7638@gmail.com, ArchieBranning7218@gmail.com, TomiAthey0697@gmail.com, MathaBeard0636@gmail.com, BudMclarty0075@gmail.com, MarlanaGillard2214@gmail.com, ElvisLeatherwood1278@gmail.com, HellenMacrae0712@gmail.com, MeaghanMacinnis5645@gmail.com, LezlieLuckey7094@gmail.com, MozelleReddy3840@gmail.com, OleneLedgerwood3654@gmail.com, ShandaCromer4960@gmail.com, VeniceSherry5610@gmail.com, ArmindaValentino6586@gmail.com, CarolannBronson4617@gmail.com, CharlynHaggerty1577@gmail.com, ElbaFarr1276@gmail.com, AngelikaMarch9925@gmail.com, TylerGalbraith9779@gmail.com, MarylynnChauvin4173@gmail.com, LuisaOhm6420@gmail.com, BetteCarlos5624@gmail.com, RoccoBlubaugh1914@gmail.com, AlexandriaJantz3467@gmail.com, WinstonHemby7253@gmail.com, TamiJepson8335@gmail.com, NereidaTruman9016@gmail.com, HipolitoRowlands4929@gmail.com, PorterMarcinkowski6594@gmail.com, BonnyForester7950@gmail.com, ColtonMoschella8698@gmail.com, WayneBasler6942@gmail.com, TakishaDemo0463@gmail.com, JoyaBristol1484@gmail.com, NeidaVartanian0848@gmail.com, EllieDuca1079@gmail.com, AdelaSlusher1773@gmail.com, DaniellNicklas8998@gmail.com, JammieRapp6294@gmail.com, BessHugo8379@gmail.com, MarlinHolm9186@gmail.com, MignonCarnes1909@gmail.com, CareyBaley9974@gmail.com, DaniStroop2632@gmail.com, MaddieMccusker6382@gmail.com, HerschelSena4741@gmail.com, OraSuddeth1307@gmail.com, TedBroome1787@gmail.com, BirgitMcglade6409@gmail.com, HeidiPoplawski3633@gmail.com, CarmenIreland5525@gmail.com, NeliaAbrams8620@gmail.com, LeannaMazer1235@gmail.com, KeshaShoop3740@gmail.com, ElzaAumick8395@gmail.com, TerenceGrothe7967@gmail.com, MarkitaBrymer7321@gmail.com, JazmineMccolley4132@gmail.com, MarcelinaKoger3137@gmail.com, NaomaWhitman5530@gmail.com, AlfrediaSemon0100@gmail.com, MiyokoPinto5432@gmail.com, IsauraMorton9001@gmail.com, LeiaAmico4089@gmail.com, SimonPolinsky7978@gmail.com, YulandaMarsden6146@gmail.com, ChloeFlorey0182@gmail.com, BerniceCorcoran1154@gmail.com, ChristineParkinson6954@gmail.com, EstellaLavallie2298@gmail.com, MadieBhatti9814@gmail.com, ElwoodCortez5872@gmail.com, SanjuanitaBrotzman9707@gmail.com, CelesteMahmood5635@gmail.com, FlorHallock7282@gmail.com, BrigitteRahm2391@gmail.com, CorazonBohan2879@gmail.com, CynthiaGines6711@gmail.com, NobleKrom2799@gmail.com, MargaretaKu9884@gmail.com, SherrieRivero5899@gmail.com, MandiSwartwood6426@gmail.com, ClaraVillegas9775@gmail.com, TyroneAntonio7136@gmail.com, NoahDeppen5278@gmail.com, NelleGoodlow2877@gmail.com, YeseniaTillett4254@gmail.com, LynellLando8106@gmail.com, LoreenMorel1989@gmail.com, ValentinaNitti1092@gmail.com, CaraRakowski1097@gmail.com, SilasChickering2101@gmail.com, MargueriteSchuman2081@gmail.com, ThuyDecamp9430@gmail.com, IanReising1886@gmail.com, RufusHanshaw6825@gmail.com, IrmaEncarnacion2873@gmail.com, LeomaMazzei2034@gmail.com, LateshaMarini8611@gmail.com, MallorySegarra2903@gmail.com, TorrieHarnois1022@gmail.com, ParkerForrest2558@gmail.com, JedFrazier6088@gmail.com, KimiSavard3616@gmail.com, LashayFranz1318@gmail.com]
17:54:39.180 [main] INFO api.AvailableMembersApi - Validating members for Survey ID: 29
17:54:39.182 [main] INFO api.AvailableMembersApi - Received response for survey ID 30: Status Code = 200
17:54:39.187 [main] INFO api.AvailableMembersApi - Available emails for survey ID 30: [MalissaArn0202@gmail.com, YeseniaConte8292@gmail.com, MeghannFollowell6036@gmail.com, SalvatoreMonico6748@gmail.com, SunshineFocht0017@gmail.com, OraHousand6876@gmail.com, TasiaMerritt2498@gmail.com, GregoryLucchesi4579@gmail.com, DrucillaWilhelm1088@gmail.com, JaquelynLevett2862@gmail.com, MarikoHadfield9920@gmail.com, JanitaStroman5652@gmail.com, MargaritoDerringer6053@gmail.com, SheritaArispe4106@gmail.com, EverettNorthup7669@gmail.com, MicahShirley0805@gmail.com, WilhelminaHibdon9677@gmail.com, CarolinBlauser7632@gmail.com, LylaAlmanza0199@gmail.com, ChereGamino1550@gmail.com, FletaGiampaolo3754@gmail.com, CleotildeMcmiller8058@gmail.com, LashandaAbbott9174@gmail.com, JeffryDynes1098@gmail.com, VerniceSoto3260@gmail.com, ElnaPhelan2540@gmail.com, TemikaHuth9411@gmail.com, AdriannaFentress5065@gmail.com, TaynaRey4852@gmail.com, IkeClink7071@gmail.com, GaynellCroce7702@gmail.com, DarlenaFarrington7903@gmail.com, CherrylCarolina2273@gmail.com, ZoeSolar4260@gmail.com, AnjanetteKrupp7724@gmail.com, JanieceSilvernail2745@gmail.com, IveyBuskey1353@gmail.com, ViolaBlackstock8664@gmail.com, ElaneMartinelli1121@gmail.com, RachellAnkrom0998@gmail.com, KylaKays1591@gmail.com, AltonSmedley5432@gmail.com, VoncileHayner2281@gmail.com, BebeLehmkuhl5703@gmail.com, InellRuoff2731@gmail.com, OnitaHolloway7718@gmail.com, NormanCastilleja4018@gmail.com, AudryBerends0895@gmail.com, KelleeMaddy6483@gmail.com, JoDettman4460@gmail.com, RosanneTrezza7663@gmail.com, MarylandBenedict6434@gmail.com, KristinPonton2734@gmail.com, FlossiePangburn4203@gmail.com, YukoSteffes9115@gmail.com, DixieDarsey7418@gmail.com, KendrickPreston8153@gmail.com, EllamaeTallon2542@gmail.com, AbbieKreidler2527@gmail.com, CatriceLenton4273@gmail.com, LailaHoldren0317@gmail.com, YangSoriano2861@gmail.com, JonShultis2071@gmail.com, JulianClapper5906@gmail.com, RhebaCorbett1709@gmail.com, MarcelleHerzog9009@gmail.com, XochitlCalderwood5941@gmail.com, LeilaOdle4383@gmail.com, AbbyPeevy0877@gmail.com, JarvisMillar3472@gmail.com, LekishaHinnenkamp1017@gmail.com, AngeliaKeebler0114@gmail.com, ClementinaGormley2089@gmail.com, JoslynKeen8547@gmail.com, VerlaBearse3879@gmail.com, CassaundraLoar9453@gmail.com, JiLamarche1348@gmail.com, AlonaRedel2262@gmail.com, HeidiGravelle3094@gmail.com, BuckSlawson5304@gmail.com, LindsayHenline2766@gmail.com, MimiWinsor6625@gmail.com, MaxineClauson3939@gmail.com, LenaGalusha7687@gmail.com, TalishaGeise5594@gmail.com, StacieAustria9018@gmail.com, GeorgiaCincotta6796@gmail.com, CandisGapinski6348@gmail.com, CyrstalRobb5332@gmail.com, CorneliaLaney7638@gmail.com, ArchieBranning7218@gmail.com, TomiAthey0697@gmail.com, MathaBeard0636@gmail.com, BudMclarty0075@gmail.com, MarlanaGillard2214@gmail.com, ElvisLeatherwood1278@gmail.com, MeaghanMacinnis5645@gmail.com, LezlieLuckey7094@gmail.com, MozelleReddy3840@gmail.com, ShandaCromer4960@gmail.com, VeniceSherry5610@gmail.com, RonCopher9843@gmail.com, ArmindaValentino6586@gmail.com, CarolannBronson4617@gmail.com, CharlynHaggerty1577@gmail.com, IsaacLinebaugh9546@gmail.com, ElbaFarr1276@gmail.com, AngelikaMarch9925@gmail.com, TylerGalbraith9779@gmail.com, MarylynnChauvin4173@gmail.com, LuisaOhm6420@gmail.com, BetteCarlos5624@gmail.com, RoccoBlubaugh1914@gmail.com, AlexandriaJantz3467@gmail.com, WinstonHemby7253@gmail.com, AnamariaHeadrick7903@gmail.com, NereidaTruman9016@gmail.com, HipolitoRowlands4929@gmail.com, PorterMarcinkowski6594@gmail.com, BonnyForester7950@gmail.com, RuthaCrotty1764@gmail.com, DamionWysocki9147@gmail.com, ColtonMoschella8698@gmail.com, WayneBasler6942@gmail.com, JoieSly5758@gmail.com, TakishaDemo0463@gmail.com, ChasArline0812@gmail.com, JoyaBristol1484@gmail.com, NeidaVartanian0848@gmail.com, EllieDuca1079@gmail.com, AdelaSlusher1773@gmail.com, DaniellNicklas8998@gmail.com, JammieRapp6294@gmail.com, BessHugo8379@gmail.com, MarlinHolm9186@gmail.com, MignonCarnes1909@gmail.com, CareyBaley9974@gmail.com, DaniStroop2632@gmail.com, MaddieMccusker6382@gmail.com, OraSuddeth1307@gmail.com, TedBroome1787@gmail.com, BirgitMcglade6409@gmail.com, HeidiPoplawski3633@gmail.com, CarmenIreland5525@gmail.com, AdanCarden9027@gmail.com, LeannaMazer1235@gmail.com, KeshaShoop3740@gmail.com, ElzaAumick8395@gmail.com, TerenceGrothe7967@gmail.com, MarkitaBrymer7321@gmail.com, JazmineMccolley4132@gmail.com, AlphaHundley6257@gmail.com, ScotHollis8426@gmail.com, MarcelinaKoger3137@gmail.com, NaomaWhitman5530@gmail.com, AlfrediaSemon0100@gmail.com, MiyokoPinto5432@gmail.com, IsauraMorton9001@gmail.com, LeiaAmico4089@gmail.com, YulandaMarsden6146@gmail.com, BerniceCorcoran1154@gmail.com, ChristineParkinson6954@gmail.com, MarlysMatteson1945@gmail.com, EstellaLavallie2298@gmail.com, MadieBhatti9814@gmail.com, DelphaTharrington9888@gmail.com, ElwoodCortez5872@gmail.com, SanjuanitaBrotzman9707@gmail.com, CelesteMahmood5635@gmail.com, FlorHallock7282@gmail.com, BrigitteRahm2391@gmail.com, CorazonBohan2879@gmail.com, CynthiaGines6711@gmail.com, NobleKrom2799@gmail.com, RosalindDaniele3014@gmail.com, MargaretaKu9884@gmail.com, SherrieRivero5899@gmail.com, MandiSwartwood6426@gmail.com, RickyLatimer5417@gmail.com, ClaraVillegas9775@gmail.com, TyroneAntonio7136@gmail.com, NoahDeppen5278@gmail.com, NelleGoodlow2877@gmail.com, YeseniaTillett4254@gmail.com, LynellLando8106@gmail.com, LoreenMorel1989@gmail.com, ValentinaNitti1092@gmail.com, CaraRakowski1097@gmail.com, SilasChickering2101@gmail.com, MargueriteSchuman2081@gmail.com, ThuyDecamp9430@gmail.com, RufusHanshaw6825@gmail.com, IrmaEncarnacion2873@gmail.com, LateshaMarini8611@gmail.com, MallorySegarra2903@gmail.com, TorrieHarnois1022@gmail.com, JedFrazier6088@gmail.com, KimiSavard3616@gmail.com, LashayFranz1318@gmail.com]
17:54:39.187 [main] INFO api.AvailableMembersApi - Validating members for Survey ID: 30
17:54:39.188 [main] INFO api.AvailableMembersApi - Received response for survey ID 31: Status Code = 200
17:54:39.193 [main] INFO api.AvailableMembersApi - Available emails for survey ID 31: [MalissaArn0202@gmail.com, TeriVillalobos6990@gmail.com, YeseniaConte8292@gmail.com, MeghannFollowell6036@gmail.com, LeeHarlow6738@gmail.com, SalvatoreMonico6748@gmail.com, SunshineFocht0017@gmail.com, DainaMaine1358@gmail.com, OraHousand6876@gmail.com, GregoryLucchesi4579@gmail.com, DrucillaWilhelm1088@gmail.com, JaquelynLevett2862@gmail.com, MarikoHadfield9920@gmail.com, JanitaStroman5652@gmail.com, MargaritoDerringer6053@gmail.com, EverettNorthup7669@gmail.com, MicahShirley0805@gmail.com, WilhelminaHibdon9677@gmail.com, CarolinBlauser7632@gmail.com, LylaAlmanza0199@gmail.com, ChereGamino1550@gmail.com, FletaGiampaolo3754@gmail.com, CleotildeMcmiller8058@gmail.com, SaraiMorelli9034@gmail.com, LashandaAbbott9174@gmail.com, JeffryDynes1098@gmail.com, VerniceSoto3260@gmail.com, ElnaPhelan2540@gmail.com, TemikaHuth9411@gmail.com, AdriannaFentress5065@gmail.com, TaynaRey4852@gmail.com, IkeClink7071@gmail.com, GaynellCroce7702@gmail.com, DarlenaFarrington7903@gmail.com, CherrylCarolina2273@gmail.com, ZoeSolar4260@gmail.com, AnjanetteKrupp7724@gmail.com, JanieceSilvernail2745@gmail.com, IveyBuskey1353@gmail.com, ViolaBlackstock8664@gmail.com, ElaneMartinelli1121@gmail.com, RachellAnkrom0998@gmail.com, KylaKays1591@gmail.com, AltonSmedley5432@gmail.com, VoncileHayner2281@gmail.com, BebeLehmkuhl5703@gmail.com, InellRuoff2731@gmail.com, DelmarTourville5884@gmail.com, AudryBerends0895@gmail.com, ZoraidaFaulkner5026@gmail.com, KelleeMaddy6483@gmail.com, FlorencioMuller2772@gmail.com, JoDettman4460@gmail.com, RosanneTrezza7663@gmail.com, MarylandBenedict6434@gmail.com, MirthaConine8554@gmail.com, KristinPonton2734@gmail.com, FlossiePangburn4203@gmail.com, YukoSteffes9115@gmail.com, DixieDarsey7418@gmail.com, CariPizzo2637@gmail.com, EllamaeTallon2542@gmail.com, AbbieKreidler2527@gmail.com, DustinArterburn6055@gmail.com, CatriceLenton4273@gmail.com, LailaHoldren0317@gmail.com, YangSoriano2861@gmail.com, JonShultis2071@gmail.com, JulianClapper5906@gmail.com, MylesCooke7867@gmail.com, RhebaCorbett1709@gmail.com, MarcelleHerzog9009@gmail.com, XochitlCalderwood5941@gmail.com, AbbyPeevy0877@gmail.com, JarvisMillar3472@gmail.com, LekishaHinnenkamp1017@gmail.com, ClementinaGormley2089@gmail.com, JoslynKeen8547@gmail.com, VerlaBearse3879@gmail.com, CassaundraLoar9453@gmail.com, JiLamarche1348@gmail.com, LilliamMcghie9513@gmail.com, AlonaRedel2262@gmail.com, HeidiGravelle3094@gmail.com, BuckSlawson5304@gmail.com, LindsayHenline2766@gmail.com, MimiWinsor6625@gmail.com, MaxineClauson3939@gmail.com, LenaGalusha7687@gmail.com, TalishaGeise5594@gmail.com, StacieAustria9018@gmail.com, GeorgiaCincotta6796@gmail.com, CandisGapinski6348@gmail.com, CyrstalRobb5332@gmail.com, CorneliaLaney7638@gmail.com, JereRouth3497@gmail.com, ArchieBranning7218@gmail.com, TomiAthey0697@gmail.com, MathaBeard0636@gmail.com, BudMclarty0075@gmail.com, ElvisLeatherwood1278@gmail.com, HellenMacrae0712@gmail.com, MeaghanMacinnis5645@gmail.com, LezlieLuckey7094@gmail.com, MozelleReddy3840@gmail.com, OleneLedgerwood3654@gmail.com, ShandaCromer4960@gmail.com, VeniceSherry5610@gmail.com, RonCopher9843@gmail.com, ArmindaValentino6586@gmail.com, CarolannBronson4617@gmail.com, CharlynHaggerty1577@gmail.com, IsaacLinebaugh9546@gmail.com, ElbaFarr1276@gmail.com, TylerGalbraith9779@gmail.com, MarylynnChauvin4173@gmail.com, LuisaOhm6420@gmail.com, RoccoBlubaugh1914@gmail.com, AlexandriaJantz3467@gmail.com, TamiJepson8335@gmail.com, AnamariaHeadrick7903@gmail.com, NereidaTruman9016@gmail.com, HipolitoRowlands4929@gmail.com, PorterMarcinkowski6594@gmail.com, BonnyForester7950@gmail.com, RuthaCrotty1764@gmail.com, DamionWysocki9147@gmail.com, ColtonMoschella8698@gmail.com, WayneBasler6942@gmail.com, JoieSly5758@gmail.com, TakishaDemo0463@gmail.com, ChasArline0812@gmail.com, JoyaBristol1484@gmail.com, NeidaVartanian0848@gmail.com, EllieDuca1079@gmail.com, AdelaSlusher1773@gmail.com, DaniellNicklas8998@gmail.com, JammieRapp6294@gmail.com, BessHugo8379@gmail.com, MarlinHolm9186@gmail.com, MignonCarnes1909@gmail.com, CareyBaley9974@gmail.com, DaniStroop2632@gmail.com, MaddieMccusker6382@gmail.com, HerschelSena4741@gmail.com, OraSuddeth1307@gmail.com, TedBroome1787@gmail.com, BirgitMcglade6409@gmail.com, HeidiPoplawski3633@gmail.com, CarmenIreland5525@gmail.com, NeliaAbrams8620@gmail.com, AdanCarden9027@gmail.com, LeannaMazer1235@gmail.com, ElzaAumick8395@gmail.com, TerenceGrothe7967@gmail.com, MarkitaBrymer7321@gmail.com, JazmineMccolley4132@gmail.com, AlphaHundley6257@gmail.com, ScotHollis8426@gmail.com, MarcelinaKoger3137@gmail.com, NaomaWhitman5530@gmail.com, AlfrediaSemon0100@gmail.com, MiyokoPinto5432@gmail.com, IsauraMorton9001@gmail.com, LeiaAmico4089@gmail.com, SimonPolinsky7978@gmail.com, ChloeFlorey0182@gmail.com, BerniceCorcoran1154@gmail.com, ChristineParkinson6954@gmail.com, MarlysMatteson1945@gmail.com, EstellaLavallie2298@gmail.com, MadieBhatti9814@gmail.com, DelphaTharrington9888@gmail.com, ElwoodCortez5872@gmail.com, SanjuanitaBrotzman9707@gmail.com, CelesteMahmood5635@gmail.com, FlorHallock7282@gmail.com, BrigitteRahm2391@gmail.com, CorazonBohan2879@gmail.com, CynthiaGines6711@gmail.com, NobleKrom2799@gmail.com, MargaretaKu9884@gmail.com, SherrieRivero5899@gmail.com, MandiSwartwood6426@gmail.com, RickyLatimer5417@gmail.com, ClaraVillegas9775@gmail.com, TyroneAntonio7136@gmail.com, NoahDeppen5278@gmail.com, NelleGoodlow2877@gmail.com, YeseniaTillett4254@gmail.com, LynellLando8106@gmail.com, LoreenMorel1989@gmail.com, ValentinaNitti1092@gmail.com, CaraRakowski1097@gmail.com, SilasChickering2101@gmail.com, MargueriteSchuman2081@gmail.com, ThuyDecamp9430@gmail.com, IanReising1886@gmail.com, RufusHanshaw6825@gmail.com, IrmaEncarnacion2873@gmail.com, LeomaMazzei2034@gmail.com, LateshaMarini8611@gmail.com, MallorySegarra2903@gmail.com, ParkerForrest2558@gmail.com, JedFrazier6088@gmail.com, KimiSavard3616@gmail.com, LashayFranz1318@gmail.com]
17:54:39.193 [main] INFO api.AvailableMembersApi - Validating members for Survey ID: 31
17:54:39.195 [main] INFO api.AvailableMembersApi - Received response for survey ID 32: Status Code = 200
17:54:39.201 [main] INFO api.AvailableMembersApi - Available emails for survey ID 32: [MalissaArn0202@gmail.com, TeriVillalobos6990@gmail.com, YeseniaConte8292@gmail.com, MeghannFollowell6036@gmail.com, LeeHarlow6738@gmail.com, SalvatoreMonico6748@gmail.com, SunshineFocht0017@gmail.com, DainaMaine1358@gmail.com, OraHousand6876@gmail.com, TasiaMerritt2498@gmail.com, DrucillaWilhelm1088@gmail.com, JaquelynLevett2862@gmail.com, JanitaStroman5652@gmail.com, MargaritoDerringer6053@gmail.com, SheritaArispe4106@gmail.com, EverettNorthup7669@gmail.com, MicahShirley0805@gmail.com, WilhelminaHibdon9677@gmail.com, CarolinBlauser7632@gmail.com, ChereGamino1550@gmail.com, FletaGiampaolo3754@gmail.com, SaraiMorelli9034@gmail.com, LashandaAbbott9174@gmail.com, JeffryDynes1098@gmail.com, VerniceSoto3260@gmail.com, ElnaPhelan2540@gmail.com, TemikaHuth9411@gmail.com, AdriannaFentress5065@gmail.com, IkeClink7071@gmail.com, DarlenaFarrington7903@gmail.com, ZoeSolar4260@gmail.com, AnjanetteKrupp7724@gmail.com, JanieceSilvernail2745@gmail.com, IveyBuskey1353@gmail.com, ElaneMartinelli1121@gmail.com, RachellAnkrom0998@gmail.com, KylaKays1591@gmail.com, VoncileHayner2281@gmail.com, BebeLehmkuhl5703@gmail.com, InellRuoff2731@gmail.com, OnitaHolloway7718@gmail.com, DelmarTourville5884@gmail.com, AudryBerends0895@gmail.com, ZoraidaFaulkner5026@gmail.com, KelleeMaddy6483@gmail.com, FlorencioMuller2772@gmail.com, JoDettman4460@gmail.com, RosanneTrezza7663@gmail.com, MarylandBenedict6434@gmail.com, MirthaConine8554@gmail.com, FlossiePangburn4203@gmail.com, YukoSteffes9115@gmail.com, DixieDarsey7418@gmail.com, KendrickPreston8153@gmail.com, CariPizzo2637@gmail.com, EllamaeTallon2542@gmail.com, AbbieKreidler2527@gmail.com, DustinArterburn6055@gmail.com, CatriceLenton4273@gmail.com, LailaHoldren0317@gmail.com, YangSoriano2861@gmail.com, JonShultis2071@gmail.com, JulianClapper5906@gmail.com, MylesCooke7867@gmail.com, RhebaCorbett1709@gmail.com, MarcelleHerzog9009@gmail.com, XochitlCalderwood5941@gmail.com, LeilaOdle4383@gmail.com, AbbyPeevy0877@gmail.com, JarvisMillar3472@gmail.com, LekishaHinnenkamp1017@gmail.com, AngeliaKeebler0114@gmail.com, ClementinaGormley2089@gmail.com, JoslynKeen8547@gmail.com, VerlaBearse3879@gmail.com, CassaundraLoar9453@gmail.com, LilliamMcghie9513@gmail.com, AlonaRedel2262@gmail.com, HeidiGravelle3094@gmail.com, BuckSlawson5304@gmail.com, MimiWinsor6625@gmail.com, MaxineClauson3939@gmail.com, TalishaGeise5594@gmail.com, StacieAustria9018@gmail.com, GeorgiaCincotta6796@gmail.com, CandisGapinski6348@gmail.com, CyrstalRobb5332@gmail.com, CorneliaLaney7638@gmail.com, JereRouth3497@gmail.com, ArchieBranning7218@gmail.com, TomiAthey0697@gmail.com, MathaBeard0636@gmail.com, MarlanaGillard2214@gmail.com, ElvisLeatherwood1278@gmail.com, HellenMacrae0712@gmail.com, LezlieLuckey7094@gmail.com, MozelleReddy3840@gmail.com, ShandaCromer4960@gmail.com, VeniceSherry5610@gmail.com, RonCopher9843@gmail.com, CarolannBronson4617@gmail.com, CharlynHaggerty1577@gmail.com, IsaacLinebaugh9546@gmail.com, ElbaFarr1276@gmail.com, AngelikaMarch9925@gmail.com, TylerGalbraith9779@gmail.com, MarylynnChauvin4173@gmail.com, LuisaOhm6420@gmail.com, BetteCarlos5624@gmail.com, RoccoBlubaugh1914@gmail.com, AlexandriaJantz3467@gmail.com, WinstonHemby7253@gmail.com, TamiJepson8335@gmail.com, AnamariaHeadrick7903@gmail.com, NereidaTruman9016@gmail.com, HipolitoRowlands4929@gmail.com, PorterMarcinkowski6594@gmail.com, BonnyForester7950@gmail.com, RuthaCrotty1764@gmail.com, DamionWysocki9147@gmail.com, ColtonMoschella8698@gmail.com, WayneBasler6942@gmail.com, JoieSly5758@gmail.com, ChasArline0812@gmail.com, JoyaBristol1484@gmail.com, NeidaVartanian0848@gmail.com, EllieDuca1079@gmail.com, AdelaSlusher1773@gmail.com, DaniellNicklas8998@gmail.com, JammieRapp6294@gmail.com, BessHugo8379@gmail.com, MarlinHolm9186@gmail.com, CareyBaley9974@gmail.com, DaniStroop2632@gmail.com, MaddieMccusker6382@gmail.com, HerschelSena4741@gmail.com, OraSuddeth1307@gmail.com, TedBroome1787@gmail.com, CarmenIreland5525@gmail.com, NeliaAbrams8620@gmail.com, AdanCarden9027@gmail.com, LeannaMazer1235@gmail.com, ElzaAumick8395@gmail.com, TerenceGrothe7967@gmail.com, MarkitaBrymer7321@gmail.com, JazmineMccolley4132@gmail.com, AlphaHundley6257@gmail.com, ScotHollis8426@gmail.com, MarcelinaKoger3137@gmail.com, NaomaWhitman5530@gmail.com, AlfrediaSemon0100@gmail.com, MiyokoPinto5432@gmail.com, IsauraMorton9001@gmail.com, LeiaAmico4089@gmail.com, SimonPolinsky7978@gmail.com, YulandaMarsden6146@gmail.com, ChloeFlorey0182@gmail.com, BerniceCorcoran1154@gmail.com, ChristineParkinson6954@gmail.com, MarlysMatteson1945@gmail.com, EstellaLavallie2298@gmail.com, MadieBhatti9814@gmail.com, DelphaTharrington9888@gmail.com, ElwoodCortez5872@gmail.com, SanjuanitaBrotzman9707@gmail.com, FlorHallock7282@gmail.com, BrigitteRahm2391@gmail.com, CorazonBohan2879@gmail.com, CynthiaGines6711@gmail.com, NobleKrom2799@gmail.com, RosalindDaniele3014@gmail.com, MargaretaKu9884@gmail.com, SherrieRivero5899@gmail.com, MandiSwartwood6426@gmail.com, RickyLatimer5417@gmail.com, TyroneAntonio7136@gmail.com, NoahDeppen5278@gmail.com, NelleGoodlow2877@gmail.com, YeseniaTillett4254@gmail.com, LynellLando8106@gmail.com, LoreenMorel1989@gmail.com, ValentinaNitti1092@gmail.com, CaraRakowski1097@gmail.com, SilasChickering2101@gmail.com, MargueriteSchuman2081@gmail.com, ThuyDecamp9430@gmail.com, IanReising1886@gmail.com, RufusHanshaw6825@gmail.com, LeomaMazzei2034@gmail.com, LateshaMarini8611@gmail.com, MallorySegarra2903@gmail.com, TorrieHarnois1022@gmail.com, ParkerForrest2558@gmail.com, JedFrazier6088@gmail.com, KimiSavard3616@gmail.com, LashayFranz1318@gmail.com]
17:54:39.201 [main] INFO api.AvailableMembersApi - Validating members for Survey ID: 32
17:54:39.203 [main] INFO api.AvailableMembersApi - Received response for survey ID 33: Status Code = 200
17:54:39.210 [main] INFO api.AvailableMembersApi - Available emails for survey ID 33: [MalissaArn0202@gmail.com, TeriVillalobos6990@gmail.com, YeseniaConte8292@gmail.com, MeghannFollowell6036@gmail.com, LeeHarlow6738@gmail.com, SalvatoreMonico6748@gmail.com, SunshineFocht0017@gmail.com, DainaMaine1358@gmail.com, OraHousand6876@gmail.com, TasiaMerritt2498@gmail.com, GregoryLucchesi4579@gmail.com, DrucillaWilhelm1088@gmail.com, JaquelynLevett2862@gmail.com, MarikoHadfield9920@gmail.com, JanitaStroman5652@gmail.com, MargaritoDerringer6053@gmail.com, SheritaArispe4106@gmail.com, EverettNorthup7669@gmail.com, MicahShirley0805@gmail.com, WilhelminaHibdon9677@gmail.com, CarolinBlauser7632@gmail.com, LylaAlmanza0199@gmail.com, ChereGamino1550@gmail.com, CleotildeMcmiller8058@gmail.com, SaraiMorelli9034@gmail.com, LashandaAbbott9174@gmail.com, JeffryDynes1098@gmail.com, VerniceSoto3260@gmail.com, ElnaPhelan2540@gmail.com, TemikaHuth9411@gmail.com, AdriannaFentress5065@gmail.com, TaynaRey4852@gmail.com, IkeClink7071@gmail.com, GaynellCroce7702@gmail.com, DarlenaFarrington7903@gmail.com, CherrylCarolina2273@gmail.com, ZoeSolar4260@gmail.com, AnjanetteKrupp7724@gmail.com, JanieceSilvernail2745@gmail.com, IveyBuskey1353@gmail.com, ViolaBlackstock8664@gmail.com, ElaneMartinelli1121@gmail.com, RachellAnkrom0998@gmail.com, KylaKays1591@gmail.com, AltonSmedley5432@gmail.com, VoncileHayner2281@gmail.com, BebeLehmkuhl5703@gmail.com, InellRuoff2731@gmail.com, OnitaHolloway7718@gmail.com, NormanCastilleja4018@gmail.com, DelmarTourville5884@gmail.com, AudryBerends0895@gmail.com, ZoraidaFaulkner5026@gmail.com, KelleeMaddy6483@gmail.com, FlorencioMuller2772@gmail.com, JoDettman4460@gmail.com, RosanneTrezza7663@gmail.com, MarylandBenedict6434@gmail.com, MirthaConine8554@gmail.com, KristinPonton2734@gmail.com, FlossiePangburn4203@gmail.com, YukoSteffes9115@gmail.com, DixieDarsey7418@gmail.com, KendrickPreston8153@gmail.com, CariPizzo2637@gmail.com, EllamaeTallon2542@gmail.com, AbbieKreidler2527@gmail.com, DustinArterburn6055@gmail.com, LailaHoldren0317@gmail.com, YangSoriano2861@gmail.com, JonShultis2071@gmail.com, JulianClapper5906@gmail.com, MylesCooke7867@gmail.com, RhebaCorbett1709@gmail.com, MarcelleHerzog9009@gmail.com, XochitlCalderwood5941@gmail.com, AbbyPeevy0877@gmail.com, JarvisMillar3472@gmail.com, LekishaHinnenkamp1017@gmail.com, AngeliaKeebler0114@gmail.com, ClementinaGormley2089@gmail.com, JoslynKeen8547@gmail.com, VerlaBearse3879@gmail.com, JiLamarche1348@gmail.com, LilliamMcghie9513@gmail.com, AlonaRedel2262@gmail.com, HeidiGravelle3094@gmail.com, BuckSlawson5304@gmail.com, LindsayHenline2766@gmail.com, MimiWinsor6625@gmail.com, MaxineClauson3939@gmail.com, LenaGalusha7687@gmail.com, TalishaGeise5594@gmail.com, StacieAustria9018@gmail.com, CyrstalRobb5332@gmail.com, CorneliaLaney7638@gmail.com, ArchieBranning7218@gmail.com, TomiAthey0697@gmail.com, MathaBeard0636@gmail.com, BudMclarty0075@gmail.com, MarlanaGillard2214@gmail.com, ElvisLeatherwood1278@gmail.com, HellenMacrae0712@gmail.com, MeaghanMacinnis5645@gmail.com, LezlieLuckey7094@gmail.com, MozelleReddy3840@gmail.com, OleneLedgerwood3654@gmail.com, ShandaCromer4960@gmail.com, VeniceSherry5610@gmail.com, RonCopher9843@gmail.com, ArmindaValentino6586@gmail.com, CarolannBronson4617@gmail.com, CharlynHaggerty1577@gmail.com, IsaacLinebaugh9546@gmail.com, ElbaFarr1276@gmail.com, AngelikaMarch9925@gmail.com, TylerGalbraith9779@gmail.com, MarylynnChauvin4173@gmail.com, BetteCarlos5624@gmail.com, RoccoBlubaugh1914@gmail.com, AlexandriaJantz3467@gmail.com, WinstonHemby7253@gmail.com, TamiJepson8335@gmail.com, AnamariaHeadrick7903@gmail.com, NereidaTruman9016@gmail.com, HipolitoRowlands4929@gmail.com, PorterMarcinkowski6594@gmail.com, BonnyForester7950@gmail.com, RuthaCrotty1764@gmail.com, DamionWysocki9147@gmail.com, ColtonMoschella8698@gmail.com, WayneBasler6942@gmail.com, JoieSly5758@gmail.com, TakishaDemo0463@gmail.com, ChasArline0812@gmail.com, JoyaBristol1484@gmail.com, NeidaVartanian0848@gmail.com, EllieDuca1079@gmail.com, AdelaSlusher1773@gmail.com, DaniellNicklas8998@gmail.com, JammieRapp6294@gmail.com, BessHugo8379@gmail.com, MarlinHolm9186@gmail.com, CareyBaley9974@gmail.com, MaddieMccusker6382@gmail.com, OraSuddeth1307@gmail.com, TedBroome1787@gmail.com, HeidiPoplawski3633@gmail.com, CarmenIreland5525@gmail.com, NeliaAbrams8620@gmail.com, AdanCarden9027@gmail.com, LeannaMazer1235@gmail.com, KeshaShoop3740@gmail.com, ElzaAumick8395@gmail.com, TerenceGrothe7967@gmail.com, MarkitaBrymer7321@gmail.com, JazmineMccolley4132@gmail.com, AlphaHundley6257@gmail.com, ScotHollis8426@gmail.com, MarcelinaKoger3137@gmail.com, NaomaWhitman5530@gmail.com, AlfrediaSemon0100@gmail.com, MiyokoPinto5432@gmail.com, IsauraMorton9001@gmail.com, SimonPolinsky7978@gmail.com, YulandaMarsden6146@gmail.com, ChloeFlorey0182@gmail.com, BerniceCorcoran1154@gmail.com, ChristineParkinson6954@gmail.com, MarlysMatteson1945@gmail.com, EstellaLavallie2298@gmail.com, MadieBhatti9814@gmail.com, SanjuanitaBrotzman9707@gmail.com, CelesteMahmood5635@gmail.com, FlorHallock7282@gmail.com, BrigitteRahm2391@gmail.com, CorazonBohan2879@gmail.com, CynthiaGines6711@gmail.com, NobleKrom2799@gmail.com, RosalindDaniele3014@gmail.com, MargaretaKu9884@gmail.com, SherrieRivero5899@gmail.com, MandiSwartwood6426@gmail.com, RickyLatimer5417@gmail.com, ClaraVillegas9775@gmail.com, TyroneAntonio7136@gmail.com, NoahDeppen5278@gmail.com, NelleGoodlow2877@gmail.com, YeseniaTillett4254@gmail.com, LynellLando8106@gmail.com, LoreenMorel1989@gmail.com, ValentinaNitti1092@gmail.com, CaraRakowski1097@gmail.com, SilasChickering2101@gmail.com, MargueriteSchuman2081@gmail.com, ThuyDecamp9430@gmail.com, IanReising1886@gmail.com, RufusHanshaw6825@gmail.com, IrmaEncarnacion2873@gmail.com, LateshaMarini8611@gmail.com, MallorySegarra2903@gmail.com, TorrieHarnois1022@gmail.com, ParkerForrest2558@gmail.com, JedFrazier6088@gmail.com, KimiSavard3616@gmail.com, LashayFranz1318@gmail.com]
17:54:39.210 [main] INFO api.AvailableMembersApi - Validating members for Survey ID: 33
17:54:39.212 [main] INFO api.AvailableMembersApi - Received response for survey ID 34: Status Code = 200
17:54:39.217 [main] INFO api.AvailableMembersApi - Available emails for survey ID 34: [MalissaArn0202@gmail.com, TeriVillalobos6990@gmail.com, YeseniaConte8292@gmail.com, MeghannFollowell6036@gmail.com, LeeHarlow6738@gmail.com, SalvatoreMonico6748@gmail.com, SunshineFocht0017@gmail.com, OraHousand6876@gmail.com, TasiaMerritt2498@gmail.com, GregoryLucchesi4579@gmail.com, MarikoHadfield9920@gmail.com, JanitaStroman5652@gmail.com, MargaritoDerringer6053@gmail.com, SheritaArispe4106@gmail.com, EverettNorthup7669@gmail.com, MicahShirley0805@gmail.com, WilhelminaHibdon9677@gmail.com, CarolinBlauser7632@gmail.com, ChereGamino1550@gmail.com, FletaGiampaolo3754@gmail.com, CleotildeMcmiller8058@gmail.com, SaraiMorelli9034@gmail.com, LashandaAbbott9174@gmail.com, JeffryDynes1098@gmail.com, VerniceSoto3260@gmail.com, AdriannaFentress5065@gmail.com, TaynaRey4852@gmail.com, IkeClink7071@gmail.com, GaynellCroce7702@gmail.com, DarlenaFarrington7903@gmail.com, CherrylCarolina2273@gmail.com, AnjanetteKrupp7724@gmail.com, JanieceSilvernail2745@gmail.com, IveyBuskey1353@gmail.com, ViolaBlackstock8664@gmail.com, ElaneMartinelli1121@gmail.com, RachellAnkrom0998@gmail.com, KylaKays1591@gmail.com, AltonSmedley5432@gmail.com, BebeLehmkuhl5703@gmail.com, InellRuoff2731@gmail.com, OnitaHolloway7718@gmail.com, NormanCastilleja4018@gmail.com, AudryBerends0895@gmail.com, ZoraidaFaulkner5026@gmail.com, FlorencioMuller2772@gmail.com, JoDettman4460@gmail.com, RosanneTrezza7663@gmail.com, MarylandBenedict6434@gmail.com, MirthaConine8554@gmail.com, KristinPonton2734@gmail.com, FlossiePangburn4203@gmail.com, YukoSteffes9115@gmail.com, DixieDarsey7418@gmail.com, KendrickPreston8153@gmail.com, CariPizzo2637@gmail.com, EllamaeTallon2542@gmail.com, AbbieKreidler2527@gmail.com, DustinArterburn6055@gmail.com, CatriceLenton4273@gmail.com, LailaHoldren0317@gmail.com, YangSoriano2861@gmail.com, JonShultis2071@gmail.com, JulianClapper5906@gmail.com, MylesCooke7867@gmail.com, RhebaCorbett1709@gmail.com, MarcelleHerzog9009@gmail.com, LeilaOdle4383@gmail.com, AbbyPeevy0877@gmail.com, JarvisMillar3472@gmail.com, LekishaHinnenkamp1017@gmail.com, AngeliaKeebler0114@gmail.com, ClementinaGormley2089@gmail.com, JoslynKeen8547@gmail.com, VerlaBearse3879@gmail.com, CassaundraLoar9453@gmail.com, JiLamarche1348@gmail.com, LilliamMcghie9513@gmail.com, AlonaRedel2262@gmail.com, HeidiGravelle3094@gmail.com, BuckSlawson5304@gmail.com, LindsayHenline2766@gmail.com, MimiWinsor6625@gmail.com, MaxineClauson3939@gmail.com, LenaGalusha7687@gmail.com, TalishaGeise5594@gmail.com, StacieAustria9018@gmail.com, GeorgiaCincotta6796@gmail.com, CandisGapinski6348@gmail.com, CyrstalRobb5332@gmail.com, CorneliaLaney7638@gmail.com, JereRouth3497@gmail.com, TomiAthey0697@gmail.com, MathaBeard0636@gmail.com, BudMclarty0075@gmail.com, MarlanaGillard2214@gmail.com, ElvisLeatherwood1278@gmail.com, HellenMacrae0712@gmail.com, MeaghanMacinnis5645@gmail.com, LezlieLuckey7094@gmail.com, MozelleReddy3840@gmail.com, OleneLedgerwood3654@gmail.com, ShandaCromer4960@gmail.com, VeniceSherry5610@gmail.com, ArmindaValentino6586@gmail.com, CarolannBronson4617@gmail.com, CharlynHaggerty1577@gmail.com, ElbaFarr1276@gmail.com, AngelikaMarch9925@gmail.com, TylerGalbraith9779@gmail.com, MarylynnChauvin4173@gmail.com, LuisaOhm6420@gmail.com, BetteCarlos5624@gmail.com, RoccoBlubaugh1914@gmail.com, AlexandriaJantz3467@gmail.com, WinstonHemby7253@gmail.com, TamiJepson8335@gmail.com, NereidaTruman9016@gmail.com, HipolitoRowlands4929@gmail.com, PorterMarcinkowski6594@gmail.com, BonnyForester7950@gmail.com, RuthaCrotty1764@gmail.com, DamionWysocki9147@gmail.com, ColtonMoschella8698@gmail.com, WayneBasler6942@gmail.com, JoieSly5758@gmail.com, TakishaDemo0463@gmail.com, ChasArline0812@gmail.com, JoyaBristol1484@gmail.com, EllieDuca1079@gmail.com, AdelaSlusher1773@gmail.com, DaniellNicklas8998@gmail.com, JammieRapp6294@gmail.com, BessHugo8379@gmail.com, MarlinHolm9186@gmail.com, MignonCarnes1909@gmail.com, DaniStroop2632@gmail.com, MaddieMccusker6382@gmail.com, OraSuddeth1307@gmail.com, TedBroome1787@gmail.com, BirgitMcglade6409@gmail.com, HeidiPoplawski3633@gmail.com, CarmenIreland5525@gmail.com, NeliaAbrams8620@gmail.com, AdanCarden9027@gmail.com, LeannaMazer1235@gmail.com, KeshaShoop3740@gmail.com, TerenceGrothe7967@gmail.com, JazmineMccolley4132@gmail.com, AlphaHundley6257@gmail.com, ScotHollis8426@gmail.com, MarcelinaKoger3137@gmail.com, NaomaWhitman5530@gmail.com, AlfrediaSemon0100@gmail.com, MiyokoPinto5432@gmail.com, IsauraMorton9001@gmail.com, LeiaAmico4089@gmail.com, SimonPolinsky7978@gmail.com, YulandaMarsden6146@gmail.com, ChloeFlorey0182@gmail.com, BerniceCorcoran1154@gmail.com, ChristineParkinson6954@gmail.com, MarlysMatteson1945@gmail.com, EstellaLavallie2298@gmail.com, MadieBhatti9814@gmail.com, DelphaTharrington9888@gmail.com, ElwoodCortez5872@gmail.com, SanjuanitaBrotzman9707@gmail.com, CelesteMahmood5635@gmail.com, FlorHallock7282@gmail.com, BrigitteRahm2391@gmail.com, CorazonBohan2879@gmail.com, CynthiaGines6711@gmail.com, NobleKrom2799@gmail.com, RosalindDaniele3014@gmail.com, MargaretaKu9884@gmail.com, SherrieRivero5899@gmail.com, MandiSwartwood6426@gmail.com, RickyLatimer5417@gmail.com, ClaraVillegas9775@gmail.com, TyroneAntonio7136@gmail.com, NoahDeppen5278@gmail.com, YeseniaTillett4254@gmail.com, LynellLando8106@gmail.com, ValentinaNitti1092@gmail.com, CaraRakowski1097@gmail.com, SilasChickering2101@gmail.com, MargueriteSchuman2081@gmail.com, ThuyDecamp9430@gmail.com, IanReising1886@gmail.com, IrmaEncarnacion2873@gmail.com, LeomaMazzei2034@gmail.com, LateshaMarini8611@gmail.com, MallorySegarra2903@gmail.com, TorrieHarnois1022@gmail.com, ParkerForrest2558@gmail.com, KimiSavard3616@gmail.com, LashayFranz1318@gmail.com]
17:54:39.218 [main] INFO api.AvailableMembersApi - Validating members for Survey ID: 34
17:54:39.219 [main] INFO api.AvailableMembersApi - Received response for survey ID 35: Status Code = 200
17:54:39.224 [main] INFO api.AvailableMembersApi - Available emails for survey ID 35: [MalissaArn0202@gmail.com, TeriVillalobos6990@gmail.com, YeseniaConte8292@gmail.com, LeeHarlow6738@gmail.com, SalvatoreMonico6748@gmail.com, SunshineFocht0017@gmail.com, DainaMaine1358@gmail.com, OraHousand6876@gmail.com, TasiaMerritt2498@gmail.com, GregoryLucchesi4579@gmail.com, DrucillaWilhelm1088@gmail.com, JaquelynLevett2862@gmail.com, MarikoHadfield9920@gmail.com, JanitaStroman5652@gmail.com, MargaritoDerringer6053@gmail.com, SheritaArispe4106@gmail.com, EverettNorthup7669@gmail.com, MicahShirley0805@gmail.com, WilhelminaHibdon9677@gmail.com, CarolinBlauser7632@gmail.com, LylaAlmanza0199@gmail.com, ChereGamino1550@gmail.com, CleotildeMcmiller8058@gmail.com, LashandaAbbott9174@gmail.com, JeffryDynes1098@gmail.com, VerniceSoto3260@gmail.com, ElnaPhelan2540@gmail.com, TemikaHuth9411@gmail.com, TaynaRey4852@gmail.com, IkeClink7071@gmail.com, GaynellCroce7702@gmail.com, DarlenaFarrington7903@gmail.com, ZoeSolar4260@gmail.com, AnjanetteKrupp7724@gmail.com, IveyBuskey1353@gmail.com, ViolaBlackstock8664@gmail.com, ElaneMartinelli1121@gmail.com, RachellAnkrom0998@gmail.com, KylaKays1591@gmail.com, AltonSmedley5432@gmail.com, VoncileHayner2281@gmail.com, BebeLehmkuhl5703@gmail.com, OnitaHolloway7718@gmail.com, NormanCastilleja4018@gmail.com, DelmarTourville5884@gmail.com, AudryBerends0895@gmail.com, ZoraidaFaulkner5026@gmail.com, FlorencioMuller2772@gmail.com, JoDettman4460@gmail.com, RosanneTrezza7663@gmail.com, MarylandBenedict6434@gmail.com, MirthaConine8554@gmail.com, KristinPonton2734@gmail.com, FlossiePangburn4203@gmail.com, DixieDarsey7418@gmail.com, CariPizzo2637@gmail.com, EllamaeTallon2542@gmail.com, AbbieKreidler2527@gmail.com, DustinArterburn6055@gmail.com, CatriceLenton4273@gmail.com, LailaHoldren0317@gmail.com, YangSoriano2861@gmail.com, JonShultis2071@gmail.com, JulianClapper5906@gmail.com, MylesCooke7867@gmail.com, RhebaCorbett1709@gmail.com, MarcelleHerzog9009@gmail.com, XochitlCalderwood5941@gmail.com, LeilaOdle4383@gmail.com, AbbyPeevy0877@gmail.com, JarvisMillar3472@gmail.com, LekishaHinnenkamp1017@gmail.com, AngeliaKeebler0114@gmail.com, ClementinaGormley2089@gmail.com, JoslynKeen8547@gmail.com, VerlaBearse3879@gmail.com, CassaundraLoar9453@gmail.com, JiLamarche1348@gmail.com, LilliamMcghie9513@gmail.com, AlonaRedel2262@gmail.com, HeidiGravelle3094@gmail.com, BuckSlawson5304@gmail.com, LindsayHenline2766@gmail.com, MimiWinsor6625@gmail.com, MaxineClauson3939@gmail.com, LenaGalusha7687@gmail.com, TalishaGeise5594@gmail.com, StacieAustria9018@gmail.com, GeorgiaCincotta6796@gmail.com, CandisGapinski6348@gmail.com, CyrstalRobb5332@gmail.com, JereRouth3497@gmail.com, TomiAthey0697@gmail.com, MathaBeard0636@gmail.com, BudMclarty0075@gmail.com, ElvisLeatherwood1278@gmail.com, HellenMacrae0712@gmail.com, MeaghanMacinnis5645@gmail.com, LezlieLuckey7094@gmail.com, MozelleReddy3840@gmail.com, OleneLedgerwood3654@gmail.com, ShandaCromer4960@gmail.com, VeniceSherry5610@gmail.com, RonCopher9843@gmail.com, ArmindaValentino6586@gmail.com, CarolannBronson4617@gmail.com, CharlynHaggerty1577@gmail.com, IsaacLinebaugh9546@gmail.com, ElbaFarr1276@gmail.com, AngelikaMarch9925@gmail.com, TylerGalbraith9779@gmail.com, MarylynnChauvin4173@gmail.com, LuisaOhm6420@gmail.com, BetteCarlos5624@gmail.com, RoccoBlubaugh1914@gmail.com, AlexandriaJantz3467@gmail.com, WinstonHemby7253@gmail.com, TamiJepson8335@gmail.com, AnamariaHeadrick7903@gmail.com, NereidaTruman9016@gmail.com, HipolitoRowlands4929@gmail.com, PorterMarcinkowski6594@gmail.com, BonnyForester7950@gmail.com, RuthaCrotty1764@gmail.com, DamionWysocki9147@gmail.com, ColtonMoschella8698@gmail.com, WayneBasler6942@gmail.com, JoieSly5758@gmail.com, TakishaDemo0463@gmail.com, ChasArline0812@gmail.com, JoyaBristol1484@gmail.com, NeidaVartanian0848@gmail.com, EllieDuca1079@gmail.com, AdelaSlusher1773@gmail.com, DaniellNicklas8998@gmail.com, JammieRapp6294@gmail.com, BessHugo8379@gmail.com, MarlinHolm9186@gmail.com, MignonCarnes1909@gmail.com, CareyBaley9974@gmail.com, DaniStroop2632@gmail.com, MaddieMccusker6382@gmail.com, HerschelSena4741@gmail.com, OraSuddeth1307@gmail.com, TedBroome1787@gmail.com, BirgitMcglade6409@gmail.com, HeidiPoplawski3633@gmail.com, CarmenIreland5525@gmail.com, NeliaAbrams8620@gmail.com, AdanCarden9027@gmail.com, LeannaMazer1235@gmail.com, ElzaAumick8395@gmail.com, TerenceGrothe7967@gmail.com, MarkitaBrymer7321@gmail.com, JazmineMccolley4132@gmail.com, ScotHollis8426@gmail.com, MarcelinaKoger3137@gmail.com, NaomaWhitman5530@gmail.com, AlfrediaSemon0100@gmail.com, MiyokoPinto5432@gmail.com, IsauraMorton9001@gmail.com, LeiaAmico4089@gmail.com, SimonPolinsky7978@gmail.com, YulandaMarsden6146@gmail.com, ChloeFlorey0182@gmail.com, BerniceCorcoran1154@gmail.com, MarlysMatteson1945@gmail.com, EstellaLavallie2298@gmail.com, MadieBhatti9814@gmail.com, ElwoodCortez5872@gmail.com, SanjuanitaBrotzman9707@gmail.com, CelesteMahmood5635@gmail.com, BrigitteRahm2391@gmail.com, NobleKrom2799@gmail.com, RosalindDaniele3014@gmail.com, SherrieRivero5899@gmail.com, MandiSwartwood6426@gmail.com, ClaraVillegas9775@gmail.com, NoahDeppen5278@gmail.com, NelleGoodlow2877@gmail.com, LynellLando8106@gmail.com, LoreenMorel1989@gmail.com, CaraRakowski1097@gmail.com, SilasChickering2101@gmail.com, MargueriteSchuman2081@gmail.com, ThuyDecamp9430@gmail.com, IanReising1886@gmail.com, RufusHanshaw6825@gmail.com, IrmaEncarnacion2873@gmail.com, LateshaMarini8611@gmail.com, MallorySegarra2903@gmail.com, TorrieHarnois1022@gmail.com, ParkerForrest2558@gmail.com, KimiSavard3616@gmail.com, LashayFranz1318@gmail.com]
17:54:39.224 [main] INFO api.AvailableMembersApi - Validating members for Survey ID: 35
17:54:39.226 [main] INFO api.AvailableMembersApi - Received response for survey ID 36: Status Code = 200
17:54:39.231 [main] INFO api.AvailableMembersApi - Available emails for survey ID 36: [MalissaArn0202@gmail.com, TeriVillalobos6990@gmail.com, YeseniaConte8292@gmail.com, MeghannFollowell6036@gmail.com, LeeHarlow6738@gmail.com, SalvatoreMonico6748@gmail.com, SunshineFocht0017@gmail.com, DainaMaine1358@gmail.com, OraHousand6876@gmail.com, TasiaMerritt2498@gmail.com, DrucillaWilhelm1088@gmail.com, JaquelynLevett2862@gmail.com, MarikoHadfield9920@gmail.com, JanitaStroman5652@gmail.com, MargaritoDerringer6053@gmail.com, SheritaArispe4106@gmail.com, EverettNorthup7669@gmail.com, MicahShirley0805@gmail.com, WilhelminaHibdon9677@gmail.com, CarolinBlauser7632@gmail.com, ChereGamino1550@gmail.com, FletaGiampaolo3754@gmail.com, SaraiMorelli9034@gmail.com, LashandaAbbott9174@gmail.com, JeffryDynes1098@gmail.com, ElnaPhelan2540@gmail.com, TemikaHuth9411@gmail.com, AdriannaFentress5065@gmail.com, TaynaRey4852@gmail.com, IkeClink7071@gmail.com, GaynellCroce7702@gmail.com, DarlenaFarrington7903@gmail.com, CherrylCarolina2273@gmail.com, ZoeSolar4260@gmail.com, AnjanetteKrupp7724@gmail.com, JanieceSilvernail2745@gmail.com, IveyBuskey1353@gmail.com, ViolaBlackstock8664@gmail.com, ElaneMartinelli1121@gmail.com, RachellAnkrom0998@gmail.com, KylaKays1591@gmail.com, AltonSmedley5432@gmail.com, VoncileHayner2281@gmail.com, BebeLehmkuhl5703@gmail.com, InellRuoff2731@gmail.com, OnitaHolloway7718@gmail.com, NormanCastilleja4018@gmail.com, DelmarTourville5884@gmail.com, AudryBerends0895@gmail.com, ZoraidaFaulkner5026@gmail.com, KelleeMaddy6483@gmail.com, JoDettman4460@gmail.com, RosanneTrezza7663@gmail.com, MarylandBenedict6434@gmail.com, MirthaConine8554@gmail.com, KristinPonton2734@gmail.com, FlossiePangburn4203@gmail.com, YukoSteffes9115@gmail.com, DixieDarsey7418@gmail.com, KendrickPreston8153@gmail.com, CariPizzo2637@gmail.com, EllamaeTallon2542@gmail.com, AbbieKreidler2527@gmail.com, DustinArterburn6055@gmail.com, CatriceLenton4273@gmail.com, LailaHoldren0317@gmail.com, YangSoriano2861@gmail.com, JonShultis2071@gmail.com, JulianClapper5906@gmail.com, MylesCooke7867@gmail.com, RhebaCorbett1709@gmail.com, XochitlCalderwood5941@gmail.com, LeilaOdle4383@gmail.com, AbbyPeevy0877@gmail.com, JarvisMillar3472@gmail.com, LekishaHinnenkamp1017@gmail.com, AngeliaKeebler0114@gmail.com, ClementinaGormley2089@gmail.com, JoslynKeen8547@gmail.com, VerlaBearse3879@gmail.com, CassaundraLoar9453@gmail.com, JiLamarche1348@gmail.com, LilliamMcghie9513@gmail.com, AlonaRedel2262@gmail.com, HeidiGravelle3094@gmail.com, BuckSlawson5304@gmail.com, LindsayHenline2766@gmail.com, MimiWinsor6625@gmail.com, MaxineClauson3939@gmail.com, LenaGalusha7687@gmail.com, TalishaGeise5594@gmail.com, GeorgiaCincotta6796@gmail.com, CandisGapinski6348@gmail.com, CyrstalRobb5332@gmail.com, CorneliaLaney7638@gmail.com, JereRouth3497@gmail.com, ArchieBranning7218@gmail.com, MathaBeard0636@gmail.com, BudMclarty0075@gmail.com, MarlanaGillard2214@gmail.com, ElvisLeatherwood1278@gmail.com, HellenMacrae0712@gmail.com, MeaghanMacinnis5645@gmail.com, LezlieLuckey7094@gmail.com, MozelleReddy3840@gmail.com, OleneLedgerwood3654@gmail.com, ShandaCromer4960@gmail.com, VeniceSherry5610@gmail.com, RonCopher9843@gmail.com, ArmindaValentino6586@gmail.com, CarolannBronson4617@gmail.com, CharlynHaggerty1577@gmail.com, IsaacLinebaugh9546@gmail.com, ElbaFarr1276@gmail.com, TylerGalbraith9779@gmail.com, MarylynnChauvin4173@gmail.com, LuisaOhm6420@gmail.com, BetteCarlos5624@gmail.com, RoccoBlubaugh1914@gmail.com, AlexandriaJantz3467@gmail.com, WinstonHemby7253@gmail.com, TamiJepson8335@gmail.com, AnamariaHeadrick7903@gmail.com, NereidaTruman9016@gmail.com, HipolitoRowlands4929@gmail.com, PorterMarcinkowski6594@gmail.com, BonnyForester7950@gmail.com, RuthaCrotty1764@gmail.com, DamionWysocki9147@gmail.com, ColtonMoschella8698@gmail.com, WayneBasler6942@gmail.com, JoieSly5758@gmail.com, TakishaDemo0463@gmail.com, ChasArline0812@gmail.com, JoyaBristol1484@gmail.com, NeidaVartanian0848@gmail.com, AdelaSlusher1773@gmail.com, DaniellNicklas8998@gmail.com, JammieRapp6294@gmail.com, BessHugo8379@gmail.com, MignonCarnes1909@gmail.com, CareyBaley9974@gmail.com, DaniStroop2632@gmail.com, MaddieMccusker6382@gmail.com, HerschelSena4741@gmail.com, TedBroome1787@gmail.com, BirgitMcglade6409@gmail.com, HeidiPoplawski3633@gmail.com, CarmenIreland5525@gmail.com, NeliaAbrams8620@gmail.com, AdanCarden9027@gmail.com, LeannaMazer1235@gmail.com, KeshaShoop3740@gmail.com, ElzaAumick8395@gmail.com, MarkitaBrymer7321@gmail.com, JazmineMccolley4132@gmail.com, AlphaHundley6257@gmail.com, ScotHollis8426@gmail.com, MarcelinaKoger3137@gmail.com, AlfrediaSemon0100@gmail.com, MiyokoPinto5432@gmail.com, IsauraMorton9001@gmail.com, LeiaAmico4089@gmail.com, SimonPolinsky7978@gmail.com, YulandaMarsden6146@gmail.com, ChloeFlorey0182@gmail.com, ChristineParkinson6954@gmail.com, MarlysMatteson1945@gmail.com, EstellaLavallie2298@gmail.com, MadieBhatti9814@gmail.com, DelphaTharrington9888@gmail.com, ElwoodCortez5872@gmail.com, SanjuanitaBrotzman9707@gmail.com, FlorHallock7282@gmail.com, BrigitteRahm2391@gmail.com, CorazonBohan2879@gmail.com, CynthiaGines6711@gmail.com, NobleKrom2799@gmail.com, RosalindDaniele3014@gmail.com, MargaretaKu9884@gmail.com, SherrieRivero5899@gmail.com, MandiSwartwood6426@gmail.com, RickyLatimer5417@gmail.com, ClaraVillegas9775@gmail.com, TyroneAntonio7136@gmail.com, NoahDeppen5278@gmail.com, NelleGoodlow2877@gmail.com, YeseniaTillett4254@gmail.com, LynellLando8106@gmail.com, LoreenMorel1989@gmail.com, ValentinaNitti1092@gmail.com, CaraRakowski1097@gmail.com, SilasChickering2101@gmail.com, MargueriteSchuman2081@gmail.com, ThuyDecamp9430@gmail.com, IanReising1886@gmail.com, RufusHanshaw6825@gmail.com, IrmaEncarnacion2873@gmail.com, LeomaMazzei2034@gmail.com, LateshaMarini8611@gmail.com, MallorySegarra2903@gmail.com, TorrieHarnois1022@gmail.com, ParkerForrest2558@gmail.com, JedFrazier6088@gmail.com, KimiSavard3616@gmail.com, LashayFranz1318@gmail.com]
17:54:39.232 [main] INFO api.AvailableMembersApi - Validating members for Survey ID: 36
17:54:39.234 [main] INFO api.AvailableMembersApi - Received response for survey ID 37: Status Code = 200
17:54:39.240 [main] INFO api.AvailableMembersApi - Available emails for survey ID 37: [MalissaArn0202@gmail.com, TeriVillalobos6990@gmail.com, YeseniaConte8292@gmail.com, MeghannFollowell6036@gmail.com, LeeHarlow6738@gmail.com, SalvatoreMonico6748@gmail.com, SunshineFocht0017@gmail.com, DainaMaine1358@gmail.com, TasiaMerritt2498@gmail.com, GregoryLucchesi4579@gmail.com, JaquelynLevett2862@gmail.com, MarikoHadfield9920@gmail.com, JanitaStroman5652@gmail.com, MargaritoDerringer6053@gmail.com, SheritaArispe4106@gmail.com, EverettNorthup7669@gmail.com, MicahShirley0805@gmail.com, WilhelminaHibdon9677@gmail.com, CarolinBlauser7632@gmail.com, LylaAlmanza0199@gmail.com, ChereGamino1550@gmail.com, CleotildeMcmiller8058@gmail.com, SaraiMorelli9034@gmail.com, LashandaAbbott9174@gmail.com, JeffryDynes1098@gmail.com, VerniceSoto3260@gmail.com, ElnaPhelan2540@gmail.com, TemikaHuth9411@gmail.com, AdriannaFentress5065@gmail.com, TaynaRey4852@gmail.com, IkeClink7071@gmail.com, GaynellCroce7702@gmail.com, DarlenaFarrington7903@gmail.com, CherrylCarolina2273@gmail.com, ZoeSolar4260@gmail.com, AnjanetteKrupp7724@gmail.com, JanieceSilvernail2745@gmail.com, IveyBuskey1353@gmail.com, ViolaBlackstock8664@gmail.com, ElaneMartinelli1121@gmail.com, RachellAnkrom0998@gmail.com, KylaKays1591@gmail.com, AltonSmedley5432@gmail.com, VoncileHayner2281@gmail.com, BebeLehmkuhl5703@gmail.com, InellRuoff2731@gmail.com, OnitaHolloway7718@gmail.com, NormanCastilleja4018@gmail.com, DelmarTourville5884@gmail.com, AudryBerends0895@gmail.com, KelleeMaddy6483@gmail.com, FlorencioMuller2772@gmail.com, JoDettman4460@gmail.com, RosanneTrezza7663@gmail.com, MarylandBenedict6434@gmail.com, KristinPonton2734@gmail.com, FlossiePangburn4203@gmail.com, YukoSteffes9115@gmail.com, DixieDarsey7418@gmail.com, EllamaeTallon2542@gmail.com, AbbieKreidler2527@gmail.com, DustinArterburn6055@gmail.com, CatriceLenton4273@gmail.com, LailaHoldren0317@gmail.com, YangSoriano2861@gmail.com, JulianClapper5906@gmail.com, RhebaCorbett1709@gmail.com, MarcelleHerzog9009@gmail.com, XochitlCalderwood5941@gmail.com, LeilaOdle4383@gmail.com, LekishaHinnenkamp1017@gmail.com, AngeliaKeebler0114@gmail.com, ClementinaGormley2089@gmail.com, JoslynKeen8547@gmail.com, VerlaBearse3879@gmail.com, CassaundraLoar9453@gmail.com, JiLamarche1348@gmail.com, LilliamMcghie9513@gmail.com, AlonaRedel2262@gmail.com, HeidiGravelle3094@gmail.com, BuckSlawson5304@gmail.com, MimiWinsor6625@gmail.com, MaxineClauson3939@gmail.com, LenaGalusha7687@gmail.com, TalishaGeise5594@gmail.com, StacieAustria9018@gmail.com, CandisGapinski6348@gmail.com, CyrstalRobb5332@gmail.com, CorneliaLaney7638@gmail.com, JereRouth3497@gmail.com, ArchieBranning7218@gmail.com, TomiAthey0697@gmail.com, MathaBeard0636@gmail.com, BudMclarty0075@gmail.com, MarlanaGillard2214@gmail.com, ElvisLeatherwood1278@gmail.com, HellenMacrae0712@gmail.com, MeaghanMacinnis5645@gmail.com, LezlieLuckey7094@gmail.com, MozelleReddy3840@gmail.com, OleneLedgerwood3654@gmail.com, VeniceSherry5610@gmail.com, RonCopher9843@gmail.com, ArmindaValentino6586@gmail.com, CarolannBronson4617@gmail.com, CharlynHaggerty1577@gmail.com, IsaacLinebaugh9546@gmail.com, ElbaFarr1276@gmail.com, AngelikaMarch9925@gmail.com, MarylynnChauvin4173@gmail.com, LuisaOhm6420@gmail.com, BetteCarlos5624@gmail.com, RoccoBlubaugh1914@gmail.com, AlexandriaJantz3467@gmail.com, WinstonHemby7253@gmail.com, TamiJepson8335@gmail.com, AnamariaHeadrick7903@gmail.com, HipolitoRowlands4929@gmail.com, PorterMarcinkowski6594@gmail.com, BonnyForester7950@gmail.com, RuthaCrotty1764@gmail.com, DamionWysocki9147@gmail.com, WayneBasler6942@gmail.com, JoieSly5758@gmail.com, TakishaDemo0463@gmail.com, ChasArline0812@gmail.com, JoyaBristol1484@gmail.com, NeidaVartanian0848@gmail.com, EllieDuca1079@gmail.com, AdelaSlusher1773@gmail.com, DaniellNicklas8998@gmail.com, JammieRapp6294@gmail.com, MarlinHolm9186@gmail.com, DaniStroop2632@gmail.com, MaddieMccusker6382@gmail.com, HerschelSena4741@gmail.com, OraSuddeth1307@gmail.com, TedBroome1787@gmail.com, BirgitMcglade6409@gmail.com, HeidiPoplawski3633@gmail.com, CarmenIreland5525@gmail.com, NeliaAbrams8620@gmail.com, AdanCarden9027@gmail.com, LeannaMazer1235@gmail.com, ElzaAumick8395@gmail.com, TerenceGrothe7967@gmail.com, MarkitaBrymer7321@gmail.com, JazmineMccolley4132@gmail.com, AlphaHundley6257@gmail.com, MarcelinaKoger3137@gmail.com, AlfrediaSemon0100@gmail.com, MiyokoPinto5432@gmail.com, IsauraMorton9001@gmail.com, LeiaAmico4089@gmail.com, SimonPolinsky7978@gmail.com, YulandaMarsden6146@gmail.com, ChloeFlorey0182@gmail.com, BerniceCorcoran1154@gmail.com, ChristineParkinson6954@gmail.com, MarlysMatteson1945@gmail.com, EstellaLavallie2298@gmail.com, MadieBhatti9814@gmail.com, DelphaTharrington9888@gmail.com, ElwoodCortez5872@gmail.com, SanjuanitaBrotzman9707@gmail.com, CelesteMahmood5635@gmail.com, FlorHallock7282@gmail.com, BrigitteRahm2391@gmail.com, CorazonBohan2879@gmail.com, CynthiaGines6711@gmail.com, NobleKrom2799@gmail.com, MargaretaKu9884@gmail.com, SherrieRivero5899@gmail.com, MandiSwartwood6426@gmail.com, RickyLatimer5417@gmail.com, ClaraVillegas9775@gmail.com, TyroneAntonio7136@gmail.com, NoahDeppen5278@gmail.com, NelleGoodlow2877@gmail.com, YeseniaTillett4254@gmail.com, LynellLando8106@gmail.com, LoreenMorel1989@gmail.com, ValentinaNitti1092@gmail.com, CaraRakowski1097@gmail.com, SilasChickering2101@gmail.com, MargueriteSchuman2081@gmail.com, ThuyDecamp9430@gmail.com, IanReising1886@gmail.com, RufusHanshaw6825@gmail.com, IrmaEncarnacion2873@gmail.com, LeomaMazzei2034@gmail.com, LateshaMarini8611@gmail.com, MallorySegarra2903@gmail.com, TorrieHarnois1022@gmail.com, ParkerForrest2558@gmail.com, LashayFranz1318@gmail.com]
17:54:39.240 [main] INFO api.AvailableMembersApi - Validating members for Survey ID: 37
17:54:39.241 [main] INFO api.AvailableMembersApi - Received response for survey ID 38: Status Code = 200
17:54:39.246 [main] INFO api.AvailableMembersApi - Available emails for survey ID 38: [MalissaArn0202@gmail.com, TeriVillalobos6990@gmail.com, MeghannFollowell6036@gmail.com, LeeHarlow6738@gmail.com, SalvatoreMonico6748@gmail.com, SunshineFocht0017@gmail.com, DainaMaine1358@gmail.com, OraHousand6876@gmail.com, TasiaMerritt2498@gmail.com, GregoryLucchesi4579@gmail.com, DrucillaWilhelm1088@gmail.com, JaquelynLevett2862@gmail.com, MarikoHadfield9920@gmail.com, MargaritoDerringer6053@gmail.com, SheritaArispe4106@gmail.com, EverettNorthup7669@gmail.com, MicahShirley0805@gmail.com, WilhelminaHibdon9677@gmail.com, CarolinBlauser7632@gmail.com, LylaAlmanza0199@gmail.com, ChereGamino1550@gmail.com, FletaGiampaolo3754@gmail.com, CleotildeMcmiller8058@gmail.com, SaraiMorelli9034@gmail.com, LashandaAbbott9174@gmail.com, JeffryDynes1098@gmail.com, VerniceSoto3260@gmail.com, ElnaPhelan2540@gmail.com, TemikaHuth9411@gmail.com, AdriannaFentress5065@gmail.com, TaynaRey4852@gmail.com, GaynellCroce7702@gmail.com, DarlenaFarrington7903@gmail.com, CherrylCarolina2273@gmail.com, ZoeSolar4260@gmail.com, AnjanetteKrupp7724@gmail.com, JanieceSilvernail2745@gmail.com, ViolaBlackstock8664@gmail.com, ElaneMartinelli1121@gmail.com, RachellAnkrom0998@gmail.com, KylaKays1591@gmail.com, AltonSmedley5432@gmail.com, VoncileHayner2281@gmail.com, BebeLehmkuhl5703@gmail.com, InellRuoff2731@gmail.com, OnitaHolloway7718@gmail.com, NormanCastilleja4018@gmail.com, DelmarTourville5884@gmail.com, AudryBerends0895@gmail.com, ZoraidaFaulkner5026@gmail.com, KelleeMaddy6483@gmail.com, FlorencioMuller2772@gmail.com, JoDettman4460@gmail.com, MarylandBenedict6434@gmail.com, MirthaConine8554@gmail.com, FlossiePangburn4203@gmail.com, YukoSteffes9115@gmail.com, DixieDarsey7418@gmail.com, KendrickPreston8153@gmail.com, CariPizzo2637@gmail.com, AbbieKreidler2527@gmail.com, DustinArterburn6055@gmail.com, CatriceLenton4273@gmail.com, LailaHoldren0317@gmail.com, YangSoriano2861@gmail.com, JonShultis2071@gmail.com, JulianClapper5906@gmail.com, MylesCooke7867@gmail.com, RhebaCorbett1709@gmail.com, MarcelleHerzog9009@gmail.com, XochitlCalderwood5941@gmail.com, LeilaOdle4383@gmail.com, AbbyPeevy0877@gmail.com, JarvisMillar3472@gmail.com, LekishaHinnenkamp1017@gmail.com, AngeliaKeebler0114@gmail.com, ClementinaGormley2089@gmail.com, JoslynKeen8547@gmail.com, VerlaBearse3879@gmail.com, CassaundraLoar9453@gmail.com, JiLamarche1348@gmail.com, LilliamMcghie9513@gmail.com, AlonaRedel2262@gmail.com, HeidiGravelle3094@gmail.com, BuckSlawson5304@gmail.com, LindsayHenline2766@gmail.com, MimiWinsor6625@gmail.com, MaxineClauson3939@gmail.com, LenaGalusha7687@gmail.com, TalishaGeise5594@gmail.com, StacieAustria9018@gmail.com, GeorgiaCincotta6796@gmail.com, CandisGapinski6348@gmail.com, CyrstalRobb5332@gmail.com, CorneliaLaney7638@gmail.com, JereRouth3497@gmail.com, ArchieBranning7218@gmail.com, TomiAthey0697@gmail.com, MathaBeard0636@gmail.com, BudMclarty0075@gmail.com, MarlanaGillard2214@gmail.com, HellenMacrae0712@gmail.com, MeaghanMacinnis5645@gmail.com, MozelleReddy3840@gmail.com, OleneLedgerwood3654@gmail.com, ShandaCromer4960@gmail.com, VeniceSherry5610@gmail.com, RonCopher9843@gmail.com, ArmindaValentino6586@gmail.com, CarolannBronson4617@gmail.com, CharlynHaggerty1577@gmail.com, IsaacLinebaugh9546@gmail.com, ElbaFarr1276@gmail.com, AngelikaMarch9925@gmail.com, TylerGalbraith9779@gmail.com, MarylynnChauvin4173@gmail.com, LuisaOhm6420@gmail.com, BetteCarlos5624@gmail.com, RoccoBlubaugh1914@gmail.com, AlexandriaJantz3467@gmail.com, AnamariaHeadrick7903@gmail.com, NereidaTruman9016@gmail.com, HipolitoRowlands4929@gmail.com, PorterMarcinkowski6594@gmail.com, BonnyForester7950@gmail.com, RuthaCrotty1764@gmail.com, DamionWysocki9147@gmail.com, WayneBasler6942@gmail.com, JoieSly5758@gmail.com, TakishaDemo0463@gmail.com, ChasArline0812@gmail.com, JoyaBristol1484@gmail.com, NeidaVartanian0848@gmail.com, EllieDuca1079@gmail.com, AdelaSlusher1773@gmail.com, DaniellNicklas8998@gmail.com, JammieRapp6294@gmail.com, BessHugo8379@gmail.com, MignonCarnes1909@gmail.com, CareyBaley9974@gmail.com, DaniStroop2632@gmail.com, HerschelSena4741@gmail.com, OraSuddeth1307@gmail.com, TedBroome1787@gmail.com, HeidiPoplawski3633@gmail.com, CarmenIreland5525@gmail.com, NeliaAbrams8620@gmail.com, AdanCarden9027@gmail.com, LeannaMazer1235@gmail.com, KeshaShoop3740@gmail.com, ElzaAumick8395@gmail.com, TerenceGrothe7967@gmail.com, MarkitaBrymer7321@gmail.com, JazmineMccolley4132@gmail.com, AlphaHundley6257@gmail.com, ScotHollis8426@gmail.com, MarcelinaKoger3137@gmail.com, NaomaWhitman5530@gmail.com, AlfrediaSemon0100@gmail.com, MiyokoPinto5432@gmail.com, IsauraMorton9001@gmail.com, LeiaAmico4089@gmail.com, SimonPolinsky7978@gmail.com, YulandaMarsden6146@gmail.com, ChloeFlorey0182@gmail.com, BerniceCorcoran1154@gmail.com, ChristineParkinson6954@gmail.com, MarlysMatteson1945@gmail.com, EstellaLavallie2298@gmail.com, MadieBhatti9814@gmail.com, DelphaTharrington9888@gmail.com, ElwoodCortez5872@gmail.com, SanjuanitaBrotzman9707@gmail.com, CelesteMahmood5635@gmail.com, FlorHallock7282@gmail.com, BrigitteRahm2391@gmail.com, CorazonBohan2879@gmail.com, CynthiaGines6711@gmail.com, NobleKrom2799@gmail.com, RosalindDaniele3014@gmail.com, MargaretaKu9884@gmail.com, SherrieRivero5899@gmail.com, MandiSwartwood6426@gmail.com, RickyLatimer5417@gmail.com, ClaraVillegas9775@gmail.com, TyroneAntonio7136@gmail.com, NoahDeppen5278@gmail.com, NelleGoodlow2877@gmail.com, YeseniaTillett4254@gmail.com, LynellLando8106@gmail.com, LoreenMorel1989@gmail.com, ValentinaNitti1092@gmail.com, CaraRakowski1097@gmail.com, SilasChickering2101@gmail.com, RufusHanshaw6825@gmail.com, IrmaEncarnacion2873@gmail.com, LeomaMazzei2034@gmail.com, LateshaMarini8611@gmail.com, MallorySegarra2903@gmail.com, TorrieHarnois1022@gmail.com, ParkerForrest2558@gmail.com, KimiSavard3616@gmail.com]
17:54:39.246 [main] INFO api.AvailableMembersApi - Validating members for Survey ID: 38
17:54:39.248 [main] INFO api.AvailableMembersApi - Received response for survey ID 39: Status Code = 200
17:54:39.253 [main] INFO api.AvailableMembersApi - Available emails for survey ID 39: [MalissaArn0202@gmail.com, TeriVillalobos6990@gmail.com, YeseniaConte8292@gmail.com, MeghannFollowell6036@gmail.com, LeeHarlow6738@gmail.com, SalvatoreMonico6748@gmail.com, SunshineFocht0017@gmail.com, DainaMaine1358@gmail.com, OraHousand6876@gmail.com, TasiaMerritt2498@gmail.com, GregoryLucchesi4579@gmail.com, DrucillaWilhelm1088@gmail.com, JaquelynLevett2862@gmail.com, MarikoHadfield9920@gmail.com, JanitaStroman5652@gmail.com, MargaritoDerringer6053@gmail.com, SheritaArispe4106@gmail.com, EverettNorthup7669@gmail.com, MicahShirley0805@gmail.com, WilhelminaHibdon9677@gmail.com, CarolinBlauser7632@gmail.com, LylaAlmanza0199@gmail.com, ChereGamino1550@gmail.com, CleotildeMcmiller8058@gmail.com, SaraiMorelli9034@gmail.com, LashandaAbbott9174@gmail.com, JeffryDynes1098@gmail.com, VerniceSoto3260@gmail.com, ElnaPhelan2540@gmail.com, TemikaHuth9411@gmail.com, AdriannaFentress5065@gmail.com, TaynaRey4852@gmail.com, IkeClink7071@gmail.com, GaynellCroce7702@gmail.com, DarlenaFarrington7903@gmail.com, ZoeSolar4260@gmail.com, JanieceSilvernail2745@gmail.com, IveyBuskey1353@gmail.com, ViolaBlackstock8664@gmail.com, ElaneMartinelli1121@gmail.com, RachellAnkrom0998@gmail.com, KylaKays1591@gmail.com, AltonSmedley5432@gmail.com, VoncileHayner2281@gmail.com, BebeLehmkuhl5703@gmail.com, InellRuoff2731@gmail.com, NormanCastilleja4018@gmail.com, DelmarTourville5884@gmail.com, AudryBerends0895@gmail.com, ZoraidaFaulkner5026@gmail.com, KelleeMaddy6483@gmail.com, FlorencioMuller2772@gmail.com, JoDettman4460@gmail.com, MarylandBenedict6434@gmail.com, MirthaConine8554@gmail.com, KristinPonton2734@gmail.com, FlossiePangburn4203@gmail.com, YukoSteffes9115@gmail.com, DixieDarsey7418@gmail.com, KendrickPreston8153@gmail.com, EllamaeTallon2542@gmail.com, AbbieKreidler2527@gmail.com, CatriceLenton4273@gmail.com, LailaHoldren0317@gmail.com, YangSoriano2861@gmail.com, JonShultis2071@gmail.com, JulianClapper5906@gmail.com, MylesCooke7867@gmail.com, RhebaCorbett1709@gmail.com, MarcelleHerzog9009@gmail.com, LeilaOdle4383@gmail.com, AbbyPeevy0877@gmail.com, JarvisMillar3472@gmail.com, LekishaHinnenkamp1017@gmail.com, AngeliaKeebler0114@gmail.com, ClementinaGormley2089@gmail.com, JoslynKeen8547@gmail.com, VerlaBearse3879@gmail.com, CassaundraLoar9453@gmail.com, JiLamarche1348@gmail.com, AlonaRedel2262@gmail.com, HeidiGravelle3094@gmail.com, BuckSlawson5304@gmail.com, LindsayHenline2766@gmail.com, MimiWinsor6625@gmail.com, MaxineClauson3939@gmail.com, LenaGalusha7687@gmail.com, TalishaGeise5594@gmail.com, StacieAustria9018@gmail.com, GeorgiaCincotta6796@gmail.com, CandisGapinski6348@gmail.com, CyrstalRobb5332@gmail.com, CorneliaLaney7638@gmail.com, ArchieBranning7218@gmail.com, TomiAthey0697@gmail.com, MathaBeard0636@gmail.com, BudMclarty0075@gmail.com, MarlanaGillard2214@gmail.com, ElvisLeatherwood1278@gmail.com, HellenMacrae0712@gmail.com, MeaghanMacinnis5645@gmail.com, LezlieLuckey7094@gmail.com, MozelleReddy3840@gmail.com, OleneLedgerwood3654@gmail.com, ShandaCromer4960@gmail.com, VeniceSherry5610@gmail.com, RonCopher9843@gmail.com, CarolannBronson4617@gmail.com, IsaacLinebaugh9546@gmail.com, ElbaFarr1276@gmail.com, AngelikaMarch9925@gmail.com, TylerGalbraith9779@gmail.com, MarylynnChauvin4173@gmail.com, LuisaOhm6420@gmail.com, BetteCarlos5624@gmail.com, RoccoBlubaugh1914@gmail.com, AlexandriaJantz3467@gmail.com, WinstonHemby7253@gmail.com, TamiJepson8335@gmail.com, AnamariaHeadrick7903@gmail.com, NereidaTruman9016@gmail.com, HipolitoRowlands4929@gmail.com, PorterMarcinkowski6594@gmail.com, BonnyForester7950@gmail.com, DamionWysocki9147@gmail.com, ColtonMoschella8698@gmail.com, JoieSly5758@gmail.com, TakishaDemo0463@gmail.com, JoyaBristol1484@gmail.com, NeidaVartanian0848@gmail.com, EllieDuca1079@gmail.com, AdelaSlusher1773@gmail.com, DaniellNicklas8998@gmail.com, JammieRapp6294@gmail.com, BessHugo8379@gmail.com, MarlinHolm9186@gmail.com, MignonCarnes1909@gmail.com, DaniStroop2632@gmail.com, HerschelSena4741@gmail.com, OraSuddeth1307@gmail.com, TedBroome1787@gmail.com, HeidiPoplawski3633@gmail.com, CarmenIreland5525@gmail.com, NeliaAbrams8620@gmail.com, AdanCarden9027@gmail.com, LeannaMazer1235@gmail.com, KeshaShoop3740@gmail.com, ElzaAumick8395@gmail.com, TerenceGrothe7967@gmail.com, MarkitaBrymer7321@gmail.com, JazmineMccolley4132@gmail.com, AlphaHundley6257@gmail.com, ScotHollis8426@gmail.com, MarcelinaKoger3137@gmail.com, NaomaWhitman5530@gmail.com, AlfrediaSemon0100@gmail.com, MiyokoPinto5432@gmail.com, IsauraMorton9001@gmail.com, LeiaAmico4089@gmail.com, SimonPolinsky7978@gmail.com, YulandaMarsden6146@gmail.com, ChloeFlorey0182@gmail.com, ChristineParkinson6954@gmail.com, MarlysMatteson1945@gmail.com, EstellaLavallie2298@gmail.com, MadieBhatti9814@gmail.com, DelphaTharrington9888@gmail.com, ElwoodCortez5872@gmail.com, SanjuanitaBrotzman9707@gmail.com, FlorHallock7282@gmail.com, BrigitteRahm2391@gmail.com, CorazonBohan2879@gmail.com, CynthiaGines6711@gmail.com, RosalindDaniele3014@gmail.com, SherrieRivero5899@gmail.com, RickyLatimer5417@gmail.com, ClaraVillegas9775@gmail.com, TyroneAntonio7136@gmail.com, NoahDeppen5278@gmail.com, NelleGoodlow2877@gmail.com, YeseniaTillett4254@gmail.com, LynellLando8106@gmail.com, LoreenMorel1989@gmail.com, ValentinaNitti1092@gmail.com, CaraRakowski1097@gmail.com, SilasChickering2101@gmail.com, ThuyDecamp9430@gmail.com, IanReising1886@gmail.com, RufusHanshaw6825@gmail.com, IrmaEncarnacion2873@gmail.com, LeomaMazzei2034@gmail.com, LateshaMarini8611@gmail.com, MallorySegarra2903@gmail.com, TorrieHarnois1022@gmail.com, ParkerForrest2558@gmail.com, KimiSavard3616@gmail.com, LashayFranz1318@gmail.com]
17:54:39.253 [main] INFO api.AvailableMembersApi - Validating members for Survey ID: 39
17:54:39.254 [main] INFO api.AvailableMembersApi - Received response for survey ID 40: Status Code = 200
17:54:39.259 [main] INFO api.AvailableMembersApi - Available emails for survey ID 40: [MalissaArn0202@gmail.com, TeriVillalobos6990@gmail.com, YeseniaConte8292@gmail.com, MeghannFollowell6036@gmail.com, SalvatoreMonico6748@gmail.com, SunshineFocht0017@gmail.com, DainaMaine1358@gmail.com, OraHousand6876@gmail.com, TasiaMerritt2498@gmail.com, GregoryLucchesi4579@gmail.com, DrucillaWilhelm1088@gmail.com, JaquelynLevett2862@gmail.com, JanitaStroman5652@gmail.com, MargaritoDerringer6053@gmail.com, SheritaArispe4106@gmail.com, EverettNorthup7669@gmail.com, WilhelminaHibdon9677@gmail.com, CarolinBlauser7632@gmail.com, LylaAlmanza0199@gmail.com, ChereGamino1550@gmail.com, FletaGiampaolo3754@gmail.com, CleotildeMcmiller8058@gmail.com, SaraiMorelli9034@gmail.com, LashandaAbbott9174@gmail.com, JeffryDynes1098@gmail.com, VerniceSoto3260@gmail.com, ElnaPhelan2540@gmail.com, TemikaHuth9411@gmail.com, AdriannaFentress5065@gmail.com, TaynaRey4852@gmail.com, IkeClink7071@gmail.com, GaynellCroce7702@gmail.com, DarlenaFarrington7903@gmail.com, CherrylCarolina2273@gmail.com, ZoeSolar4260@gmail.com, JanieceSilvernail2745@gmail.com, IveyBuskey1353@gmail.com, ViolaBlackstock8664@gmail.com, ElaneMartinelli1121@gmail.com, RachellAnkrom0998@gmail.com, KylaKays1591@gmail.com, AltonSmedley5432@gmail.com, VoncileHayner2281@gmail.com, BebeLehmkuhl5703@gmail.com, InellRuoff2731@gmail.com, OnitaHolloway7718@gmail.com, NormanCastilleja4018@gmail.com, DelmarTourville5884@gmail.com, AudryBerends0895@gmail.com, ZoraidaFaulkner5026@gmail.com, KelleeMaddy6483@gmail.com, FlorencioMuller2772@gmail.com, JoDettman4460@gmail.com, RosanneTrezza7663@gmail.com, MarylandBenedict6434@gmail.com, MirthaConine8554@gmail.com, KristinPonton2734@gmail.com, FlossiePangburn4203@gmail.com, YukoSteffes9115@gmail.com, DixieDarsey7418@gmail.com, KendrickPreston8153@gmail.com, CariPizzo2637@gmail.com, EllamaeTallon2542@gmail.com, AbbieKreidler2527@gmail.com, DustinArterburn6055@gmail.com, CatriceLenton4273@gmail.com, LailaHoldren0317@gmail.com, YangSoriano2861@gmail.com, JonShultis2071@gmail.com, JulianClapper5906@gmail.com, MylesCooke7867@gmail.com, RhebaCorbett1709@gmail.com, MarcelleHerzog9009@gmail.com, XochitlCalderwood5941@gmail.com, LeilaOdle4383@gmail.com, AbbyPeevy0877@gmail.com, JarvisMillar3472@gmail.com, LekishaHinnenkamp1017@gmail.com, AngeliaKeebler0114@gmail.com, ClementinaGormley2089@gmail.com, CassaundraLoar9453@gmail.com, JiLamarche1348@gmail.com, LilliamMcghie9513@gmail.com, AlonaRedel2262@gmail.com, HeidiGravelle3094@gmail.com, BuckSlawson5304@gmail.com, MimiWinsor6625@gmail.com, TalishaGeise5594@gmail.com, StacieAustria9018@gmail.com, GeorgiaCincotta6796@gmail.com, CandisGapinski6348@gmail.com, CyrstalRobb5332@gmail.com, CorneliaLaney7638@gmail.com, JereRouth3497@gmail.com, ArchieBranning7218@gmail.com, TomiAthey0697@gmail.com, MathaBeard0636@gmail.com, BudMclarty0075@gmail.com, MarlanaGillard2214@gmail.com, ElvisLeatherwood1278@gmail.com, HellenMacrae0712@gmail.com, MeaghanMacinnis5645@gmail.com, LezlieLuckey7094@gmail.com, MozelleReddy3840@gmail.com, OleneLedgerwood3654@gmail.com, ShandaCromer4960@gmail.com, VeniceSherry5610@gmail.com, RonCopher9843@gmail.com, IsaacLinebaugh9546@gmail.com, ElbaFarr1276@gmail.com, AngelikaMarch9925@gmail.com, TylerGalbraith9779@gmail.com, MarylynnChauvin4173@gmail.com, LuisaOhm6420@gmail.com, BetteCarlos5624@gmail.com, RoccoBlubaugh1914@gmail.com, WinstonHemby7253@gmail.com, NereidaTruman9016@gmail.com, HipolitoRowlands4929@gmail.com, PorterMarcinkowski6594@gmail.com, BonnyForester7950@gmail.com, RuthaCrotty1764@gmail.com, DamionWysocki9147@gmail.com, ColtonMoschella8698@gmail.com, WayneBasler6942@gmail.com, JoieSly5758@gmail.com, TakishaDemo0463@gmail.com, ChasArline0812@gmail.com, JoyaBristol1484@gmail.com, NeidaVartanian0848@gmail.com, EllieDuca1079@gmail.com, AdelaSlusher1773@gmail.com, DaniellNicklas8998@gmail.com, MarlinHolm9186@gmail.com, MignonCarnes1909@gmail.com, CareyBaley9974@gmail.com, DaniStroop2632@gmail.com, MaddieMccusker6382@gmail.com, HerschelSena4741@gmail.com, OraSuddeth1307@gmail.com, TedBroome1787@gmail.com, BirgitMcglade6409@gmail.com, HeidiPoplawski3633@gmail.com, CarmenIreland5525@gmail.com, NeliaAbrams8620@gmail.com, AdanCarden9027@gmail.com, LeannaMazer1235@gmail.com, ElzaAumick8395@gmail.com, TerenceGrothe7967@gmail.com, MarkitaBrymer7321@gmail.com, JazmineMccolley4132@gmail.com, AlphaHundley6257@gmail.com, ScotHollis8426@gmail.com, MarcelinaKoger3137@gmail.com, NaomaWhitman5530@gmail.com, AlfrediaSemon0100@gmail.com, MiyokoPinto5432@gmail.com, IsauraMorton9001@gmail.com, LeiaAmico4089@gmail.com, SimonPolinsky7978@gmail.com, YulandaMarsden6146@gmail.com, ChloeFlorey0182@gmail.com, BerniceCorcoran1154@gmail.com, ChristineParkinson6954@gmail.com, MarlysMatteson1945@gmail.com, EstellaLavallie2298@gmail.com, MadieBhatti9814@gmail.com, ElwoodCortez5872@gmail.com, SanjuanitaBrotzman9707@gmail.com, CelesteMahmood5635@gmail.com, FlorHallock7282@gmail.com, BrigitteRahm2391@gmail.com, CorazonBohan2879@gmail.com, CynthiaGines6711@gmail.com, NobleKrom2799@gmail.com, RosalindDaniele3014@gmail.com, MargaretaKu9884@gmail.com, SherrieRivero5899@gmail.com, MandiSwartwood6426@gmail.com, RickyLatimer5417@gmail.com, ClaraVillegas9775@gmail.com, TyroneAntonio7136@gmail.com, NoahDeppen5278@gmail.com, NelleGoodlow2877@gmail.com, YeseniaTillett4254@gmail.com, LynellLando8106@gmail.com, LoreenMorel1989@gmail.com, ValentinaNitti1092@gmail.com, CaraRakowski1097@gmail.com, SilasChickering2101@gmail.com, MargueriteSchuman2081@gmail.com, ThuyDecamp9430@gmail.com, IanReising1886@gmail.com, RufusHanshaw6825@gmail.com, IrmaEncarnacion2873@gmail.com, LeomaMazzei2034@gmail.com, LateshaMarini8611@gmail.com, TorrieHarnois1022@gmail.com, ParkerForrest2558@gmail.com, JedFrazier6088@gmail.com, KimiSavard3616@gmail.com, LashayFranz1318@gmail.com]
17:54:39.259 [main] INFO api.AvailableMembersApi - Validating members for Survey ID: 40
17:54:39.261 [main] INFO api.AvailableMembersApi - Received response for survey ID 41: Status Code = 200
17:54:39.266 [main] INFO api.AvailableMembersApi - Available emails for survey ID 41: [MalissaArn0202@gmail.com, TeriVillalobos6990@gmail.com, YeseniaConte8292@gmail.com, MeghannFollowell6036@gmail.com, LeeHarlow6738@gmail.com, SalvatoreMonico6748@gmail.com, SunshineFocht0017@gmail.com, OraHousand6876@gmail.com, TasiaMerritt2498@gmail.com, GregoryLucchesi4579@gmail.com, JaquelynLevett2862@gmail.com, MarikoHadfield9920@gmail.com, JanitaStroman5652@gmail.com, MargaritoDerringer6053@gmail.com, EverettNorthup7669@gmail.com, MicahShirley0805@gmail.com, WilhelminaHibdon9677@gmail.com, CarolinBlauser7632@gmail.com, LylaAlmanza0199@gmail.com, ChereGamino1550@gmail.com, FletaGiampaolo3754@gmail.com, CleotildeMcmiller8058@gmail.com, SaraiMorelli9034@gmail.com, LashandaAbbott9174@gmail.com, JeffryDynes1098@gmail.com, VerniceSoto3260@gmail.com, ElnaPhelan2540@gmail.com, TemikaHuth9411@gmail.com, AdriannaFentress5065@gmail.com, TaynaRey4852@gmail.com, IkeClink7071@gmail.com, GaynellCroce7702@gmail.com, DarlenaFarrington7903@gmail.com, CherrylCarolina2273@gmail.com, ZoeSolar4260@gmail.com, AnjanetteKrupp7724@gmail.com, JanieceSilvernail2745@gmail.com, IveyBuskey1353@gmail.com, ViolaBlackstock8664@gmail.com, ElaneMartinelli1121@gmail.com, RachellAnkrom0998@gmail.com, KylaKays1591@gmail.com, AltonSmedley5432@gmail.com, VoncileHayner2281@gmail.com, InellRuoff2731@gmail.com, OnitaHolloway7718@gmail.com, NormanCastilleja4018@gmail.com, DelmarTourville5884@gmail.com, AudryBerends0895@gmail.com, ZoraidaFaulkner5026@gmail.com, KelleeMaddy6483@gmail.com, FlorencioMuller2772@gmail.com, JoDettman4460@gmail.com, RosanneTrezza7663@gmail.com, MarylandBenedict6434@gmail.com, MirthaConine8554@gmail.com, KristinPonton2734@gmail.com, FlossiePangburn4203@gmail.com, YukoSteffes9115@gmail.com, DixieDarsey7418@gmail.com, KendrickPreston8153@gmail.com, CariPizzo2637@gmail.com, EllamaeTallon2542@gmail.com, AbbieKreidler2527@gmail.com, DustinArterburn6055@gmail.com, LailaHoldren0317@gmail.com, YangSoriano2861@gmail.com, JonShultis2071@gmail.com, JulianClapper5906@gmail.com, MylesCooke7867@gmail.com, RhebaCorbett1709@gmail.com, XochitlCalderwood5941@gmail.com, LeilaOdle4383@gmail.com, AbbyPeevy0877@gmail.com, JarvisMillar3472@gmail.com, LekishaHinnenkamp1017@gmail.com, AngeliaKeebler0114@gmail.com, ClementinaGormley2089@gmail.com, JoslynKeen8547@gmail.com, VerlaBearse3879@gmail.com, CassaundraLoar9453@gmail.com, JiLamarche1348@gmail.com, LilliamMcghie9513@gmail.com, AlonaRedel2262@gmail.com, HeidiGravelle3094@gmail.com, BuckSlawson5304@gmail.com, LindsayHenline2766@gmail.com, MimiWinsor6625@gmail.com, MaxineClauson3939@gmail.com, TalishaGeise5594@gmail.com, StacieAustria9018@gmail.com, GeorgiaCincotta6796@gmail.com, CandisGapinski6348@gmail.com, CorneliaLaney7638@gmail.com, TomiAthey0697@gmail.com, MathaBeard0636@gmail.com, BudMclarty0075@gmail.com, MarlanaGillard2214@gmail.com, ElvisLeatherwood1278@gmail.com, HellenMacrae0712@gmail.com, LezlieLuckey7094@gmail.com, MozelleReddy3840@gmail.com, OleneLedgerwood3654@gmail.com, ShandaCromer4960@gmail.com, RonCopher9843@gmail.com, ArmindaValentino6586@gmail.com, CarolannBronson4617@gmail.com, CharlynHaggerty1577@gmail.com, ElbaFarr1276@gmail.com, AngelikaMarch9925@gmail.com, MarylynnChauvin4173@gmail.com, LuisaOhm6420@gmail.com, BetteCarlos5624@gmail.com, RoccoBlubaugh1914@gmail.com, AlexandriaJantz3467@gmail.com, WinstonHemby7253@gmail.com, TamiJepson8335@gmail.com, NereidaTruman9016@gmail.com, HipolitoRowlands4929@gmail.com, PorterMarcinkowski6594@gmail.com, BonnyForester7950@gmail.com, RuthaCrotty1764@gmail.com, DamionWysocki9147@gmail.com, ColtonMoschella8698@gmail.com, WayneBasler6942@gmail.com, JoieSly5758@gmail.com, TakishaDemo0463@gmail.com, ChasArline0812@gmail.com, JoyaBristol1484@gmail.com, NeidaVartanian0848@gmail.com, EllieDuca1079@gmail.com, AdelaSlusher1773@gmail.com, DaniellNicklas8998@gmail.com, BessHugo8379@gmail.com, MarlinHolm9186@gmail.com, CareyBaley9974@gmail.com, MaddieMccusker6382@gmail.com, HerschelSena4741@gmail.com, TedBroome1787@gmail.com, BirgitMcglade6409@gmail.com, HeidiPoplawski3633@gmail.com, CarmenIreland5525@gmail.com, NeliaAbrams8620@gmail.com, AdanCarden9027@gmail.com, LeannaMazer1235@gmail.com, KeshaShoop3740@gmail.com, ElzaAumick8395@gmail.com, TerenceGrothe7967@gmail.com, MarkitaBrymer7321@gmail.com, JazmineMccolley4132@gmail.com, AlphaHundley6257@gmail.com, ScotHollis8426@gmail.com, MarcelinaKoger3137@gmail.com, NaomaWhitman5530@gmail.com, AlfrediaSemon0100@gmail.com, MiyokoPinto5432@gmail.com, IsauraMorton9001@gmail.com, LeiaAmico4089@gmail.com, SimonPolinsky7978@gmail.com, YulandaMarsden6146@gmail.com, ChloeFlorey0182@gmail.com, BerniceCorcoran1154@gmail.com, ChristineParkinson6954@gmail.com, MarlysMatteson1945@gmail.com, EstellaLavallie2298@gmail.com, MadieBhatti9814@gmail.com, DelphaTharrington9888@gmail.com, ElwoodCortez5872@gmail.com, SanjuanitaBrotzman9707@gmail.com, CelesteMahmood5635@gmail.com, FlorHallock7282@gmail.com, CorazonBohan2879@gmail.com, CynthiaGines6711@gmail.com, NobleKrom2799@gmail.com, RosalindDaniele3014@gmail.com, MargaretaKu9884@gmail.com, MandiSwartwood6426@gmail.com, RickyLatimer5417@gmail.com, ClaraVillegas9775@gmail.com, TyroneAntonio7136@gmail.com, NoahDeppen5278@gmail.com, NelleGoodlow2877@gmail.com, YeseniaTillett4254@gmail.com, LynellLando8106@gmail.com, LoreenMorel1989@gmail.com, ValentinaNitti1092@gmail.com, CaraRakowski1097@gmail.com, SilasChickering2101@gmail.com, MargueriteSchuman2081@gmail.com, ThuyDecamp9430@gmail.com, IanReising1886@gmail.com, RufusHanshaw6825@gmail.com, IrmaEncarnacion2873@gmail.com, LeomaMazzei2034@gmail.com, LateshaMarini8611@gmail.com, TorrieHarnois1022@gmail.com, ParkerForrest2558@gmail.com, JedFrazier6088@gmail.com, KimiSavard3616@gmail.com, LashayFranz1318@gmail.com]
17:54:39.266 [main] INFO api.AvailableMembersApi - Validating members for Survey ID: 41
17:54:39.269 [main] INFO api.AvailableMembersApi - Received response for survey ID 42: Status Code = 200
17:54:39.277 [main] INFO api.AvailableMembersApi - Available emails for survey ID 42: [MalissaArn0202@gmail.com, TeriVillalobos6990@gmail.com, YeseniaConte8292@gmail.com, MeghannFollowell6036@gmail.com, LeeHarlow6738@gmail.com, SalvatoreMonico6748@gmail.com, SunshineFocht0017@gmail.com, DainaMaine1358@gmail.com, OraHousand6876@gmail.com, TasiaMerritt2498@gmail.com, GregoryLucchesi4579@gmail.com, DrucillaWilhelm1088@gmail.com, JaquelynLevett2862@gmail.com, MarikoHadfield9920@gmail.com, JanitaStroman5652@gmail.com, MargaritoDerringer6053@gmail.com, SheritaArispe4106@gmail.com, EverettNorthup7669@gmail.com, MicahShirley0805@gmail.com, WilhelminaHibdon9677@gmail.com, CarolinBlauser7632@gmail.com, LylaAlmanza0199@gmail.com, FletaGiampaolo3754@gmail.com, CleotildeMcmiller8058@gmail.com, LashandaAbbott9174@gmail.com, JeffryDynes1098@gmail.com, VerniceSoto3260@gmail.com, ElnaPhelan2540@gmail.com, TemikaHuth9411@gmail.com, TaynaRey4852@gmail.com, IkeClink7071@gmail.com, GaynellCroce7702@gmail.com, DarlenaFarrington7903@gmail.com, CherrylCarolina2273@gmail.com, ZoeSolar4260@gmail.com, AnjanetteKrupp7724@gmail.com, JanieceSilvernail2745@gmail.com, ViolaBlackstock8664@gmail.com, ElaneMartinelli1121@gmail.com, RachellAnkrom0998@gmail.com, KylaKays1591@gmail.com, AltonSmedley5432@gmail.com, VoncileHayner2281@gmail.com, BebeLehmkuhl5703@gmail.com, OnitaHolloway7718@gmail.com, NormanCastilleja4018@gmail.com, DelmarTourville5884@gmail.com, AudryBerends0895@gmail.com, ZoraidaFaulkner5026@gmail.com, KelleeMaddy6483@gmail.com, FlorencioMuller2772@gmail.com, JoDettman4460@gmail.com, MarylandBenedict6434@gmail.com, MirthaConine8554@gmail.com, FlossiePangburn4203@gmail.com, YukoSteffes9115@gmail.com, DixieDarsey7418@gmail.com, CariPizzo2637@gmail.com, AbbieKreidler2527@gmail.com, DustinArterburn6055@gmail.com, CatriceLenton4273@gmail.com, LailaHoldren0317@gmail.com, YangSoriano2861@gmail.com, JonShultis2071@gmail.com, JulianClapper5906@gmail.com, MylesCooke7867@gmail.com, RhebaCorbett1709@gmail.com, MarcelleHerzog9009@gmail.com, XochitlCalderwood5941@gmail.com, LeilaOdle4383@gmail.com, AbbyPeevy0877@gmail.com, JarvisMillar3472@gmail.com, AngeliaKeebler0114@gmail.com, ClementinaGormley2089@gmail.com, JoslynKeen8547@gmail.com, VerlaBearse3879@gmail.com, CassaundraLoar9453@gmail.com, JiLamarche1348@gmail.com, LilliamMcghie9513@gmail.com, HeidiGravelle3094@gmail.com, MaxineClauson3939@gmail.com, LenaGalusha7687@gmail.com, TalishaGeise5594@gmail.com, StacieAustria9018@gmail.com, GeorgiaCincotta6796@gmail.com, CandisGapinski6348@gmail.com, CyrstalRobb5332@gmail.com, CorneliaLaney7638@gmail.com, JereRouth3497@gmail.com, ArchieBranning7218@gmail.com, TomiAthey0697@gmail.com, MathaBeard0636@gmail.com, BudMclarty0075@gmail.com, ElvisLeatherwood1278@gmail.com, HellenMacrae0712@gmail.com, MeaghanMacinnis5645@gmail.com, LezlieLuckey7094@gmail.com, OleneLedgerwood3654@gmail.com, ShandaCromer4960@gmail.com, VeniceSherry5610@gmail.com, RonCopher9843@gmail.com, ArmindaValentino6586@gmail.com, CarolannBronson4617@gmail.com, CharlynHaggerty1577@gmail.com, IsaacLinebaugh9546@gmail.com, ElbaFarr1276@gmail.com, AngelikaMarch9925@gmail.com, TylerGalbraith9779@gmail.com, MarylynnChauvin4173@gmail.com, LuisaOhm6420@gmail.com, BetteCarlos5624@gmail.com, RoccoBlubaugh1914@gmail.com, AlexandriaJantz3467@gmail.com, WinstonHemby7253@gmail.com, TamiJepson8335@gmail.com, AnamariaHeadrick7903@gmail.com, NereidaTruman9016@gmail.com, HipolitoRowlands4929@gmail.com, PorterMarcinkowski6594@gmail.com, BonnyForester7950@gmail.com, RuthaCrotty1764@gmail.com, DamionWysocki9147@gmail.com, ColtonMoschella8698@gmail.com, WayneBasler6942@gmail.com, JoieSly5758@gmail.com, TakishaDemo0463@gmail.com, ChasArline0812@gmail.com, JoyaBristol1484@gmail.com, NeidaVartanian0848@gmail.com, EllieDuca1079@gmail.com, AdelaSlusher1773@gmail.com, DaniellNicklas8998@gmail.com, JammieRapp6294@gmail.com, BessHugo8379@gmail.com, MarlinHolm9186@gmail.com, MignonCarnes1909@gmail.com, CareyBaley9974@gmail.com, DaniStroop2632@gmail.com, HerschelSena4741@gmail.com, OraSuddeth1307@gmail.com, TedBroome1787@gmail.com, BirgitMcglade6409@gmail.com, HeidiPoplawski3633@gmail.com, CarmenIreland5525@gmail.com, NeliaAbrams8620@gmail.com, AdanCarden9027@gmail.com, LeannaMazer1235@gmail.com, KeshaShoop3740@gmail.com, ElzaAumick8395@gmail.com, TerenceGrothe7967@gmail.com, MarkitaBrymer7321@gmail.com, JazmineMccolley4132@gmail.com, ScotHollis8426@gmail.com, MarcelinaKoger3137@gmail.com, NaomaWhitman5530@gmail.com, AlfrediaSemon0100@gmail.com, MiyokoPinto5432@gmail.com, IsauraMorton9001@gmail.com, LeiaAmico4089@gmail.com, SimonPolinsky7978@gmail.com, YulandaMarsden6146@gmail.com, ChloeFlorey0182@gmail.com, ChristineParkinson6954@gmail.com, MarlysMatteson1945@gmail.com, EstellaLavallie2298@gmail.com, MadieBhatti9814@gmail.com, DelphaTharrington9888@gmail.com, ElwoodCortez5872@gmail.com, SanjuanitaBrotzman9707@gmail.com, CelesteMahmood5635@gmail.com, FlorHallock7282@gmail.com, CorazonBohan2879@gmail.com, CynthiaGines6711@gmail.com, NobleKrom2799@gmail.com, RosalindDaniele3014@gmail.com, MargaretaKu9884@gmail.com, SherrieRivero5899@gmail.com, MandiSwartwood6426@gmail.com, RickyLatimer5417@gmail.com, ClaraVillegas9775@gmail.com, NoahDeppen5278@gmail.com, NelleGoodlow2877@gmail.com, YeseniaTillett4254@gmail.com, LynellLando8106@gmail.com, LoreenMorel1989@gmail.com, ValentinaNitti1092@gmail.com, CaraRakowski1097@gmail.com, SilasChickering2101@gmail.com, MargueriteSchuman2081@gmail.com, ThuyDecamp9430@gmail.com, IanReising1886@gmail.com, RufusHanshaw6825@gmail.com, IrmaEncarnacion2873@gmail.com, LeomaMazzei2034@gmail.com, LateshaMarini8611@gmail.com, MallorySegarra2903@gmail.com, TorrieHarnois1022@gmail.com, ParkerForrest2558@gmail.com, JedFrazier6088@gmail.com, KimiSavard3616@gmail.com, LashayFranz1318@gmail.com]
17:54:39.277 [main] INFO api.AvailableMembersApi - Validating members for Survey ID: 42
17:54:39.279 [main] INFO api.AvailableMembersApi - Received response for survey ID 43: Status Code = 200
17:54:39.287 [main] INFO api.AvailableMembersApi - Available emails for survey ID 43: [MalissaArn0202@gmail.com, TeriVillalobos6990@gmail.com, YeseniaConte8292@gmail.com, MeghannFollowell6036@gmail.com, LeeHarlow6738@gmail.com, SalvatoreMonico6748@gmail.com, SunshineFocht0017@gmail.com, DainaMaine1358@gmail.com, OraHousand6876@gmail.com, TasiaMerritt2498@gmail.com, GregoryLucchesi4579@gmail.com, DrucillaWilhelm1088@gmail.com, JaquelynLevett2862@gmail.com, MarikoHadfield9920@gmail.com, JanitaStroman5652@gmail.com, MargaritoDerringer6053@gmail.com, EverettNorthup7669@gmail.com, WilhelminaHibdon9677@gmail.com, CarolinBlauser7632@gmail.com, LylaAlmanza0199@gmail.com, ChereGamino1550@gmail.com, FletaGiampaolo3754@gmail.com, CleotildeMcmiller8058@gmail.com, SaraiMorelli9034@gmail.com, LashandaAbbott9174@gmail.com, JeffryDynes1098@gmail.com, VerniceSoto3260@gmail.com, ElnaPhelan2540@gmail.com, TemikaHuth9411@gmail.com, AdriannaFentress5065@gmail.com, TaynaRey4852@gmail.com, IkeClink7071@gmail.com, GaynellCroce7702@gmail.com, DarlenaFarrington7903@gmail.com, CherrylCarolina2273@gmail.com, ZoeSolar4260@gmail.com, AnjanetteKrupp7724@gmail.com, IveyBuskey1353@gmail.com, ViolaBlackstock8664@gmail.com, ElaneMartinelli1121@gmail.com, RachellAnkrom0998@gmail.com, AltonSmedley5432@gmail.com, VoncileHayner2281@gmail.com, BebeLehmkuhl5703@gmail.com, InellRuoff2731@gmail.com, OnitaHolloway7718@gmail.com, NormanCastilleja4018@gmail.com, DelmarTourville5884@gmail.com, ZoraidaFaulkner5026@gmail.com, KelleeMaddy6483@gmail.com, FlorencioMuller2772@gmail.com, JoDettman4460@gmail.com, MarylandBenedict6434@gmail.com, MirthaConine8554@gmail.com, KristinPonton2734@gmail.com, FlossiePangburn4203@gmail.com, YukoSteffes9115@gmail.com, DixieDarsey7418@gmail.com, KendrickPreston8153@gmail.com, CariPizzo2637@gmail.com, EllamaeTallon2542@gmail.com, AbbieKreidler2527@gmail.com, DustinArterburn6055@gmail.com, CatriceLenton4273@gmail.com, LailaHoldren0317@gmail.com, YangSoriano2861@gmail.com, JulianClapper5906@gmail.com, MylesCooke7867@gmail.com, RhebaCorbett1709@gmail.com, MarcelleHerzog9009@gmail.com, XochitlCalderwood5941@gmail.com, LeilaOdle4383@gmail.com, AbbyPeevy0877@gmail.com, JarvisMillar3472@gmail.com, LekishaHinnenkamp1017@gmail.com, AngeliaKeebler0114@gmail.com, JoslynKeen8547@gmail.com, VerlaBearse3879@gmail.com, CassaundraLoar9453@gmail.com, JiLamarche1348@gmail.com, AlonaRedel2262@gmail.com, BuckSlawson5304@gmail.com, LindsayHenline2766@gmail.com, MimiWinsor6625@gmail.com, MaxineClauson3939@gmail.com, TalishaGeise5594@gmail.com, GeorgiaCincotta6796@gmail.com, CandisGapinski6348@gmail.com, CyrstalRobb5332@gmail.com, CorneliaLaney7638@gmail.com, JereRouth3497@gmail.com, ArchieBranning7218@gmail.com, TomiAthey0697@gmail.com, MathaBeard0636@gmail.com, BudMclarty0075@gmail.com, MarlanaGillard2214@gmail.com, ElvisLeatherwood1278@gmail.com, HellenMacrae0712@gmail.com, LezlieLuckey7094@gmail.com, ShandaCromer4960@gmail.com, VeniceSherry5610@gmail.com, RonCopher9843@gmail.com, ArmindaValentino6586@gmail.com, CarolannBronson4617@gmail.com, CharlynHaggerty1577@gmail.com, IsaacLinebaugh9546@gmail.com, ElbaFarr1276@gmail.com, AngelikaMarch9925@gmail.com, TylerGalbraith9779@gmail.com, MarylynnChauvin4173@gmail.com, LuisaOhm6420@gmail.com, BetteCarlos5624@gmail.com, AlexandriaJantz3467@gmail.com, WinstonHemby7253@gmail.com, TamiJepson8335@gmail.com, AnamariaHeadrick7903@gmail.com, NereidaTruman9016@gmail.com, HipolitoRowlands4929@gmail.com, PorterMarcinkowski6594@gmail.com, BonnyForester7950@gmail.com, DamionWysocki9147@gmail.com, WayneBasler6942@gmail.com, JoieSly5758@gmail.com, TakishaDemo0463@gmail.com, ChasArline0812@gmail.com, JoyaBristol1484@gmail.com, NeidaVartanian0848@gmail.com, EllieDuca1079@gmail.com, AdelaSlusher1773@gmail.com, BessHugo8379@gmail.com, MarlinHolm9186@gmail.com, MignonCarnes1909@gmail.com, CareyBaley9974@gmail.com, DaniStroop2632@gmail.com, MaddieMccusker6382@gmail.com, HerschelSena4741@gmail.com, OraSuddeth1307@gmail.com, TedBroome1787@gmail.com, BirgitMcglade6409@gmail.com, CarmenIreland5525@gmail.com, NeliaAbrams8620@gmail.com, AdanCarden9027@gmail.com, LeannaMazer1235@gmail.com, KeshaShoop3740@gmail.com, TerenceGrothe7967@gmail.com, MarkitaBrymer7321@gmail.com, JazmineMccolley4132@gmail.com, AlphaHundley6257@gmail.com, ScotHollis8426@gmail.com, MarcelinaKoger3137@gmail.com, NaomaWhitman5530@gmail.com, AlfrediaSemon0100@gmail.com, MiyokoPinto5432@gmail.com, IsauraMorton9001@gmail.com, LeiaAmico4089@gmail.com, SimonPolinsky7978@gmail.com, ChloeFlorey0182@gmail.com, BerniceCorcoran1154@gmail.com, ChristineParkinson6954@gmail.com, MarlysMatteson1945@gmail.com, EstellaLavallie2298@gmail.com, MadieBhatti9814@gmail.com, DelphaTharrington9888@gmail.com, SanjuanitaBrotzman9707@gmail.com, CelesteMahmood5635@gmail.com, FlorHallock7282@gmail.com, BrigitteRahm2391@gmail.com, CynthiaGines6711@gmail.com, NobleKrom2799@gmail.com, RosalindDaniele3014@gmail.com, MargaretaKu9884@gmail.com, SherrieRivero5899@gmail.com, MandiSwartwood6426@gmail.com, RickyLatimer5417@gmail.com, ClaraVillegas9775@gmail.com, NoahDeppen5278@gmail.com, NelleGoodlow2877@gmail.com, YeseniaTillett4254@gmail.com, LynellLando8106@gmail.com, LoreenMorel1989@gmail.com, ValentinaNitti1092@gmail.com, CaraRakowski1097@gmail.com, SilasChickering2101@gmail.com, MargueriteSchuman2081@gmail.com, ThuyDecamp9430@gmail.com, IanReising1886@gmail.com, RufusHanshaw6825@gmail.com, IrmaEncarnacion2873@gmail.com, LeomaMazzei2034@gmail.com, LateshaMarini8611@gmail.com, MallorySegarra2903@gmail.com, TorrieHarnois1022@gmail.com, ParkerForrest2558@gmail.com, JedFrazier6088@gmail.com, KimiSavard3616@gmail.com, LashayFranz1318@gmail.com]
17:54:39.287 [main] INFO api.AvailableMembersApi - Validating members for Survey ID: 43
17:54:39.288 [main] INFO api.AvailableMembersApi - Received response for survey ID 44: Status Code = 200
17:54:39.293 [main] INFO api.AvailableMembersApi - Available emails for survey ID 44: [MalissaArn0202@gmail.com, YeseniaConte8292@gmail.com, MeghannFollowell6036@gmail.com, LeeHarlow6738@gmail.com, SunshineFocht0017@gmail.com, DainaMaine1358@gmail.com, OraHousand6876@gmail.com, TasiaMerritt2498@gmail.com, GregoryLucchesi4579@gmail.com, DrucillaWilhelm1088@gmail.com, JaquelynLevett2862@gmail.com, JanitaStroman5652@gmail.com, MargaritoDerringer6053@gmail.com, SheritaArispe4106@gmail.com, EverettNorthup7669@gmail.com, MicahShirley0805@gmail.com, WilhelminaHibdon9677@gmail.com, CarolinBlauser7632@gmail.com, LylaAlmanza0199@gmail.com, ChereGamino1550@gmail.com, FletaGiampaolo3754@gmail.com, CleotildeMcmiller8058@gmail.com, SaraiMorelli9034@gmail.com, JeffryDynes1098@gmail.com, VerniceSoto3260@gmail.com, ElnaPhelan2540@gmail.com, TemikaHuth9411@gmail.com, TaynaRey4852@gmail.com, IkeClink7071@gmail.com, GaynellCroce7702@gmail.com, DarlenaFarrington7903@gmail.com, CherrylCarolina2273@gmail.com, ZoeSolar4260@gmail.com, AnjanetteKrupp7724@gmail.com, JanieceSilvernail2745@gmail.com, IveyBuskey1353@gmail.com, ViolaBlackstock8664@gmail.com, ElaneMartinelli1121@gmail.com, RachellAnkrom0998@gmail.com, AltonSmedley5432@gmail.com, VoncileHayner2281@gmail.com, BebeLehmkuhl5703@gmail.com, InellRuoff2731@gmail.com, OnitaHolloway7718@gmail.com, DelmarTourville5884@gmail.com, AudryBerends0895@gmail.com, ZoraidaFaulkner5026@gmail.com, FlorencioMuller2772@gmail.com, JoDettman4460@gmail.com, RosanneTrezza7663@gmail.com, MarylandBenedict6434@gmail.com, MirthaConine8554@gmail.com, KristinPonton2734@gmail.com, YukoSteffes9115@gmail.com, DixieDarsey7418@gmail.com, EllamaeTallon2542@gmail.com, DustinArterburn6055@gmail.com, CatriceLenton4273@gmail.com, YangSoriano2861@gmail.com, JonShultis2071@gmail.com, JulianClapper5906@gmail.com, MylesCooke7867@gmail.com, RhebaCorbett1709@gmail.com, MarcelleHerzog9009@gmail.com, XochitlCalderwood5941@gmail.com, LeilaOdle4383@gmail.com, AbbyPeevy0877@gmail.com, JarvisMillar3472@gmail.com, LekishaHinnenkamp1017@gmail.com, AngeliaKeebler0114@gmail.com, ClementinaGormley2089@gmail.com, JoslynKeen8547@gmail.com, VerlaBearse3879@gmail.com, CassaundraLoar9453@gmail.com, JiLamarche1348@gmail.com, LilliamMcghie9513@gmail.com, AlonaRedel2262@gmail.com, HeidiGravelle3094@gmail.com, BuckSlawson5304@gmail.com, LindsayHenline2766@gmail.com, MimiWinsor6625@gmail.com, MaxineClauson3939@gmail.com, LenaGalusha7687@gmail.com, TalishaGeise5594@gmail.com, StacieAustria9018@gmail.com, GeorgiaCincotta6796@gmail.com, CandisGapinski6348@gmail.com, CyrstalRobb5332@gmail.com, CorneliaLaney7638@gmail.com, JereRouth3497@gmail.com, ArchieBranning7218@gmail.com, TomiAthey0697@gmail.com, MathaBeard0636@gmail.com, BudMclarty0075@gmail.com, ElvisLeatherwood1278@gmail.com, HellenMacrae0712@gmail.com, MeaghanMacinnis5645@gmail.com, LezlieLuckey7094@gmail.com, MozelleReddy3840@gmail.com, OleneLedgerwood3654@gmail.com, ShandaCromer4960@gmail.com, VeniceSherry5610@gmail.com, RonCopher9843@gmail.com, ArmindaValentino6586@gmail.com, CarolannBronson4617@gmail.com, CharlynHaggerty1577@gmail.com, IsaacLinebaugh9546@gmail.com, ElbaFarr1276@gmail.com, AngelikaMarch9925@gmail.com, TylerGalbraith9779@gmail.com, MarylynnChauvin4173@gmail.com, LuisaOhm6420@gmail.com, BetteCarlos5624@gmail.com, AlexandriaJantz3467@gmail.com, TamiJepson8335@gmail.com, AnamariaHeadrick7903@gmail.com, NereidaTruman9016@gmail.com, HipolitoRowlands4929@gmail.com, PorterMarcinkowski6594@gmail.com, BonnyForester7950@gmail.com, RuthaCrotty1764@gmail.com, DamionWysocki9147@gmail.com, ColtonMoschella8698@gmail.com, WayneBasler6942@gmail.com, JoieSly5758@gmail.com, TakishaDemo0463@gmail.com, ChasArline0812@gmail.com, JoyaBristol1484@gmail.com, NeidaVartanian0848@gmail.com, EllieDuca1079@gmail.com, AdelaSlusher1773@gmail.com, DaniellNicklas8998@gmail.com, JammieRapp6294@gmail.com, MarlinHolm9186@gmail.com, MignonCarnes1909@gmail.com, DaniStroop2632@gmail.com, MaddieMccusker6382@gmail.com, HerschelSena4741@gmail.com, OraSuddeth1307@gmail.com, TedBroome1787@gmail.com, BirgitMcglade6409@gmail.com, HeidiPoplawski3633@gmail.com, CarmenIreland5525@gmail.com, NeliaAbrams8620@gmail.com, AdanCarden9027@gmail.com, LeannaMazer1235@gmail.com, KeshaShoop3740@gmail.com, TerenceGrothe7967@gmail.com, MarkitaBrymer7321@gmail.com, AlphaHundley6257@gmail.com, ScotHollis8426@gmail.com, MarcelinaKoger3137@gmail.com, NaomaWhitman5530@gmail.com, AlfrediaSemon0100@gmail.com, IsauraMorton9001@gmail.com, LeiaAmico4089@gmail.com, SimonPolinsky7978@gmail.com, YulandaMarsden6146@gmail.com, ChloeFlorey0182@gmail.com, BerniceCorcoran1154@gmail.com, ChristineParkinson6954@gmail.com, MarlysMatteson1945@gmail.com, EstellaLavallie2298@gmail.com, MadieBhatti9814@gmail.com, DelphaTharrington9888@gmail.com, ElwoodCortez5872@gmail.com, SanjuanitaBrotzman9707@gmail.com, CelesteMahmood5635@gmail.com, BrigitteRahm2391@gmail.com, CorazonBohan2879@gmail.com, CynthiaGines6711@gmail.com, NobleKrom2799@gmail.com, RosalindDaniele3014@gmail.com, MargaretaKu9884@gmail.com, SherrieRivero5899@gmail.com, MandiSwartwood6426@gmail.com, RickyLatimer5417@gmail.com, ClaraVillegas9775@gmail.com, NoahDeppen5278@gmail.com, NelleGoodlow2877@gmail.com, YeseniaTillett4254@gmail.com, LynellLando8106@gmail.com, LoreenMorel1989@gmail.com, ValentinaNitti1092@gmail.com, CaraRakowski1097@gmail.com, SilasChickering2101@gmail.com, MargueriteSchuman2081@gmail.com, ThuyDecamp9430@gmail.com, IanReising1886@gmail.com, IrmaEncarnacion2873@gmail.com, LeomaMazzei2034@gmail.com, LateshaMarini8611@gmail.com, MallorySegarra2903@gmail.com, TorrieHarnois1022@gmail.com, ParkerForrest2558@gmail.com, JedFrazier6088@gmail.com, KimiSavard3616@gmail.com, LashayFranz1318@gmail.com]
17:54:39.293 [main] INFO api.AvailableMembersApi - Validating members for Survey ID: 44
17:54:39.295 [main] INFO api.AvailableMembersApi - Received response for survey ID 45: Status Code = 200
17:54:39.300 [main] INFO api.AvailableMembersApi - Available emails for survey ID 45: [TeriVillalobos6990@gmail.com, YeseniaConte8292@gmail.com, MeghannFollowell6036@gmail.com, LeeHarlow6738@gmail.com, SalvatoreMonico6748@gmail.com, SunshineFocht0017@gmail.com, DainaMaine1358@gmail.com, OraHousand6876@gmail.com, TasiaMerritt2498@gmail.com, GregoryLucchesi4579@gmail.com, DrucillaWilhelm1088@gmail.com, JaquelynLevett2862@gmail.com, MarikoHadfield9920@gmail.com, JanitaStroman5652@gmail.com, SheritaArispe4106@gmail.com, EverettNorthup7669@gmail.com, MicahShirley0805@gmail.com, WilhelminaHibdon9677@gmail.com, CarolinBlauser7632@gmail.com, LylaAlmanza0199@gmail.com, ChereGamino1550@gmail.com, FletaGiampaolo3754@gmail.com, CleotildeMcmiller8058@gmail.com, SaraiMorelli9034@gmail.com, LashandaAbbott9174@gmail.com, JeffryDynes1098@gmail.com, VerniceSoto3260@gmail.com, ElnaPhelan2540@gmail.com, TemikaHuth9411@gmail.com, AdriannaFentress5065@gmail.com, TaynaRey4852@gmail.com, IkeClink7071@gmail.com, GaynellCroce7702@gmail.com, DarlenaFarrington7903@gmail.com, CherrylCarolina2273@gmail.com, ZoeSolar4260@gmail.com, AnjanetteKrupp7724@gmail.com, JanieceSilvernail2745@gmail.com, IveyBuskey1353@gmail.com, ViolaBlackstock8664@gmail.com, ElaneMartinelli1121@gmail.com, RachellAnkrom0998@gmail.com, KylaKays1591@gmail.com, AltonSmedley5432@gmail.com, VoncileHayner2281@gmail.com, BebeLehmkuhl5703@gmail.com, InellRuoff2731@gmail.com, OnitaHolloway7718@gmail.com, NormanCastilleja4018@gmail.com, DelmarTourville5884@gmail.com, AudryBerends0895@gmail.com, ZoraidaFaulkner5026@gmail.com, KelleeMaddy6483@gmail.com, RosanneTrezza7663@gmail.com, MarylandBenedict6434@gmail.com, MirthaConine8554@gmail.com, KristinPonton2734@gmail.com, FlossiePangburn4203@gmail.com, YukoSteffes9115@gmail.com, DixieDarsey7418@gmail.com, CariPizzo2637@gmail.com, EllamaeTallon2542@gmail.com, AbbieKreidler2527@gmail.com, DustinArterburn6055@gmail.com, CatriceLenton4273@gmail.com, LailaHoldren0317@gmail.com, YangSoriano2861@gmail.com, JonShultis2071@gmail.com, JulianClapper5906@gmail.com, RhebaCorbett1709@gmail.com, MarcelleHerzog9009@gmail.com, XochitlCalderwood5941@gmail.com, LeilaOdle4383@gmail.com, AbbyPeevy0877@gmail.com, JarvisMillar3472@gmail.com, AngeliaKeebler0114@gmail.com, ClementinaGormley2089@gmail.com, JoslynKeen8547@gmail.com, VerlaBearse3879@gmail.com, CassaundraLoar9453@gmail.com, JiLamarche1348@gmail.com, LilliamMcghie9513@gmail.com, AlonaRedel2262@gmail.com, HeidiGravelle3094@gmail.com, BuckSlawson5304@gmail.com, LindsayHenline2766@gmail.com, MimiWinsor6625@gmail.com, MaxineClauson3939@gmail.com, TalishaGeise5594@gmail.com, StacieAustria9018@gmail.com, GeorgiaCincotta6796@gmail.com, CandisGapinski6348@gmail.com, CyrstalRobb5332@gmail.com, CorneliaLaney7638@gmail.com, JereRouth3497@gmail.com, ArchieBranning7218@gmail.com, TomiAthey0697@gmail.com, MathaBeard0636@gmail.com, BudMclarty0075@gmail.com, MarlanaGillard2214@gmail.com, ElvisLeatherwood1278@gmail.com, HellenMacrae0712@gmail.com, MeaghanMacinnis5645@gmail.com, LezlieLuckey7094@gmail.com, OleneLedgerwood3654@gmail.com, ShandaCromer4960@gmail.com, VeniceSherry5610@gmail.com, RonCopher9843@gmail.com, ArmindaValentino6586@gmail.com, CarolannBronson4617@gmail.com, IsaacLinebaugh9546@gmail.com, ElbaFarr1276@gmail.com, AngelikaMarch9925@gmail.com, TylerGalbraith9779@gmail.com, MarylynnChauvin4173@gmail.com, LuisaOhm6420@gmail.com, BetteCarlos5624@gmail.com, TamiJepson8335@gmail.com, AnamariaHeadrick7903@gmail.com, NereidaTruman9016@gmail.com, HipolitoRowlands4929@gmail.com, PorterMarcinkowski6594@gmail.com, BonnyForester7950@gmail.com, RuthaCrotty1764@gmail.com, DamionWysocki9147@gmail.com, ColtonMoschella8698@gmail.com, WayneBasler6942@gmail.com, TakishaDemo0463@gmail.com, ChasArline0812@gmail.com, JoyaBristol1484@gmail.com, NeidaVartanian0848@gmail.com, EllieDuca1079@gmail.com, AdelaSlusher1773@gmail.com, JammieRapp6294@gmail.com, BessHugo8379@gmail.com, MarlinHolm9186@gmail.com, MignonCarnes1909@gmail.com, CareyBaley9974@gmail.com, MaddieMccusker6382@gmail.com, HerschelSena4741@gmail.com, OraSuddeth1307@gmail.com, TedBroome1787@gmail.com, BirgitMcglade6409@gmail.com, HeidiPoplawski3633@gmail.com, CarmenIreland5525@gmail.com, NeliaAbrams8620@gmail.com, AdanCarden9027@gmail.com, LeannaMazer1235@gmail.com, KeshaShoop3740@gmail.com, ElzaAumick8395@gmail.com, TerenceGrothe7967@gmail.com, MarkitaBrymer7321@gmail.com, JazmineMccolley4132@gmail.com, AlphaHundley6257@gmail.com, ScotHollis8426@gmail.com, MarcelinaKoger3137@gmail.com, NaomaWhitman5530@gmail.com, AlfrediaSemon0100@gmail.com, MiyokoPinto5432@gmail.com, IsauraMorton9001@gmail.com, LeiaAmico4089@gmail.com, SimonPolinsky7978@gmail.com, YulandaMarsden6146@gmail.com, ChloeFlorey0182@gmail.com, ChristineParkinson6954@gmail.com, MarlysMatteson1945@gmail.com, MadieBhatti9814@gmail.com, DelphaTharrington9888@gmail.com, ElwoodCortez5872@gmail.com, SanjuanitaBrotzman9707@gmail.com, CelesteMahmood5635@gmail.com, FlorHallock7282@gmail.com, BrigitteRahm2391@gmail.com, CorazonBohan2879@gmail.com, CynthiaGines6711@gmail.com, NobleKrom2799@gmail.com, RosalindDaniele3014@gmail.com, MargaretaKu9884@gmail.com, SherrieRivero5899@gmail.com, RickyLatimer5417@gmail.com, ClaraVillegas9775@gmail.com, NoahDeppen5278@gmail.com, NelleGoodlow2877@gmail.com, YeseniaTillett4254@gmail.com, LynellLando8106@gmail.com, LoreenMorel1989@gmail.com, ValentinaNitti1092@gmail.com, CaraRakowski1097@gmail.com, SilasChickering2101@gmail.com, MargueriteSchuman2081@gmail.com, ThuyDecamp9430@gmail.com, IanReising1886@gmail.com, IrmaEncarnacion2873@gmail.com, LeomaMazzei2034@gmail.com, LateshaMarini8611@gmail.com, MallorySegarra2903@gmail.com, TorrieHarnois1022@gmail.com, ParkerForrest2558@gmail.com, JedFrazier6088@gmail.com, KimiSavard3616@gmail.com, LashayFranz1318@gmail.com]
17:54:39.300 [main] INFO api.AvailableMembersApi - Validating members for Survey ID: 45
17:54:39.301 [main] INFO api.AvailableMembersApi - Received response for survey ID 46: Status Code = 200
17:54:39.306 [main] INFO api.AvailableMembersApi - Available emails for survey ID 46: [MalissaArn0202@gmail.com, TeriVillalobos6990@gmail.com, YeseniaConte8292@gmail.com, MeghannFollowell6036@gmail.com, LeeHarlow6738@gmail.com, SunshineFocht0017@gmail.com, DainaMaine1358@gmail.com, OraHousand6876@gmail.com, TasiaMerritt2498@gmail.com, GregoryLucchesi4579@gmail.com, DrucillaWilhelm1088@gmail.com, JaquelynLevett2862@gmail.com, MarikoHadfield9920@gmail.com, JanitaStroman5652@gmail.com, MargaritoDerringer6053@gmail.com, SheritaArispe4106@gmail.com, EverettNorthup7669@gmail.com, MicahShirley0805@gmail.com, WilhelminaHibdon9677@gmail.com, CarolinBlauser7632@gmail.com, LylaAlmanza0199@gmail.com, ChereGamino1550@gmail.com, FletaGiampaolo3754@gmail.com, CleotildeMcmiller8058@gmail.com, SaraiMorelli9034@gmail.com, JeffryDynes1098@gmail.com, VerniceSoto3260@gmail.com, TemikaHuth9411@gmail.com, AdriannaFentress5065@gmail.com, TaynaRey4852@gmail.com, IkeClink7071@gmail.com, GaynellCroce7702@gmail.com, DarlenaFarrington7903@gmail.com, CherrylCarolina2273@gmail.com, ZoeSolar4260@gmail.com, AnjanetteKrupp7724@gmail.com, JanieceSilvernail2745@gmail.com, IveyBuskey1353@gmail.com, ViolaBlackstock8664@gmail.com, ElaneMartinelli1121@gmail.com, RachellAnkrom0998@gmail.com, KylaKays1591@gmail.com, AltonSmedley5432@gmail.com, VoncileHayner2281@gmail.com, BebeLehmkuhl5703@gmail.com, InellRuoff2731@gmail.com, OnitaHolloway7718@gmail.com, NormanCastilleja4018@gmail.com, DelmarTourville5884@gmail.com, AudryBerends0895@gmail.com, ZoraidaFaulkner5026@gmail.com, KelleeMaddy6483@gmail.com, FlorencioMuller2772@gmail.com, JoDettman4460@gmail.com, RosanneTrezza7663@gmail.com, MarylandBenedict6434@gmail.com, MirthaConine8554@gmail.com, FlossiePangburn4203@gmail.com, YukoSteffes9115@gmail.com, DixieDarsey7418@gmail.com, CariPizzo2637@gmail.com, AbbieKreidler2527@gmail.com, DustinArterburn6055@gmail.com, CatriceLenton4273@gmail.com, LailaHoldren0317@gmail.com, YangSoriano2861@gmail.com, JonShultis2071@gmail.com, MylesCooke7867@gmail.com, RhebaCorbett1709@gmail.com, MarcelleHerzog9009@gmail.com, XochitlCalderwood5941@gmail.com, LeilaOdle4383@gmail.com, AbbyPeevy0877@gmail.com, JarvisMillar3472@gmail.com, LekishaHinnenkamp1017@gmail.com, ClementinaGormley2089@gmail.com, JoslynKeen8547@gmail.com, VerlaBearse3879@gmail.com, CassaundraLoar9453@gmail.com, JiLamarche1348@gmail.com, LilliamMcghie9513@gmail.com, AlonaRedel2262@gmail.com, HeidiGravelle3094@gmail.com, BuckSlawson5304@gmail.com, LindsayHenline2766@gmail.com, MimiWinsor6625@gmail.com, MaxineClauson3939@gmail.com, LenaGalusha7687@gmail.com, TalishaGeise5594@gmail.com, StacieAustria9018@gmail.com, GeorgiaCincotta6796@gmail.com, CandisGapinski6348@gmail.com, CyrstalRobb5332@gmail.com, CorneliaLaney7638@gmail.com, JereRouth3497@gmail.com, ArchieBranning7218@gmail.com, MathaBeard0636@gmail.com, BudMclarty0075@gmail.com, ElvisLeatherwood1278@gmail.com, HellenMacrae0712@gmail.com, MeaghanMacinnis5645@gmail.com, LezlieLuckey7094@gmail.com, MozelleReddy3840@gmail.com, OleneLedgerwood3654@gmail.com, ShandaCromer4960@gmail.com, RonCopher9843@gmail.com, ArmindaValentino6586@gmail.com, CharlynHaggerty1577@gmail.com, IsaacLinebaugh9546@gmail.com, ElbaFarr1276@gmail.com, AngelikaMarch9925@gmail.com, MarylynnChauvin4173@gmail.com, LuisaOhm6420@gmail.com, BetteCarlos5624@gmail.com, RoccoBlubaugh1914@gmail.com, WinstonHemby7253@gmail.com, TamiJepson8335@gmail.com, AnamariaHeadrick7903@gmail.com, NereidaTruman9016@gmail.com, HipolitoRowlands4929@gmail.com, PorterMarcinkowski6594@gmail.com, BonnyForester7950@gmail.com, RuthaCrotty1764@gmail.com, DamionWysocki9147@gmail.com, ColtonMoschella8698@gmail.com, WayneBasler6942@gmail.com, JoieSly5758@gmail.com, TakishaDemo0463@gmail.com, ChasArline0812@gmail.com, JoyaBristol1484@gmail.com, NeidaVartanian0848@gmail.com, EllieDuca1079@gmail.com, AdelaSlusher1773@gmail.com, DaniellNicklas8998@gmail.com, JammieRapp6294@gmail.com, BessHugo8379@gmail.com, MarlinHolm9186@gmail.com, MignonCarnes1909@gmail.com, CareyBaley9974@gmail.com, DaniStroop2632@gmail.com, MaddieMccusker6382@gmail.com, HerschelSena4741@gmail.com, OraSuddeth1307@gmail.com, TedBroome1787@gmail.com, BirgitMcglade6409@gmail.com, HeidiPoplawski3633@gmail.com, CarmenIreland5525@gmail.com, NeliaAbrams8620@gmail.com, AdanCarden9027@gmail.com, LeannaMazer1235@gmail.com, KeshaShoop3740@gmail.com, ElzaAumick8395@gmail.com, TerenceGrothe7967@gmail.com, MarkitaBrymer7321@gmail.com, JazmineMccolley4132@gmail.com, AlphaHundley6257@gmail.com, ScotHollis8426@gmail.com, MarcelinaKoger3137@gmail.com, NaomaWhitman5530@gmail.com, AlfrediaSemon0100@gmail.com, MiyokoPinto5432@gmail.com, IsauraMorton9001@gmail.com, LeiaAmico4089@gmail.com, SimonPolinsky7978@gmail.com, YulandaMarsden6146@gmail.com, ChloeFlorey0182@gmail.com, BerniceCorcoran1154@gmail.com, ChristineParkinson6954@gmail.com, MarlysMatteson1945@gmail.com, EstellaLavallie2298@gmail.com, MadieBhatti9814@gmail.com, DelphaTharrington9888@gmail.com, ElwoodCortez5872@gmail.com, SanjuanitaBrotzman9707@gmail.com, CelesteMahmood5635@gmail.com, FlorHallock7282@gmail.com, BrigitteRahm2391@gmail.com, CorazonBohan2879@gmail.com, CynthiaGines6711@gmail.com, NobleKrom2799@gmail.com, RosalindDaniele3014@gmail.com, MargaretaKu9884@gmail.com, SherrieRivero5899@gmail.com, MandiSwartwood6426@gmail.com, RickyLatimer5417@gmail.com, ClaraVillegas9775@gmail.com, TyroneAntonio7136@gmail.com, NoahDeppen5278@gmail.com, NelleGoodlow2877@gmail.com, YeseniaTillett4254@gmail.com, LynellLando8106@gmail.com, LoreenMorel1989@gmail.com, ValentinaNitti1092@gmail.com, CaraRakowski1097@gmail.com, SilasChickering2101@gmail.com, MargueriteSchuman2081@gmail.com, ThuyDecamp9430@gmail.com, IanReising1886@gmail.com, RufusHanshaw6825@gmail.com, LeomaMazzei2034@gmail.com, TorrieHarnois1022@gmail.com, ParkerForrest2558@gmail.com, JedFrazier6088@gmail.com, KimiSavard3616@gmail.com, LashayFranz1318@gmail.com]
17:54:39.306 [main] INFO api.AvailableMembersApi - Validating members for Survey ID: 46
17:54:39.308 [main] INFO api.AvailableMembersApi - Received response for survey ID 47: Status Code = 200
17:54:39.313 [main] INFO api.AvailableMembersApi - Available emails for survey ID 47: [MalissaArn0202@gmail.com, TeriVillalobos6990@gmail.com, MeghannFollowell6036@gmail.com, LeeHarlow6738@gmail.com, SalvatoreMonico6748@gmail.com, SunshineFocht0017@gmail.com, DainaMaine1358@gmail.com, OraHousand6876@gmail.com, GregoryLucchesi4579@gmail.com, DrucillaWilhelm1088@gmail.com, JaquelynLevett2862@gmail.com, MarikoHadfield9920@gmail.com, JanitaStroman5652@gmail.com, SheritaArispe4106@gmail.com, EverettNorthup7669@gmail.com, MicahShirley0805@gmail.com, WilhelminaHibdon9677@gmail.com, CarolinBlauser7632@gmail.com, ChereGamino1550@gmail.com, FletaGiampaolo3754@gmail.com, CleotildeMcmiller8058@gmail.com, SaraiMorelli9034@gmail.com, LashandaAbbott9174@gmail.com, JeffryDynes1098@gmail.com, VerniceSoto3260@gmail.com, ElnaPhelan2540@gmail.com, TemikaHuth9411@gmail.com, AdriannaFentress5065@gmail.com, TaynaRey4852@gmail.com, IkeClink7071@gmail.com, GaynellCroce7702@gmail.com, ZoeSolar4260@gmail.com, AnjanetteKrupp7724@gmail.com, IveyBuskey1353@gmail.com, ElaneMartinelli1121@gmail.com, RachellAnkrom0998@gmail.com, KylaKays1591@gmail.com, AltonSmedley5432@gmail.com, VoncileHayner2281@gmail.com, BebeLehmkuhl5703@gmail.com, OnitaHolloway7718@gmail.com, NormanCastilleja4018@gmail.com, DelmarTourville5884@gmail.com, AudryBerends0895@gmail.com, ZoraidaFaulkner5026@gmail.com, KelleeMaddy6483@gmail.com, FlorencioMuller2772@gmail.com, RosanneTrezza7663@gmail.com, MarylandBenedict6434@gmail.com, MirthaConine8554@gmail.com, FlossiePangburn4203@gmail.com, YukoSteffes9115@gmail.com, DixieDarsey7418@gmail.com, KendrickPreston8153@gmail.com, CariPizzo2637@gmail.com, EllamaeTallon2542@gmail.com, AbbieKreidler2527@gmail.com, DustinArterburn6055@gmail.com, CatriceLenton4273@gmail.com, LailaHoldren0317@gmail.com, YangSoriano2861@gmail.com, JonShultis2071@gmail.com, JulianClapper5906@gmail.com, MylesCooke7867@gmail.com, MarcelleHerzog9009@gmail.com, XochitlCalderwood5941@gmail.com, LeilaOdle4383@gmail.com, AbbyPeevy0877@gmail.com, JarvisMillar3472@gmail.com, LekishaHinnenkamp1017@gmail.com, AngeliaKeebler0114@gmail.com, ClementinaGormley2089@gmail.com, VerlaBearse3879@gmail.com, CassaundraLoar9453@gmail.com, JiLamarche1348@gmail.com, AlonaRedel2262@gmail.com, BuckSlawson5304@gmail.com, LindsayHenline2766@gmail.com, MimiWinsor6625@gmail.com, MaxineClauson3939@gmail.com, LenaGalusha7687@gmail.com, TalishaGeise5594@gmail.com, StacieAustria9018@gmail.com, GeorgiaCincotta6796@gmail.com, CandisGapinski6348@gmail.com, CyrstalRobb5332@gmail.com, CorneliaLaney7638@gmail.com, JereRouth3497@gmail.com, ArchieBranning7218@gmail.com, TomiAthey0697@gmail.com, MathaBeard0636@gmail.com, BudMclarty0075@gmail.com, MarlanaGillard2214@gmail.com, ElvisLeatherwood1278@gmail.com, HellenMacrae0712@gmail.com, MeaghanMacinnis5645@gmail.com, LezlieLuckey7094@gmail.com, MozelleReddy3840@gmail.com, OleneLedgerwood3654@gmail.com, ShandaCromer4960@gmail.com, VeniceSherry5610@gmail.com, RonCopher9843@gmail.com, ArmindaValentino6586@gmail.com, IsaacLinebaugh9546@gmail.com, ElbaFarr1276@gmail.com, AngelikaMarch9925@gmail.com, TylerGalbraith9779@gmail.com, MarylynnChauvin4173@gmail.com, BetteCarlos5624@gmail.com, RoccoBlubaugh1914@gmail.com, AlexandriaJantz3467@gmail.com, WinstonHemby7253@gmail.com, TamiJepson8335@gmail.com, AnamariaHeadrick7903@gmail.com, NereidaTruman9016@gmail.com, HipolitoRowlands4929@gmail.com, PorterMarcinkowski6594@gmail.com, BonnyForester7950@gmail.com, DamionWysocki9147@gmail.com, ColtonMoschella8698@gmail.com, WayneBasler6942@gmail.com, JoieSly5758@gmail.com, TakishaDemo0463@gmail.com, ChasArline0812@gmail.com, JoyaBristol1484@gmail.com, NeidaVartanian0848@gmail.com, DaniellNicklas8998@gmail.com, BessHugo8379@gmail.com, MarlinHolm9186@gmail.com, MignonCarnes1909@gmail.com, CareyBaley9974@gmail.com, DaniStroop2632@gmail.com, MaddieMccusker6382@gmail.com, HerschelSena4741@gmail.com, OraSuddeth1307@gmail.com, TedBroome1787@gmail.com, BirgitMcglade6409@gmail.com, HeidiPoplawski3633@gmail.com, CarmenIreland5525@gmail.com, NeliaAbrams8620@gmail.com, AdanCarden9027@gmail.com, LeannaMazer1235@gmail.com, ElzaAumick8395@gmail.com, TerenceGrothe7967@gmail.com, MarkitaBrymer7321@gmail.com, JazmineMccolley4132@gmail.com, AlphaHundley6257@gmail.com, ScotHollis8426@gmail.com, MarcelinaKoger3137@gmail.com, NaomaWhitman5530@gmail.com, MiyokoPinto5432@gmail.com, IsauraMorton9001@gmail.com, LeiaAmico4089@gmail.com, SimonPolinsky7978@gmail.com, ChloeFlorey0182@gmail.com, BerniceCorcoran1154@gmail.com, ChristineParkinson6954@gmail.com, MarlysMatteson1945@gmail.com, EstellaLavallie2298@gmail.com, MadieBhatti9814@gmail.com, DelphaTharrington9888@gmail.com, ElwoodCortez5872@gmail.com, SanjuanitaBrotzman9707@gmail.com, CelesteMahmood5635@gmail.com, FlorHallock7282@gmail.com, CorazonBohan2879@gmail.com, CynthiaGines6711@gmail.com, NobleKrom2799@gmail.com, RosalindDaniele3014@gmail.com, MargaretaKu9884@gmail.com, SherrieRivero5899@gmail.com, MandiSwartwood6426@gmail.com, RickyLatimer5417@gmail.com, ClaraVillegas9775@gmail.com, TyroneAntonio7136@gmail.com, NoahDeppen5278@gmail.com, YeseniaTillett4254@gmail.com, LynellLando8106@gmail.com, LoreenMorel1989@gmail.com, CaraRakowski1097@gmail.com, SilasChickering2101@gmail.com, MargueriteSchuman2081@gmail.com, ThuyDecamp9430@gmail.com, RufusHanshaw6825@gmail.com, IrmaEncarnacion2873@gmail.com, LeomaMazzei2034@gmail.com, LateshaMarini8611@gmail.com, TorrieHarnois1022@gmail.com, ParkerForrest2558@gmail.com, JedFrazier6088@gmail.com, KimiSavard3616@gmail.com, LashayFranz1318@gmail.com]
17:54:39.313 [main] INFO api.AvailableMembersApi - Validating members for Survey ID: 47
17:54:39.315 [main] INFO api.AvailableMembersApi - Received response for survey ID 48: Status Code = 200
17:54:39.320 [main] INFO api.AvailableMembersApi - Available emails for survey ID 48: [MalissaArn0202@gmail.com, TeriVillalobos6990@gmail.com, YeseniaConte8292@gmail.com, MeghannFollowell6036@gmail.com, LeeHarlow6738@gmail.com, SalvatoreMonico6748@gmail.com, SunshineFocht0017@gmail.com, DainaMaine1358@gmail.com, OraHousand6876@gmail.com, TasiaMerritt2498@gmail.com, GregoryLucchesi4579@gmail.com, DrucillaWilhelm1088@gmail.com, JaquelynLevett2862@gmail.com, MarikoHadfield9920@gmail.com, JanitaStroman5652@gmail.com, MargaritoDerringer6053@gmail.com, SheritaArispe4106@gmail.com, EverettNorthup7669@gmail.com, MicahShirley0805@gmail.com, WilhelminaHibdon9677@gmail.com, CarolinBlauser7632@gmail.com, ChereGamino1550@gmail.com, FletaGiampaolo3754@gmail.com, CleotildeMcmiller8058@gmail.com, LashandaAbbott9174@gmail.com, JeffryDynes1098@gmail.com, VerniceSoto3260@gmail.com, ElnaPhelan2540@gmail.com, TemikaHuth9411@gmail.com, AdriannaFentress5065@gmail.com, TaynaRey4852@gmail.com, IkeClink7071@gmail.com, GaynellCroce7702@gmail.com, DarlenaFarrington7903@gmail.com, CherrylCarolina2273@gmail.com, ZoeSolar4260@gmail.com, AnjanetteKrupp7724@gmail.com, JanieceSilvernail2745@gmail.com, ViolaBlackstock8664@gmail.com, ElaneMartinelli1121@gmail.com, RachellAnkrom0998@gmail.com, KylaKays1591@gmail.com, AltonSmedley5432@gmail.com, BebeLehmkuhl5703@gmail.com, OnitaHolloway7718@gmail.com, NormanCastilleja4018@gmail.com, DelmarTourville5884@gmail.com, AudryBerends0895@gmail.com, ZoraidaFaulkner5026@gmail.com, KelleeMaddy6483@gmail.com, FlorencioMuller2772@gmail.com, JoDettman4460@gmail.com, RosanneTrezza7663@gmail.com, MarylandBenedict6434@gmail.com, MirthaConine8554@gmail.com, KristinPonton2734@gmail.com, FlossiePangburn4203@gmail.com, YukoSteffes9115@gmail.com, DixieDarsey7418@gmail.com, CariPizzo2637@gmail.com, EllamaeTallon2542@gmail.com, AbbieKreidler2527@gmail.com, DustinArterburn6055@gmail.com, CatriceLenton4273@gmail.com, LailaHoldren0317@gmail.com, YangSoriano2861@gmail.com, JonShultis2071@gmail.com, JulianClapper5906@gmail.com, MylesCooke7867@gmail.com, RhebaCorbett1709@gmail.com, MarcelleHerzog9009@gmail.com, XochitlCalderwood5941@gmail.com, LeilaOdle4383@gmail.com, AbbyPeevy0877@gmail.com, JarvisMillar3472@gmail.com, LekishaHinnenkamp1017@gmail.com, AngeliaKeebler0114@gmail.com, ClementinaGormley2089@gmail.com, JoslynKeen8547@gmail.com, VerlaBearse3879@gmail.com, CassaundraLoar9453@gmail.com, JiLamarche1348@gmail.com, LilliamMcghie9513@gmail.com, AlonaRedel2262@gmail.com, HeidiGravelle3094@gmail.com, BuckSlawson5304@gmail.com, LindsayHenline2766@gmail.com, MimiWinsor6625@gmail.com, LenaGalusha7687@gmail.com, TalishaGeise5594@gmail.com, StacieAustria9018@gmail.com, GeorgiaCincotta6796@gmail.com, CyrstalRobb5332@gmail.com, CorneliaLaney7638@gmail.com, JereRouth3497@gmail.com, ArchieBranning7218@gmail.com, BudMclarty0075@gmail.com, MarlanaGillard2214@gmail.com, ElvisLeatherwood1278@gmail.com, HellenMacrae0712@gmail.com, MeaghanMacinnis5645@gmail.com, LezlieLuckey7094@gmail.com, MozelleReddy3840@gmail.com, OleneLedgerwood3654@gmail.com, ShandaCromer4960@gmail.com, VeniceSherry5610@gmail.com, RonCopher9843@gmail.com, ArmindaValentino6586@gmail.com, CarolannBronson4617@gmail.com, CharlynHaggerty1577@gmail.com, ElbaFarr1276@gmail.com, AngelikaMarch9925@gmail.com, TylerGalbraith9779@gmail.com, MarylynnChauvin4173@gmail.com, LuisaOhm6420@gmail.com, BetteCarlos5624@gmail.com, RoccoBlubaugh1914@gmail.com, AlexandriaJantz3467@gmail.com, TamiJepson8335@gmail.com, AnamariaHeadrick7903@gmail.com, NereidaTruman9016@gmail.com, HipolitoRowlands4929@gmail.com, BonnyForester7950@gmail.com, RuthaCrotty1764@gmail.com, ColtonMoschella8698@gmail.com, WayneBasler6942@gmail.com, TakishaDemo0463@gmail.com, ChasArline0812@gmail.com, JoyaBristol1484@gmail.com, NeidaVartanian0848@gmail.com, EllieDuca1079@gmail.com, AdelaSlusher1773@gmail.com, DaniellNicklas8998@gmail.com, JammieRapp6294@gmail.com, BessHugo8379@gmail.com, MarlinHolm9186@gmail.com, MignonCarnes1909@gmail.com, CareyBaley9974@gmail.com, DaniStroop2632@gmail.com, MaddieMccusker6382@gmail.com, HerschelSena4741@gmail.com, OraSuddeth1307@gmail.com, TedBroome1787@gmail.com, BirgitMcglade6409@gmail.com, HeidiPoplawski3633@gmail.com, CarmenIreland5525@gmail.com, NeliaAbrams8620@gmail.com, AdanCarden9027@gmail.com, LeannaMazer1235@gmail.com, KeshaShoop3740@gmail.com, ElzaAumick8395@gmail.com, TerenceGrothe7967@gmail.com, MarkitaBrymer7321@gmail.com, JazmineMccolley4132@gmail.com, AlphaHundley6257@gmail.com, ScotHollis8426@gmail.com, MarcelinaKoger3137@gmail.com, NaomaWhitman5530@gmail.com, AlfrediaSemon0100@gmail.com, MiyokoPinto5432@gmail.com, IsauraMorton9001@gmail.com, SimonPolinsky7978@gmail.com, YulandaMarsden6146@gmail.com, ChloeFlorey0182@gmail.com, BerniceCorcoran1154@gmail.com, ChristineParkinson6954@gmail.com, MarlysMatteson1945@gmail.com, EstellaLavallie2298@gmail.com, MadieBhatti9814@gmail.com, DelphaTharrington9888@gmail.com, ElwoodCortez5872@gmail.com, SanjuanitaBrotzman9707@gmail.com, CelesteMahmood5635@gmail.com, FlorHallock7282@gmail.com, BrigitteRahm2391@gmail.com, CorazonBohan2879@gmail.com, RosalindDaniele3014@gmail.com, SherrieRivero5899@gmail.com, MandiSwartwood6426@gmail.com, RickyLatimer5417@gmail.com, ClaraVillegas9775@gmail.com, TyroneAntonio7136@gmail.com, NelleGoodlow2877@gmail.com, YeseniaTillett4254@gmail.com, LynellLando8106@gmail.com, LoreenMorel1989@gmail.com, ValentinaNitti1092@gmail.com, SilasChickering2101@gmail.com, MargueriteSchuman2081@gmail.com, ThuyDecamp9430@gmail.com, IanReising1886@gmail.com, RufusHanshaw6825@gmail.com, IrmaEncarnacion2873@gmail.com, LeomaMazzei2034@gmail.com, LateshaMarini8611@gmail.com, MallorySegarra2903@gmail.com, TorrieHarnois1022@gmail.com, JedFrazier6088@gmail.com, KimiSavard3616@gmail.com, LashayFranz1318@gmail.com]
17:54:39.320 [main] INFO api.AvailableMembersApi - Validating members for Survey ID: 48
17:54:39.322 [main] INFO api.AvailableMembersApi - Received response for survey ID 49: Status Code = 200
17:54:39.330 [main] INFO api.AvailableMembersApi - Available emails for survey ID 49: [MalissaArn0202@gmail.com, YeseniaConte8292@gmail.com, MeghannFollowell6036@gmail.com, LeeHarlow6738@gmail.com, SalvatoreMonico6748@gmail.com, SunshineFocht0017@gmail.com, DainaMaine1358@gmail.com, OraHousand6876@gmail.com, TasiaMerritt2498@gmail.com, GregoryLucchesi4579@gmail.com, DrucillaWilhelm1088@gmail.com, JaquelynLevett2862@gmail.com, MarikoHadfield9920@gmail.com, JanitaStroman5652@gmail.com, MargaritoDerringer6053@gmail.com, SheritaArispe4106@gmail.com, MicahShirley0805@gmail.com, WilhelminaHibdon9677@gmail.com, CarolinBlauser7632@gmail.com, LylaAlmanza0199@gmail.com, ChereGamino1550@gmail.com, FletaGiampaolo3754@gmail.com, CleotildeMcmiller8058@gmail.com, SaraiMorelli9034@gmail.com, LashandaAbbott9174@gmail.com, JeffryDynes1098@gmail.com, VerniceSoto3260@gmail.com, ElnaPhelan2540@gmail.com, TemikaHuth9411@gmail.com, TaynaRey4852@gmail.com, IkeClink7071@gmail.com, GaynellCroce7702@gmail.com, DarlenaFarrington7903@gmail.com, CherrylCarolina2273@gmail.com, ZoeSolar4260@gmail.com, JanieceSilvernail2745@gmail.com, ViolaBlackstock8664@gmail.com, ElaneMartinelli1121@gmail.com, RachellAnkrom0998@gmail.com, KylaKays1591@gmail.com, AltonSmedley5432@gmail.com, VoncileHayner2281@gmail.com, BebeLehmkuhl5703@gmail.com, InellRuoff2731@gmail.com, OnitaHolloway7718@gmail.com, NormanCastilleja4018@gmail.com, DelmarTourville5884@gmail.com, AudryBerends0895@gmail.com, ZoraidaFaulkner5026@gmail.com, KelleeMaddy6483@gmail.com, FlorencioMuller2772@gmail.com, JoDettman4460@gmail.com, RosanneTrezza7663@gmail.com, MarylandBenedict6434@gmail.com, MirthaConine8554@gmail.com, KristinPonton2734@gmail.com, FlossiePangburn4203@gmail.com, DixieDarsey7418@gmail.com, EllamaeTallon2542@gmail.com, AbbieKreidler2527@gmail.com, DustinArterburn6055@gmail.com, CatriceLenton4273@gmail.com, LailaHoldren0317@gmail.com, YangSoriano2861@gmail.com, JonShultis2071@gmail.com, JulianClapper5906@gmail.com, MylesCooke7867@gmail.com, RhebaCorbett1709@gmail.com, MarcelleHerzog9009@gmail.com, XochitlCalderwood5941@gmail.com, LeilaOdle4383@gmail.com, AbbyPeevy0877@gmail.com, JarvisMillar3472@gmail.com, LekishaHinnenkamp1017@gmail.com, AngeliaKeebler0114@gmail.com, ClementinaGormley2089@gmail.com, JoslynKeen8547@gmail.com, VerlaBearse3879@gmail.com, CassaundraLoar9453@gmail.com, JiLamarche1348@gmail.com, LilliamMcghie9513@gmail.com, AlonaRedel2262@gmail.com, HeidiGravelle3094@gmail.com, BuckSlawson5304@gmail.com, LindsayHenline2766@gmail.com, MimiWinsor6625@gmail.com, MaxineClauson3939@gmail.com, LenaGalusha7687@gmail.com, TalishaGeise5594@gmail.com, StacieAustria9018@gmail.com, GeorgiaCincotta6796@gmail.com, CandisGapinski6348@gmail.com, CyrstalRobb5332@gmail.com, CorneliaLaney7638@gmail.com, JereRouth3497@gmail.com, ArchieBranning7218@gmail.com, TomiAthey0697@gmail.com, MathaBeard0636@gmail.com, BudMclarty0075@gmail.com, MarlanaGillard2214@gmail.com, ElvisLeatherwood1278@gmail.com, HellenMacrae0712@gmail.com, MeaghanMacinnis5645@gmail.com, MozelleReddy3840@gmail.com, OleneLedgerwood3654@gmail.com, ShandaCromer4960@gmail.com, VeniceSherry5610@gmail.com, RonCopher9843@gmail.com, ArmindaValentino6586@gmail.com, CarolannBronson4617@gmail.com, CharlynHaggerty1577@gmail.com, IsaacLinebaugh9546@gmail.com, ElbaFarr1276@gmail.com, AngelikaMarch9925@gmail.com, TylerGalbraith9779@gmail.com, LuisaOhm6420@gmail.com, BetteCarlos5624@gmail.com, RoccoBlubaugh1914@gmail.com, AlexandriaJantz3467@gmail.com, WinstonHemby7253@gmail.com, TamiJepson8335@gmail.com, AnamariaHeadrick7903@gmail.com, HipolitoRowlands4929@gmail.com, PorterMarcinkowski6594@gmail.com, BonnyForester7950@gmail.com, RuthaCrotty1764@gmail.com, ColtonMoschella8698@gmail.com, WayneBasler6942@gmail.com, JoieSly5758@gmail.com, TakishaDemo0463@gmail.com, ChasArline0812@gmail.com, JoyaBristol1484@gmail.com, NeidaVartanian0848@gmail.com, EllieDuca1079@gmail.com, AdelaSlusher1773@gmail.com, DaniellNicklas8998@gmail.com, JammieRapp6294@gmail.com, MarlinHolm9186@gmail.com, MignonCarnes1909@gmail.com, CareyBaley9974@gmail.com, DaniStroop2632@gmail.com, MaddieMccusker6382@gmail.com, HerschelSena4741@gmail.com, OraSuddeth1307@gmail.com, TedBroome1787@gmail.com, BirgitMcglade6409@gmail.com, HeidiPoplawski3633@gmail.com, CarmenIreland5525@gmail.com, NeliaAbrams8620@gmail.com, AdanCarden9027@gmail.com, LeannaMazer1235@gmail.com, KeshaShoop3740@gmail.com, ElzaAumick8395@gmail.com, TerenceGrothe7967@gmail.com, MarkitaBrymer7321@gmail.com, JazmineMccolley4132@gmail.com, ScotHollis8426@gmail.com, MarcelinaKoger3137@gmail.com, NaomaWhitman5530@gmail.com, AlfrediaSemon0100@gmail.com, MiyokoPinto5432@gmail.com, IsauraMorton9001@gmail.com, LeiaAmico4089@gmail.com, SimonPolinsky7978@gmail.com, YulandaMarsden6146@gmail.com, ChloeFlorey0182@gmail.com, BerniceCorcoran1154@gmail.com, ChristineParkinson6954@gmail.com, EstellaLavallie2298@gmail.com, MadieBhatti9814@gmail.com, DelphaTharrington9888@gmail.com, ElwoodCortez5872@gmail.com, SanjuanitaBrotzman9707@gmail.com, CelesteMahmood5635@gmail.com, FlorHallock7282@gmail.com, BrigitteRahm2391@gmail.com, CorazonBohan2879@gmail.com, RosalindDaniele3014@gmail.com, MargaretaKu9884@gmail.com, SherrieRivero5899@gmail.com, MandiSwartwood6426@gmail.com, RickyLatimer5417@gmail.com, ClaraVillegas9775@gmail.com, TyroneAntonio7136@gmail.com, NoahDeppen5278@gmail.com, NelleGoodlow2877@gmail.com, YeseniaTillett4254@gmail.com, LynellLando8106@gmail.com, LoreenMorel1989@gmail.com, CaraRakowski1097@gmail.com, SilasChickering2101@gmail.com, MargueriteSchuman2081@gmail.com, ThuyDecamp9430@gmail.com, IanReising1886@gmail.com, RufusHanshaw6825@gmail.com, IrmaEncarnacion2873@gmail.com, LeomaMazzei2034@gmail.com, LateshaMarini8611@gmail.com, MallorySegarra2903@gmail.com, ParkerForrest2558@gmail.com, JedFrazier6088@gmail.com, KimiSavard3616@gmail.com, LashayFranz1318@gmail.com]
17:54:39.331 [main] INFO api.AvailableMembersApi - Validating members for Survey ID: 49
17:54:39.333 [main] INFO api.AvailableMembersApi - Received response for survey ID 50: Status Code = 200
17:54:39.341 [main] INFO api.AvailableMembersApi - Available emails for survey ID 50: [MalissaArn0202@gmail.com, TeriVillalobos6990@gmail.com, YeseniaConte8292@gmail.com, LeeHarlow6738@gmail.com, SalvatoreMonico6748@gmail.com, SunshineFocht0017@gmail.com, DainaMaine1358@gmail.com, OraHousand6876@gmail.com, TasiaMerritt2498@gmail.com, GregoryLucchesi4579@gmail.com, DrucillaWilhelm1088@gmail.com, JaquelynLevett2862@gmail.com, JanitaStroman5652@gmail.com, MargaritoDerringer6053@gmail.com, SheritaArispe4106@gmail.com, EverettNorthup7669@gmail.com, MicahShirley0805@gmail.com, WilhelminaHibdon9677@gmail.com, CarolinBlauser7632@gmail.com, LylaAlmanza0199@gmail.com, ChereGamino1550@gmail.com, FletaGiampaolo3754@gmail.com, CleotildeMcmiller8058@gmail.com, SaraiMorelli9034@gmail.com, LashandaAbbott9174@gmail.com, JeffryDynes1098@gmail.com, VerniceSoto3260@gmail.com, ElnaPhelan2540@gmail.com, TemikaHuth9411@gmail.com, AdriannaFentress5065@gmail.com, TaynaRey4852@gmail.com, IkeClink7071@gmail.com, DarlenaFarrington7903@gmail.com, ZoeSolar4260@gmail.com, AnjanetteKrupp7724@gmail.com, JanieceSilvernail2745@gmail.com, IveyBuskey1353@gmail.com, ViolaBlackstock8664@gmail.com, ElaneMartinelli1121@gmail.com, KylaKays1591@gmail.com, AltonSmedley5432@gmail.com, VoncileHayner2281@gmail.com, BebeLehmkuhl5703@gmail.com, InellRuoff2731@gmail.com, OnitaHolloway7718@gmail.com, NormanCastilleja4018@gmail.com, DelmarTourville5884@gmail.com, AudryBerends0895@gmail.com, ZoraidaFaulkner5026@gmail.com, KelleeMaddy6483@gmail.com, FlorencioMuller2772@gmail.com, RosanneTrezza7663@gmail.com, MarylandBenedict6434@gmail.com, KristinPonton2734@gmail.com, FlossiePangburn4203@gmail.com, YukoSteffes9115@gmail.com, DixieDarsey7418@gmail.com, KendrickPreston8153@gmail.com, CariPizzo2637@gmail.com, EllamaeTallon2542@gmail.com, AbbieKreidler2527@gmail.com, DustinArterburn6055@gmail.com, CatriceLenton4273@gmail.com, LailaHoldren0317@gmail.com, YangSoriano2861@gmail.com, JonShultis2071@gmail.com, JulianClapper5906@gmail.com, MylesCooke7867@gmail.com, XochitlCalderwood5941@gmail.com, LeilaOdle4383@gmail.com, AbbyPeevy0877@gmail.com, JarvisMillar3472@gmail.com, LekishaHinnenkamp1017@gmail.com, AngeliaKeebler0114@gmail.com, ClementinaGormley2089@gmail.com, JoslynKeen8547@gmail.com, VerlaBearse3879@gmail.com, CassaundraLoar9453@gmail.com, JiLamarche1348@gmail.com, LilliamMcghie9513@gmail.com, AlonaRedel2262@gmail.com, HeidiGravelle3094@gmail.com, BuckSlawson5304@gmail.com, LindsayHenline2766@gmail.com, MimiWinsor6625@gmail.com, LenaGalusha7687@gmail.com, TalishaGeise5594@gmail.com, StacieAustria9018@gmail.com, GeorgiaCincotta6796@gmail.com, CandisGapinski6348@gmail.com, CyrstalRobb5332@gmail.com, CorneliaLaney7638@gmail.com, JereRouth3497@gmail.com, ArchieBranning7218@gmail.com, TomiAthey0697@gmail.com, MathaBeard0636@gmail.com, BudMclarty0075@gmail.com, MarlanaGillard2214@gmail.com, ElvisLeatherwood1278@gmail.com, HellenMacrae0712@gmail.com, MeaghanMacinnis5645@gmail.com, LezlieLuckey7094@gmail.com, MozelleReddy3840@gmail.com, OleneLedgerwood3654@gmail.com, ShandaCromer4960@gmail.com, VeniceSherry5610@gmail.com, RonCopher9843@gmail.com, ArmindaValentino6586@gmail.com, CarolannBronson4617@gmail.com, CharlynHaggerty1577@gmail.com, IsaacLinebaugh9546@gmail.com, ElbaFarr1276@gmail.com, AngelikaMarch9925@gmail.com, MarylynnChauvin4173@gmail.com, LuisaOhm6420@gmail.com, BetteCarlos5624@gmail.com, RoccoBlubaugh1914@gmail.com, AlexandriaJantz3467@gmail.com, WinstonHemby7253@gmail.com, TamiJepson8335@gmail.com, AnamariaHeadrick7903@gmail.com, HipolitoRowlands4929@gmail.com, PorterMarcinkowski6594@gmail.com, BonnyForester7950@gmail.com, WayneBasler6942@gmail.com, JoieSly5758@gmail.com, TakishaDemo0463@gmail.com, ChasArline0812@gmail.com, JoyaBristol1484@gmail.com, NeidaVartanian0848@gmail.com, EllieDuca1079@gmail.com, AdelaSlusher1773@gmail.com, DaniellNicklas8998@gmail.com, JammieRapp6294@gmail.com, BessHugo8379@gmail.com, MignonCarnes1909@gmail.com, DaniStroop2632@gmail.com, MaddieMccusker6382@gmail.com, HerschelSena4741@gmail.com, OraSuddeth1307@gmail.com, TedBroome1787@gmail.com, BirgitMcglade6409@gmail.com, HeidiPoplawski3633@gmail.com, CarmenIreland5525@gmail.com, NeliaAbrams8620@gmail.com, AdanCarden9027@gmail.com, KeshaShoop3740@gmail.com, ElzaAumick8395@gmail.com, TerenceGrothe7967@gmail.com, MarkitaBrymer7321@gmail.com, AlphaHundley6257@gmail.com, ScotHollis8426@gmail.com, MarcelinaKoger3137@gmail.com, AlfrediaSemon0100@gmail.com, MiyokoPinto5432@gmail.com, LeiaAmico4089@gmail.com, SimonPolinsky7978@gmail.com, YulandaMarsden6146@gmail.com, ChloeFlorey0182@gmail.com, ChristineParkinson6954@gmail.com, MarlysMatteson1945@gmail.com, EstellaLavallie2298@gmail.com, MadieBhatti9814@gmail.com, DelphaTharrington9888@gmail.com, ElwoodCortez5872@gmail.com, CelesteMahmood5635@gmail.com, FlorHallock7282@gmail.com, BrigitteRahm2391@gmail.com, CorazonBohan2879@gmail.com, CynthiaGines6711@gmail.com, NobleKrom2799@gmail.com, RosalindDaniele3014@gmail.com, MargaretaKu9884@gmail.com, SherrieRivero5899@gmail.com, MandiSwartwood6426@gmail.com, ClaraVillegas9775@gmail.com, TyroneAntonio7136@gmail.com, NoahDeppen5278@gmail.com, NelleGoodlow2877@gmail.com, YeseniaTillett4254@gmail.com, LynellLando8106@gmail.com, LoreenMorel1989@gmail.com, ValentinaNitti1092@gmail.com, SilasChickering2101@gmail.com, MargueriteSchuman2081@gmail.com, ThuyDecamp9430@gmail.com, IanReising1886@gmail.com, RufusHanshaw6825@gmail.com, IrmaEncarnacion2873@gmail.com, LeomaMazzei2034@gmail.com, LateshaMarini8611@gmail.com, MallorySegarra2903@gmail.com, ParkerForrest2558@gmail.com, JedFrazier6088@gmail.com, KimiSavard3616@gmail.com, LashayFranz1318@gmail.com]
17:54:39.341 [main] INFO api.AvailableMembersApi - Validating members for Survey ID: 50
17:54:39.343 [main] INFO api.AvailableMembersApi - Received response for survey ID 51: Status Code = 200
17:54:39.349 [main] INFO api.AvailableMembersApi - Available emails for survey ID 51: [MalissaArn0202@gmail.com, MeghannFollowell6036@gmail.com, LeeHarlow6738@gmail.com, SalvatoreMonico6748@gmail.com, SunshineFocht0017@gmail.com, DainaMaine1358@gmail.com, OraHousand6876@gmail.com, TasiaMerritt2498@gmail.com, GregoryLucchesi4579@gmail.com, DrucillaWilhelm1088@gmail.com, MarikoHadfield9920@gmail.com, JanitaStroman5652@gmail.com, SheritaArispe4106@gmail.com, EverettNorthup7669@gmail.com, MicahShirley0805@gmail.com, WilhelminaHibdon9677@gmail.com, CarolinBlauser7632@gmail.com, LylaAlmanza0199@gmail.com, ChereGamino1550@gmail.com, FletaGiampaolo3754@gmail.com, CleotildeMcmiller8058@gmail.com, SaraiMorelli9034@gmail.com, LashandaAbbott9174@gmail.com, JeffryDynes1098@gmail.com, VerniceSoto3260@gmail.com, ElnaPhelan2540@gmail.com, TemikaHuth9411@gmail.com, AdriannaFentress5065@gmail.com, TaynaRey4852@gmail.com, IkeClink7071@gmail.com, GaynellCroce7702@gmail.com, DarlenaFarrington7903@gmail.com, ZoeSolar4260@gmail.com, AnjanetteKrupp7724@gmail.com, JanieceSilvernail2745@gmail.com, IveyBuskey1353@gmail.com, ViolaBlackstock8664@gmail.com, ElaneMartinelli1121@gmail.com, RachellAnkrom0998@gmail.com, KylaKays1591@gmail.com, AltonSmedley5432@gmail.com, VoncileHayner2281@gmail.com, BebeLehmkuhl5703@gmail.com, InellRuoff2731@gmail.com, OnitaHolloway7718@gmail.com, AudryBerends0895@gmail.com, KelleeMaddy6483@gmail.com, FlorencioMuller2772@gmail.com, JoDettman4460@gmail.com, RosanneTrezza7663@gmail.com, MarylandBenedict6434@gmail.com, MirthaConine8554@gmail.com, KristinPonton2734@gmail.com, FlossiePangburn4203@gmail.com, YukoSteffes9115@gmail.com, DixieDarsey7418@gmail.com, KendrickPreston8153@gmail.com, CariPizzo2637@gmail.com, AbbieKreidler2527@gmail.com, DustinArterburn6055@gmail.com, CatriceLenton4273@gmail.com, LailaHoldren0317@gmail.com, YangSoriano2861@gmail.com, JonShultis2071@gmail.com, JulianClapper5906@gmail.com, MylesCooke7867@gmail.com, RhebaCorbett1709@gmail.com, MarcelleHerzog9009@gmail.com, XochitlCalderwood5941@gmail.com, LeilaOdle4383@gmail.com, AbbyPeevy0877@gmail.com, JarvisMillar3472@gmail.com, LekishaHinnenkamp1017@gmail.com, AngeliaKeebler0114@gmail.com, ClementinaGormley2089@gmail.com, JoslynKeen8547@gmail.com, VerlaBearse3879@gmail.com, CassaundraLoar9453@gmail.com, JiLamarche1348@gmail.com, LilliamMcghie9513@gmail.com, AlonaRedel2262@gmail.com, HeidiGravelle3094@gmail.com, BuckSlawson5304@gmail.com, LindsayHenline2766@gmail.com, MimiWinsor6625@gmail.com, MaxineClauson3939@gmail.com, LenaGalusha7687@gmail.com, TalishaGeise5594@gmail.com, StacieAustria9018@gmail.com, GeorgiaCincotta6796@gmail.com, CyrstalRobb5332@gmail.com, CorneliaLaney7638@gmail.com, JereRouth3497@gmail.com, ArchieBranning7218@gmail.com, TomiAthey0697@gmail.com, MathaBeard0636@gmail.com, BudMclarty0075@gmail.com, MarlanaGillard2214@gmail.com, ElvisLeatherwood1278@gmail.com, MeaghanMacinnis5645@gmail.com, LezlieLuckey7094@gmail.com, MozelleReddy3840@gmail.com, OleneLedgerwood3654@gmail.com, ShandaCromer4960@gmail.com, VeniceSherry5610@gmail.com, RonCopher9843@gmail.com, ArmindaValentino6586@gmail.com, CarolannBronson4617@gmail.com, CharlynHaggerty1577@gmail.com, IsaacLinebaugh9546@gmail.com, ElbaFarr1276@gmail.com, AngelikaMarch9925@gmail.com, TylerGalbraith9779@gmail.com, MarylynnChauvin4173@gmail.com, LuisaOhm6420@gmail.com, BetteCarlos5624@gmail.com, RoccoBlubaugh1914@gmail.com, AlexandriaJantz3467@gmail.com, TamiJepson8335@gmail.com, AnamariaHeadrick7903@gmail.com, NereidaTruman9016@gmail.com, HipolitoRowlands4929@gmail.com, PorterMarcinkowski6594@gmail.com, BonnyForester7950@gmail.com, RuthaCrotty1764@gmail.com, ColtonMoschella8698@gmail.com, WayneBasler6942@gmail.com, JoieSly5758@gmail.com, TakishaDemo0463@gmail.com, ChasArline0812@gmail.com, JoyaBristol1484@gmail.com, NeidaVartanian0848@gmail.com, EllieDuca1079@gmail.com, AdelaSlusher1773@gmail.com, DaniellNicklas8998@gmail.com, JammieRapp6294@gmail.com, BessHugo8379@gmail.com, MarlinHolm9186@gmail.com, MignonCarnes1909@gmail.com, CareyBaley9974@gmail.com, DaniStroop2632@gmail.com, MaddieMccusker6382@gmail.com, TedBroome1787@gmail.com, BirgitMcglade6409@gmail.com, HeidiPoplawski3633@gmail.com, CarmenIreland5525@gmail.com, NeliaAbrams8620@gmail.com, AdanCarden9027@gmail.com, LeannaMazer1235@gmail.com, KeshaShoop3740@gmail.com, ElzaAumick8395@gmail.com, TerenceGrothe7967@gmail.com, MarkitaBrymer7321@gmail.com, JazmineMccolley4132@gmail.com, AlphaHundley6257@gmail.com, ScotHollis8426@gmail.com, MarcelinaKoger3137@gmail.com, NaomaWhitman5530@gmail.com, AlfrediaSemon0100@gmail.com, MiyokoPinto5432@gmail.com, IsauraMorton9001@gmail.com, YulandaMarsden6146@gmail.com, ChloeFlorey0182@gmail.com, BerniceCorcoran1154@gmail.com, ChristineParkinson6954@gmail.com, MarlysMatteson1945@gmail.com, EstellaLavallie2298@gmail.com, MadieBhatti9814@gmail.com, ElwoodCortez5872@gmail.com, SanjuanitaBrotzman9707@gmail.com, CelesteMahmood5635@gmail.com, FlorHallock7282@gmail.com, BrigitteRahm2391@gmail.com, CorazonBohan2879@gmail.com, CynthiaGines6711@gmail.com, NobleKrom2799@gmail.com, RosalindDaniele3014@gmail.com, MargaretaKu9884@gmail.com, MandiSwartwood6426@gmail.com, ClaraVillegas9775@gmail.com, NoahDeppen5278@gmail.com, NelleGoodlow2877@gmail.com, YeseniaTillett4254@gmail.com, LynellLando8106@gmail.com, LoreenMorel1989@gmail.com, ValentinaNitti1092@gmail.com, CaraRakowski1097@gmail.com, SilasChickering2101@gmail.com, MargueriteSchuman2081@gmail.com, ThuyDecamp9430@gmail.com, IanReising1886@gmail.com, RufusHanshaw6825@gmail.com, LateshaMarini8611@gmail.com, MallorySegarra2903@gmail.com, TorrieHarnois1022@gmail.com, ParkerForrest2558@gmail.com, JedFrazier6088@gmail.com, LashayFranz1318@gmail.com]
17:54:39.349 [main] INFO api.AvailableMembersApi - Validating members for Survey ID: 51
17:54:39.351 [main] INFO api.AvailableMembersApi - Received response for survey ID 52: Status Code = 200
17:54:39.356 [main] INFO api.AvailableMembersApi - Available emails for survey ID 52: [MalissaArn0202@gmail.com, TeriVillalobos6990@gmail.com, YeseniaConte8292@gmail.com, MeghannFollowell6036@gmail.com, LeeHarlow6738@gmail.com, SunshineFocht0017@gmail.com, DainaMaine1358@gmail.com, OraHousand6876@gmail.com, TasiaMerritt2498@gmail.com, GregoryLucchesi4579@gmail.com, DrucillaWilhelm1088@gmail.com, JaquelynLevett2862@gmail.com, MarikoHadfield9920@gmail.com, JanitaStroman5652@gmail.com, MargaritoDerringer6053@gmail.com, SheritaArispe4106@gmail.com, EverettNorthup7669@gmail.com, WilhelminaHibdon9677@gmail.com, CarolinBlauser7632@gmail.com, LylaAlmanza0199@gmail.com, ChereGamino1550@gmail.com, FletaGiampaolo3754@gmail.com, CleotildeMcmiller8058@gmail.com, SaraiMorelli9034@gmail.com, LashandaAbbott9174@gmail.com, JeffryDynes1098@gmail.com, VerniceSoto3260@gmail.com, ElnaPhelan2540@gmail.com, TemikaHuth9411@gmail.com, AdriannaFentress5065@gmail.com, TaynaRey4852@gmail.com, GaynellCroce7702@gmail.com, DarlenaFarrington7903@gmail.com, CherrylCarolina2273@gmail.com, ZoeSolar4260@gmail.com, AnjanetteKrupp7724@gmail.com, JanieceSilvernail2745@gmail.com, IveyBuskey1353@gmail.com, ViolaBlackstock8664@gmail.com, ElaneMartinelli1121@gmail.com, RachellAnkrom0998@gmail.com, KylaKays1591@gmail.com, AltonSmedley5432@gmail.com, VoncileHayner2281@gmail.com, BebeLehmkuhl5703@gmail.com, InellRuoff2731@gmail.com, OnitaHolloway7718@gmail.com, NormanCastilleja4018@gmail.com, DelmarTourville5884@gmail.com, AudryBerends0895@gmail.com, ZoraidaFaulkner5026@gmail.com, KelleeMaddy6483@gmail.com, FlorencioMuller2772@gmail.com, JoDettman4460@gmail.com, MarylandBenedict6434@gmail.com, MirthaConine8554@gmail.com, KristinPonton2734@gmail.com, FlossiePangburn4203@gmail.com, YukoSteffes9115@gmail.com, DixieDarsey7418@gmail.com, KendrickPreston8153@gmail.com, CariPizzo2637@gmail.com, EllamaeTallon2542@gmail.com, AbbieKreidler2527@gmail.com, DustinArterburn6055@gmail.com, CatriceLenton4273@gmail.com, LailaHoldren0317@gmail.com, YangSoriano2861@gmail.com, JulianClapper5906@gmail.com, MylesCooke7867@gmail.com, RhebaCorbett1709@gmail.com, MarcelleHerzog9009@gmail.com, XochitlCalderwood5941@gmail.com, LeilaOdle4383@gmail.com, AbbyPeevy0877@gmail.com, JarvisMillar3472@gmail.com, AngeliaKeebler0114@gmail.com, ClementinaGormley2089@gmail.com, VerlaBearse3879@gmail.com, CassaundraLoar9453@gmail.com, JiLamarche1348@gmail.com, LilliamMcghie9513@gmail.com, AlonaRedel2262@gmail.com, HeidiGravelle3094@gmail.com, BuckSlawson5304@gmail.com, LindsayHenline2766@gmail.com, MimiWinsor6625@gmail.com, MaxineClauson3939@gmail.com, LenaGalusha7687@gmail.com, TalishaGeise5594@gmail.com, StacieAustria9018@gmail.com, CandisGapinski6348@gmail.com, CyrstalRobb5332@gmail.com, CorneliaLaney7638@gmail.com, JereRouth3497@gmail.com, ArchieBranning7218@gmail.com, TomiAthey0697@gmail.com, MathaBeard0636@gmail.com, BudMclarty0075@gmail.com, HellenMacrae0712@gmail.com, MeaghanMacinnis5645@gmail.com, OleneLedgerwood3654@gmail.com, ShandaCromer4960@gmail.com, VeniceSherry5610@gmail.com, RonCopher9843@gmail.com, ArmindaValentino6586@gmail.com, CarolannBronson4617@gmail.com, CharlynHaggerty1577@gmail.com, IsaacLinebaugh9546@gmail.com, ElbaFarr1276@gmail.com, TylerGalbraith9779@gmail.com, MarylynnChauvin4173@gmail.com, LuisaOhm6420@gmail.com, BetteCarlos5624@gmail.com, RoccoBlubaugh1914@gmail.com, AlexandriaJantz3467@gmail.com, WinstonHemby7253@gmail.com, TamiJepson8335@gmail.com, AnamariaHeadrick7903@gmail.com, NereidaTruman9016@gmail.com, HipolitoRowlands4929@gmail.com, PorterMarcinkowski6594@gmail.com, RuthaCrotty1764@gmail.com, DamionWysocki9147@gmail.com, ColtonMoschella8698@gmail.com, WayneBasler6942@gmail.com, JoieSly5758@gmail.com, TakishaDemo0463@gmail.com, ChasArline0812@gmail.com, JoyaBristol1484@gmail.com, EllieDuca1079@gmail.com, AdelaSlusher1773@gmail.com, DaniellNicklas8998@gmail.com, JammieRapp6294@gmail.com, BessHugo8379@gmail.com, MarlinHolm9186@gmail.com, MignonCarnes1909@gmail.com, CareyBaley9974@gmail.com, DaniStroop2632@gmail.com, MaddieMccusker6382@gmail.com, HerschelSena4741@gmail.com, OraSuddeth1307@gmail.com, TedBroome1787@gmail.com, BirgitMcglade6409@gmail.com, CarmenIreland5525@gmail.com, NeliaAbrams8620@gmail.com, AdanCarden9027@gmail.com, LeannaMazer1235@gmail.com, KeshaShoop3740@gmail.com, ElzaAumick8395@gmail.com, TerenceGrothe7967@gmail.com, MarkitaBrymer7321@gmail.com, JazmineMccolley4132@gmail.com, ScotHollis8426@gmail.com, MarcelinaKoger3137@gmail.com, AlfrediaSemon0100@gmail.com, MiyokoPinto5432@gmail.com, IsauraMorton9001@gmail.com, LeiaAmico4089@gmail.com, SimonPolinsky7978@gmail.com, YulandaMarsden6146@gmail.com, ChloeFlorey0182@gmail.com, BerniceCorcoran1154@gmail.com, ChristineParkinson6954@gmail.com, MarlysMatteson1945@gmail.com, EstellaLavallie2298@gmail.com, MadieBhatti9814@gmail.com, DelphaTharrington9888@gmail.com, ElwoodCortez5872@gmail.com, SanjuanitaBrotzman9707@gmail.com, CelesteMahmood5635@gmail.com, FlorHallock7282@gmail.com, BrigitteRahm2391@gmail.com, CorazonBohan2879@gmail.com, CynthiaGines6711@gmail.com, NobleKrom2799@gmail.com, RosalindDaniele3014@gmail.com, MargaretaKu9884@gmail.com, SherrieRivero5899@gmail.com, MandiSwartwood6426@gmail.com, ClaraVillegas9775@gmail.com, TyroneAntonio7136@gmail.com, NoahDeppen5278@gmail.com, NelleGoodlow2877@gmail.com, YeseniaTillett4254@gmail.com, LynellLando8106@gmail.com, LoreenMorel1989@gmail.com, ValentinaNitti1092@gmail.com, CaraRakowski1097@gmail.com, SilasChickering2101@gmail.com, MargueriteSchuman2081@gmail.com, ThuyDecamp9430@gmail.com, IanReising1886@gmail.com, RufusHanshaw6825@gmail.com, IrmaEncarnacion2873@gmail.com, LeomaMazzei2034@gmail.com, MallorySegarra2903@gmail.com, TorrieHarnois1022@gmail.com, ParkerForrest2558@gmail.com, JedFrazier6088@gmail.com, KimiSavard3616@gmail.com, LashayFranz1318@gmail.com]
17:54:39.356 [main] INFO api.AvailableMembersApi - Validating members for Survey ID: 52
17:54:39.357 [main] INFO api.AvailableMembersApi - Received response for survey ID 53: Status Code = 200
17:54:39.363 [main] INFO api.AvailableMembersApi - Available emails for survey ID 53: [MalissaArn0202@gmail.com, TeriVillalobos6990@gmail.com, YeseniaConte8292@gmail.com, MeghannFollowell6036@gmail.com, LeeHarlow6738@gmail.com, SalvatoreMonico6748@gmail.com, SunshineFocht0017@gmail.com, DainaMaine1358@gmail.com, TasiaMerritt2498@gmail.com, GregoryLucchesi4579@gmail.com, DrucillaWilhelm1088@gmail.com, JaquelynLevett2862@gmail.com, MarikoHadfield9920@gmail.com, MargaritoDerringer6053@gmail.com, SheritaArispe4106@gmail.com, EverettNorthup7669@gmail.com, MicahShirley0805@gmail.com, WilhelminaHibdon9677@gmail.com, LylaAlmanza0199@gmail.com, ChereGamino1550@gmail.com, FletaGiampaolo3754@gmail.com, CleotildeMcmiller8058@gmail.com, SaraiMorelli9034@gmail.com, LashandaAbbott9174@gmail.com, JeffryDynes1098@gmail.com, VerniceSoto3260@gmail.com, ElnaPhelan2540@gmail.com, TemikaHuth9411@gmail.com, AdriannaFentress5065@gmail.com, TaynaRey4852@gmail.com, IkeClink7071@gmail.com, GaynellCroce7702@gmail.com, DarlenaFarrington7903@gmail.com, ZoeSolar4260@gmail.com, IveyBuskey1353@gmail.com, ViolaBlackstock8664@gmail.com, ElaneMartinelli1121@gmail.com, RachellAnkrom0998@gmail.com, KylaKays1591@gmail.com, AltonSmedley5432@gmail.com, VoncileHayner2281@gmail.com, BebeLehmkuhl5703@gmail.com, InellRuoff2731@gmail.com, OnitaHolloway7718@gmail.com, NormanCastilleja4018@gmail.com, DelmarTourville5884@gmail.com, AudryBerends0895@gmail.com, ZoraidaFaulkner5026@gmail.com, KelleeMaddy6483@gmail.com, FlorencioMuller2772@gmail.com, JoDettman4460@gmail.com, RosanneTrezza7663@gmail.com, MarylandBenedict6434@gmail.com, MirthaConine8554@gmail.com, KristinPonton2734@gmail.com, FlossiePangburn4203@gmail.com, YukoSteffes9115@gmail.com, DixieDarsey7418@gmail.com, KendrickPreston8153@gmail.com, CariPizzo2637@gmail.com, EllamaeTallon2542@gmail.com, AbbieKreidler2527@gmail.com, DustinArterburn6055@gmail.com, CatriceLenton4273@gmail.com, LailaHoldren0317@gmail.com, YangSoriano2861@gmail.com, JonShultis2071@gmail.com, JulianClapper5906@gmail.com, MylesCooke7867@gmail.com, RhebaCorbett1709@gmail.com, MarcelleHerzog9009@gmail.com, XochitlCalderwood5941@gmail.com, LeilaOdle4383@gmail.com, AbbyPeevy0877@gmail.com, JarvisMillar3472@gmail.com, LekishaHinnenkamp1017@gmail.com, AngeliaKeebler0114@gmail.com, ClementinaGormley2089@gmail.com, JoslynKeen8547@gmail.com, VerlaBearse3879@gmail.com, CassaundraLoar9453@gmail.com, LilliamMcghie9513@gmail.com, AlonaRedel2262@gmail.com, HeidiGravelle3094@gmail.com, BuckSlawson5304@gmail.com, LindsayHenline2766@gmail.com, MimiWinsor6625@gmail.com, MaxineClauson3939@gmail.com, LenaGalusha7687@gmail.com, TalishaGeise5594@gmail.com, StacieAustria9018@gmail.com, GeorgiaCincotta6796@gmail.com, CandisGapinski6348@gmail.com, CyrstalRobb5332@gmail.com, CorneliaLaney7638@gmail.com, ArchieBranning7218@gmail.com, TomiAthey0697@gmail.com, MathaBeard0636@gmail.com, BudMclarty0075@gmail.com, ElvisLeatherwood1278@gmail.com, HellenMacrae0712@gmail.com, MeaghanMacinnis5645@gmail.com, MozelleReddy3840@gmail.com, OleneLedgerwood3654@gmail.com, ShandaCromer4960@gmail.com, VeniceSherry5610@gmail.com, RonCopher9843@gmail.com, ArmindaValentino6586@gmail.com, CarolannBronson4617@gmail.com, CharlynHaggerty1577@gmail.com, IsaacLinebaugh9546@gmail.com, ElbaFarr1276@gmail.com, AngelikaMarch9925@gmail.com, TylerGalbraith9779@gmail.com, MarylynnChauvin4173@gmail.com, LuisaOhm6420@gmail.com, BetteCarlos5624@gmail.com, RoccoBlubaugh1914@gmail.com, AlexandriaJantz3467@gmail.com, WinstonHemby7253@gmail.com, TamiJepson8335@gmail.com, AnamariaHeadrick7903@gmail.com, NereidaTruman9016@gmail.com, HipolitoRowlands4929@gmail.com, PorterMarcinkowski6594@gmail.com, BonnyForester7950@gmail.com, RuthaCrotty1764@gmail.com, DamionWysocki9147@gmail.com, ColtonMoschella8698@gmail.com, WayneBasler6942@gmail.com, JoieSly5758@gmail.com, TakishaDemo0463@gmail.com, ChasArline0812@gmail.com, JoyaBristol1484@gmail.com, NeidaVartanian0848@gmail.com, EllieDuca1079@gmail.com, AdelaSlusher1773@gmail.com, DaniellNicklas8998@gmail.com, JammieRapp6294@gmail.com, BessHugo8379@gmail.com, MarlinHolm9186@gmail.com, MignonCarnes1909@gmail.com, DaniStroop2632@gmail.com, MaddieMccusker6382@gmail.com, HerschelSena4741@gmail.com, TedBroome1787@gmail.com, BirgitMcglade6409@gmail.com, HeidiPoplawski3633@gmail.com, CarmenIreland5525@gmail.com, NeliaAbrams8620@gmail.com, AdanCarden9027@gmail.com, LeannaMazer1235@gmail.com, KeshaShoop3740@gmail.com, ElzaAumick8395@gmail.com, TerenceGrothe7967@gmail.com, MarkitaBrymer7321@gmail.com, JazmineMccolley4132@gmail.com, AlphaHundley6257@gmail.com, ScotHollis8426@gmail.com, NaomaWhitman5530@gmail.com, AlfrediaSemon0100@gmail.com, LeiaAmico4089@gmail.com, SimonPolinsky7978@gmail.com, YulandaMarsden6146@gmail.com, ChloeFlorey0182@gmail.com, BerniceCorcoran1154@gmail.com, ChristineParkinson6954@gmail.com, MarlysMatteson1945@gmail.com, EstellaLavallie2298@gmail.com, MadieBhatti9814@gmail.com, DelphaTharrington9888@gmail.com, ElwoodCortez5872@gmail.com, SanjuanitaBrotzman9707@gmail.com, CelesteMahmood5635@gmail.com, BrigitteRahm2391@gmail.com, CorazonBohan2879@gmail.com, CynthiaGines6711@gmail.com, NobleKrom2799@gmail.com, RosalindDaniele3014@gmail.com, SherrieRivero5899@gmail.com, RickyLatimer5417@gmail.com, ClaraVillegas9775@gmail.com, TyroneAntonio7136@gmail.com, NoahDeppen5278@gmail.com, NelleGoodlow2877@gmail.com, YeseniaTillett4254@gmail.com, LynellLando8106@gmail.com, LoreenMorel1989@gmail.com, ValentinaNitti1092@gmail.com, CaraRakowski1097@gmail.com, SilasChickering2101@gmail.com, MargueriteSchuman2081@gmail.com, ThuyDecamp9430@gmail.com, IanReising1886@gmail.com, RufusHanshaw6825@gmail.com, IrmaEncarnacion2873@gmail.com, LeomaMazzei2034@gmail.com, MallorySegarra2903@gmail.com, TorrieHarnois1022@gmail.com, ParkerForrest2558@gmail.com, JedFrazier6088@gmail.com, KimiSavard3616@gmail.com, LashayFranz1318@gmail.com]
17:54:39.363 [main] INFO api.AvailableMembersApi - Validating members for Survey ID: 53
17:54:39.365 [main] INFO api.AvailableMembersApi - Received response for survey ID 54: Status Code = 200
17:54:39.370 [main] INFO api.AvailableMembersApi - Available emails for survey ID 54: [MalissaArn0202@gmail.com, TeriVillalobos6990@gmail.com, YeseniaConte8292@gmail.com, MeghannFollowell6036@gmail.com, LeeHarlow6738@gmail.com, DainaMaine1358@gmail.com, OraHousand6876@gmail.com, TasiaMerritt2498@gmail.com, DrucillaWilhelm1088@gmail.com, MarikoHadfield9920@gmail.com, MargaritoDerringer6053@gmail.com, SheritaArispe4106@gmail.com, EverettNorthup7669@gmail.com, MicahShirley0805@gmail.com, WilhelminaHibdon9677@gmail.com, CarolinBlauser7632@gmail.com, LylaAlmanza0199@gmail.com, ChereGamino1550@gmail.com, FletaGiampaolo3754@gmail.com, SaraiMorelli9034@gmail.com, LashandaAbbott9174@gmail.com, JeffryDynes1098@gmail.com, TemikaHuth9411@gmail.com, AdriannaFentress5065@gmail.com, TaynaRey4852@gmail.com, IkeClink7071@gmail.com, GaynellCroce7702@gmail.com, DarlenaFarrington7903@gmail.com, CherrylCarolina2273@gmail.com, ZoeSolar4260@gmail.com, AnjanetteKrupp7724@gmail.com, JanieceSilvernail2745@gmail.com, IveyBuskey1353@gmail.com, ViolaBlackstock8664@gmail.com, ElaneMartinelli1121@gmail.com, RachellAnkrom0998@gmail.com, KylaKays1591@gmail.com, VoncileHayner2281@gmail.com, BebeLehmkuhl5703@gmail.com, InellRuoff2731@gmail.com, OnitaHolloway7718@gmail.com, DelmarTourville5884@gmail.com, AudryBerends0895@gmail.com, ZoraidaFaulkner5026@gmail.com, KelleeMaddy6483@gmail.com, FlorencioMuller2772@gmail.com, JoDettman4460@gmail.com, RosanneTrezza7663@gmail.com, MarylandBenedict6434@gmail.com, MirthaConine8554@gmail.com, KristinPonton2734@gmail.com, FlossiePangburn4203@gmail.com, DixieDarsey7418@gmail.com, KendrickPreston8153@gmail.com, CariPizzo2637@gmail.com, EllamaeTallon2542@gmail.com, AbbieKreidler2527@gmail.com, DustinArterburn6055@gmail.com, CatriceLenton4273@gmail.com, LailaHoldren0317@gmail.com, YangSoriano2861@gmail.com, JonShultis2071@gmail.com, JulianClapper5906@gmail.com, MylesCooke7867@gmail.com, MarcelleHerzog9009@gmail.com, XochitlCalderwood5941@gmail.com, LeilaOdle4383@gmail.com, AbbyPeevy0877@gmail.com, JarvisMillar3472@gmail.com, LekishaHinnenkamp1017@gmail.com, AngeliaKeebler0114@gmail.com, ClementinaGormley2089@gmail.com, VerlaBearse3879@gmail.com, CassaundraLoar9453@gmail.com, JiLamarche1348@gmail.com, LilliamMcghie9513@gmail.com, AlonaRedel2262@gmail.com, HeidiGravelle3094@gmail.com, BuckSlawson5304@gmail.com, LindsayHenline2766@gmail.com, MimiWinsor6625@gmail.com, MaxineClauson3939@gmail.com, LenaGalusha7687@gmail.com, TalishaGeise5594@gmail.com, StacieAustria9018@gmail.com, GeorgiaCincotta6796@gmail.com, CyrstalRobb5332@gmail.com, CorneliaLaney7638@gmail.com, JereRouth3497@gmail.com, ArchieBranning7218@gmail.com, TomiAthey0697@gmail.com, MathaBeard0636@gmail.com, BudMclarty0075@gmail.com, MarlanaGillard2214@gmail.com, ElvisLeatherwood1278@gmail.com, HellenMacrae0712@gmail.com, MeaghanMacinnis5645@gmail.com, LezlieLuckey7094@gmail.com, MozelleReddy3840@gmail.com, OleneLedgerwood3654@gmail.com, ShandaCromer4960@gmail.com, VeniceSherry5610@gmail.com, RonCopher9843@gmail.com, ArmindaValentino6586@gmail.com, CarolannBronson4617@gmail.com, CharlynHaggerty1577@gmail.com, IsaacLinebaugh9546@gmail.com, ElbaFarr1276@gmail.com, AngelikaMarch9925@gmail.com, TylerGalbraith9779@gmail.com, MarylynnChauvin4173@gmail.com, LuisaOhm6420@gmail.com, RoccoBlubaugh1914@gmail.com, AlexandriaJantz3467@gmail.com, WinstonHemby7253@gmail.com, TamiJepson8335@gmail.com, AnamariaHeadrick7903@gmail.com, NereidaTruman9016@gmail.com, HipolitoRowlands4929@gmail.com, PorterMarcinkowski6594@gmail.com, BonnyForester7950@gmail.com, RuthaCrotty1764@gmail.com, DamionWysocki9147@gmail.com, ColtonMoschella8698@gmail.com, WayneBasler6942@gmail.com, JoieSly5758@gmail.com, TakishaDemo0463@gmail.com, ChasArline0812@gmail.com, JoyaBristol1484@gmail.com, NeidaVartanian0848@gmail.com, EllieDuca1079@gmail.com, AdelaSlusher1773@gmail.com, DaniellNicklas8998@gmail.com, JammieRapp6294@gmail.com, BessHugo8379@gmail.com, MarlinHolm9186@gmail.com, MignonCarnes1909@gmail.com, CareyBaley9974@gmail.com, HerschelSena4741@gmail.com, OraSuddeth1307@gmail.com, TedBroome1787@gmail.com, HeidiPoplawski3633@gmail.com, CarmenIreland5525@gmail.com, NeliaAbrams8620@gmail.com, AdanCarden9027@gmail.com, LeannaMazer1235@gmail.com, KeshaShoop3740@gmail.com, ElzaAumick8395@gmail.com, TerenceGrothe7967@gmail.com, MarkitaBrymer7321@gmail.com, JazmineMccolley4132@gmail.com, AlphaHundley6257@gmail.com, ScotHollis8426@gmail.com, MarcelinaKoger3137@gmail.com, NaomaWhitman5530@gmail.com, AlfrediaSemon0100@gmail.com, MiyokoPinto5432@gmail.com, SimonPolinsky7978@gmail.com, YulandaMarsden6146@gmail.com, ChloeFlorey0182@gmail.com, BerniceCorcoran1154@gmail.com, ChristineParkinson6954@gmail.com, MarlysMatteson1945@gmail.com, EstellaLavallie2298@gmail.com, MadieBhatti9814@gmail.com, DelphaTharrington9888@gmail.com, ElwoodCortez5872@gmail.com, SanjuanitaBrotzman9707@gmail.com, CelesteMahmood5635@gmail.com, FlorHallock7282@gmail.com, BrigitteRahm2391@gmail.com, CorazonBohan2879@gmail.com, CynthiaGines6711@gmail.com, NobleKrom2799@gmail.com, RosalindDaniele3014@gmail.com, SherrieRivero5899@gmail.com, MandiSwartwood6426@gmail.com, RickyLatimer5417@gmail.com, ClaraVillegas9775@gmail.com, TyroneAntonio7136@gmail.com, NoahDeppen5278@gmail.com, NelleGoodlow2877@gmail.com, YeseniaTillett4254@gmail.com, LynellLando8106@gmail.com, ValentinaNitti1092@gmail.com, CaraRakowski1097@gmail.com, SilasChickering2101@gmail.com, MargueriteSchuman2081@gmail.com, IanReising1886@gmail.com, RufusHanshaw6825@gmail.com, IrmaEncarnacion2873@gmail.com, LeomaMazzei2034@gmail.com, LateshaMarini8611@gmail.com, MallorySegarra2903@gmail.com, TorrieHarnois1022@gmail.com, ParkerForrest2558@gmail.com, JedFrazier6088@gmail.com, KimiSavard3616@gmail.com, LashayFranz1318@gmail.com]
17:54:39.370 [main] INFO api.AvailableMembersApi - Validating members for Survey ID: 54
17:54:39.372 [main] INFO api.AvailableMembersApi - Received response for survey ID 55: Status Code = 200
17:54:39.378 [main] INFO api.AvailableMembersApi - Available emails for survey ID 55: [MalissaArn0202@gmail.com, TeriVillalobos6990@gmail.com, YeseniaConte8292@gmail.com, MeghannFollowell6036@gmail.com, LeeHarlow6738@gmail.com, SalvatoreMonico6748@gmail.com, SunshineFocht0017@gmail.com, DainaMaine1358@gmail.com, OraHousand6876@gmail.com, TasiaMerritt2498@gmail.com, GregoryLucchesi4579@gmail.com, DrucillaWilhelm1088@gmail.com, JaquelynLevett2862@gmail.com, MarikoHadfield9920@gmail.com, SheritaArispe4106@gmail.com, EverettNorthup7669@gmail.com, MicahShirley0805@gmail.com, WilhelminaHibdon9677@gmail.com, CarolinBlauser7632@gmail.com, ChereGamino1550@gmail.com, FletaGiampaolo3754@gmail.com, CleotildeMcmiller8058@gmail.com, SaraiMorelli9034@gmail.com, LashandaAbbott9174@gmail.com, JeffryDynes1098@gmail.com, VerniceSoto3260@gmail.com, ElnaPhelan2540@gmail.com, TemikaHuth9411@gmail.com, AdriannaFentress5065@gmail.com, TaynaRey4852@gmail.com, IkeClink7071@gmail.com, GaynellCroce7702@gmail.com, DarlenaFarrington7903@gmail.com, CherrylCarolina2273@gmail.com, ZoeSolar4260@gmail.com, AnjanetteKrupp7724@gmail.com, JanieceSilvernail2745@gmail.com, IveyBuskey1353@gmail.com, ViolaBlackstock8664@gmail.com, ElaneMartinelli1121@gmail.com, KylaKays1591@gmail.com, AltonSmedley5432@gmail.com, VoncileHayner2281@gmail.com, BebeLehmkuhl5703@gmail.com, InellRuoff2731@gmail.com, OnitaHolloway7718@gmail.com, NormanCastilleja4018@gmail.com, DelmarTourville5884@gmail.com, AudryBerends0895@gmail.com, ZoraidaFaulkner5026@gmail.com, KelleeMaddy6483@gmail.com, FlorencioMuller2772@gmail.com, JoDettman4460@gmail.com, RosanneTrezza7663@gmail.com, MarylandBenedict6434@gmail.com, MirthaConine8554@gmail.com, KristinPonton2734@gmail.com, FlossiePangburn4203@gmail.com, DixieDarsey7418@gmail.com, KendrickPreston8153@gmail.com, CariPizzo2637@gmail.com, EllamaeTallon2542@gmail.com, AbbieKreidler2527@gmail.com, DustinArterburn6055@gmail.com, CatriceLenton4273@gmail.com, LailaHoldren0317@gmail.com, YangSoriano2861@gmail.com, JonShultis2071@gmail.com, JulianClapper5906@gmail.com, MylesCooke7867@gmail.com, RhebaCorbett1709@gmail.com, MarcelleHerzog9009@gmail.com, XochitlCalderwood5941@gmail.com, LeilaOdle4383@gmail.com, AbbyPeevy0877@gmail.com, JarvisMillar3472@gmail.com, LekishaHinnenkamp1017@gmail.com, AngeliaKeebler0114@gmail.com, ClementinaGormley2089@gmail.com, JoslynKeen8547@gmail.com, CassaundraLoar9453@gmail.com, LilliamMcghie9513@gmail.com, AlonaRedel2262@gmail.com, HeidiGravelle3094@gmail.com, BuckSlawson5304@gmail.com, LindsayHenline2766@gmail.com, MimiWinsor6625@gmail.com, MaxineClauson3939@gmail.com, LenaGalusha7687@gmail.com, TalishaGeise5594@gmail.com, GeorgiaCincotta6796@gmail.com, CandisGapinski6348@gmail.com, CyrstalRobb5332@gmail.com, CorneliaLaney7638@gmail.com, JereRouth3497@gmail.com, ArchieBranning7218@gmail.com, TomiAthey0697@gmail.com, MathaBeard0636@gmail.com, BudMclarty0075@gmail.com, MarlanaGillard2214@gmail.com, ElvisLeatherwood1278@gmail.com, HellenMacrae0712@gmail.com, MeaghanMacinnis5645@gmail.com, LezlieLuckey7094@gmail.com, MozelleReddy3840@gmail.com, OleneLedgerwood3654@gmail.com, ShandaCromer4960@gmail.com, VeniceSherry5610@gmail.com, RonCopher9843@gmail.com, ArmindaValentino6586@gmail.com, CarolannBronson4617@gmail.com, CharlynHaggerty1577@gmail.com, IsaacLinebaugh9546@gmail.com, ElbaFarr1276@gmail.com, AngelikaMarch9925@gmail.com, TylerGalbraith9779@gmail.com, MarylynnChauvin4173@gmail.com, LuisaOhm6420@gmail.com, BetteCarlos5624@gmail.com, RoccoBlubaugh1914@gmail.com, AlexandriaJantz3467@gmail.com, TamiJepson8335@gmail.com, AnamariaHeadrick7903@gmail.com, NereidaTruman9016@gmail.com, HipolitoRowlands4929@gmail.com, PorterMarcinkowski6594@gmail.com, BonnyForester7950@gmail.com, RuthaCrotty1764@gmail.com, DamionWysocki9147@gmail.com, ColtonMoschella8698@gmail.com, WayneBasler6942@gmail.com, JoieSly5758@gmail.com, ChasArline0812@gmail.com, JoyaBristol1484@gmail.com, NeidaVartanian0848@gmail.com, EllieDuca1079@gmail.com, AdelaSlusher1773@gmail.com, DaniellNicklas8998@gmail.com, JammieRapp6294@gmail.com, BessHugo8379@gmail.com, MignonCarnes1909@gmail.com, CareyBaley9974@gmail.com, DaniStroop2632@gmail.com, MaddieMccusker6382@gmail.com, HerschelSena4741@gmail.com, OraSuddeth1307@gmail.com, TedBroome1787@gmail.com, BirgitMcglade6409@gmail.com, HeidiPoplawski3633@gmail.com, CarmenIreland5525@gmail.com, NeliaAbrams8620@gmail.com, AdanCarden9027@gmail.com, LeannaMazer1235@gmail.com, KeshaShoop3740@gmail.com, TerenceGrothe7967@gmail.com, MarkitaBrymer7321@gmail.com, JazmineMccolley4132@gmail.com, AlphaHundley6257@gmail.com, ScotHollis8426@gmail.com, MarcelinaKoger3137@gmail.com, NaomaWhitman5530@gmail.com, AlfrediaSemon0100@gmail.com, MiyokoPinto5432@gmail.com, IsauraMorton9001@gmail.com, LeiaAmico4089@gmail.com, SimonPolinsky7978@gmail.com, YulandaMarsden6146@gmail.com, ChloeFlorey0182@gmail.com, BerniceCorcoran1154@gmail.com, ChristineParkinson6954@gmail.com, MarlysMatteson1945@gmail.com, EstellaLavallie2298@gmail.com, MadieBhatti9814@gmail.com, DelphaTharrington9888@gmail.com, SanjuanitaBrotzman9707@gmail.com, CelesteMahmood5635@gmail.com, FlorHallock7282@gmail.com, BrigitteRahm2391@gmail.com, CorazonBohan2879@gmail.com, CynthiaGines6711@gmail.com, NobleKrom2799@gmail.com, RosalindDaniele3014@gmail.com, MargaretaKu9884@gmail.com, SherrieRivero5899@gmail.com, MandiSwartwood6426@gmail.com, RickyLatimer5417@gmail.com, ClaraVillegas9775@gmail.com, TyroneAntonio7136@gmail.com, NoahDeppen5278@gmail.com, NelleGoodlow2877@gmail.com, YeseniaTillett4254@gmail.com, CaraRakowski1097@gmail.com, SilasChickering2101@gmail.com, MargueriteSchuman2081@gmail.com, ThuyDecamp9430@gmail.com, IanReising1886@gmail.com, RufusHanshaw6825@gmail.com, IrmaEncarnacion2873@gmail.com, LeomaMazzei2034@gmail.com, LateshaMarini8611@gmail.com, MallorySegarra2903@gmail.com, TorrieHarnois1022@gmail.com, ParkerForrest2558@gmail.com, JedFrazier6088@gmail.com, KimiSavard3616@gmail.com, LashayFranz1318@gmail.com]
17:54:39.378 [main] INFO api.AvailableMembersApi - Validating members for Survey ID: 55
17:54:39.389 [main] INFO api.AvailableMembersApi - Received response for survey ID 56: Status Code = 200
17:54:39.395 [main] INFO api.AvailableMembersApi - Available emails for survey ID 56: [MalissaArn0202@gmail.com, TeriVillalobos6990@gmail.com, YeseniaConte8292@gmail.com, MeghannFollowell6036@gmail.com, LeeHarlow6738@gmail.com, SalvatoreMonico6748@gmail.com, SunshineFocht0017@gmail.com, DainaMaine1358@gmail.com, OraHousand6876@gmail.com, TasiaMerritt2498@gmail.com, GregoryLucchesi4579@gmail.com, DrucillaWilhelm1088@gmail.com, JaquelynLevett2862@gmail.com, MarikoHadfield9920@gmail.com, JanitaStroman5652@gmail.com, SheritaArispe4106@gmail.com, EverettNorthup7669@gmail.com, MicahShirley0805@gmail.com, WilhelminaHibdon9677@gmail.com, CarolinBlauser7632@gmail.com, LylaAlmanza0199@gmail.com, ChereGamino1550@gmail.com, FletaGiampaolo3754@gmail.com, CleotildeMcmiller8058@gmail.com, SaraiMorelli9034@gmail.com, LashandaAbbott9174@gmail.com, JeffryDynes1098@gmail.com, VerniceSoto3260@gmail.com, ElnaPhelan2540@gmail.com, AdriannaFentress5065@gmail.com, TaynaRey4852@gmail.com, IkeClink7071@gmail.com, GaynellCroce7702@gmail.com, DarlenaFarrington7903@gmail.com, CherrylCarolina2273@gmail.com, JanieceSilvernail2745@gmail.com, IveyBuskey1353@gmail.com, ViolaBlackstock8664@gmail.com, RachellAnkrom0998@gmail.com, KylaKays1591@gmail.com, AltonSmedley5432@gmail.com, VoncileHayner2281@gmail.com, BebeLehmkuhl5703@gmail.com, InellRuoff2731@gmail.com, OnitaHolloway7718@gmail.com, DelmarTourville5884@gmail.com, ZoraidaFaulkner5026@gmail.com, KelleeMaddy6483@gmail.com, FlorencioMuller2772@gmail.com, RosanneTrezza7663@gmail.com, MarylandBenedict6434@gmail.com, MirthaConine8554@gmail.com, KristinPonton2734@gmail.com, FlossiePangburn4203@gmail.com, YukoSteffes9115@gmail.com, DixieDarsey7418@gmail.com, KendrickPreston8153@gmail.com, CariPizzo2637@gmail.com, AbbieKreidler2527@gmail.com, DustinArterburn6055@gmail.com, CatriceLenton4273@gmail.com, LailaHoldren0317@gmail.com, YangSoriano2861@gmail.com, JonShultis2071@gmail.com, JulianClapper5906@gmail.com, MylesCooke7867@gmail.com, RhebaCorbett1709@gmail.com, MarcelleHerzog9009@gmail.com, XochitlCalderwood5941@gmail.com, AbbyPeevy0877@gmail.com, JarvisMillar3472@gmail.com, LekishaHinnenkamp1017@gmail.com, AngeliaKeebler0114@gmail.com, ClementinaGormley2089@gmail.com, JoslynKeen8547@gmail.com, VerlaBearse3879@gmail.com, CassaundraLoar9453@gmail.com, JiLamarche1348@gmail.com, LilliamMcghie9513@gmail.com, AlonaRedel2262@gmail.com, HeidiGravelle3094@gmail.com, BuckSlawson5304@gmail.com, LindsayHenline2766@gmail.com, MimiWinsor6625@gmail.com, MaxineClauson3939@gmail.com, LenaGalusha7687@gmail.com, StacieAustria9018@gmail.com, GeorgiaCincotta6796@gmail.com, CyrstalRobb5332@gmail.com, CorneliaLaney7638@gmail.com, JereRouth3497@gmail.com, ArchieBranning7218@gmail.com, MathaBeard0636@gmail.com, BudMclarty0075@gmail.com, MarlanaGillard2214@gmail.com, HellenMacrae0712@gmail.com, MeaghanMacinnis5645@gmail.com, LezlieLuckey7094@gmail.com, MozelleReddy3840@gmail.com, OleneLedgerwood3654@gmail.com, ShandaCromer4960@gmail.com, VeniceSherry5610@gmail.com, ArmindaValentino6586@gmail.com, IsaacLinebaugh9546@gmail.com, ElbaFarr1276@gmail.com, AngelikaMarch9925@gmail.com, TylerGalbraith9779@gmail.com, MarylynnChauvin4173@gmail.com, LuisaOhm6420@gmail.com, BetteCarlos5624@gmail.com, AlexandriaJantz3467@gmail.com, WinstonHemby7253@gmail.com, TamiJepson8335@gmail.com, AnamariaHeadrick7903@gmail.com, NereidaTruman9016@gmail.com, HipolitoRowlands4929@gmail.com, PorterMarcinkowski6594@gmail.com, BonnyForester7950@gmail.com, RuthaCrotty1764@gmail.com, DamionWysocki9147@gmail.com, ColtonMoschella8698@gmail.com, WayneBasler6942@gmail.com, JoieSly5758@gmail.com, TakishaDemo0463@gmail.com, ChasArline0812@gmail.com, JoyaBristol1484@gmail.com, NeidaVartanian0848@gmail.com, EllieDuca1079@gmail.com, AdelaSlusher1773@gmail.com, DaniellNicklas8998@gmail.com, JammieRapp6294@gmail.com, BessHugo8379@gmail.com, MarlinHolm9186@gmail.com, MignonCarnes1909@gmail.com, CareyBaley9974@gmail.com, DaniStroop2632@gmail.com, MaddieMccusker6382@gmail.com, OraSuddeth1307@gmail.com, TedBroome1787@gmail.com, BirgitMcglade6409@gmail.com, HeidiPoplawski3633@gmail.com, CarmenIreland5525@gmail.com, NeliaAbrams8620@gmail.com, AdanCarden9027@gmail.com, LeannaMazer1235@gmail.com, KeshaShoop3740@gmail.com, ElzaAumick8395@gmail.com, TerenceGrothe7967@gmail.com, MarkitaBrymer7321@gmail.com, JazmineMccolley4132@gmail.com, AlphaHundley6257@gmail.com, ScotHollis8426@gmail.com, MarcelinaKoger3137@gmail.com, NaomaWhitman5530@gmail.com, AlfrediaSemon0100@gmail.com, MiyokoPinto5432@gmail.com, SimonPolinsky7978@gmail.com, YulandaMarsden6146@gmail.com, ChloeFlorey0182@gmail.com, BerniceCorcoran1154@gmail.com, ChristineParkinson6954@gmail.com, EstellaLavallie2298@gmail.com, MadieBhatti9814@gmail.com, DelphaTharrington9888@gmail.com, ElwoodCortez5872@gmail.com, SanjuanitaBrotzman9707@gmail.com, CelesteMahmood5635@gmail.com, FlorHallock7282@gmail.com, BrigitteRahm2391@gmail.com, CorazonBohan2879@gmail.com, CynthiaGines6711@gmail.com, NobleKrom2799@gmail.com, RosalindDaniele3014@gmail.com, SherrieRivero5899@gmail.com, MandiSwartwood6426@gmail.com, RickyLatimer5417@gmail.com, ClaraVillegas9775@gmail.com, TyroneAntonio7136@gmail.com, NoahDeppen5278@gmail.com, NelleGoodlow2877@gmail.com, YeseniaTillett4254@gmail.com, LynellLando8106@gmail.com, LoreenMorel1989@gmail.com, ValentinaNitti1092@gmail.com, CaraRakowski1097@gmail.com, SilasChickering2101@gmail.com, MargueriteSchuman2081@gmail.com, ThuyDecamp9430@gmail.com, RufusHanshaw6825@gmail.com, IrmaEncarnacion2873@gmail.com, LeomaMazzei2034@gmail.com, LateshaMarini8611@gmail.com, MallorySegarra2903@gmail.com, TorrieHarnois1022@gmail.com, ParkerForrest2558@gmail.com, JedFrazier6088@gmail.com, KimiSavard3616@gmail.com, LashayFranz1318@gmail.com]
17:54:39.395 [main] INFO api.AvailableMembersApi - Validating members for Survey ID: 56
17:54:39.398 [main] INFO api.AvailableMembersApi - Received response for survey ID 57: Status Code = 200
17:54:39.406 [main] INFO api.AvailableMembersApi - Available emails for survey ID 57: [MalissaArn0202@gmail.com, TeriVillalobos6990@gmail.com, YeseniaConte8292@gmail.com, MeghannFollowell6036@gmail.com, LeeHarlow6738@gmail.com, SunshineFocht0017@gmail.com, DainaMaine1358@gmail.com, OraHousand6876@gmail.com, GregoryLucchesi4579@gmail.com, DrucillaWilhelm1088@gmail.com, JaquelynLevett2862@gmail.com, JanitaStroman5652@gmail.com, MargaritoDerringer6053@gmail.com, SheritaArispe4106@gmail.com, EverettNorthup7669@gmail.com, MicahShirley0805@gmail.com, WilhelminaHibdon9677@gmail.com, CarolinBlauser7632@gmail.com, ChereGamino1550@gmail.com, FletaGiampaolo3754@gmail.com, CleotildeMcmiller8058@gmail.com, SaraiMorelli9034@gmail.com, JeffryDynes1098@gmail.com, ElnaPhelan2540@gmail.com, TemikaHuth9411@gmail.com, AdriannaFentress5065@gmail.com, TaynaRey4852@gmail.com, IkeClink7071@gmail.com, GaynellCroce7702@gmail.com, DarlenaFarrington7903@gmail.com, CherrylCarolina2273@gmail.com, AnjanetteKrupp7724@gmail.com, JanieceSilvernail2745@gmail.com, IveyBuskey1353@gmail.com, ViolaBlackstock8664@gmail.com, RachellAnkrom0998@gmail.com, KylaKays1591@gmail.com, VoncileHayner2281@gmail.com, BebeLehmkuhl5703@gmail.com, InellRuoff2731@gmail.com, OnitaHolloway7718@gmail.com, NormanCastilleja4018@gmail.com, DelmarTourville5884@gmail.com, AudryBerends0895@gmail.com, ZoraidaFaulkner5026@gmail.com, KelleeMaddy6483@gmail.com, FlorencioMuller2772@gmail.com, RosanneTrezza7663@gmail.com, MarylandBenedict6434@gmail.com, MirthaConine8554@gmail.com, KristinPonton2734@gmail.com, FlossiePangburn4203@gmail.com, DixieDarsey7418@gmail.com, KendrickPreston8153@gmail.com, CariPizzo2637@gmail.com, AbbieKreidler2527@gmail.com, DustinArterburn6055@gmail.com, CatriceLenton4273@gmail.com, LailaHoldren0317@gmail.com, YangSoriano2861@gmail.com, JonShultis2071@gmail.com, JulianClapper5906@gmail.com, MylesCooke7867@gmail.com, RhebaCorbett1709@gmail.com, MarcelleHerzog9009@gmail.com, XochitlCalderwood5941@gmail.com, LeilaOdle4383@gmail.com, AbbyPeevy0877@gmail.com, JarvisMillar3472@gmail.com, LekishaHinnenkamp1017@gmail.com, AngeliaKeebler0114@gmail.com, ClementinaGormley2089@gmail.com, JoslynKeen8547@gmail.com, VerlaBearse3879@gmail.com, CassaundraLoar9453@gmail.com, LilliamMcghie9513@gmail.com, AlonaRedel2262@gmail.com, HeidiGravelle3094@gmail.com, BuckSlawson5304@gmail.com, LindsayHenline2766@gmail.com, MimiWinsor6625@gmail.com, MaxineClauson3939@gmail.com, TalishaGeise5594@gmail.com, StacieAustria9018@gmail.com, GeorgiaCincotta6796@gmail.com, CandisGapinski6348@gmail.com, CyrstalRobb5332@gmail.com, CorneliaLaney7638@gmail.com, JereRouth3497@gmail.com, ArchieBranning7218@gmail.com, TomiAthey0697@gmail.com, MathaBeard0636@gmail.com, BudMclarty0075@gmail.com, MarlanaGillard2214@gmail.com, ElvisLeatherwood1278@gmail.com, HellenMacrae0712@gmail.com, MeaghanMacinnis5645@gmail.com, LezlieLuckey7094@gmail.com, MozelleReddy3840@gmail.com, OleneLedgerwood3654@gmail.com, VeniceSherry5610@gmail.com, RonCopher9843@gmail.com, ArmindaValentino6586@gmail.com, CarolannBronson4617@gmail.com, CharlynHaggerty1577@gmail.com, IsaacLinebaugh9546@gmail.com, ElbaFarr1276@gmail.com, AngelikaMarch9925@gmail.com, TylerGalbraith9779@gmail.com, MarylynnChauvin4173@gmail.com, LuisaOhm6420@gmail.com, BetteCarlos5624@gmail.com, RoccoBlubaugh1914@gmail.com, AlexandriaJantz3467@gmail.com, WinstonHemby7253@gmail.com, TamiJepson8335@gmail.com, AnamariaHeadrick7903@gmail.com, NereidaTruman9016@gmail.com, HipolitoRowlands4929@gmail.com, PorterMarcinkowski6594@gmail.com, BonnyForester7950@gmail.com, RuthaCrotty1764@gmail.com, DamionWysocki9147@gmail.com, ColtonMoschella8698@gmail.com, WayneBasler6942@gmail.com, JoieSly5758@gmail.com, TakishaDemo0463@gmail.com, ChasArline0812@gmail.com, JoyaBristol1484@gmail.com, NeidaVartanian0848@gmail.com, EllieDuca1079@gmail.com, AdelaSlusher1773@gmail.com, DaniellNicklas8998@gmail.com, JammieRapp6294@gmail.com, MarlinHolm9186@gmail.com, MignonCarnes1909@gmail.com, CareyBaley9974@gmail.com, DaniStroop2632@gmail.com, MaddieMccusker6382@gmail.com, HerschelSena4741@gmail.com, OraSuddeth1307@gmail.com, TedBroome1787@gmail.com, HeidiPoplawski3633@gmail.com, CarmenIreland5525@gmail.com, NeliaAbrams8620@gmail.com, AdanCarden9027@gmail.com, LeannaMazer1235@gmail.com, KeshaShoop3740@gmail.com, ElzaAumick8395@gmail.com, TerenceGrothe7967@gmail.com, MarkitaBrymer7321@gmail.com, AlphaHundley6257@gmail.com, ScotHollis8426@gmail.com, MarcelinaKoger3137@gmail.com, NaomaWhitman5530@gmail.com, MiyokoPinto5432@gmail.com, IsauraMorton9001@gmail.com, LeiaAmico4089@gmail.com, SimonPolinsky7978@gmail.com, YulandaMarsden6146@gmail.com, ChloeFlorey0182@gmail.com, BerniceCorcoran1154@gmail.com, ChristineParkinson6954@gmail.com, MarlysMatteson1945@gmail.com, EstellaLavallie2298@gmail.com, MadieBhatti9814@gmail.com, DelphaTharrington9888@gmail.com, ElwoodCortez5872@gmail.com, SanjuanitaBrotzman9707@gmail.com, CelesteMahmood5635@gmail.com, FlorHallock7282@gmail.com, BrigitteRahm2391@gmail.com, CorazonBohan2879@gmail.com, CynthiaGines6711@gmail.com, NobleKrom2799@gmail.com, RosalindDaniele3014@gmail.com, MargaretaKu9884@gmail.com, SherrieRivero5899@gmail.com, MandiSwartwood6426@gmail.com, RickyLatimer5417@gmail.com, ClaraVillegas9775@gmail.com, TyroneAntonio7136@gmail.com, NoahDeppen5278@gmail.com, NelleGoodlow2877@gmail.com, YeseniaTillett4254@gmail.com, LynellLando8106@gmail.com, ValentinaNitti1092@gmail.com, CaraRakowski1097@gmail.com, SilasChickering2101@gmail.com, MargueriteSchuman2081@gmail.com, ThuyDecamp9430@gmail.com, IanReising1886@gmail.com, RufusHanshaw6825@gmail.com, IrmaEncarnacion2873@gmail.com, LeomaMazzei2034@gmail.com, LateshaMarini8611@gmail.com, MallorySegarra2903@gmail.com, TorrieHarnois1022@gmail.com, ParkerForrest2558@gmail.com, JedFrazier6088@gmail.com, KimiSavard3616@gmail.com, LashayFranz1318@gmail.com]
17:54:39.406 [main] INFO api.AvailableMembersApi - Validating members for Survey ID: 57
17:54:39.408 [main] INFO api.AvailableMembersApi - Received response for survey ID 58: Status Code = 200
17:54:39.416 [main] INFO api.AvailableMembersApi - Available emails for survey ID 58: [MalissaArn0202@gmail.com, TeriVillalobos6990@gmail.com, MeghannFollowell6036@gmail.com, LeeHarlow6738@gmail.com, SalvatoreMonico6748@gmail.com, SunshineFocht0017@gmail.com, DainaMaine1358@gmail.com, OraHousand6876@gmail.com, TasiaMerritt2498@gmail.com, GregoryLucchesi4579@gmail.com, DrucillaWilhelm1088@gmail.com, JaquelynLevett2862@gmail.com, MarikoHadfield9920@gmail.com, JanitaStroman5652@gmail.com, MargaritoDerringer6053@gmail.com, SheritaArispe4106@gmail.com, EverettNorthup7669@gmail.com, MicahShirley0805@gmail.com, WilhelminaHibdon9677@gmail.com, CarolinBlauser7632@gmail.com, LylaAlmanza0199@gmail.com, CleotildeMcmiller8058@gmail.com, SaraiMorelli9034@gmail.com, LashandaAbbott9174@gmail.com, JeffryDynes1098@gmail.com, VerniceSoto3260@gmail.com, ElnaPhelan2540@gmail.com, AdriannaFentress5065@gmail.com, TaynaRey4852@gmail.com, IkeClink7071@gmail.com, GaynellCroce7702@gmail.com, CherrylCarolina2273@gmail.com, ZoeSolar4260@gmail.com, AnjanetteKrupp7724@gmail.com, JanieceSilvernail2745@gmail.com, IveyBuskey1353@gmail.com, ViolaBlackstock8664@gmail.com, ElaneMartinelli1121@gmail.com, RachellAnkrom0998@gmail.com, KylaKays1591@gmail.com, AltonSmedley5432@gmail.com, VoncileHayner2281@gmail.com, BebeLehmkuhl5703@gmail.com, InellRuoff2731@gmail.com, NormanCastilleja4018@gmail.com, DelmarTourville5884@gmail.com, AudryBerends0895@gmail.com, ZoraidaFaulkner5026@gmail.com, KelleeMaddy6483@gmail.com, JoDettman4460@gmail.com, RosanneTrezza7663@gmail.com, MarylandBenedict6434@gmail.com, MirthaConine8554@gmail.com, KristinPonton2734@gmail.com, YukoSteffes9115@gmail.com, DixieDarsey7418@gmail.com, KendrickPreston8153@gmail.com, EllamaeTallon2542@gmail.com, AbbieKreidler2527@gmail.com, DustinArterburn6055@gmail.com, YangSoriano2861@gmail.com, JonShultis2071@gmail.com, JulianClapper5906@gmail.com, MylesCooke7867@gmail.com, RhebaCorbett1709@gmail.com, MarcelleHerzog9009@gmail.com, XochitlCalderwood5941@gmail.com, AbbyPeevy0877@gmail.com, JarvisMillar3472@gmail.com, LekishaHinnenkamp1017@gmail.com, AngeliaKeebler0114@gmail.com, ClementinaGormley2089@gmail.com, JoslynKeen8547@gmail.com, VerlaBearse3879@gmail.com, CassaundraLoar9453@gmail.com, JiLamarche1348@gmail.com, LilliamMcghie9513@gmail.com, AlonaRedel2262@gmail.com, HeidiGravelle3094@gmail.com, BuckSlawson5304@gmail.com, LindsayHenline2766@gmail.com, MimiWinsor6625@gmail.com, MaxineClauson3939@gmail.com, LenaGalusha7687@gmail.com, TalishaGeise5594@gmail.com, StacieAustria9018@gmail.com, GeorgiaCincotta6796@gmail.com, CyrstalRobb5332@gmail.com, CorneliaLaney7638@gmail.com, JereRouth3497@gmail.com, ArchieBranning7218@gmail.com, TomiAthey0697@gmail.com, MathaBeard0636@gmail.com, BudMclarty0075@gmail.com, MarlanaGillard2214@gmail.com, HellenMacrae0712@gmail.com, MeaghanMacinnis5645@gmail.com, LezlieLuckey7094@gmail.com, MozelleReddy3840@gmail.com, OleneLedgerwood3654@gmail.com, VeniceSherry5610@gmail.com, RonCopher9843@gmail.com, CharlynHaggerty1577@gmail.com, IsaacLinebaugh9546@gmail.com, ElbaFarr1276@gmail.com, AngelikaMarch9925@gmail.com, TylerGalbraith9779@gmail.com, MarylynnChauvin4173@gmail.com, LuisaOhm6420@gmail.com, RoccoBlubaugh1914@gmail.com, AlexandriaJantz3467@gmail.com, WinstonHemby7253@gmail.com, NereidaTruman9016@gmail.com, HipolitoRowlands4929@gmail.com, PorterMarcinkowski6594@gmail.com, BonnyForester7950@gmail.com, RuthaCrotty1764@gmail.com, DamionWysocki9147@gmail.com, ColtonMoschella8698@gmail.com, WayneBasler6942@gmail.com, JoieSly5758@gmail.com, TakishaDemo0463@gmail.com, ChasArline0812@gmail.com, JoyaBristol1484@gmail.com, NeidaVartanian0848@gmail.com, AdelaSlusher1773@gmail.com, DaniellNicklas8998@gmail.com, BessHugo8379@gmail.com, MarlinHolm9186@gmail.com, MignonCarnes1909@gmail.com, CareyBaley9974@gmail.com, DaniStroop2632@gmail.com, MaddieMccusker6382@gmail.com, OraSuddeth1307@gmail.com, TedBroome1787@gmail.com, BirgitMcglade6409@gmail.com, HeidiPoplawski3633@gmail.com, CarmenIreland5525@gmail.com, NeliaAbrams8620@gmail.com, AdanCarden9027@gmail.com, LeannaMazer1235@gmail.com, KeshaShoop3740@gmail.com, ElzaAumick8395@gmail.com, TerenceGrothe7967@gmail.com, MarkitaBrymer7321@gmail.com, JazmineMccolley4132@gmail.com, AlphaHundley6257@gmail.com, ScotHollis8426@gmail.com, MarcelinaKoger3137@gmail.com, NaomaWhitman5530@gmail.com, AlfrediaSemon0100@gmail.com, MiyokoPinto5432@gmail.com, IsauraMorton9001@gmail.com, LeiaAmico4089@gmail.com, YulandaMarsden6146@gmail.com, ChloeFlorey0182@gmail.com, BerniceCorcoran1154@gmail.com, ChristineParkinson6954@gmail.com, MarlysMatteson1945@gmail.com, EstellaLavallie2298@gmail.com, MadieBhatti9814@gmail.com, DelphaTharrington9888@gmail.com, ElwoodCortez5872@gmail.com, SanjuanitaBrotzman9707@gmail.com, CelesteMahmood5635@gmail.com, FlorHallock7282@gmail.com, BrigitteRahm2391@gmail.com, CorazonBohan2879@gmail.com, CynthiaGines6711@gmail.com, NobleKrom2799@gmail.com, RosalindDaniele3014@gmail.com, MargaretaKu9884@gmail.com, SherrieRivero5899@gmail.com, MandiSwartwood6426@gmail.com, RickyLatimer5417@gmail.com, ClaraVillegas9775@gmail.com, TyroneAntonio7136@gmail.com, NoahDeppen5278@gmail.com, NelleGoodlow2877@gmail.com, YeseniaTillett4254@gmail.com, ValentinaNitti1092@gmail.com, CaraRakowski1097@gmail.com, SilasChickering2101@gmail.com, MargueriteSchuman2081@gmail.com, ThuyDecamp9430@gmail.com, IanReising1886@gmail.com, RufusHanshaw6825@gmail.com, LeomaMazzei2034@gmail.com, LateshaMarini8611@gmail.com, MallorySegarra2903@gmail.com, TorrieHarnois1022@gmail.com, ParkerForrest2558@gmail.com, JedFrazier6088@gmail.com, KimiSavard3616@gmail.com, LashayFranz1318@gmail.com]
17:54:39.416 [main] INFO api.AvailableMembersApi - Validating members for Survey ID: 58
17:54:39.418 [main] INFO api.AvailableMembersApi - Received response for survey ID 59: Status Code = 200
17:54:39.423 [main] INFO api.AvailableMembersApi - Available emails for survey ID 59: [MalissaArn0202@gmail.com, TeriVillalobos6990@gmail.com, YeseniaConte8292@gmail.com, MeghannFollowell6036@gmail.com, SunshineFocht0017@gmail.com, DainaMaine1358@gmail.com, OraHousand6876@gmail.com, TasiaMerritt2498@gmail.com, GregoryLucchesi4579@gmail.com, DrucillaWilhelm1088@gmail.com, JaquelynLevett2862@gmail.com, MarikoHadfield9920@gmail.com, JanitaStroman5652@gmail.com, MargaritoDerringer6053@gmail.com, SheritaArispe4106@gmail.com, EverettNorthup7669@gmail.com, MicahShirley0805@gmail.com, WilhelminaHibdon9677@gmail.com, CarolinBlauser7632@gmail.com, LylaAlmanza0199@gmail.com, ChereGamino1550@gmail.com, FletaGiampaolo3754@gmail.com, CleotildeMcmiller8058@gmail.com, SaraiMorelli9034@gmail.com, LashandaAbbott9174@gmail.com, JeffryDynes1098@gmail.com, VerniceSoto3260@gmail.com, ElnaPhelan2540@gmail.com, TemikaHuth9411@gmail.com, AdriannaFentress5065@gmail.com, GaynellCroce7702@gmail.com, DarlenaFarrington7903@gmail.com, CherrylCarolina2273@gmail.com, ZoeSolar4260@gmail.com, JanieceSilvernail2745@gmail.com, IveyBuskey1353@gmail.com, ViolaBlackstock8664@gmail.com, ElaneMartinelli1121@gmail.com, RachellAnkrom0998@gmail.com, KylaKays1591@gmail.com, AltonSmedley5432@gmail.com, VoncileHayner2281@gmail.com, BebeLehmkuhl5703@gmail.com, NormanCastilleja4018@gmail.com, DelmarTourville5884@gmail.com, AudryBerends0895@gmail.com, ZoraidaFaulkner5026@gmail.com, FlorencioMuller2772@gmail.com, JoDettman4460@gmail.com, RosanneTrezza7663@gmail.com, MirthaConine8554@gmail.com, KristinPonton2734@gmail.com, FlossiePangburn4203@gmail.com, YukoSteffes9115@gmail.com, DixieDarsey7418@gmail.com, KendrickPreston8153@gmail.com, CariPizzo2637@gmail.com, EllamaeTallon2542@gmail.com, DustinArterburn6055@gmail.com, LailaHoldren0317@gmail.com, YangSoriano2861@gmail.com, JonShultis2071@gmail.com, JulianClapper5906@gmail.com, MylesCooke7867@gmail.com, RhebaCorbett1709@gmail.com, MarcelleHerzog9009@gmail.com, XochitlCalderwood5941@gmail.com, LeilaOdle4383@gmail.com, AbbyPeevy0877@gmail.com, JarvisMillar3472@gmail.com, LekishaHinnenkamp1017@gmail.com, AngeliaKeebler0114@gmail.com, ClementinaGormley2089@gmail.com, JoslynKeen8547@gmail.com, VerlaBearse3879@gmail.com, CassaundraLoar9453@gmail.com, JiLamarche1348@gmail.com, LilliamMcghie9513@gmail.com, AlonaRedel2262@gmail.com, HeidiGravelle3094@gmail.com, BuckSlawson5304@gmail.com, LindsayHenline2766@gmail.com, MimiWinsor6625@gmail.com, MaxineClauson3939@gmail.com, LenaGalusha7687@gmail.com, TalishaGeise5594@gmail.com, StacieAustria9018@gmail.com, CandisGapinski6348@gmail.com, CyrstalRobb5332@gmail.com, CorneliaLaney7638@gmail.com, JereRouth3497@gmail.com, MathaBeard0636@gmail.com, BudMclarty0075@gmail.com, MarlanaGillard2214@gmail.com, ElvisLeatherwood1278@gmail.com, HellenMacrae0712@gmail.com, MeaghanMacinnis5645@gmail.com, LezlieLuckey7094@gmail.com, MozelleReddy3840@gmail.com, OleneLedgerwood3654@gmail.com, ShandaCromer4960@gmail.com, VeniceSherry5610@gmail.com, RonCopher9843@gmail.com, ArmindaValentino6586@gmail.com, CharlynHaggerty1577@gmail.com, IsaacLinebaugh9546@gmail.com, ElbaFarr1276@gmail.com, AngelikaMarch9925@gmail.com, TylerGalbraith9779@gmail.com, LuisaOhm6420@gmail.com, BetteCarlos5624@gmail.com, AlexandriaJantz3467@gmail.com, TamiJepson8335@gmail.com, AnamariaHeadrick7903@gmail.com, NereidaTruman9016@gmail.com, HipolitoRowlands4929@gmail.com, PorterMarcinkowski6594@gmail.com, BonnyForester7950@gmail.com, RuthaCrotty1764@gmail.com, DamionWysocki9147@gmail.com, ColtonMoschella8698@gmail.com, WayneBasler6942@gmail.com, JoyaBristol1484@gmail.com, NeidaVartanian0848@gmail.com, EllieDuca1079@gmail.com, AdelaSlusher1773@gmail.com, DaniellNicklas8998@gmail.com, JammieRapp6294@gmail.com, BessHugo8379@gmail.com, MarlinHolm9186@gmail.com, MignonCarnes1909@gmail.com, CareyBaley9974@gmail.com, DaniStroop2632@gmail.com, MaddieMccusker6382@gmail.com, HerschelSena4741@gmail.com, OraSuddeth1307@gmail.com, TedBroome1787@gmail.com, BirgitMcglade6409@gmail.com, HeidiPoplawski3633@gmail.com, CarmenIreland5525@gmail.com, NeliaAbrams8620@gmail.com, AdanCarden9027@gmail.com, LeannaMazer1235@gmail.com, ElzaAumick8395@gmail.com, TerenceGrothe7967@gmail.com, AlphaHundley6257@gmail.com, ScotHollis8426@gmail.com, MarcelinaKoger3137@gmail.com, NaomaWhitman5530@gmail.com, AlfrediaSemon0100@gmail.com, MiyokoPinto5432@gmail.com, IsauraMorton9001@gmail.com, LeiaAmico4089@gmail.com, SimonPolinsky7978@gmail.com, YulandaMarsden6146@gmail.com, ChloeFlorey0182@gmail.com, BerniceCorcoran1154@gmail.com, ChristineParkinson6954@gmail.com, MarlysMatteson1945@gmail.com, EstellaLavallie2298@gmail.com, MadieBhatti9814@gmail.com, ElwoodCortez5872@gmail.com, SanjuanitaBrotzman9707@gmail.com, CelesteMahmood5635@gmail.com, FlorHallock7282@gmail.com, BrigitteRahm2391@gmail.com, CorazonBohan2879@gmail.com, CynthiaGines6711@gmail.com, NobleKrom2799@gmail.com, RosalindDaniele3014@gmail.com, MargaretaKu9884@gmail.com, SherrieRivero5899@gmail.com, MandiSwartwood6426@gmail.com, RickyLatimer5417@gmail.com, ClaraVillegas9775@gmail.com, TyroneAntonio7136@gmail.com, NelleGoodlow2877@gmail.com, YeseniaTillett4254@gmail.com, LynellLando8106@gmail.com, LoreenMorel1989@gmail.com, ValentinaNitti1092@gmail.com, CaraRakowski1097@gmail.com, SilasChickering2101@gmail.com, MargueriteSchuman2081@gmail.com, ThuyDecamp9430@gmail.com, RufusHanshaw6825@gmail.com, IrmaEncarnacion2873@gmail.com, LeomaMazzei2034@gmail.com, LateshaMarini8611@gmail.com, ParkerForrest2558@gmail.com, JedFrazier6088@gmail.com, KimiSavard3616@gmail.com, LashayFranz1318@gmail.com]
17:54:39.423 [main] INFO api.AvailableMembersApi - Validating members for Survey ID: 59
17:54:39.425 [main] INFO api.AvailableMembersApi - Received response for survey ID 60: Status Code = 200
17:54:39.431 [main] INFO api.AvailableMembersApi - Available emails for survey ID 60: [MalissaArn0202@gmail.com, YeseniaConte8292@gmail.com, MeghannFollowell6036@gmail.com, LeeHarlow6738@gmail.com, SalvatoreMonico6748@gmail.com, SunshineFocht0017@gmail.com, DainaMaine1358@gmail.com, OraHousand6876@gmail.com, GregoryLucchesi4579@gmail.com, DrucillaWilhelm1088@gmail.com, JaquelynLevett2862@gmail.com, MarikoHadfield9920@gmail.com, JanitaStroman5652@gmail.com, MargaritoDerringer6053@gmail.com, SheritaArispe4106@gmail.com, EverettNorthup7669@gmail.com, MicahShirley0805@gmail.com, CarolinBlauser7632@gmail.com, ChereGamino1550@gmail.com, FletaGiampaolo3754@gmail.com, CleotildeMcmiller8058@gmail.com, SaraiMorelli9034@gmail.com, JeffryDynes1098@gmail.com, VerniceSoto3260@gmail.com, ElnaPhelan2540@gmail.com, TemikaHuth9411@gmail.com, AdriannaFentress5065@gmail.com, TaynaRey4852@gmail.com, IkeClink7071@gmail.com, GaynellCroce7702@gmail.com, DarlenaFarrington7903@gmail.com, CherrylCarolina2273@gmail.com, ZoeSolar4260@gmail.com, AnjanetteKrupp7724@gmail.com, JanieceSilvernail2745@gmail.com, IveyBuskey1353@gmail.com, ElaneMartinelli1121@gmail.com, RachellAnkrom0998@gmail.com, KylaKays1591@gmail.com, AltonSmedley5432@gmail.com, VoncileHayner2281@gmail.com, BebeLehmkuhl5703@gmail.com, InellRuoff2731@gmail.com, OnitaHolloway7718@gmail.com, NormanCastilleja4018@gmail.com, DelmarTourville5884@gmail.com, AudryBerends0895@gmail.com, ZoraidaFaulkner5026@gmail.com, KelleeMaddy6483@gmail.com, MarylandBenedict6434@gmail.com, MirthaConine8554@gmail.com, KristinPonton2734@gmail.com, FlossiePangburn4203@gmail.com, YukoSteffes9115@gmail.com, DixieDarsey7418@gmail.com, KendrickPreston8153@gmail.com, CariPizzo2637@gmail.com, EllamaeTallon2542@gmail.com, AbbieKreidler2527@gmail.com, DustinArterburn6055@gmail.com, CatriceLenton4273@gmail.com, LailaHoldren0317@gmail.com, JonShultis2071@gmail.com, JulianClapper5906@gmail.com, MylesCooke7867@gmail.com, RhebaCorbett1709@gmail.com, MarcelleHerzog9009@gmail.com, XochitlCalderwood5941@gmail.com, LeilaOdle4383@gmail.com, AbbyPeevy0877@gmail.com, LekishaHinnenkamp1017@gmail.com, AngeliaKeebler0114@gmail.com, JoslynKeen8547@gmail.com, VerlaBearse3879@gmail.com, CassaundraLoar9453@gmail.com, JiLamarche1348@gmail.com, LilliamMcghie9513@gmail.com, AlonaRedel2262@gmail.com, HeidiGravelle3094@gmail.com, BuckSlawson5304@gmail.com, LindsayHenline2766@gmail.com, MimiWinsor6625@gmail.com, LenaGalusha7687@gmail.com, TalishaGeise5594@gmail.com, StacieAustria9018@gmail.com, GeorgiaCincotta6796@gmail.com, CandisGapinski6348@gmail.com, CyrstalRobb5332@gmail.com, CorneliaLaney7638@gmail.com, JereRouth3497@gmail.com, ArchieBranning7218@gmail.com, TomiAthey0697@gmail.com, MathaBeard0636@gmail.com, BudMclarty0075@gmail.com, MarlanaGillard2214@gmail.com, HellenMacrae0712@gmail.com, MeaghanMacinnis5645@gmail.com, MozelleReddy3840@gmail.com, OleneLedgerwood3654@gmail.com, ShandaCromer4960@gmail.com, VeniceSherry5610@gmail.com, RonCopher9843@gmail.com, ArmindaValentino6586@gmail.com, CarolannBronson4617@gmail.com, CharlynHaggerty1577@gmail.com, IsaacLinebaugh9546@gmail.com, ElbaFarr1276@gmail.com, AngelikaMarch9925@gmail.com, TylerGalbraith9779@gmail.com, LuisaOhm6420@gmail.com, BetteCarlos5624@gmail.com, RoccoBlubaugh1914@gmail.com, AlexandriaJantz3467@gmail.com, WinstonHemby7253@gmail.com, AnamariaHeadrick7903@gmail.com, NereidaTruman9016@gmail.com, HipolitoRowlands4929@gmail.com, PorterMarcinkowski6594@gmail.com, BonnyForester7950@gmail.com, RuthaCrotty1764@gmail.com, DamionWysocki9147@gmail.com, ColtonMoschella8698@gmail.com, WayneBasler6942@gmail.com, JoieSly5758@gmail.com, ChasArline0812@gmail.com, JoyaBristol1484@gmail.com, NeidaVartanian0848@gmail.com, EllieDuca1079@gmail.com, AdelaSlusher1773@gmail.com, DaniellNicklas8998@gmail.com, JammieRapp6294@gmail.com, BessHugo8379@gmail.com, MarlinHolm9186@gmail.com, MignonCarnes1909@gmail.com, CareyBaley9974@gmail.com, DaniStroop2632@gmail.com, MaddieMccusker6382@gmail.com, HerschelSena4741@gmail.com, OraSuddeth1307@gmail.com, TedBroome1787@gmail.com, BirgitMcglade6409@gmail.com, HeidiPoplawski3633@gmail.com, CarmenIreland5525@gmail.com, NeliaAbrams8620@gmail.com, AdanCarden9027@gmail.com, LeannaMazer1235@gmail.com, KeshaShoop3740@gmail.com, ElzaAumick8395@gmail.com, TerenceGrothe7967@gmail.com, JazmineMccolley4132@gmail.com, AlphaHundley6257@gmail.com, ScotHollis8426@gmail.com, MarcelinaKoger3137@gmail.com, NaomaWhitman5530@gmail.com, AlfrediaSemon0100@gmail.com, MiyokoPinto5432@gmail.com, IsauraMorton9001@gmail.com, LeiaAmico4089@gmail.com, SimonPolinsky7978@gmail.com, YulandaMarsden6146@gmail.com, ChloeFlorey0182@gmail.com, BerniceCorcoran1154@gmail.com, ChristineParkinson6954@gmail.com, MarlysMatteson1945@gmail.com, EstellaLavallie2298@gmail.com, ElwoodCortez5872@gmail.com, SanjuanitaBrotzman9707@gmail.com, CelesteMahmood5635@gmail.com, FlorHallock7282@gmail.com, BrigitteRahm2391@gmail.com, CorazonBohan2879@gmail.com, CynthiaGines6711@gmail.com, NobleKrom2799@gmail.com, RosalindDaniele3014@gmail.com, MargaretaKu9884@gmail.com, SherrieRivero5899@gmail.com, MandiSwartwood6426@gmail.com, RickyLatimer5417@gmail.com, ClaraVillegas9775@gmail.com, TyroneAntonio7136@gmail.com, NoahDeppen5278@gmail.com, NelleGoodlow2877@gmail.com, YeseniaTillett4254@gmail.com, LynellLando8106@gmail.com, LoreenMorel1989@gmail.com, ValentinaNitti1092@gmail.com, CaraRakowski1097@gmail.com, SilasChickering2101@gmail.com, MargueriteSchuman2081@gmail.com, ThuyDecamp9430@gmail.com, RufusHanshaw6825@gmail.com, IrmaEncarnacion2873@gmail.com, LeomaMazzei2034@gmail.com, LateshaMarini8611@gmail.com, MallorySegarra2903@gmail.com, TorrieHarnois1022@gmail.com, ParkerForrest2558@gmail.com, JedFrazier6088@gmail.com, KimiSavard3616@gmail.com, LashayFranz1318@gmail.com]
17:54:39.431 [main] INFO api.AvailableMembersApi - Validating members for Survey ID: 60
17:54:39.432 [main] INFO api.AvailableMembersApi - Received response for survey ID 61: Status Code = 200
17:54:39.438 [main] INFO api.AvailableMembersApi - Available emails for survey ID 61: [MalissaArn0202@gmail.com, TeriVillalobos6990@gmail.com, YeseniaConte8292@gmail.com, MeghannFollowell6036@gmail.com, LeeHarlow6738@gmail.com, SalvatoreMonico6748@gmail.com, DainaMaine1358@gmail.com, TasiaMerritt2498@gmail.com, JaquelynLevett2862@gmail.com, MarikoHadfield9920@gmail.com, JanitaStroman5652@gmail.com, MargaritoDerringer6053@gmail.com, SheritaArispe4106@gmail.com, EverettNorthup7669@gmail.com, WilhelminaHibdon9677@gmail.com, CarolinBlauser7632@gmail.com, LylaAlmanza0199@gmail.com, ChereGamino1550@gmail.com, FletaGiampaolo3754@gmail.com, CleotildeMcmiller8058@gmail.com, SaraiMorelli9034@gmail.com, LashandaAbbott9174@gmail.com, JeffryDynes1098@gmail.com, VerniceSoto3260@gmail.com, ElnaPhelan2540@gmail.com, TemikaHuth9411@gmail.com, AdriannaFentress5065@gmail.com, TaynaRey4852@gmail.com, IkeClink7071@gmail.com, GaynellCroce7702@gmail.com, DarlenaFarrington7903@gmail.com, CherrylCarolina2273@gmail.com, ZoeSolar4260@gmail.com, AnjanetteKrupp7724@gmail.com, JanieceSilvernail2745@gmail.com, IveyBuskey1353@gmail.com, ViolaBlackstock8664@gmail.com, ElaneMartinelli1121@gmail.com, RachellAnkrom0998@gmail.com, KylaKays1591@gmail.com, AltonSmedley5432@gmail.com, VoncileHayner2281@gmail.com, BebeLehmkuhl5703@gmail.com, InellRuoff2731@gmail.com, OnitaHolloway7718@gmail.com, NormanCastilleja4018@gmail.com, DelmarTourville5884@gmail.com, AudryBerends0895@gmail.com, ZoraidaFaulkner5026@gmail.com, KelleeMaddy6483@gmail.com, JoDettman4460@gmail.com, RosanneTrezza7663@gmail.com, MarylandBenedict6434@gmail.com, MirthaConine8554@gmail.com, KristinPonton2734@gmail.com, FlossiePangburn4203@gmail.com, YukoSteffes9115@gmail.com, DixieDarsey7418@gmail.com, KendrickPreston8153@gmail.com, CariPizzo2637@gmail.com, EllamaeTallon2542@gmail.com, AbbieKreidler2527@gmail.com, DustinArterburn6055@gmail.com, CatriceLenton4273@gmail.com, LailaHoldren0317@gmail.com, JonShultis2071@gmail.com, JulianClapper5906@gmail.com, MylesCooke7867@gmail.com, RhebaCorbett1709@gmail.com, MarcelleHerzog9009@gmail.com, XochitlCalderwood5941@gmail.com, LeilaOdle4383@gmail.com, AbbyPeevy0877@gmail.com, JarvisMillar3472@gmail.com, LekishaHinnenkamp1017@gmail.com, AngeliaKeebler0114@gmail.com, ClementinaGormley2089@gmail.com, JoslynKeen8547@gmail.com, VerlaBearse3879@gmail.com, CassaundraLoar9453@gmail.com, JiLamarche1348@gmail.com, LilliamMcghie9513@gmail.com, AlonaRedel2262@gmail.com, HeidiGravelle3094@gmail.com, BuckSlawson5304@gmail.com, LindsayHenline2766@gmail.com, MimiWinsor6625@gmail.com, MaxineClauson3939@gmail.com, LenaGalusha7687@gmail.com, TalishaGeise5594@gmail.com, StacieAustria9018@gmail.com, GeorgiaCincotta6796@gmail.com, CandisGapinski6348@gmail.com, CyrstalRobb5332@gmail.com, CorneliaLaney7638@gmail.com, JereRouth3497@gmail.com, ArchieBranning7218@gmail.com, TomiAthey0697@gmail.com, MathaBeard0636@gmail.com, BudMclarty0075@gmail.com, MarlanaGillard2214@gmail.com, ElvisLeatherwood1278@gmail.com, HellenMacrae0712@gmail.com, MeaghanMacinnis5645@gmail.com, LezlieLuckey7094@gmail.com, MozelleReddy3840@gmail.com, OleneLedgerwood3654@gmail.com, ShandaCromer4960@gmail.com, RonCopher9843@gmail.com, CarolannBronson4617@gmail.com, CharlynHaggerty1577@gmail.com, ElbaFarr1276@gmail.com, AngelikaMarch9925@gmail.com, TylerGalbraith9779@gmail.com, MarylynnChauvin4173@gmail.com, LuisaOhm6420@gmail.com, BetteCarlos5624@gmail.com, RoccoBlubaugh1914@gmail.com, AlexandriaJantz3467@gmail.com, WinstonHemby7253@gmail.com, TamiJepson8335@gmail.com, AnamariaHeadrick7903@gmail.com, NereidaTruman9016@gmail.com, HipolitoRowlands4929@gmail.com, PorterMarcinkowski6594@gmail.com, BonnyForester7950@gmail.com, RuthaCrotty1764@gmail.com, DamionWysocki9147@gmail.com, ColtonMoschella8698@gmail.com, WayneBasler6942@gmail.com, JoieSly5758@gmail.com, TakishaDemo0463@gmail.com, ChasArline0812@gmail.com, JoyaBristol1484@gmail.com, NeidaVartanian0848@gmail.com, EllieDuca1079@gmail.com, AdelaSlusher1773@gmail.com, DaniellNicklas8998@gmail.com, JammieRapp6294@gmail.com, BessHugo8379@gmail.com, MarlinHolm9186@gmail.com, MignonCarnes1909@gmail.com, CareyBaley9974@gmail.com, DaniStroop2632@gmail.com, MaddieMccusker6382@gmail.com, HerschelSena4741@gmail.com, OraSuddeth1307@gmail.com, TedBroome1787@gmail.com, BirgitMcglade6409@gmail.com, HeidiPoplawski3633@gmail.com, CarmenIreland5525@gmail.com, NeliaAbrams8620@gmail.com, AdanCarden9027@gmail.com, KeshaShoop3740@gmail.com, ElzaAumick8395@gmail.com, TerenceGrothe7967@gmail.com, MarkitaBrymer7321@gmail.com, JazmineMccolley4132@gmail.com, AlphaHundley6257@gmail.com, MarcelinaKoger3137@gmail.com, NaomaWhitman5530@gmail.com, MiyokoPinto5432@gmail.com, IsauraMorton9001@gmail.com, LeiaAmico4089@gmail.com, SimonPolinsky7978@gmail.com, YulandaMarsden6146@gmail.com, ChloeFlorey0182@gmail.com, ChristineParkinson6954@gmail.com, MarlysMatteson1945@gmail.com, EstellaLavallie2298@gmail.com, MadieBhatti9814@gmail.com, DelphaTharrington9888@gmail.com, ElwoodCortez5872@gmail.com, SanjuanitaBrotzman9707@gmail.com, CelesteMahmood5635@gmail.com, FlorHallock7282@gmail.com, BrigitteRahm2391@gmail.com, CorazonBohan2879@gmail.com, CynthiaGines6711@gmail.com, NobleKrom2799@gmail.com, RosalindDaniele3014@gmail.com, MargaretaKu9884@gmail.com, SherrieRivero5899@gmail.com, MandiSwartwood6426@gmail.com, ClaraVillegas9775@gmail.com, TyroneAntonio7136@gmail.com, NoahDeppen5278@gmail.com, NelleGoodlow2877@gmail.com, YeseniaTillett4254@gmail.com, LynellLando8106@gmail.com, LoreenMorel1989@gmail.com, ValentinaNitti1092@gmail.com, CaraRakowski1097@gmail.com, SilasChickering2101@gmail.com, MargueriteSchuman2081@gmail.com, ThuyDecamp9430@gmail.com, IanReising1886@gmail.com, RufusHanshaw6825@gmail.com, IrmaEncarnacion2873@gmail.com, LeomaMazzei2034@gmail.com, LateshaMarini8611@gmail.com, MallorySegarra2903@gmail.com, TorrieHarnois1022@gmail.com, ParkerForrest2558@gmail.com, JedFrazier6088@gmail.com, KimiSavard3616@gmail.com, LashayFranz1318@gmail.com]
17:54:39.438 [main] INFO api.AvailableMembersApi - Validating members for Survey ID: 61
17:54:39.440 [main] INFO api.AvailableMembersApi - Received response for survey ID 62: Status Code = 200
17:54:39.447 [main] INFO api.AvailableMembersApi - Available emails for survey ID 62: [MalissaArn0202@gmail.com, YeseniaConte8292@gmail.com, LeeHarlow6738@gmail.com, SalvatoreMonico6748@gmail.com, SunshineFocht0017@gmail.com, DainaMaine1358@gmail.com, OraHousand6876@gmail.com, TasiaMerritt2498@gmail.com, GregoryLucchesi4579@gmail.com, JaquelynLevett2862@gmail.com, MarikoHadfield9920@gmail.com, JanitaStroman5652@gmail.com, MargaritoDerringer6053@gmail.com, SheritaArispe4106@gmail.com, EverettNorthup7669@gmail.com, MicahShirley0805@gmail.com, WilhelminaHibdon9677@gmail.com, CarolinBlauser7632@gmail.com, LylaAlmanza0199@gmail.com, FletaGiampaolo3754@gmail.com, CleotildeMcmiller8058@gmail.com, LashandaAbbott9174@gmail.com, JeffryDynes1098@gmail.com, VerniceSoto3260@gmail.com, ElnaPhelan2540@gmail.com, TemikaHuth9411@gmail.com, AdriannaFentress5065@gmail.com, TaynaRey4852@gmail.com, IkeClink7071@gmail.com, DarlenaFarrington7903@gmail.com, ZoeSolar4260@gmail.com, AnjanetteKrupp7724@gmail.com, JanieceSilvernail2745@gmail.com, IveyBuskey1353@gmail.com, ViolaBlackstock8664@gmail.com, ElaneMartinelli1121@gmail.com, RachellAnkrom0998@gmail.com, KylaKays1591@gmail.com, AltonSmedley5432@gmail.com, VoncileHayner2281@gmail.com, BebeLehmkuhl5703@gmail.com, InellRuoff2731@gmail.com, OnitaHolloway7718@gmail.com, NormanCastilleja4018@gmail.com, DelmarTourville5884@gmail.com, AudryBerends0895@gmail.com, ZoraidaFaulkner5026@gmail.com, KelleeMaddy6483@gmail.com, FlorencioMuller2772@gmail.com, JoDettman4460@gmail.com, RosanneTrezza7663@gmail.com, KristinPonton2734@gmail.com, YukoSteffes9115@gmail.com, DixieDarsey7418@gmail.com, KendrickPreston8153@gmail.com, CariPizzo2637@gmail.com, AbbieKreidler2527@gmail.com, DustinArterburn6055@gmail.com, CatriceLenton4273@gmail.com, LailaHoldren0317@gmail.com, YangSoriano2861@gmail.com, JonShultis2071@gmail.com, JulianClapper5906@gmail.com, MylesCooke7867@gmail.com, RhebaCorbett1709@gmail.com, MarcelleHerzog9009@gmail.com, XochitlCalderwood5941@gmail.com, LeilaOdle4383@gmail.com, AbbyPeevy0877@gmail.com, JarvisMillar3472@gmail.com, LekishaHinnenkamp1017@gmail.com, AngeliaKeebler0114@gmail.com, ClementinaGormley2089@gmail.com, JoslynKeen8547@gmail.com, VerlaBearse3879@gmail.com, JiLamarche1348@gmail.com, LilliamMcghie9513@gmail.com, AlonaRedel2262@gmail.com, HeidiGravelle3094@gmail.com, BuckSlawson5304@gmail.com, LindsayHenline2766@gmail.com, MimiWinsor6625@gmail.com, MaxineClauson3939@gmail.com, LenaGalusha7687@gmail.com, TalishaGeise5594@gmail.com, StacieAustria9018@gmail.com, CandisGapinski6348@gmail.com, CyrstalRobb5332@gmail.com, CorneliaLaney7638@gmail.com, JereRouth3497@gmail.com, ArchieBranning7218@gmail.com, TomiAthey0697@gmail.com, MathaBeard0636@gmail.com, BudMclarty0075@gmail.com, MarlanaGillard2214@gmail.com, HellenMacrae0712@gmail.com, LezlieLuckey7094@gmail.com, OleneLedgerwood3654@gmail.com, ShandaCromer4960@gmail.com, VeniceSherry5610@gmail.com, RonCopher9843@gmail.com, ArmindaValentino6586@gmail.com, CarolannBronson4617@gmail.com, CharlynHaggerty1577@gmail.com, IsaacLinebaugh9546@gmail.com, ElbaFarr1276@gmail.com, AngelikaMarch9925@gmail.com, TylerGalbraith9779@gmail.com, MarylynnChauvin4173@gmail.com, BetteCarlos5624@gmail.com, RoccoBlubaugh1914@gmail.com, AlexandriaJantz3467@gmail.com, WinstonHemby7253@gmail.com, TamiJepson8335@gmail.com, AnamariaHeadrick7903@gmail.com, NereidaTruman9016@gmail.com, HipolitoRowlands4929@gmail.com, BonnyForester7950@gmail.com, RuthaCrotty1764@gmail.com, DamionWysocki9147@gmail.com, ColtonMoschella8698@gmail.com, WayneBasler6942@gmail.com, JoieSly5758@gmail.com, TakishaDemo0463@gmail.com, ChasArline0812@gmail.com, JoyaBristol1484@gmail.com, NeidaVartanian0848@gmail.com, EllieDuca1079@gmail.com, AdelaSlusher1773@gmail.com, DaniellNicklas8998@gmail.com, JammieRapp6294@gmail.com, BessHugo8379@gmail.com, MarlinHolm9186@gmail.com, MignonCarnes1909@gmail.com, CareyBaley9974@gmail.com, DaniStroop2632@gmail.com, HerschelSena4741@gmail.com, OraSuddeth1307@gmail.com, TedBroome1787@gmail.com, BirgitMcglade6409@gmail.com, HeidiPoplawski3633@gmail.com, CarmenIreland5525@gmail.com, NeliaAbrams8620@gmail.com, LeannaMazer1235@gmail.com, KeshaShoop3740@gmail.com, TerenceGrothe7967@gmail.com, MarkitaBrymer7321@gmail.com, JazmineMccolley4132@gmail.com, AlphaHundley6257@gmail.com, ScotHollis8426@gmail.com, MarcelinaKoger3137@gmail.com, NaomaWhitman5530@gmail.com, MiyokoPinto5432@gmail.com, IsauraMorton9001@gmail.com, LeiaAmico4089@gmail.com, SimonPolinsky7978@gmail.com, ChloeFlorey0182@gmail.com, BerniceCorcoran1154@gmail.com, ChristineParkinson6954@gmail.com, MarlysMatteson1945@gmail.com, EstellaLavallie2298@gmail.com, MadieBhatti9814@gmail.com, DelphaTharrington9888@gmail.com, ElwoodCortez5872@gmail.com, SanjuanitaBrotzman9707@gmail.com, CelesteMahmood5635@gmail.com, FlorHallock7282@gmail.com, BrigitteRahm2391@gmail.com, CorazonBohan2879@gmail.com, CynthiaGines6711@gmail.com, NobleKrom2799@gmail.com, RosalindDaniele3014@gmail.com, MargaretaKu9884@gmail.com, SherrieRivero5899@gmail.com, MandiSwartwood6426@gmail.com, RickyLatimer5417@gmail.com, ClaraVillegas9775@gmail.com, TyroneAntonio7136@gmail.com, NelleGoodlow2877@gmail.com, YeseniaTillett4254@gmail.com, LoreenMorel1989@gmail.com, ValentinaNitti1092@gmail.com, CaraRakowski1097@gmail.com, SilasChickering2101@gmail.com, MargueriteSchuman2081@gmail.com, ThuyDecamp9430@gmail.com, IanReising1886@gmail.com, RufusHanshaw6825@gmail.com, IrmaEncarnacion2873@gmail.com, LeomaMazzei2034@gmail.com, LateshaMarini8611@gmail.com, MallorySegarra2903@gmail.com, JedFrazier6088@gmail.com, LashayFranz1318@gmail.com]
17:54:39.447 [main] INFO api.AvailableMembersApi - Validating members for Survey ID: 62
17:54:39.449 [main] INFO api.AvailableMembersApi - Received response for survey ID 63: Status Code = 200
17:54:39.455 [main] INFO api.AvailableMembersApi - Available emails for survey ID 63: [MalissaArn0202@gmail.com, TeriVillalobos6990@gmail.com, YeseniaConte8292@gmail.com, MeghannFollowell6036@gmail.com, SalvatoreMonico6748@gmail.com, SunshineFocht0017@gmail.com, DainaMaine1358@gmail.com, OraHousand6876@gmail.com, TasiaMerritt2498@gmail.com, GregoryLucchesi4579@gmail.com, DrucillaWilhelm1088@gmail.com, JaquelynLevett2862@gmail.com, MarikoHadfield9920@gmail.com, JanitaStroman5652@gmail.com, MargaritoDerringer6053@gmail.com, EverettNorthup7669@gmail.com, WilhelminaHibdon9677@gmail.com, CarolinBlauser7632@gmail.com, LylaAlmanza0199@gmail.com, ChereGamino1550@gmail.com, FletaGiampaolo3754@gmail.com, CleotildeMcmiller8058@gmail.com, SaraiMorelli9034@gmail.com, LashandaAbbott9174@gmail.com, JeffryDynes1098@gmail.com, VerniceSoto3260@gmail.com, ElnaPhelan2540@gmail.com, TemikaHuth9411@gmail.com, AdriannaFentress5065@gmail.com, TaynaRey4852@gmail.com, GaynellCroce7702@gmail.com, DarlenaFarrington7903@gmail.com, ZoeSolar4260@gmail.com, AnjanetteKrupp7724@gmail.com, JanieceSilvernail2745@gmail.com, IveyBuskey1353@gmail.com, ViolaBlackstock8664@gmail.com, ElaneMartinelli1121@gmail.com, RachellAnkrom0998@gmail.com, KylaKays1591@gmail.com, AltonSmedley5432@gmail.com, BebeLehmkuhl5703@gmail.com, InellRuoff2731@gmail.com, OnitaHolloway7718@gmail.com, NormanCastilleja4018@gmail.com, DelmarTourville5884@gmail.com, ZoraidaFaulkner5026@gmail.com, KelleeMaddy6483@gmail.com, FlorencioMuller2772@gmail.com, JoDettman4460@gmail.com, RosanneTrezza7663@gmail.com, MarylandBenedict6434@gmail.com, MirthaConine8554@gmail.com, KristinPonton2734@gmail.com, FlossiePangburn4203@gmail.com, YukoSteffes9115@gmail.com, DixieDarsey7418@gmail.com, KendrickPreston8153@gmail.com, CariPizzo2637@gmail.com, EllamaeTallon2542@gmail.com, AbbieKreidler2527@gmail.com, DustinArterburn6055@gmail.com, CatriceLenton4273@gmail.com, LailaHoldren0317@gmail.com, YangSoriano2861@gmail.com, JonShultis2071@gmail.com, JulianClapper5906@gmail.com, MylesCooke7867@gmail.com, RhebaCorbett1709@gmail.com, MarcelleHerzog9009@gmail.com, XochitlCalderwood5941@gmail.com, LeilaOdle4383@gmail.com, AbbyPeevy0877@gmail.com, LekishaHinnenkamp1017@gmail.com, ClementinaGormley2089@gmail.com, JoslynKeen8547@gmail.com, VerlaBearse3879@gmail.com, CassaundraLoar9453@gmail.com, JiLamarche1348@gmail.com, LilliamMcghie9513@gmail.com, AlonaRedel2262@gmail.com, HeidiGravelle3094@gmail.com, BuckSlawson5304@gmail.com, LindsayHenline2766@gmail.com, MimiWinsor6625@gmail.com, MaxineClauson3939@gmail.com, LenaGalusha7687@gmail.com, TalishaGeise5594@gmail.com, StacieAustria9018@gmail.com, GeorgiaCincotta6796@gmail.com, CandisGapinski6348@gmail.com, CyrstalRobb5332@gmail.com, CorneliaLaney7638@gmail.com, JereRouth3497@gmail.com, ArchieBranning7218@gmail.com, TomiAthey0697@gmail.com, MathaBeard0636@gmail.com, BudMclarty0075@gmail.com, MarlanaGillard2214@gmail.com, ElvisLeatherwood1278@gmail.com, HellenMacrae0712@gmail.com, MeaghanMacinnis5645@gmail.com, LezlieLuckey7094@gmail.com, MozelleReddy3840@gmail.com, OleneLedgerwood3654@gmail.com, ShandaCromer4960@gmail.com, VeniceSherry5610@gmail.com, RonCopher9843@gmail.com, ArmindaValentino6586@gmail.com, CarolannBronson4617@gmail.com, CharlynHaggerty1577@gmail.com, IsaacLinebaugh9546@gmail.com, ElbaFarr1276@gmail.com, AngelikaMarch9925@gmail.com, TylerGalbraith9779@gmail.com, MarylynnChauvin4173@gmail.com, LuisaOhm6420@gmail.com, BetteCarlos5624@gmail.com, RoccoBlubaugh1914@gmail.com, AlexandriaJantz3467@gmail.com, WinstonHemby7253@gmail.com, TamiJepson8335@gmail.com, AnamariaHeadrick7903@gmail.com, NereidaTruman9016@gmail.com, HipolitoRowlands4929@gmail.com, PorterMarcinkowski6594@gmail.com, BonnyForester7950@gmail.com, RuthaCrotty1764@gmail.com, DamionWysocki9147@gmail.com, ColtonMoschella8698@gmail.com, WayneBasler6942@gmail.com, JoieSly5758@gmail.com, TakishaDemo0463@gmail.com, ChasArline0812@gmail.com, NeidaVartanian0848@gmail.com, EllieDuca1079@gmail.com, AdelaSlusher1773@gmail.com, DaniellNicklas8998@gmail.com, JammieRapp6294@gmail.com, BessHugo8379@gmail.com, MignonCarnes1909@gmail.com, CareyBaley9974@gmail.com, DaniStroop2632@gmail.com, MaddieMccusker6382@gmail.com, HerschelSena4741@gmail.com, OraSuddeth1307@gmail.com, TedBroome1787@gmail.com, HeidiPoplawski3633@gmail.com, CarmenIreland5525@gmail.com, NeliaAbrams8620@gmail.com, AdanCarden9027@gmail.com, LeannaMazer1235@gmail.com, KeshaShoop3740@gmail.com, ElzaAumick8395@gmail.com, TerenceGrothe7967@gmail.com, MarkitaBrymer7321@gmail.com, JazmineMccolley4132@gmail.com, AlphaHundley6257@gmail.com, ScotHollis8426@gmail.com, MarcelinaKoger3137@gmail.com, AlfrediaSemon0100@gmail.com, MiyokoPinto5432@gmail.com, LeiaAmico4089@gmail.com, YulandaMarsden6146@gmail.com, BerniceCorcoran1154@gmail.com, MarlysMatteson1945@gmail.com, EstellaLavallie2298@gmail.com, MadieBhatti9814@gmail.com, DelphaTharrington9888@gmail.com, ElwoodCortez5872@gmail.com, SanjuanitaBrotzman9707@gmail.com, CelesteMahmood5635@gmail.com, FlorHallock7282@gmail.com, BrigitteRahm2391@gmail.com, CorazonBohan2879@gmail.com, CynthiaGines6711@gmail.com, NobleKrom2799@gmail.com, RosalindDaniele3014@gmail.com, MargaretaKu9884@gmail.com, SherrieRivero5899@gmail.com, MandiSwartwood6426@gmail.com, RickyLatimer5417@gmail.com, ClaraVillegas9775@gmail.com, TyroneAntonio7136@gmail.com, NoahDeppen5278@gmail.com, NelleGoodlow2877@gmail.com, LynellLando8106@gmail.com, LoreenMorel1989@gmail.com, CaraRakowski1097@gmail.com, SilasChickering2101@gmail.com, ThuyDecamp9430@gmail.com, IanReising1886@gmail.com, RufusHanshaw6825@gmail.com, IrmaEncarnacion2873@gmail.com, LeomaMazzei2034@gmail.com, LateshaMarini8611@gmail.com, MallorySegarra2903@gmail.com, TorrieHarnois1022@gmail.com, ParkerForrest2558@gmail.com, JedFrazier6088@gmail.com, KimiSavard3616@gmail.com, LashayFranz1318@gmail.com]
17:54:39.455 [main] INFO api.AvailableMembersApi - Validating members for Survey ID: 63
17:54:39.456 [main] INFO api.AvailableMembersApi - Received response for survey ID 64: Status Code = 200
17:54:39.462 [main] INFO api.AvailableMembersApi - Available emails for survey ID 64: [MalissaArn0202@gmail.com, TeriVillalobos6990@gmail.com, LeeHarlow6738@gmail.com, SalvatoreMonico6748@gmail.com, SunshineFocht0017@gmail.com, DainaMaine1358@gmail.com, OraHousand6876@gmail.com, GregoryLucchesi4579@gmail.com, DrucillaWilhelm1088@gmail.com, JaquelynLevett2862@gmail.com, MarikoHadfield9920@gmail.com, JanitaStroman5652@gmail.com, MargaritoDerringer6053@gmail.com, EverettNorthup7669@gmail.com, MicahShirley0805@gmail.com, WilhelminaHibdon9677@gmail.com, LylaAlmanza0199@gmail.com, ChereGamino1550@gmail.com, FletaGiampaolo3754@gmail.com, CleotildeMcmiller8058@gmail.com, SaraiMorelli9034@gmail.com, LashandaAbbott9174@gmail.com, JeffryDynes1098@gmail.com, ElnaPhelan2540@gmail.com, TemikaHuth9411@gmail.com, AdriannaFentress5065@gmail.com, TaynaRey4852@gmail.com, IkeClink7071@gmail.com, GaynellCroce7702@gmail.com, DarlenaFarrington7903@gmail.com, CherrylCarolina2273@gmail.com, ZoeSolar4260@gmail.com, AnjanetteKrupp7724@gmail.com, JanieceSilvernail2745@gmail.com, IveyBuskey1353@gmail.com, ViolaBlackstock8664@gmail.com, ElaneMartinelli1121@gmail.com, RachellAnkrom0998@gmail.com, AltonSmedley5432@gmail.com, VoncileHayner2281@gmail.com, BebeLehmkuhl5703@gmail.com, InellRuoff2731@gmail.com, OnitaHolloway7718@gmail.com, NormanCastilleja4018@gmail.com, DelmarTourville5884@gmail.com, AudryBerends0895@gmail.com, ZoraidaFaulkner5026@gmail.com, KelleeMaddy6483@gmail.com, JoDettman4460@gmail.com, RosanneTrezza7663@gmail.com, MarylandBenedict6434@gmail.com, MirthaConine8554@gmail.com, KristinPonton2734@gmail.com, FlossiePangburn4203@gmail.com, DixieDarsey7418@gmail.com, KendrickPreston8153@gmail.com, CariPizzo2637@gmail.com, EllamaeTallon2542@gmail.com, AbbieKreidler2527@gmail.com, DustinArterburn6055@gmail.com, CatriceLenton4273@gmail.com, YangSoriano2861@gmail.com, JonShultis2071@gmail.com, JulianClapper5906@gmail.com, MylesCooke7867@gmail.com, RhebaCorbett1709@gmail.com, MarcelleHerzog9009@gmail.com, XochitlCalderwood5941@gmail.com, LeilaOdle4383@gmail.com, AbbyPeevy0877@gmail.com, JarvisMillar3472@gmail.com, LekishaHinnenkamp1017@gmail.com, AngeliaKeebler0114@gmail.com, ClementinaGormley2089@gmail.com, JoslynKeen8547@gmail.com, VerlaBearse3879@gmail.com, CassaundraLoar9453@gmail.com, JiLamarche1348@gmail.com, LilliamMcghie9513@gmail.com, AlonaRedel2262@gmail.com, LindsayHenline2766@gmail.com, MimiWinsor6625@gmail.com, MaxineClauson3939@gmail.com, LenaGalusha7687@gmail.com, TalishaGeise5594@gmail.com, StacieAustria9018@gmail.com, GeorgiaCincotta6796@gmail.com, CandisGapinski6348@gmail.com, CyrstalRobb5332@gmail.com, CorneliaLaney7638@gmail.com, JereRouth3497@gmail.com, ArchieBranning7218@gmail.com, TomiAthey0697@gmail.com, MathaBeard0636@gmail.com, BudMclarty0075@gmail.com, MarlanaGillard2214@gmail.com, ElvisLeatherwood1278@gmail.com, HellenMacrae0712@gmail.com, MeaghanMacinnis5645@gmail.com, LezlieLuckey7094@gmail.com, MozelleReddy3840@gmail.com, OleneLedgerwood3654@gmail.com, ShandaCromer4960@gmail.com, VeniceSherry5610@gmail.com, RonCopher9843@gmail.com, ArmindaValentino6586@gmail.com, CarolannBronson4617@gmail.com, CharlynHaggerty1577@gmail.com, IsaacLinebaugh9546@gmail.com, ElbaFarr1276@gmail.com, AngelikaMarch9925@gmail.com, TylerGalbraith9779@gmail.com, MarylynnChauvin4173@gmail.com, LuisaOhm6420@gmail.com, BetteCarlos5624@gmail.com, RoccoBlubaugh1914@gmail.com, AlexandriaJantz3467@gmail.com, WinstonHemby7253@gmail.com, TamiJepson8335@gmail.com, AnamariaHeadrick7903@gmail.com, NereidaTruman9016@gmail.com, HipolitoRowlands4929@gmail.com, BonnyForester7950@gmail.com, RuthaCrotty1764@gmail.com, DamionWysocki9147@gmail.com, WayneBasler6942@gmail.com, JoieSly5758@gmail.com, TakishaDemo0463@gmail.com, ChasArline0812@gmail.com, JoyaBristol1484@gmail.com, NeidaVartanian0848@gmail.com, EllieDuca1079@gmail.com, AdelaSlusher1773@gmail.com, DaniellNicklas8998@gmail.com, JammieRapp6294@gmail.com, BessHugo8379@gmail.com, MarlinHolm9186@gmail.com, MignonCarnes1909@gmail.com, CareyBaley9974@gmail.com, DaniStroop2632@gmail.com, MaddieMccusker6382@gmail.com, HerschelSena4741@gmail.com, OraSuddeth1307@gmail.com, TedBroome1787@gmail.com, BirgitMcglade6409@gmail.com, HeidiPoplawski3633@gmail.com, CarmenIreland5525@gmail.com, NeliaAbrams8620@gmail.com, AdanCarden9027@gmail.com, LeannaMazer1235@gmail.com, KeshaShoop3740@gmail.com, TerenceGrothe7967@gmail.com, MarkitaBrymer7321@gmail.com, JazmineMccolley4132@gmail.com, AlphaHundley6257@gmail.com, ScotHollis8426@gmail.com, MarcelinaKoger3137@gmail.com, NaomaWhitman5530@gmail.com, MiyokoPinto5432@gmail.com, IsauraMorton9001@gmail.com, LeiaAmico4089@gmail.com, SimonPolinsky7978@gmail.com, YulandaMarsden6146@gmail.com, ChloeFlorey0182@gmail.com, BerniceCorcoran1154@gmail.com, ChristineParkinson6954@gmail.com, MarlysMatteson1945@gmail.com, EstellaLavallie2298@gmail.com, MadieBhatti9814@gmail.com, DelphaTharrington9888@gmail.com, ElwoodCortez5872@gmail.com, SanjuanitaBrotzman9707@gmail.com, CelesteMahmood5635@gmail.com, BrigitteRahm2391@gmail.com, CorazonBohan2879@gmail.com, CynthiaGines6711@gmail.com, NobleKrom2799@gmail.com, SherrieRivero5899@gmail.com, MandiSwartwood6426@gmail.com, RickyLatimer5417@gmail.com, ClaraVillegas9775@gmail.com, TyroneAntonio7136@gmail.com, NoahDeppen5278@gmail.com, NelleGoodlow2877@gmail.com, YeseniaTillett4254@gmail.com, CaraRakowski1097@gmail.com, SilasChickering2101@gmail.com, MargueriteSchuman2081@gmail.com, ThuyDecamp9430@gmail.com, IanReising1886@gmail.com, RufusHanshaw6825@gmail.com, IrmaEncarnacion2873@gmail.com, LeomaMazzei2034@gmail.com, LateshaMarini8611@gmail.com, MallorySegarra2903@gmail.com, TorrieHarnois1022@gmail.com, ParkerForrest2558@gmail.com, JedFrazier6088@gmail.com, KimiSavard3616@gmail.com, LashayFranz1318@gmail.com]
17:54:39.462 [main] INFO api.AvailableMembersApi - Validating members for Survey ID: 64
17:54:39.463 [main] INFO api.AvailableMembersApi - Received response for survey ID 65: Status Code = 200
17:54:39.468 [main] INFO api.AvailableMembersApi - Available emails for survey ID 65: [MalissaArn0202@gmail.com, YeseniaConte8292@gmail.com, MeghannFollowell6036@gmail.com, SalvatoreMonico6748@gmail.com, SunshineFocht0017@gmail.com, DainaMaine1358@gmail.com, TasiaMerritt2498@gmail.com, GregoryLucchesi4579@gmail.com, DrucillaWilhelm1088@gmail.com, JaquelynLevett2862@gmail.com, MarikoHadfield9920@gmail.com, JanitaStroman5652@gmail.com, MargaritoDerringer6053@gmail.com, SheritaArispe4106@gmail.com, EverettNorthup7669@gmail.com, MicahShirley0805@gmail.com, WilhelminaHibdon9677@gmail.com, CarolinBlauser7632@gmail.com, LylaAlmanza0199@gmail.com, ChereGamino1550@gmail.com, FletaGiampaolo3754@gmail.com, SaraiMorelli9034@gmail.com, LashandaAbbott9174@gmail.com, VerniceSoto3260@gmail.com, ElnaPhelan2540@gmail.com, TemikaHuth9411@gmail.com, AdriannaFentress5065@gmail.com, IkeClink7071@gmail.com, GaynellCroce7702@gmail.com, DarlenaFarrington7903@gmail.com, ZoeSolar4260@gmail.com, AnjanetteKrupp7724@gmail.com, JanieceSilvernail2745@gmail.com, IveyBuskey1353@gmail.com, ViolaBlackstock8664@gmail.com, ElaneMartinelli1121@gmail.com, RachellAnkrom0998@gmail.com, KylaKays1591@gmail.com, AltonSmedley5432@gmail.com, VoncileHayner2281@gmail.com, BebeLehmkuhl5703@gmail.com, InellRuoff2731@gmail.com, OnitaHolloway7718@gmail.com, NormanCastilleja4018@gmail.com, DelmarTourville5884@gmail.com, AudryBerends0895@gmail.com, ZoraidaFaulkner5026@gmail.com, KelleeMaddy6483@gmail.com, FlorencioMuller2772@gmail.com, RosanneTrezza7663@gmail.com, MarylandBenedict6434@gmail.com, MirthaConine8554@gmail.com, FlossiePangburn4203@gmail.com, YukoSteffes9115@gmail.com, DixieDarsey7418@gmail.com, KendrickPreston8153@gmail.com, CariPizzo2637@gmail.com, EllamaeTallon2542@gmail.com, AbbieKreidler2527@gmail.com, DustinArterburn6055@gmail.com, CatriceLenton4273@gmail.com, LailaHoldren0317@gmail.com, YangSoriano2861@gmail.com, JulianClapper5906@gmail.com, MylesCooke7867@gmail.com, RhebaCorbett1709@gmail.com, LeilaOdle4383@gmail.com, AbbyPeevy0877@gmail.com, JarvisMillar3472@gmail.com, LekishaHinnenkamp1017@gmail.com, AngeliaKeebler0114@gmail.com, ClementinaGormley2089@gmail.com, JoslynKeen8547@gmail.com, VerlaBearse3879@gmail.com, CassaundraLoar9453@gmail.com, JiLamarche1348@gmail.com, LilliamMcghie9513@gmail.com, HeidiGravelle3094@gmail.com, BuckSlawson5304@gmail.com, LindsayHenline2766@gmail.com, MaxineClauson3939@gmail.com, LenaGalusha7687@gmail.com, TalishaGeise5594@gmail.com, GeorgiaCincotta6796@gmail.com, CandisGapinski6348@gmail.com, CyrstalRobb5332@gmail.com, CorneliaLaney7638@gmail.com, JereRouth3497@gmail.com, ArchieBranning7218@gmail.com, TomiAthey0697@gmail.com, MathaBeard0636@gmail.com, BudMclarty0075@gmail.com, MarlanaGillard2214@gmail.com, HellenMacrae0712@gmail.com, MeaghanMacinnis5645@gmail.com, LezlieLuckey7094@gmail.com, MozelleReddy3840@gmail.com, OleneLedgerwood3654@gmail.com, ShandaCromer4960@gmail.com, VeniceSherry5610@gmail.com, RonCopher9843@gmail.com, ArmindaValentino6586@gmail.com, CharlynHaggerty1577@gmail.com, IsaacLinebaugh9546@gmail.com, ElbaFarr1276@gmail.com, AngelikaMarch9925@gmail.com, TylerGalbraith9779@gmail.com, MarylynnChauvin4173@gmail.com, LuisaOhm6420@gmail.com, BetteCarlos5624@gmail.com, RoccoBlubaugh1914@gmail.com, AlexandriaJantz3467@gmail.com, WinstonHemby7253@gmail.com, TamiJepson8335@gmail.com, AnamariaHeadrick7903@gmail.com, NereidaTruman9016@gmail.com, HipolitoRowlands4929@gmail.com, PorterMarcinkowski6594@gmail.com, BonnyForester7950@gmail.com, DamionWysocki9147@gmail.com, ColtonMoschella8698@gmail.com, WayneBasler6942@gmail.com, JoieSly5758@gmail.com, TakishaDemo0463@gmail.com, ChasArline0812@gmail.com, JoyaBristol1484@gmail.com, NeidaVartanian0848@gmail.com, EllieDuca1079@gmail.com, AdelaSlusher1773@gmail.com, DaniellNicklas8998@gmail.com, JammieRapp6294@gmail.com, BessHugo8379@gmail.com, MarlinHolm9186@gmail.com, MignonCarnes1909@gmail.com, CareyBaley9974@gmail.com, DaniStroop2632@gmail.com, MaddieMccusker6382@gmail.com, HerschelSena4741@gmail.com, OraSuddeth1307@gmail.com, TedBroome1787@gmail.com, BirgitMcglade6409@gmail.com, HeidiPoplawski3633@gmail.com, CarmenIreland5525@gmail.com, NeliaAbrams8620@gmail.com, AdanCarden9027@gmail.com, LeannaMazer1235@gmail.com, KeshaShoop3740@gmail.com, ElzaAumick8395@gmail.com, TerenceGrothe7967@gmail.com, MarkitaBrymer7321@gmail.com, JazmineMccolley4132@gmail.com, AlphaHundley6257@gmail.com, ScotHollis8426@gmail.com, MarcelinaKoger3137@gmail.com, NaomaWhitman5530@gmail.com, AlfrediaSemon0100@gmail.com, MiyokoPinto5432@gmail.com, IsauraMorton9001@gmail.com, LeiaAmico4089@gmail.com, SimonPolinsky7978@gmail.com, YulandaMarsden6146@gmail.com, ChloeFlorey0182@gmail.com, ChristineParkinson6954@gmail.com, MarlysMatteson1945@gmail.com, EstellaLavallie2298@gmail.com, MadieBhatti9814@gmail.com, DelphaTharrington9888@gmail.com, ElwoodCortez5872@gmail.com, SanjuanitaBrotzman9707@gmail.com, CelesteMahmood5635@gmail.com, FlorHallock7282@gmail.com, BrigitteRahm2391@gmail.com, CorazonBohan2879@gmail.com, CynthiaGines6711@gmail.com, NobleKrom2799@gmail.com, RosalindDaniele3014@gmail.com, MargaretaKu9884@gmail.com, SherrieRivero5899@gmail.com, MandiSwartwood6426@gmail.com, RickyLatimer5417@gmail.com, ClaraVillegas9775@gmail.com, TyroneAntonio7136@gmail.com, NelleGoodlow2877@gmail.com, YeseniaTillett4254@gmail.com, LynellLando8106@gmail.com, LoreenMorel1989@gmail.com, ValentinaNitti1092@gmail.com, CaraRakowski1097@gmail.com, SilasChickering2101@gmail.com, ThuyDecamp9430@gmail.com, IanReising1886@gmail.com, RufusHanshaw6825@gmail.com, IrmaEncarnacion2873@gmail.com, LeomaMazzei2034@gmail.com, LateshaMarini8611@gmail.com, MallorySegarra2903@gmail.com, TorrieHarnois1022@gmail.com, ParkerForrest2558@gmail.com, JedFrazier6088@gmail.com, KimiSavard3616@gmail.com, LashayFranz1318@gmail.com]
17:54:39.468 [main] INFO api.AvailableMembersApi - Validating members for Survey ID: 65
17:54:39.470 [main] INFO api.AvailableMembersApi - Received response for survey ID 66: Status Code = 200
17:54:39.475 [main] INFO api.AvailableMembersApi - Available emails for survey ID 66: [MalissaArn0202@gmail.com, TeriVillalobos6990@gmail.com, YeseniaConte8292@gmail.com, MeghannFollowell6036@gmail.com, LeeHarlow6738@gmail.com, SalvatoreMonico6748@gmail.com, SunshineFocht0017@gmail.com, OraHousand6876@gmail.com, TasiaMerritt2498@gmail.com, GregoryLucchesi4579@gmail.com, DrucillaWilhelm1088@gmail.com, JaquelynLevett2862@gmail.com, MarikoHadfield9920@gmail.com, MargaritoDerringer6053@gmail.com, SheritaArispe4106@gmail.com, EverettNorthup7669@gmail.com, MicahShirley0805@gmail.com, WilhelminaHibdon9677@gmail.com, CarolinBlauser7632@gmail.com, LylaAlmanza0199@gmail.com, ChereGamino1550@gmail.com, FletaGiampaolo3754@gmail.com, CleotildeMcmiller8058@gmail.com, SaraiMorelli9034@gmail.com, LashandaAbbott9174@gmail.com, JeffryDynes1098@gmail.com, VerniceSoto3260@gmail.com, ElnaPhelan2540@gmail.com, TemikaHuth9411@gmail.com, AdriannaFentress5065@gmail.com, TaynaRey4852@gmail.com, IkeClink7071@gmail.com, GaynellCroce7702@gmail.com, DarlenaFarrington7903@gmail.com, CherrylCarolina2273@gmail.com, ZoeSolar4260@gmail.com, AnjanetteKrupp7724@gmail.com, JanieceSilvernail2745@gmail.com, IveyBuskey1353@gmail.com, ViolaBlackstock8664@gmail.com, ElaneMartinelli1121@gmail.com, RachellAnkrom0998@gmail.com, AltonSmedley5432@gmail.com, VoncileHayner2281@gmail.com, BebeLehmkuhl5703@gmail.com, InellRuoff2731@gmail.com, OnitaHolloway7718@gmail.com, NormanCastilleja4018@gmail.com, DelmarTourville5884@gmail.com, AudryBerends0895@gmail.com, ZoraidaFaulkner5026@gmail.com, KelleeMaddy6483@gmail.com, FlorencioMuller2772@gmail.com, JoDettman4460@gmail.com, RosanneTrezza7663@gmail.com, MirthaConine8554@gmail.com, KristinPonton2734@gmail.com, FlossiePangburn4203@gmail.com, YukoSteffes9115@gmail.com, DixieDarsey7418@gmail.com, KendrickPreston8153@gmail.com, CariPizzo2637@gmail.com, EllamaeTallon2542@gmail.com, AbbieKreidler2527@gmail.com, DustinArterburn6055@gmail.com, CatriceLenton4273@gmail.com, LailaHoldren0317@gmail.com, YangSoriano2861@gmail.com, JulianClapper5906@gmail.com, MylesCooke7867@gmail.com, RhebaCorbett1709@gmail.com, MarcelleHerzog9009@gmail.com, XochitlCalderwood5941@gmail.com, AbbyPeevy0877@gmail.com, JarvisMillar3472@gmail.com, LekishaHinnenkamp1017@gmail.com, AngeliaKeebler0114@gmail.com, ClementinaGormley2089@gmail.com, JoslynKeen8547@gmail.com, VerlaBearse3879@gmail.com, CassaundraLoar9453@gmail.com, JiLamarche1348@gmail.com, LilliamMcghie9513@gmail.com, AlonaRedel2262@gmail.com, HeidiGravelle3094@gmail.com, BuckSlawson5304@gmail.com, LindsayHenline2766@gmail.com, MimiWinsor6625@gmail.com, MaxineClauson3939@gmail.com, LenaGalusha7687@gmail.com, TalishaGeise5594@gmail.com, StacieAustria9018@gmail.com, GeorgiaCincotta6796@gmail.com, CandisGapinski6348@gmail.com, CyrstalRobb5332@gmail.com, CorneliaLaney7638@gmail.com, JereRouth3497@gmail.com, ArchieBranning7218@gmail.com, TomiAthey0697@gmail.com, MathaBeard0636@gmail.com, BudMclarty0075@gmail.com, MarlanaGillard2214@gmail.com, ElvisLeatherwood1278@gmail.com, HellenMacrae0712@gmail.com, MeaghanMacinnis5645@gmail.com, LezlieLuckey7094@gmail.com, MozelleReddy3840@gmail.com, OleneLedgerwood3654@gmail.com, VeniceSherry5610@gmail.com, RonCopher9843@gmail.com, ArmindaValentino6586@gmail.com, CarolannBronson4617@gmail.com, CharlynHaggerty1577@gmail.com, IsaacLinebaugh9546@gmail.com, ElbaFarr1276@gmail.com, AngelikaMarch9925@gmail.com, MarylynnChauvin4173@gmail.com, LuisaOhm6420@gmail.com, BetteCarlos5624@gmail.com, RoccoBlubaugh1914@gmail.com, AlexandriaJantz3467@gmail.com, WinstonHemby7253@gmail.com, TamiJepson8335@gmail.com, AnamariaHeadrick7903@gmail.com, NereidaTruman9016@gmail.com, HipolitoRowlands4929@gmail.com, PorterMarcinkowski6594@gmail.com, BonnyForester7950@gmail.com, DamionWysocki9147@gmail.com, ColtonMoschella8698@gmail.com, WayneBasler6942@gmail.com, JoieSly5758@gmail.com, TakishaDemo0463@gmail.com, ChasArline0812@gmail.com, JoyaBristol1484@gmail.com, NeidaVartanian0848@gmail.com, EllieDuca1079@gmail.com, AdelaSlusher1773@gmail.com, DaniellNicklas8998@gmail.com, JammieRapp6294@gmail.com, BessHugo8379@gmail.com, MarlinHolm9186@gmail.com, MignonCarnes1909@gmail.com, CareyBaley9974@gmail.com, DaniStroop2632@gmail.com, MaddieMccusker6382@gmail.com, HerschelSena4741@gmail.com, OraSuddeth1307@gmail.com, BirgitMcglade6409@gmail.com, HeidiPoplawski3633@gmail.com, CarmenIreland5525@gmail.com, AdanCarden9027@gmail.com, LeannaMazer1235@gmail.com, KeshaShoop3740@gmail.com, ElzaAumick8395@gmail.com, TerenceGrothe7967@gmail.com, MarkitaBrymer7321@gmail.com, JazmineMccolley4132@gmail.com, AlphaHundley6257@gmail.com, ScotHollis8426@gmail.com, MarcelinaKoger3137@gmail.com, NaomaWhitman5530@gmail.com, AlfrediaSemon0100@gmail.com, MiyokoPinto5432@gmail.com, IsauraMorton9001@gmail.com, LeiaAmico4089@gmail.com, SimonPolinsky7978@gmail.com, YulandaMarsden6146@gmail.com, ChloeFlorey0182@gmail.com, ChristineParkinson6954@gmail.com, MarlysMatteson1945@gmail.com, EstellaLavallie2298@gmail.com, MadieBhatti9814@gmail.com, DelphaTharrington9888@gmail.com, CelesteMahmood5635@gmail.com, FlorHallock7282@gmail.com, BrigitteRahm2391@gmail.com, CorazonBohan2879@gmail.com, NobleKrom2799@gmail.com, RosalindDaniele3014@gmail.com, MargaretaKu9884@gmail.com, SherrieRivero5899@gmail.com, MandiSwartwood6426@gmail.com, RickyLatimer5417@gmail.com, ClaraVillegas9775@gmail.com, TyroneAntonio7136@gmail.com, NoahDeppen5278@gmail.com, NelleGoodlow2877@gmail.com, YeseniaTillett4254@gmail.com, LynellLando8106@gmail.com, LoreenMorel1989@gmail.com, ValentinaNitti1092@gmail.com, CaraRakowski1097@gmail.com, SilasChickering2101@gmail.com, MargueriteSchuman2081@gmail.com, ThuyDecamp9430@gmail.com, IanReising1886@gmail.com, RufusHanshaw6825@gmail.com, IrmaEncarnacion2873@gmail.com, LeomaMazzei2034@gmail.com, LateshaMarini8611@gmail.com, MallorySegarra2903@gmail.com, TorrieHarnois1022@gmail.com, ParkerForrest2558@gmail.com, JedFrazier6088@gmail.com, KimiSavard3616@gmail.com, LashayFranz1318@gmail.com]
17:54:39.475 [main] INFO api.AvailableMembersApi - Validating members for Survey ID: 66
17:54:39.476 [main] INFO api.AvailableMembersApi - Received response for survey ID 67: Status Code = 200
17:54:39.481 [main] INFO api.AvailableMembersApi - Available emails for survey ID 67: [MalissaArn0202@gmail.com, TeriVillalobos6990@gmail.com, YeseniaConte8292@gmail.com, MeghannFollowell6036@gmail.com, LeeHarlow6738@gmail.com, SalvatoreMonico6748@gmail.com, SunshineFocht0017@gmail.com, OraHousand6876@gmail.com, TasiaMerritt2498@gmail.com, GregoryLucchesi4579@gmail.com, DrucillaWilhelm1088@gmail.com, JaquelynLevett2862@gmail.com, MarikoHadfield9920@gmail.com, JanitaStroman5652@gmail.com, MargaritoDerringer6053@gmail.com, EverettNorthup7669@gmail.com, WilhelminaHibdon9677@gmail.com, CarolinBlauser7632@gmail.com, LylaAlmanza0199@gmail.com, ChereGamino1550@gmail.com, FletaGiampaolo3754@gmail.com, CleotildeMcmiller8058@gmail.com, SaraiMorelli9034@gmail.com, VerniceSoto3260@gmail.com, ElnaPhelan2540@gmail.com, TemikaHuth9411@gmail.com, AdriannaFentress5065@gmail.com, TaynaRey4852@gmail.com, IkeClink7071@gmail.com, GaynellCroce7702@gmail.com, CherrylCarolina2273@gmail.com, ZoeSolar4260@gmail.com, AnjanetteKrupp7724@gmail.com, JanieceSilvernail2745@gmail.com, IveyBuskey1353@gmail.com, ElaneMartinelli1121@gmail.com, RachellAnkrom0998@gmail.com, KylaKays1591@gmail.com, AltonSmedley5432@gmail.com, VoncileHayner2281@gmail.com, BebeLehmkuhl5703@gmail.com, InellRuoff2731@gmail.com, OnitaHolloway7718@gmail.com, NormanCastilleja4018@gmail.com, DelmarTourville5884@gmail.com, ZoraidaFaulkner5026@gmail.com, FlorencioMuller2772@gmail.com, JoDettman4460@gmail.com, RosanneTrezza7663@gmail.com, MarylandBenedict6434@gmail.com, MirthaConine8554@gmail.com, KristinPonton2734@gmail.com, FlossiePangburn4203@gmail.com, YukoSteffes9115@gmail.com, DixieDarsey7418@gmail.com, KendrickPreston8153@gmail.com, CariPizzo2637@gmail.com, EllamaeTallon2542@gmail.com, AbbieKreidler2527@gmail.com, LailaHoldren0317@gmail.com, YangSoriano2861@gmail.com, JonShultis2071@gmail.com, JulianClapper5906@gmail.com, MylesCooke7867@gmail.com, RhebaCorbett1709@gmail.com, MarcelleHerzog9009@gmail.com, XochitlCalderwood5941@gmail.com, LeilaOdle4383@gmail.com, AbbyPeevy0877@gmail.com, LekishaHinnenkamp1017@gmail.com, AngeliaKeebler0114@gmail.com, ClementinaGormley2089@gmail.com, JoslynKeen8547@gmail.com, VerlaBearse3879@gmail.com, CassaundraLoar9453@gmail.com, JiLamarche1348@gmail.com, LilliamMcghie9513@gmail.com, AlonaRedel2262@gmail.com, HeidiGravelle3094@gmail.com, BuckSlawson5304@gmail.com, LindsayHenline2766@gmail.com, MimiWinsor6625@gmail.com, MaxineClauson3939@gmail.com, LenaGalusha7687@gmail.com, StacieAustria9018@gmail.com, GeorgiaCincotta6796@gmail.com, CyrstalRobb5332@gmail.com, CorneliaLaney7638@gmail.com, JereRouth3497@gmail.com, ArchieBranning7218@gmail.com, TomiAthey0697@gmail.com, MathaBeard0636@gmail.com, BudMclarty0075@gmail.com, MarlanaGillard2214@gmail.com, ElvisLeatherwood1278@gmail.com, HellenMacrae0712@gmail.com, MeaghanMacinnis5645@gmail.com, LezlieLuckey7094@gmail.com, MozelleReddy3840@gmail.com, OleneLedgerwood3654@gmail.com, ShandaCromer4960@gmail.com, VeniceSherry5610@gmail.com, RonCopher9843@gmail.com, ArmindaValentino6586@gmail.com, CarolannBronson4617@gmail.com, IsaacLinebaugh9546@gmail.com, ElbaFarr1276@gmail.com, AngelikaMarch9925@gmail.com, TylerGalbraith9779@gmail.com, MarylynnChauvin4173@gmail.com, LuisaOhm6420@gmail.com, BetteCarlos5624@gmail.com, RoccoBlubaugh1914@gmail.com, WinstonHemby7253@gmail.com, TamiJepson8335@gmail.com, AnamariaHeadrick7903@gmail.com, NereidaTruman9016@gmail.com, HipolitoRowlands4929@gmail.com, PorterMarcinkowski6594@gmail.com, RuthaCrotty1764@gmail.com, DamionWysocki9147@gmail.com, WayneBasler6942@gmail.com, JoieSly5758@gmail.com, TakishaDemo0463@gmail.com, ChasArline0812@gmail.com, JoyaBristol1484@gmail.com, NeidaVartanian0848@gmail.com, EllieDuca1079@gmail.com, AdelaSlusher1773@gmail.com, DaniellNicklas8998@gmail.com, JammieRapp6294@gmail.com, BessHugo8379@gmail.com, MarlinHolm9186@gmail.com, MignonCarnes1909@gmail.com, CareyBaley9974@gmail.com, DaniStroop2632@gmail.com, MaddieMccusker6382@gmail.com, HerschelSena4741@gmail.com, OraSuddeth1307@gmail.com, TedBroome1787@gmail.com, BirgitMcglade6409@gmail.com, HeidiPoplawski3633@gmail.com, CarmenIreland5525@gmail.com, NeliaAbrams8620@gmail.com, AdanCarden9027@gmail.com, KeshaShoop3740@gmail.com, ElzaAumick8395@gmail.com, TerenceGrothe7967@gmail.com, MarkitaBrymer7321@gmail.com, JazmineMccolley4132@gmail.com, AlphaHundley6257@gmail.com, ScotHollis8426@gmail.com, MarcelinaKoger3137@gmail.com, NaomaWhitman5530@gmail.com, AlfrediaSemon0100@gmail.com, MiyokoPinto5432@gmail.com, IsauraMorton9001@gmail.com, SimonPolinsky7978@gmail.com, YulandaMarsden6146@gmail.com, BerniceCorcoran1154@gmail.com, ChristineParkinson6954@gmail.com, MarlysMatteson1945@gmail.com, EstellaLavallie2298@gmail.com, MadieBhatti9814@gmail.com, DelphaTharrington9888@gmail.com, ElwoodCortez5872@gmail.com, SanjuanitaBrotzman9707@gmail.com, CelesteMahmood5635@gmail.com, FlorHallock7282@gmail.com, BrigitteRahm2391@gmail.com, CorazonBohan2879@gmail.com, CynthiaGines6711@gmail.com, NobleKrom2799@gmail.com, RosalindDaniele3014@gmail.com, MargaretaKu9884@gmail.com, MandiSwartwood6426@gmail.com, RickyLatimer5417@gmail.com, ClaraVillegas9775@gmail.com, TyroneAntonio7136@gmail.com, NelleGoodlow2877@gmail.com, YeseniaTillett4254@gmail.com, LynellLando8106@gmail.com, LoreenMorel1989@gmail.com, ValentinaNitti1092@gmail.com, CaraRakowski1097@gmail.com, SilasChickering2101@gmail.com, ThuyDecamp9430@gmail.com, IanReising1886@gmail.com, RufusHanshaw6825@gmail.com, LeomaMazzei2034@gmail.com, LateshaMarini8611@gmail.com, MallorySegarra2903@gmail.com, TorrieHarnois1022@gmail.com, ParkerForrest2558@gmail.com, JedFrazier6088@gmail.com, KimiSavard3616@gmail.com, LashayFranz1318@gmail.com]
17:54:39.481 [main] INFO api.AvailableMembersApi - Validating members for Survey ID: 67
17:54:39.483 [main] INFO api.AvailableMembersApi - Received response for survey ID 68: Status Code = 200
17:54:39.491 [main] INFO api.AvailableMembersApi - Available emails for survey ID 68: [MalissaArn0202@gmail.com, TeriVillalobos6990@gmail.com, YeseniaConte8292@gmail.com, MeghannFollowell6036@gmail.com, LeeHarlow6738@gmail.com, SalvatoreMonico6748@gmail.com, SunshineFocht0017@gmail.com, DainaMaine1358@gmail.com, OraHousand6876@gmail.com, TasiaMerritt2498@gmail.com, GregoryLucchesi4579@gmail.com, DrucillaWilhelm1088@gmail.com, JaquelynLevett2862@gmail.com, MarikoHadfield9920@gmail.com, JanitaStroman5652@gmail.com, MargaritoDerringer6053@gmail.com, EverettNorthup7669@gmail.com, MicahShirley0805@gmail.com, WilhelminaHibdon9677@gmail.com, CarolinBlauser7632@gmail.com, LylaAlmanza0199@gmail.com, ChereGamino1550@gmail.com, FletaGiampaolo3754@gmail.com, CleotildeMcmiller8058@gmail.com, SaraiMorelli9034@gmail.com, LashandaAbbott9174@gmail.com, JeffryDynes1098@gmail.com, VerniceSoto3260@gmail.com, ElnaPhelan2540@gmail.com, TemikaHuth9411@gmail.com, AdriannaFentress5065@gmail.com, TaynaRey4852@gmail.com, IkeClink7071@gmail.com, GaynellCroce7702@gmail.com, DarlenaFarrington7903@gmail.com, CherrylCarolina2273@gmail.com, ZoeSolar4260@gmail.com, AnjanetteKrupp7724@gmail.com, IveyBuskey1353@gmail.com, ViolaBlackstock8664@gmail.com, ElaneMartinelli1121@gmail.com, RachellAnkrom0998@gmail.com, KylaKays1591@gmail.com, AltonSmedley5432@gmail.com, VoncileHayner2281@gmail.com, BebeLehmkuhl5703@gmail.com, InellRuoff2731@gmail.com, OnitaHolloway7718@gmail.com, NormanCastilleja4018@gmail.com, DelmarTourville5884@gmail.com, AudryBerends0895@gmail.com, KelleeMaddy6483@gmail.com, FlorencioMuller2772@gmail.com, JoDettman4460@gmail.com, RosanneTrezza7663@gmail.com, MarylandBenedict6434@gmail.com, KristinPonton2734@gmail.com, FlossiePangburn4203@gmail.com, DixieDarsey7418@gmail.com, KendrickPreston8153@gmail.com, CariPizzo2637@gmail.com, EllamaeTallon2542@gmail.com, AbbieKreidler2527@gmail.com, DustinArterburn6055@gmail.com, CatriceLenton4273@gmail.com, LailaHoldren0317@gmail.com, YangSoriano2861@gmail.com, JonShultis2071@gmail.com, JulianClapper5906@gmail.com, MylesCooke7867@gmail.com, RhebaCorbett1709@gmail.com, MarcelleHerzog9009@gmail.com, XochitlCalderwood5941@gmail.com, LeilaOdle4383@gmail.com, AbbyPeevy0877@gmail.com, JarvisMillar3472@gmail.com, LekishaHinnenkamp1017@gmail.com, AngeliaKeebler0114@gmail.com, ClementinaGormley2089@gmail.com, JoslynKeen8547@gmail.com, VerlaBearse3879@gmail.com, CassaundraLoar9453@gmail.com, JiLamarche1348@gmail.com, LilliamMcghie9513@gmail.com, AlonaRedel2262@gmail.com, HeidiGravelle3094@gmail.com, LindsayHenline2766@gmail.com, MimiWinsor6625@gmail.com, TalishaGeise5594@gmail.com, GeorgiaCincotta6796@gmail.com, CandisGapinski6348@gmail.com, CorneliaLaney7638@gmail.com, JereRouth3497@gmail.com, ArchieBranning7218@gmail.com, TomiAthey0697@gmail.com, MathaBeard0636@gmail.com, BudMclarty0075@gmail.com, ElvisLeatherwood1278@gmail.com, HellenMacrae0712@gmail.com, MeaghanMacinnis5645@gmail.com, LezlieLuckey7094@gmail.com, MozelleReddy3840@gmail.com, OleneLedgerwood3654@gmail.com, ShandaCromer4960@gmail.com, VeniceSherry5610@gmail.com, RonCopher9843@gmail.com, ArmindaValentino6586@gmail.com, CarolannBronson4617@gmail.com, CharlynHaggerty1577@gmail.com, IsaacLinebaugh9546@gmail.com, ElbaFarr1276@gmail.com, AngelikaMarch9925@gmail.com, TylerGalbraith9779@gmail.com, MarylynnChauvin4173@gmail.com, LuisaOhm6420@gmail.com, RoccoBlubaugh1914@gmail.com, AlexandriaJantz3467@gmail.com, WinstonHemby7253@gmail.com, TamiJepson8335@gmail.com, AnamariaHeadrick7903@gmail.com, NereidaTruman9016@gmail.com, HipolitoRowlands4929@gmail.com, PorterMarcinkowski6594@gmail.com, BonnyForester7950@gmail.com, RuthaCrotty1764@gmail.com, DamionWysocki9147@gmail.com, ColtonMoschella8698@gmail.com, WayneBasler6942@gmail.com, JoieSly5758@gmail.com, ChasArline0812@gmail.com, NeidaVartanian0848@gmail.com, EllieDuca1079@gmail.com, AdelaSlusher1773@gmail.com, DaniellNicklas8998@gmail.com, JammieRapp6294@gmail.com, BessHugo8379@gmail.com, MignonCarnes1909@gmail.com, CareyBaley9974@gmail.com, DaniStroop2632@gmail.com, MaddieMccusker6382@gmail.com, HerschelSena4741@gmail.com, OraSuddeth1307@gmail.com, TedBroome1787@gmail.com, BirgitMcglade6409@gmail.com, NeliaAbrams8620@gmail.com, AdanCarden9027@gmail.com, LeannaMazer1235@gmail.com, KeshaShoop3740@gmail.com, ElzaAumick8395@gmail.com, TerenceGrothe7967@gmail.com, JazmineMccolley4132@gmail.com, AlphaHundley6257@gmail.com, ScotHollis8426@gmail.com, MarcelinaKoger3137@gmail.com, NaomaWhitman5530@gmail.com, AlfrediaSemon0100@gmail.com, MiyokoPinto5432@gmail.com, IsauraMorton9001@gmail.com, LeiaAmico4089@gmail.com, SimonPolinsky7978@gmail.com, YulandaMarsden6146@gmail.com, ChloeFlorey0182@gmail.com, BerniceCorcoran1154@gmail.com, ChristineParkinson6954@gmail.com, EstellaLavallie2298@gmail.com, DelphaTharrington9888@gmail.com, ElwoodCortez5872@gmail.com, CelesteMahmood5635@gmail.com, FlorHallock7282@gmail.com, BrigitteRahm2391@gmail.com, CorazonBohan2879@gmail.com, CynthiaGines6711@gmail.com, NobleKrom2799@gmail.com, RosalindDaniele3014@gmail.com, MargaretaKu9884@gmail.com, SherrieRivero5899@gmail.com, MandiSwartwood6426@gmail.com, RickyLatimer5417@gmail.com, ClaraVillegas9775@gmail.com, TyroneAntonio7136@gmail.com, NoahDeppen5278@gmail.com, NelleGoodlow2877@gmail.com, YeseniaTillett4254@gmail.com, LynellLando8106@gmail.com, CaraRakowski1097@gmail.com, SilasChickering2101@gmail.com, MargueriteSchuman2081@gmail.com, IanReising1886@gmail.com, IrmaEncarnacion2873@gmail.com, LeomaMazzei2034@gmail.com, LateshaMarini8611@gmail.com, MallorySegarra2903@gmail.com, TorrieHarnois1022@gmail.com, ParkerForrest2558@gmail.com, JedFrazier6088@gmail.com, LashayFranz1318@gmail.com]
17:54:39.491 [main] INFO api.AvailableMembersApi - Validating members for Survey ID: 68
17:54:39.493 [main] INFO api.AvailableMembersApi - Received response for survey ID 69: Status Code = 200
17:54:39.501 [main] INFO api.AvailableMembersApi - Available emails for survey ID 69: [MalissaArn0202@gmail.com, TeriVillalobos6990@gmail.com, YeseniaConte8292@gmail.com, MeghannFollowell6036@gmail.com, LeeHarlow6738@gmail.com, SalvatoreMonico6748@gmail.com, SunshineFocht0017@gmail.com, DainaMaine1358@gmail.com, TasiaMerritt2498@gmail.com, DrucillaWilhelm1088@gmail.com, JaquelynLevett2862@gmail.com, MarikoHadfield9920@gmail.com, MargaritoDerringer6053@gmail.com, SheritaArispe4106@gmail.com, EverettNorthup7669@gmail.com, MicahShirley0805@gmail.com, WilhelminaHibdon9677@gmail.com, CarolinBlauser7632@gmail.com, LylaAlmanza0199@gmail.com, ChereGamino1550@gmail.com, FletaGiampaolo3754@gmail.com, CleotildeMcmiller8058@gmail.com, SaraiMorelli9034@gmail.com, LashandaAbbott9174@gmail.com, JeffryDynes1098@gmail.com, VerniceSoto3260@gmail.com, ElnaPhelan2540@gmail.com, TemikaHuth9411@gmail.com, AdriannaFentress5065@gmail.com, TaynaRey4852@gmail.com, IkeClink7071@gmail.com, GaynellCroce7702@gmail.com, DarlenaFarrington7903@gmail.com, ZoeSolar4260@gmail.com, AnjanetteKrupp7724@gmail.com, JanieceSilvernail2745@gmail.com, IveyBuskey1353@gmail.com, ViolaBlackstock8664@gmail.com, ElaneMartinelli1121@gmail.com, KylaKays1591@gmail.com, AltonSmedley5432@gmail.com, BebeLehmkuhl5703@gmail.com, InellRuoff2731@gmail.com, OnitaHolloway7718@gmail.com, NormanCastilleja4018@gmail.com, DelmarTourville5884@gmail.com, AudryBerends0895@gmail.com, ZoraidaFaulkner5026@gmail.com, KelleeMaddy6483@gmail.com, FlorencioMuller2772@gmail.com, JoDettman4460@gmail.com, RosanneTrezza7663@gmail.com, MarylandBenedict6434@gmail.com, MirthaConine8554@gmail.com, KristinPonton2734@gmail.com, FlossiePangburn4203@gmail.com, YukoSteffes9115@gmail.com, DixieDarsey7418@gmail.com, CariPizzo2637@gmail.com, EllamaeTallon2542@gmail.com, AbbieKreidler2527@gmail.com, DustinArterburn6055@gmail.com, LailaHoldren0317@gmail.com, YangSoriano2861@gmail.com, JonShultis2071@gmail.com, JulianClapper5906@gmail.com, RhebaCorbett1709@gmail.com, MarcelleHerzog9009@gmail.com, XochitlCalderwood5941@gmail.com, LeilaOdle4383@gmail.com, AbbyPeevy0877@gmail.com, LekishaHinnenkamp1017@gmail.com, AngeliaKeebler0114@gmail.com, ClementinaGormley2089@gmail.com, JoslynKeen8547@gmail.com, VerlaBearse3879@gmail.com, CassaundraLoar9453@gmail.com, JiLamarche1348@gmail.com, AlonaRedel2262@gmail.com, HeidiGravelle3094@gmail.com, BuckSlawson5304@gmail.com, LindsayHenline2766@gmail.com, MimiWinsor6625@gmail.com, MaxineClauson3939@gmail.com, LenaGalusha7687@gmail.com, TalishaGeise5594@gmail.com, GeorgiaCincotta6796@gmail.com, CandisGapinski6348@gmail.com, CyrstalRobb5332@gmail.com, CorneliaLaney7638@gmail.com, JereRouth3497@gmail.com, ArchieBranning7218@gmail.com, TomiAthey0697@gmail.com, MathaBeard0636@gmail.com, BudMclarty0075@gmail.com, MarlanaGillard2214@gmail.com, ElvisLeatherwood1278@gmail.com, HellenMacrae0712@gmail.com, MeaghanMacinnis5645@gmail.com, LezlieLuckey7094@gmail.com, MozelleReddy3840@gmail.com, OleneLedgerwood3654@gmail.com, ShandaCromer4960@gmail.com, VeniceSherry5610@gmail.com, RonCopher9843@gmail.com, ArmindaValentino6586@gmail.com, CarolannBronson4617@gmail.com, IsaacLinebaugh9546@gmail.com, ElbaFarr1276@gmail.com, AngelikaMarch9925@gmail.com, TylerGalbraith9779@gmail.com, LuisaOhm6420@gmail.com, BetteCarlos5624@gmail.com, RoccoBlubaugh1914@gmail.com, AlexandriaJantz3467@gmail.com, WinstonHemby7253@gmail.com, TamiJepson8335@gmail.com, AnamariaHeadrick7903@gmail.com, NereidaTruman9016@gmail.com, HipolitoRowlands4929@gmail.com, PorterMarcinkowski6594@gmail.com, BonnyForester7950@gmail.com, RuthaCrotty1764@gmail.com, DamionWysocki9147@gmail.com, ColtonMoschella8698@gmail.com, WayneBasler6942@gmail.com, JoieSly5758@gmail.com, TakishaDemo0463@gmail.com, ChasArline0812@gmail.com, EllieDuca1079@gmail.com, AdelaSlusher1773@gmail.com, DaniellNicklas8998@gmail.com, JammieRapp6294@gmail.com, BessHugo8379@gmail.com, MarlinHolm9186@gmail.com, MignonCarnes1909@gmail.com, CareyBaley9974@gmail.com, DaniStroop2632@gmail.com, MaddieMccusker6382@gmail.com, OraSuddeth1307@gmail.com, BirgitMcglade6409@gmail.com, HeidiPoplawski3633@gmail.com, CarmenIreland5525@gmail.com, NeliaAbrams8620@gmail.com, AdanCarden9027@gmail.com, KeshaShoop3740@gmail.com, ElzaAumick8395@gmail.com, TerenceGrothe7967@gmail.com, MarkitaBrymer7321@gmail.com, JazmineMccolley4132@gmail.com, AlphaHundley6257@gmail.com, ScotHollis8426@gmail.com, MarcelinaKoger3137@gmail.com, AlfrediaSemon0100@gmail.com, MiyokoPinto5432@gmail.com, IsauraMorton9001@gmail.com, LeiaAmico4089@gmail.com, SimonPolinsky7978@gmail.com, YulandaMarsden6146@gmail.com, BerniceCorcoran1154@gmail.com, ChristineParkinson6954@gmail.com, MarlysMatteson1945@gmail.com, EstellaLavallie2298@gmail.com, MadieBhatti9814@gmail.com, DelphaTharrington9888@gmail.com, ElwoodCortez5872@gmail.com, SanjuanitaBrotzman9707@gmail.com, CelesteMahmood5635@gmail.com, FlorHallock7282@gmail.com, BrigitteRahm2391@gmail.com, CorazonBohan2879@gmail.com, CynthiaGines6711@gmail.com, NobleKrom2799@gmail.com, RosalindDaniele3014@gmail.com, MargaretaKu9884@gmail.com, SherrieRivero5899@gmail.com, MandiSwartwood6426@gmail.com, RickyLatimer5417@gmail.com, TyroneAntonio7136@gmail.com, NoahDeppen5278@gmail.com, NelleGoodlow2877@gmail.com, YeseniaTillett4254@gmail.com, LynellLando8106@gmail.com, LoreenMorel1989@gmail.com, ValentinaNitti1092@gmail.com, CaraRakowski1097@gmail.com, SilasChickering2101@gmail.com, MargueriteSchuman2081@gmail.com, RufusHanshaw6825@gmail.com, IrmaEncarnacion2873@gmail.com, LeomaMazzei2034@gmail.com, MallorySegarra2903@gmail.com, TorrieHarnois1022@gmail.com, LashayFranz1318@gmail.com]
17:54:39.501 [main] INFO api.AvailableMembersApi - Validating members for Survey ID: 69
17:54:39.503 [main] INFO api.AvailableMembersApi - Received response for survey ID 70: Status Code = 200
17:54:39.511 [main] INFO api.AvailableMembersApi - Available emails for survey ID 70: [MalissaArn0202@gmail.com, TeriVillalobos6990@gmail.com, YeseniaConte8292@gmail.com, MeghannFollowell6036@gmail.com, LeeHarlow6738@gmail.com, SunshineFocht0017@gmail.com, OraHousand6876@gmail.com, TasiaMerritt2498@gmail.com, GregoryLucchesi4579@gmail.com, DrucillaWilhelm1088@gmail.com, JaquelynLevett2862@gmail.com, JanitaStroman5652@gmail.com, MargaritoDerringer6053@gmail.com, SheritaArispe4106@gmail.com, EverettNorthup7669@gmail.com, MicahShirley0805@gmail.com, WilhelminaHibdon9677@gmail.com, CarolinBlauser7632@gmail.com, LylaAlmanza0199@gmail.com, FletaGiampaolo3754@gmail.com, CleotildeMcmiller8058@gmail.com, SaraiMorelli9034@gmail.com, LashandaAbbott9174@gmail.com, JeffryDynes1098@gmail.com, VerniceSoto3260@gmail.com, ElnaPhelan2540@gmail.com, TemikaHuth9411@gmail.com, AdriannaFentress5065@gmail.com, TaynaRey4852@gmail.com, IkeClink7071@gmail.com, GaynellCroce7702@gmail.com, DarlenaFarrington7903@gmail.com, CherrylCarolina2273@gmail.com, ZoeSolar4260@gmail.com, AnjanetteKrupp7724@gmail.com, JanieceSilvernail2745@gmail.com, IveyBuskey1353@gmail.com, ViolaBlackstock8664@gmail.com, ElaneMartinelli1121@gmail.com, RachellAnkrom0998@gmail.com, KylaKays1591@gmail.com, AltonSmedley5432@gmail.com, VoncileHayner2281@gmail.com, BebeLehmkuhl5703@gmail.com, InellRuoff2731@gmail.com, OnitaHolloway7718@gmail.com, NormanCastilleja4018@gmail.com, DelmarTourville5884@gmail.com, AudryBerends0895@gmail.com, ZoraidaFaulkner5026@gmail.com, KelleeMaddy6483@gmail.com, FlorencioMuller2772@gmail.com, JoDettman4460@gmail.com, RosanneTrezza7663@gmail.com, MarylandBenedict6434@gmail.com, FlossiePangburn4203@gmail.com, YukoSteffes9115@gmail.com, DixieDarsey7418@gmail.com, KendrickPreston8153@gmail.com, CariPizzo2637@gmail.com, AbbieKreidler2527@gmail.com, DustinArterburn6055@gmail.com, LailaHoldren0317@gmail.com, YangSoriano2861@gmail.com, JulianClapper5906@gmail.com, RhebaCorbett1709@gmail.com, MarcelleHerzog9009@gmail.com, XochitlCalderwood5941@gmail.com, LeilaOdle4383@gmail.com, AbbyPeevy0877@gmail.com, JarvisMillar3472@gmail.com, LekishaHinnenkamp1017@gmail.com, ClementinaGormley2089@gmail.com, JoslynKeen8547@gmail.com, VerlaBearse3879@gmail.com, CassaundraLoar9453@gmail.com, JiLamarche1348@gmail.com, LilliamMcghie9513@gmail.com, AlonaRedel2262@gmail.com, HeidiGravelle3094@gmail.com, BuckSlawson5304@gmail.com, LindsayHenline2766@gmail.com, MimiWinsor6625@gmail.com, MaxineClauson3939@gmail.com, LenaGalusha7687@gmail.com, TalishaGeise5594@gmail.com, StacieAustria9018@gmail.com, GeorgiaCincotta6796@gmail.com, CandisGapinski6348@gmail.com, CyrstalRobb5332@gmail.com, CorneliaLaney7638@gmail.com, JereRouth3497@gmail.com, ArchieBranning7218@gmail.com, TomiAthey0697@gmail.com, MathaBeard0636@gmail.com, BudMclarty0075@gmail.com, MarlanaGillard2214@gmail.com, ElvisLeatherwood1278@gmail.com, HellenMacrae0712@gmail.com, MeaghanMacinnis5645@gmail.com, LezlieLuckey7094@gmail.com, MozelleReddy3840@gmail.com, OleneLedgerwood3654@gmail.com, ShandaCromer4960@gmail.com, VeniceSherry5610@gmail.com, RonCopher9843@gmail.com, ArmindaValentino6586@gmail.com, CarolannBronson4617@gmail.com, CharlynHaggerty1577@gmail.com, IsaacLinebaugh9546@gmail.com, ElbaFarr1276@gmail.com, TylerGalbraith9779@gmail.com, MarylynnChauvin4173@gmail.com, LuisaOhm6420@gmail.com, BetteCarlos5624@gmail.com, WinstonHemby7253@gmail.com, TamiJepson8335@gmail.com, NereidaTruman9016@gmail.com, BonnyForester7950@gmail.com, RuthaCrotty1764@gmail.com, DamionWysocki9147@gmail.com, ColtonMoschella8698@gmail.com, JoieSly5758@gmail.com, TakishaDemo0463@gmail.com, ChasArline0812@gmail.com, JoyaBristol1484@gmail.com, NeidaVartanian0848@gmail.com, EllieDuca1079@gmail.com, AdelaSlusher1773@gmail.com, JammieRapp6294@gmail.com, BessHugo8379@gmail.com, MarlinHolm9186@gmail.com, MignonCarnes1909@gmail.com, CareyBaley9974@gmail.com, DaniStroop2632@gmail.com, MaddieMccusker6382@gmail.com, HerschelSena4741@gmail.com, OraSuddeth1307@gmail.com, TedBroome1787@gmail.com, BirgitMcglade6409@gmail.com, HeidiPoplawski3633@gmail.com, CarmenIreland5525@gmail.com, NeliaAbrams8620@gmail.com, AdanCarden9027@gmail.com, LeannaMazer1235@gmail.com, KeshaShoop3740@gmail.com, ElzaAumick8395@gmail.com, TerenceGrothe7967@gmail.com, MarkitaBrymer7321@gmail.com, AlphaHundley6257@gmail.com, ScotHollis8426@gmail.com, MarcelinaKoger3137@gmail.com, MiyokoPinto5432@gmail.com, IsauraMorton9001@gmail.com, SimonPolinsky7978@gmail.com, YulandaMarsden6146@gmail.com, ChloeFlorey0182@gmail.com, BerniceCorcoran1154@gmail.com, ChristineParkinson6954@gmail.com, MarlysMatteson1945@gmail.com, EstellaLavallie2298@gmail.com, MadieBhatti9814@gmail.com, ElwoodCortez5872@gmail.com, SanjuanitaBrotzman9707@gmail.com, CelesteMahmood5635@gmail.com, FlorHallock7282@gmail.com, BrigitteRahm2391@gmail.com, CynthiaGines6711@gmail.com, NobleKrom2799@gmail.com, RosalindDaniele3014@gmail.com, MargaretaKu9884@gmail.com, SherrieRivero5899@gmail.com, MandiSwartwood6426@gmail.com, RickyLatimer5417@gmail.com, ClaraVillegas9775@gmail.com, TyroneAntonio7136@gmail.com, NoahDeppen5278@gmail.com, NelleGoodlow2877@gmail.com, YeseniaTillett4254@gmail.com, LynellLando8106@gmail.com, LoreenMorel1989@gmail.com, ValentinaNitti1092@gmail.com, CaraRakowski1097@gmail.com, SilasChickering2101@gmail.com, MargueriteSchuman2081@gmail.com, ThuyDecamp9430@gmail.com, IanReising1886@gmail.com, RufusHanshaw6825@gmail.com, IrmaEncarnacion2873@gmail.com, LeomaMazzei2034@gmail.com, LateshaMarini8611@gmail.com, MallorySegarra2903@gmail.com, TorrieHarnois1022@gmail.com, JedFrazier6088@gmail.com, KimiSavard3616@gmail.com, LashayFranz1318@gmail.com]
17:54:39.511 [main] INFO api.AvailableMembersApi - Validating members for Survey ID: 70
17:54:39.513 [main] INFO api.AvailableMembersApi - Received response for survey ID 71: Status Code = 200
17:54:39.521 [main] INFO api.AvailableMembersApi - Available emails for survey ID 71: [MalissaArn0202@gmail.com, TeriVillalobos6990@gmail.com, YeseniaConte8292@gmail.com, MeghannFollowell6036@gmail.com, LeeHarlow6738@gmail.com, SalvatoreMonico6748@gmail.com, SunshineFocht0017@gmail.com, DainaMaine1358@gmail.com, OraHousand6876@gmail.com, TasiaMerritt2498@gmail.com, GregoryLucchesi4579@gmail.com, DrucillaWilhelm1088@gmail.com, JaquelynLevett2862@gmail.com, MarikoHadfield9920@gmail.com, JanitaStroman5652@gmail.com, MargaritoDerringer6053@gmail.com, SheritaArispe4106@gmail.com, EverettNorthup7669@gmail.com, MicahShirley0805@gmail.com, WilhelminaHibdon9677@gmail.com, LylaAlmanza0199@gmail.com, ChereGamino1550@gmail.com, FletaGiampaolo3754@gmail.com, CleotildeMcmiller8058@gmail.com, SaraiMorelli9034@gmail.com, LashandaAbbott9174@gmail.com, VerniceSoto3260@gmail.com, ElnaPhelan2540@gmail.com, TemikaHuth9411@gmail.com, AdriannaFentress5065@gmail.com, TaynaRey4852@gmail.com, IkeClink7071@gmail.com, GaynellCroce7702@gmail.com, DarlenaFarrington7903@gmail.com, CherrylCarolina2273@gmail.com, ZoeSolar4260@gmail.com, AnjanetteKrupp7724@gmail.com, JanieceSilvernail2745@gmail.com, IveyBuskey1353@gmail.com, ViolaBlackstock8664@gmail.com, ElaneMartinelli1121@gmail.com, RachellAnkrom0998@gmail.com, KylaKays1591@gmail.com, AltonSmedley5432@gmail.com, VoncileHayner2281@gmail.com, BebeLehmkuhl5703@gmail.com, InellRuoff2731@gmail.com, OnitaHolloway7718@gmail.com, NormanCastilleja4018@gmail.com, AudryBerends0895@gmail.com, ZoraidaFaulkner5026@gmail.com, KelleeMaddy6483@gmail.com, FlorencioMuller2772@gmail.com, JoDettman4460@gmail.com, RosanneTrezza7663@gmail.com, MarylandBenedict6434@gmail.com, MirthaConine8554@gmail.com, KristinPonton2734@gmail.com, FlossiePangburn4203@gmail.com, YukoSteffes9115@gmail.com, DixieDarsey7418@gmail.com, KendrickPreston8153@gmail.com, CariPizzo2637@gmail.com, AbbieKreidler2527@gmail.com, DustinArterburn6055@gmail.com, CatriceLenton4273@gmail.com, YangSoriano2861@gmail.com, JonShultis2071@gmail.com, JulianClapper5906@gmail.com, MylesCooke7867@gmail.com, RhebaCorbett1709@gmail.com, MarcelleHerzog9009@gmail.com, XochitlCalderwood5941@gmail.com, LeilaOdle4383@gmail.com, AbbyPeevy0877@gmail.com, JarvisMillar3472@gmail.com, LekishaHinnenkamp1017@gmail.com, AngeliaKeebler0114@gmail.com, ClementinaGormley2089@gmail.com, JoslynKeen8547@gmail.com, VerlaBearse3879@gmail.com, CassaundraLoar9453@gmail.com, JiLamarche1348@gmail.com, LilliamMcghie9513@gmail.com, AlonaRedel2262@gmail.com, HeidiGravelle3094@gmail.com, BuckSlawson5304@gmail.com, MimiWinsor6625@gmail.com, MaxineClauson3939@gmail.com, LenaGalusha7687@gmail.com, TalishaGeise5594@gmail.com, StacieAustria9018@gmail.com, GeorgiaCincotta6796@gmail.com, CandisGapinski6348@gmail.com, CorneliaLaney7638@gmail.com, JereRouth3497@gmail.com, ArchieBranning7218@gmail.com, TomiAthey0697@gmail.com, MathaBeard0636@gmail.com, BudMclarty0075@gmail.com, MarlanaGillard2214@gmail.com, ElvisLeatherwood1278@gmail.com, MeaghanMacinnis5645@gmail.com, MozelleReddy3840@gmail.com, OleneLedgerwood3654@gmail.com, ShandaCromer4960@gmail.com, VeniceSherry5610@gmail.com, RonCopher9843@gmail.com, ArmindaValentino6586@gmail.com, CarolannBronson4617@gmail.com, CharlynHaggerty1577@gmail.com, ElbaFarr1276@gmail.com, AngelikaMarch9925@gmail.com, TylerGalbraith9779@gmail.com, MarylynnChauvin4173@gmail.com, LuisaOhm6420@gmail.com, BetteCarlos5624@gmail.com, RoccoBlubaugh1914@gmail.com, AlexandriaJantz3467@gmail.com, WinstonHemby7253@gmail.com, TamiJepson8335@gmail.com, AnamariaHeadrick7903@gmail.com, NereidaTruman9016@gmail.com, HipolitoRowlands4929@gmail.com, BonnyForester7950@gmail.com, DamionWysocki9147@gmail.com, ColtonMoschella8698@gmail.com, WayneBasler6942@gmail.com, JoieSly5758@gmail.com, TakishaDemo0463@gmail.com, ChasArline0812@gmail.com, JoyaBristol1484@gmail.com, NeidaVartanian0848@gmail.com, EllieDuca1079@gmail.com, DaniellNicklas8998@gmail.com, JammieRapp6294@gmail.com, BessHugo8379@gmail.com, MarlinHolm9186@gmail.com, MignonCarnes1909@gmail.com, CareyBaley9974@gmail.com, HerschelSena4741@gmail.com, OraSuddeth1307@gmail.com, BirgitMcglade6409@gmail.com, HeidiPoplawski3633@gmail.com, CarmenIreland5525@gmail.com, NeliaAbrams8620@gmail.com, AdanCarden9027@gmail.com, LeannaMazer1235@gmail.com, KeshaShoop3740@gmail.com, ElzaAumick8395@gmail.com, TerenceGrothe7967@gmail.com, JazmineMccolley4132@gmail.com, AlphaHundley6257@gmail.com, MarcelinaKoger3137@gmail.com, NaomaWhitman5530@gmail.com, AlfrediaSemon0100@gmail.com, IsauraMorton9001@gmail.com, LeiaAmico4089@gmail.com, SimonPolinsky7978@gmail.com, YulandaMarsden6146@gmail.com, ChloeFlorey0182@gmail.com, BerniceCorcoran1154@gmail.com, MarlysMatteson1945@gmail.com, EstellaLavallie2298@gmail.com, MadieBhatti9814@gmail.com, DelphaTharrington9888@gmail.com, ElwoodCortez5872@gmail.com, SanjuanitaBrotzman9707@gmail.com, CelesteMahmood5635@gmail.com, FlorHallock7282@gmail.com, BrigitteRahm2391@gmail.com, CynthiaGines6711@gmail.com, NobleKrom2799@gmail.com, MargaretaKu9884@gmail.com, SherrieRivero5899@gmail.com, MandiSwartwood6426@gmail.com, RickyLatimer5417@gmail.com, ClaraVillegas9775@gmail.com, TyroneAntonio7136@gmail.com, NelleGoodlow2877@gmail.com, YeseniaTillett4254@gmail.com, LynellLando8106@gmail.com, LoreenMorel1989@gmail.com, ValentinaNitti1092@gmail.com, CaraRakowski1097@gmail.com, SilasChickering2101@gmail.com, ThuyDecamp9430@gmail.com, IanReising1886@gmail.com, RufusHanshaw6825@gmail.com, IrmaEncarnacion2873@gmail.com, LeomaMazzei2034@gmail.com, LateshaMarini8611@gmail.com, MallorySegarra2903@gmail.com, TorrieHarnois1022@gmail.com, ParkerForrest2558@gmail.com, JedFrazier6088@gmail.com, KimiSavard3616@gmail.com, LashayFranz1318@gmail.com]
17:54:39.521 [main] INFO api.AvailableMembersApi - Validating members for Survey ID: 71
17:54:39.524 [main] INFO api.AvailableMembersApi - Received response for survey ID 72: Status Code = 200
17:54:39.533 [main] INFO api.AvailableMembersApi - Available emails for survey ID 72: [MalissaArn0202@gmail.com, TeriVillalobos6990@gmail.com, YeseniaConte8292@gmail.com, MeghannFollowell6036@gmail.com, LeeHarlow6738@gmail.com, SalvatoreMonico6748@gmail.com, SunshineFocht0017@gmail.com, DainaMaine1358@gmail.com, OraHousand6876@gmail.com, TasiaMerritt2498@gmail.com, GregoryLucchesi4579@gmail.com, DrucillaWilhelm1088@gmail.com, JaquelynLevett2862@gmail.com, MarikoHadfield9920@gmail.com, JanitaStroman5652@gmail.com, MargaritoDerringer6053@gmail.com, SheritaArispe4106@gmail.com, EverettNorthup7669@gmail.com, MicahShirley0805@gmail.com, WilhelminaHibdon9677@gmail.com, LylaAlmanza0199@gmail.com, ChereGamino1550@gmail.com, FletaGiampaolo3754@gmail.com, CleotildeMcmiller8058@gmail.com, SaraiMorelli9034@gmail.com, JeffryDynes1098@gmail.com, VerniceSoto3260@gmail.com, ElnaPhelan2540@gmail.com, TemikaHuth9411@gmail.com, AdriannaFentress5065@gmail.com, IkeClink7071@gmail.com, GaynellCroce7702@gmail.com, DarlenaFarrington7903@gmail.com, CherrylCarolina2273@gmail.com, ZoeSolar4260@gmail.com, AnjanetteKrupp7724@gmail.com, IveyBuskey1353@gmail.com, ViolaBlackstock8664@gmail.com, ElaneMartinelli1121@gmail.com, RachellAnkrom0998@gmail.com, KylaKays1591@gmail.com, AltonSmedley5432@gmail.com, VoncileHayner2281@gmail.com, BebeLehmkuhl5703@gmail.com, InellRuoff2731@gmail.com, OnitaHolloway7718@gmail.com, NormanCastilleja4018@gmail.com, DelmarTourville5884@gmail.com, AudryBerends0895@gmail.com, ZoraidaFaulkner5026@gmail.com, KelleeMaddy6483@gmail.com, FlorencioMuller2772@gmail.com, JoDettman4460@gmail.com, MarylandBenedict6434@gmail.com, MirthaConine8554@gmail.com, KristinPonton2734@gmail.com, FlossiePangburn4203@gmail.com, YukoSteffes9115@gmail.com, DixieDarsey7418@gmail.com, KendrickPreston8153@gmail.com, CariPizzo2637@gmail.com, EllamaeTallon2542@gmail.com, AbbieKreidler2527@gmail.com, DustinArterburn6055@gmail.com, CatriceLenton4273@gmail.com, LailaHoldren0317@gmail.com, YangSoriano2861@gmail.com, JulianClapper5906@gmail.com, MylesCooke7867@gmail.com, RhebaCorbett1709@gmail.com, MarcelleHerzog9009@gmail.com, XochitlCalderwood5941@gmail.com, LeilaOdle4383@gmail.com, JarvisMillar3472@gmail.com, LekishaHinnenkamp1017@gmail.com, ClementinaGormley2089@gmail.com, JoslynKeen8547@gmail.com, VerlaBearse3879@gmail.com, CassaundraLoar9453@gmail.com, LilliamMcghie9513@gmail.com, HeidiGravelle3094@gmail.com, BuckSlawson5304@gmail.com, LindsayHenline2766@gmail.com, MimiWinsor6625@gmail.com, MaxineClauson3939@gmail.com, LenaGalusha7687@gmail.com, StacieAustria9018@gmail.com, GeorgiaCincotta6796@gmail.com, CandisGapinski6348@gmail.com, CyrstalRobb5332@gmail.com, CorneliaLaney7638@gmail.com, JereRouth3497@gmail.com, ArchieBranning7218@gmail.com, MathaBeard0636@gmail.com, BudMclarty0075@gmail.com, MarlanaGillard2214@gmail.com, ElvisLeatherwood1278@gmail.com, HellenMacrae0712@gmail.com, MeaghanMacinnis5645@gmail.com, LezlieLuckey7094@gmail.com, MozelleReddy3840@gmail.com, OleneLedgerwood3654@gmail.com, ShandaCromer4960@gmail.com, VeniceSherry5610@gmail.com, RonCopher9843@gmail.com, ArmindaValentino6586@gmail.com, CarolannBronson4617@gmail.com, CharlynHaggerty1577@gmail.com, IsaacLinebaugh9546@gmail.com, ElbaFarr1276@gmail.com, AngelikaMarch9925@gmail.com, TylerGalbraith9779@gmail.com, LuisaOhm6420@gmail.com, BetteCarlos5624@gmail.com, RoccoBlubaugh1914@gmail.com, AlexandriaJantz3467@gmail.com, WinstonHemby7253@gmail.com, TamiJepson8335@gmail.com, NereidaTruman9016@gmail.com, HipolitoRowlands4929@gmail.com, PorterMarcinkowski6594@gmail.com, BonnyForester7950@gmail.com, DamionWysocki9147@gmail.com, ColtonMoschella8698@gmail.com, WayneBasler6942@gmail.com, JoieSly5758@gmail.com, TakishaDemo0463@gmail.com, ChasArline0812@gmail.com, JoyaBristol1484@gmail.com, NeidaVartanian0848@gmail.com, AdelaSlusher1773@gmail.com, DaniellNicklas8998@gmail.com, JammieRapp6294@gmail.com, BessHugo8379@gmail.com, MarlinHolm9186@gmail.com, MignonCarnes1909@gmail.com, CareyBaley9974@gmail.com, DaniStroop2632@gmail.com, MaddieMccusker6382@gmail.com, HerschelSena4741@gmail.com, OraSuddeth1307@gmail.com, TedBroome1787@gmail.com, BirgitMcglade6409@gmail.com, HeidiPoplawski3633@gmail.com, CarmenIreland5525@gmail.com, NeliaAbrams8620@gmail.com, AdanCarden9027@gmail.com, LeannaMazer1235@gmail.com, KeshaShoop3740@gmail.com, ElzaAumick8395@gmail.com, TerenceGrothe7967@gmail.com, MarkitaBrymer7321@gmail.com, JazmineMccolley4132@gmail.com, AlphaHundley6257@gmail.com, ScotHollis8426@gmail.com, MarcelinaKoger3137@gmail.com, AlfrediaSemon0100@gmail.com, MiyokoPinto5432@gmail.com, IsauraMorton9001@gmail.com, LeiaAmico4089@gmail.com, YulandaMarsden6146@gmail.com, ChloeFlorey0182@gmail.com, BerniceCorcoran1154@gmail.com, ChristineParkinson6954@gmail.com, MarlysMatteson1945@gmail.com, EstellaLavallie2298@gmail.com, MadieBhatti9814@gmail.com, DelphaTharrington9888@gmail.com, ElwoodCortez5872@gmail.com, SanjuanitaBrotzman9707@gmail.com, CelesteMahmood5635@gmail.com, FlorHallock7282@gmail.com, BrigitteRahm2391@gmail.com, CorazonBohan2879@gmail.com, NobleKrom2799@gmail.com, RosalindDaniele3014@gmail.com, MargaretaKu9884@gmail.com, SherrieRivero5899@gmail.com, MandiSwartwood6426@gmail.com, RickyLatimer5417@gmail.com, ClaraVillegas9775@gmail.com, NoahDeppen5278@gmail.com, NelleGoodlow2877@gmail.com, YeseniaTillett4254@gmail.com, LynellLando8106@gmail.com, LoreenMorel1989@gmail.com, ValentinaNitti1092@gmail.com, CaraRakowski1097@gmail.com, SilasChickering2101@gmail.com, MargueriteSchuman2081@gmail.com, ThuyDecamp9430@gmail.com, IanReising1886@gmail.com, RufusHanshaw6825@gmail.com, IrmaEncarnacion2873@gmail.com, LeomaMazzei2034@gmail.com, LateshaMarini8611@gmail.com, MallorySegarra2903@gmail.com, TorrieHarnois1022@gmail.com, ParkerForrest2558@gmail.com, JedFrazier6088@gmail.com, KimiSavard3616@gmail.com, LashayFranz1318@gmail.com]
17:54:39.533 [main] INFO api.AvailableMembersApi - Validating members for Survey ID: 72
17:54:39.536 [main] INFO api.AvailableMembersApi - Received response for survey ID 73: Status Code = 200
17:54:39.545 [main] INFO api.AvailableMembersApi - Available emails for survey ID 73: [MalissaArn0202@gmail.com, TeriVillalobos6990@gmail.com, YeseniaConte8292@gmail.com, MeghannFollowell6036@gmail.com, LeeHarlow6738@gmail.com, SunshineFocht0017@gmail.com, DainaMaine1358@gmail.com, OraHousand6876@gmail.com, TasiaMerritt2498@gmail.com, GregoryLucchesi4579@gmail.com, DrucillaWilhelm1088@gmail.com, JaquelynLevett2862@gmail.com, JanitaStroman5652@gmail.com, MargaritoDerringer6053@gmail.com, SheritaArispe4106@gmail.com, EverettNorthup7669@gmail.com, MicahShirley0805@gmail.com, WilhelminaHibdon9677@gmail.com, CarolinBlauser7632@gmail.com, ChereGamino1550@gmail.com, FletaGiampaolo3754@gmail.com, CleotildeMcmiller8058@gmail.com, SaraiMorelli9034@gmail.com, LashandaAbbott9174@gmail.com, JeffryDynes1098@gmail.com, VerniceSoto3260@gmail.com, ElnaPhelan2540@gmail.com, TemikaHuth9411@gmail.com, AdriannaFentress5065@gmail.com, TaynaRey4852@gmail.com, GaynellCroce7702@gmail.com, DarlenaFarrington7903@gmail.com, CherrylCarolina2273@gmail.com, ZoeSolar4260@gmail.com, AnjanetteKrupp7724@gmail.com, JanieceSilvernail2745@gmail.com, ViolaBlackstock8664@gmail.com, ElaneMartinelli1121@gmail.com, RachellAnkrom0998@gmail.com, KylaKays1591@gmail.com, AltonSmedley5432@gmail.com, VoncileHayner2281@gmail.com, BebeLehmkuhl5703@gmail.com, InellRuoff2731@gmail.com, OnitaHolloway7718@gmail.com, NormanCastilleja4018@gmail.com, DelmarTourville5884@gmail.com, AudryBerends0895@gmail.com, ZoraidaFaulkner5026@gmail.com, KelleeMaddy6483@gmail.com, FlorencioMuller2772@gmail.com, RosanneTrezza7663@gmail.com, MarylandBenedict6434@gmail.com, MirthaConine8554@gmail.com, FlossiePangburn4203@gmail.com, YukoSteffes9115@gmail.com, DixieDarsey7418@gmail.com, KendrickPreston8153@gmail.com, AbbieKreidler2527@gmail.com, DustinArterburn6055@gmail.com, CatriceLenton4273@gmail.com, LailaHoldren0317@gmail.com, YangSoriano2861@gmail.com, JonShultis2071@gmail.com, JulianClapper5906@gmail.com, MylesCooke7867@gmail.com, RhebaCorbett1709@gmail.com, MarcelleHerzog9009@gmail.com, XochitlCalderwood5941@gmail.com, LeilaOdle4383@gmail.com, AbbyPeevy0877@gmail.com, JarvisMillar3472@gmail.com, LekishaHinnenkamp1017@gmail.com, AngeliaKeebler0114@gmail.com, ClementinaGormley2089@gmail.com, JoslynKeen8547@gmail.com, VerlaBearse3879@gmail.com, CassaundraLoar9453@gmail.com, JiLamarche1348@gmail.com, LilliamMcghie9513@gmail.com, HeidiGravelle3094@gmail.com, BuckSlawson5304@gmail.com, LindsayHenline2766@gmail.com, MimiWinsor6625@gmail.com, MaxineClauson3939@gmail.com, TalishaGeise5594@gmail.com, StacieAustria9018@gmail.com, GeorgiaCincotta6796@gmail.com, CandisGapinski6348@gmail.com, CyrstalRobb5332@gmail.com, CorneliaLaney7638@gmail.com, JereRouth3497@gmail.com, TomiAthey0697@gmail.com, MathaBeard0636@gmail.com, BudMclarty0075@gmail.com, MarlanaGillard2214@gmail.com, ElvisLeatherwood1278@gmail.com, HellenMacrae0712@gmail.com, LezlieLuckey7094@gmail.com, MozelleReddy3840@gmail.com, OleneLedgerwood3654@gmail.com, ShandaCromer4960@gmail.com, VeniceSherry5610@gmail.com, RonCopher9843@gmail.com, CarolannBronson4617@gmail.com, CharlynHaggerty1577@gmail.com, IsaacLinebaugh9546@gmail.com, ElbaFarr1276@gmail.com, AngelikaMarch9925@gmail.com, TylerGalbraith9779@gmail.com, MarylynnChauvin4173@gmail.com, LuisaOhm6420@gmail.com, BetteCarlos5624@gmail.com, RoccoBlubaugh1914@gmail.com, AlexandriaJantz3467@gmail.com, WinstonHemby7253@gmail.com, TamiJepson8335@gmail.com, AnamariaHeadrick7903@gmail.com, HipolitoRowlands4929@gmail.com, PorterMarcinkowski6594@gmail.com, BonnyForester7950@gmail.com, RuthaCrotty1764@gmail.com, DamionWysocki9147@gmail.com, ColtonMoschella8698@gmail.com, WayneBasler6942@gmail.com, JoieSly5758@gmail.com, TakishaDemo0463@gmail.com, ChasArline0812@gmail.com, JoyaBristol1484@gmail.com, NeidaVartanian0848@gmail.com, EllieDuca1079@gmail.com, AdelaSlusher1773@gmail.com, BessHugo8379@gmail.com, MignonCarnes1909@gmail.com, CareyBaley9974@gmail.com, DaniStroop2632@gmail.com, MaddieMccusker6382@gmail.com, HerschelSena4741@gmail.com, OraSuddeth1307@gmail.com, TedBroome1787@gmail.com, BirgitMcglade6409@gmail.com, HeidiPoplawski3633@gmail.com, CarmenIreland5525@gmail.com, NeliaAbrams8620@gmail.com, AdanCarden9027@gmail.com, LeannaMazer1235@gmail.com, KeshaShoop3740@gmail.com, ElzaAumick8395@gmail.com, TerenceGrothe7967@gmail.com, MarkitaBrymer7321@gmail.com, JazmineMccolley4132@gmail.com, AlphaHundley6257@gmail.com, ScotHollis8426@gmail.com, MarcelinaKoger3137@gmail.com, NaomaWhitman5530@gmail.com, AlfrediaSemon0100@gmail.com, MiyokoPinto5432@gmail.com, IsauraMorton9001@gmail.com, LeiaAmico4089@gmail.com, SimonPolinsky7978@gmail.com, YulandaMarsden6146@gmail.com, ChloeFlorey0182@gmail.com, BerniceCorcoran1154@gmail.com, ChristineParkinson6954@gmail.com, MarlysMatteson1945@gmail.com, EstellaLavallie2298@gmail.com, MadieBhatti9814@gmail.com, DelphaTharrington9888@gmail.com, ElwoodCortez5872@gmail.com, SanjuanitaBrotzman9707@gmail.com, FlorHallock7282@gmail.com, BrigitteRahm2391@gmail.com, CorazonBohan2879@gmail.com, CynthiaGines6711@gmail.com, NobleKrom2799@gmail.com, RosalindDaniele3014@gmail.com, MargaretaKu9884@gmail.com, SherrieRivero5899@gmail.com, MandiSwartwood6426@gmail.com, RickyLatimer5417@gmail.com, ClaraVillegas9775@gmail.com, TyroneAntonio7136@gmail.com, NoahDeppen5278@gmail.com, NelleGoodlow2877@gmail.com, YeseniaTillett4254@gmail.com, LynellLando8106@gmail.com, LoreenMorel1989@gmail.com, ValentinaNitti1092@gmail.com, CaraRakowski1097@gmail.com, SilasChickering2101@gmail.com, MargueriteSchuman2081@gmail.com, ThuyDecamp9430@gmail.com, IanReising1886@gmail.com, RufusHanshaw6825@gmail.com, IrmaEncarnacion2873@gmail.com, LeomaMazzei2034@gmail.com, LateshaMarini8611@gmail.com, MallorySegarra2903@gmail.com, TorrieHarnois1022@gmail.com, ParkerForrest2558@gmail.com, JedFrazier6088@gmail.com, KimiSavard3616@gmail.com, LashayFranz1318@gmail.com]
17:54:39.545 [main] INFO api.AvailableMembersApi - Validating members for Survey ID: 73
17:54:39.548 [main] INFO api.AvailableMembersApi - Received response for survey ID 74: Status Code = 200
17:54:39.563 [main] INFO api.AvailableMembersApi - Available emails for survey ID 74: [MalissaArn0202@gmail.com, TeriVillalobos6990@gmail.com, YeseniaConte8292@gmail.com, MeghannFollowell6036@gmail.com, LeeHarlow6738@gmail.com, SalvatoreMonico6748@gmail.com, SunshineFocht0017@gmail.com, DainaMaine1358@gmail.com, OraHousand6876@gmail.com, GregoryLucchesi4579@gmail.com, DrucillaWilhelm1088@gmail.com, JaquelynLevett2862@gmail.com, MarikoHadfield9920@gmail.com, JanitaStroman5652@gmail.com, MargaritoDerringer6053@gmail.com, SheritaArispe4106@gmail.com, EverettNorthup7669@gmail.com, MicahShirley0805@gmail.com, WilhelminaHibdon9677@gmail.com, CarolinBlauser7632@gmail.com, LylaAlmanza0199@gmail.com, ChereGamino1550@gmail.com, FletaGiampaolo3754@gmail.com, CleotildeMcmiller8058@gmail.com, SaraiMorelli9034@gmail.com, LashandaAbbott9174@gmail.com, JeffryDynes1098@gmail.com, ElnaPhelan2540@gmail.com, TemikaHuth9411@gmail.com, AdriannaFentress5065@gmail.com, TaynaRey4852@gmail.com, GaynellCroce7702@gmail.com, DarlenaFarrington7903@gmail.com, CherrylCarolina2273@gmail.com, ZoeSolar4260@gmail.com, AnjanetteKrupp7724@gmail.com, JanieceSilvernail2745@gmail.com, IveyBuskey1353@gmail.com, ViolaBlackstock8664@gmail.com, ElaneMartinelli1121@gmail.com, RachellAnkrom0998@gmail.com, KylaKays1591@gmail.com, AltonSmedley5432@gmail.com, VoncileHayner2281@gmail.com, BebeLehmkuhl5703@gmail.com, InellRuoff2731@gmail.com, OnitaHolloway7718@gmail.com, NormanCastilleja4018@gmail.com, DelmarTourville5884@gmail.com, AudryBerends0895@gmail.com, ZoraidaFaulkner5026@gmail.com, KelleeMaddy6483@gmail.com, FlorencioMuller2772@gmail.com, JoDettman4460@gmail.com, RosanneTrezza7663@gmail.com, MarylandBenedict6434@gmail.com, MirthaConine8554@gmail.com, KristinPonton2734@gmail.com, FlossiePangburn4203@gmail.com, YukoSteffes9115@gmail.com, KendrickPreston8153@gmail.com, CariPizzo2637@gmail.com, EllamaeTallon2542@gmail.com, AbbieKreidler2527@gmail.com, DustinArterburn6055@gmail.com, CatriceLenton4273@gmail.com, LailaHoldren0317@gmail.com, YangSoriano2861@gmail.com, JonShultis2071@gmail.com, JulianClapper5906@gmail.com, RhebaCorbett1709@gmail.com, MarcelleHerzog9009@gmail.com, XochitlCalderwood5941@gmail.com, LeilaOdle4383@gmail.com, AbbyPeevy0877@gmail.com, JarvisMillar3472@gmail.com, LekishaHinnenkamp1017@gmail.com, AngeliaKeebler0114@gmail.com, ClementinaGormley2089@gmail.com, JoslynKeen8547@gmail.com, VerlaBearse3879@gmail.com, CassaundraLoar9453@gmail.com, JiLamarche1348@gmail.com, LilliamMcghie9513@gmail.com, AlonaRedel2262@gmail.com, HeidiGravelle3094@gmail.com, BuckSlawson5304@gmail.com, LindsayHenline2766@gmail.com, MaxineClauson3939@gmail.com, LenaGalusha7687@gmail.com, TalishaGeise5594@gmail.com, StacieAustria9018@gmail.com, GeorgiaCincotta6796@gmail.com, CandisGapinski6348@gmail.com, CyrstalRobb5332@gmail.com, JereRouth3497@gmail.com, ArchieBranning7218@gmail.com, MathaBeard0636@gmail.com, BudMclarty0075@gmail.com, MarlanaGillard2214@gmail.com, ElvisLeatherwood1278@gmail.com, MeaghanMacinnis5645@gmail.com, LezlieLuckey7094@gmail.com, MozelleReddy3840@gmail.com, OleneLedgerwood3654@gmail.com, ShandaCromer4960@gmail.com, VeniceSherry5610@gmail.com, RonCopher9843@gmail.com, ArmindaValentino6586@gmail.com, CarolannBronson4617@gmail.com, CharlynHaggerty1577@gmail.com, ElbaFarr1276@gmail.com, AngelikaMarch9925@gmail.com, TylerGalbraith9779@gmail.com, MarylynnChauvin4173@gmail.com, LuisaOhm6420@gmail.com, BetteCarlos5624@gmail.com, RoccoBlubaugh1914@gmail.com, TamiJepson8335@gmail.com, AnamariaHeadrick7903@gmail.com, NereidaTruman9016@gmail.com, PorterMarcinkowski6594@gmail.com, BonnyForester7950@gmail.com, RuthaCrotty1764@gmail.com, DamionWysocki9147@gmail.com, ColtonMoschella8698@gmail.com, WayneBasler6942@gmail.com, JoieSly5758@gmail.com, TakishaDemo0463@gmail.com, ChasArline0812@gmail.com, JoyaBristol1484@gmail.com, NeidaVartanian0848@gmail.com, EllieDuca1079@gmail.com, AdelaSlusher1773@gmail.com, DaniellNicklas8998@gmail.com, JammieRapp6294@gmail.com, BessHugo8379@gmail.com, MarlinHolm9186@gmail.com, MignonCarnes1909@gmail.com, CareyBaley9974@gmail.com, DaniStroop2632@gmail.com, MaddieMccusker6382@gmail.com, HerschelSena4741@gmail.com, OraSuddeth1307@gmail.com, TedBroome1787@gmail.com, CarmenIreland5525@gmail.com, NeliaAbrams8620@gmail.com, AdanCarden9027@gmail.com, LeannaMazer1235@gmail.com, KeshaShoop3740@gmail.com, ElzaAumick8395@gmail.com, TerenceGrothe7967@gmail.com, MarkitaBrymer7321@gmail.com, JazmineMccolley4132@gmail.com, AlphaHundley6257@gmail.com, ScotHollis8426@gmail.com, MarcelinaKoger3137@gmail.com, NaomaWhitman5530@gmail.com, MiyokoPinto5432@gmail.com, LeiaAmico4089@gmail.com, SimonPolinsky7978@gmail.com, YulandaMarsden6146@gmail.com, ChloeFlorey0182@gmail.com, BerniceCorcoran1154@gmail.com, ChristineParkinson6954@gmail.com, MarlysMatteson1945@gmail.com, EstellaLavallie2298@gmail.com, MadieBhatti9814@gmail.com, DelphaTharrington9888@gmail.com, ElwoodCortez5872@gmail.com, SanjuanitaBrotzman9707@gmail.com, CelesteMahmood5635@gmail.com, FlorHallock7282@gmail.com, BrigitteRahm2391@gmail.com, CynthiaGines6711@gmail.com, NobleKrom2799@gmail.com, RosalindDaniele3014@gmail.com, MargaretaKu9884@gmail.com, SherrieRivero5899@gmail.com, MandiSwartwood6426@gmail.com, RickyLatimer5417@gmail.com, ClaraVillegas9775@gmail.com, TyroneAntonio7136@gmail.com, NoahDeppen5278@gmail.com, NelleGoodlow2877@gmail.com, YeseniaTillett4254@gmail.com, LynellLando8106@gmail.com, LoreenMorel1989@gmail.com, ValentinaNitti1092@gmail.com, CaraRakowski1097@gmail.com, SilasChickering2101@gmail.com, MargueriteSchuman2081@gmail.com, ThuyDecamp9430@gmail.com, IanReising1886@gmail.com, RufusHanshaw6825@gmail.com, LeomaMazzei2034@gmail.com, MallorySegarra2903@gmail.com, TorrieHarnois1022@gmail.com, ParkerForrest2558@gmail.com, JedFrazier6088@gmail.com, KimiSavard3616@gmail.com, LashayFranz1318@gmail.com]
17:54:39.563 [main] INFO api.AvailableMembersApi - Validating members for Survey ID: 74
17:54:39.566 [main] INFO api.AvailableMembersApi - Received response for survey ID 75: Status Code = 200
17:54:39.604 [main] INFO api.AvailableMembersApi - Available emails for survey ID 75: [MalissaArn0202@gmail.com, TeriVillalobos6990@gmail.com, YeseniaConte8292@gmail.com, SalvatoreMonico6748@gmail.com, SunshineFocht0017@gmail.com, DainaMaine1358@gmail.com, OraHousand6876@gmail.com, TasiaMerritt2498@gmail.com, GregoryLucchesi4579@gmail.com, DrucillaWilhelm1088@gmail.com, JaquelynLevett2862@gmail.com, MarikoHadfield9920@gmail.com, JanitaStroman5652@gmail.com, MargaritoDerringer6053@gmail.com, SheritaArispe4106@gmail.com, EverettNorthup7669@gmail.com, MicahShirley0805@gmail.com, WilhelminaHibdon9677@gmail.com, CarolinBlauser7632@gmail.com, LylaAlmanza0199@gmail.com, ChereGamino1550@gmail.com, FletaGiampaolo3754@gmail.com, CleotildeMcmiller8058@gmail.com, SaraiMorelli9034@gmail.com, LashandaAbbott9174@gmail.com, JeffryDynes1098@gmail.com, ElnaPhelan2540@gmail.com, TemikaHuth9411@gmail.com, AdriannaFentress5065@gmail.com, TaynaRey4852@gmail.com, IkeClink7071@gmail.com, GaynellCroce7702@gmail.com, DarlenaFarrington7903@gmail.com, CherrylCarolina2273@gmail.com, ZoeSolar4260@gmail.com, AnjanetteKrupp7724@gmail.com, JanieceSilvernail2745@gmail.com, IveyBuskey1353@gmail.com, ViolaBlackstock8664@gmail.com, ElaneMartinelli1121@gmail.com, RachellAnkrom0998@gmail.com, KylaKays1591@gmail.com, AltonSmedley5432@gmail.com, VoncileHayner2281@gmail.com, InellRuoff2731@gmail.com, NormanCastilleja4018@gmail.com, DelmarTourville5884@gmail.com, AudryBerends0895@gmail.com, ZoraidaFaulkner5026@gmail.com, KelleeMaddy6483@gmail.com, FlorencioMuller2772@gmail.com, JoDettman4460@gmail.com, RosanneTrezza7663@gmail.com, MarylandBenedict6434@gmail.com, MirthaConine8554@gmail.com, KristinPonton2734@gmail.com, FlossiePangburn4203@gmail.com, YukoSteffes9115@gmail.com, DixieDarsey7418@gmail.com, KendrickPreston8153@gmail.com, CariPizzo2637@gmail.com, EllamaeTallon2542@gmail.com, AbbieKreidler2527@gmail.com, DustinArterburn6055@gmail.com, CatriceLenton4273@gmail.com, LailaHoldren0317@gmail.com, YangSoriano2861@gmail.com, JonShultis2071@gmail.com, JulianClapper5906@gmail.com, MylesCooke7867@gmail.com, RhebaCorbett1709@gmail.com, MarcelleHerzog9009@gmail.com, XochitlCalderwood5941@gmail.com, LeilaOdle4383@gmail.com, AbbyPeevy0877@gmail.com, JarvisMillar3472@gmail.com, LekishaHinnenkamp1017@gmail.com, AngeliaKeebler0114@gmail.com, ClementinaGormley2089@gmail.com, JoslynKeen8547@gmail.com, VerlaBearse3879@gmail.com, JiLamarche1348@gmail.com, LilliamMcghie9513@gmail.com, AlonaRedel2262@gmail.com, HeidiGravelle3094@gmail.com, BuckSlawson5304@gmail.com, LindsayHenline2766@gmail.com, MimiWinsor6625@gmail.com, TalishaGeise5594@gmail.com, StacieAustria9018@gmail.com, GeorgiaCincotta6796@gmail.com, CandisGapinski6348@gmail.com, CyrstalRobb5332@gmail.com, CorneliaLaney7638@gmail.com, JereRouth3497@gmail.com, TomiAthey0697@gmail.com, MathaBeard0636@gmail.com, BudMclarty0075@gmail.com, MarlanaGillard2214@gmail.com, ElvisLeatherwood1278@gmail.com, HellenMacrae0712@gmail.com, MeaghanMacinnis5645@gmail.com, LezlieLuckey7094@gmail.com, MozelleReddy3840@gmail.com, OleneLedgerwood3654@gmail.com, ShandaCromer4960@gmail.com, VeniceSherry5610@gmail.com, RonCopher9843@gmail.com, ArmindaValentino6586@gmail.com, CarolannBronson4617@gmail.com, CharlynHaggerty1577@gmail.com, AngelikaMarch9925@gmail.com, TylerGalbraith9779@gmail.com, MarylynnChauvin4173@gmail.com, LuisaOhm6420@gmail.com, BetteCarlos5624@gmail.com, RoccoBlubaugh1914@gmail.com, AlexandriaJantz3467@gmail.com, WinstonHemby7253@gmail.com, TamiJepson8335@gmail.com, AnamariaHeadrick7903@gmail.com, NereidaTruman9016@gmail.com, PorterMarcinkowski6594@gmail.com, BonnyForester7950@gmail.com, RuthaCrotty1764@gmail.com, DamionWysocki9147@gmail.com, ColtonMoschella8698@gmail.com, WayneBasler6942@gmail.com, JoieSly5758@gmail.com, TakishaDemo0463@gmail.com, ChasArline0812@gmail.com, NeidaVartanian0848@gmail.com, EllieDuca1079@gmail.com, AdelaSlusher1773@gmail.com, DaniellNicklas8998@gmail.com, JammieRapp6294@gmail.com, BessHugo8379@gmail.com, MarlinHolm9186@gmail.com, MignonCarnes1909@gmail.com, CareyBaley9974@gmail.com, DaniStroop2632@gmail.com, MaddieMccusker6382@gmail.com, HerschelSena4741@gmail.com, OraSuddeth1307@gmail.com, TedBroome1787@gmail.com, BirgitMcglade6409@gmail.com, HeidiPoplawski3633@gmail.com, CarmenIreland5525@gmail.com, NeliaAbrams8620@gmail.com, AdanCarden9027@gmail.com, LeannaMazer1235@gmail.com, KeshaShoop3740@gmail.com, ElzaAumick8395@gmail.com, JazmineMccolley4132@gmail.com, AlphaHundley6257@gmail.com, ScotHollis8426@gmail.com, MarcelinaKoger3137@gmail.com, NaomaWhitman5530@gmail.com, AlfrediaSemon0100@gmail.com, MiyokoPinto5432@gmail.com, IsauraMorton9001@gmail.com, LeiaAmico4089@gmail.com, SimonPolinsky7978@gmail.com, YulandaMarsden6146@gmail.com, ChloeFlorey0182@gmail.com, BerniceCorcoran1154@gmail.com, ChristineParkinson6954@gmail.com, MarlysMatteson1945@gmail.com, EstellaLavallie2298@gmail.com, MadieBhatti9814@gmail.com, DelphaTharrington9888@gmail.com, ElwoodCortez5872@gmail.com, SanjuanitaBrotzman9707@gmail.com, CelesteMahmood5635@gmail.com, FlorHallock7282@gmail.com, BrigitteRahm2391@gmail.com, CorazonBohan2879@gmail.com, CynthiaGines6711@gmail.com, NobleKrom2799@gmail.com, RosalindDaniele3014@gmail.com, MargaretaKu9884@gmail.com, SherrieRivero5899@gmail.com, MandiSwartwood6426@gmail.com, RickyLatimer5417@gmail.com, ClaraVillegas9775@gmail.com, TyroneAntonio7136@gmail.com, NoahDeppen5278@gmail.com, NelleGoodlow2877@gmail.com, YeseniaTillett4254@gmail.com, LynellLando8106@gmail.com, LoreenMorel1989@gmail.com, ValentinaNitti1092@gmail.com, CaraRakowski1097@gmail.com, SilasChickering2101@gmail.com, MargueriteSchuman2081@gmail.com, ThuyDecamp9430@gmail.com, RufusHanshaw6825@gmail.com, IrmaEncarnacion2873@gmail.com, LeomaMazzei2034@gmail.com, LateshaMarini8611@gmail.com, MallorySegarra2903@gmail.com, ParkerForrest2558@gmail.com, JedFrazier6088@gmail.com, KimiSavard3616@gmail.com, LashayFranz1318@gmail.com]
17:54:39.604 [main] INFO api.AvailableMembersApi - Validating members for Survey ID: 75
17:54:39.607 [main] INFO api.AvailableMembersApi - Received response for survey ID 76: Status Code = 200
17:54:39.616 [main] INFO api.AvailableMembersApi - Available emails for survey ID 76: [MalissaArn0202@gmail.com, TeriVillalobos6990@gmail.com, YeseniaConte8292@gmail.com, MeghannFollowell6036@gmail.com, LeeHarlow6738@gmail.com, SalvatoreMonico6748@gmail.com, SunshineFocht0017@gmail.com, DainaMaine1358@gmail.com, TasiaMerritt2498@gmail.com, GregoryLucchesi4579@gmail.com, DrucillaWilhelm1088@gmail.com, JaquelynLevett2862@gmail.com, MarikoHadfield9920@gmail.com, JanitaStroman5652@gmail.com, MargaritoDerringer6053@gmail.com, SheritaArispe4106@gmail.com, MicahShirley0805@gmail.com, WilhelminaHibdon9677@gmail.com, CarolinBlauser7632@gmail.com, LylaAlmanza0199@gmail.com, ChereGamino1550@gmail.com, FletaGiampaolo3754@gmail.com, CleotildeMcmiller8058@gmail.com, SaraiMorelli9034@gmail.com, LashandaAbbott9174@gmail.com, JeffryDynes1098@gmail.com, VerniceSoto3260@gmail.com, ElnaPhelan2540@gmail.com, TemikaHuth9411@gmail.com, AdriannaFentress5065@gmail.com, TaynaRey4852@gmail.com, IkeClink7071@gmail.com, GaynellCroce7702@gmail.com, DarlenaFarrington7903@gmail.com, CherrylCarolina2273@gmail.com, ZoeSolar4260@gmail.com, AnjanetteKrupp7724@gmail.com, JanieceSilvernail2745@gmail.com, IveyBuskey1353@gmail.com, ViolaBlackstock8664@gmail.com, ElaneMartinelli1121@gmail.com, RachellAnkrom0998@gmail.com, KylaKays1591@gmail.com, AltonSmedley5432@gmail.com, BebeLehmkuhl5703@gmail.com, InellRuoff2731@gmail.com, OnitaHolloway7718@gmail.com, NormanCastilleja4018@gmail.com, DelmarTourville5884@gmail.com, AudryBerends0895@gmail.com, ZoraidaFaulkner5026@gmail.com, KelleeMaddy6483@gmail.com, FlorencioMuller2772@gmail.com, JoDettman4460@gmail.com, RosanneTrezza7663@gmail.com, MirthaConine8554@gmail.com, KristinPonton2734@gmail.com, FlossiePangburn4203@gmail.com, YukoSteffes9115@gmail.com, DixieDarsey7418@gmail.com, KendrickPreston8153@gmail.com, CariPizzo2637@gmail.com, EllamaeTallon2542@gmail.com, AbbieKreidler2527@gmail.com, DustinArterburn6055@gmail.com, CatriceLenton4273@gmail.com, LailaHoldren0317@gmail.com, YangSoriano2861@gmail.com, JonShultis2071@gmail.com, JulianClapper5906@gmail.com, MylesCooke7867@gmail.com, RhebaCorbett1709@gmail.com, MarcelleHerzog9009@gmail.com, XochitlCalderwood5941@gmail.com, LeilaOdle4383@gmail.com, AbbyPeevy0877@gmail.com, JarvisMillar3472@gmail.com, LekishaHinnenkamp1017@gmail.com, ClementinaGormley2089@gmail.com, JoslynKeen8547@gmail.com, VerlaBearse3879@gmail.com, CassaundraLoar9453@gmail.com, JiLamarche1348@gmail.com, LilliamMcghie9513@gmail.com, AlonaRedel2262@gmail.com, HeidiGravelle3094@gmail.com, BuckSlawson5304@gmail.com, LindsayHenline2766@gmail.com, MimiWinsor6625@gmail.com, MaxineClauson3939@gmail.com, LenaGalusha7687@gmail.com, TalishaGeise5594@gmail.com, StacieAustria9018@gmail.com, GeorgiaCincotta6796@gmail.com, CandisGapinski6348@gmail.com, CyrstalRobb5332@gmail.com, CorneliaLaney7638@gmail.com, JereRouth3497@gmail.com, ArchieBranning7218@gmail.com, TomiAthey0697@gmail.com, BudMclarty0075@gmail.com, MarlanaGillard2214@gmail.com, ElvisLeatherwood1278@gmail.com, HellenMacrae0712@gmail.com, MeaghanMacinnis5645@gmail.com, LezlieLuckey7094@gmail.com, MozelleReddy3840@gmail.com, ShandaCromer4960@gmail.com, VeniceSherry5610@gmail.com, RonCopher9843@gmail.com, ArmindaValentino6586@gmail.com, CarolannBronson4617@gmail.com, CharlynHaggerty1577@gmail.com, IsaacLinebaugh9546@gmail.com, ElbaFarr1276@gmail.com, AngelikaMarch9925@gmail.com, TylerGalbraith9779@gmail.com, MarylynnChauvin4173@gmail.com, LuisaOhm6420@gmail.com, BetteCarlos5624@gmail.com, RoccoBlubaugh1914@gmail.com, AlexandriaJantz3467@gmail.com, WinstonHemby7253@gmail.com, TamiJepson8335@gmail.com, AnamariaHeadrick7903@gmail.com, NereidaTruman9016@gmail.com, HipolitoRowlands4929@gmail.com, PorterMarcinkowski6594@gmail.com, BonnyForester7950@gmail.com, RuthaCrotty1764@gmail.com, DamionWysocki9147@gmail.com, ColtonMoschella8698@gmail.com, WayneBasler6942@gmail.com, JoieSly5758@gmail.com, TakishaDemo0463@gmail.com, ChasArline0812@gmail.com, JoyaBristol1484@gmail.com, NeidaVartanian0848@gmail.com, EllieDuca1079@gmail.com, AdelaSlusher1773@gmail.com, DaniellNicklas8998@gmail.com, JammieRapp6294@gmail.com, BessHugo8379@gmail.com, MarlinHolm9186@gmail.com, CareyBaley9974@gmail.com, DaniStroop2632@gmail.com, MaddieMccusker6382@gmail.com, HerschelSena4741@gmail.com, OraSuddeth1307@gmail.com, TedBroome1787@gmail.com, BirgitMcglade6409@gmail.com, HeidiPoplawski3633@gmail.com, CarmenIreland5525@gmail.com, NeliaAbrams8620@gmail.com, AdanCarden9027@gmail.com, KeshaShoop3740@gmail.com, ElzaAumick8395@gmail.com, TerenceGrothe7967@gmail.com, MarkitaBrymer7321@gmail.com, JazmineMccolley4132@gmail.com, AlphaHundley6257@gmail.com, ScotHollis8426@gmail.com, MarcelinaKoger3137@gmail.com, NaomaWhitman5530@gmail.com, AlfrediaSemon0100@gmail.com, IsauraMorton9001@gmail.com, LeiaAmico4089@gmail.com, SimonPolinsky7978@gmail.com, YulandaMarsden6146@gmail.com, ChloeFlorey0182@gmail.com, BerniceCorcoran1154@gmail.com, ChristineParkinson6954@gmail.com, MarlysMatteson1945@gmail.com, EstellaLavallie2298@gmail.com, MadieBhatti9814@gmail.com, DelphaTharrington9888@gmail.com, ElwoodCortez5872@gmail.com, SanjuanitaBrotzman9707@gmail.com, CelesteMahmood5635@gmail.com, FlorHallock7282@gmail.com, BrigitteRahm2391@gmail.com, CorazonBohan2879@gmail.com, CynthiaGines6711@gmail.com, NobleKrom2799@gmail.com, RosalindDaniele3014@gmail.com, MargaretaKu9884@gmail.com, SherrieRivero5899@gmail.com, NoahDeppen5278@gmail.com, NelleGoodlow2877@gmail.com, YeseniaTillett4254@gmail.com, LynellLando8106@gmail.com, ValentinaNitti1092@gmail.com, CaraRakowski1097@gmail.com, SilasChickering2101@gmail.com, MargueriteSchuman2081@gmail.com, ThuyDecamp9430@gmail.com, IanReising1886@gmail.com, RufusHanshaw6825@gmail.com, IrmaEncarnacion2873@gmail.com, LeomaMazzei2034@gmail.com, LateshaMarini8611@gmail.com, MallorySegarra2903@gmail.com, TorrieHarnois1022@gmail.com, ParkerForrest2558@gmail.com, JedFrazier6088@gmail.com, LashayFranz1318@gmail.com]
17:54:39.616 [main] INFO api.AvailableMembersApi - Validating members for Survey ID: 76
17:54:39.621 [main] INFO api.AvailableMembersApi - Received response for survey ID 77: Status Code = 200
17:54:39.640 [main] INFO api.AvailableMembersApi - Available emails for survey ID 77: [MalissaArn0202@gmail.com, TeriVillalobos6990@gmail.com, YeseniaConte8292@gmail.com, MeghannFollowell6036@gmail.com, SunshineFocht0017@gmail.com, DainaMaine1358@gmail.com, OraHousand6876@gmail.com, TasiaMerritt2498@gmail.com, GregoryLucchesi4579@gmail.com, DrucillaWilhelm1088@gmail.com, JaquelynLevett2862@gmail.com, MarikoHadfield9920@gmail.com, JanitaStroman5652@gmail.com, MargaritoDerringer6053@gmail.com, EverettNorthup7669@gmail.com, MicahShirley0805@gmail.com, WilhelminaHibdon9677@gmail.com, CarolinBlauser7632@gmail.com, LylaAlmanza0199@gmail.com, ChereGamino1550@gmail.com, FletaGiampaolo3754@gmail.com, SaraiMorelli9034@gmail.com, LashandaAbbott9174@gmail.com, JeffryDynes1098@gmail.com, VerniceSoto3260@gmail.com, ElnaPhelan2540@gmail.com, TemikaHuth9411@gmail.com, AdriannaFentress5065@gmail.com, TaynaRey4852@gmail.com, IkeClink7071@gmail.com, GaynellCroce7702@gmail.com, DarlenaFarrington7903@gmail.com, CherrylCarolina2273@gmail.com, ZoeSolar4260@gmail.com, AnjanetteKrupp7724@gmail.com, JanieceSilvernail2745@gmail.com, ViolaBlackstock8664@gmail.com, ElaneMartinelli1121@gmail.com, RachellAnkrom0998@gmail.com, KylaKays1591@gmail.com, AltonSmedley5432@gmail.com, VoncileHayner2281@gmail.com, BebeLehmkuhl5703@gmail.com, InellRuoff2731@gmail.com, OnitaHolloway7718@gmail.com, DelmarTourville5884@gmail.com, AudryBerends0895@gmail.com, ZoraidaFaulkner5026@gmail.com, KelleeMaddy6483@gmail.com, FlorencioMuller2772@gmail.com, JoDettman4460@gmail.com, RosanneTrezza7663@gmail.com, MarylandBenedict6434@gmail.com, MirthaConine8554@gmail.com, KristinPonton2734@gmail.com, FlossiePangburn4203@gmail.com, YukoSteffes9115@gmail.com, DixieDarsey7418@gmail.com, CariPizzo2637@gmail.com, EllamaeTallon2542@gmail.com, AbbieKreidler2527@gmail.com, CatriceLenton4273@gmail.com, LailaHoldren0317@gmail.com, YangSoriano2861@gmail.com, JonShultis2071@gmail.com, JulianClapper5906@gmail.com, MylesCooke7867@gmail.com, RhebaCorbett1709@gmail.com, MarcelleHerzog9009@gmail.com, XochitlCalderwood5941@gmail.com, LeilaOdle4383@gmail.com, AbbyPeevy0877@gmail.com, JarvisMillar3472@gmail.com, AngeliaKeebler0114@gmail.com, ClementinaGormley2089@gmail.com, JoslynKeen8547@gmail.com, VerlaBearse3879@gmail.com, CassaundraLoar9453@gmail.com, JiLamarche1348@gmail.com, AlonaRedel2262@gmail.com, HeidiGravelle3094@gmail.com, BuckSlawson5304@gmail.com, LindsayHenline2766@gmail.com, MimiWinsor6625@gmail.com, MaxineClauson3939@gmail.com, LenaGalusha7687@gmail.com, TalishaGeise5594@gmail.com, GeorgiaCincotta6796@gmail.com, CandisGapinski6348@gmail.com, CyrstalRobb5332@gmail.com, CorneliaLaney7638@gmail.com, JereRouth3497@gmail.com, ArchieBranning7218@gmail.com, TomiAthey0697@gmail.com, MathaBeard0636@gmail.com, BudMclarty0075@gmail.com, ElvisLeatherwood1278@gmail.com, HellenMacrae0712@gmail.com, MeaghanMacinnis5645@gmail.com, LezlieLuckey7094@gmail.com, MozelleReddy3840@gmail.com, OleneLedgerwood3654@gmail.com, ShandaCromer4960@gmail.com, ArmindaValentino6586@gmail.com, CarolannBronson4617@gmail.com, CharlynHaggerty1577@gmail.com, ElbaFarr1276@gmail.com, TylerGalbraith9779@gmail.com, MarylynnChauvin4173@gmail.com, LuisaOhm6420@gmail.com, BetteCarlos5624@gmail.com, AlexandriaJantz3467@gmail.com, WinstonHemby7253@gmail.com, TamiJepson8335@gmail.com, AnamariaHeadrick7903@gmail.com, NereidaTruman9016@gmail.com, PorterMarcinkowski6594@gmail.com, BonnyForester7950@gmail.com, RuthaCrotty1764@gmail.com, DamionWysocki9147@gmail.com, ColtonMoschella8698@gmail.com, WayneBasler6942@gmail.com, JoieSly5758@gmail.com, TakishaDemo0463@gmail.com, ChasArline0812@gmail.com, JoyaBristol1484@gmail.com, EllieDuca1079@gmail.com, AdelaSlusher1773@gmail.com, DaniellNicklas8998@gmail.com, JammieRapp6294@gmail.com, BessHugo8379@gmail.com, MignonCarnes1909@gmail.com, DaniStroop2632@gmail.com, MaddieMccusker6382@gmail.com, HerschelSena4741@gmail.com, OraSuddeth1307@gmail.com, TedBroome1787@gmail.com, BirgitMcglade6409@gmail.com, HeidiPoplawski3633@gmail.com, CarmenIreland5525@gmail.com, NeliaAbrams8620@gmail.com, AdanCarden9027@gmail.com, LeannaMazer1235@gmail.com, KeshaShoop3740@gmail.com, ElzaAumick8395@gmail.com, TerenceGrothe7967@gmail.com, MarkitaBrymer7321@gmail.com, AlphaHundley6257@gmail.com, ScotHollis8426@gmail.com, MarcelinaKoger3137@gmail.com, NaomaWhitman5530@gmail.com, AlfrediaSemon0100@gmail.com, MiyokoPinto5432@gmail.com, IsauraMorton9001@gmail.com, LeiaAmico4089@gmail.com, YulandaMarsden6146@gmail.com, BerniceCorcoran1154@gmail.com, MarlysMatteson1945@gmail.com, EstellaLavallie2298@gmail.com, MadieBhatti9814@gmail.com, DelphaTharrington9888@gmail.com, ElwoodCortez5872@gmail.com, SanjuanitaBrotzman9707@gmail.com, CelesteMahmood5635@gmail.com, FlorHallock7282@gmail.com, BrigitteRahm2391@gmail.com, CorazonBohan2879@gmail.com, CynthiaGines6711@gmail.com, NobleKrom2799@gmail.com, RosalindDaniele3014@gmail.com, MargaretaKu9884@gmail.com, SherrieRivero5899@gmail.com, MandiSwartwood6426@gmail.com, ClaraVillegas9775@gmail.com, TyroneAntonio7136@gmail.com, NoahDeppen5278@gmail.com, NelleGoodlow2877@gmail.com, YeseniaTillett4254@gmail.com, LynellLando8106@gmail.com, LoreenMorel1989@gmail.com, ValentinaNitti1092@gmail.com, CaraRakowski1097@gmail.com, SilasChickering2101@gmail.com, IanReising1886@gmail.com, RufusHanshaw6825@gmail.com, LeomaMazzei2034@gmail.com, LateshaMarini8611@gmail.com, MallorySegarra2903@gmail.com, TorrieHarnois1022@gmail.com, ParkerForrest2558@gmail.com, JedFrazier6088@gmail.com, KimiSavard3616@gmail.com, LashayFranz1318@gmail.com]
17:54:39.640 [main] INFO api.AvailableMembersApi - Validating members for Survey ID: 77
17:54:39.647 [main] INFO api.AvailableMembersApi - Received response for survey ID 78: Status Code = 200
17:54:39.663 [main] INFO api.AvailableMembersApi - Available emails for survey ID 78: [MalissaArn0202@gmail.com, TeriVillalobos6990@gmail.com, MeghannFollowell6036@gmail.com, LeeHarlow6738@gmail.com, SalvatoreMonico6748@gmail.com, SunshineFocht0017@gmail.com, DainaMaine1358@gmail.com, TasiaMerritt2498@gmail.com, GregoryLucchesi4579@gmail.com, DrucillaWilhelm1088@gmail.com, JaquelynLevett2862@gmail.com, MarikoHadfield9920@gmail.com, JanitaStroman5652@gmail.com, MargaritoDerringer6053@gmail.com, SheritaArispe4106@gmail.com, EverettNorthup7669@gmail.com, MicahShirley0805@gmail.com, WilhelminaHibdon9677@gmail.com, LylaAlmanza0199@gmail.com, ChereGamino1550@gmail.com, FletaGiampaolo3754@gmail.com, CleotildeMcmiller8058@gmail.com, SaraiMorelli9034@gmail.com, LashandaAbbott9174@gmail.com, JeffryDynes1098@gmail.com, VerniceSoto3260@gmail.com, TemikaHuth9411@gmail.com, AdriannaFentress5065@gmail.com, IkeClink7071@gmail.com, GaynellCroce7702@gmail.com, DarlenaFarrington7903@gmail.com, CherrylCarolina2273@gmail.com, ZoeSolar4260@gmail.com, AnjanetteKrupp7724@gmail.com, JanieceSilvernail2745@gmail.com, IveyBuskey1353@gmail.com, ViolaBlackstock8664@gmail.com, ElaneMartinelli1121@gmail.com, RachellAnkrom0998@gmail.com, KylaKays1591@gmail.com, AltonSmedley5432@gmail.com, BebeLehmkuhl5703@gmail.com, OnitaHolloway7718@gmail.com, NormanCastilleja4018@gmail.com, DelmarTourville5884@gmail.com, AudryBerends0895@gmail.com, ZoraidaFaulkner5026@gmail.com, KelleeMaddy6483@gmail.com, JoDettman4460@gmail.com, RosanneTrezza7663@gmail.com, MarylandBenedict6434@gmail.com, MirthaConine8554@gmail.com, KristinPonton2734@gmail.com, FlossiePangburn4203@gmail.com, YukoSteffes9115@gmail.com, DixieDarsey7418@gmail.com, KendrickPreston8153@gmail.com, CariPizzo2637@gmail.com, EllamaeTallon2542@gmail.com, AbbieKreidler2527@gmail.com, DustinArterburn6055@gmail.com, CatriceLenton4273@gmail.com, LailaHoldren0317@gmail.com, YangSoriano2861@gmail.com, JonShultis2071@gmail.com, JulianClapper5906@gmail.com, MylesCooke7867@gmail.com, RhebaCorbett1709@gmail.com, MarcelleHerzog9009@gmail.com, LeilaOdle4383@gmail.com, AbbyPeevy0877@gmail.com, LekishaHinnenkamp1017@gmail.com, AngeliaKeebler0114@gmail.com, ClementinaGormley2089@gmail.com, JoslynKeen8547@gmail.com, VerlaBearse3879@gmail.com, JiLamarche1348@gmail.com, LilliamMcghie9513@gmail.com, AlonaRedel2262@gmail.com, HeidiGravelle3094@gmail.com, BuckSlawson5304@gmail.com, LenaGalusha7687@gmail.com, TalishaGeise5594@gmail.com, StacieAustria9018@gmail.com, GeorgiaCincotta6796@gmail.com, CandisGapinski6348@gmail.com, CyrstalRobb5332@gmail.com, JereRouth3497@gmail.com, ArchieBranning7218@gmail.com, TomiAthey0697@gmail.com, MathaBeard0636@gmail.com, BudMclarty0075@gmail.com, MarlanaGillard2214@gmail.com, ElvisLeatherwood1278@gmail.com, MeaghanMacinnis5645@gmail.com, LezlieLuckey7094@gmail.com, OleneLedgerwood3654@gmail.com, ShandaCromer4960@gmail.com, VeniceSherry5610@gmail.com, RonCopher9843@gmail.com, ArmindaValentino6586@gmail.com, CarolannBronson4617@gmail.com, CharlynHaggerty1577@gmail.com, IsaacLinebaugh9546@gmail.com, AngelikaMarch9925@gmail.com, TylerGalbraith9779@gmail.com, MarylynnChauvin4173@gmail.com, BetteCarlos5624@gmail.com, RoccoBlubaugh1914@gmail.com, AlexandriaJantz3467@gmail.com, AnamariaHeadrick7903@gmail.com, NereidaTruman9016@gmail.com, HipolitoRowlands4929@gmail.com, PorterMarcinkowski6594@gmail.com, BonnyForester7950@gmail.com, RuthaCrotty1764@gmail.com, DamionWysocki9147@gmail.com, ColtonMoschella8698@gmail.com, WayneBasler6942@gmail.com, JoieSly5758@gmail.com, TakishaDemo0463@gmail.com, ChasArline0812@gmail.com, JoyaBristol1484@gmail.com, EllieDuca1079@gmail.com, AdelaSlusher1773@gmail.com, DaniellNicklas8998@gmail.com, JammieRapp6294@gmail.com, BessHugo8379@gmail.com, MarlinHolm9186@gmail.com, MignonCarnes1909@gmail.com, CareyBaley9974@gmail.com, DaniStroop2632@gmail.com, MaddieMccusker6382@gmail.com, HerschelSena4741@gmail.com, OraSuddeth1307@gmail.com, TedBroome1787@gmail.com, BirgitMcglade6409@gmail.com, HeidiPoplawski3633@gmail.com, CarmenIreland5525@gmail.com, NeliaAbrams8620@gmail.com, AdanCarden9027@gmail.com, LeannaMazer1235@gmail.com, KeshaShoop3740@gmail.com, ElzaAumick8395@gmail.com, TerenceGrothe7967@gmail.com, MarkitaBrymer7321@gmail.com, AlphaHundley6257@gmail.com, ScotHollis8426@gmail.com, MarcelinaKoger3137@gmail.com, NaomaWhitman5530@gmail.com, AlfrediaSemon0100@gmail.com, MiyokoPinto5432@gmail.com, IsauraMorton9001@gmail.com, LeiaAmico4089@gmail.com, SimonPolinsky7978@gmail.com, YulandaMarsden6146@gmail.com, ChloeFlorey0182@gmail.com, BerniceCorcoran1154@gmail.com, ChristineParkinson6954@gmail.com, MarlysMatteson1945@gmail.com, EstellaLavallie2298@gmail.com, MadieBhatti9814@gmail.com, DelphaTharrington9888@gmail.com, ElwoodCortez5872@gmail.com, SanjuanitaBrotzman9707@gmail.com, CelesteMahmood5635@gmail.com, FlorHallock7282@gmail.com, BrigitteRahm2391@gmail.com, CorazonBohan2879@gmail.com, NobleKrom2799@gmail.com, RosalindDaniele3014@gmail.com, MargaretaKu9884@gmail.com, SherrieRivero5899@gmail.com, MandiSwartwood6426@gmail.com, RickyLatimer5417@gmail.com, TyroneAntonio7136@gmail.com, NoahDeppen5278@gmail.com, YeseniaTillett4254@gmail.com, LynellLando8106@gmail.com, LoreenMorel1989@gmail.com, ValentinaNitti1092@gmail.com, CaraRakowski1097@gmail.com, SilasChickering2101@gmail.com, MargueriteSchuman2081@gmail.com, ThuyDecamp9430@gmail.com, IanReising1886@gmail.com, RufusHanshaw6825@gmail.com, IrmaEncarnacion2873@gmail.com, MallorySegarra2903@gmail.com, TorrieHarnois1022@gmail.com, ParkerForrest2558@gmail.com, JedFrazier6088@gmail.com, LashayFranz1318@gmail.com]
17:54:39.663 [main] INFO api.AvailableMembersApi - Validating members for Survey ID: 78
17:54:39.667 [main] INFO api.AvailableMembersApi - Received response for survey ID 79: Status Code = 200
17:54:39.677 [main] INFO api.AvailableMembersApi - Available emails for survey ID 79: [TeriVillalobos6990@gmail.com, MeghannFollowell6036@gmail.com, LeeHarlow6738@gmail.com, SunshineFocht0017@gmail.com, DainaMaine1358@gmail.com, OraHousand6876@gmail.com, TasiaMerritt2498@gmail.com, GregoryLucchesi4579@gmail.com, DrucillaWilhelm1088@gmail.com, MarikoHadfield9920@gmail.com, JanitaStroman5652@gmail.com, MargaritoDerringer6053@gmail.com, SheritaArispe4106@gmail.com, WilhelminaHibdon9677@gmail.com, CarolinBlauser7632@gmail.com, LylaAlmanza0199@gmail.com, ChereGamino1550@gmail.com, FletaGiampaolo3754@gmail.com, CleotildeMcmiller8058@gmail.com, SaraiMorelli9034@gmail.com, JeffryDynes1098@gmail.com, VerniceSoto3260@gmail.com, AdriannaFentress5065@gmail.com, TaynaRey4852@gmail.com, IkeClink7071@gmail.com, GaynellCroce7702@gmail.com, DarlenaFarrington7903@gmail.com, CherrylCarolina2273@gmail.com, AnjanetteKrupp7724@gmail.com, JanieceSilvernail2745@gmail.com, ViolaBlackstock8664@gmail.com, ElaneMartinelli1121@gmail.com, RachellAnkrom0998@gmail.com, KylaKays1591@gmail.com, VoncileHayner2281@gmail.com, BebeLehmkuhl5703@gmail.com, InellRuoff2731@gmail.com, NormanCastilleja4018@gmail.com, DelmarTourville5884@gmail.com, AudryBerends0895@gmail.com, ZoraidaFaulkner5026@gmail.com, KelleeMaddy6483@gmail.com, FlorencioMuller2772@gmail.com, JoDettman4460@gmail.com, RosanneTrezza7663@gmail.com, MarylandBenedict6434@gmail.com, MirthaConine8554@gmail.com, KristinPonton2734@gmail.com, FlossiePangburn4203@gmail.com, YukoSteffes9115@gmail.com, DixieDarsey7418@gmail.com, KendrickPreston8153@gmail.com, CariPizzo2637@gmail.com, EllamaeTallon2542@gmail.com, AbbieKreidler2527@gmail.com, DustinArterburn6055@gmail.com, CatriceLenton4273@gmail.com, LailaHoldren0317@gmail.com, YangSoriano2861@gmail.com, JonShultis2071@gmail.com, JulianClapper5906@gmail.com, MylesCooke7867@gmail.com, RhebaCorbett1709@gmail.com, MarcelleHerzog9009@gmail.com, LeilaOdle4383@gmail.com, AbbyPeevy0877@gmail.com, JarvisMillar3472@gmail.com, LekishaHinnenkamp1017@gmail.com, AngeliaKeebler0114@gmail.com, ClementinaGormley2089@gmail.com, JoslynKeen8547@gmail.com, VerlaBearse3879@gmail.com, CassaundraLoar9453@gmail.com, JiLamarche1348@gmail.com, LilliamMcghie9513@gmail.com, AlonaRedel2262@gmail.com, BuckSlawson5304@gmail.com, LindsayHenline2766@gmail.com, MimiWinsor6625@gmail.com, MaxineClauson3939@gmail.com, LenaGalusha7687@gmail.com, TalishaGeise5594@gmail.com, StacieAustria9018@gmail.com, GeorgiaCincotta6796@gmail.com, CandisGapinski6348@gmail.com, CyrstalRobb5332@gmail.com, CorneliaLaney7638@gmail.com, JereRouth3497@gmail.com, ArchieBranning7218@gmail.com, TomiAthey0697@gmail.com, MathaBeard0636@gmail.com, BudMclarty0075@gmail.com, MarlanaGillard2214@gmail.com, ElvisLeatherwood1278@gmail.com, HellenMacrae0712@gmail.com, LezlieLuckey7094@gmail.com, MozelleReddy3840@gmail.com, VeniceSherry5610@gmail.com, RonCopher9843@gmail.com, ArmindaValentino6586@gmail.com, CarolannBronson4617@gmail.com, CharlynHaggerty1577@gmail.com, IsaacLinebaugh9546@gmail.com, ElbaFarr1276@gmail.com, AngelikaMarch9925@gmail.com, MarylynnChauvin4173@gmail.com, LuisaOhm6420@gmail.com, BetteCarlos5624@gmail.com, RoccoBlubaugh1914@gmail.com, AlexandriaJantz3467@gmail.com, WinstonHemby7253@gmail.com, TamiJepson8335@gmail.com, AnamariaHeadrick7903@gmail.com, NereidaTruman9016@gmail.com, HipolitoRowlands4929@gmail.com, PorterMarcinkowski6594@gmail.com, BonnyForester7950@gmail.com, RuthaCrotty1764@gmail.com, DamionWysocki9147@gmail.com, WayneBasler6942@gmail.com, JoieSly5758@gmail.com, TakishaDemo0463@gmail.com, ChasArline0812@gmail.com, JoyaBristol1484@gmail.com, NeidaVartanian0848@gmail.com, AdelaSlusher1773@gmail.com, DaniellNicklas8998@gmail.com, BessHugo8379@gmail.com, MarlinHolm9186@gmail.com, MignonCarnes1909@gmail.com, CareyBaley9974@gmail.com, DaniStroop2632@gmail.com, OraSuddeth1307@gmail.com, BirgitMcglade6409@gmail.com, HeidiPoplawski3633@gmail.com, CarmenIreland5525@gmail.com, NeliaAbrams8620@gmail.com, AdanCarden9027@gmail.com, LeannaMazer1235@gmail.com, KeshaShoop3740@gmail.com, ElzaAumick8395@gmail.com, TerenceGrothe7967@gmail.com, MarkitaBrymer7321@gmail.com, JazmineMccolley4132@gmail.com, AlphaHundley6257@gmail.com, NaomaWhitman5530@gmail.com, AlfrediaSemon0100@gmail.com, MiyokoPinto5432@gmail.com, IsauraMorton9001@gmail.com, LeiaAmico4089@gmail.com, SimonPolinsky7978@gmail.com, YulandaMarsden6146@gmail.com, ChloeFlorey0182@gmail.com, BerniceCorcoran1154@gmail.com, ChristineParkinson6954@gmail.com, MarlysMatteson1945@gmail.com, MadieBhatti9814@gmail.com, DelphaTharrington9888@gmail.com, ElwoodCortez5872@gmail.com, SanjuanitaBrotzman9707@gmail.com, CelesteMahmood5635@gmail.com, FlorHallock7282@gmail.com, BrigitteRahm2391@gmail.com, CorazonBohan2879@gmail.com, CynthiaGines6711@gmail.com, NobleKrom2799@gmail.com, RosalindDaniele3014@gmail.com, MargaretaKu9884@gmail.com, SherrieRivero5899@gmail.com, MandiSwartwood6426@gmail.com, RickyLatimer5417@gmail.com, ClaraVillegas9775@gmail.com, TyroneAntonio7136@gmail.com, NoahDeppen5278@gmail.com, YeseniaTillett4254@gmail.com, LynellLando8106@gmail.com, LoreenMorel1989@gmail.com, ValentinaNitti1092@gmail.com, CaraRakowski1097@gmail.com, SilasChickering2101@gmail.com, MargueriteSchuman2081@gmail.com, ThuyDecamp9430@gmail.com, IanReising1886@gmail.com, RufusHanshaw6825@gmail.com, IrmaEncarnacion2873@gmail.com, LateshaMarini8611@gmail.com, MallorySegarra2903@gmail.com, TorrieHarnois1022@gmail.com, ParkerForrest2558@gmail.com, JedFrazier6088@gmail.com, KimiSavard3616@gmail.com, LashayFranz1318@gmail.com]
17:54:39.677 [main] INFO api.AvailableMembersApi - Validating members for Survey ID: 79
17:54:39.680 [main] INFO api.AvailableMembersApi - Received response for survey ID 80: Status Code = 200
17:54:39.689 [main] INFO api.AvailableMembersApi - Available emails for survey ID 80: [MalissaArn0202@gmail.com, TeriVillalobos6990@gmail.com, YeseniaConte8292@gmail.com, MeghannFollowell6036@gmail.com, LeeHarlow6738@gmail.com, SalvatoreMonico6748@gmail.com, SunshineFocht0017@gmail.com, DainaMaine1358@gmail.com, OraHousand6876@gmail.com, TasiaMerritt2498@gmail.com, GregoryLucchesi4579@gmail.com, DrucillaWilhelm1088@gmail.com, JaquelynLevett2862@gmail.com, JanitaStroman5652@gmail.com, MargaritoDerringer6053@gmail.com, SheritaArispe4106@gmail.com, EverettNorthup7669@gmail.com, MicahShirley0805@gmail.com, CarolinBlauser7632@gmail.com, LylaAlmanza0199@gmail.com, ChereGamino1550@gmail.com, CleotildeMcmiller8058@gmail.com, SaraiMorelli9034@gmail.com, JeffryDynes1098@gmail.com, VerniceSoto3260@gmail.com, ElnaPhelan2540@gmail.com, TemikaHuth9411@gmail.com, AdriannaFentress5065@gmail.com, TaynaRey4852@gmail.com, IkeClink7071@gmail.com, GaynellCroce7702@gmail.com, DarlenaFarrington7903@gmail.com, CherrylCarolina2273@gmail.com, ZoeSolar4260@gmail.com, AnjanetteKrupp7724@gmail.com, JanieceSilvernail2745@gmail.com, IveyBuskey1353@gmail.com, ViolaBlackstock8664@gmail.com, ElaneMartinelli1121@gmail.com, KylaKays1591@gmail.com, AltonSmedley5432@gmail.com, VoncileHayner2281@gmail.com, BebeLehmkuhl5703@gmail.com, InellRuoff2731@gmail.com, OnitaHolloway7718@gmail.com, NormanCastilleja4018@gmail.com, DelmarTourville5884@gmail.com, AudryBerends0895@gmail.com, ZoraidaFaulkner5026@gmail.com, KelleeMaddy6483@gmail.com, FlorencioMuller2772@gmail.com, JoDettman4460@gmail.com, RosanneTrezza7663@gmail.com, MarylandBenedict6434@gmail.com, MirthaConine8554@gmail.com, KristinPonton2734@gmail.com, YukoSteffes9115@gmail.com, DixieDarsey7418@gmail.com, KendrickPreston8153@gmail.com, CariPizzo2637@gmail.com, EllamaeTallon2542@gmail.com, DustinArterburn6055@gmail.com, LailaHoldren0317@gmail.com, YangSoriano2861@gmail.com, JonShultis2071@gmail.com, JulianClapper5906@gmail.com, MylesCooke7867@gmail.com, MarcelleHerzog9009@gmail.com, XochitlCalderwood5941@gmail.com, LeilaOdle4383@gmail.com, AbbyPeevy0877@gmail.com, JarvisMillar3472@gmail.com, LekishaHinnenkamp1017@gmail.com, AngeliaKeebler0114@gmail.com, ClementinaGormley2089@gmail.com, JoslynKeen8547@gmail.com, VerlaBearse3879@gmail.com, CassaundraLoar9453@gmail.com, JiLamarche1348@gmail.com, LilliamMcghie9513@gmail.com, AlonaRedel2262@gmail.com, HeidiGravelle3094@gmail.com, BuckSlawson5304@gmail.com, LindsayHenline2766@gmail.com, MimiWinsor6625@gmail.com, LenaGalusha7687@gmail.com, StacieAustria9018@gmail.com, GeorgiaCincotta6796@gmail.com, CandisGapinski6348@gmail.com, CyrstalRobb5332@gmail.com, CorneliaLaney7638@gmail.com, JereRouth3497@gmail.com, ArchieBranning7218@gmail.com, TomiAthey0697@gmail.com, MathaBeard0636@gmail.com, BudMclarty0075@gmail.com, MarlanaGillard2214@gmail.com, ElvisLeatherwood1278@gmail.com, MeaghanMacinnis5645@gmail.com, LezlieLuckey7094@gmail.com, MozelleReddy3840@gmail.com, OleneLedgerwood3654@gmail.com, ShandaCromer4960@gmail.com, VeniceSherry5610@gmail.com, RonCopher9843@gmail.com, ArmindaValentino6586@gmail.com, CarolannBronson4617@gmail.com, CharlynHaggerty1577@gmail.com, IsaacLinebaugh9546@gmail.com, ElbaFarr1276@gmail.com, AngelikaMarch9925@gmail.com, TylerGalbraith9779@gmail.com, MarylynnChauvin4173@gmail.com, LuisaOhm6420@gmail.com, BetteCarlos5624@gmail.com, RoccoBlubaugh1914@gmail.com, WinstonHemby7253@gmail.com, TamiJepson8335@gmail.com, AnamariaHeadrick7903@gmail.com, NereidaTruman9016@gmail.com, HipolitoRowlands4929@gmail.com, PorterMarcinkowski6594@gmail.com, BonnyForester7950@gmail.com, RuthaCrotty1764@gmail.com, DamionWysocki9147@gmail.com, ColtonMoschella8698@gmail.com, WayneBasler6942@gmail.com, JoieSly5758@gmail.com, TakishaDemo0463@gmail.com, ChasArline0812@gmail.com, JoyaBristol1484@gmail.com, NeidaVartanian0848@gmail.com, EllieDuca1079@gmail.com, DaniellNicklas8998@gmail.com, JammieRapp6294@gmail.com, BessHugo8379@gmail.com, MarlinHolm9186@gmail.com, MignonCarnes1909@gmail.com, CareyBaley9974@gmail.com, DaniStroop2632@gmail.com, MaddieMccusker6382@gmail.com, HerschelSena4741@gmail.com, OraSuddeth1307@gmail.com, TedBroome1787@gmail.com, BirgitMcglade6409@gmail.com, HeidiPoplawski3633@gmail.com, CarmenIreland5525@gmail.com, NeliaAbrams8620@gmail.com, LeannaMazer1235@gmail.com, KeshaShoop3740@gmail.com, ElzaAumick8395@gmail.com, TerenceGrothe7967@gmail.com, MarkitaBrymer7321@gmail.com, AlphaHundley6257@gmail.com, ScotHollis8426@gmail.com, MarcelinaKoger3137@gmail.com, NaomaWhitman5530@gmail.com, AlfrediaSemon0100@gmail.com, MiyokoPinto5432@gmail.com, IsauraMorton9001@gmail.com, LeiaAmico4089@gmail.com, SimonPolinsky7978@gmail.com, YulandaMarsden6146@gmail.com, ChloeFlorey0182@gmail.com, BerniceCorcoran1154@gmail.com, ChristineParkinson6954@gmail.com, MarlysMatteson1945@gmail.com, EstellaLavallie2298@gmail.com, MadieBhatti9814@gmail.com, DelphaTharrington9888@gmail.com, ElwoodCortez5872@gmail.com, SanjuanitaBrotzman9707@gmail.com, CelesteMahmood5635@gmail.com, FlorHallock7282@gmail.com, CorazonBohan2879@gmail.com, CynthiaGines6711@gmail.com, NobleKrom2799@gmail.com, RosalindDaniele3014@gmail.com, MargaretaKu9884@gmail.com, SherrieRivero5899@gmail.com, MandiSwartwood6426@gmail.com, RickyLatimer5417@gmail.com, ClaraVillegas9775@gmail.com, TyroneAntonio7136@gmail.com, NoahDeppen5278@gmail.com, NelleGoodlow2877@gmail.com, LynellLando8106@gmail.com, LoreenMorel1989@gmail.com, ValentinaNitti1092@gmail.com, CaraRakowski1097@gmail.com, SilasChickering2101@gmail.com, MargueriteSchuman2081@gmail.com, ThuyDecamp9430@gmail.com, IanReising1886@gmail.com, RufusHanshaw6825@gmail.com, IrmaEncarnacion2873@gmail.com, LeomaMazzei2034@gmail.com, MallorySegarra2903@gmail.com, TorrieHarnois1022@gmail.com, ParkerForrest2558@gmail.com, KimiSavard3616@gmail.com, LashayFranz1318@gmail.com]
17:54:39.689 [main] INFO api.AvailableMembersApi - Validating members for Survey ID: 80
17:54:39.692 [main] INFO api.AvailableMembersApi - Received response for survey ID 81: Status Code = 200
17:54:39.701 [main] INFO api.AvailableMembersApi - Available emails for survey ID 81: [MalissaArn0202@gmail.com, TeriVillalobos6990@gmail.com, MeghannFollowell6036@gmail.com, LeeHarlow6738@gmail.com, SalvatoreMonico6748@gmail.com, SunshineFocht0017@gmail.com, DainaMaine1358@gmail.com, OraHousand6876@gmail.com, TasiaMerritt2498@gmail.com, GregoryLucchesi4579@gmail.com, DrucillaWilhelm1088@gmail.com, JaquelynLevett2862@gmail.com, MarikoHadfield9920@gmail.com, JanitaStroman5652@gmail.com, MargaritoDerringer6053@gmail.com, MicahShirley0805@gmail.com, WilhelminaHibdon9677@gmail.com, CarolinBlauser7632@gmail.com, LylaAlmanza0199@gmail.com, ChereGamino1550@gmail.com, FletaGiampaolo3754@gmail.com, CleotildeMcmiller8058@gmail.com, SaraiMorelli9034@gmail.com, LashandaAbbott9174@gmail.com, JeffryDynes1098@gmail.com, VerniceSoto3260@gmail.com, ElnaPhelan2540@gmail.com, TemikaHuth9411@gmail.com, AdriannaFentress5065@gmail.com, TaynaRey4852@gmail.com, IkeClink7071@gmail.com, GaynellCroce7702@gmail.com, DarlenaFarrington7903@gmail.com, CherrylCarolina2273@gmail.com, ZoeSolar4260@gmail.com, AnjanetteKrupp7724@gmail.com, JanieceSilvernail2745@gmail.com, IveyBuskey1353@gmail.com, ViolaBlackstock8664@gmail.com, ElaneMartinelli1121@gmail.com, RachellAnkrom0998@gmail.com, KylaKays1591@gmail.com, AltonSmedley5432@gmail.com, VoncileHayner2281@gmail.com, InellRuoff2731@gmail.com, OnitaHolloway7718@gmail.com, NormanCastilleja4018@gmail.com, DelmarTourville5884@gmail.com, AudryBerends0895@gmail.com, ZoraidaFaulkner5026@gmail.com, KelleeMaddy6483@gmail.com, FlorencioMuller2772@gmail.com, JoDettman4460@gmail.com, RosanneTrezza7663@gmail.com, MirthaConine8554@gmail.com, KristinPonton2734@gmail.com, FlossiePangburn4203@gmail.com, YukoSteffes9115@gmail.com, DixieDarsey7418@gmail.com, KendrickPreston8153@gmail.com, CariPizzo2637@gmail.com, EllamaeTallon2542@gmail.com, AbbieKreidler2527@gmail.com, DustinArterburn6055@gmail.com, CatriceLenton4273@gmail.com, LailaHoldren0317@gmail.com, YangSoriano2861@gmail.com, JonShultis2071@gmail.com, JulianClapper5906@gmail.com, MylesCooke7867@gmail.com, RhebaCorbett1709@gmail.com, MarcelleHerzog9009@gmail.com, XochitlCalderwood5941@gmail.com, LeilaOdle4383@gmail.com, AbbyPeevy0877@gmail.com, JarvisMillar3472@gmail.com, LekishaHinnenkamp1017@gmail.com, ClementinaGormley2089@gmail.com, JoslynKeen8547@gmail.com, VerlaBearse3879@gmail.com, CassaundraLoar9453@gmail.com, JiLamarche1348@gmail.com, AlonaRedel2262@gmail.com, HeidiGravelle3094@gmail.com, LindsayHenline2766@gmail.com, MimiWinsor6625@gmail.com, MaxineClauson3939@gmail.com, LenaGalusha7687@gmail.com, TalishaGeise5594@gmail.com, StacieAustria9018@gmail.com, GeorgiaCincotta6796@gmail.com, CandisGapinski6348@gmail.com, CyrstalRobb5332@gmail.com, CorneliaLaney7638@gmail.com, JereRouth3497@gmail.com, ArchieBranning7218@gmail.com, TomiAthey0697@gmail.com, MathaBeard0636@gmail.com, BudMclarty0075@gmail.com, MarlanaGillard2214@gmail.com, ElvisLeatherwood1278@gmail.com, HellenMacrae0712@gmail.com, MeaghanMacinnis5645@gmail.com, MozelleReddy3840@gmail.com, OleneLedgerwood3654@gmail.com, ShandaCromer4960@gmail.com, VeniceSherry5610@gmail.com, RonCopher9843@gmail.com, ArmindaValentino6586@gmail.com, CarolannBronson4617@gmail.com, CharlynHaggerty1577@gmail.com, IsaacLinebaugh9546@gmail.com, ElbaFarr1276@gmail.com, AngelikaMarch9925@gmail.com, TylerGalbraith9779@gmail.com, MarylynnChauvin4173@gmail.com, LuisaOhm6420@gmail.com, RoccoBlubaugh1914@gmail.com, WinstonHemby7253@gmail.com, AnamariaHeadrick7903@gmail.com, NereidaTruman9016@gmail.com, HipolitoRowlands4929@gmail.com, PorterMarcinkowski6594@gmail.com, RuthaCrotty1764@gmail.com, DamionWysocki9147@gmail.com, ColtonMoschella8698@gmail.com, WayneBasler6942@gmail.com, TakishaDemo0463@gmail.com, ChasArline0812@gmail.com, JoyaBristol1484@gmail.com, NeidaVartanian0848@gmail.com, EllieDuca1079@gmail.com, AdelaSlusher1773@gmail.com, DaniellNicklas8998@gmail.com, JammieRapp6294@gmail.com, MarlinHolm9186@gmail.com, MignonCarnes1909@gmail.com, DaniStroop2632@gmail.com, MaddieMccusker6382@gmail.com, HerschelSena4741@gmail.com, OraSuddeth1307@gmail.com, TedBroome1787@gmail.com, BirgitMcglade6409@gmail.com, HeidiPoplawski3633@gmail.com, CarmenIreland5525@gmail.com, NeliaAbrams8620@gmail.com, AdanCarden9027@gmail.com, LeannaMazer1235@gmail.com, KeshaShoop3740@gmail.com, ElzaAumick8395@gmail.com, TerenceGrothe7967@gmail.com, MarkitaBrymer7321@gmail.com, AlphaHundley6257@gmail.com, ScotHollis8426@gmail.com, NaomaWhitman5530@gmail.com, AlfrediaSemon0100@gmail.com, MiyokoPinto5432@gmail.com, IsauraMorton9001@gmail.com, LeiaAmico4089@gmail.com, SimonPolinsky7978@gmail.com, YulandaMarsden6146@gmail.com, BerniceCorcoran1154@gmail.com, ChristineParkinson6954@gmail.com, MarlysMatteson1945@gmail.com, EstellaLavallie2298@gmail.com, MadieBhatti9814@gmail.com, DelphaTharrington9888@gmail.com, SanjuanitaBrotzman9707@gmail.com, CelesteMahmood5635@gmail.com, FlorHallock7282@gmail.com, BrigitteRahm2391@gmail.com, CorazonBohan2879@gmail.com, CynthiaGines6711@gmail.com, NobleKrom2799@gmail.com, RosalindDaniele3014@gmail.com, MargaretaKu9884@gmail.com, SherrieRivero5899@gmail.com, MandiSwartwood6426@gmail.com, ClaraVillegas9775@gmail.com, TyroneAntonio7136@gmail.com, NoahDeppen5278@gmail.com, NelleGoodlow2877@gmail.com, YeseniaTillett4254@gmail.com, LynellLando8106@gmail.com, LoreenMorel1989@gmail.com, ValentinaNitti1092@gmail.com, CaraRakowski1097@gmail.com, SilasChickering2101@gmail.com, MargueriteSchuman2081@gmail.com, ThuyDecamp9430@gmail.com, RufusHanshaw6825@gmail.com, IrmaEncarnacion2873@gmail.com, LeomaMazzei2034@gmail.com, LateshaMarini8611@gmail.com, MallorySegarra2903@gmail.com, TorrieHarnois1022@gmail.com, ParkerForrest2558@gmail.com, JedFrazier6088@gmail.com, KimiSavard3616@gmail.com, LashayFranz1318@gmail.com]
17:54:39.702 [main] INFO api.AvailableMembersApi - Validating members for Survey ID: 81
17:54:39.705 [main] INFO api.AvailableMembersApi - Received response for survey ID 82: Status Code = 200
17:54:39.716 [main] INFO api.AvailableMembersApi - Available emails for survey ID 82: [MeghannFollowell6036@gmail.com, LeeHarlow6738@gmail.com, SalvatoreMonico6748@gmail.com, SunshineFocht0017@gmail.com, DainaMaine1358@gmail.com, TasiaMerritt2498@gmail.com, GregoryLucchesi4579@gmail.com, DrucillaWilhelm1088@gmail.com, JaquelynLevett2862@gmail.com, MarikoHadfield9920@gmail.com, SheritaArispe4106@gmail.com, EverettNorthup7669@gmail.com, MicahShirley0805@gmail.com, WilhelminaHibdon9677@gmail.com, CarolinBlauser7632@gmail.com, LylaAlmanza0199@gmail.com, ChereGamino1550@gmail.com, FletaGiampaolo3754@gmail.com, SaraiMorelli9034@gmail.com, LashandaAbbott9174@gmail.com, JeffryDynes1098@gmail.com, VerniceSoto3260@gmail.com, ElnaPhelan2540@gmail.com, TemikaHuth9411@gmail.com, AdriannaFentress5065@gmail.com, TaynaRey4852@gmail.com, IkeClink7071@gmail.com, GaynellCroce7702@gmail.com, CherrylCarolina2273@gmail.com, ZoeSolar4260@gmail.com, AnjanetteKrupp7724@gmail.com, IveyBuskey1353@gmail.com, ViolaBlackstock8664@gmail.com, ElaneMartinelli1121@gmail.com, RachellAnkrom0998@gmail.com, KylaKays1591@gmail.com, AltonSmedley5432@gmail.com, VoncileHayner2281@gmail.com, BebeLehmkuhl5703@gmail.com, InellRuoff2731@gmail.com, OnitaHolloway7718@gmail.com, NormanCastilleja4018@gmail.com, DelmarTourville5884@gmail.com, AudryBerends0895@gmail.com, ZoraidaFaulkner5026@gmail.com, KelleeMaddy6483@gmail.com, FlorencioMuller2772@gmail.com, JoDettman4460@gmail.com, RosanneTrezza7663@gmail.com, MarylandBenedict6434@gmail.com, MirthaConine8554@gmail.com, KristinPonton2734@gmail.com, FlossiePangburn4203@gmail.com, YukoSteffes9115@gmail.com, DixieDarsey7418@gmail.com, KendrickPreston8153@gmail.com, CariPizzo2637@gmail.com, EllamaeTallon2542@gmail.com, AbbieKreidler2527@gmail.com, DustinArterburn6055@gmail.com, CatriceLenton4273@gmail.com, LailaHoldren0317@gmail.com, YangSoriano2861@gmail.com, JonShultis2071@gmail.com, JulianClapper5906@gmail.com, MylesCooke7867@gmail.com, RhebaCorbett1709@gmail.com, MarcelleHerzog9009@gmail.com, XochitlCalderwood5941@gmail.com, LeilaOdle4383@gmail.com, AbbyPeevy0877@gmail.com, JarvisMillar3472@gmail.com, LekishaHinnenkamp1017@gmail.com, AngeliaKeebler0114@gmail.com, ClementinaGormley2089@gmail.com, JoslynKeen8547@gmail.com, VerlaBearse3879@gmail.com, CassaundraLoar9453@gmail.com, JiLamarche1348@gmail.com, LilliamMcghie9513@gmail.com, AlonaRedel2262@gmail.com, BuckSlawson5304@gmail.com, LindsayHenline2766@gmail.com, MimiWinsor6625@gmail.com, MaxineClauson3939@gmail.com, LenaGalusha7687@gmail.com, TalishaGeise5594@gmail.com, StacieAustria9018@gmail.com, GeorgiaCincotta6796@gmail.com, CandisGapinski6348@gmail.com, CorneliaLaney7638@gmail.com, JereRouth3497@gmail.com, ArchieBranning7218@gmail.com, TomiAthey0697@gmail.com, MathaBeard0636@gmail.com, BudMclarty0075@gmail.com, MarlanaGillard2214@gmail.com, ElvisLeatherwood1278@gmail.com, HellenMacrae0712@gmail.com, MeaghanMacinnis5645@gmail.com, LezlieLuckey7094@gmail.com, MozelleReddy3840@gmail.com, OleneLedgerwood3654@gmail.com, ShandaCromer4960@gmail.com, VeniceSherry5610@gmail.com, RonCopher9843@gmail.com, ArmindaValentino6586@gmail.com, CarolannBronson4617@gmail.com, CharlynHaggerty1577@gmail.com, IsaacLinebaugh9546@gmail.com, ElbaFarr1276@gmail.com, TylerGalbraith9779@gmail.com, MarylynnChauvin4173@gmail.com, LuisaOhm6420@gmail.com, BetteCarlos5624@gmail.com, RoccoBlubaugh1914@gmail.com, AlexandriaJantz3467@gmail.com, WinstonHemby7253@gmail.com, TamiJepson8335@gmail.com, AnamariaHeadrick7903@gmail.com, NereidaTruman9016@gmail.com, HipolitoRowlands4929@gmail.com, PorterMarcinkowski6594@gmail.com, ColtonMoschella8698@gmail.com, WayneBasler6942@gmail.com, JoieSly5758@gmail.com, TakishaDemo0463@gmail.com, ChasArline0812@gmail.com, JoyaBristol1484@gmail.com, NeidaVartanian0848@gmail.com, EllieDuca1079@gmail.com, AdelaSlusher1773@gmail.com, DaniellNicklas8998@gmail.com, MarlinHolm9186@gmail.com, MignonCarnes1909@gmail.com, CareyBaley9974@gmail.com, DaniStroop2632@gmail.com, MaddieMccusker6382@gmail.com, HerschelSena4741@gmail.com, OraSuddeth1307@gmail.com, TedBroome1787@gmail.com, BirgitMcglade6409@gmail.com, HeidiPoplawski3633@gmail.com, CarmenIreland5525@gmail.com, AdanCarden9027@gmail.com, LeannaMazer1235@gmail.com, ElzaAumick8395@gmail.com, TerenceGrothe7967@gmail.com, MarkitaBrymer7321@gmail.com, JazmineMccolley4132@gmail.com, AlphaHundley6257@gmail.com, ScotHollis8426@gmail.com, MarcelinaKoger3137@gmail.com, NaomaWhitman5530@gmail.com, MiyokoPinto5432@gmail.com, IsauraMorton9001@gmail.com, LeiaAmico4089@gmail.com, SimonPolinsky7978@gmail.com, YulandaMarsden6146@gmail.com, ChloeFlorey0182@gmail.com, BerniceCorcoran1154@gmail.com, ChristineParkinson6954@gmail.com, MarlysMatteson1945@gmail.com, EstellaLavallie2298@gmail.com, MadieBhatti9814@gmail.com, DelphaTharrington9888@gmail.com, ElwoodCortez5872@gmail.com, SanjuanitaBrotzman9707@gmail.com, CelesteMahmood5635@gmail.com, FlorHallock7282@gmail.com, BrigitteRahm2391@gmail.com, CorazonBohan2879@gmail.com, CynthiaGines6711@gmail.com, NobleKrom2799@gmail.com, RosalindDaniele3014@gmail.com, MargaretaKu9884@gmail.com, SherrieRivero5899@gmail.com, MandiSwartwood6426@gmail.com, RickyLatimer5417@gmail.com, ClaraVillegas9775@gmail.com, TyroneAntonio7136@gmail.com, NoahDeppen5278@gmail.com, NelleGoodlow2877@gmail.com, YeseniaTillett4254@gmail.com, LynellLando8106@gmail.com, LoreenMorel1989@gmail.com, ValentinaNitti1092@gmail.com, CaraRakowski1097@gmail.com, SilasChickering2101@gmail.com, MargueriteSchuman2081@gmail.com, ThuyDecamp9430@gmail.com, IanReising1886@gmail.com, RufusHanshaw6825@gmail.com, IrmaEncarnacion2873@gmail.com, LateshaMarini8611@gmail.com, MallorySegarra2903@gmail.com, TorrieHarnois1022@gmail.com, ParkerForrest2558@gmail.com, JedFrazier6088@gmail.com, KimiSavard3616@gmail.com, LashayFranz1318@gmail.com]
17:54:39.716 [main] INFO api.AvailableMembersApi - Validating members for Survey ID: 82
17:54:39.719 [main] INFO api.AvailableMembersApi - Received response for survey ID 83: Status Code = 200
17:54:39.729 [main] INFO api.AvailableMembersApi - Available emails for survey ID 83: [MalissaArn0202@gmail.com, TeriVillalobos6990@gmail.com, YeseniaConte8292@gmail.com, MeghannFollowell6036@gmail.com, SalvatoreMonico6748@gmail.com, SunshineFocht0017@gmail.com, DainaMaine1358@gmail.com, OraHousand6876@gmail.com, TasiaMerritt2498@gmail.com, GregoryLucchesi4579@gmail.com, DrucillaWilhelm1088@gmail.com, JaquelynLevett2862@gmail.com, JanitaStroman5652@gmail.com, MargaritoDerringer6053@gmail.com, SheritaArispe4106@gmail.com, EverettNorthup7669@gmail.com, MicahShirley0805@gmail.com, WilhelminaHibdon9677@gmail.com, CarolinBlauser7632@gmail.com, LylaAlmanza0199@gmail.com, ChereGamino1550@gmail.com, FletaGiampaolo3754@gmail.com, CleotildeMcmiller8058@gmail.com, SaraiMorelli9034@gmail.com, LashandaAbbott9174@gmail.com, VerniceSoto3260@gmail.com, TemikaHuth9411@gmail.com, AdriannaFentress5065@gmail.com, TaynaRey4852@gmail.com, IkeClink7071@gmail.com, GaynellCroce7702@gmail.com, CherrylCarolina2273@gmail.com, ZoeSolar4260@gmail.com, AnjanetteKrupp7724@gmail.com, JanieceSilvernail2745@gmail.com, IveyBuskey1353@gmail.com, ViolaBlackstock8664@gmail.com, ElaneMartinelli1121@gmail.com, RachellAnkrom0998@gmail.com, KylaKays1591@gmail.com, AltonSmedley5432@gmail.com, VoncileHayner2281@gmail.com, BebeLehmkuhl5703@gmail.com, InellRuoff2731@gmail.com, OnitaHolloway7718@gmail.com, DelmarTourville5884@gmail.com, AudryBerends0895@gmail.com, KelleeMaddy6483@gmail.com, FlorencioMuller2772@gmail.com, RosanneTrezza7663@gmail.com, MarylandBenedict6434@gmail.com, MirthaConine8554@gmail.com, KristinPonton2734@gmail.com, FlossiePangburn4203@gmail.com, YukoSteffes9115@gmail.com, DixieDarsey7418@gmail.com, KendrickPreston8153@gmail.com, CariPizzo2637@gmail.com, EllamaeTallon2542@gmail.com, AbbieKreidler2527@gmail.com, DustinArterburn6055@gmail.com, CatriceLenton4273@gmail.com, LailaHoldren0317@gmail.com, YangSoriano2861@gmail.com, JonShultis2071@gmail.com, JulianClapper5906@gmail.com, MylesCooke7867@gmail.com, RhebaCorbett1709@gmail.com, XochitlCalderwood5941@gmail.com, LeilaOdle4383@gmail.com, AbbyPeevy0877@gmail.com, JarvisMillar3472@gmail.com, LekishaHinnenkamp1017@gmail.com, AngeliaKeebler0114@gmail.com, JoslynKeen8547@gmail.com, VerlaBearse3879@gmail.com, CassaundraLoar9453@gmail.com, JiLamarche1348@gmail.com, LilliamMcghie9513@gmail.com, AlonaRedel2262@gmail.com, BuckSlawson5304@gmail.com, LindsayHenline2766@gmail.com, MimiWinsor6625@gmail.com, MaxineClauson3939@gmail.com, LenaGalusha7687@gmail.com, TalishaGeise5594@gmail.com, StacieAustria9018@gmail.com, GeorgiaCincotta6796@gmail.com, CandisGapinski6348@gmail.com, CyrstalRobb5332@gmail.com, CorneliaLaney7638@gmail.com, JereRouth3497@gmail.com, ArchieBranning7218@gmail.com, TomiAthey0697@gmail.com, BudMclarty0075@gmail.com, MarlanaGillard2214@gmail.com, ElvisLeatherwood1278@gmail.com, HellenMacrae0712@gmail.com, MozelleReddy3840@gmail.com, OleneLedgerwood3654@gmail.com, VeniceSherry5610@gmail.com, RonCopher9843@gmail.com, ArmindaValentino6586@gmail.com, CarolannBronson4617@gmail.com, CharlynHaggerty1577@gmail.com, IsaacLinebaugh9546@gmail.com, ElbaFarr1276@gmail.com, TylerGalbraith9779@gmail.com, MarylynnChauvin4173@gmail.com, LuisaOhm6420@gmail.com, BetteCarlos5624@gmail.com, RoccoBlubaugh1914@gmail.com, AlexandriaJantz3467@gmail.com, WinstonHemby7253@gmail.com, TamiJepson8335@gmail.com, NereidaTruman9016@gmail.com, HipolitoRowlands4929@gmail.com, PorterMarcinkowski6594@gmail.com, BonnyForester7950@gmail.com, RuthaCrotty1764@gmail.com, DamionWysocki9147@gmail.com, ColtonMoschella8698@gmail.com, WayneBasler6942@gmail.com, JoieSly5758@gmail.com, TakishaDemo0463@gmail.com, ChasArline0812@gmail.com, JoyaBristol1484@gmail.com, NeidaVartanian0848@gmail.com, EllieDuca1079@gmail.com, AdelaSlusher1773@gmail.com, DaniellNicklas8998@gmail.com, JammieRapp6294@gmail.com, BessHugo8379@gmail.com, MarlinHolm9186@gmail.com, MignonCarnes1909@gmail.com, CareyBaley9974@gmail.com, DaniStroop2632@gmail.com, MaddieMccusker6382@gmail.com, HerschelSena4741@gmail.com, TedBroome1787@gmail.com, BirgitMcglade6409@gmail.com, HeidiPoplawski3633@gmail.com, CarmenIreland5525@gmail.com, NeliaAbrams8620@gmail.com, AdanCarden9027@gmail.com, LeannaMazer1235@gmail.com, KeshaShoop3740@gmail.com, ElzaAumick8395@gmail.com, TerenceGrothe7967@gmail.com, MarkitaBrymer7321@gmail.com, JazmineMccolley4132@gmail.com, AlphaHundley6257@gmail.com, ScotHollis8426@gmail.com, MarcelinaKoger3137@gmail.com, NaomaWhitman5530@gmail.com, AlfrediaSemon0100@gmail.com, MiyokoPinto5432@gmail.com, IsauraMorton9001@gmail.com, LeiaAmico4089@gmail.com, SimonPolinsky7978@gmail.com, ChloeFlorey0182@gmail.com, BerniceCorcoran1154@gmail.com, ChristineParkinson6954@gmail.com, MarlysMatteson1945@gmail.com, EstellaLavallie2298@gmail.com, MadieBhatti9814@gmail.com, DelphaTharrington9888@gmail.com, ElwoodCortez5872@gmail.com, SanjuanitaBrotzman9707@gmail.com, CelesteMahmood5635@gmail.com, FlorHallock7282@gmail.com, BrigitteRahm2391@gmail.com, CorazonBohan2879@gmail.com, CynthiaGines6711@gmail.com, NobleKrom2799@gmail.com, RosalindDaniele3014@gmail.com, MargaretaKu9884@gmail.com, SherrieRivero5899@gmail.com, MandiSwartwood6426@gmail.com, RickyLatimer5417@gmail.com, ClaraVillegas9775@gmail.com, TyroneAntonio7136@gmail.com, NelleGoodlow2877@gmail.com, YeseniaTillett4254@gmail.com, LynellLando8106@gmail.com, ValentinaNitti1092@gmail.com, CaraRakowski1097@gmail.com, SilasChickering2101@gmail.com, MargueriteSchuman2081@gmail.com, ThuyDecamp9430@gmail.com, IanReising1886@gmail.com, RufusHanshaw6825@gmail.com, IrmaEncarnacion2873@gmail.com, LeomaMazzei2034@gmail.com, LateshaMarini8611@gmail.com, MallorySegarra2903@gmail.com, TorrieHarnois1022@gmail.com, ParkerForrest2558@gmail.com, KimiSavard3616@gmail.com, LashayFranz1318@gmail.com]
17:54:39.729 [main] INFO api.AvailableMembersApi - Validating members for Survey ID: 83
17:54:39.732 [main] INFO api.AvailableMembersApi - Received response for survey ID 84: Status Code = 200
17:54:39.741 [main] INFO api.AvailableMembersApi - Available emails for survey ID 84: [MalissaArn0202@gmail.com, TeriVillalobos6990@gmail.com, YeseniaConte8292@gmail.com, MeghannFollowell6036@gmail.com, LeeHarlow6738@gmail.com, SalvatoreMonico6748@gmail.com, SunshineFocht0017@gmail.com, DainaMaine1358@gmail.com, OraHousand6876@gmail.com, TasiaMerritt2498@gmail.com, DrucillaWilhelm1088@gmail.com, JaquelynLevett2862@gmail.com, MarikoHadfield9920@gmail.com, JanitaStroman5652@gmail.com, SheritaArispe4106@gmail.com, EverettNorthup7669@gmail.com, MicahShirley0805@gmail.com, CarolinBlauser7632@gmail.com, LylaAlmanza0199@gmail.com, ChereGamino1550@gmail.com, FletaGiampaolo3754@gmail.com, CleotildeMcmiller8058@gmail.com, SaraiMorelli9034@gmail.com, JeffryDynes1098@gmail.com, VerniceSoto3260@gmail.com, ElnaPhelan2540@gmail.com, TemikaHuth9411@gmail.com, AdriannaFentress5065@gmail.com, TaynaRey4852@gmail.com, IkeClink7071@gmail.com, GaynellCroce7702@gmail.com, DarlenaFarrington7903@gmail.com, CherrylCarolina2273@gmail.com, ZoeSolar4260@gmail.com, JanieceSilvernail2745@gmail.com, IveyBuskey1353@gmail.com, ViolaBlackstock8664@gmail.com, ElaneMartinelli1121@gmail.com, RachellAnkrom0998@gmail.com, KylaKays1591@gmail.com, AltonSmedley5432@gmail.com, VoncileHayner2281@gmail.com, BebeLehmkuhl5703@gmail.com, InellRuoff2731@gmail.com, OnitaHolloway7718@gmail.com, NormanCastilleja4018@gmail.com, DelmarTourville5884@gmail.com, ZoraidaFaulkner5026@gmail.com, KelleeMaddy6483@gmail.com, FlorencioMuller2772@gmail.com, JoDettman4460@gmail.com, RosanneTrezza7663@gmail.com, MarylandBenedict6434@gmail.com, MirthaConine8554@gmail.com, KristinPonton2734@gmail.com, FlossiePangburn4203@gmail.com, YukoSteffes9115@gmail.com, DixieDarsey7418@gmail.com, KendrickPreston8153@gmail.com, CariPizzo2637@gmail.com, EllamaeTallon2542@gmail.com, AbbieKreidler2527@gmail.com, DustinArterburn6055@gmail.com, LailaHoldren0317@gmail.com, YangSoriano2861@gmail.com, JonShultis2071@gmail.com, JulianClapper5906@gmail.com, MylesCooke7867@gmail.com, MarcelleHerzog9009@gmail.com, LeilaOdle4383@gmail.com, AbbyPeevy0877@gmail.com, JarvisMillar3472@gmail.com, AngeliaKeebler0114@gmail.com, ClementinaGormley2089@gmail.com, VerlaBearse3879@gmail.com, CassaundraLoar9453@gmail.com, JiLamarche1348@gmail.com, LilliamMcghie9513@gmail.com, AlonaRedel2262@gmail.com, HeidiGravelle3094@gmail.com, BuckSlawson5304@gmail.com, LindsayHenline2766@gmail.com, MimiWinsor6625@gmail.com, MaxineClauson3939@gmail.com, LenaGalusha7687@gmail.com, TalishaGeise5594@gmail.com, StacieAustria9018@gmail.com, GeorgiaCincotta6796@gmail.com, CyrstalRobb5332@gmail.com, JereRouth3497@gmail.com, ArchieBranning7218@gmail.com, TomiAthey0697@gmail.com, MathaBeard0636@gmail.com, BudMclarty0075@gmail.com, MarlanaGillard2214@gmail.com, ElvisLeatherwood1278@gmail.com, HellenMacrae0712@gmail.com, MeaghanMacinnis5645@gmail.com, LezlieLuckey7094@gmail.com, MozelleReddy3840@gmail.com, OleneLedgerwood3654@gmail.com, ShandaCromer4960@gmail.com, VeniceSherry5610@gmail.com, RonCopher9843@gmail.com, ArmindaValentino6586@gmail.com, CarolannBronson4617@gmail.com, CharlynHaggerty1577@gmail.com, IsaacLinebaugh9546@gmail.com, ElbaFarr1276@gmail.com, AngelikaMarch9925@gmail.com, TylerGalbraith9779@gmail.com, MarylynnChauvin4173@gmail.com, LuisaOhm6420@gmail.com, BetteCarlos5624@gmail.com, RoccoBlubaugh1914@gmail.com, AlexandriaJantz3467@gmail.com, WinstonHemby7253@gmail.com, TamiJepson8335@gmail.com, AnamariaHeadrick7903@gmail.com, NereidaTruman9016@gmail.com, HipolitoRowlands4929@gmail.com, PorterMarcinkowski6594@gmail.com, BonnyForester7950@gmail.com, RuthaCrotty1764@gmail.com, DamionWysocki9147@gmail.com, ColtonMoschella8698@gmail.com, WayneBasler6942@gmail.com, JoieSly5758@gmail.com, TakishaDemo0463@gmail.com, ChasArline0812@gmail.com, JoyaBristol1484@gmail.com, NeidaVartanian0848@gmail.com, EllieDuca1079@gmail.com, DaniellNicklas8998@gmail.com, JammieRapp6294@gmail.com, BessHugo8379@gmail.com, MarlinHolm9186@gmail.com, MignonCarnes1909@gmail.com, CareyBaley9974@gmail.com, DaniStroop2632@gmail.com, MaddieMccusker6382@gmail.com, HerschelSena4741@gmail.com, TedBroome1787@gmail.com, BirgitMcglade6409@gmail.com, HeidiPoplawski3633@gmail.com, CarmenIreland5525@gmail.com, AdanCarden9027@gmail.com, LeannaMazer1235@gmail.com, KeshaShoop3740@gmail.com, ElzaAumick8395@gmail.com, MarkitaBrymer7321@gmail.com, JazmineMccolley4132@gmail.com, ScotHollis8426@gmail.com, MarcelinaKoger3137@gmail.com, NaomaWhitman5530@gmail.com, AlfrediaSemon0100@gmail.com, MiyokoPinto5432@gmail.com, LeiaAmico4089@gmail.com, YulandaMarsden6146@gmail.com, ChloeFlorey0182@gmail.com, ChristineParkinson6954@gmail.com, MarlysMatteson1945@gmail.com, EstellaLavallie2298@gmail.com, MadieBhatti9814@gmail.com, ElwoodCortez5872@gmail.com, SanjuanitaBrotzman9707@gmail.com, CelesteMahmood5635@gmail.com, FlorHallock7282@gmail.com, BrigitteRahm2391@gmail.com, CorazonBohan2879@gmail.com, CynthiaGines6711@gmail.com, NobleKrom2799@gmail.com, RosalindDaniele3014@gmail.com, SherrieRivero5899@gmail.com, MandiSwartwood6426@gmail.com, RickyLatimer5417@gmail.com, ClaraVillegas9775@gmail.com, TyroneAntonio7136@gmail.com, NoahDeppen5278@gmail.com, NelleGoodlow2877@gmail.com, LynellLando8106@gmail.com, LoreenMorel1989@gmail.com, ValentinaNitti1092@gmail.com, CaraRakowski1097@gmail.com, SilasChickering2101@gmail.com, MargueriteSchuman2081@gmail.com, IanReising1886@gmail.com, RufusHanshaw6825@gmail.com, IrmaEncarnacion2873@gmail.com, LateshaMarini8611@gmail.com, MallorySegarra2903@gmail.com, TorrieHarnois1022@gmail.com, JedFrazier6088@gmail.com, KimiSavard3616@gmail.com, LashayFranz1318@gmail.com]
17:54:39.741 [main] INFO api.AvailableMembersApi - Validating members for Survey ID: 84
17:54:39.744 [main] INFO api.AvailableMembersApi - Received response for survey ID 85: Status Code = 200
17:54:39.752 [main] INFO api.AvailableMembersApi - Available emails for survey ID 85: [MalissaArn0202@gmail.com, YeseniaConte8292@gmail.com, MeghannFollowell6036@gmail.com, LeeHarlow6738@gmail.com, SalvatoreMonico6748@gmail.com, SunshineFocht0017@gmail.com, OraHousand6876@gmail.com, TasiaMerritt2498@gmail.com, GregoryLucchesi4579@gmail.com, DrucillaWilhelm1088@gmail.com, JaquelynLevett2862@gmail.com, MarikoHadfield9920@gmail.com, JanitaStroman5652@gmail.com, MargaritoDerringer6053@gmail.com, SheritaArispe4106@gmail.com, EverettNorthup7669@gmail.com, MicahShirley0805@gmail.com, WilhelminaHibdon9677@gmail.com, CarolinBlauser7632@gmail.com, ChereGamino1550@gmail.com, FletaGiampaolo3754@gmail.com, CleotildeMcmiller8058@gmail.com, SaraiMorelli9034@gmail.com, LashandaAbbott9174@gmail.com, JeffryDynes1098@gmail.com, VerniceSoto3260@gmail.com, TemikaHuth9411@gmail.com, AdriannaFentress5065@gmail.com, TaynaRey4852@gmail.com, IkeClink7071@gmail.com, GaynellCroce7702@gmail.com, DarlenaFarrington7903@gmail.com, CherrylCarolina2273@gmail.com, ZoeSolar4260@gmail.com, AnjanetteKrupp7724@gmail.com, IveyBuskey1353@gmail.com, ViolaBlackstock8664@gmail.com, ElaneMartinelli1121@gmail.com, RachellAnkrom0998@gmail.com, KylaKays1591@gmail.com, AltonSmedley5432@gmail.com, VoncileHayner2281@gmail.com, BebeLehmkuhl5703@gmail.com, InellRuoff2731@gmail.com, OnitaHolloway7718@gmail.com, NormanCastilleja4018@gmail.com, DelmarTourville5884@gmail.com, AudryBerends0895@gmail.com, ZoraidaFaulkner5026@gmail.com, KelleeMaddy6483@gmail.com, FlorencioMuller2772@gmail.com, RosanneTrezza7663@gmail.com, MarylandBenedict6434@gmail.com, MirthaConine8554@gmail.com, KristinPonton2734@gmail.com, FlossiePangburn4203@gmail.com, YukoSteffes9115@gmail.com, DixieDarsey7418@gmail.com, KendrickPreston8153@gmail.com, CariPizzo2637@gmail.com, EllamaeTallon2542@gmail.com, AbbieKreidler2527@gmail.com, DustinArterburn6055@gmail.com, CatriceLenton4273@gmail.com, JonShultis2071@gmail.com, JulianClapper5906@gmail.com, MylesCooke7867@gmail.com, RhebaCorbett1709@gmail.com, MarcelleHerzog9009@gmail.com, XochitlCalderwood5941@gmail.com, LeilaOdle4383@gmail.com, AbbyPeevy0877@gmail.com, JarvisMillar3472@gmail.com, LekishaHinnenkamp1017@gmail.com, ClementinaGormley2089@gmail.com, JoslynKeen8547@gmail.com, VerlaBearse3879@gmail.com, CassaundraLoar9453@gmail.com, JiLamarche1348@gmail.com, LilliamMcghie9513@gmail.com, HeidiGravelle3094@gmail.com, LindsayHenline2766@gmail.com, MimiWinsor6625@gmail.com, MaxineClauson3939@gmail.com, LenaGalusha7687@gmail.com, TalishaGeise5594@gmail.com, StacieAustria9018@gmail.com, GeorgiaCincotta6796@gmail.com, CandisGapinski6348@gmail.com, CyrstalRobb5332@gmail.com, CorneliaLaney7638@gmail.com, JereRouth3497@gmail.com, TomiAthey0697@gmail.com, MathaBeard0636@gmail.com, BudMclarty0075@gmail.com, ElvisLeatherwood1278@gmail.com, HellenMacrae0712@gmail.com, MeaghanMacinnis5645@gmail.com, LezlieLuckey7094@gmail.com, OleneLedgerwood3654@gmail.com, ShandaCromer4960@gmail.com, RonCopher9843@gmail.com, ArmindaValentino6586@gmail.com, IsaacLinebaugh9546@gmail.com, ElbaFarr1276@gmail.com, AngelikaMarch9925@gmail.com, TylerGalbraith9779@gmail.com, MarylynnChauvin4173@gmail.com, LuisaOhm6420@gmail.com, BetteCarlos5624@gmail.com, RoccoBlubaugh1914@gmail.com, AlexandriaJantz3467@gmail.com, WinstonHemby7253@gmail.com, TamiJepson8335@gmail.com, AnamariaHeadrick7903@gmail.com, NereidaTruman9016@gmail.com, HipolitoRowlands4929@gmail.com, PorterMarcinkowski6594@gmail.com, BonnyForester7950@gmail.com, DamionWysocki9147@gmail.com, ColtonMoschella8698@gmail.com, WayneBasler6942@gmail.com, JoieSly5758@gmail.com, TakishaDemo0463@gmail.com, JoyaBristol1484@gmail.com, NeidaVartanian0848@gmail.com, EllieDuca1079@gmail.com, AdelaSlusher1773@gmail.com, DaniellNicklas8998@gmail.com, JammieRapp6294@gmail.com, BessHugo8379@gmail.com, MarlinHolm9186@gmail.com, MignonCarnes1909@gmail.com, CareyBaley9974@gmail.com, DaniStroop2632@gmail.com, MaddieMccusker6382@gmail.com, HerschelSena4741@gmail.com, OraSuddeth1307@gmail.com, TedBroome1787@gmail.com, BirgitMcglade6409@gmail.com, HeidiPoplawski3633@gmail.com, CarmenIreland5525@gmail.com, NeliaAbrams8620@gmail.com, AdanCarden9027@gmail.com, LeannaMazer1235@gmail.com, KeshaShoop3740@gmail.com, ElzaAumick8395@gmail.com, TerenceGrothe7967@gmail.com, MarkitaBrymer7321@gmail.com, JazmineMccolley4132@gmail.com, AlphaHundley6257@gmail.com, ScotHollis8426@gmail.com, MarcelinaKoger3137@gmail.com, NaomaWhitman5530@gmail.com, AlfrediaSemon0100@gmail.com, MiyokoPinto5432@gmail.com, IsauraMorton9001@gmail.com, LeiaAmico4089@gmail.com, SimonPolinsky7978@gmail.com, YulandaMarsden6146@gmail.com, ChloeFlorey0182@gmail.com, BerniceCorcoran1154@gmail.com, ChristineParkinson6954@gmail.com, MarlysMatteson1945@gmail.com, EstellaLavallie2298@gmail.com, MadieBhatti9814@gmail.com, DelphaTharrington9888@gmail.com, ElwoodCortez5872@gmail.com, SanjuanitaBrotzman9707@gmail.com, CelesteMahmood5635@gmail.com, FlorHallock7282@gmail.com, BrigitteRahm2391@gmail.com, CorazonBohan2879@gmail.com, CynthiaGines6711@gmail.com, NobleKrom2799@gmail.com, RosalindDaniele3014@gmail.com, MargaretaKu9884@gmail.com, MandiSwartwood6426@gmail.com, RickyLatimer5417@gmail.com, ClaraVillegas9775@gmail.com, TyroneAntonio7136@gmail.com, NoahDeppen5278@gmail.com, NelleGoodlow2877@gmail.com, YeseniaTillett4254@gmail.com, LynellLando8106@gmail.com, LoreenMorel1989@gmail.com, ValentinaNitti1092@gmail.com, CaraRakowski1097@gmail.com, SilasChickering2101@gmail.com, MargueriteSchuman2081@gmail.com, ThuyDecamp9430@gmail.com, IanReising1886@gmail.com, RufusHanshaw6825@gmail.com, IrmaEncarnacion2873@gmail.com, LeomaMazzei2034@gmail.com, MallorySegarra2903@gmail.com, TorrieHarnois1022@gmail.com, ParkerForrest2558@gmail.com, JedFrazier6088@gmail.com, KimiSavard3616@gmail.com, LashayFranz1318@gmail.com]
17:54:39.752 [main] INFO api.AvailableMembersApi - Validating members for Survey ID: 85
17:54:39.755 [main] INFO api.AvailableMembersApi - Received response for survey ID 86: Status Code = 200
17:54:39.761 [main] INFO api.AvailableMembersApi - Available emails for survey ID 86: [MalissaArn0202@gmail.com, TeriVillalobos6990@gmail.com, YeseniaConte8292@gmail.com, MeghannFollowell6036@gmail.com, SalvatoreMonico6748@gmail.com, SunshineFocht0017@gmail.com, DainaMaine1358@gmail.com, OraHousand6876@gmail.com, GregoryLucchesi4579@gmail.com, DrucillaWilhelm1088@gmail.com, JaquelynLevett2862@gmail.com, SheritaArispe4106@gmail.com, EverettNorthup7669@gmail.com, MicahShirley0805@gmail.com, WilhelminaHibdon9677@gmail.com, CarolinBlauser7632@gmail.com, LylaAlmanza0199@gmail.com, ChereGamino1550@gmail.com, FletaGiampaolo3754@gmail.com, CleotildeMcmiller8058@gmail.com, SaraiMorelli9034@gmail.com, LashandaAbbott9174@gmail.com, JeffryDynes1098@gmail.com, VerniceSoto3260@gmail.com, ElnaPhelan2540@gmail.com, TemikaHuth9411@gmail.com, AdriannaFentress5065@gmail.com, TaynaRey4852@gmail.com, IkeClink7071@gmail.com, GaynellCroce7702@gmail.com, DarlenaFarrington7903@gmail.com, CherrylCarolina2273@gmail.com, ZoeSolar4260@gmail.com, AnjanetteKrupp7724@gmail.com, JanieceSilvernail2745@gmail.com, IveyBuskey1353@gmail.com, ViolaBlackstock8664@gmail.com, ElaneMartinelli1121@gmail.com, RachellAnkrom0998@gmail.com, KylaKays1591@gmail.com, AltonSmedley5432@gmail.com, VoncileHayner2281@gmail.com, BebeLehmkuhl5703@gmail.com, InellRuoff2731@gmail.com, OnitaHolloway7718@gmail.com, NormanCastilleja4018@gmail.com, DelmarTourville5884@gmail.com, AudryBerends0895@gmail.com, ZoraidaFaulkner5026@gmail.com, KelleeMaddy6483@gmail.com, FlorencioMuller2772@gmail.com, JoDettman4460@gmail.com, RosanneTrezza7663@gmail.com, MirthaConine8554@gmail.com, YukoSteffes9115@gmail.com, DixieDarsey7418@gmail.com, KendrickPreston8153@gmail.com, CariPizzo2637@gmail.com, EllamaeTallon2542@gmail.com, AbbieKreidler2527@gmail.com, DustinArterburn6055@gmail.com, CatriceLenton4273@gmail.com, LailaHoldren0317@gmail.com, YangSoriano2861@gmail.com, JonShultis2071@gmail.com, JulianClapper5906@gmail.com, MylesCooke7867@gmail.com, RhebaCorbett1709@gmail.com, MarcelleHerzog9009@gmail.com, XochitlCalderwood5941@gmail.com, LeilaOdle4383@gmail.com, AbbyPeevy0877@gmail.com, JarvisMillar3472@gmail.com, LekishaHinnenkamp1017@gmail.com, AngeliaKeebler0114@gmail.com, ClementinaGormley2089@gmail.com, JoslynKeen8547@gmail.com, CassaundraLoar9453@gmail.com, JiLamarche1348@gmail.com, LilliamMcghie9513@gmail.com, AlonaRedel2262@gmail.com, HeidiGravelle3094@gmail.com, BuckSlawson5304@gmail.com, LindsayHenline2766@gmail.com, MimiWinsor6625@gmail.com, MaxineClauson3939@gmail.com, LenaGalusha7687@gmail.com, TalishaGeise5594@gmail.com, GeorgiaCincotta6796@gmail.com, CandisGapinski6348@gmail.com, CyrstalRobb5332@gmail.com, CorneliaLaney7638@gmail.com, JereRouth3497@gmail.com, ArchieBranning7218@gmail.com, TomiAthey0697@gmail.com, MathaBeard0636@gmail.com, BudMclarty0075@gmail.com, MarlanaGillard2214@gmail.com, ElvisLeatherwood1278@gmail.com, HellenMacrae0712@gmail.com, MeaghanMacinnis5645@gmail.com, LezlieLuckey7094@gmail.com, MozelleReddy3840@gmail.com, OleneLedgerwood3654@gmail.com, VeniceSherry5610@gmail.com, RonCopher9843@gmail.com, ArmindaValentino6586@gmail.com, CarolannBronson4617@gmail.com, CharlynHaggerty1577@gmail.com, IsaacLinebaugh9546@gmail.com, ElbaFarr1276@gmail.com, AngelikaMarch9925@gmail.com, TylerGalbraith9779@gmail.com, MarylynnChauvin4173@gmail.com, LuisaOhm6420@gmail.com, BetteCarlos5624@gmail.com, RoccoBlubaugh1914@gmail.com, AlexandriaJantz3467@gmail.com, WinstonHemby7253@gmail.com, TamiJepson8335@gmail.com, HipolitoRowlands4929@gmail.com, PorterMarcinkowski6594@gmail.com, BonnyForester7950@gmail.com, RuthaCrotty1764@gmail.com, ColtonMoschella8698@gmail.com, WayneBasler6942@gmail.com, TakishaDemo0463@gmail.com, JoyaBristol1484@gmail.com, EllieDuca1079@gmail.com, AdelaSlusher1773@gmail.com, DaniellNicklas8998@gmail.com, JammieRapp6294@gmail.com, BessHugo8379@gmail.com, MarlinHolm9186@gmail.com, MignonCarnes1909@gmail.com, CareyBaley9974@gmail.com, DaniStroop2632@gmail.com, MaddieMccusker6382@gmail.com, HerschelSena4741@gmail.com, OraSuddeth1307@gmail.com, TedBroome1787@gmail.com, BirgitMcglade6409@gmail.com, HeidiPoplawski3633@gmail.com, CarmenIreland5525@gmail.com, NeliaAbrams8620@gmail.com, AdanCarden9027@gmail.com, LeannaMazer1235@gmail.com, KeshaShoop3740@gmail.com, ElzaAumick8395@gmail.com, TerenceGrothe7967@gmail.com, MarkitaBrymer7321@gmail.com, JazmineMccolley4132@gmail.com, AlphaHundley6257@gmail.com, ScotHollis8426@gmail.com, MarcelinaKoger3137@gmail.com, NaomaWhitman5530@gmail.com, AlfrediaSemon0100@gmail.com, MiyokoPinto5432@gmail.com, IsauraMorton9001@gmail.com, LeiaAmico4089@gmail.com, SimonPolinsky7978@gmail.com, ChloeFlorey0182@gmail.com, BerniceCorcoran1154@gmail.com, ChristineParkinson6954@gmail.com, MarlysMatteson1945@gmail.com, EstellaLavallie2298@gmail.com, MadieBhatti9814@gmail.com, ElwoodCortez5872@gmail.com, CelesteMahmood5635@gmail.com, FlorHallock7282@gmail.com, BrigitteRahm2391@gmail.com, CorazonBohan2879@gmail.com, CynthiaGines6711@gmail.com, NobleKrom2799@gmail.com, RosalindDaniele3014@gmail.com, MargaretaKu9884@gmail.com, MandiSwartwood6426@gmail.com, RickyLatimer5417@gmail.com, ClaraVillegas9775@gmail.com, TyroneAntonio7136@gmail.com, NoahDeppen5278@gmail.com, NelleGoodlow2877@gmail.com, YeseniaTillett4254@gmail.com, LynellLando8106@gmail.com, LoreenMorel1989@gmail.com, ValentinaNitti1092@gmail.com, CaraRakowski1097@gmail.com, SilasChickering2101@gmail.com, MargueriteSchuman2081@gmail.com, ThuyDecamp9430@gmail.com, IanReising1886@gmail.com, RufusHanshaw6825@gmail.com, IrmaEncarnacion2873@gmail.com, LeomaMazzei2034@gmail.com, LateshaMarini8611@gmail.com, JedFrazier6088@gmail.com, KimiSavard3616@gmail.com, LashayFranz1318@gmail.com]
17:54:39.761 [main] INFO api.AvailableMembersApi - Validating members for Survey ID: 86
17:54:39.763 [main] INFO api.AvailableMembersApi - Received response for survey ID 87: Status Code = 200
17:54:39.769 [main] INFO api.AvailableMembersApi - Available emails for survey ID 87: [MalissaArn0202@gmail.com, TeriVillalobos6990@gmail.com, YeseniaConte8292@gmail.com, MeghannFollowell6036@gmail.com, LeeHarlow6738@gmail.com, SalvatoreMonico6748@gmail.com, SunshineFocht0017@gmail.com, DainaMaine1358@gmail.com, OraHousand6876@gmail.com, GregoryLucchesi4579@gmail.com, DrucillaWilhelm1088@gmail.com, JaquelynLevett2862@gmail.com, MarikoHadfield9920@gmail.com, JanitaStroman5652@gmail.com, MargaritoDerringer6053@gmail.com, SheritaArispe4106@gmail.com, EverettNorthup7669@gmail.com, MicahShirley0805@gmail.com, WilhelminaHibdon9677@gmail.com, CarolinBlauser7632@gmail.com, LylaAlmanza0199@gmail.com, ChereGamino1550@gmail.com, FletaGiampaolo3754@gmail.com, CleotildeMcmiller8058@gmail.com, SaraiMorelli9034@gmail.com, LashandaAbbott9174@gmail.com, JeffryDynes1098@gmail.com, VerniceSoto3260@gmail.com, ElnaPhelan2540@gmail.com, TemikaHuth9411@gmail.com, AdriannaFentress5065@gmail.com, TaynaRey4852@gmail.com, IkeClink7071@gmail.com, GaynellCroce7702@gmail.com, DarlenaFarrington7903@gmail.com, CherrylCarolina2273@gmail.com, ZoeSolar4260@gmail.com, AnjanetteKrupp7724@gmail.com, JanieceSilvernail2745@gmail.com, IveyBuskey1353@gmail.com, ViolaBlackstock8664@gmail.com, ElaneMartinelli1121@gmail.com, AltonSmedley5432@gmail.com, InellRuoff2731@gmail.com, OnitaHolloway7718@gmail.com, NormanCastilleja4018@gmail.com, DelmarTourville5884@gmail.com, AudryBerends0895@gmail.com, ZoraidaFaulkner5026@gmail.com, KelleeMaddy6483@gmail.com, FlorencioMuller2772@gmail.com, JoDettman4460@gmail.com, RosanneTrezza7663@gmail.com, MarylandBenedict6434@gmail.com, KristinPonton2734@gmail.com, FlossiePangburn4203@gmail.com, YukoSteffes9115@gmail.com, DixieDarsey7418@gmail.com, KendrickPreston8153@gmail.com, EllamaeTallon2542@gmail.com, AbbieKreidler2527@gmail.com, DustinArterburn6055@gmail.com, CatriceLenton4273@gmail.com, LailaHoldren0317@gmail.com, YangSoriano2861@gmail.com, JonShultis2071@gmail.com, JulianClapper5906@gmail.com, MylesCooke7867@gmail.com, MarcelleHerzog9009@gmail.com, XochitlCalderwood5941@gmail.com, LeilaOdle4383@gmail.com, AbbyPeevy0877@gmail.com, JarvisMillar3472@gmail.com, LekishaHinnenkamp1017@gmail.com, AngeliaKeebler0114@gmail.com, ClementinaGormley2089@gmail.com, JoslynKeen8547@gmail.com, VerlaBearse3879@gmail.com, JiLamarche1348@gmail.com, LilliamMcghie9513@gmail.com, AlonaRedel2262@gmail.com, HeidiGravelle3094@gmail.com, BuckSlawson5304@gmail.com, MimiWinsor6625@gmail.com, MaxineClauson3939@gmail.com, LenaGalusha7687@gmail.com, TalishaGeise5594@gmail.com, StacieAustria9018@gmail.com, GeorgiaCincotta6796@gmail.com, CandisGapinski6348@gmail.com, CyrstalRobb5332@gmail.com, CorneliaLaney7638@gmail.com, ArchieBranning7218@gmail.com, TomiAthey0697@gmail.com, MathaBeard0636@gmail.com, BudMclarty0075@gmail.com, MarlanaGillard2214@gmail.com, ElvisLeatherwood1278@gmail.com, HellenMacrae0712@gmail.com, MeaghanMacinnis5645@gmail.com, MozelleReddy3840@gmail.com, OleneLedgerwood3654@gmail.com, ShandaCromer4960@gmail.com, VeniceSherry5610@gmail.com, RonCopher9843@gmail.com, ArmindaValentino6586@gmail.com, CarolannBronson4617@gmail.com, CharlynHaggerty1577@gmail.com, IsaacLinebaugh9546@gmail.com, ElbaFarr1276@gmail.com, AngelikaMarch9925@gmail.com, TylerGalbraith9779@gmail.com, MarylynnChauvin4173@gmail.com, LuisaOhm6420@gmail.com, BetteCarlos5624@gmail.com, RoccoBlubaugh1914@gmail.com, AlexandriaJantz3467@gmail.com, WinstonHemby7253@gmail.com, TamiJepson8335@gmail.com, AnamariaHeadrick7903@gmail.com, NereidaTruman9016@gmail.com, HipolitoRowlands4929@gmail.com, PorterMarcinkowski6594@gmail.com, BonnyForester7950@gmail.com, RuthaCrotty1764@gmail.com, DamionWysocki9147@gmail.com, ColtonMoschella8698@gmail.com, WayneBasler6942@gmail.com, JoieSly5758@gmail.com, TakishaDemo0463@gmail.com, ChasArline0812@gmail.com, NeidaVartanian0848@gmail.com, EllieDuca1079@gmail.com, AdelaSlusher1773@gmail.com, DaniellNicklas8998@gmail.com, JammieRapp6294@gmail.com, MarlinHolm9186@gmail.com, CareyBaley9974@gmail.com, DaniStroop2632@gmail.com, MaddieMccusker6382@gmail.com, HerschelSena4741@gmail.com, TedBroome1787@gmail.com, HeidiPoplawski3633@gmail.com, CarmenIreland5525@gmail.com, AdanCarden9027@gmail.com, LeannaMazer1235@gmail.com, KeshaShoop3740@gmail.com, ElzaAumick8395@gmail.com, TerenceGrothe7967@gmail.com, MarkitaBrymer7321@gmail.com, AlphaHundley6257@gmail.com, ScotHollis8426@gmail.com, MarcelinaKoger3137@gmail.com, AlfrediaSemon0100@gmail.com, MiyokoPinto5432@gmail.com, IsauraMorton9001@gmail.com, LeiaAmico4089@gmail.com, SimonPolinsky7978@gmail.com, YulandaMarsden6146@gmail.com, ChloeFlorey0182@gmail.com, BerniceCorcoran1154@gmail.com, ChristineParkinson6954@gmail.com, MarlysMatteson1945@gmail.com, EstellaLavallie2298@gmail.com, MadieBhatti9814@gmail.com, DelphaTharrington9888@gmail.com, ElwoodCortez5872@gmail.com, SanjuanitaBrotzman9707@gmail.com, CelesteMahmood5635@gmail.com, FlorHallock7282@gmail.com, BrigitteRahm2391@gmail.com, CorazonBohan2879@gmail.com, CynthiaGines6711@gmail.com, NobleKrom2799@gmail.com, RosalindDaniele3014@gmail.com, MargaretaKu9884@gmail.com, SherrieRivero5899@gmail.com, MandiSwartwood6426@gmail.com, RickyLatimer5417@gmail.com, ClaraVillegas9775@gmail.com, NoahDeppen5278@gmail.com, NelleGoodlow2877@gmail.com, YeseniaTillett4254@gmail.com, LynellLando8106@gmail.com, LoreenMorel1989@gmail.com, CaraRakowski1097@gmail.com, MargueriteSchuman2081@gmail.com, IanReising1886@gmail.com, RufusHanshaw6825@gmail.com, LeomaMazzei2034@gmail.com, LateshaMarini8611@gmail.com, MallorySegarra2903@gmail.com, TorrieHarnois1022@gmail.com, ParkerForrest2558@gmail.com, KimiSavard3616@gmail.com, LashayFranz1318@gmail.com]
17:54:39.769 [main] INFO api.AvailableMembersApi - Validating members for Survey ID: 87
17:54:39.771 [main] INFO api.AvailableMembersApi - Received response for survey ID 88: Status Code = 200
17:54:39.777 [main] INFO api.AvailableMembersApi - Available emails for survey ID 88: [MalissaArn0202@gmail.com, TeriVillalobos6990@gmail.com, YeseniaConte8292@gmail.com, MeghannFollowell6036@gmail.com, LeeHarlow6738@gmail.com, SunshineFocht0017@gmail.com, OraHousand6876@gmail.com, TasiaMerritt2498@gmail.com, GregoryLucchesi4579@gmail.com, DrucillaWilhelm1088@gmail.com, MarikoHadfield9920@gmail.com, MargaritoDerringer6053@gmail.com, SheritaArispe4106@gmail.com, EverettNorthup7669@gmail.com, MicahShirley0805@gmail.com, WilhelminaHibdon9677@gmail.com, CarolinBlauser7632@gmail.com, LylaAlmanza0199@gmail.com, ChereGamino1550@gmail.com, FletaGiampaolo3754@gmail.com, CleotildeMcmiller8058@gmail.com, SaraiMorelli9034@gmail.com, LashandaAbbott9174@gmail.com, JeffryDynes1098@gmail.com, VerniceSoto3260@gmail.com, ElnaPhelan2540@gmail.com, AdriannaFentress5065@gmail.com, TaynaRey4852@gmail.com, IkeClink7071@gmail.com, DarlenaFarrington7903@gmail.com, CherrylCarolina2273@gmail.com, ZoeSolar4260@gmail.com, JanieceSilvernail2745@gmail.com, IveyBuskey1353@gmail.com, ViolaBlackstock8664@gmail.com, ElaneMartinelli1121@gmail.com, KylaKays1591@gmail.com, AltonSmedley5432@gmail.com, VoncileHayner2281@gmail.com, BebeLehmkuhl5703@gmail.com, InellRuoff2731@gmail.com, OnitaHolloway7718@gmail.com, NormanCastilleja4018@gmail.com, DelmarTourville5884@gmail.com, AudryBerends0895@gmail.com, ZoraidaFaulkner5026@gmail.com, KelleeMaddy6483@gmail.com, FlorencioMuller2772@gmail.com, JoDettman4460@gmail.com, RosanneTrezza7663@gmail.com, MarylandBenedict6434@gmail.com, MirthaConine8554@gmail.com, KristinPonton2734@gmail.com, FlossiePangburn4203@gmail.com, YukoSteffes9115@gmail.com, DixieDarsey7418@gmail.com, KendrickPreston8153@gmail.com, CariPizzo2637@gmail.com, EllamaeTallon2542@gmail.com, AbbieKreidler2527@gmail.com, DustinArterburn6055@gmail.com, CatriceLenton4273@gmail.com, LailaHoldren0317@gmail.com, YangSoriano2861@gmail.com, JonShultis2071@gmail.com, JulianClapper5906@gmail.com, MylesCooke7867@gmail.com, RhebaCorbett1709@gmail.com, MarcelleHerzog9009@gmail.com, XochitlCalderwood5941@gmail.com, LeilaOdle4383@gmail.com, JarvisMillar3472@gmail.com, LekishaHinnenkamp1017@gmail.com, AngeliaKeebler0114@gmail.com, ClementinaGormley2089@gmail.com, JoslynKeen8547@gmail.com, VerlaBearse3879@gmail.com, CassaundraLoar9453@gmail.com, JiLamarche1348@gmail.com, LilliamMcghie9513@gmail.com, AlonaRedel2262@gmail.com, HeidiGravelle3094@gmail.com, BuckSlawson5304@gmail.com, MimiWinsor6625@gmail.com, LenaGalusha7687@gmail.com, TalishaGeise5594@gmail.com, StacieAustria9018@gmail.com, GeorgiaCincotta6796@gmail.com, CandisGapinski6348@gmail.com, CyrstalRobb5332@gmail.com, CorneliaLaney7638@gmail.com, ArchieBranning7218@gmail.com, TomiAthey0697@gmail.com, MathaBeard0636@gmail.com, BudMclarty0075@gmail.com, MarlanaGillard2214@gmail.com, HellenMacrae0712@gmail.com, MeaghanMacinnis5645@gmail.com, LezlieLuckey7094@gmail.com, MozelleReddy3840@gmail.com, OleneLedgerwood3654@gmail.com, ShandaCromer4960@gmail.com, VeniceSherry5610@gmail.com, RonCopher9843@gmail.com, ArmindaValentino6586@gmail.com, CarolannBronson4617@gmail.com, CharlynHaggerty1577@gmail.com, IsaacLinebaugh9546@gmail.com, ElbaFarr1276@gmail.com, AngelikaMarch9925@gmail.com, TylerGalbraith9779@gmail.com, MarylynnChauvin4173@gmail.com, LuisaOhm6420@gmail.com, BetteCarlos5624@gmail.com, AlexandriaJantz3467@gmail.com, WinstonHemby7253@gmail.com, TamiJepson8335@gmail.com, AnamariaHeadrick7903@gmail.com, NereidaTruman9016@gmail.com, HipolitoRowlands4929@gmail.com, PorterMarcinkowski6594@gmail.com, BonnyForester7950@gmail.com, RuthaCrotty1764@gmail.com, DamionWysocki9147@gmail.com, ColtonMoschella8698@gmail.com, JoieSly5758@gmail.com, TakishaDemo0463@gmail.com, ChasArline0812@gmail.com, JoyaBristol1484@gmail.com, NeidaVartanian0848@gmail.com, EllieDuca1079@gmail.com, AdelaSlusher1773@gmail.com, DaniellNicklas8998@gmail.com, JammieRapp6294@gmail.com, BessHugo8379@gmail.com, MarlinHolm9186@gmail.com, MignonCarnes1909@gmail.com, CareyBaley9974@gmail.com, DaniStroop2632@gmail.com, MaddieMccusker6382@gmail.com, HerschelSena4741@gmail.com, OraSuddeth1307@gmail.com, TedBroome1787@gmail.com, HeidiPoplawski3633@gmail.com, CarmenIreland5525@gmail.com, NeliaAbrams8620@gmail.com, AdanCarden9027@gmail.com, LeannaMazer1235@gmail.com, KeshaShoop3740@gmail.com, ElzaAumick8395@gmail.com, TerenceGrothe7967@gmail.com, MarkitaBrymer7321@gmail.com, JazmineMccolley4132@gmail.com, AlphaHundley6257@gmail.com, ScotHollis8426@gmail.com, MarcelinaKoger3137@gmail.com, NaomaWhitman5530@gmail.com, MiyokoPinto5432@gmail.com, IsauraMorton9001@gmail.com, LeiaAmico4089@gmail.com, SimonPolinsky7978@gmail.com, YulandaMarsden6146@gmail.com, ChloeFlorey0182@gmail.com, BerniceCorcoran1154@gmail.com, ChristineParkinson6954@gmail.com, MarlysMatteson1945@gmail.com, EstellaLavallie2298@gmail.com, MadieBhatti9814@gmail.com, DelphaTharrington9888@gmail.com, ElwoodCortez5872@gmail.com, SanjuanitaBrotzman9707@gmail.com, CelesteMahmood5635@gmail.com, FlorHallock7282@gmail.com, BrigitteRahm2391@gmail.com, CorazonBohan2879@gmail.com, CynthiaGines6711@gmail.com, NobleKrom2799@gmail.com, RosalindDaniele3014@gmail.com, MargaretaKu9884@gmail.com, SherrieRivero5899@gmail.com, MandiSwartwood6426@gmail.com, RickyLatimer5417@gmail.com, ClaraVillegas9775@gmail.com, TyroneAntonio7136@gmail.com, NoahDeppen5278@gmail.com, LynellLando8106@gmail.com, LoreenMorel1989@gmail.com, ValentinaNitti1092@gmail.com, CaraRakowski1097@gmail.com, SilasChickering2101@gmail.com, MargueriteSchuman2081@gmail.com, ThuyDecamp9430@gmail.com, RufusHanshaw6825@gmail.com, IrmaEncarnacion2873@gmail.com, LeomaMazzei2034@gmail.com, LateshaMarini8611@gmail.com, MallorySegarra2903@gmail.com, TorrieHarnois1022@gmail.com, ParkerForrest2558@gmail.com, JedFrazier6088@gmail.com, KimiSavard3616@gmail.com, LashayFranz1318@gmail.com]
17:54:39.777 [main] INFO api.AvailableMembersApi - Validating members for Survey ID: 88
17:54:39.780 [main] INFO api.AvailableMembersApi - Received response for survey ID 89: Status Code = 200
17:54:39.786 [main] INFO api.AvailableMembersApi - Available emails for survey ID 89: [MalissaArn0202@gmail.com, TeriVillalobos6990@gmail.com, YeseniaConte8292@gmail.com, MeghannFollowell6036@gmail.com, LeeHarlow6738@gmail.com, SalvatoreMonico6748@gmail.com, SunshineFocht0017@gmail.com, OraHousand6876@gmail.com, TasiaMerritt2498@gmail.com, GregoryLucchesi4579@gmail.com, DrucillaWilhelm1088@gmail.com, JaquelynLevett2862@gmail.com, MarikoHadfield9920@gmail.com, JanitaStroman5652@gmail.com, MargaritoDerringer6053@gmail.com, EverettNorthup7669@gmail.com, MicahShirley0805@gmail.com, CarolinBlauser7632@gmail.com, ChereGamino1550@gmail.com, FletaGiampaolo3754@gmail.com, CleotildeMcmiller8058@gmail.com, SaraiMorelli9034@gmail.com, LashandaAbbott9174@gmail.com, JeffryDynes1098@gmail.com, VerniceSoto3260@gmail.com, ElnaPhelan2540@gmail.com, TemikaHuth9411@gmail.com, AdriannaFentress5065@gmail.com, TaynaRey4852@gmail.com, IkeClink7071@gmail.com, GaynellCroce7702@gmail.com, DarlenaFarrington7903@gmail.com, CherrylCarolina2273@gmail.com, ZoeSolar4260@gmail.com, AnjanetteKrupp7724@gmail.com, JanieceSilvernail2745@gmail.com, IveyBuskey1353@gmail.com, ViolaBlackstock8664@gmail.com, ElaneMartinelli1121@gmail.com, RachellAnkrom0998@gmail.com, KylaKays1591@gmail.com, AltonSmedley5432@gmail.com, VoncileHayner2281@gmail.com, BebeLehmkuhl5703@gmail.com, InellRuoff2731@gmail.com, OnitaHolloway7718@gmail.com, NormanCastilleja4018@gmail.com, DelmarTourville5884@gmail.com, AudryBerends0895@gmail.com, ZoraidaFaulkner5026@gmail.com, KelleeMaddy6483@gmail.com, FlorencioMuller2772@gmail.com, JoDettman4460@gmail.com, RosanneTrezza7663@gmail.com, MarylandBenedict6434@gmail.com, MirthaConine8554@gmail.com, KristinPonton2734@gmail.com, FlossiePangburn4203@gmail.com, YukoSteffes9115@gmail.com, DixieDarsey7418@gmail.com, KendrickPreston8153@gmail.com, CariPizzo2637@gmail.com, EllamaeTallon2542@gmail.com, AbbieKreidler2527@gmail.com, DustinArterburn6055@gmail.com, CatriceLenton4273@gmail.com, LailaHoldren0317@gmail.com, YangSoriano2861@gmail.com, JonShultis2071@gmail.com, JulianClapper5906@gmail.com, MylesCooke7867@gmail.com, RhebaCorbett1709@gmail.com, MarcelleHerzog9009@gmail.com, XochitlCalderwood5941@gmail.com, AbbyPeevy0877@gmail.com, LekishaHinnenkamp1017@gmail.com, AngeliaKeebler0114@gmail.com, ClementinaGormley2089@gmail.com, JoslynKeen8547@gmail.com, VerlaBearse3879@gmail.com, CassaundraLoar9453@gmail.com, LilliamMcghie9513@gmail.com, AlonaRedel2262@gmail.com, HeidiGravelle3094@gmail.com, BuckSlawson5304@gmail.com, MimiWinsor6625@gmail.com, LenaGalusha7687@gmail.com, TalishaGeise5594@gmail.com, StacieAustria9018@gmail.com, GeorgiaCincotta6796@gmail.com, CandisGapinski6348@gmail.com, CyrstalRobb5332@gmail.com, CorneliaLaney7638@gmail.com, ArchieBranning7218@gmail.com, TomiAthey0697@gmail.com, MathaBeard0636@gmail.com, BudMclarty0075@gmail.com, MarlanaGillard2214@gmail.com, ElvisLeatherwood1278@gmail.com, HellenMacrae0712@gmail.com, MeaghanMacinnis5645@gmail.com, LezlieLuckey7094@gmail.com, MozelleReddy3840@gmail.com, OleneLedgerwood3654@gmail.com, ShandaCromer4960@gmail.com, VeniceSherry5610@gmail.com, CarolannBronson4617@gmail.com, CharlynHaggerty1577@gmail.com, IsaacLinebaugh9546@gmail.com, ElbaFarr1276@gmail.com, AngelikaMarch9925@gmail.com, MarylynnChauvin4173@gmail.com, LuisaOhm6420@gmail.com, BetteCarlos5624@gmail.com, AlexandriaJantz3467@gmail.com, WinstonHemby7253@gmail.com, TamiJepson8335@gmail.com, AnamariaHeadrick7903@gmail.com, NereidaTruman9016@gmail.com, HipolitoRowlands4929@gmail.com, BonnyForester7950@gmail.com, RuthaCrotty1764@gmail.com, DamionWysocki9147@gmail.com, ColtonMoschella8698@gmail.com, WayneBasler6942@gmail.com, JoieSly5758@gmail.com, TakishaDemo0463@gmail.com, ChasArline0812@gmail.com, JoyaBristol1484@gmail.com, NeidaVartanian0848@gmail.com, EllieDuca1079@gmail.com, AdelaSlusher1773@gmail.com, DaniellNicklas8998@gmail.com, BessHugo8379@gmail.com, MarlinHolm9186@gmail.com, MignonCarnes1909@gmail.com, CareyBaley9974@gmail.com, DaniStroop2632@gmail.com, MaddieMccusker6382@gmail.com, HerschelSena4741@gmail.com, OraSuddeth1307@gmail.com, TedBroome1787@gmail.com, BirgitMcglade6409@gmail.com, CarmenIreland5525@gmail.com, NeliaAbrams8620@gmail.com, AdanCarden9027@gmail.com, KeshaShoop3740@gmail.com, ElzaAumick8395@gmail.com, TerenceGrothe7967@gmail.com, MarkitaBrymer7321@gmail.com, JazmineMccolley4132@gmail.com, ScotHollis8426@gmail.com, MarcelinaKoger3137@gmail.com, NaomaWhitman5530@gmail.com, AlfrediaSemon0100@gmail.com, MiyokoPinto5432@gmail.com, IsauraMorton9001@gmail.com, LeiaAmico4089@gmail.com, YulandaMarsden6146@gmail.com, ChloeFlorey0182@gmail.com, BerniceCorcoran1154@gmail.com, ChristineParkinson6954@gmail.com, MarlysMatteson1945@gmail.com, EstellaLavallie2298@gmail.com, MadieBhatti9814@gmail.com, DelphaTharrington9888@gmail.com, ElwoodCortez5872@gmail.com, CelesteMahmood5635@gmail.com, BrigitteRahm2391@gmail.com, CynthiaGines6711@gmail.com, NobleKrom2799@gmail.com, RosalindDaniele3014@gmail.com, MargaretaKu9884@gmail.com, SherrieRivero5899@gmail.com, MandiSwartwood6426@gmail.com, ClaraVillegas9775@gmail.com, TyroneAntonio7136@gmail.com, NoahDeppen5278@gmail.com, NelleGoodlow2877@gmail.com, YeseniaTillett4254@gmail.com, LynellLando8106@gmail.com, LoreenMorel1989@gmail.com, ValentinaNitti1092@gmail.com, CaraRakowski1097@gmail.com, SilasChickering2101@gmail.com, MargueriteSchuman2081@gmail.com, IanReising1886@gmail.com, RufusHanshaw6825@gmail.com, IrmaEncarnacion2873@gmail.com, LeomaMazzei2034@gmail.com, LateshaMarini8611@gmail.com, ParkerForrest2558@gmail.com, JedFrazier6088@gmail.com, KimiSavard3616@gmail.com, LashayFranz1318@gmail.com]
17:54:39.786 [main] INFO api.AvailableMembersApi - Validating members for Survey ID: 89
17:54:39.788 [main] INFO api.AvailableMembersApi - Received response for survey ID 90: Status Code = 200
17:54:39.793 [main] INFO api.AvailableMembersApi - Available emails for survey ID 90: [MalissaArn0202@gmail.com, TeriVillalobos6990@gmail.com, YeseniaConte8292@gmail.com, MeghannFollowell6036@gmail.com, LeeHarlow6738@gmail.com, SalvatoreMonico6748@gmail.com, SunshineFocht0017@gmail.com, DainaMaine1358@gmail.com, OraHousand6876@gmail.com, TasiaMerritt2498@gmail.com, GregoryLucchesi4579@gmail.com, DrucillaWilhelm1088@gmail.com, JaquelynLevett2862@gmail.com, MarikoHadfield9920@gmail.com, MargaritoDerringer6053@gmail.com, SheritaArispe4106@gmail.com, EverettNorthup7669@gmail.com, MicahShirley0805@gmail.com, WilhelminaHibdon9677@gmail.com, CarolinBlauser7632@gmail.com, LylaAlmanza0199@gmail.com, ChereGamino1550@gmail.com, FletaGiampaolo3754@gmail.com, CleotildeMcmiller8058@gmail.com, LashandaAbbott9174@gmail.com, JeffryDynes1098@gmail.com, VerniceSoto3260@gmail.com, ElnaPhelan2540@gmail.com, TemikaHuth9411@gmail.com, AdriannaFentress5065@gmail.com, TaynaRey4852@gmail.com, IkeClink7071@gmail.com, GaynellCroce7702@gmail.com, DarlenaFarrington7903@gmail.com, CherrylCarolina2273@gmail.com, ZoeSolar4260@gmail.com, AnjanetteKrupp7724@gmail.com, JanieceSilvernail2745@gmail.com, IveyBuskey1353@gmail.com, ViolaBlackstock8664@gmail.com, ElaneMartinelli1121@gmail.com, RachellAnkrom0998@gmail.com, KylaKays1591@gmail.com, VoncileHayner2281@gmail.com, BebeLehmkuhl5703@gmail.com, InellRuoff2731@gmail.com, OnitaHolloway7718@gmail.com, NormanCastilleja4018@gmail.com, DelmarTourville5884@gmail.com, AudryBerends0895@gmail.com, ZoraidaFaulkner5026@gmail.com, KelleeMaddy6483@gmail.com, FlorencioMuller2772@gmail.com, JoDettman4460@gmail.com, RosanneTrezza7663@gmail.com, MarylandBenedict6434@gmail.com, MirthaConine8554@gmail.com, KristinPonton2734@gmail.com, FlossiePangburn4203@gmail.com, YukoSteffes9115@gmail.com, KendrickPreston8153@gmail.com, CariPizzo2637@gmail.com, EllamaeTallon2542@gmail.com, AbbieKreidler2527@gmail.com, DustinArterburn6055@gmail.com, CatriceLenton4273@gmail.com, LailaHoldren0317@gmail.com, YangSoriano2861@gmail.com, JonShultis2071@gmail.com, JulianClapper5906@gmail.com, MylesCooke7867@gmail.com, RhebaCorbett1709@gmail.com, MarcelleHerzog9009@gmail.com, XochitlCalderwood5941@gmail.com, LeilaOdle4383@gmail.com, AbbyPeevy0877@gmail.com, JarvisMillar3472@gmail.com, LekishaHinnenkamp1017@gmail.com, AngeliaKeebler0114@gmail.com, ClementinaGormley2089@gmail.com, JoslynKeen8547@gmail.com, VerlaBearse3879@gmail.com, CassaundraLoar9453@gmail.com, JiLamarche1348@gmail.com, LilliamMcghie9513@gmail.com, AlonaRedel2262@gmail.com, HeidiGravelle3094@gmail.com, BuckSlawson5304@gmail.com, LindsayHenline2766@gmail.com, MimiWinsor6625@gmail.com, MaxineClauson3939@gmail.com, LenaGalusha7687@gmail.com, TalishaGeise5594@gmail.com, StacieAustria9018@gmail.com, GeorgiaCincotta6796@gmail.com, CandisGapinski6348@gmail.com, CyrstalRobb5332@gmail.com, CorneliaLaney7638@gmail.com, JereRouth3497@gmail.com, ArchieBranning7218@gmail.com, TomiAthey0697@gmail.com, BudMclarty0075@gmail.com, MarlanaGillard2214@gmail.com, ElvisLeatherwood1278@gmail.com, HellenMacrae0712@gmail.com, MeaghanMacinnis5645@gmail.com, LezlieLuckey7094@gmail.com, MozelleReddy3840@gmail.com, OleneLedgerwood3654@gmail.com, ShandaCromer4960@gmail.com, VeniceSherry5610@gmail.com, RonCopher9843@gmail.com, ArmindaValentino6586@gmail.com, CarolannBronson4617@gmail.com, CharlynHaggerty1577@gmail.com, IsaacLinebaugh9546@gmail.com, ElbaFarr1276@gmail.com, AngelikaMarch9925@gmail.com, TylerGalbraith9779@gmail.com, MarylynnChauvin4173@gmail.com, LuisaOhm6420@gmail.com, RoccoBlubaugh1914@gmail.com, AlexandriaJantz3467@gmail.com, TamiJepson8335@gmail.com, AnamariaHeadrick7903@gmail.com, NereidaTruman9016@gmail.com, PorterMarcinkowski6594@gmail.com, BonnyForester7950@gmail.com, RuthaCrotty1764@gmail.com, DamionWysocki9147@gmail.com, ColtonMoschella8698@gmail.com, WayneBasler6942@gmail.com, JoieSly5758@gmail.com, TakishaDemo0463@gmail.com, ChasArline0812@gmail.com, JoyaBristol1484@gmail.com, NeidaVartanian0848@gmail.com, EllieDuca1079@gmail.com, AdelaSlusher1773@gmail.com, DaniellNicklas8998@gmail.com, JammieRapp6294@gmail.com, BessHugo8379@gmail.com, MarlinHolm9186@gmail.com, MignonCarnes1909@gmail.com, CareyBaley9974@gmail.com, DaniStroop2632@gmail.com, MaddieMccusker6382@gmail.com, HerschelSena4741@gmail.com, TedBroome1787@gmail.com, BirgitMcglade6409@gmail.com, HeidiPoplawski3633@gmail.com, CarmenIreland5525@gmail.com, NeliaAbrams8620@gmail.com, AdanCarden9027@gmail.com, LeannaMazer1235@gmail.com, KeshaShoop3740@gmail.com, TerenceGrothe7967@gmail.com, MarkitaBrymer7321@gmail.com, JazmineMccolley4132@gmail.com, AlphaHundley6257@gmail.com, ScotHollis8426@gmail.com, MarcelinaKoger3137@gmail.com, NaomaWhitman5530@gmail.com, AlfrediaSemon0100@gmail.com, MiyokoPinto5432@gmail.com, IsauraMorton9001@gmail.com, LeiaAmico4089@gmail.com, YulandaMarsden6146@gmail.com, ChloeFlorey0182@gmail.com, BerniceCorcoran1154@gmail.com, ChristineParkinson6954@gmail.com, MadieBhatti9814@gmail.com, DelphaTharrington9888@gmail.com, ElwoodCortez5872@gmail.com, SanjuanitaBrotzman9707@gmail.com, CelesteMahmood5635@gmail.com, FlorHallock7282@gmail.com, BrigitteRahm2391@gmail.com, CorazonBohan2879@gmail.com, NobleKrom2799@gmail.com, RosalindDaniele3014@gmail.com, SherrieRivero5899@gmail.com, MandiSwartwood6426@gmail.com, RickyLatimer5417@gmail.com, ClaraVillegas9775@gmail.com, TyroneAntonio7136@gmail.com, NoahDeppen5278@gmail.com, NelleGoodlow2877@gmail.com, YeseniaTillett4254@gmail.com, LynellLando8106@gmail.com, LoreenMorel1989@gmail.com, ValentinaNitti1092@gmail.com, CaraRakowski1097@gmail.com, SilasChickering2101@gmail.com, MargueriteSchuman2081@gmail.com, ThuyDecamp9430@gmail.com, IanReising1886@gmail.com, IrmaEncarnacion2873@gmail.com, LeomaMazzei2034@gmail.com, LateshaMarini8611@gmail.com, MallorySegarra2903@gmail.com, TorrieHarnois1022@gmail.com, ParkerForrest2558@gmail.com, JedFrazier6088@gmail.com, LashayFranz1318@gmail.com]
17:54:39.794 [main] INFO api.AvailableMembersApi - Validating members for Survey ID: 90
17:54:39.796 [main] INFO api.AvailableMembersApi - Received response for survey ID 91: Status Code = 200
17:54:39.804 [main] INFO api.AvailableMembersApi - Available emails for survey ID 91: [MalissaArn0202@gmail.com, TeriVillalobos6990@gmail.com, YeseniaConte8292@gmail.com, MeghannFollowell6036@gmail.com, LeeHarlow6738@gmail.com, SalvatoreMonico6748@gmail.com, SunshineFocht0017@gmail.com, OraHousand6876@gmail.com, TasiaMerritt2498@gmail.com, GregoryLucchesi4579@gmail.com, DrucillaWilhelm1088@gmail.com, JaquelynLevett2862@gmail.com, MarikoHadfield9920@gmail.com, JanitaStroman5652@gmail.com, MargaritoDerringer6053@gmail.com, SheritaArispe4106@gmail.com, EverettNorthup7669@gmail.com, MicahShirley0805@gmail.com, WilhelminaHibdon9677@gmail.com, CarolinBlauser7632@gmail.com, LylaAlmanza0199@gmail.com, ChereGamino1550@gmail.com, FletaGiampaolo3754@gmail.com, CleotildeMcmiller8058@gmail.com, SaraiMorelli9034@gmail.com, LashandaAbbott9174@gmail.com, JeffryDynes1098@gmail.com, ElnaPhelan2540@gmail.com, TemikaHuth9411@gmail.com, AdriannaFentress5065@gmail.com, TaynaRey4852@gmail.com, IkeClink7071@gmail.com, GaynellCroce7702@gmail.com, DarlenaFarrington7903@gmail.com, CherrylCarolina2273@gmail.com, ZoeSolar4260@gmail.com, AnjanetteKrupp7724@gmail.com, JanieceSilvernail2745@gmail.com, IveyBuskey1353@gmail.com, ViolaBlackstock8664@gmail.com, ElaneMartinelli1121@gmail.com, RachellAnkrom0998@gmail.com, KylaKays1591@gmail.com, AltonSmedley5432@gmail.com, VoncileHayner2281@gmail.com, BebeLehmkuhl5703@gmail.com, InellRuoff2731@gmail.com, OnitaHolloway7718@gmail.com, NormanCastilleja4018@gmail.com, DelmarTourville5884@gmail.com, AudryBerends0895@gmail.com, ZoraidaFaulkner5026@gmail.com, KelleeMaddy6483@gmail.com, FlorencioMuller2772@gmail.com, JoDettman4460@gmail.com, RosanneTrezza7663@gmail.com, MarylandBenedict6434@gmail.com, MirthaConine8554@gmail.com, KristinPonton2734@gmail.com, FlossiePangburn4203@gmail.com, YukoSteffes9115@gmail.com, DixieDarsey7418@gmail.com, KendrickPreston8153@gmail.com, CariPizzo2637@gmail.com, EllamaeTallon2542@gmail.com, AbbieKreidler2527@gmail.com, CatriceLenton4273@gmail.com, YangSoriano2861@gmail.com, JonShultis2071@gmail.com, JulianClapper5906@gmail.com, MylesCooke7867@gmail.com, RhebaCorbett1709@gmail.com, MarcelleHerzog9009@gmail.com, XochitlCalderwood5941@gmail.com, LeilaOdle4383@gmail.com, AbbyPeevy0877@gmail.com, JarvisMillar3472@gmail.com, LekishaHinnenkamp1017@gmail.com, AngeliaKeebler0114@gmail.com, ClementinaGormley2089@gmail.com, JoslynKeen8547@gmail.com, VerlaBearse3879@gmail.com, CassaundraLoar9453@gmail.com, JiLamarche1348@gmail.com, LilliamMcghie9513@gmail.com, AlonaRedel2262@gmail.com, HeidiGravelle3094@gmail.com, BuckSlawson5304@gmail.com, LindsayHenline2766@gmail.com, MimiWinsor6625@gmail.com, MaxineClauson3939@gmail.com, LenaGalusha7687@gmail.com, TalishaGeise5594@gmail.com, StacieAustria9018@gmail.com, GeorgiaCincotta6796@gmail.com, CandisGapinski6348@gmail.com, CyrstalRobb5332@gmail.com, JereRouth3497@gmail.com, TomiAthey0697@gmail.com, MathaBeard0636@gmail.com, BudMclarty0075@gmail.com, MarlanaGillard2214@gmail.com, ElvisLeatherwood1278@gmail.com, HellenMacrae0712@gmail.com, MeaghanMacinnis5645@gmail.com, MozelleReddy3840@gmail.com, OleneLedgerwood3654@gmail.com, ShandaCromer4960@gmail.com, VeniceSherry5610@gmail.com, RonCopher9843@gmail.com, CarolannBronson4617@gmail.com, CharlynHaggerty1577@gmail.com, IsaacLinebaugh9546@gmail.com, ElbaFarr1276@gmail.com, AngelikaMarch9925@gmail.com, TylerGalbraith9779@gmail.com, MarylynnChauvin4173@gmail.com, LuisaOhm6420@gmail.com, BetteCarlos5624@gmail.com, RoccoBlubaugh1914@gmail.com, AlexandriaJantz3467@gmail.com, WinstonHemby7253@gmail.com, TamiJepson8335@gmail.com, AnamariaHeadrick7903@gmail.com, NereidaTruman9016@gmail.com, HipolitoRowlands4929@gmail.com, PorterMarcinkowski6594@gmail.com, BonnyForester7950@gmail.com, RuthaCrotty1764@gmail.com, DamionWysocki9147@gmail.com, ColtonMoschella8698@gmail.com, WayneBasler6942@gmail.com, JoieSly5758@gmail.com, TakishaDemo0463@gmail.com, JoyaBristol1484@gmail.com, NeidaVartanian0848@gmail.com, EllieDuca1079@gmail.com, AdelaSlusher1773@gmail.com, DaniellNicklas8998@gmail.com, JammieRapp6294@gmail.com, BessHugo8379@gmail.com, MarlinHolm9186@gmail.com, MignonCarnes1909@gmail.com, CareyBaley9974@gmail.com, DaniStroop2632@gmail.com, MaddieMccusker6382@gmail.com, HerschelSena4741@gmail.com, OraSuddeth1307@gmail.com, TedBroome1787@gmail.com, BirgitMcglade6409@gmail.com, HeidiPoplawski3633@gmail.com, CarmenIreland5525@gmail.com, NeliaAbrams8620@gmail.com, AdanCarden9027@gmail.com, LeannaMazer1235@gmail.com, KeshaShoop3740@gmail.com, ElzaAumick8395@gmail.com, TerenceGrothe7967@gmail.com, MarkitaBrymer7321@gmail.com, JazmineMccolley4132@gmail.com, AlphaHundley6257@gmail.com, ScotHollis8426@gmail.com, MarcelinaKoger3137@gmail.com, NaomaWhitman5530@gmail.com, MiyokoPinto5432@gmail.com, IsauraMorton9001@gmail.com, LeiaAmico4089@gmail.com, SimonPolinsky7978@gmail.com, YulandaMarsden6146@gmail.com, ChloeFlorey0182@gmail.com, BerniceCorcoran1154@gmail.com, ChristineParkinson6954@gmail.com, MarlysMatteson1945@gmail.com, EstellaLavallie2298@gmail.com, MadieBhatti9814@gmail.com, DelphaTharrington9888@gmail.com, ElwoodCortez5872@gmail.com, SanjuanitaBrotzman9707@gmail.com, CelesteMahmood5635@gmail.com, FlorHallock7282@gmail.com, BrigitteRahm2391@gmail.com, CorazonBohan2879@gmail.com, CynthiaGines6711@gmail.com, NobleKrom2799@gmail.com, RosalindDaniele3014@gmail.com, MargaretaKu9884@gmail.com, SherrieRivero5899@gmail.com, MandiSwartwood6426@gmail.com, RickyLatimer5417@gmail.com, ClaraVillegas9775@gmail.com, TyroneAntonio7136@gmail.com, NoahDeppen5278@gmail.com, YeseniaTillett4254@gmail.com, LynellLando8106@gmail.com, LoreenMorel1989@gmail.com, ValentinaNitti1092@gmail.com, CaraRakowski1097@gmail.com, SilasChickering2101@gmail.com, MargueriteSchuman2081@gmail.com, ThuyDecamp9430@gmail.com, IanReising1886@gmail.com, RufusHanshaw6825@gmail.com, LeomaMazzei2034@gmail.com, LateshaMarini8611@gmail.com, MallorySegarra2903@gmail.com, TorrieHarnois1022@gmail.com, ParkerForrest2558@gmail.com, JedFrazier6088@gmail.com, KimiSavard3616@gmail.com, LashayFranz1318@gmail.com]
17:54:39.804 [main] INFO api.AvailableMembersApi - Validating members for Survey ID: 91
17:54:39.807 [main] INFO api.AvailableMembersApi - Received response for survey ID 92: Status Code = 200
17:54:39.812 [main] INFO api.AvailableMembersApi - Available emails for survey ID 92: [MalissaArn0202@gmail.com, TeriVillalobos6990@gmail.com, YeseniaConte8292@gmail.com, MeghannFollowell6036@gmail.com, LeeHarlow6738@gmail.com, SalvatoreMonico6748@gmail.com, SunshineFocht0017@gmail.com, DainaMaine1358@gmail.com, OraHousand6876@gmail.com, TasiaMerritt2498@gmail.com, GregoryLucchesi4579@gmail.com, JaquelynLevett2862@gmail.com, MarikoHadfield9920@gmail.com, JanitaStroman5652@gmail.com, SheritaArispe4106@gmail.com, EverettNorthup7669@gmail.com, MicahShirley0805@gmail.com, WilhelminaHibdon9677@gmail.com, CarolinBlauser7632@gmail.com, LylaAlmanza0199@gmail.com, ChereGamino1550@gmail.com, FletaGiampaolo3754@gmail.com, CleotildeMcmiller8058@gmail.com, SaraiMorelli9034@gmail.com, LashandaAbbott9174@gmail.com, JeffryDynes1098@gmail.com, VerniceSoto3260@gmail.com, ElnaPhelan2540@gmail.com, TemikaHuth9411@gmail.com, AdriannaFentress5065@gmail.com, TaynaRey4852@gmail.com, IkeClink7071@gmail.com, GaynellCroce7702@gmail.com, CherrylCarolina2273@gmail.com, ZoeSolar4260@gmail.com, AnjanetteKrupp7724@gmail.com, JanieceSilvernail2745@gmail.com, IveyBuskey1353@gmail.com, ViolaBlackstock8664@gmail.com, ElaneMartinelli1121@gmail.com, KylaKays1591@gmail.com, AltonSmedley5432@gmail.com, VoncileHayner2281@gmail.com, BebeLehmkuhl5703@gmail.com, InellRuoff2731@gmail.com, OnitaHolloway7718@gmail.com, NormanCastilleja4018@gmail.com, DelmarTourville5884@gmail.com, AudryBerends0895@gmail.com, ZoraidaFaulkner5026@gmail.com, KelleeMaddy6483@gmail.com, JoDettman4460@gmail.com, RosanneTrezza7663@gmail.com, MarylandBenedict6434@gmail.com, MirthaConine8554@gmail.com, FlossiePangburn4203@gmail.com, YukoSteffes9115@gmail.com, DixieDarsey7418@gmail.com, CariPizzo2637@gmail.com, EllamaeTallon2542@gmail.com, DustinArterburn6055@gmail.com, CatriceLenton4273@gmail.com, LailaHoldren0317@gmail.com, YangSoriano2861@gmail.com, JonShultis2071@gmail.com, JulianClapper5906@gmail.com, MylesCooke7867@gmail.com, RhebaCorbett1709@gmail.com, MarcelleHerzog9009@gmail.com, XochitlCalderwood5941@gmail.com, LeilaOdle4383@gmail.com, AbbyPeevy0877@gmail.com, JarvisMillar3472@gmail.com, LekishaHinnenkamp1017@gmail.com, AngeliaKeebler0114@gmail.com, ClementinaGormley2089@gmail.com, JoslynKeen8547@gmail.com, VerlaBearse3879@gmail.com, CassaundraLoar9453@gmail.com, JiLamarche1348@gmail.com, LilliamMcghie9513@gmail.com, AlonaRedel2262@gmail.com, HeidiGravelle3094@gmail.com, BuckSlawson5304@gmail.com, LindsayHenline2766@gmail.com, MimiWinsor6625@gmail.com, MaxineClauson3939@gmail.com, LenaGalusha7687@gmail.com, TalishaGeise5594@gmail.com, StacieAustria9018@gmail.com, GeorgiaCincotta6796@gmail.com, CandisGapinski6348@gmail.com, CyrstalRobb5332@gmail.com, CorneliaLaney7638@gmail.com, JereRouth3497@gmail.com, ArchieBranning7218@gmail.com, TomiAthey0697@gmail.com, MathaBeard0636@gmail.com, BudMclarty0075@gmail.com, MarlanaGillard2214@gmail.com, ElvisLeatherwood1278@gmail.com, HellenMacrae0712@gmail.com, MeaghanMacinnis5645@gmail.com, LezlieLuckey7094@gmail.com, MozelleReddy3840@gmail.com, OleneLedgerwood3654@gmail.com, ShandaCromer4960@gmail.com, VeniceSherry5610@gmail.com, RonCopher9843@gmail.com, ArmindaValentino6586@gmail.com, CarolannBronson4617@gmail.com, CharlynHaggerty1577@gmail.com, IsaacLinebaugh9546@gmail.com, ElbaFarr1276@gmail.com, AngelikaMarch9925@gmail.com, MarylynnChauvin4173@gmail.com, LuisaOhm6420@gmail.com, BetteCarlos5624@gmail.com, RoccoBlubaugh1914@gmail.com, AlexandriaJantz3467@gmail.com, WinstonHemby7253@gmail.com, TamiJepson8335@gmail.com, AnamariaHeadrick7903@gmail.com, NereidaTruman9016@gmail.com, HipolitoRowlands4929@gmail.com, PorterMarcinkowski6594@gmail.com, BonnyForester7950@gmail.com, RuthaCrotty1764@gmail.com, DamionWysocki9147@gmail.com, ColtonMoschella8698@gmail.com, WayneBasler6942@gmail.com, JoieSly5758@gmail.com, TakishaDemo0463@gmail.com, ChasArline0812@gmail.com, NeidaVartanian0848@gmail.com, EllieDuca1079@gmail.com, AdelaSlusher1773@gmail.com, DaniellNicklas8998@gmail.com, BessHugo8379@gmail.com, MarlinHolm9186@gmail.com, MignonCarnes1909@gmail.com, CareyBaley9974@gmail.com, DaniStroop2632@gmail.com, MaddieMccusker6382@gmail.com, HerschelSena4741@gmail.com, OraSuddeth1307@gmail.com, TedBroome1787@gmail.com, BirgitMcglade6409@gmail.com, HeidiPoplawski3633@gmail.com, CarmenIreland5525@gmail.com, NeliaAbrams8620@gmail.com, AdanCarden9027@gmail.com, LeannaMazer1235@gmail.com, KeshaShoop3740@gmail.com, ElzaAumick8395@gmail.com, TerenceGrothe7967@gmail.com, MarkitaBrymer7321@gmail.com, JazmineMccolley4132@gmail.com, AlphaHundley6257@gmail.com, MarcelinaKoger3137@gmail.com, NaomaWhitman5530@gmail.com, AlfrediaSemon0100@gmail.com, MiyokoPinto5432@gmail.com, IsauraMorton9001@gmail.com, YulandaMarsden6146@gmail.com, ChloeFlorey0182@gmail.com, BerniceCorcoran1154@gmail.com, ChristineParkinson6954@gmail.com, MarlysMatteson1945@gmail.com, EstellaLavallie2298@gmail.com, MadieBhatti9814@gmail.com, DelphaTharrington9888@gmail.com, ElwoodCortez5872@gmail.com, SanjuanitaBrotzman9707@gmail.com, CelesteMahmood5635@gmail.com, FlorHallock7282@gmail.com, BrigitteRahm2391@gmail.com, CorazonBohan2879@gmail.com, CynthiaGines6711@gmail.com, NobleKrom2799@gmail.com, MargaretaKu9884@gmail.com, SherrieRivero5899@gmail.com, MandiSwartwood6426@gmail.com, RickyLatimer5417@gmail.com, ClaraVillegas9775@gmail.com, TyroneAntonio7136@gmail.com, NoahDeppen5278@gmail.com, NelleGoodlow2877@gmail.com, YeseniaTillett4254@gmail.com, LynellLando8106@gmail.com, LoreenMorel1989@gmail.com, ValentinaNitti1092@gmail.com, CaraRakowski1097@gmail.com, SilasChickering2101@gmail.com, MargueriteSchuman2081@gmail.com, IanReising1886@gmail.com, RufusHanshaw6825@gmail.com, LeomaMazzei2034@gmail.com, LateshaMarini8611@gmail.com, MallorySegarra2903@gmail.com, TorrieHarnois1022@gmail.com, ParkerForrest2558@gmail.com, JedFrazier6088@gmail.com, LashayFranz1318@gmail.com]
17:54:39.812 [main] INFO api.AvailableMembersApi - Validating members for Survey ID: 92
17:54:39.814 [main] INFO api.AvailableMembersApi - Received response for survey ID 93: Status Code = 200
17:54:39.819 [main] INFO api.AvailableMembersApi - Available emails for survey ID 93: [MalissaArn0202@gmail.com, TeriVillalobos6990@gmail.com, YeseniaConte8292@gmail.com, MeghannFollowell6036@gmail.com, LeeHarlow6738@gmail.com, SalvatoreMonico6748@gmail.com, SunshineFocht0017@gmail.com, DainaMaine1358@gmail.com, OraHousand6876@gmail.com, TasiaMerritt2498@gmail.com, JaquelynLevett2862@gmail.com, MarikoHadfield9920@gmail.com, JanitaStroman5652@gmail.com, MargaritoDerringer6053@gmail.com, SheritaArispe4106@gmail.com, EverettNorthup7669@gmail.com, MicahShirley0805@gmail.com, WilhelminaHibdon9677@gmail.com, CarolinBlauser7632@gmail.com, LylaAlmanza0199@gmail.com, ChereGamino1550@gmail.com, FletaGiampaolo3754@gmail.com, CleotildeMcmiller8058@gmail.com, SaraiMorelli9034@gmail.com, LashandaAbbott9174@gmail.com, JeffryDynes1098@gmail.com, VerniceSoto3260@gmail.com, ElnaPhelan2540@gmail.com, TemikaHuth9411@gmail.com, AdriannaFentress5065@gmail.com, TaynaRey4852@gmail.com, IkeClink7071@gmail.com, GaynellCroce7702@gmail.com, DarlenaFarrington7903@gmail.com, CherrylCarolina2273@gmail.com, ZoeSolar4260@gmail.com, AnjanetteKrupp7724@gmail.com, JanieceSilvernail2745@gmail.com, IveyBuskey1353@gmail.com, ElaneMartinelli1121@gmail.com, RachellAnkrom0998@gmail.com, KylaKays1591@gmail.com, AltonSmedley5432@gmail.com, BebeLehmkuhl5703@gmail.com, InellRuoff2731@gmail.com, OnitaHolloway7718@gmail.com, AudryBerends0895@gmail.com, ZoraidaFaulkner5026@gmail.com, KelleeMaddy6483@gmail.com, FlorencioMuller2772@gmail.com, JoDettman4460@gmail.com, RosanneTrezza7663@gmail.com, MarylandBenedict6434@gmail.com, MirthaConine8554@gmail.com, KristinPonton2734@gmail.com, FlossiePangburn4203@gmail.com, YukoSteffes9115@gmail.com, DixieDarsey7418@gmail.com, KendrickPreston8153@gmail.com, EllamaeTallon2542@gmail.com, AbbieKreidler2527@gmail.com, DustinArterburn6055@gmail.com, LailaHoldren0317@gmail.com, YangSoriano2861@gmail.com, JonShultis2071@gmail.com, JulianClapper5906@gmail.com, MylesCooke7867@gmail.com, RhebaCorbett1709@gmail.com, MarcelleHerzog9009@gmail.com, XochitlCalderwood5941@gmail.com, LeilaOdle4383@gmail.com, AbbyPeevy0877@gmail.com, JarvisMillar3472@gmail.com, AngeliaKeebler0114@gmail.com, ClementinaGormley2089@gmail.com, JoslynKeen8547@gmail.com, VerlaBearse3879@gmail.com, CassaundraLoar9453@gmail.com, JiLamarche1348@gmail.com, AlonaRedel2262@gmail.com, HeidiGravelle3094@gmail.com, BuckSlawson5304@gmail.com, LindsayHenline2766@gmail.com, MimiWinsor6625@gmail.com, MaxineClauson3939@gmail.com, LenaGalusha7687@gmail.com, TalishaGeise5594@gmail.com, StacieAustria9018@gmail.com, GeorgiaCincotta6796@gmail.com, CandisGapinski6348@gmail.com, CyrstalRobb5332@gmail.com, CorneliaLaney7638@gmail.com, JereRouth3497@gmail.com, ArchieBranning7218@gmail.com, MathaBeard0636@gmail.com, BudMclarty0075@gmail.com, MarlanaGillard2214@gmail.com, ElvisLeatherwood1278@gmail.com, HellenMacrae0712@gmail.com, MeaghanMacinnis5645@gmail.com, LezlieLuckey7094@gmail.com, MozelleReddy3840@gmail.com, OleneLedgerwood3654@gmail.com, ShandaCromer4960@gmail.com, VeniceSherry5610@gmail.com, RonCopher9843@gmail.com, CarolannBronson4617@gmail.com, CharlynHaggerty1577@gmail.com, ElbaFarr1276@gmail.com, AngelikaMarch9925@gmail.com, TylerGalbraith9779@gmail.com, MarylynnChauvin4173@gmail.com, LuisaOhm6420@gmail.com, BetteCarlos5624@gmail.com, RoccoBlubaugh1914@gmail.com, AlexandriaJantz3467@gmail.com, WinstonHemby7253@gmail.com, TamiJepson8335@gmail.com, AnamariaHeadrick7903@gmail.com, NereidaTruman9016@gmail.com, HipolitoRowlands4929@gmail.com, PorterMarcinkowski6594@gmail.com, RuthaCrotty1764@gmail.com, DamionWysocki9147@gmail.com, ColtonMoschella8698@gmail.com, WayneBasler6942@gmail.com, JoieSly5758@gmail.com, TakishaDemo0463@gmail.com, ChasArline0812@gmail.com, JoyaBristol1484@gmail.com, NeidaVartanian0848@gmail.com, EllieDuca1079@gmail.com, AdelaSlusher1773@gmail.com, DaniellNicklas8998@gmail.com, JammieRapp6294@gmail.com, BessHugo8379@gmail.com, MarlinHolm9186@gmail.com, MignonCarnes1909@gmail.com, CareyBaley9974@gmail.com, DaniStroop2632@gmail.com, MaddieMccusker6382@gmail.com, HerschelSena4741@gmail.com, OraSuddeth1307@gmail.com, TedBroome1787@gmail.com, BirgitMcglade6409@gmail.com, HeidiPoplawski3633@gmail.com, CarmenIreland5525@gmail.com, NeliaAbrams8620@gmail.com, AdanCarden9027@gmail.com, LeannaMazer1235@gmail.com, KeshaShoop3740@gmail.com, ElzaAumick8395@gmail.com, TerenceGrothe7967@gmail.com, MarkitaBrymer7321@gmail.com, JazmineMccolley4132@gmail.com, AlphaHundley6257@gmail.com, ScotHollis8426@gmail.com, MarcelinaKoger3137@gmail.com, NaomaWhitman5530@gmail.com, AlfrediaSemon0100@gmail.com, MiyokoPinto5432@gmail.com, IsauraMorton9001@gmail.com, LeiaAmico4089@gmail.com, SimonPolinsky7978@gmail.com, YulandaMarsden6146@gmail.com, ChloeFlorey0182@gmail.com, ChristineParkinson6954@gmail.com, EstellaLavallie2298@gmail.com, MadieBhatti9814@gmail.com, DelphaTharrington9888@gmail.com, ElwoodCortez5872@gmail.com, CelesteMahmood5635@gmail.com, FlorHallock7282@gmail.com, BrigitteRahm2391@gmail.com, CorazonBohan2879@gmail.com, CynthiaGines6711@gmail.com, NobleKrom2799@gmail.com, RosalindDaniele3014@gmail.com, MargaretaKu9884@gmail.com, SherrieRivero5899@gmail.com, RickyLatimer5417@gmail.com, ClaraVillegas9775@gmail.com, TyroneAntonio7136@gmail.com, NoahDeppen5278@gmail.com, NelleGoodlow2877@gmail.com, YeseniaTillett4254@gmail.com, LynellLando8106@gmail.com, LoreenMorel1989@gmail.com, ValentinaNitti1092@gmail.com, SilasChickering2101@gmail.com, MargueriteSchuman2081@gmail.com, ThuyDecamp9430@gmail.com, IanReising1886@gmail.com, RufusHanshaw6825@gmail.com, IrmaEncarnacion2873@gmail.com, LeomaMazzei2034@gmail.com, LateshaMarini8611@gmail.com, MallorySegarra2903@gmail.com, TorrieHarnois1022@gmail.com, ParkerForrest2558@gmail.com, JedFrazier6088@gmail.com, KimiSavard3616@gmail.com, LashayFranz1318@gmail.com]
17:54:39.820 [main] INFO api.AvailableMembersApi - Validating members for Survey ID: 93
17:54:39.821 [main] INFO api.AvailableMembersApi - Received response for survey ID 94: Status Code = 200
17:54:39.829 [main] INFO api.AvailableMembersApi - Available emails for survey ID 94: [MalissaArn0202@gmail.com, TeriVillalobos6990@gmail.com, YeseniaConte8292@gmail.com, MeghannFollowell6036@gmail.com, LeeHarlow6738@gmail.com, SalvatoreMonico6748@gmail.com, SunshineFocht0017@gmail.com, DainaMaine1358@gmail.com, OraHousand6876@gmail.com, TasiaMerritt2498@gmail.com, GregoryLucchesi4579@gmail.com, JaquelynLevett2862@gmail.com, MarikoHadfield9920@gmail.com, JanitaStroman5652@gmail.com, MargaritoDerringer6053@gmail.com, SheritaArispe4106@gmail.com, EverettNorthup7669@gmail.com, MicahShirley0805@gmail.com, WilhelminaHibdon9677@gmail.com, CarolinBlauser7632@gmail.com, LylaAlmanza0199@gmail.com, ChereGamino1550@gmail.com, FletaGiampaolo3754@gmail.com, CleotildeMcmiller8058@gmail.com, LashandaAbbott9174@gmail.com, JeffryDynes1098@gmail.com, VerniceSoto3260@gmail.com, ElnaPhelan2540@gmail.com, TemikaHuth9411@gmail.com, AdriannaFentress5065@gmail.com, TaynaRey4852@gmail.com, IkeClink7071@gmail.com, GaynellCroce7702@gmail.com, DarlenaFarrington7903@gmail.com, CherrylCarolina2273@gmail.com, ZoeSolar4260@gmail.com, AnjanetteKrupp7724@gmail.com, JanieceSilvernail2745@gmail.com, IveyBuskey1353@gmail.com, ViolaBlackstock8664@gmail.com, ElaneMartinelli1121@gmail.com, RachellAnkrom0998@gmail.com, KylaKays1591@gmail.com, AltonSmedley5432@gmail.com, VoncileHayner2281@gmail.com, BebeLehmkuhl5703@gmail.com, InellRuoff2731@gmail.com, OnitaHolloway7718@gmail.com, NormanCastilleja4018@gmail.com, DelmarTourville5884@gmail.com, AudryBerends0895@gmail.com, ZoraidaFaulkner5026@gmail.com, KelleeMaddy6483@gmail.com, FlorencioMuller2772@gmail.com, JoDettman4460@gmail.com, RosanneTrezza7663@gmail.com, MarylandBenedict6434@gmail.com, MirthaConine8554@gmail.com, KristinPonton2734@gmail.com, FlossiePangburn4203@gmail.com, YukoSteffes9115@gmail.com, DixieDarsey7418@gmail.com, KendrickPreston8153@gmail.com, EllamaeTallon2542@gmail.com, AbbieKreidler2527@gmail.com, DustinArterburn6055@gmail.com, CatriceLenton4273@gmail.com, LailaHoldren0317@gmail.com, YangSoriano2861@gmail.com, JonShultis2071@gmail.com, JulianClapper5906@gmail.com, MylesCooke7867@gmail.com, RhebaCorbett1709@gmail.com, XochitlCalderwood5941@gmail.com, LeilaOdle4383@gmail.com, AbbyPeevy0877@gmail.com, JarvisMillar3472@gmail.com, LekishaHinnenkamp1017@gmail.com, AngeliaKeebler0114@gmail.com, ClementinaGormley2089@gmail.com, JoslynKeen8547@gmail.com, VerlaBearse3879@gmail.com, JiLamarche1348@gmail.com, LilliamMcghie9513@gmail.com, AlonaRedel2262@gmail.com, HeidiGravelle3094@gmail.com, BuckSlawson5304@gmail.com, LindsayHenline2766@gmail.com, MimiWinsor6625@gmail.com, MaxineClauson3939@gmail.com, TalishaGeise5594@gmail.com, StacieAustria9018@gmail.com, GeorgiaCincotta6796@gmail.com, CandisGapinski6348@gmail.com, CyrstalRobb5332@gmail.com, CorneliaLaney7638@gmail.com, JereRouth3497@gmail.com, ArchieBranning7218@gmail.com, TomiAthey0697@gmail.com, MathaBeard0636@gmail.com, MarlanaGillard2214@gmail.com, HellenMacrae0712@gmail.com, LezlieLuckey7094@gmail.com, MozelleReddy3840@gmail.com, ShandaCromer4960@gmail.com, RonCopher9843@gmail.com, ArmindaValentino6586@gmail.com, CarolannBronson4617@gmail.com, CharlynHaggerty1577@gmail.com, IsaacLinebaugh9546@gmail.com, ElbaFarr1276@gmail.com, AngelikaMarch9925@gmail.com, TylerGalbraith9779@gmail.com, MarylynnChauvin4173@gmail.com, LuisaOhm6420@gmail.com, BetteCarlos5624@gmail.com, RoccoBlubaugh1914@gmail.com, AlexandriaJantz3467@gmail.com, WinstonHemby7253@gmail.com, TamiJepson8335@gmail.com, AnamariaHeadrick7903@gmail.com, NereidaTruman9016@gmail.com, HipolitoRowlands4929@gmail.com, PorterMarcinkowski6594@gmail.com, BonnyForester7950@gmail.com, RuthaCrotty1764@gmail.com, DamionWysocki9147@gmail.com, ColtonMoschella8698@gmail.com, WayneBasler6942@gmail.com, JoieSly5758@gmail.com, TakishaDemo0463@gmail.com, JoyaBristol1484@gmail.com, NeidaVartanian0848@gmail.com, EllieDuca1079@gmail.com, AdelaSlusher1773@gmail.com, DaniellNicklas8998@gmail.com, JammieRapp6294@gmail.com, BessHugo8379@gmail.com, MarlinHolm9186@gmail.com, MignonCarnes1909@gmail.com, CareyBaley9974@gmail.com, DaniStroop2632@gmail.com, MaddieMccusker6382@gmail.com, HerschelSena4741@gmail.com, OraSuddeth1307@gmail.com, TedBroome1787@gmail.com, BirgitMcglade6409@gmail.com, HeidiPoplawski3633@gmail.com, CarmenIreland5525@gmail.com, NeliaAbrams8620@gmail.com, AdanCarden9027@gmail.com, LeannaMazer1235@gmail.com, KeshaShoop3740@gmail.com, ElzaAumick8395@gmail.com, TerenceGrothe7967@gmail.com, MarkitaBrymer7321@gmail.com, JazmineMccolley4132@gmail.com, AlphaHundley6257@gmail.com, ScotHollis8426@gmail.com, MarcelinaKoger3137@gmail.com, NaomaWhitman5530@gmail.com, AlfrediaSemon0100@gmail.com, MiyokoPinto5432@gmail.com, IsauraMorton9001@gmail.com, SimonPolinsky7978@gmail.com, YulandaMarsden6146@gmail.com, ChloeFlorey0182@gmail.com, MarlysMatteson1945@gmail.com, EstellaLavallie2298@gmail.com, DelphaTharrington9888@gmail.com, ElwoodCortez5872@gmail.com, SanjuanitaBrotzman9707@gmail.com, CelesteMahmood5635@gmail.com, FlorHallock7282@gmail.com, BrigitteRahm2391@gmail.com, CorazonBohan2879@gmail.com, CynthiaGines6711@gmail.com, NobleKrom2799@gmail.com, RosalindDaniele3014@gmail.com, MargaretaKu9884@gmail.com, SherrieRivero5899@gmail.com, MandiSwartwood6426@gmail.com, RickyLatimer5417@gmail.com, ClaraVillegas9775@gmail.com, TyroneAntonio7136@gmail.com, NoahDeppen5278@gmail.com, NelleGoodlow2877@gmail.com, YeseniaTillett4254@gmail.com, LynellLando8106@gmail.com, LoreenMorel1989@gmail.com, ValentinaNitti1092@gmail.com, CaraRakowski1097@gmail.com, SilasChickering2101@gmail.com, MargueriteSchuman2081@gmail.com, ThuyDecamp9430@gmail.com, IanReising1886@gmail.com, RufusHanshaw6825@gmail.com, IrmaEncarnacion2873@gmail.com, LeomaMazzei2034@gmail.com, LateshaMarini8611@gmail.com, MallorySegarra2903@gmail.com, TorrieHarnois1022@gmail.com, ParkerForrest2558@gmail.com, JedFrazier6088@gmail.com, KimiSavard3616@gmail.com, LashayFranz1318@gmail.com]
17:54:39.829 [main] INFO api.AvailableMembersApi - Validating members for Survey ID: 94
17:54:39.832 [main] INFO api.AvailableMembersApi - Received response for survey ID 95: Status Code = 200
17:54:39.840 [main] INFO api.AvailableMembersApi - Available emails for survey ID 95: [TeriVillalobos6990@gmail.com, YeseniaConte8292@gmail.com, MeghannFollowell6036@gmail.com, LeeHarlow6738@gmail.com, SalvatoreMonico6748@gmail.com, SunshineFocht0017@gmail.com, DainaMaine1358@gmail.com, OraHousand6876@gmail.com, TasiaMerritt2498@gmail.com, GregoryLucchesi4579@gmail.com, DrucillaWilhelm1088@gmail.com, JaquelynLevett2862@gmail.com, MarikoHadfield9920@gmail.com, JanitaStroman5652@gmail.com, MargaritoDerringer6053@gmail.com, EverettNorthup7669@gmail.com, WilhelminaHibdon9677@gmail.com, CarolinBlauser7632@gmail.com, LylaAlmanza0199@gmail.com, ChereGamino1550@gmail.com, FletaGiampaolo3754@gmail.com, CleotildeMcmiller8058@gmail.com, SaraiMorelli9034@gmail.com, LashandaAbbott9174@gmail.com, JeffryDynes1098@gmail.com, VerniceSoto3260@gmail.com, ElnaPhelan2540@gmail.com, AdriannaFentress5065@gmail.com, TaynaRey4852@gmail.com, IkeClink7071@gmail.com, GaynellCroce7702@gmail.com, DarlenaFarrington7903@gmail.com, CherrylCarolina2273@gmail.com, ZoeSolar4260@gmail.com, JanieceSilvernail2745@gmail.com, IveyBuskey1353@gmail.com, ViolaBlackstock8664@gmail.com, ElaneMartinelli1121@gmail.com, RachellAnkrom0998@gmail.com, KylaKays1591@gmail.com, AltonSmedley5432@gmail.com, VoncileHayner2281@gmail.com, BebeLehmkuhl5703@gmail.com, OnitaHolloway7718@gmail.com, NormanCastilleja4018@gmail.com, DelmarTourville5884@gmail.com, AudryBerends0895@gmail.com, ZoraidaFaulkner5026@gmail.com, KelleeMaddy6483@gmail.com, FlorencioMuller2772@gmail.com, JoDettman4460@gmail.com, RosanneTrezza7663@gmail.com, MirthaConine8554@gmail.com, KristinPonton2734@gmail.com, FlossiePangburn4203@gmail.com, YukoSteffes9115@gmail.com, DixieDarsey7418@gmail.com, KendrickPreston8153@gmail.com, EllamaeTallon2542@gmail.com, AbbieKreidler2527@gmail.com, DustinArterburn6055@gmail.com, CatriceLenton4273@gmail.com, YangSoriano2861@gmail.com, JonShultis2071@gmail.com, JulianClapper5906@gmail.com, MylesCooke7867@gmail.com, RhebaCorbett1709@gmail.com, MarcelleHerzog9009@gmail.com, XochitlCalderwood5941@gmail.com, LeilaOdle4383@gmail.com, AbbyPeevy0877@gmail.com, JarvisMillar3472@gmail.com, LekishaHinnenkamp1017@gmail.com, AngeliaKeebler0114@gmail.com, ClementinaGormley2089@gmail.com, JoslynKeen8547@gmail.com, VerlaBearse3879@gmail.com, CassaundraLoar9453@gmail.com, JiLamarche1348@gmail.com, LilliamMcghie9513@gmail.com, AlonaRedel2262@gmail.com, HeidiGravelle3094@gmail.com, BuckSlawson5304@gmail.com, LindsayHenline2766@gmail.com, MimiWinsor6625@gmail.com, MaxineClauson3939@gmail.com, LenaGalusha7687@gmail.com, TalishaGeise5594@gmail.com, StacieAustria9018@gmail.com, CandisGapinski6348@gmail.com, JereRouth3497@gmail.com, ArchieBranning7218@gmail.com, TomiAthey0697@gmail.com, MathaBeard0636@gmail.com, BudMclarty0075@gmail.com, MarlanaGillard2214@gmail.com, ElvisLeatherwood1278@gmail.com, HellenMacrae0712@gmail.com, MeaghanMacinnis5645@gmail.com, LezlieLuckey7094@gmail.com, OleneLedgerwood3654@gmail.com, ShandaCromer4960@gmail.com, VeniceSherry5610@gmail.com, RonCopher9843@gmail.com, ArmindaValentino6586@gmail.com, CarolannBronson4617@gmail.com, CharlynHaggerty1577@gmail.com, IsaacLinebaugh9546@gmail.com, ElbaFarr1276@gmail.com, AngelikaMarch9925@gmail.com, TylerGalbraith9779@gmail.com, LuisaOhm6420@gmail.com, BetteCarlos5624@gmail.com, RoccoBlubaugh1914@gmail.com, AlexandriaJantz3467@gmail.com, WinstonHemby7253@gmail.com, TamiJepson8335@gmail.com, AnamariaHeadrick7903@gmail.com, NereidaTruman9016@gmail.com, HipolitoRowlands4929@gmail.com, PorterMarcinkowski6594@gmail.com, BonnyForester7950@gmail.com, RuthaCrotty1764@gmail.com, DamionWysocki9147@gmail.com, ColtonMoschella8698@gmail.com, WayneBasler6942@gmail.com, JoieSly5758@gmail.com, TakishaDemo0463@gmail.com, JoyaBristol1484@gmail.com, NeidaVartanian0848@gmail.com, EllieDuca1079@gmail.com, AdelaSlusher1773@gmail.com, DaniellNicklas8998@gmail.com, JammieRapp6294@gmail.com, BessHugo8379@gmail.com, MarlinHolm9186@gmail.com, MignonCarnes1909@gmail.com, CareyBaley9974@gmail.com, DaniStroop2632@gmail.com, MaddieMccusker6382@gmail.com, HerschelSena4741@gmail.com, OraSuddeth1307@gmail.com, TedBroome1787@gmail.com, BirgitMcglade6409@gmail.com, HeidiPoplawski3633@gmail.com, CarmenIreland5525@gmail.com, NeliaAbrams8620@gmail.com, AdanCarden9027@gmail.com, LeannaMazer1235@gmail.com, KeshaShoop3740@gmail.com, ElzaAumick8395@gmail.com, TerenceGrothe7967@gmail.com, MarkitaBrymer7321@gmail.com, JazmineMccolley4132@gmail.com, AlphaHundley6257@gmail.com, ScotHollis8426@gmail.com, MarcelinaKoger3137@gmail.com, NaomaWhitman5530@gmail.com, AlfrediaSemon0100@gmail.com, MiyokoPinto5432@gmail.com, IsauraMorton9001@gmail.com, LeiaAmico4089@gmail.com, ChloeFlorey0182@gmail.com, BerniceCorcoran1154@gmail.com, ChristineParkinson6954@gmail.com, MarlysMatteson1945@gmail.com, EstellaLavallie2298@gmail.com, MadieBhatti9814@gmail.com, DelphaTharrington9888@gmail.com, ElwoodCortez5872@gmail.com, CelesteMahmood5635@gmail.com, FlorHallock7282@gmail.com, CorazonBohan2879@gmail.com, CynthiaGines6711@gmail.com, NobleKrom2799@gmail.com, RosalindDaniele3014@gmail.com, MargaretaKu9884@gmail.com, SherrieRivero5899@gmail.com, MandiSwartwood6426@gmail.com, RickyLatimer5417@gmail.com, ClaraVillegas9775@gmail.com, TyroneAntonio7136@gmail.com, NoahDeppen5278@gmail.com, NelleGoodlow2877@gmail.com, YeseniaTillett4254@gmail.com, LynellLando8106@gmail.com, LoreenMorel1989@gmail.com, ValentinaNitti1092@gmail.com, CaraRakowski1097@gmail.com, SilasChickering2101@gmail.com, ThuyDecamp9430@gmail.com, IanReising1886@gmail.com, RufusHanshaw6825@gmail.com, IrmaEncarnacion2873@gmail.com, LeomaMazzei2034@gmail.com, TorrieHarnois1022@gmail.com, ParkerForrest2558@gmail.com, JedFrazier6088@gmail.com, KimiSavard3616@gmail.com, LashayFranz1318@gmail.com]
17:54:39.840 [main] INFO api.AvailableMembersApi - Validating members for Survey ID: 95
17:54:39.842 [main] INFO api.AvailableMembersApi - Received response for survey ID 96: Status Code = 200
17:54:39.849 [main] INFO api.AvailableMembersApi - Available emails for survey ID 96: [MalissaArn0202@gmail.com, TeriVillalobos6990@gmail.com, YeseniaConte8292@gmail.com, MeghannFollowell6036@gmail.com, SunshineFocht0017@gmail.com, DainaMaine1358@gmail.com, OraHousand6876@gmail.com, TasiaMerritt2498@gmail.com, GregoryLucchesi4579@gmail.com, DrucillaWilhelm1088@gmail.com, JaquelynLevett2862@gmail.com, MarikoHadfield9920@gmail.com, JanitaStroman5652@gmail.com, MargaritoDerringer6053@gmail.com, SheritaArispe4106@gmail.com, MicahShirley0805@gmail.com, WilhelminaHibdon9677@gmail.com, CarolinBlauser7632@gmail.com, LylaAlmanza0199@gmail.com, ChereGamino1550@gmail.com, FletaGiampaolo3754@gmail.com, CleotildeMcmiller8058@gmail.com, SaraiMorelli9034@gmail.com, LashandaAbbott9174@gmail.com, JeffryDynes1098@gmail.com, VerniceSoto3260@gmail.com, ElnaPhelan2540@gmail.com, AdriannaFentress5065@gmail.com, TaynaRey4852@gmail.com, IkeClink7071@gmail.com, GaynellCroce7702@gmail.com, DarlenaFarrington7903@gmail.com, CherrylCarolina2273@gmail.com, ZoeSolar4260@gmail.com, AnjanetteKrupp7724@gmail.com, JanieceSilvernail2745@gmail.com, IveyBuskey1353@gmail.com, ViolaBlackstock8664@gmail.com, ElaneMartinelli1121@gmail.com, RachellAnkrom0998@gmail.com, AltonSmedley5432@gmail.com, VoncileHayner2281@gmail.com, BebeLehmkuhl5703@gmail.com, InellRuoff2731@gmail.com, OnitaHolloway7718@gmail.com, NormanCastilleja4018@gmail.com, DelmarTourville5884@gmail.com, AudryBerends0895@gmail.com, ZoraidaFaulkner5026@gmail.com, KelleeMaddy6483@gmail.com, FlorencioMuller2772@gmail.com, JoDettman4460@gmail.com, RosanneTrezza7663@gmail.com, MarylandBenedict6434@gmail.com, MirthaConine8554@gmail.com, FlossiePangburn4203@gmail.com, YukoSteffes9115@gmail.com, DixieDarsey7418@gmail.com, KendrickPreston8153@gmail.com, CariPizzo2637@gmail.com, EllamaeTallon2542@gmail.com, AbbieKreidler2527@gmail.com, DustinArterburn6055@gmail.com, CatriceLenton4273@gmail.com, YangSoriano2861@gmail.com, JonShultis2071@gmail.com, JulianClapper5906@gmail.com, MylesCooke7867@gmail.com, RhebaCorbett1709@gmail.com, MarcelleHerzog9009@gmail.com, XochitlCalderwood5941@gmail.com, LeilaOdle4383@gmail.com, AbbyPeevy0877@gmail.com, JarvisMillar3472@gmail.com, LekishaHinnenkamp1017@gmail.com, AngeliaKeebler0114@gmail.com, ClementinaGormley2089@gmail.com, JoslynKeen8547@gmail.com, VerlaBearse3879@gmail.com, CassaundraLoar9453@gmail.com, JiLamarche1348@gmail.com, LilliamMcghie9513@gmail.com, AlonaRedel2262@gmail.com, HeidiGravelle3094@gmail.com, BuckSlawson5304@gmail.com, LindsayHenline2766@gmail.com, MimiWinsor6625@gmail.com, MaxineClauson3939@gmail.com, LenaGalusha7687@gmail.com, TalishaGeise5594@gmail.com, StacieAustria9018@gmail.com, GeorgiaCincotta6796@gmail.com, CandisGapinski6348@gmail.com, CyrstalRobb5332@gmail.com, CorneliaLaney7638@gmail.com, JereRouth3497@gmail.com, ArchieBranning7218@gmail.com, TomiAthey0697@gmail.com, MathaBeard0636@gmail.com, BudMclarty0075@gmail.com, MarlanaGillard2214@gmail.com, HellenMacrae0712@gmail.com, MeaghanMacinnis5645@gmail.com, LezlieLuckey7094@gmail.com, MozelleReddy3840@gmail.com, OleneLedgerwood3654@gmail.com, ShandaCromer4960@gmail.com, VeniceSherry5610@gmail.com, ArmindaValentino6586@gmail.com, CarolannBronson4617@gmail.com, CharlynHaggerty1577@gmail.com, IsaacLinebaugh9546@gmail.com, ElbaFarr1276@gmail.com, AngelikaMarch9925@gmail.com, LuisaOhm6420@gmail.com, BetteCarlos5624@gmail.com, RoccoBlubaugh1914@gmail.com, AlexandriaJantz3467@gmail.com, WinstonHemby7253@gmail.com, TamiJepson8335@gmail.com, AnamariaHeadrick7903@gmail.com, NereidaTruman9016@gmail.com, PorterMarcinkowski6594@gmail.com, BonnyForester7950@gmail.com, RuthaCrotty1764@gmail.com, DamionWysocki9147@gmail.com, ColtonMoschella8698@gmail.com, WayneBasler6942@gmail.com, JoieSly5758@gmail.com, TakishaDemo0463@gmail.com, ChasArline0812@gmail.com, NeidaVartanian0848@gmail.com, EllieDuca1079@gmail.com, AdelaSlusher1773@gmail.com, DaniellNicklas8998@gmail.com, JammieRapp6294@gmail.com, BessHugo8379@gmail.com, MarlinHolm9186@gmail.com, MignonCarnes1909@gmail.com, DaniStroop2632@gmail.com, MaddieMccusker6382@gmail.com, HerschelSena4741@gmail.com, OraSuddeth1307@gmail.com, TedBroome1787@gmail.com, BirgitMcglade6409@gmail.com, NeliaAbrams8620@gmail.com, AdanCarden9027@gmail.com, LeannaMazer1235@gmail.com, KeshaShoop3740@gmail.com, ElzaAumick8395@gmail.com, TerenceGrothe7967@gmail.com, MarkitaBrymer7321@gmail.com, JazmineMccolley4132@gmail.com, AlphaHundley6257@gmail.com, ScotHollis8426@gmail.com, MarcelinaKoger3137@gmail.com, NaomaWhitman5530@gmail.com, AlfrediaSemon0100@gmail.com, MiyokoPinto5432@gmail.com, IsauraMorton9001@gmail.com, LeiaAmico4089@gmail.com, SimonPolinsky7978@gmail.com, YulandaMarsden6146@gmail.com, ChloeFlorey0182@gmail.com, BerniceCorcoran1154@gmail.com, ChristineParkinson6954@gmail.com, MarlysMatteson1945@gmail.com, EstellaLavallie2298@gmail.com, MadieBhatti9814@gmail.com, DelphaTharrington9888@gmail.com, ElwoodCortez5872@gmail.com, SanjuanitaBrotzman9707@gmail.com, FlorHallock7282@gmail.com, BrigitteRahm2391@gmail.com, CorazonBohan2879@gmail.com, CynthiaGines6711@gmail.com, NobleKrom2799@gmail.com, RosalindDaniele3014@gmail.com, MargaretaKu9884@gmail.com, SherrieRivero5899@gmail.com, RickyLatimer5417@gmail.com, ClaraVillegas9775@gmail.com, TyroneAntonio7136@gmail.com, NoahDeppen5278@gmail.com, NelleGoodlow2877@gmail.com, YeseniaTillett4254@gmail.com, LynellLando8106@gmail.com, LoreenMorel1989@gmail.com, ValentinaNitti1092@gmail.com, CaraRakowski1097@gmail.com, SilasChickering2101@gmail.com, MargueriteSchuman2081@gmail.com, ThuyDecamp9430@gmail.com, IanReising1886@gmail.com, RufusHanshaw6825@gmail.com, IrmaEncarnacion2873@gmail.com, LeomaMazzei2034@gmail.com, LateshaMarini8611@gmail.com, TorrieHarnois1022@gmail.com, ParkerForrest2558@gmail.com, JedFrazier6088@gmail.com, KimiSavard3616@gmail.com]
17:54:39.849 [main] INFO api.AvailableMembersApi - Validating members for Survey ID: 96
17:54:39.851 [main] INFO api.AvailableMembersApi - Received response for survey ID 97: Status Code = 200
17:54:39.856 [main] INFO api.AvailableMembersApi - Available emails for survey ID 97: [MalissaArn0202@gmail.com, YeseniaConte8292@gmail.com, MeghannFollowell6036@gmail.com, LeeHarlow6738@gmail.com, SalvatoreMonico6748@gmail.com, SunshineFocht0017@gmail.com, DainaMaine1358@gmail.com, TasiaMerritt2498@gmail.com, GregoryLucchesi4579@gmail.com, DrucillaWilhelm1088@gmail.com, JaquelynLevett2862@gmail.com, MarikoHadfield9920@gmail.com, JanitaStroman5652@gmail.com, MargaritoDerringer6053@gmail.com, SheritaArispe4106@gmail.com, EverettNorthup7669@gmail.com, MicahShirley0805@gmail.com, WilhelminaHibdon9677@gmail.com, CarolinBlauser7632@gmail.com, LylaAlmanza0199@gmail.com, ChereGamino1550@gmail.com, FletaGiampaolo3754@gmail.com, SaraiMorelli9034@gmail.com, LashandaAbbott9174@gmail.com, JeffryDynes1098@gmail.com, VerniceSoto3260@gmail.com, ElnaPhelan2540@gmail.com, TemikaHuth9411@gmail.com, AdriannaFentress5065@gmail.com, TaynaRey4852@gmail.com, IkeClink7071@gmail.com, GaynellCroce7702@gmail.com, DarlenaFarrington7903@gmail.com, ZoeSolar4260@gmail.com, AnjanetteKrupp7724@gmail.com, JanieceSilvernail2745@gmail.com, IveyBuskey1353@gmail.com, ViolaBlackstock8664@gmail.com, ElaneMartinelli1121@gmail.com, RachellAnkrom0998@gmail.com, KylaKays1591@gmail.com, AltonSmedley5432@gmail.com, VoncileHayner2281@gmail.com, OnitaHolloway7718@gmail.com, NormanCastilleja4018@gmail.com, DelmarTourville5884@gmail.com, AudryBerends0895@gmail.com, ZoraidaFaulkner5026@gmail.com, FlorencioMuller2772@gmail.com, JoDettman4460@gmail.com, RosanneTrezza7663@gmail.com, MarylandBenedict6434@gmail.com, MirthaConine8554@gmail.com, KristinPonton2734@gmail.com, FlossiePangburn4203@gmail.com, YukoSteffes9115@gmail.com, KendrickPreston8153@gmail.com, EllamaeTallon2542@gmail.com, AbbieKreidler2527@gmail.com, DustinArterburn6055@gmail.com, CatriceLenton4273@gmail.com, LailaHoldren0317@gmail.com, YangSoriano2861@gmail.com, JonShultis2071@gmail.com, JulianClapper5906@gmail.com, MylesCooke7867@gmail.com, RhebaCorbett1709@gmail.com, MarcelleHerzog9009@gmail.com, XochitlCalderwood5941@gmail.com, LeilaOdle4383@gmail.com, AbbyPeevy0877@gmail.com, JarvisMillar3472@gmail.com, LekishaHinnenkamp1017@gmail.com, AngeliaKeebler0114@gmail.com, ClementinaGormley2089@gmail.com, JoslynKeen8547@gmail.com, VerlaBearse3879@gmail.com, CassaundraLoar9453@gmail.com, JiLamarche1348@gmail.com, LilliamMcghie9513@gmail.com, AlonaRedel2262@gmail.com, HeidiGravelle3094@gmail.com, BuckSlawson5304@gmail.com, LindsayHenline2766@gmail.com, MimiWinsor6625@gmail.com, MaxineClauson3939@gmail.com, LenaGalusha7687@gmail.com, TalishaGeise5594@gmail.com, StacieAustria9018@gmail.com, GeorgiaCincotta6796@gmail.com, CyrstalRobb5332@gmail.com, CorneliaLaney7638@gmail.com, JereRouth3497@gmail.com, ArchieBranning7218@gmail.com, TomiAthey0697@gmail.com, MathaBeard0636@gmail.com, BudMclarty0075@gmail.com, MarlanaGillard2214@gmail.com, ElvisLeatherwood1278@gmail.com, HellenMacrae0712@gmail.com, MeaghanMacinnis5645@gmail.com, LezlieLuckey7094@gmail.com, MozelleReddy3840@gmail.com, OleneLedgerwood3654@gmail.com, ShandaCromer4960@gmail.com, VeniceSherry5610@gmail.com, ArmindaValentino6586@gmail.com, CarolannBronson4617@gmail.com, CharlynHaggerty1577@gmail.com, IsaacLinebaugh9546@gmail.com, ElbaFarr1276@gmail.com, AngelikaMarch9925@gmail.com, MarylynnChauvin4173@gmail.com, LuisaOhm6420@gmail.com, BetteCarlos5624@gmail.com, RoccoBlubaugh1914@gmail.com, AlexandriaJantz3467@gmail.com, WinstonHemby7253@gmail.com, TamiJepson8335@gmail.com, AnamariaHeadrick7903@gmail.com, NereidaTruman9016@gmail.com, HipolitoRowlands4929@gmail.com, PorterMarcinkowski6594@gmail.com, BonnyForester7950@gmail.com, RuthaCrotty1764@gmail.com, WayneBasler6942@gmail.com, JoieSly5758@gmail.com, TakishaDemo0463@gmail.com, ChasArline0812@gmail.com, JoyaBristol1484@gmail.com, NeidaVartanian0848@gmail.com, EllieDuca1079@gmail.com, AdelaSlusher1773@gmail.com, DaniellNicklas8998@gmail.com, JammieRapp6294@gmail.com, BessHugo8379@gmail.com, MarlinHolm9186@gmail.com, MignonCarnes1909@gmail.com, CareyBaley9974@gmail.com, DaniStroop2632@gmail.com, MaddieMccusker6382@gmail.com, HerschelSena4741@gmail.com, OraSuddeth1307@gmail.com, TedBroome1787@gmail.com, BirgitMcglade6409@gmail.com, CarmenIreland5525@gmail.com, NeliaAbrams8620@gmail.com, AdanCarden9027@gmail.com, LeannaMazer1235@gmail.com, KeshaShoop3740@gmail.com, ElzaAumick8395@gmail.com, TerenceGrothe7967@gmail.com, MarkitaBrymer7321@gmail.com, JazmineMccolley4132@gmail.com, AlphaHundley6257@gmail.com, ScotHollis8426@gmail.com, MarcelinaKoger3137@gmail.com, NaomaWhitman5530@gmail.com, IsauraMorton9001@gmail.com, SimonPolinsky7978@gmail.com, YulandaMarsden6146@gmail.com, ChloeFlorey0182@gmail.com, BerniceCorcoran1154@gmail.com, ChristineParkinson6954@gmail.com, MarlysMatteson1945@gmail.com, EstellaLavallie2298@gmail.com, MadieBhatti9814@gmail.com, DelphaTharrington9888@gmail.com, ElwoodCortez5872@gmail.com, SanjuanitaBrotzman9707@gmail.com, CelesteMahmood5635@gmail.com, FlorHallock7282@gmail.com, BrigitteRahm2391@gmail.com, CynthiaGines6711@gmail.com, RosalindDaniele3014@gmail.com, MargaretaKu9884@gmail.com, SherrieRivero5899@gmail.com, MandiSwartwood6426@gmail.com, RickyLatimer5417@gmail.com, TyroneAntonio7136@gmail.com, NelleGoodlow2877@gmail.com, YeseniaTillett4254@gmail.com, LynellLando8106@gmail.com, LoreenMorel1989@gmail.com, ValentinaNitti1092@gmail.com, CaraRakowski1097@gmail.com, MargueriteSchuman2081@gmail.com, ThuyDecamp9430@gmail.com, IanReising1886@gmail.com, RufusHanshaw6825@gmail.com, IrmaEncarnacion2873@gmail.com, LeomaMazzei2034@gmail.com, LateshaMarini8611@gmail.com, MallorySegarra2903@gmail.com, TorrieHarnois1022@gmail.com, ParkerForrest2558@gmail.com, JedFrazier6088@gmail.com, KimiSavard3616@gmail.com, LashayFranz1318@gmail.com]
17:54:39.856 [main] INFO api.AvailableMembersApi - Validating members for Survey ID: 97
17:54:39.857 [main] INFO api.AvailableMembersApi - Received response for survey ID 98: Status Code = 200
17:54:39.862 [main] INFO api.AvailableMembersApi - Available emails for survey ID 98: [MalissaArn0202@gmail.com, TeriVillalobos6990@gmail.com, YeseniaConte8292@gmail.com, MeghannFollowell6036@gmail.com, LeeHarlow6738@gmail.com, SalvatoreMonico6748@gmail.com, DainaMaine1358@gmail.com, OraHousand6876@gmail.com, TasiaMerritt2498@gmail.com, GregoryLucchesi4579@gmail.com, DrucillaWilhelm1088@gmail.com, JaquelynLevett2862@gmail.com, MarikoHadfield9920@gmail.com, MargaritoDerringer6053@gmail.com, SheritaArispe4106@gmail.com, EverettNorthup7669@gmail.com, MicahShirley0805@gmail.com, WilhelminaHibdon9677@gmail.com, CarolinBlauser7632@gmail.com, LylaAlmanza0199@gmail.com, ChereGamino1550@gmail.com, FletaGiampaolo3754@gmail.com, CleotildeMcmiller8058@gmail.com, SaraiMorelli9034@gmail.com, JeffryDynes1098@gmail.com, VerniceSoto3260@gmail.com, ElnaPhelan2540@gmail.com, TemikaHuth9411@gmail.com, AdriannaFentress5065@gmail.com, TaynaRey4852@gmail.com, IkeClink7071@gmail.com, GaynellCroce7702@gmail.com, DarlenaFarrington7903@gmail.com, CherrylCarolina2273@gmail.com, ZoeSolar4260@gmail.com, AnjanetteKrupp7724@gmail.com, JanieceSilvernail2745@gmail.com, IveyBuskey1353@gmail.com, ViolaBlackstock8664@gmail.com, ElaneMartinelli1121@gmail.com, RachellAnkrom0998@gmail.com, KylaKays1591@gmail.com, VoncileHayner2281@gmail.com, InellRuoff2731@gmail.com, OnitaHolloway7718@gmail.com, NormanCastilleja4018@gmail.com, DelmarTourville5884@gmail.com, AudryBerends0895@gmail.com, ZoraidaFaulkner5026@gmail.com, KelleeMaddy6483@gmail.com, FlorencioMuller2772@gmail.com, JoDettman4460@gmail.com, MarylandBenedict6434@gmail.com, KristinPonton2734@gmail.com, FlossiePangburn4203@gmail.com, YukoSteffes9115@gmail.com, DixieDarsey7418@gmail.com, KendrickPreston8153@gmail.com, EllamaeTallon2542@gmail.com, AbbieKreidler2527@gmail.com, DustinArterburn6055@gmail.com, CatriceLenton4273@gmail.com, LailaHoldren0317@gmail.com, YangSoriano2861@gmail.com, JonShultis2071@gmail.com, JulianClapper5906@gmail.com, MylesCooke7867@gmail.com, RhebaCorbett1709@gmail.com, MarcelleHerzog9009@gmail.com, XochitlCalderwood5941@gmail.com, LeilaOdle4383@gmail.com, JarvisMillar3472@gmail.com, LekishaHinnenkamp1017@gmail.com, AngeliaKeebler0114@gmail.com, ClementinaGormley2089@gmail.com, VerlaBearse3879@gmail.com, CassaundraLoar9453@gmail.com, JiLamarche1348@gmail.com, LilliamMcghie9513@gmail.com, AlonaRedel2262@gmail.com, HeidiGravelle3094@gmail.com, BuckSlawson5304@gmail.com, LindsayHenline2766@gmail.com, MimiWinsor6625@gmail.com, MaxineClauson3939@gmail.com, LenaGalusha7687@gmail.com, TalishaGeise5594@gmail.com, StacieAustria9018@gmail.com, GeorgiaCincotta6796@gmail.com, CandisGapinski6348@gmail.com, CyrstalRobb5332@gmail.com, CorneliaLaney7638@gmail.com, JereRouth3497@gmail.com, ArchieBranning7218@gmail.com, TomiAthey0697@gmail.com, MathaBeard0636@gmail.com, MarlanaGillard2214@gmail.com, ElvisLeatherwood1278@gmail.com, HellenMacrae0712@gmail.com, MeaghanMacinnis5645@gmail.com, LezlieLuckey7094@gmail.com, MozelleReddy3840@gmail.com, OleneLedgerwood3654@gmail.com, ShandaCromer4960@gmail.com, VeniceSherry5610@gmail.com, RonCopher9843@gmail.com, CarolannBronson4617@gmail.com, CharlynHaggerty1577@gmail.com, ElbaFarr1276@gmail.com, AngelikaMarch9925@gmail.com, TylerGalbraith9779@gmail.com, MarylynnChauvin4173@gmail.com, LuisaOhm6420@gmail.com, BetteCarlos5624@gmail.com, RoccoBlubaugh1914@gmail.com, AlexandriaJantz3467@gmail.com, TamiJepson8335@gmail.com, AnamariaHeadrick7903@gmail.com, NereidaTruman9016@gmail.com, HipolitoRowlands4929@gmail.com, PorterMarcinkowski6594@gmail.com, BonnyForester7950@gmail.com, RuthaCrotty1764@gmail.com, DamionWysocki9147@gmail.com, ColtonMoschella8698@gmail.com, WayneBasler6942@gmail.com, JoieSly5758@gmail.com, TakishaDemo0463@gmail.com, ChasArline0812@gmail.com, JoyaBristol1484@gmail.com, NeidaVartanian0848@gmail.com, EllieDuca1079@gmail.com, AdelaSlusher1773@gmail.com, DaniellNicklas8998@gmail.com, JammieRapp6294@gmail.com, MarlinHolm9186@gmail.com, MignonCarnes1909@gmail.com, CareyBaley9974@gmail.com, DaniStroop2632@gmail.com, MaddieMccusker6382@gmail.com, HerschelSena4741@gmail.com, OraSuddeth1307@gmail.com, TedBroome1787@gmail.com, BirgitMcglade6409@gmail.com, HeidiPoplawski3633@gmail.com, CarmenIreland5525@gmail.com, NeliaAbrams8620@gmail.com, AdanCarden9027@gmail.com, LeannaMazer1235@gmail.com, KeshaShoop3740@gmail.com, ElzaAumick8395@gmail.com, TerenceGrothe7967@gmail.com, MarkitaBrymer7321@gmail.com, JazmineMccolley4132@gmail.com, AlphaHundley6257@gmail.com, ScotHollis8426@gmail.com, MarcelinaKoger3137@gmail.com, NaomaWhitman5530@gmail.com, AlfrediaSemon0100@gmail.com, MiyokoPinto5432@gmail.com, SimonPolinsky7978@gmail.com, YulandaMarsden6146@gmail.com, ChloeFlorey0182@gmail.com, BerniceCorcoran1154@gmail.com, ChristineParkinson6954@gmail.com, MarlysMatteson1945@gmail.com, EstellaLavallie2298@gmail.com, MadieBhatti9814@gmail.com, DelphaTharrington9888@gmail.com, ElwoodCortez5872@gmail.com, SanjuanitaBrotzman9707@gmail.com, CelesteMahmood5635@gmail.com, FlorHallock7282@gmail.com, CynthiaGines6711@gmail.com, NobleKrom2799@gmail.com, RosalindDaniele3014@gmail.com, MargaretaKu9884@gmail.com, SherrieRivero5899@gmail.com, MandiSwartwood6426@gmail.com, RickyLatimer5417@gmail.com, ClaraVillegas9775@gmail.com, TyroneAntonio7136@gmail.com, NoahDeppen5278@gmail.com, NelleGoodlow2877@gmail.com, YeseniaTillett4254@gmail.com, LynellLando8106@gmail.com, LoreenMorel1989@gmail.com, ValentinaNitti1092@gmail.com, CaraRakowski1097@gmail.com, SilasChickering2101@gmail.com, MargueriteSchuman2081@gmail.com, ThuyDecamp9430@gmail.com, IanReising1886@gmail.com, RufusHanshaw6825@gmail.com, IrmaEncarnacion2873@gmail.com, LeomaMazzei2034@gmail.com, LateshaMarini8611@gmail.com, MallorySegarra2903@gmail.com, TorrieHarnois1022@gmail.com, ParkerForrest2558@gmail.com, JedFrazier6088@gmail.com, KimiSavard3616@gmail.com, LashayFranz1318@gmail.com]
17:54:39.862 [main] INFO api.AvailableMembersApi - Validating members for Survey ID: 98
17:54:39.864 [main] INFO api.AvailableMembersApi - Received response for survey ID 99: Status Code = 200
17:54:39.869 [main] INFO api.AvailableMembersApi - Available emails for survey ID 99: [MalissaArn0202@gmail.com, TeriVillalobos6990@gmail.com, YeseniaConte8292@gmail.com, MeghannFollowell6036@gmail.com, LeeHarlow6738@gmail.com, SalvatoreMonico6748@gmail.com, SunshineFocht0017@gmail.com, DainaMaine1358@gmail.com, OraHousand6876@gmail.com, TasiaMerritt2498@gmail.com, GregoryLucchesi4579@gmail.com, DrucillaWilhelm1088@gmail.com, JaquelynLevett2862@gmail.com, MarikoHadfield9920@gmail.com, JanitaStroman5652@gmail.com, MargaritoDerringer6053@gmail.com, SheritaArispe4106@gmail.com, EverettNorthup7669@gmail.com, MicahShirley0805@gmail.com, WilhelminaHibdon9677@gmail.com, CarolinBlauser7632@gmail.com, LylaAlmanza0199@gmail.com, ChereGamino1550@gmail.com, FletaGiampaolo3754@gmail.com, CleotildeMcmiller8058@gmail.com, SaraiMorelli9034@gmail.com, LashandaAbbott9174@gmail.com, JeffryDynes1098@gmail.com, VerniceSoto3260@gmail.com, AdriannaFentress5065@gmail.com, TaynaRey4852@gmail.com, IkeClink7071@gmail.com, GaynellCroce7702@gmail.com, CherrylCarolina2273@gmail.com, AnjanetteKrupp7724@gmail.com, JanieceSilvernail2745@gmail.com, IveyBuskey1353@gmail.com, ViolaBlackstock8664@gmail.com, ElaneMartinelli1121@gmail.com, RachellAnkrom0998@gmail.com, KylaKays1591@gmail.com, AltonSmedley5432@gmail.com, VoncileHayner2281@gmail.com, BebeLehmkuhl5703@gmail.com, InellRuoff2731@gmail.com, OnitaHolloway7718@gmail.com, NormanCastilleja4018@gmail.com, DelmarTourville5884@gmail.com, AudryBerends0895@gmail.com, KelleeMaddy6483@gmail.com, FlorencioMuller2772@gmail.com, JoDettman4460@gmail.com, RosanneTrezza7663@gmail.com, MarylandBenedict6434@gmail.com, MirthaConine8554@gmail.com, KristinPonton2734@gmail.com, FlossiePangburn4203@gmail.com, DixieDarsey7418@gmail.com, KendrickPreston8153@gmail.com, CariPizzo2637@gmail.com, EllamaeTallon2542@gmail.com, AbbieKreidler2527@gmail.com, DustinArterburn6055@gmail.com, CatriceLenton4273@gmail.com, LailaHoldren0317@gmail.com, YangSoriano2861@gmail.com, JonShultis2071@gmail.com, JulianClapper5906@gmail.com, MylesCooke7867@gmail.com, RhebaCorbett1709@gmail.com, MarcelleHerzog9009@gmail.com, XochitlCalderwood5941@gmail.com, LeilaOdle4383@gmail.com, AbbyPeevy0877@gmail.com, JarvisMillar3472@gmail.com, LekishaHinnenkamp1017@gmail.com, AngeliaKeebler0114@gmail.com, ClementinaGormley2089@gmail.com, JoslynKeen8547@gmail.com, CassaundraLoar9453@gmail.com, JiLamarche1348@gmail.com, LilliamMcghie9513@gmail.com, AlonaRedel2262@gmail.com, HeidiGravelle3094@gmail.com, BuckSlawson5304@gmail.com, LindsayHenline2766@gmail.com, MimiWinsor6625@gmail.com, MaxineClauson3939@gmail.com, LenaGalusha7687@gmail.com, TalishaGeise5594@gmail.com, StacieAustria9018@gmail.com, GeorgiaCincotta6796@gmail.com, CandisGapinski6348@gmail.com, CyrstalRobb5332@gmail.com, CorneliaLaney7638@gmail.com, JereRouth3497@gmail.com, ArchieBranning7218@gmail.com, TomiAthey0697@gmail.com, MathaBeard0636@gmail.com, BudMclarty0075@gmail.com, MarlanaGillard2214@gmail.com, ElvisLeatherwood1278@gmail.com, HellenMacrae0712@gmail.com, MeaghanMacinnis5645@gmail.com, LezlieLuckey7094@gmail.com, MozelleReddy3840@gmail.com, OleneLedgerwood3654@gmail.com, VeniceSherry5610@gmail.com, RonCopher9843@gmail.com, ArmindaValentino6586@gmail.com, CarolannBronson4617@gmail.com, IsaacLinebaugh9546@gmail.com, ElbaFarr1276@gmail.com, AngelikaMarch9925@gmail.com, TylerGalbraith9779@gmail.com, MarylynnChauvin4173@gmail.com, LuisaOhm6420@gmail.com, BetteCarlos5624@gmail.com, AlexandriaJantz3467@gmail.com, WinstonHemby7253@gmail.com, TamiJepson8335@gmail.com, AnamariaHeadrick7903@gmail.com, NereidaTruman9016@gmail.com, HipolitoRowlands4929@gmail.com, PorterMarcinkowski6594@gmail.com, BonnyForester7950@gmail.com, RuthaCrotty1764@gmail.com, ColtonMoschella8698@gmail.com, WayneBasler6942@gmail.com, JoieSly5758@gmail.com, TakishaDemo0463@gmail.com, ChasArline0812@gmail.com, JoyaBristol1484@gmail.com, NeidaVartanian0848@gmail.com, AdelaSlusher1773@gmail.com, DaniellNicklas8998@gmail.com, JammieRapp6294@gmail.com, BessHugo8379@gmail.com, MarlinHolm9186@gmail.com, MignonCarnes1909@gmail.com, CareyBaley9974@gmail.com, MaddieMccusker6382@gmail.com, HerschelSena4741@gmail.com, TedBroome1787@gmail.com, BirgitMcglade6409@gmail.com, HeidiPoplawski3633@gmail.com, CarmenIreland5525@gmail.com, NeliaAbrams8620@gmail.com, AdanCarden9027@gmail.com, LeannaMazer1235@gmail.com, ElzaAumick8395@gmail.com, TerenceGrothe7967@gmail.com, MarkitaBrymer7321@gmail.com, JazmineMccolley4132@gmail.com, AlphaHundley6257@gmail.com, ScotHollis8426@gmail.com, MarcelinaKoger3137@gmail.com, NaomaWhitman5530@gmail.com, AlfrediaSemon0100@gmail.com, MiyokoPinto5432@gmail.com, IsauraMorton9001@gmail.com, LeiaAmico4089@gmail.com, SimonPolinsky7978@gmail.com, YulandaMarsden6146@gmail.com, ChloeFlorey0182@gmail.com, BerniceCorcoran1154@gmail.com, ChristineParkinson6954@gmail.com, MarlysMatteson1945@gmail.com, EstellaLavallie2298@gmail.com, MadieBhatti9814@gmail.com, DelphaTharrington9888@gmail.com, ElwoodCortez5872@gmail.com, SanjuanitaBrotzman9707@gmail.com, CelesteMahmood5635@gmail.com, BrigitteRahm2391@gmail.com, CorazonBohan2879@gmail.com, CynthiaGines6711@gmail.com, NobleKrom2799@gmail.com, RosalindDaniele3014@gmail.com, SherrieRivero5899@gmail.com, MandiSwartwood6426@gmail.com, RickyLatimer5417@gmail.com, ClaraVillegas9775@gmail.com, TyroneAntonio7136@gmail.com, NoahDeppen5278@gmail.com, NelleGoodlow2877@gmail.com, YeseniaTillett4254@gmail.com, LynellLando8106@gmail.com, LoreenMorel1989@gmail.com, ValentinaNitti1092@gmail.com, CaraRakowski1097@gmail.com, SilasChickering2101@gmail.com, MargueriteSchuman2081@gmail.com, ThuyDecamp9430@gmail.com, IanReising1886@gmail.com, RufusHanshaw6825@gmail.com, IrmaEncarnacion2873@gmail.com, LeomaMazzei2034@gmail.com, LateshaMarini8611@gmail.com, MallorySegarra2903@gmail.com, TorrieHarnois1022@gmail.com, ParkerForrest2558@gmail.com, JedFrazier6088@gmail.com, KimiSavard3616@gmail.com, LashayFranz1318@gmail.com]
17:54:39.869 [main] INFO api.AvailableMembersApi - Validating members for Survey ID: 99
17:54:39.871 [main] INFO api.AvailableMembersApi - Received response for survey ID 100: Status Code = 200
17:54:39.876 [main] INFO api.AvailableMembersApi - Available emails for survey ID 100: [MalissaArn0202@gmail.com, TeriVillalobos6990@gmail.com, YeseniaConte8292@gmail.com, MeghannFollowell6036@gmail.com, SalvatoreMonico6748@gmail.com, DainaMaine1358@gmail.com, OraHousand6876@gmail.com, TasiaMerritt2498@gmail.com, GregoryLucchesi4579@gmail.com, DrucillaWilhelm1088@gmail.com, JaquelynLevett2862@gmail.com, MarikoHadfield9920@gmail.com, JanitaStroman5652@gmail.com, MargaritoDerringer6053@gmail.com, SheritaArispe4106@gmail.com, EverettNorthup7669@gmail.com, MicahShirley0805@gmail.com, WilhelminaHibdon9677@gmail.com, CarolinBlauser7632@gmail.com, LylaAlmanza0199@gmail.com, ChereGamino1550@gmail.com, FletaGiampaolo3754@gmail.com, CleotildeMcmiller8058@gmail.com, SaraiMorelli9034@gmail.com, LashandaAbbott9174@gmail.com, JeffryDynes1098@gmail.com, VerniceSoto3260@gmail.com, TemikaHuth9411@gmail.com, AdriannaFentress5065@gmail.com, TaynaRey4852@gmail.com, IkeClink7071@gmail.com, GaynellCroce7702@gmail.com, DarlenaFarrington7903@gmail.com, CherrylCarolina2273@gmail.com, ZoeSolar4260@gmail.com, JanieceSilvernail2745@gmail.com, IveyBuskey1353@gmail.com, ViolaBlackstock8664@gmail.com, RachellAnkrom0998@gmail.com, VoncileHayner2281@gmail.com, BebeLehmkuhl5703@gmail.com, InellRuoff2731@gmail.com, OnitaHolloway7718@gmail.com, NormanCastilleja4018@gmail.com, DelmarTourville5884@gmail.com, AudryBerends0895@gmail.com, ZoraidaFaulkner5026@gmail.com, KelleeMaddy6483@gmail.com, FlorencioMuller2772@gmail.com, JoDettman4460@gmail.com, RosanneTrezza7663@gmail.com, MarylandBenedict6434@gmail.com, KristinPonton2734@gmail.com, FlossiePangburn4203@gmail.com, DixieDarsey7418@gmail.com, KendrickPreston8153@gmail.com, CariPizzo2637@gmail.com, EllamaeTallon2542@gmail.com, AbbieKreidler2527@gmail.com, DustinArterburn6055@gmail.com, LailaHoldren0317@gmail.com, YangSoriano2861@gmail.com, JonShultis2071@gmail.com, JulianClapper5906@gmail.com, MylesCooke7867@gmail.com, RhebaCorbett1709@gmail.com, MarcelleHerzog9009@gmail.com, LeilaOdle4383@gmail.com, AbbyPeevy0877@gmail.com, JarvisMillar3472@gmail.com, LekishaHinnenkamp1017@gmail.com, AngeliaKeebler0114@gmail.com, ClementinaGormley2089@gmail.com, JoslynKeen8547@gmail.com, VerlaBearse3879@gmail.com, CassaundraLoar9453@gmail.com, JiLamarche1348@gmail.com, LilliamMcghie9513@gmail.com, AlonaRedel2262@gmail.com, BuckSlawson5304@gmail.com, LindsayHenline2766@gmail.com, MimiWinsor6625@gmail.com, MaxineClauson3939@gmail.com, LenaGalusha7687@gmail.com, TalishaGeise5594@gmail.com, StacieAustria9018@gmail.com, GeorgiaCincotta6796@gmail.com, CandisGapinski6348@gmail.com, CyrstalRobb5332@gmail.com, CorneliaLaney7638@gmail.com, JereRouth3497@gmail.com, ArchieBranning7218@gmail.com, MathaBeard0636@gmail.com, BudMclarty0075@gmail.com, MarlanaGillard2214@gmail.com, ElvisLeatherwood1278@gmail.com, HellenMacrae0712@gmail.com, MeaghanMacinnis5645@gmail.com, OleneLedgerwood3654@gmail.com, ShandaCromer4960@gmail.com, VeniceSherry5610@gmail.com, RonCopher9843@gmail.com, ArmindaValentino6586@gmail.com, CarolannBronson4617@gmail.com, CharlynHaggerty1577@gmail.com, IsaacLinebaugh9546@gmail.com, ElbaFarr1276@gmail.com, AngelikaMarch9925@gmail.com, TylerGalbraith9779@gmail.com, MarylynnChauvin4173@gmail.com, BetteCarlos5624@gmail.com, RoccoBlubaugh1914@gmail.com, AlexandriaJantz3467@gmail.com, WinstonHemby7253@gmail.com, TamiJepson8335@gmail.com, AnamariaHeadrick7903@gmail.com, NereidaTruman9016@gmail.com, HipolitoRowlands4929@gmail.com, PorterMarcinkowski6594@gmail.com, BonnyForester7950@gmail.com, RuthaCrotty1764@gmail.com, DamionWysocki9147@gmail.com, ColtonMoschella8698@gmail.com, WayneBasler6942@gmail.com, JoieSly5758@gmail.com, TakishaDemo0463@gmail.com, ChasArline0812@gmail.com, JoyaBristol1484@gmail.com, NeidaVartanian0848@gmail.com, EllieDuca1079@gmail.com, AdelaSlusher1773@gmail.com, DaniellNicklas8998@gmail.com, JammieRapp6294@gmail.com, BessHugo8379@gmail.com, MarlinHolm9186@gmail.com, MignonCarnes1909@gmail.com, CareyBaley9974@gmail.com, DaniStroop2632@gmail.com, MaddieMccusker6382@gmail.com, HerschelSena4741@gmail.com, OraSuddeth1307@gmail.com, TedBroome1787@gmail.com, BirgitMcglade6409@gmail.com, HeidiPoplawski3633@gmail.com, CarmenIreland5525@gmail.com, NeliaAbrams8620@gmail.com, AdanCarden9027@gmail.com, KeshaShoop3740@gmail.com, ElzaAumick8395@gmail.com, TerenceGrothe7967@gmail.com, MarkitaBrymer7321@gmail.com, JazmineMccolley4132@gmail.com, AlphaHundley6257@gmail.com, ScotHollis8426@gmail.com, MarcelinaKoger3137@gmail.com, NaomaWhitman5530@gmail.com, AlfrediaSemon0100@gmail.com, MiyokoPinto5432@gmail.com, IsauraMorton9001@gmail.com, ChloeFlorey0182@gmail.com, BerniceCorcoran1154@gmail.com, ChristineParkinson6954@gmail.com, MarlysMatteson1945@gmail.com, EstellaLavallie2298@gmail.com, MadieBhatti9814@gmail.com, DelphaTharrington9888@gmail.com, ElwoodCortez5872@gmail.com, SanjuanitaBrotzman9707@gmail.com, CelesteMahmood5635@gmail.com, BrigitteRahm2391@gmail.com, CorazonBohan2879@gmail.com, NobleKrom2799@gmail.com, RosalindDaniele3014@gmail.com, MargaretaKu9884@gmail.com, SherrieRivero5899@gmail.com, MandiSwartwood6426@gmail.com, RickyLatimer5417@gmail.com, ClaraVillegas9775@gmail.com, TyroneAntonio7136@gmail.com, NoahDeppen5278@gmail.com, NelleGoodlow2877@gmail.com, YeseniaTillett4254@gmail.com, LoreenMorel1989@gmail.com, ValentinaNitti1092@gmail.com, CaraRakowski1097@gmail.com, SilasChickering2101@gmail.com, MargueriteSchuman2081@gmail.com, IanReising1886@gmail.com, RufusHanshaw6825@gmail.com, IrmaEncarnacion2873@gmail.com, LeomaMazzei2034@gmail.com, LateshaMarini8611@gmail.com, MallorySegarra2903@gmail.com, TorrieHarnois1022@gmail.com, ParkerForrest2558@gmail.com, JedFrazier6088@gmail.com, KimiSavard3616@gmail.com]
17:54:39.877 [main] INFO api.AvailableMembersApi - Validating members for Survey ID: 100
]]></system-out>
  </testcase>
  <testcase name="testAvailableStatuses" classname="tests.integration.AvailableMembersTest" time="1.843">
    <system-out><![CDATA[17:54:39.879 [main] INFO api.AvailableMembersApi - Starting validation for attribute: status
17:54:39.886 [main] INFO api.AvailableMembersApi - Received response for survey ID 1: Status Code = 200
17:54:39.892 [main] INFO api.AvailableMembersApi - Available statuses for survey ID 1: [true, true, true, true, true, true, true, true, true, true, true, true, true, true, true, true, true, true, true, true, true, true, true, true, true, true, true, true, true, true, true, true, true, true, true, true, true, true, true, true, true, true, true, true, true, true, true, true, true, true, true, true, true, true, true, true, true, true, true, true, true, true, true, true, true, true, true, true, true, true, true, true, true, true, true, true, true, true, true, true, true, true, true, true, true, true, true, true, true, true, true, true, true, true, true, true, true, true, true, true, true, true, true, true, true, true, true, true, true, true, true, true, true, true, true, true, true, true, true, true, true, true, true, true, true, true, true, true, true, true, true, true, true, true, true, true, true, true, true, true, true, true, true, true, true, true, true, true, true, true, true, true, true, true, true, true, true, true, true, true, true, true, true, true, true, true, true, true, true, true, true, true, true, true, true, true, true, true, true, true, true, true, true, true, true, true, true, true, true, true, true, true, true, true, true, true, true, true]
17:54:39.892 [main] INFO api.AvailableMembersApi - Validating members for Survey ID: 1
17:54:39.894 [main] INFO api.AvailableMembersApi - Received response for survey ID 1: Status Code = 200
17:54:39.899 [main] INFO api.AvailableMembersApi - Converted Available IDs for survey ID 1: [1, 3, 4, 6, 8, 9, 11, 13, 14, 16, 18, 19, 20, 21, 22, 24, 25, 27, 28, 29, 30, 31, 32, 34, 36, 37, 39, 40, 42, 43, 44, 46, 47, 48, 49, 51, 52, 53, 55, 56, 58, 59, 60, 61, 62, 63, 64, 66, 67, 68, 69, 71, 72, 73, 76, 77, 82, 86, 87, 89, 91, 92, 93, 95, 96, 98, 99, 101, 102, 104, 107, 110, 112, 113, 114, 115, 116, 117, 120, 121, 124, 125, 126, 128, 129, 130, 131, 132, 133, 134, 136, 137, 140, 142, 143, 145, 146, 147, 148, 149, 150, 151, 152, 153, 154, 156, 157, 158, 159, 160, 161, 163, 164, 166, 167, 168, 171, 172, 173, 174, 175, 176, 177, 178, 179, 180, 181, 182, 183, 184, 186, 187, 189, 190, 191, 193, 194, 195, 196, 197, 199, 200, 202, 205, 208, 209, 211, 212, 214, 216, 217, 218, 223, 224, 227, 228, 229, 232, 233, 234, 236, 237, 238, 242, 243, 245, 247, 248, 249, 252, 253, 255, 256, 258, 259, 260, 261, 266, 268, 269, 273, 274, 278, 279, 280, 281, 282, 284, 285, 286, 289, 291, 292, 294, 295, 296, 297, 298]
17:54:39.906 [main] INFO api.AvailableMembersApi - Received response for survey ID 2: Status Code = 200
17:54:39.912 [main] INFO api.AvailableMembersApi - Available statuses for survey ID 2: [true, true, true, true, true, true, true, true, true, true, true, true, true, true, true, true, true, true, true, true, true, true, true, true, true, true, true, true, true, true, true, true, true, true, true, true, true, true, true, true, true, true, true, true, true, true, true, true, true, true, true, true, true, true, true, true, true, true, true, true, true, true, true, true, true, true, true, true, true, true, true, true, true, true, true, true, true, true, true, true, true, true, true, true, true, true, true, true, true, true, true, true, true, true, true, true, true, true, true, true, true, true, true, true, true, true, true, true, true, true, true, true, true, true, true, true, true, true, true, true, true, true, true, true, true, true, true, true, true, true, true, true, true, true, true, true, true, true, true, true, true, true, true, true, true, true, true, true, true, true, true, true, true, true, true, true, true, true, true, true, true, true, true, true, true, true, true, true, true, true, true, true, true, true, true, true, true, true, true, true, true, true, true, true, true, true, true, true, true, true, true, true, true, true, true, true, true, true, true, true, true, true, true, true, true]
17:54:39.912 [main] INFO api.AvailableMembersApi - Validating members for Survey ID: 2
17:54:39.913 [main] INFO api.AvailableMembersApi - Received response for survey ID 2: Status Code = 200
17:54:39.919 [main] INFO api.AvailableMembersApi - Converted Available IDs for survey ID 2: [1, 2, 3, 4, 6, 8, 9, 11, 13, 14, 16, 18, 19, 20, 21, 22, 24, 25, 27, 28, 29, 30, 31, 34, 37, 39, 40, 42, 43, 44, 46, 47, 48, 50, 51, 52, 53, 54, 55, 56, 57, 58, 59, 60, 61, 62, 63, 64, 65, 66, 67, 68, 69, 71, 72, 73, 76, 77, 78, 82, 85, 86, 87, 89, 91, 92, 93, 94, 95, 96, 98, 99, 101, 102, 110, 111, 112, 113, 114, 115, 116, 117, 120, 121, 124, 125, 126, 127, 128, 129, 130, 132, 133, 134, 136, 137, 139, 140, 142, 143, 145, 147, 148, 149, 150, 151, 152, 153, 155, 156, 157, 158, 159, 160, 161, 163, 164, 166, 167, 168, 171, 172, 173, 174, 175, 176, 177, 178, 179, 180, 181, 182, 183, 184, 186, 187, 189, 191, 193, 194, 195, 196, 198, 200, 202, 204, 205, 206, 207, 209, 211, 212, 214, 216, 217, 218, 220, 221, 223, 224, 227, 228, 230, 232, 233, 234, 235, 237, 238, 242, 243, 245, 246, 247, 248, 249, 250, 251, 252, 253, 255, 256, 258, 259, 260, 261, 266, 268, 269, 273, 274, 278, 279, 280, 281, 282, 284, 285, 286, 289, 291, 292, 294, 297, 298]
17:54:39.925 [main] INFO api.AvailableMembersApi - Received response for survey ID 3: Status Code = 200
17:54:39.931 [main] INFO api.AvailableMembersApi - Available statuses for survey ID 3: [true, true, true, true, true, true, true, true, true, true, true, true, true, true, true, true, true, true, true, true, true, true, true, true, true, true, true, true, true, true, true, true, true, true, true, true, true, true, true, true, true, true, true, true, true, true, true, true, true, true, true, true, true, true, true, true, true, true, true, true, true, true, true, true, true, true, true, true, true, true, true, true, true, true, true, true, true, true, true, true, true, true, true, true, true, true, true, true, true, true, true, true, true, true, true, true, true, true, true, true, true, true, true, true, true, true, true, true, true, true, true, true, true, true, true, true, true, true, true, true, true, true, true, true, true, true, true, true, true, true, true, true, true, true, true, true, true, true, true, true, true, true, true, true, true, true, true, true, true, true, true, true, true, true, true, true, true, true, true, true, true, true, true, true, true, true, true, true, true, true, true, true, true, true, true, true, true, true, true, true, true, true, true, true, true, true, true, true, true, true, true, true, true, true, true, true, true, true, true, true, true]
17:54:39.931 [main] INFO api.AvailableMembersApi - Validating members for Survey ID: 3
17:54:39.932 [main] INFO api.AvailableMembersApi - Received response for survey ID 3: Status Code = 200
17:54:39.941 [main] INFO api.AvailableMembersApi - Converted Available IDs for survey ID 3: [1, 2, 4, 6, 8, 9, 11, 13, 16, 18, 19, 20, 21, 22, 24, 25, 27, 28, 30, 31, 32, 34, 35, 36, 37, 39, 40, 42, 43, 44, 46, 47, 48, 49, 50, 52, 53, 54, 55, 57, 59, 60, 61, 62, 63, 65, 66, 67, 68, 69, 71, 72, 73, 76, 77, 78, 82, 85, 87, 89, 91, 92, 93, 94, 95, 96, 98, 99, 101, 102, 104, 107, 110, 111, 112, 113, 115, 116, 117, 121, 125, 126, 127, 128, 129, 130, 131, 132, 133, 134, 136, 137, 139, 140, 142, 145, 146, 147, 148, 149, 150, 151, 152, 153, 154, 155, 156, 157, 158, 159, 160, 161, 163, 164, 166, 167, 168, 171, 172, 173, 174, 176, 177, 178, 180, 181, 182, 183, 184, 186, 187, 189, 190, 191, 193, 194, 195, 196, 197, 199, 200, 202, 204, 205, 206, 207, 208, 209, 211, 212, 214, 216, 218, 220, 221, 223, 224, 227, 228, 229, 230, 232, 233, 234, 235, 236, 237, 242, 243, 245, 246, 247, 249, 251, 252, 255, 256, 258, 259, 260, 266, 268, 269, 273, 274, 278, 279, 280, 281, 282, 284, 285, 286, 289, 291, 292, 294, 295, 296, 297, 298]
17:54:39.951 [main] INFO api.AvailableMembersApi - Received response for survey ID 4: Status Code = 200
17:54:39.959 [main] INFO api.AvailableMembersApi - Available statuses for survey ID 4: [true, true, true, true, true, true, true, true, true, true, true, true, true, true, true, true, true, true, true, true, true, true, true, true, true, true, true, true, true, true, true, true, true, true, true, true, true, true, true, true, true, true, true, true, true, true, true, true, true, true, true, true, true, true, true, true, true, true, true, true, true, true, true, true, true, true, true, true, true, true, true, true, true, true, true, true, true, true, true, true, true, true, true, true, true, true, true, true, true, true, true, true, true, true, true, true, true, true, true, true, true, true, true, true, true, true, true, true, true, true, true, true, true, true, true, true, true, true, true, true, true, true, true, true, true, true, true, true, true, true, true, true, true, true, true, true, true, true, true, true, true, true, true, true, true, true, true, true, true, true, true, true, true, true, true, true, true, true, true, true, true, true, true, true, true, true, true, true, true, true, true, true, true, true, true, true, true, true, true, true, true, true, true, true, true, true, true, true, true, true, true, true, true]
17:54:39.960 [main] INFO api.AvailableMembersApi - Validating members for Survey ID: 4
17:54:39.961 [main] INFO api.AvailableMembersApi - Received response for survey ID 4: Status Code = 200
17:54:39.967 [main] INFO api.AvailableMembersApi - Converted Available IDs for survey ID 4: [1, 2, 3, 4, 6, 8, 9, 11, 13, 14, 18, 19, 21, 22, 24, 25, 27, 28, 30, 31, 32, 35, 36, 37, 39, 40, 43, 44, 46, 47, 48, 49, 51, 52, 54, 55, 56, 57, 58, 59, 60, 61, 62, 63, 64, 65, 66, 67, 68, 71, 72, 73, 76, 77, 78, 82, 85, 86, 87, 89, 91, 92, 93, 94, 96, 101, 102, 104, 110, 112, 113, 114, 115, 116, 117, 121, 124, 125, 126, 127, 129, 130, 132, 133, 134, 136, 137, 139, 140, 142, 143, 145, 146, 147, 149, 150, 151, 152, 153, 154, 155, 157, 158, 159, 160, 163, 166, 167, 168, 171, 172, 173, 174, 175, 176, 178, 179, 180, 181, 182, 183, 184, 186, 189, 190, 191, 193, 195, 196, 197, 198, 199, 200, 202, 204, 205, 206, 207, 208, 209, 211, 212, 214, 216, 217, 218, 220, 221, 224, 227, 229, 230, 232, 233, 234, 235, 236, 237, 238, 243, 245, 246, 247, 249, 250, 251, 252, 255, 256, 258, 259, 260, 261, 266, 268, 269, 273, 274, 278, 279, 280, 281, 282, 284, 285, 286, 289, 291, 294, 295, 296, 297, 298]
17:54:39.970 [main] INFO api.AvailableMembersApi - Received response for survey ID 5: Status Code = 200
17:54:39.976 [main] INFO api.AvailableMembersApi - Available statuses for survey ID 5: [true, true, true, true, true, true, true, true, true, true, true, true, true, true, true, true, true, true, true, true, true, true, true, true, true, true, true, true, true, true, true, true, true, true, true, true, true, true, true, true, true, true, true, true, true, true, true, true, true, true, true, true, true, true, true, true, true, true, true, true, true, true, true, true, true, true, true, true, true, true, true, true, true, true, true, true, true, true, true, true, true, true, true, true, true, true, true, true, true, true, true, true, true, true, true, true, true, true, true, true, true, true, true, true, true, true, true, true, true, true, true, true, true, true, true, true, true, true, true, true, true, true, true, true, true, true, true, true, true, true, true, true, true, true, true, true, true, true, true, true, true, true, true, true, true, true, true, true, true, true, true, true, true, true, true, true, true, true, true, true, true, true, true, true, true, true, true, true, true, true, true, true, true, true, true, true, true, true, true, true, true, true, true, true, true, true, true, true, true, true, true, true, true, true, true, true, true, true, true]
17:54:39.976 [main] INFO api.AvailableMembersApi - Validating members for Survey ID: 5
17:54:39.977 [main] INFO api.AvailableMembersApi - Received response for survey ID 5: Status Code = 200
17:54:39.982 [main] INFO api.AvailableMembersApi - Converted Available IDs for survey ID 5: [1, 2, 3, 4, 6, 8, 9, 13, 14, 16, 19, 20, 22, 24, 25, 27, 28, 29, 30, 31, 34, 35, 36, 37, 39, 40, 42, 44, 47, 48, 49, 50, 51, 52, 53, 54, 55, 56, 57, 58, 61, 62, 63, 64, 66, 67, 68, 69, 71, 72, 73, 76, 77, 82, 85, 86, 87, 89, 91, 92, 93, 94, 95, 96, 98, 99, 101, 102, 104, 107, 110, 111, 112, 114, 115, 116, 117, 120, 121, 124, 125, 126, 127, 128, 129, 131, 132, 133, 134, 136, 137, 139, 140, 142, 143, 145, 147, 148, 149, 150, 151, 152, 153, 154, 155, 156, 157, 158, 159, 160, 161, 163, 167, 168, 171, 172, 173, 174, 175, 176, 177, 179, 180, 181, 182, 183, 184, 186, 187, 189, 190, 193, 194, 195, 196, 198, 199, 200, 202, 204, 205, 206, 208, 209, 211, 212, 214, 216, 217, 218, 220, 221, 224, 228, 229, 230, 232, 233, 234, 235, 236, 237, 238, 242, 243, 245, 246, 247, 248, 249, 251, 252, 253, 255, 256, 258, 259, 260, 261, 266, 268, 269, 273, 274, 279, 280, 281, 282, 284, 285, 286, 289, 291, 292, 294, 295, 296, 297, 298]
17:54:39.986 [main] INFO api.AvailableMembersApi - Received response for survey ID 6: Status Code = 200
17:54:39.991 [main] INFO api.AvailableMembersApi - Available statuses for survey ID 6: [true, true, true, true, true, true, true, true, true, true, true, true, true, true, true, true, true, true, true, true, true, true, true, true, true, true, true, true, true, true, true, true, true, true, true, true, true, true, true, true, true, true, true, true, true, true, true, true, true, true, true, true, true, true, true, true, true, true, true, true, true, true, true, true, true, true, true, true, true, true, true, true, true, true, true, true, true, true, true, true, true, true, true, true, true, true, true, true, true, true, true, true, true, true, true, true, true, true, true, true, true, true, true, true, true, true, true, true, true, true, true, true, true, true, true, true, true, true, true, true, true, true, true, true, true, true, true, true, true, true, true, true, true, true, true, true, true, true, true, true, true, true, true, true, true, true, true, true, true, true, true, true, true, true, true, true, true, true, true, true, true, true, true, true, true, true, true, true, true, true, true, true, true, true, true, true, true, true, true, true, true, true, true, true, true, true, true, true, true, true, true, true, true, true, true, true, true, true, true, true, true, true, true, true, true, true]
17:54:39.991 [main] INFO api.AvailableMembersApi - Validating members for Survey ID: 6
17:54:39.993 [main] INFO api.AvailableMembersApi - Received response for survey ID 6: Status Code = 200
17:54:39.998 [main] INFO api.AvailableMembersApi - Converted Available IDs for survey ID 6: [1, 2, 3, 4, 6, 8, 11, 13, 14, 16, 18, 19, 20, 21, 22, 24, 25, 27, 28, 29, 30, 34, 35, 36, 37, 39, 40, 42, 43, 44, 46, 47, 48, 49, 50, 51, 52, 53, 54, 55, 56, 57, 58, 59, 60, 61, 62, 64, 65, 66, 67, 68, 69, 71, 72, 73, 76, 77, 78, 82, 85, 86, 87, 89, 91, 92, 93, 94, 96, 98, 99, 101, 102, 104, 107, 110, 111, 112, 113, 114, 115, 116, 117, 120, 121, 124, 125, 126, 128, 130, 131, 132, 133, 134, 136, 137, 139, 140, 142, 143, 145, 146, 147, 148, 149, 150, 152, 153, 155, 156, 157, 159, 161, 163, 164, 166, 167, 168, 171, 172, 173, 174, 175, 176, 177, 178, 179, 180, 181, 182, 183, 184, 186, 187, 189, 190, 191, 193, 194, 195, 196, 197, 198, 199, 200, 202, 204, 205, 206, 207, 208, 209, 211, 212, 214, 216, 217, 218, 220, 221, 224, 227, 228, 229, 230, 232, 233, 234, 235, 236, 237, 243, 245, 246, 247, 248, 249, 250, 251, 252, 253, 255, 256, 258, 259, 260, 261, 266, 268, 269, 273, 274, 278, 281, 282, 284, 285, 286, 289, 291, 292, 294, 295, 296, 297, 298]
17:54:40.001 [main] INFO api.AvailableMembersApi - Received response for survey ID 7: Status Code = 200
17:54:40.007 [main] INFO api.AvailableMembersApi - Available statuses for survey ID 7: [true, true, true, true, true, true, true, true, true, true, true, true, true, true, true, true, true, true, true, true, true, true, true, true, true, true, true, true, true, true, true, true, true, true, true, true, true, true, true, true, true, true, true, true, true, true, true, true, true, true, true, true, true, true, true, true, true, true, true, true, true, true, true, true, true, true, true, true, true, true, true, true, true, true, true, true, true, true, true, true, true, true, true, true, true, true, true, true, true, true, true, true, true, true, true, true, true, true, true, true, true, true, true, true, true, true, true, true, true, true, true, true, true, true, true, true, true, true, true, true, true, true, true, true, true, true, true, true, true, true, true, true, true, true, true, true, true, true, true, true, true, true, true, true, true, true, true, true, true, true, true, true, true, true, true, true, true, true, true, true, true, true, true, true, true, true, true, true, true, true, true, true, true, true, true, true, true, true, true, true, true, true, true, true, true, true, true, true, true, true, true, true, true, true, true, true, true, true, true, true, true, true, true]
17:54:40.007 [main] INFO api.AvailableMembersApi - Validating members for Survey ID: 7
17:54:40.009 [main] INFO api.AvailableMembersApi - Received response for survey ID 7: Status Code = 200
17:54:40.016 [main] INFO api.AvailableMembersApi - Converted Available IDs for survey ID 7: [1, 2, 3, 4, 6, 8, 9, 11, 13, 14, 16, 18, 19, 20, 22, 24, 25, 27, 28, 29, 30, 31, 32, 34, 35, 36, 37, 39, 40, 42, 43, 44, 46, 47, 48, 49, 50, 51, 52, 53, 54, 55, 57, 58, 59, 60, 61, 64, 65, 66, 67, 68, 69, 71, 72, 73, 76, 77, 78, 82, 85, 86, 87, 89, 91, 92, 93, 95, 99, 101, 102, 104, 107, 110, 111, 112, 113, 114, 115, 116, 117, 120, 121, 124, 125, 126, 127, 128, 129, 130, 131, 132, 133, 134, 136, 137, 139, 140, 142, 143, 145, 146, 147, 148, 149, 150, 151, 152, 153, 154, 155, 156, 157, 158, 159, 161, 166, 167, 168, 171, 172, 173, 174, 175, 176, 178, 179, 180, 181, 182, 183, 186, 187, 189, 190, 191, 193, 195, 196, 197, 198, 199, 200, 202, 204, 205, 206, 207, 208, 209, 211, 214, 216, 217, 218, 220, 221, 223, 224, 227, 228, 229, 230, 232, 233, 235, 237, 238, 243, 245, 246, 247, 248, 249, 250, 251, 252, 253, 255, 256, 258, 259, 261, 266, 268, 273, 274, 278, 279, 280, 281, 282, 284, 285, 286, 289, 291, 292, 294, 295, 296, 297, 298]
17:54:40.020 [main] INFO api.AvailableMembersApi - Received response for survey ID 8: Status Code = 200
17:54:40.026 [main] INFO api.AvailableMembersApi - Available statuses for survey ID 8: [true, true, true, true, true, true, true, true, true, true, true, true, true, true, true, true, true, true, true, true, true, true, true, true, true, true, true, true, true, true, true, true, true, true, true, true, true, true, true, true, true, true, true, true, true, true, true, true, true, true, true, true, true, true, true, true, true, true, true, true, true, true, true, true, true, true, true, true, true, true, true, true, true, true, true, true, true, true, true, true, true, true, true, true, true, true, true, true, true, true, true, true, true, true, true, true, true, true, true, true, true, true, true, true, true, true, true, true, true, true, true, true, true, true, true, true, true, true, true, true, true, true, true, true, true, true, true, true, true, true, true, true, true, true, true, true, true, true, true, true, true, true, true, true, true, true, true, true, true, true, true, true, true, true, true, true, true, true, true, true, true, true, true, true, true, true, true, true, true, true, true, true, true, true, true, true, true, true, true, true, true, true, true, true, true, true, true, true, true, true, true, true, true, true, true, true, true, true, true, true, true, true, true]
17:54:40.026 [main] INFO api.AvailableMembersApi - Validating members for Survey ID: 8
17:54:40.028 [main] INFO api.AvailableMembersApi - Received response for survey ID 8: Status Code = 200
17:54:40.033 [main] INFO api.AvailableMembersApi - Converted Available IDs for survey ID 8: [1, 2, 3, 4, 6, 8, 9, 11, 13, 14, 16, 18, 19, 20, 22, 24, 25, 27, 28, 29, 30, 31, 32, 34, 35, 36, 37, 39, 40, 42, 43, 44, 46, 47, 48, 49, 50, 51, 52, 53, 54, 55, 57, 58, 59, 60, 61, 62, 63, 65, 66, 67, 68, 69, 71, 72, 73, 77, 78, 82, 85, 86, 87, 89, 91, 92, 93, 94, 95, 96, 98, 107, 110, 111, 112, 114, 115, 116, 117, 120, 121, 124, 127, 128, 129, 131, 132, 133, 136, 137, 139, 140, 142, 143, 145, 146, 147, 149, 150, 151, 152, 153, 154, 155, 156, 157, 158, 159, 160, 161, 163, 164, 166, 167, 168, 171, 172, 173, 174, 175, 176, 177, 178, 179, 180, 181, 182, 183, 184, 186, 187, 189, 190, 191, 193, 194, 195, 196, 197, 200, 202, 204, 205, 206, 207, 208, 209, 211, 212, 214, 217, 218, 221, 223, 224, 227, 228, 229, 230, 232, 233, 234, 235, 236, 237, 238, 242, 243, 245, 246, 247, 249, 250, 251, 252, 253, 255, 256, 258, 259, 260, 261, 266, 268, 269, 273, 274, 278, 279, 280, 281, 282, 284, 285, 286, 289, 291, 292, 294, 295, 296, 297, 298]
17:54:40.037 [main] INFO api.AvailableMembersApi - Received response for survey ID 9: Status Code = 200
17:54:40.042 [main] INFO api.AvailableMembersApi - Available statuses for survey ID 9: [true, true, true, true, true, true, true, true, true, true, true, true, true, true, true, true, true, true, true, true, true, true, true, true, true, true, true, true, true, true, true, true, true, true, true, true, true, true, true, true, true, true, true, true, true, true, true, true, true, true, true, true, true, true, true, true, true, true, true, true, true, true, true, true, true, true, true, true, true, true, true, true, true, true, true, true, true, true, true, true, true, true, true, true, true, true, true, true, true, true, true, true, true, true, true, true, true, true, true, true, true, true, true, true, true, true, true, true, true, true, true, true, true, true, true, true, true, true, true, true, true, true, true, true, true, true, true, true, true, true, true, true, true, true, true, true, true, true, true, true, true, true, true, true, true, true, true, true, true, true, true, true, true, true, true, true, true, true, true, true, true, true, true, true, true, true, true, true, true, true, true, true, true, true, true, true, true, true, true, true, true, true, true, true, true, true, true, true, true, true, true, true, true, true, true, true, true, true, true]
17:54:40.042 [main] INFO api.AvailableMembersApi - Validating members for Survey ID: 9
17:54:40.044 [main] INFO api.AvailableMembersApi - Received response for survey ID 9: Status Code = 200
17:54:40.053 [main] INFO api.AvailableMembersApi - Converted Available IDs for survey ID 9: [1, 2, 3, 4, 6, 8, 9, 11, 13, 14, 16, 18, 19, 20, 22, 24, 25, 28, 29, 30, 31, 32, 34, 36, 37, 40, 42, 43, 44, 46, 47, 48, 50, 51, 52, 53, 54, 55, 56, 57, 58, 59, 60, 61, 62, 64, 65, 66, 67, 68, 69, 71, 72, 73, 76, 77, 78, 82, 85, 86, 87, 89, 91, 92, 93, 94, 95, 98, 99, 102, 104, 110, 111, 112, 113, 114, 115, 116, 117, 120, 121, 124, 125, 126, 127, 128, 129, 131, 133, 134, 136, 137, 139, 140, 142, 143, 145, 146, 147, 148, 149, 150, 151, 152, 153, 154, 155, 156, 157, 158, 159, 160, 161, 163, 164, 166, 167, 168, 171, 172, 173, 174, 175, 177, 178, 179, 180, 181, 182, 183, 184, 186, 187, 189, 190, 191, 193, 194, 195, 196, 197, 199, 200, 202, 204, 205, 206, 207, 208, 209, 211, 212, 214, 216, 217, 218, 220, 221, 223, 227, 229, 230, 232, 233, 235, 236, 237, 238, 242, 245, 246, 247, 249, 250, 251, 252, 253, 258, 259, 260, 261, 266, 268, 269, 273, 274, 278, 279, 280, 281, 282, 284, 286, 291, 292, 294, 295, 296, 298]
17:54:40.058 [main] INFO api.AvailableMembersApi - Received response for survey ID 10: Status Code = 200
17:54:40.065 [main] INFO api.AvailableMembersApi - Available statuses for survey ID 10: [true, true, true, true, true, true, true, true, true, true, true, true, true, true, true, true, true, true, true, true, true, true, true, true, true, true, true, true, true, true, true, true, true, true, true, true, true, true, true, true, true, true, true, true, true, true, true, true, true, true, true, true, true, true, true, true, true, true, true, true, true, true, true, true, true, true, true, true, true, true, true, true, true, true, true, true, true, true, true, true, true, true, true, true, true, true, true, true, true, true, true, true, true, true, true, true, true, true, true, true, true, true, true, true, true, true, true, true, true, true, true, true, true, true, true, true, true, true, true, true, true, true, true, true, true, true, true, true, true, true, true, true, true, true, true, true, true, true, true, true, true, true, true, true, true, true, true, true, true, true, true, true, true, true, true, true, true, true, true, true, true, true, true, true, true, true, true, true, true, true, true, true, true, true, true, true, true, true, true, true, true, true, true, true, true, true, true, true, true, true, true, true, true, true, true, true, true, true, true, true, true, true, true, true]
17:54:40.065 [main] INFO api.AvailableMembersApi - Validating members for Survey ID: 10
17:54:40.067 [main] INFO api.AvailableMembersApi - Received response for survey ID 10: Status Code = 200
17:54:40.073 [main] INFO api.AvailableMembersApi - Converted Available IDs for survey ID 10: [1, 2, 3, 4, 6, 8, 9, 11, 13, 14, 16, 18, 19, 21, 22, 24, 27, 28, 29, 30, 32, 34, 36, 37, 39, 40, 42, 43, 46, 47, 48, 49, 50, 52, 53, 54, 55, 56, 57, 58, 60, 61, 62, 63, 64, 65, 66, 67, 68, 69, 71, 76, 77, 78, 82, 85, 86, 89, 91, 92, 93, 94, 95, 96, 98, 99, 101, 102, 104, 107, 110, 112, 113, 114, 115, 116, 120, 121, 124, 125, 126, 127, 128, 129, 130, 131, 132, 133, 134, 136, 137, 139, 140, 142, 143, 146, 147, 148, 149, 150, 151, 152, 153, 154, 155, 156, 157, 158, 159, 160, 161, 163, 164, 166, 167, 168, 171, 172, 173, 174, 175, 176, 177, 178, 179, 180, 181, 182, 183, 184, 186, 187, 189, 190, 191, 193, 194, 195, 196, 198, 199, 200, 202, 204, 205, 206, 207, 208, 209, 211, 212, 214, 216, 217, 218, 220, 221, 223, 224, 227, 228, 229, 232, 233, 234, 235, 236, 237, 238, 242, 243, 245, 246, 247, 248, 250, 251, 252, 253, 255, 256, 258, 259, 260, 261, 266, 268, 269, 273, 274, 278, 279, 280, 281, 282, 284, 285, 286, 289, 291, 292, 294, 295, 298]
17:54:40.076 [main] INFO api.AvailableMembersApi - Received response for survey ID 11: Status Code = 200
17:54:40.081 [main] INFO api.AvailableMembersApi - Available statuses for survey ID 11: [true, true, true, true, true, true, true, true, true, true, true, true, true, true, true, true, true, true, true, true, true, true, true, true, true, true, true, true, true, true, true, true, true, true, true, true, true, true, true, true, true, true, true, true, true, true, true, true, true, true, true, true, true, true, true, true, true, true, true, true, true, true, true, true, true, true, true, true, true, true, true, true, true, true, true, true, true, true, true, true, true, true, true, true, true, true, true, true, true, true, true, true, true, true, true, true, true, true, true, true, true, true, true, true, true, true, true, true, true, true, true, true, true, true, true, true, true, true, true, true, true, true, true, true, true, true, true, true, true, true, true, true, true, true, true, true, true, true, true, true, true, true, true, true, true, true, true, true, true, true, true, true, true, true, true, true, true, true, true, true, true, true, true, true, true, true, true, true, true, true, true, true, true, true, true, true, true, true, true, true, true, true, true, true, true, true, true, true, true, true, true, true, true, true, true, true, true]
17:54:40.081 [main] INFO api.AvailableMembersApi - Validating members for Survey ID: 11
17:54:40.083 [main] INFO api.AvailableMembersApi - Received response for survey ID 11: Status Code = 200
17:54:40.109 [main] INFO api.AvailableMembersApi - Converted Available IDs for survey ID 11: [1, 2, 3, 4, 6, 8, 9, 11, 13, 14, 16, 18, 19, 20, 24, 25, 27, 28, 30, 32, 34, 35, 36, 37, 39, 40, 43, 44, 46, 47, 48, 49, 50, 51, 52, 53, 54, 55, 56, 57, 58, 59, 63, 64, 65, 66, 68, 69, 71, 72, 73, 76, 77, 78, 82, 85, 86, 87, 92, 93, 94, 95, 96, 98, 99, 101, 102, 104, 107, 110, 111, 112, 114, 115, 116, 117, 121, 124, 125, 127, 128, 129, 130, 131, 132, 133, 134, 136, 137, 139, 142, 143, 146, 147, 148, 149, 150, 151, 152, 153, 154, 155, 156, 157, 158, 159, 160, 161, 163, 164, 166, 168, 171, 172, 173, 174, 175, 176, 177, 178, 179, 181, 182, 183, 184, 187, 189, 190, 191, 193, 194, 195, 196, 197, 198, 200, 202, 204, 205, 206, 207, 208, 209, 212, 214, 216, 217, 218, 220, 224, 227, 228, 229, 230, 232, 233, 235, 236, 237, 238, 242, 243, 245, 246, 247, 248, 249, 250, 251, 252, 253, 255, 256, 258, 259, 260, 261, 266, 268, 269, 273, 274, 278, 279, 280, 281, 282, 284, 285, 286, 289, 292, 294, 295, 296, 297, 298]
17:54:40.114 [main] INFO api.AvailableMembersApi - Received response for survey ID 12: Status Code = 200
17:54:40.123 [main] INFO api.AvailableMembersApi - Available statuses for survey ID 12: [true, true, true, true, true, true, true, true, true, true, true, true, true, true, true, true, true, true, true, true, true, true, true, true, true, true, true, true, true, true, true, true, true, true, true, true, true, true, true, true, true, true, true, true, true, true, true, true, true, true, true, true, true, true, true, true, true, true, true, true, true, true, true, true, true, true, true, true, true, true, true, true, true, true, true, true, true, true, true, true, true, true, true, true, true, true, true, true, true, true, true, true, true, true, true, true, true, true, true, true, true, true, true, true, true, true, true, true, true, true, true, true, true, true, true, true, true, true, true, true, true, true, true, true, true, true, true, true, true, true, true, true, true, true, true, true, true, true, true, true, true, true, true, true, true, true, true, true, true, true, true, true, true, true, true, true, true, true, true, true, true, true, true, true, true, true, true, true, true, true, true, true, true, true, true, true, true, true, true, true, true, true, true, true, true, true, true, true, true, true, true, true, true, true, true, true, true, true, true, true, true, true]
17:54:40.123 [main] INFO api.AvailableMembersApi - Validating members for Survey ID: 12
17:54:40.125 [main] INFO api.AvailableMembersApi - Received response for survey ID 12: Status Code = 200
17:54:40.134 [main] INFO api.AvailableMembersApi - Converted Available IDs for survey ID 12: [1, 2, 3, 4, 6, 9, 11, 13, 16, 18, 19, 20, 21, 22, 24, 25, 27, 28, 29, 30, 31, 32, 34, 35, 36, 39, 40, 42, 43, 44, 46, 47, 49, 50, 51, 52, 53, 54, 55, 56, 57, 58, 59, 60, 61, 62, 63, 64, 65, 66, 67, 68, 69, 72, 73, 76, 77, 78, 82, 85, 86, 87, 89, 91, 92, 93, 94, 95, 96, 98, 99, 101, 102, 104, 107, 110, 111, 112, 113, 114, 115, 116, 120, 121, 124, 125, 126, 127, 128, 129, 130, 131, 132, 133, 134, 137, 139, 140, 142, 143, 145, 146, 148, 149, 150, 151, 152, 153, 154, 155, 156, 157, 159, 160, 161, 163, 164, 166, 168, 171, 172, 173, 174, 176, 178, 179, 180, 181, 182, 183, 184, 186, 187, 189, 190, 191, 194, 195, 196, 197, 199, 200, 202, 204, 205, 206, 207, 208, 209, 211, 212, 214, 216, 217, 218, 220, 221, 223, 224, 227, 229, 230, 232, 233, 235, 236, 237, 238, 242, 243, 245, 246, 247, 248, 249, 250, 251, 252, 253, 258, 259, 260, 261, 266, 268, 269, 273, 274, 278, 279, 280, 281, 282, 284, 286, 291, 292, 294, 295, 296, 297, 298]
17:54:40.139 [main] INFO api.AvailableMembersApi - Received response for survey ID 13: Status Code = 200
17:54:40.144 [main] INFO api.AvailableMembersApi - Available statuses for survey ID 13: [true, true, true, true, true, true, true, true, true, true, true, true, true, true, true, true, true, true, true, true, true, true, true, true, true, true, true, true, true, true, true, true, true, true, true, true, true, true, true, true, true, true, true, true, true, true, true, true, true, true, true, true, true, true, true, true, true, true, true, true, true, true, true, true, true, true, true, true, true, true, true, true, true, true, true, true, true, true, true, true, true, true, true, true, true, true, true, true, true, true, true, true, true, true, true, true, true, true, true, true, true, true, true, true, true, true, true, true, true, true, true, true, true, true, true, true, true, true, true, true, true, true, true, true, true, true, true, true, true, true, true, true, true, true, true, true, true, true, true, true, true, true, true, true, true, true, true, true, true, true, true, true, true, true, true, true, true, true, true, true, true, true, true, true, true, true, true, true, true, true, true, true, true, true, true, true, true, true, true, true, true, true, true, true, true, true, true, true, true, true, true, true, true, true, true, true, true, true]
17:54:40.144 [main] INFO api.AvailableMembersApi - Validating members for Survey ID: 13
17:54:40.146 [main] INFO api.AvailableMembersApi - Received response for survey ID 13: Status Code = 200
17:54:40.151 [main] INFO api.AvailableMembersApi - Converted Available IDs for survey ID 13: [1, 2, 4, 6, 8, 9, 11, 13, 14, 16, 19, 20, 21, 22, 24, 25, 27, 28, 29, 30, 31, 32, 35, 36, 37, 39, 40, 42, 43, 44, 46, 47, 48, 49, 50, 51, 52, 53, 54, 55, 56, 58, 60, 61, 62, 63, 65, 66, 67, 68, 69, 71, 72, 73, 76, 77, 78, 82, 85, 89, 91, 92, 93, 94, 95, 98, 99, 101, 102, 104, 107, 110, 111, 112, 113, 114, 115, 116, 117, 121, 124, 125, 126, 127, 128, 129, 130, 131, 132, 133, 134, 136, 137, 139, 140, 142, 143, 145, 146, 147, 148, 149, 150, 151, 154, 156, 157, 160, 161, 163, 164, 166, 167, 168, 171, 172, 173, 174, 175, 176, 177, 178, 179, 180, 181, 182, 184, 186, 187, 189, 190, 191, 193, 194, 195, 198, 199, 200, 202, 205, 206, 207, 208, 211, 212, 214, 216, 218, 220, 221, 223, 224, 227, 228, 229, 230, 232, 234, 235, 236, 237, 238, 243, 245, 246, 247, 248, 249, 250, 252, 253, 255, 256, 258, 259, 260, 261, 266, 268, 269, 273, 274, 278, 279, 280, 281, 282, 284, 285, 286, 289, 291, 292, 294, 295, 296, 297, 298]
17:54:40.154 [main] INFO api.AvailableMembersApi - Received response for survey ID 14: Status Code = 200
17:54:40.163 [main] INFO api.AvailableMembersApi - Available statuses for survey ID 14: [true, true, true, true, true, true, true, true, true, true, true, true, true, true, true, true, true, true, true, true, true, true, true, true, true, true, true, true, true, true, true, true, true, true, true, true, true, true, true, true, true, true, true, true, true, true, true, true, true, true, true, true, true, true, true, true, true, true, true, true, true, true, true, true, true, true, true, true, true, true, true, true, true, true, true, true, true, true, true, true, true, true, true, true, true, true, true, true, true, true, true, true, true, true, true, true, true, true, true, true, true, true, true, true, true, true, true, true, true, true, true, true, true, true, true, true, true, true, true, true, true, true, true, true, true, true, true, true, true, true, true, true, true, true, true, true, true, true, true, true, true, true, true, true, true, true, true, true, true, true, true, true, true, true, true, true, true, true, true, true, true, true, true, true, true, true, true, true, true, true, true, true, true, true, true, true, true, true, true, true, true, true, true, true, true, true, true, true, true, true, true, true, true, true, true, true, true, true, true, true, true, true, true, true, true, true]
17:54:40.163 [main] INFO api.AvailableMembersApi - Validating members for Survey ID: 14
17:54:40.165 [main] INFO api.AvailableMembersApi - Received response for survey ID 14: Status Code = 200
17:54:40.174 [main] INFO api.AvailableMembersApi - Converted Available IDs for survey ID 14: [1, 2, 3, 4, 6, 8, 9, 11, 13, 14, 16, 18, 19, 20, 21, 22, 24, 25, 27, 29, 30, 31, 34, 35, 36, 37, 40, 42, 43, 44, 46, 47, 48, 49, 50, 51, 53, 55, 56, 57, 58, 59, 60, 61, 62, 63, 64, 66, 67, 68, 69, 71, 72, 73, 76, 77, 82, 85, 86, 87, 89, 91, 92, 94, 96, 98, 99, 101, 104, 107, 110, 111, 112, 113, 114, 115, 116, 120, 121, 124, 125, 126, 127, 128, 129, 130, 131, 132, 133, 134, 136, 137, 139, 142, 143, 145, 146, 147, 148, 149, 150, 151, 152, 153, 154, 155, 156, 157, 158, 159, 160, 161, 163, 164, 166, 167, 168, 171, 172, 173, 174, 175, 176, 177, 178, 179, 180, 181, 182, 183, 184, 186, 187, 189, 190, 191, 193, 194, 195, 196, 197, 198, 199, 200, 202, 204, 205, 206, 207, 208, 209, 211, 212, 214, 216, 217, 218, 220, 221, 223, 224, 227, 228, 230, 232, 233, 234, 235, 236, 237, 238, 242, 243, 245, 246, 247, 248, 249, 250, 251, 252, 253, 255, 256, 258, 259, 260, 261, 266, 268, 269, 273, 278, 279, 281, 282, 284, 285, 286, 289, 291, 292, 295, 296, 297, 298]
17:54:40.178 [main] INFO api.AvailableMembersApi - Received response for survey ID 15: Status Code = 200
17:54:40.186 [main] INFO api.AvailableMembersApi - Available statuses for survey ID 15: [true, true, true, true, true, true, true, true, true, true, true, true, true, true, true, true, true, true, true, true, true, true, true, true, true, true, true, true, true, true, true, true, true, true, true, true, true, true, true, true, true, true, true, true, true, true, true, true, true, true, true, true, true, true, true, true, true, true, true, true, true, true, true, true, true, true, true, true, true, true, true, true, true, true, true, true, true, true, true, true, true, true, true, true, true, true, true, true, true, true, true, true, true, true, true, true, true, true, true, true, true, true, true, true, true, true, true, true, true, true, true, true, true, true, true, true, true, true, true, true, true, true, true, true, true, true, true, true, true, true, true, true, true, true, true, true, true, true, true, true, true, true, true, true, true, true, true, true, true, true, true, true, true, true, true, true, true, true, true, true, true, true, true, true, true, true, true, true, true, true, true, true, true, true, true, true, true, true, true, true, true, true, true, true, true, true, true, true, true, true, true, true, true, true, true, true, true, true, true, true]
17:54:40.186 [main] INFO api.AvailableMembersApi - Validating members for Survey ID: 15
17:54:40.188 [main] INFO api.AvailableMembersApi - Received response for survey ID 15: Status Code = 200
17:54:40.196 [main] INFO api.AvailableMembersApi - Converted Available IDs for survey ID 15: [1, 2, 3, 4, 6, 8, 9, 11, 13, 16, 18, 20, 21, 22, 24, 25, 27, 28, 29, 30, 31, 32, 34, 35, 36, 37, 39, 40, 43, 44, 46, 47, 48, 49, 50, 51, 52, 53, 54, 56, 57, 58, 59, 60, 61, 62, 64, 65, 66, 67, 68, 69, 71, 72, 73, 76, 77, 78, 85, 86, 87, 89, 91, 92, 93, 94, 95, 96, 98, 99, 101, 102, 104, 107, 110, 111, 112, 113, 115, 116, 117, 121, 124, 125, 126, 127, 128, 129, 130, 131, 132, 133, 136, 137, 139, 140, 142, 143, 145, 146, 148, 149, 150, 152, 153, 154, 155, 156, 157, 159, 160, 161, 163, 164, 166, 167, 168, 171, 172, 173, 174, 176, 177, 178, 179, 180, 181, 183, 184, 186, 187, 189, 190, 191, 193, 194, 196, 197, 198, 199, 200, 202, 204, 207, 208, 209, 211, 212, 216, 217, 218, 220, 221, 223, 224, 227, 228, 229, 230, 232, 233, 234, 235, 236, 237, 238, 242, 243, 245, 246, 247, 248, 249, 250, 251, 252, 253, 255, 256, 258, 259, 260, 261, 266, 268, 269, 273, 274, 278, 279, 280, 281, 282, 285, 286, 292, 294, 295, 296, 297]
17:54:40.200 [main] INFO api.AvailableMembersApi - Received response for survey ID 16: Status Code = 200
17:54:40.205 [main] INFO api.AvailableMembersApi - Available statuses for survey ID 16: [true, true, true, true, true, true, true, true, true, true, true, true, true, true, true, true, true, true, true, true, true, true, true, true, true, true, true, true, true, true, true, true, true, true, true, true, true, true, true, true, true, true, true, true, true, true, true, true, true, true, true, true, true, true, true, true, true, true, true, true, true, true, true, true, true, true, true, true, true, true, true, true, true, true, true, true, true, true, true, true, true, true, true, true, true, true, true, true, true, true, true, true, true, true, true, true, true, true, true, true, true, true, true, true, true, true, true, true, true, true, true, true, true, true, true, true, true, true, true, true, true, true, true, true, true, true, true, true, true, true, true, true, true, true, true, true, true, true, true, true, true, true, true, true, true, true, true, true, true, true, true, true, true, true, true, true, true, true, true, true, true, true, true, true, true, true, true, true, true, true, true, true, true, true, true, true, true, true, true, true, true, true, true, true, true, true, true, true, true, true, true, true, true, true, true, true, true, true, true, true, true, true, true, true]
17:54:40.205 [main] INFO api.AvailableMembersApi - Validating members for Survey ID: 16
17:54:40.207 [main] INFO api.AvailableMembersApi - Received response for survey ID 16: Status Code = 200
17:54:40.213 [main] INFO api.AvailableMembersApi - Converted Available IDs for survey ID 16: [2, 4, 6, 8, 9, 11, 13, 14, 16, 18, 19, 20, 21, 22, 24, 27, 28, 29, 30, 31, 32, 34, 35, 36, 37, 39, 42, 43, 44, 46, 47, 48, 49, 50, 51, 52, 53, 54, 55, 56, 57, 58, 59, 60, 61, 62, 63, 64, 65, 66, 67, 68, 69, 71, 72, 73, 76, 77, 78, 82, 86, 87, 89, 91, 92, 93, 94, 96, 98, 101, 102, 104, 107, 110, 111, 112, 113, 114, 116, 120, 121, 124, 125, 126, 127, 128, 129, 130, 131, 132, 134, 136, 137, 139, 140, 142, 143, 145, 146, 147, 148, 150, 151, 152, 153, 154, 155, 156, 157, 158, 159, 160, 161, 163, 164, 166, 167, 168, 171, 172, 173, 174, 175, 176, 177, 178, 179, 180, 181, 182, 184, 186, 187, 189, 190, 191, 193, 194, 195, 197, 198, 199, 200, 204, 205, 206, 207, 208, 209, 211, 212, 214, 217, 220, 221, 223, 224, 227, 228, 229, 230, 232, 233, 234, 235, 236, 237, 238, 242, 243, 245, 246, 247, 248, 249, 250, 252, 253, 255, 256, 258, 259, 260, 261, 266, 268, 269, 273, 274, 278, 279, 280, 281, 282, 284, 285, 286, 291, 292, 294, 295, 296, 297, 298]
17:54:40.217 [main] INFO api.AvailableMembersApi - Received response for survey ID 17: Status Code = 200
17:54:40.225 [main] INFO api.AvailableMembersApi - Available statuses for survey ID 17: [true, true, true, true, true, true, true, true, true, true, true, true, true, true, true, true, true, true, true, true, true, true, true, true, true, true, true, true, true, true, true, true, true, true, true, true, true, true, true, true, true, true, true, true, true, true, true, true, true, true, true, true, true, true, true, true, true, true, true, true, true, true, true, true, true, true, true, true, true, true, true, true, true, true, true, true, true, true, true, true, true, true, true, true, true, true, true, true, true, true, true, true, true, true, true, true, true, true, true, true, true, true, true, true, true, true, true, true, true, true, true, true, true, true, true, true, true, true, true, true, true, true, true, true, true, true, true, true, true, true, true, true, true, true, true, true, true, true, true, true, true, true, true, true, true, true, true, true, true, true, true, true, true, true, true, true, true, true, true, true, true, true, true, true, true, true, true, true, true, true, true, true, true, true, true, true, true, true, true, true, true, true, true, true, true, true, true, true, true, true, true, true, true, true, true, true, true, true, true, true]
17:54:40.225 [main] INFO api.AvailableMembersApi - Validating members for Survey ID: 17
17:54:40.226 [main] INFO api.AvailableMembersApi - Received response for survey ID 17: Status Code = 200
17:54:40.233 [main] INFO api.AvailableMembersApi - Converted Available IDs for survey ID 17: [1, 2, 3, 4, 6, 8, 9, 11, 13, 14, 16, 18, 19, 20, 22, 25, 27, 28, 29, 30, 31, 32, 34, 35, 36, 37, 39, 40, 42, 43, 44, 46, 47, 48, 49, 50, 51, 52, 53, 54, 55, 57, 58, 59, 60, 61, 62, 63, 64, 65, 66, 67, 68, 69, 71, 72, 73, 76, 77, 78, 82, 85, 86, 87, 89, 91, 94, 96, 98, 99, 101, 107, 110, 111, 112, 113, 114, 116, 117, 120, 124, 125, 126, 127, 128, 129, 131, 132, 134, 136, 137, 139, 140, 142, 143, 145, 146, 147, 150, 151, 152, 154, 155, 156, 157, 158, 159, 160, 161, 163, 164, 166, 167, 168, 171, 172, 174, 175, 176, 177, 178, 180, 181, 182, 183, 184, 186, 187, 189, 190, 191, 193, 194, 195, 196, 197, 198, 199, 200, 202, 205, 206, 207, 208, 209, 211, 212, 214, 216, 217, 218, 220, 221, 223, 224, 227, 228, 229, 230, 232, 233, 234, 235, 236, 237, 238, 242, 243, 245, 246, 247, 248, 249, 250, 251, 252, 253, 256, 258, 259, 260, 261, 266, 268, 269, 273, 274, 279, 281, 282, 284, 285, 289, 291, 292, 294, 295, 296, 297, 298]
17:54:40.235 [main] INFO api.AvailableMembersApi - Received response for survey ID 18: Status Code = 200
17:54:40.240 [main] INFO api.AvailableMembersApi - Available statuses for survey ID 18: [true, true, true, true, true, true, true, true, true, true, true, true, true, true, true, true, true, true, true, true, true, true, true, true, true, true, true, true, true, true, true, true, true, true, true, true, true, true, true, true, true, true, true, true, true, true, true, true, true, true, true, true, true, true, true, true, true, true, true, true, true, true, true, true, true, true, true, true, true, true, true, true, true, true, true, true, true, true, true, true, true, true, true, true, true, true, true, true, true, true, true, true, true, true, true, true, true, true, true, true, true, true, true, true, true, true, true, true, true, true, true, true, true, true, true, true, true, true, true, true, true, true, true, true, true, true, true, true, true, true, true, true, true, true, true, true, true, true, true, true, true, true, true, true, true, true, true, true, true, true, true, true, true, true, true, true, true, true, true, true, true, true, true, true, true, true, true, true, true, true, true, true, true, true, true, true, true, true, true, true, true, true, true, true, true, true, true, true, true, true, true, true, true, true, true, true, true, true, true, true, true, true, true, true, true, true, true]
17:54:40.240 [main] INFO api.AvailableMembersApi - Validating members for Survey ID: 18
17:54:40.241 [main] INFO api.AvailableMembersApi - Received response for survey ID 18: Status Code = 200
17:54:40.246 [main] INFO api.AvailableMembersApi - Converted Available IDs for survey ID 18: [1, 3, 4, 6, 8, 9, 11, 13, 14, 16, 19, 20, 21, 24, 25, 27, 28, 29, 30, 31, 32, 34, 35, 36, 37, 39, 40, 42, 43, 44, 46, 47, 48, 49, 50, 51, 52, 53, 54, 55, 56, 57, 58, 59, 60, 61, 62, 63, 64, 65, 66, 67, 68, 69, 72, 73, 76, 77, 78, 82, 85, 86, 87, 89, 91, 92, 93, 94, 95, 96, 98, 99, 102, 104, 107, 110, 111, 112, 113, 114, 115, 116, 117, 120, 121, 124, 125, 126, 127, 128, 129, 130, 131, 132, 133, 134, 136, 137, 139, 140, 142, 143, 145, 146, 147, 148, 149, 150, 151, 152, 153, 154, 155, 156, 157, 158, 159, 160, 161, 163, 164, 166, 167, 168, 171, 172, 173, 174, 175, 176, 177, 178, 179, 180, 181, 183, 184, 186, 187, 189, 190, 191, 193, 194, 195, 196, 197, 198, 199, 200, 202, 204, 207, 208, 211, 212, 214, 217, 220, 221, 223, 224, 227, 228, 229, 230, 232, 233, 234, 235, 236, 237, 238, 242, 243, 245, 246, 247, 248, 249, 250, 251, 252, 253, 255, 256, 258, 259, 260, 261, 266, 268, 273, 274, 278, 279, 280, 281, 282, 285, 289, 291, 292, 294, 295, 296, 297]
17:54:40.249 [main] INFO api.AvailableMembersApi - Received response for survey ID 19: Status Code = 200
17:54:40.254 [main] INFO api.AvailableMembersApi - Available statuses for survey ID 19: [true, true, true, true, true, true, true, true, true, true, true, true, true, true, true, true, true, true, true, true, true, true, true, true, true, true, true, true, true, true, true, true, true, true, true, true, true, true, true, true, true, true, true, true, true, true, true, true, true, true, true, true, true, true, true, true, true, true, true, true, true, true, true, true, true, true, true, true, true, true, true, true, true, true, true, true, true, true, true, true, true, true, true, true, true, true, true, true, true, true, true, true, true, true, true, true, true, true, true, true, true, true, true, true, true, true, true, true, true, true, true, true, true, true, true, true, true, true, true, true, true, true, true, true, true, true, true, true, true, true, true, true, true, true, true, true, true, true, true, true, true, true, true, true, true, true, true, true, true, true, true, true, true, true, true, true, true, true, true, true, true, true, true, true, true, true, true, true, true, true, true, true, true, true, true, true, true, true, true, true, true, true, true, true, true, true, true, true, true, true, true, true, true, true, true, true, true, true, true]
17:54:40.254 [main] INFO api.AvailableMembersApi - Validating members for Survey ID: 19
17:54:40.255 [main] INFO api.AvailableMembersApi - Received response for survey ID 19: Status Code = 200
17:54:40.264 [main] INFO api.AvailableMembersApi - Converted Available IDs for survey ID 19: [1, 2, 3, 4, 6, 8, 9, 11, 13, 14, 18, 19, 20, 21, 22, 25, 27, 28, 29, 31, 32, 34, 35, 36, 37, 39, 40, 42, 43, 44, 46, 47, 48, 51, 52, 53, 54, 55, 56, 57, 58, 59, 60, 61, 62, 63, 64, 65, 66, 67, 68, 69, 71, 72, 73, 76, 77, 78, 82, 85, 86, 87, 89, 91, 93, 94, 95, 96, 98, 99, 101, 102, 104, 107, 110, 111, 112, 113, 114, 115, 116, 117, 121, 124, 125, 126, 127, 128, 129, 130, 131, 132, 136, 137, 139, 140, 142, 143, 145, 146, 148, 149, 150, 152, 153, 154, 156, 157, 158, 159, 160, 161, 163, 164, 166, 167, 168, 171, 172, 173, 174, 175, 176, 178, 179, 180, 181, 182, 183, 184, 186, 189, 190, 191, 193, 194, 195, 196, 199, 200, 202, 204, 206, 207, 208, 211, 212, 214, 216, 217, 218, 220, 221, 223, 224, 227, 228, 229, 230, 232, 233, 234, 235, 236, 237, 238, 242, 243, 246, 248, 249, 250, 251, 253, 255, 256, 258, 259, 260, 261, 266, 268, 269, 273, 274, 278, 279, 280, 281, 282, 284, 285, 286, 292, 294, 295, 296, 297, 298]
17:54:40.266 [main] INFO api.AvailableMembersApi - Received response for survey ID 20: Status Code = 200
17:54:40.272 [main] INFO api.AvailableMembersApi - Available statuses for survey ID 20: [true, true, true, true, true, true, true, true, true, true, true, true, true, true, true, true, true, true, true, true, true, true, true, true, true, true, true, true, true, true, true, true, true, true, true, true, true, true, true, true, true, true, true, true, true, true, true, true, true, true, true, true, true, true, true, true, true, true, true, true, true, true, true, true, true, true, true, true, true, true, true, true, true, true, true, true, true, true, true, true, true, true, true, true, true, true, true, true, true, true, true, true, true, true, true, true, true, true, true, true, true, true, true, true, true, true, true, true, true, true, true, true, true, true, true, true, true, true, true, true, true, true, true, true, true, true, true, true, true, true, true, true, true, true, true, true, true, true, true, true, true, true, true, true, true, true, true, true, true, true, true, true, true, true, true, true, true, true, true, true, true, true, true, true, true, true, true, true, true, true, true, true, true, true, true, true, true, true, true, true, true, true, true, true, true, true, true, true, true, true, true, true, true, true, true, true, true, true]
17:54:40.272 [main] INFO api.AvailableMembersApi - Validating members for Survey ID: 20
17:54:40.273 [main] INFO api.AvailableMembersApi - Received response for survey ID 20: Status Code = 200
17:54:40.278 [main] INFO api.AvailableMembersApi - Converted Available IDs for survey ID 20: [1, 2, 3, 8, 9, 13, 14, 16, 18, 19, 20, 21, 22, 24, 25, 27, 28, 29, 30, 31, 32, 34, 35, 36, 39, 40, 42, 43, 44, 46, 47, 48, 49, 50, 51, 52, 53, 54, 55, 56, 57, 58, 59, 61, 62, 63, 64, 65, 66, 67, 69, 71, 72, 73, 76, 77, 78, 82, 87, 89, 91, 92, 93, 94, 95, 96, 98, 99, 101, 102, 104, 107, 110, 111, 112, 113, 114, 115, 116, 117, 120, 121, 124, 125, 126, 127, 128, 129, 130, 132, 133, 134, 136, 137, 139, 140, 142, 143, 145, 146, 147, 149, 151, 154, 155, 156, 157, 158, 159, 160, 161, 163, 164, 166, 167, 168, 171, 172, 173, 175, 176, 178, 179, 180, 181, 182, 183, 186, 187, 189, 190, 191, 193, 194, 196, 198, 199, 200, 202, 204, 205, 206, 208, 211, 212, 214, 216, 217, 218, 220, 221, 223, 224, 227, 228, 229, 230, 232, 233, 234, 235, 236, 238, 242, 243, 245, 246, 247, 248, 250, 251, 253, 255, 256, 258, 259, 260, 261, 266, 269, 273, 274, 278, 279, 280, 281, 282, 284, 285, 286, 289, 291, 292, 294, 295, 296, 297, 298]
17:54:40.280 [main] INFO api.AvailableMembersApi - Received response for survey ID 21: Status Code = 200
17:54:40.285 [main] INFO api.AvailableMembersApi - Available statuses for survey ID 21: [true, true, true, true, true, true, true, true, true, true, true, true, true, true, true, true, true, true, true, true, true, true, true, true, true, true, true, true, true, true, true, true, true, true, true, true, true, true, true, true, true, true, true, true, true, true, true, true, true, true, true, true, true, true, true, true, true, true, true, true, true, true, true, true, true, true, true, true, true, true, true, true, true, true, true, true, true, true, true, true, true, true, true, true, true, true, true, true, true, true, true, true, true, true, true, true, true, true, true, true, true, true, true, true, true, true, true, true, true, true, true, true, true, true, true, true, true, true, true, true, true, true, true, true, true, true, true, true, true, true, true, true, true, true, true, true, true, true, true, true, true, true, true, true, true, true, true, true, true, true, true, true, true, true, true, true, true, true, true, true, true, true, true, true, true, true, true, true, true, true, true, true, true, true, true, true, true, true, true, true, true, true, true, true, true, true, true, true, true, true, true, true, true, true, true]
17:54:40.285 [main] INFO api.AvailableMembersApi - Validating members for Survey ID: 21
17:54:40.286 [main] INFO api.AvailableMembersApi - Received response for survey ID 21: Status Code = 200
17:54:40.291 [main] INFO api.AvailableMembersApi - Converted Available IDs for survey ID 21: [1, 2, 3, 4, 6, 11, 13, 14, 16, 18, 19, 20, 21, 22, 24, 25, 27, 29, 30, 31, 32, 34, 36, 37, 39, 42, 43, 44, 46, 47, 48, 49, 51, 52, 53, 56, 57, 58, 59, 60, 61, 62, 63, 64, 65, 66, 67, 68, 69, 71, 72, 73, 76, 77, 78, 82, 85, 86, 87, 89, 91, 92, 93, 95, 96, 98, 99, 102, 104, 107, 111, 113, 114, 115, 116, 117, 120, 121, 125, 126, 127, 128, 129, 132, 133, 136, 137, 139, 140, 142, 143, 145, 146, 147, 148, 149, 150, 151, 152, 153, 155, 156, 157, 158, 159, 160, 161, 163, 164, 166, 167, 168, 171, 172, 173, 174, 175, 176, 177, 178, 179, 180, 181, 183, 184, 186, 187, 189, 190, 191, 195, 196, 198, 200, 202, 204, 205, 206, 207, 208, 209, 211, 212, 214, 216, 217, 218, 220, 221, 223, 224, 228, 229, 233, 234, 235, 236, 237, 238, 242, 243, 245, 246, 247, 248, 249, 250, 251, 252, 253, 255, 256, 258, 259, 260, 261, 266, 268, 269, 273, 274, 278, 279, 280, 281, 282, 284, 285, 286, 289, 291, 292, 294, 295, 296]
17:54:40.293 [main] INFO api.AvailableMembersApi - Received response for survey ID 22: Status Code = 200
17:54:40.298 [main] INFO api.AvailableMembersApi - Available statuses for survey ID 22: [true, true, true, true, true, true, true, true, true, true, true, true, true, true, true, true, true, true, true, true, true, true, true, true, true, true, true, true, true, true, true, true, true, true, true, true, true, true, true, true, true, true, true, true, true, true, true, true, true, true, true, true, true, true, true, true, true, true, true, true, true, true, true, true, true, true, true, true, true, true, true, true, true, true, true, true, true, true, true, true, true, true, true, true, true, true, true, true, true, true, true, true, true, true, true, true, true, true, true, true, true, true, true, true, true, true, true, true, true, true, true, true, true, true, true, true, true, true, true, true, true, true, true, true, true, true, true, true, true, true, true, true, true, true, true, true, true, true, true, true, true, true, true, true, true, true, true, true, true, true, true, true, true, true, true, true, true, true, true, true, true, true, true, true, true, true, true, true, true, true, true, true, true, true, true, true, true, true, true, true, true, true, true, true, true, true, true, true, true, true, true, true, true, true, true, true, true, true, true, true, true, true]
17:54:40.298 [main] INFO api.AvailableMembersApi - Validating members for Survey ID: 22
17:54:40.299 [main] INFO api.AvailableMembersApi - Received response for survey ID 22: Status Code = 200
17:54:40.304 [main] INFO api.AvailableMembersApi - Converted Available IDs for survey ID 22: [1, 2, 3, 4, 6, 8, 11, 13, 14, 16, 18, 20, 21, 22, 24, 25, 27, 28, 30, 31, 32, 34, 35, 36, 37, 39, 40, 42, 43, 44, 46, 47, 48, 49, 50, 51, 52, 53, 54, 56, 57, 58, 59, 60, 61, 62, 63, 64, 66, 67, 69, 71, 72, 73, 76, 77, 78, 82, 85, 86, 87, 89, 92, 93, 94, 95, 96, 98, 99, 101, 102, 104, 107, 110, 111, 112, 113, 114, 116, 117, 120, 121, 125, 126, 127, 128, 129, 130, 131, 132, 134, 136, 137, 139, 140, 142, 145, 146, 147, 148, 150, 152, 154, 155, 156, 157, 159, 160, 161, 163, 164, 166, 167, 168, 171, 172, 173, 174, 175, 176, 177, 178, 179, 180, 181, 182, 183, 184, 186, 187, 189, 190, 191, 193, 194, 196, 197, 198, 199, 200, 202, 204, 205, 206, 207, 208, 209, 211, 212, 214, 216, 218, 220, 221, 223, 224, 227, 228, 230, 232, 233, 234, 235, 236, 237, 238, 242, 243, 245, 246, 247, 248, 250, 251, 252, 253, 255, 256, 258, 259, 260, 261, 266, 268, 269, 273, 274, 279, 280, 281, 282, 284, 285, 286, 289, 291, 292, 294, 295, 296, 297, 298]
17:54:40.307 [main] INFO api.AvailableMembersApi - Received response for survey ID 23: Status Code = 200
17:54:40.311 [main] INFO api.AvailableMembersApi - Available statuses for survey ID 23: [true, true, true, true, true, true, true, true, true, true, true, true, true, true, true, true, true, true, true, true, true, true, true, true, true, true, true, true, true, true, true, true, true, true, true, true, true, true, true, true, true, true, true, true, true, true, true, true, true, true, true, true, true, true, true, true, true, true, true, true, true, true, true, true, true, true, true, true, true, true, true, true, true, true, true, true, true, true, true, true, true, true, true, true, true, true, true, true, true, true, true, true, true, true, true, true, true, true, true, true, true, true, true, true, true, true, true, true, true, true, true, true, true, true, true, true, true, true, true, true, true, true, true, true, true, true, true, true, true, true, true, true, true, true, true, true, true, true, true, true, true, true, true, true, true, true, true, true, true, true, true, true, true, true, true, true, true, true, true, true, true, true, true, true, true, true, true, true, true, true, true, true, true, true, true, true, true, true, true, true, true, true, true, true, true, true, true, true, true, true, true, true, true, true, true, true, true, true, true]
17:54:40.312 [main] INFO api.AvailableMembersApi - Validating members for Survey ID: 23
17:54:40.313 [main] INFO api.AvailableMembersApi - Received response for survey ID 23: Status Code = 200
17:54:40.320 [main] INFO api.AvailableMembersApi - Converted Available IDs for survey ID 23: [1, 2, 4, 6, 8, 9, 14, 16, 18, 19, 20, 21, 22, 24, 25, 27, 28, 29, 30, 31, 32, 35, 36, 37, 39, 42, 43, 44, 46, 47, 48, 49, 50, 51, 52, 53, 54, 55, 56, 57, 58, 59, 60, 61, 62, 63, 64, 65, 66, 67, 68, 69, 71, 72, 73, 76, 77, 78, 82, 85, 86, 87, 89, 91, 92, 94, 96, 99, 101, 102, 104, 107, 110, 111, 112, 113, 114, 115, 116, 121, 124, 125, 126, 127, 128, 130, 131, 132, 134, 136, 137, 139, 140, 142, 143, 145, 146, 147, 148, 149, 150, 151, 152, 153, 154, 155, 156, 157, 158, 159, 161, 163, 164, 167, 168, 171, 172, 173, 174, 175, 176, 177, 178, 180, 181, 182, 183, 184, 186, 187, 190, 191, 193, 194, 196, 197, 198, 199, 200, 202, 204, 205, 206, 207, 208, 209, 211, 212, 214, 216, 217, 218, 220, 221, 224, 227, 228, 229, 230, 232, 233, 235, 236, 237, 238, 243, 245, 246, 247, 248, 249, 250, 251, 252, 253, 255, 256, 259, 261, 266, 268, 269, 273, 274, 278, 279, 280, 281, 284, 285, 286, 289, 291, 292, 294, 295, 296, 297, 298]
17:54:40.324 [main] INFO api.AvailableMembersApi - Received response for survey ID 24: Status Code = 200
17:54:40.329 [main] INFO api.AvailableMembersApi - Available statuses for survey ID 24: [true, true, true, true, true, true, true, true, true, true, true, true, true, true, true, true, true, true, true, true, true, true, true, true, true, true, true, true, true, true, true, true, true, true, true, true, true, true, true, true, true, true, true, true, true, true, true, true, true, true, true, true, true, true, true, true, true, true, true, true, true, true, true, true, true, true, true, true, true, true, true, true, true, true, true, true, true, true, true, true, true, true, true, true, true, true, true, true, true, true, true, true, true, true, true, true, true, true, true, true, true, true, true, true, true, true, true, true, true, true, true, true, true, true, true, true, true, true, true, true, true, true, true, true, true, true, true, true, true, true, true, true, true, true, true, true, true, true, true, true, true, true, true, true, true, true, true, true, true, true, true, true, true, true, true, true, true, true, true, true, true, true, true, true, true, true, true, true, true, true, true, true, true, true, true, true, true, true, true, true, true, true, true, true, true, true, true, true, true, true, true, true, true, true, true, true, true, true]
17:54:40.329 [main] INFO api.AvailableMembersApi - Validating members for Survey ID: 24
17:54:40.330 [main] INFO api.AvailableMembersApi - Received response for survey ID 24: Status Code = 200
17:54:40.335 [main] INFO api.AvailableMembersApi - Converted Available IDs for survey ID 24: [1, 2, 3, 4, 6, 8, 9, 11, 14, 18, 19, 20, 21, 22, 24, 25, 27, 28, 29, 30, 31, 32, 35, 36, 37, 39, 40, 42, 43, 44, 46, 47, 48, 49, 50, 51, 52, 53, 54, 55, 56, 57, 59, 60, 61, 63, 64, 66, 67, 68, 69, 71, 72, 73, 77, 78, 82, 85, 86, 87, 89, 91, 92, 93, 94, 95, 96, 98, 99, 101, 102, 104, 107, 110, 111, 112, 113, 114, 115, 116, 117, 120, 121, 124, 125, 126, 128, 129, 130, 131, 132, 134, 136, 139, 140, 142, 143, 145, 146, 147, 148, 149, 150, 151, 153, 154, 155, 157, 158, 159, 160, 161, 163, 164, 166, 167, 168, 171, 172, 174, 175, 176, 178, 179, 180, 181, 182, 183, 184, 186, 189, 190, 191, 193, 194, 195, 196, 198, 199, 200, 202, 204, 205, 207, 208, 209, 211, 212, 214, 216, 217, 218, 221, 223, 224, 227, 228, 230, 232, 233, 234, 235, 236, 237, 238, 243, 246, 247, 248, 249, 250, 251, 252, 253, 255, 256, 258, 259, 260, 261, 266, 268, 269, 273, 274, 278, 279, 280, 281, 284, 286, 289, 292, 294, 295, 296, 297, 298]
17:54:40.338 [main] INFO api.AvailableMembersApi - Received response for survey ID 25: Status Code = 200
17:54:40.343 [main] INFO api.AvailableMembersApi - Available statuses for survey ID 25: [true, true, true, true, true, true, true, true, true, true, true, true, true, true, true, true, true, true, true, true, true, true, true, true, true, true, true, true, true, true, true, true, true, true, true, true, true, true, true, true, true, true, true, true, true, true, true, true, true, true, true, true, true, true, true, true, true, true, true, true, true, true, true, true, true, true, true, true, true, true, true, true, true, true, true, true, true, true, true, true, true, true, true, true, true, true, true, true, true, true, true, true, true, true, true, true, true, true, true, true, true, true, true, true, true, true, true, true, true, true, true, true, true, true, true, true, true, true, true, true, true, true, true, true, true, true, true, true, true, true, true, true, true, true, true, true, true, true, true, true, true, true, true, true, true, true, true, true, true, true, true, true, true, true, true, true, true, true, true, true, true, true, true, true, true, true, true, true, true, true, true, true, true, true, true, true, true, true, true, true, true, true, true, true, true, true, true, true, true, true, true, true, true, true, true, true, true, true, true, true, true]
17:54:40.343 [main] INFO api.AvailableMembersApi - Validating members for Survey ID: 25
17:54:40.344 [main] INFO api.AvailableMembersApi - Received response for survey ID 25: Status Code = 200
17:54:40.349 [main] INFO api.AvailableMembersApi - Converted Available IDs for survey ID 25: [2, 4, 6, 8, 9, 11, 16, 18, 19, 20, 21, 22, 24, 27, 28, 29, 30, 31, 32, 34, 35, 36, 37, 39, 40, 42, 43, 44, 47, 48, 49, 51, 52, 53, 54, 55, 56, 57, 58, 59, 60, 61, 62, 63, 64, 66, 68, 69, 71, 72, 73, 76, 77, 78, 82, 85, 86, 87, 89, 91, 92, 93, 94, 95, 96, 98, 99, 101, 102, 104, 107, 111, 112, 113, 114, 115, 116, 117, 120, 121, 124, 126, 127, 128, 129, 131, 132, 133, 134, 137, 139, 140, 142, 143, 145, 146, 147, 148, 149, 150, 151, 152, 153, 154, 156, 157, 158, 159, 160, 161, 163, 164, 166, 167, 168, 171, 172, 173, 174, 175, 176, 177, 178, 179, 180, 183, 184, 186, 187, 189, 190, 191, 193, 194, 195, 196, 197, 198, 199, 200, 204, 205, 206, 207, 208, 209, 211, 212, 214, 216, 217, 218, 220, 221, 223, 224, 229, 230, 232, 233, 234, 235, 236, 237, 238, 242, 243, 245, 246, 247, 248, 249, 250, 252, 253, 255, 256, 258, 259, 260, 261, 266, 268, 269, 274, 278, 279, 280, 281, 282, 284, 285, 286, 289, 291, 292, 294, 295, 296, 297, 298]
17:54:40.352 [main] INFO api.AvailableMembersApi - Received response for survey ID 26: Status Code = 200
17:54:40.357 [main] INFO api.AvailableMembersApi - Available statuses for survey ID 26: [true, true, true, true, true, true, true, true, true, true, true, true, true, true, true, true, true, true, true, true, true, true, true, true, true, true, true, true, true, true, true, true, true, true, true, true, true, true, true, true, true, true, true, true, true, true, true, true, true, true, true, true, true, true, true, true, true, true, true, true, true, true, true, true, true, true, true, true, true, true, true, true, true, true, true, true, true, true, true, true, true, true, true, true, true, true, true, true, true, true, true, true, true, true, true, true, true, true, true, true, true, true, true, true, true, true, true, true, true, true, true, true, true, true, true, true, true, true, true, true, true, true, true, true, true, true, true, true, true, true, true, true, true, true, true, true, true, true, true, true, true, true, true, true, true, true, true, true, true, true, true, true, true, true, true, true, true, true, true, true, true, true, true, true, true, true, true, true, true, true, true, true, true, true, true, true, true, true, true, true, true, true, true, true, true, true, true, true, true, true, true, true, true, true, true, true, true]
17:54:40.357 [main] INFO api.AvailableMembersApi - Validating members for Survey ID: 26
17:54:40.359 [main] INFO api.AvailableMembersApi - Received response for survey ID 26: Status Code = 200
17:54:40.364 [main] INFO api.AvailableMembersApi - Converted Available IDs for survey ID 26: [1, 2, 3, 4, 6, 8, 9, 11, 13, 14, 16, 18, 20, 21, 22, 24, 25, 29, 30, 32, 34, 35, 36, 39, 40, 42, 43, 44, 46, 47, 48, 49, 50, 51, 52, 54, 55, 56, 57, 58, 59, 60, 61, 62, 63, 64, 65, 66, 67, 68, 69, 71, 72, 73, 76, 77, 78, 82, 85, 86, 87, 89, 91, 92, 93, 94, 95, 96, 98, 101, 102, 110, 111, 112, 113, 114, 115, 116, 117, 120, 121, 124, 125, 126, 127, 128, 129, 130, 132, 133, 136, 137, 139, 140, 142, 143, 145, 146, 148, 149, 150, 151, 152, 153, 154, 155, 157, 159, 160, 161, 163, 164, 166, 167, 168, 171, 172, 173, 174, 175, 176, 177, 178, 179, 181, 182, 184, 189, 190, 193, 194, 195, 196, 198, 199, 200, 202, 204, 205, 206, 208, 209, 211, 212, 214, 216, 217, 218, 220, 221, 224, 228, 229, 230, 232, 233, 234, 235, 236, 237, 238, 242, 243, 245, 247, 248, 249, 250, 251, 252, 253, 255, 256, 258, 259, 260, 261, 266, 268, 269, 273, 274, 278, 279, 280, 281, 282, 284, 285, 286, 289, 291, 292, 294, 295, 297, 298]
17:54:40.367 [main] INFO api.AvailableMembersApi - Received response for survey ID 27: Status Code = 200
17:54:40.372 [main] INFO api.AvailableMembersApi - Available statuses for survey ID 27: [true, true, true, true, true, true, true, true, true, true, true, true, true, true, true, true, true, true, true, true, true, true, true, true, true, true, true, true, true, true, true, true, true, true, true, true, true, true, true, true, true, true, true, true, true, true, true, true, true, true, true, true, true, true, true, true, true, true, true, true, true, true, true, true, true, true, true, true, true, true, true, true, true, true, true, true, true, true, true, true, true, true, true, true, true, true, true, true, true, true, true, true, true, true, true, true, true, true, true, true, true, true, true, true, true, true, true, true, true, true, true, true, true, true, true, true, true, true, true, true, true, true, true, true, true, true, true, true, true, true, true, true, true, true, true, true, true, true, true, true, true, true, true, true, true, true, true, true, true, true, true, true, true, true, true, true, true, true, true, true, true, true, true, true, true, true, true, true, true, true, true, true, true, true, true, true, true, true, true, true, true, true, true, true, true, true, true, true, true, true, true, true, true, true, true, true, true, true, true, true, true, true]
17:54:40.372 [main] INFO api.AvailableMembersApi - Validating members for Survey ID: 27
17:54:40.374 [main] INFO api.AvailableMembersApi - Received response for survey ID 27: Status Code = 200
17:54:40.379 [main] INFO api.AvailableMembersApi - Converted Available IDs for survey ID 27: [1, 2, 3, 4, 6, 8, 9, 11, 13, 16, 19, 21, 22, 24, 25, 27, 28, 29, 30, 31, 32, 34, 35, 36, 37, 39, 40, 42, 43, 44, 46, 47, 48, 50, 51, 52, 53, 55, 56, 57, 59, 60, 61, 63, 64, 65, 66, 67, 68, 69, 71, 72, 76, 77, 78, 82, 85, 86, 87, 89, 91, 92, 93, 94, 95, 96, 99, 101, 104, 107, 110, 111, 112, 113, 114, 115, 116, 117, 120, 121, 124, 125, 126, 127, 128, 129, 130, 131, 132, 133, 134, 136, 137, 139, 140, 142, 143, 145, 146, 147, 148, 149, 150, 151, 152, 153, 154, 155, 156, 157, 159, 160, 161, 163, 164, 166, 167, 168, 171, 172, 173, 174, 175, 176, 177, 178, 179, 180, 182, 183, 184, 189, 190, 191, 193, 194, 195, 196, 197, 198, 199, 200, 202, 204, 205, 206, 207, 208, 209, 211, 212, 214, 216, 217, 218, 220, 223, 224, 227, 228, 229, 230, 232, 233, 234, 235, 236, 237, 238, 242, 245, 246, 247, 248, 249, 250, 251, 252, 253, 255, 256, 258, 259, 260, 261, 266, 268, 269, 273, 278, 279, 280, 282, 284, 285, 286, 289, 294, 295, 296, 297, 298]
17:54:40.381 [main] INFO api.AvailableMembersApi - Received response for survey ID 28: Status Code = 200
17:54:40.386 [main] INFO api.AvailableMembersApi - Available statuses for survey ID 28: [true, true, true, true, true, true, true, true, true, true, true, true, true, true, true, true, true, true, true, true, true, true, true, true, true, true, true, true, true, true, true, true, true, true, true, true, true, true, true, true, true, true, true, true, true, true, true, true, true, true, true, true, true, true, true, true, true, true, true, true, true, true, true, true, true, true, true, true, true, true, true, true, true, true, true, true, true, true, true, true, true, true, true, true, true, true, true, true, true, true, true, true, true, true, true, true, true, true, true, true, true, true, true, true, true, true, true, true, true, true, true, true, true, true, true, true, true, true, true, true, true, true, true, true, true, true, true, true, true, true, true, true, true, true, true, true, true, true, true, true, true, true, true, true, true, true, true, true, true, true, true, true, true, true, true, true, true, true, true, true, true, true, true, true, true, true, true, true, true, true, true, true, true, true, true, true, true, true, true, true, true, true, true, true, true, true, true, true, true, true, true, true, true, true]
17:54:40.386 [main] INFO api.AvailableMembersApi - Validating members for Survey ID: 28
17:54:40.388 [main] INFO api.AvailableMembersApi - Received response for survey ID 28: Status Code = 200
17:54:40.393 [main] INFO api.AvailableMembersApi - Converted Available IDs for survey ID 28: [1, 2, 3, 4, 6, 8, 9, 11, 14, 18, 20, 21, 22, 25, 27, 28, 29, 30, 31, 32, 34, 35, 37, 40, 42, 43, 44, 46, 47, 48, 50, 51, 52, 53, 54, 55, 56, 57, 59, 60, 61, 62, 63, 64, 65, 67, 68, 69, 71, 72, 76, 77, 78, 82, 85, 86, 87, 91, 92, 93, 94, 95, 98, 99, 101, 102, 104, 107, 110, 111, 112, 113, 114, 115, 116, 117, 120, 121, 124, 125, 126, 127, 130, 131, 132, 133, 134, 136, 137, 139, 140, 142, 143, 145, 146, 147, 148, 149, 150, 151, 152, 153, 154, 155, 156, 157, 158, 159, 161, 163, 164, 166, 168, 171, 172, 173, 174, 175, 176, 177, 179, 180, 181, 182, 183, 184, 186, 187, 189, 190, 193, 194, 195, 196, 197, 198, 199, 200, 202, 205, 207, 208, 209, 211, 212, 216, 218, 221, 223, 224, 227, 228, 229, 230, 232, 234, 235, 237, 238, 242, 243, 245, 246, 247, 248, 249, 250, 251, 252, 253, 256, 258, 259, 260, 261, 266, 268, 269, 273, 274, 278, 279, 280, 281, 282, 284, 285, 289, 291, 292, 294, 295, 297, 298]
17:54:40.396 [main] INFO api.AvailableMembersApi - Received response for survey ID 29: Status Code = 200
17:54:40.401 [main] INFO api.AvailableMembersApi - Available statuses for survey ID 29: [true, true, true, true, true, true, true, true, true, true, true, true, true, true, true, true, true, true, true, true, true, true, true, true, true, true, true, true, true, true, true, true, true, true, true, true, true, true, true, true, true, true, true, true, true, true, true, true, true, true, true, true, true, true, true, true, true, true, true, true, true, true, true, true, true, true, true, true, true, true, true, true, true, true, true, true, true, true, true, true, true, true, true, true, true, true, true, true, true, true, true, true, true, true, true, true, true, true, true, true, true, true, true, true, true, true, true, true, true, true, true, true, true, true, true, true, true, true, true, true, true, true, true, true, true, true, true, true, true, true, true, true, true, true, true, true, true, true, true, true, true, true, true, true, true, true, true, true, true, true, true, true, true, true, true, true, true, true, true, true, true, true, true, true, true, true, true, true, true, true, true, true, true, true, true, true, true, true, true, true, true, true, true, true, true, true, true, true, true, true, true, true, true, true, true, true, true, true]
17:54:40.401 [main] INFO api.AvailableMembersApi - Validating members for Survey ID: 29
17:54:40.402 [main] INFO api.AvailableMembersApi - Received response for survey ID 29: Status Code = 200
17:54:40.407 [main] INFO api.AvailableMembersApi - Converted Available IDs for survey ID 29: [1, 2, 3, 4, 6, 8, 9, 11, 13, 16, 18, 19, 21, 22, 24, 25, 27, 28, 29, 30, 31, 32, 34, 35, 37, 39, 40, 42, 43, 44, 46, 47, 48, 49, 50, 51, 53, 54, 55, 56, 57, 58, 59, 60, 61, 62, 63, 64, 65, 66, 67, 68, 69, 71, 73, 76, 77, 78, 82, 86, 87, 89, 91, 92, 93, 95, 99, 101, 102, 104, 107, 110, 111, 112, 113, 114, 115, 116, 117, 120, 121, 124, 125, 126, 127, 128, 129, 130, 131, 132, 133, 134, 136, 139, 140, 142, 143, 145, 146, 147, 148, 149, 150, 151, 152, 153, 155, 156, 157, 159, 160, 161, 163, 164, 166, 167, 168, 171, 172, 174, 175, 176, 177, 180, 181, 183, 186, 187, 189, 190, 191, 193, 194, 195, 196, 197, 198, 199, 200, 202, 204, 205, 206, 207, 208, 211, 212, 214, 216, 217, 218, 223, 224, 227, 228, 229, 230, 232, 233, 234, 235, 236, 238, 242, 245, 246, 247, 248, 249, 250, 251, 252, 255, 256, 258, 260, 261, 266, 268, 269, 273, 274, 278, 279, 280, 281, 282, 284, 285, 286, 289, 291, 292, 294, 295, 296, 297, 298]
17:54:40.410 [main] INFO api.AvailableMembersApi - Received response for survey ID 30: Status Code = 200
17:54:40.417 [main] INFO api.AvailableMembersApi - Available statuses for survey ID 30: [true, true, true, true, true, true, true, true, true, true, true, true, true, true, true, true, true, true, true, true, true, true, true, true, true, true, true, true, true, true, true, true, true, true, true, true, true, true, true, true, true, true, true, true, true, true, true, true, true, true, true, true, true, true, true, true, true, true, true, true, true, true, true, true, true, true, true, true, true, true, true, true, true, true, true, true, true, true, true, true, true, true, true, true, true, true, true, true, true, true, true, true, true, true, true, true, true, true, true, true, true, true, true, true, true, true, true, true, true, true, true, true, true, true, true, true, true, true, true, true, true, true, true, true, true, true, true, true, true, true, true, true, true, true, true, true, true, true, true, true, true, true, true, true, true, true, true, true, true, true, true, true, true, true, true, true, true, true, true, true, true, true, true, true, true, true, true, true, true, true, true, true, true, true, true, true, true, true, true, true, true, true, true, true, true, true, true, true, true, true, true, true, true, true, true, true, true, true, true]
17:54:40.417 [main] INFO api.AvailableMembersApi - Validating members for Survey ID: 30
17:54:40.419 [main] INFO api.AvailableMembersApi - Received response for survey ID 30: Status Code = 200
17:54:40.426 [main] INFO api.AvailableMembersApi - Converted Available IDs for survey ID 30: [1, 3, 4, 8, 9, 13, 14, 16, 18, 19, 20, 21, 22, 24, 25, 27, 28, 29, 30, 31, 32, 34, 36, 37, 39, 40, 42, 43, 44, 46, 47, 48, 49, 50, 51, 52, 53, 54, 55, 56, 57, 58, 59, 60, 61, 62, 63, 65, 67, 69, 71, 72, 76, 77, 78, 82, 85, 87, 89, 92, 93, 94, 95, 96, 99, 101, 102, 104, 107, 110, 111, 112, 113, 114, 115, 116, 117, 121, 124, 125, 126, 127, 128, 129, 130, 131, 132, 133, 134, 136, 139, 140, 142, 143, 145, 146, 148, 149, 150, 152, 153, 154, 155, 156, 157, 158, 159, 160, 161, 163, 164, 166, 167, 168, 171, 173, 174, 175, 176, 177, 178, 179, 180, 181, 182, 183, 184, 186, 187, 189, 190, 191, 193, 194, 195, 196, 197, 198, 199, 202, 204, 205, 206, 207, 209, 211, 212, 214, 216, 217, 218, 220, 221, 223, 224, 227, 228, 229, 230, 233, 235, 236, 237, 238, 242, 243, 245, 246, 247, 248, 249, 250, 251, 252, 253, 255, 256, 258, 259, 260, 261, 266, 268, 269, 273, 274, 278, 279, 280, 281, 282, 285, 286, 291, 292, 294, 296, 297, 298]
17:54:40.429 [main] INFO api.AvailableMembersApi - Received response for survey ID 31: Status Code = 200
17:54:40.435 [main] INFO api.AvailableMembersApi - Available statuses for survey ID 31: [true, true, true, true, true, true, true, true, true, true, true, true, true, true, true, true, true, true, true, true, true, true, true, true, true, true, true, true, true, true, true, true, true, true, true, true, true, true, true, true, true, true, true, true, true, true, true, true, true, true, true, true, true, true, true, true, true, true, true, true, true, true, true, true, true, true, true, true, true, true, true, true, true, true, true, true, true, true, true, true, true, true, true, true, true, true, true, true, true, true, true, true, true, true, true, true, true, true, true, true, true, true, true, true, true, true, true, true, true, true, true, true, true, true, true, true, true, true, true, true, true, true, true, true, true, true, true, true, true, true, true, true, true, true, true, true, true, true, true, true, true, true, true, true, true, true, true, true, true, true, true, true, true, true, true, true, true, true, true, true, true, true, true, true, true, true, true, true, true, true, true, true, true, true, true, true, true, true, true, true, true, true, true, true, true, true, true, true, true, true, true, true, true, true, true, true, true, true, true, true, true, true, true, true, true, true, true]
17:54:40.435 [main] INFO api.AvailableMembersApi - Validating members for Survey ID: 31
17:54:40.436 [main] INFO api.AvailableMembersApi - Received response for survey ID 31: Status Code = 200
17:54:40.445 [main] INFO api.AvailableMembersApi - Converted Available IDs for survey ID 31: [1, 2, 3, 4, 6, 8, 9, 11, 13, 16, 18, 19, 20, 21, 22, 25, 27, 28, 29, 30, 31, 32, 34, 35, 36, 37, 39, 40, 42, 43, 44, 46, 47, 48, 49, 50, 51, 52, 53, 54, 55, 56, 57, 58, 59, 60, 61, 64, 65, 66, 67, 68, 69, 71, 72, 73, 76, 77, 78, 82, 86, 87, 89, 91, 92, 93, 94, 95, 96, 98, 99, 101, 102, 107, 110, 111, 113, 114, 115, 116, 117, 120, 121, 124, 125, 126, 127, 128, 129, 130, 131, 132, 133, 134, 136, 137, 139, 140, 142, 143, 146, 147, 148, 149, 150, 151, 152, 153, 154, 155, 156, 157, 158, 159, 161, 163, 164, 167, 168, 172, 173, 174, 175, 176, 177, 178, 179, 180, 181, 182, 183, 184, 186, 187, 189, 190, 191, 193, 194, 195, 196, 197, 198, 199, 200, 202, 204, 205, 206, 207, 208, 209, 211, 214, 216, 217, 218, 220, 221, 223, 224, 227, 228, 229, 230, 232, 234, 235, 236, 237, 238, 242, 243, 245, 246, 247, 248, 249, 250, 251, 252, 255, 256, 258, 259, 260, 261, 266, 268, 269, 273, 274, 278, 279, 280, 281, 282, 284, 285, 286, 289, 291, 292, 295, 296, 297, 298]
17:54:40.449 [main] INFO api.AvailableMembersApi - Received response for survey ID 32: Status Code = 200
17:54:40.455 [main] INFO api.AvailableMembersApi - Available statuses for survey ID 32: [true, true, true, true, true, true, true, true, true, true, true, true, true, true, true, true, true, true, true, true, true, true, true, true, true, true, true, true, true, true, true, true, true, true, true, true, true, true, true, true, true, true, true, true, true, true, true, true, true, true, true, true, true, true, true, true, true, true, true, true, true, true, true, true, true, true, true, true, true, true, true, true, true, true, true, true, true, true, true, true, true, true, true, true, true, true, true, true, true, true, true, true, true, true, true, true, true, true, true, true, true, true, true, true, true, true, true, true, true, true, true, true, true, true, true, true, true, true, true, true, true, true, true, true, true, true, true, true, true, true, true, true, true, true, true, true, true, true, true, true, true, true, true, true, true, true, true, true, true, true, true, true, true, true, true, true, true, true, true, true, true, true, true, true, true, true, true, true, true, true, true, true, true, true, true, true, true, true, true, true, true, true, true, true, true, true, true, true, true, true, true, true, true, true, true, true]
17:54:40.455 [main] INFO api.AvailableMembersApi - Validating members for Survey ID: 32
17:54:40.456 [main] INFO api.AvailableMembersApi - Received response for survey ID 32: Status Code = 200
17:54:40.461 [main] INFO api.AvailableMembersApi - Converted Available IDs for survey ID 32: [1, 2, 3, 4, 6, 8, 9, 11, 13, 14, 18, 19, 21, 22, 24, 25, 27, 28, 29, 31, 32, 35, 36, 37, 39, 40, 42, 43, 46, 48, 50, 51, 52, 53, 55, 56, 57, 59, 60, 61, 62, 64, 65, 66, 67, 68, 69, 71, 72, 73, 77, 78, 82, 85, 86, 87, 89, 91, 92, 93, 94, 95, 96, 98, 99, 101, 102, 104, 107, 110, 111, 112, 113, 114, 115, 116, 120, 121, 124, 125, 127, 128, 130, 131, 132, 133, 134, 136, 137, 139, 140, 142, 145, 146, 147, 149, 150, 152, 153, 154, 156, 157, 158, 159, 160, 161, 163, 164, 166, 167, 168, 171, 172, 173, 174, 175, 176, 177, 178, 179, 180, 181, 182, 184, 186, 187, 189, 190, 191, 193, 194, 195, 197, 198, 199, 200, 202, 204, 207, 208, 209, 211, 214, 216, 217, 218, 220, 221, 223, 224, 227, 228, 229, 230, 232, 233, 234, 235, 236, 237, 238, 242, 243, 245, 246, 248, 249, 250, 251, 252, 253, 255, 256, 258, 259, 261, 266, 268, 269, 273, 274, 278, 279, 280, 281, 282, 284, 285, 289, 291, 292, 294, 295, 296, 297, 298]
17:54:40.463 [main] INFO api.AvailableMembersApi - Received response for survey ID 33: Status Code = 200
17:54:40.468 [main] INFO api.AvailableMembersApi - Available statuses for survey ID 33: [true, true, true, true, true, true, true, true, true, true, true, true, true, true, true, true, true, true, true, true, true, true, true, true, true, true, true, true, true, true, true, true, true, true, true, true, true, true, true, true, true, true, true, true, true, true, true, true, true, true, true, true, true, true, true, true, true, true, true, true, true, true, true, true, true, true, true, true, true, true, true, true, true, true, true, true, true, true, true, true, true, true, true, true, true, true, true, true, true, true, true, true, true, true, true, true, true, true, true, true, true, true, true, true, true, true, true, true, true, true, true, true, true, true, true, true, true, true, true, true, true, true, true, true, true, true, true, true, true, true, true, true, true, true, true, true, true, true, true, true, true, true, true, true, true, true, true, true, true, true, true, true, true, true, true, true, true, true, true, true, true, true, true, true, true, true, true, true, true, true, true, true, true, true, true, true, true, true, true, true, true, true, true, true, true, true, true, true, true, true, true, true, true, true, true, true, true, true, true, true, true, true, true, true, true, true]
17:54:40.468 [main] INFO api.AvailableMembersApi - Validating members for Survey ID: 33
17:54:40.469 [main] INFO api.AvailableMembersApi - Received response for survey ID 33: Status Code = 200
17:54:40.474 [main] INFO api.AvailableMembersApi - Converted Available IDs for survey ID 33: [1, 2, 3, 4, 6, 8, 9, 11, 13, 14, 16, 18, 19, 20, 21, 22, 24, 25, 27, 28, 29, 30, 31, 34, 35, 36, 37, 39, 40, 42, 43, 44, 46, 47, 48, 49, 50, 51, 52, 53, 54, 55, 56, 57, 58, 59, 60, 61, 62, 63, 64, 65, 66, 67, 68, 69, 71, 72, 73, 76, 77, 78, 82, 85, 86, 87, 89, 91, 93, 94, 95, 96, 98, 99, 101, 102, 107, 110, 111, 112, 113, 114, 115, 117, 120, 121, 124, 125, 126, 127, 128, 129, 130, 131, 134, 136, 139, 140, 142, 143, 145, 146, 147, 148, 149, 150, 151, 152, 153, 154, 155, 156, 157, 158, 159, 160, 161, 163, 166, 167, 168, 171, 172, 173, 174, 175, 176, 177, 178, 179, 180, 181, 182, 183, 184, 186, 187, 189, 190, 191, 193, 194, 195, 197, 199, 202, 204, 206, 207, 208, 209, 211, 212, 214, 216, 217, 218, 220, 221, 223, 224, 227, 228, 229, 232, 233, 234, 235, 236, 237, 238, 242, 246, 247, 248, 249, 250, 251, 252, 253, 255, 256, 258, 259, 260, 261, 266, 268, 269, 273, 274, 278, 279, 280, 281, 282, 284, 285, 286, 291, 292, 294, 295, 296, 297, 298]
17:54:40.477 [main] INFO api.AvailableMembersApi - Received response for survey ID 34: Status Code = 200
17:54:40.481 [main] INFO api.AvailableMembersApi - Available statuses for survey ID 34: [true, true, true, true, true, true, true, true, true, true, true, true, true, true, true, true, true, true, true, true, true, true, true, true, true, true, true, true, true, true, true, true, true, true, true, true, true, true, true, true, true, true, true, true, true, true, true, true, true, true, true, true, true, true, true, true, true, true, true, true, true, true, true, true, true, true, true, true, true, true, true, true, true, true, true, true, true, true, true, true, true, true, true, true, true, true, true, true, true, true, true, true, true, true, true, true, true, true, true, true, true, true, true, true, true, true, true, true, true, true, true, true, true, true, true, true, true, true, true, true, true, true, true, true, true, true, true, true, true, true, true, true, true, true, true, true, true, true, true, true, true, true, true, true, true, true, true, true, true, true, true, true, true, true, true, true, true, true, true, true, true, true, true, true, true, true, true, true, true, true, true, true, true, true, true, true, true, true, true, true, true, true, true, true, true, true, true, true, true, true, true, true, true, true, true, true, true, true]
17:54:40.481 [main] INFO api.AvailableMembersApi - Validating members for Survey ID: 34
17:54:40.483 [main] INFO api.AvailableMembersApi - Received response for survey ID 34: Status Code = 200
17:54:40.505 [main] INFO api.AvailableMembersApi - Converted Available IDs for survey ID 34: [1, 2, 3, 4, 6, 8, 9, 13, 14, 16, 20, 21, 22, 24, 25, 27, 28, 29, 31, 32, 34, 35, 36, 37, 39, 43, 44, 46, 47, 48, 49, 51, 52, 53, 54, 55, 56, 57, 58, 60, 61, 62, 63, 65, 66, 68, 69, 71, 72, 73, 76, 77, 78, 82, 85, 86, 87, 89, 91, 92, 93, 94, 95, 96, 98, 99, 101, 104, 107, 110, 111, 112, 113, 114, 115, 116, 117, 120, 121, 124, 125, 126, 127, 128, 129, 130, 131, 132, 133, 134, 136, 137, 140, 142, 143, 145, 146, 147, 148, 149, 150, 151, 152, 153, 155, 156, 157, 159, 160, 161, 163, 164, 166, 167, 168, 171, 172, 174, 175, 176, 177, 178, 179, 180, 181, 182, 183, 184, 186, 189, 190, 191, 193, 194, 195, 196, 198, 199, 202, 204, 205, 206, 207, 208, 209, 211, 212, 216, 218, 220, 221, 223, 224, 227, 228, 229, 230, 232, 233, 234, 235, 236, 237, 238, 242, 243, 245, 246, 247, 248, 249, 250, 251, 252, 253, 255, 256, 258, 259, 260, 261, 266, 269, 273, 278, 279, 280, 281, 282, 284, 286, 289, 291, 292, 294, 295, 297, 298]
17:54:40.508 [main] INFO api.AvailableMembersApi - Received response for survey ID 35: Status Code = 200
17:54:40.513 [main] INFO api.AvailableMembersApi - Available statuses for survey ID 35: [true, true, true, true, true, true, true, true, true, true, true, true, true, true, true, true, true, true, true, true, true, true, true, true, true, true, true, true, true, true, true, true, true, true, true, true, true, true, true, true, true, true, true, true, true, true, true, true, true, true, true, true, true, true, true, true, true, true, true, true, true, true, true, true, true, true, true, true, true, true, true, true, true, true, true, true, true, true, true, true, true, true, true, true, true, true, true, true, true, true, true, true, true, true, true, true, true, true, true, true, true, true, true, true, true, true, true, true, true, true, true, true, true, true, true, true, true, true, true, true, true, true, true, true, true, true, true, true, true, true, true, true, true, true, true, true, true, true, true, true, true, true, true, true, true, true, true, true, true, true, true, true, true, true, true, true, true, true, true, true, true, true, true, true, true, true, true, true, true, true, true, true, true, true, true, true, true, true, true, true, true, true, true, true, true, true, true, true, true, true, true, true, true, true, true]
17:54:40.513 [main] INFO api.AvailableMembersApi - Validating members for Survey ID: 35
17:54:40.514 [main] INFO api.AvailableMembersApi - Received response for survey ID 35: Status Code = 200
17:54:40.519 [main] INFO api.AvailableMembersApi - Converted Available IDs for survey ID 35: [1, 2, 3, 6, 8, 9, 11, 13, 14, 16, 18, 19, 20, 21, 22, 24, 25, 27, 28, 29, 30, 31, 34, 36, 37, 39, 40, 42, 44, 46, 47, 48, 50, 51, 53, 54, 55, 56, 57, 58, 59, 60, 62, 63, 64, 65, 66, 68, 69, 71, 72, 73, 76, 77, 82, 86, 87, 89, 91, 92, 93, 94, 95, 96, 98, 99, 101, 102, 104, 107, 110, 111, 112, 113, 114, 115, 116, 117, 120, 121, 124, 125, 126, 127, 128, 129, 130, 131, 132, 133, 134, 137, 140, 142, 143, 146, 147, 148, 149, 150, 151, 152, 153, 154, 155, 156, 157, 158, 159, 160, 161, 163, 164, 166, 167, 168, 171, 172, 173, 174, 175, 176, 177, 178, 179, 180, 181, 182, 183, 184, 186, 187, 189, 190, 191, 193, 194, 195, 196, 197, 198, 199, 200, 202, 204, 205, 206, 207, 208, 209, 211, 214, 216, 217, 218, 221, 223, 224, 227, 228, 229, 230, 232, 233, 234, 235, 237, 238, 242, 245, 246, 247, 249, 252, 253, 256, 258, 260, 266, 268, 273, 274, 279, 280, 281, 282, 284, 285, 286, 291, 292, 294, 295, 297, 298]
17:54:40.522 [main] INFO api.AvailableMembersApi - Received response for survey ID 36: Status Code = 200
17:54:40.527 [main] INFO api.AvailableMembersApi - Available statuses for survey ID 36: [true, true, true, true, true, true, true, true, true, true, true, true, true, true, true, true, true, true, true, true, true, true, true, true, true, true, true, true, true, true, true, true, true, true, true, true, true, true, true, true, true, true, true, true, true, true, true, true, true, true, true, true, true, true, true, true, true, true, true, true, true, true, true, true, true, true, true, true, true, true, true, true, true, true, true, true, true, true, true, true, true, true, true, true, true, true, true, true, true, true, true, true, true, true, true, true, true, true, true, true, true, true, true, true, true, true, true, true, true, true, true, true, true, true, true, true, true, true, true, true, true, true, true, true, true, true, true, true, true, true, true, true, true, true, true, true, true, true, true, true, true, true, true, true, true, true, true, true, true, true, true, true, true, true, true, true, true, true, true, true, true, true, true, true, true, true, true, true, true, true, true, true, true, true, true, true, true, true, true, true, true, true, true, true, true, true, true, true, true, true, true, true, true, true, true, true, true, true, true, true, true, true, true, true, true, true]
17:54:40.527 [main] INFO api.AvailableMembersApi - Validating members for Survey ID: 36
17:54:40.528 [main] INFO api.AvailableMembersApi - Received response for survey ID 36: Status Code = 200
17:54:40.533 [main] INFO api.AvailableMembersApi - Converted Available IDs for survey ID 36: [1, 2, 3, 4, 6, 8, 9, 11, 13, 14, 18, 19, 20, 21, 22, 24, 25, 27, 28, 29, 31, 32, 35, 36, 37, 40, 42, 43, 44, 46, 47, 48, 49, 50, 51, 52, 53, 54, 55, 56, 57, 58, 59, 60, 61, 62, 63, 64, 65, 66, 67, 69, 71, 72, 73, 76, 77, 78, 82, 85, 86, 87, 89, 91, 92, 93, 94, 95, 96, 98, 99, 102, 104, 107, 110, 111, 112, 113, 114, 115, 116, 117, 120, 121, 124, 125, 126, 127, 128, 129, 130, 132, 133, 134, 136, 137, 139, 142, 143, 145, 146, 147, 148, 149, 150, 151, 152, 153, 154, 155, 156, 157, 158, 159, 161, 163, 164, 166, 167, 168, 171, 172, 173, 174, 175, 176, 177, 178, 179, 180, 181, 182, 183, 184, 186, 187, 190, 191, 193, 194, 196, 197, 198, 199, 200, 204, 205, 206, 207, 208, 209, 211, 212, 214, 217, 218, 220, 221, 223, 227, 228, 229, 230, 232, 233, 234, 236, 237, 238, 242, 243, 245, 246, 248, 249, 250, 251, 252, 253, 255, 256, 258, 259, 260, 261, 266, 268, 269, 273, 274, 278, 279, 280, 281, 282, 284, 285, 286, 289, 291, 292, 294, 295, 296, 297, 298]
17:54:40.536 [main] INFO api.AvailableMembersApi - Received response for survey ID 37: Status Code = 200
17:54:40.541 [main] INFO api.AvailableMembersApi - Available statuses for survey ID 37: [true, true, true, true, true, true, true, true, true, true, true, true, true, true, true, true, true, true, true, true, true, true, true, true, true, true, true, true, true, true, true, true, true, true, true, true, true, true, true, true, true, true, true, true, true, true, true, true, true, true, true, true, true, true, true, true, true, true, true, true, true, true, true, true, true, true, true, true, true, true, true, true, true, true, true, true, true, true, true, true, true, true, true, true, true, true, true, true, true, true, true, true, true, true, true, true, true, true, true, true, true, true, true, true, true, true, true, true, true, true, true, true, true, true, true, true, true, true, true, true, true, true, true, true, true, true, true, true, true, true, true, true, true, true, true, true, true, true, true, true, true, true, true, true, true, true, true, true, true, true, true, true, true, true, true, true, true, true, true, true, true, true, true, true, true, true, true, true, true, true, true, true, true, true, true, true, true, true, true, true, true, true, true, true, true, true, true, true, true, true, true, true, true, true, true, true]
17:54:40.541 [main] INFO api.AvailableMembersApi - Validating members for Survey ID: 37
17:54:40.542 [main] INFO api.AvailableMembersApi - Received response for survey ID 37: Status Code = 200
17:54:40.547 [main] INFO api.AvailableMembersApi - Converted Available IDs for survey ID 37: [1, 2, 3, 4, 6, 8, 9, 11, 14, 16, 19, 20, 21, 22, 24, 25, 27, 28, 29, 30, 31, 34, 35, 36, 37, 39, 40, 42, 43, 44, 46, 47, 48, 49, 50, 51, 52, 53, 54, 55, 56, 57, 58, 59, 60, 61, 62, 63, 64, 65, 67, 68, 69, 71, 72, 76, 77, 78, 82, 87, 89, 91, 92, 93, 94, 96, 99, 101, 102, 104, 111, 112, 113, 114, 115, 116, 117, 120, 121, 124, 125, 127, 128, 129, 130, 131, 133, 134, 136, 137, 139, 140, 142, 143, 145, 146, 147, 148, 149, 150, 151, 153, 154, 155, 156, 157, 158, 159, 160, 163, 164, 166, 167, 168, 171, 172, 173, 175, 176, 177, 178, 179, 181, 182, 183, 184, 186, 187, 189, 190, 191, 193, 195, 198, 199, 200, 202, 204, 205, 206, 207, 208, 209, 211, 214, 216, 217, 218, 220, 223, 227, 228, 229, 230, 232, 233, 234, 235, 236, 237, 238, 242, 243, 245, 246, 247, 248, 249, 250, 251, 252, 255, 256, 258, 259, 260, 261, 266, 268, 269, 273, 274, 278, 279, 280, 281, 282, 284, 285, 286, 289, 291, 292, 294, 295, 298]
17:54:40.549 [main] INFO api.AvailableMembersApi - Received response for survey ID 38: Status Code = 200
17:54:40.555 [main] INFO api.AvailableMembersApi - Available statuses for survey ID 38: [true, true, true, true, true, true, true, true, true, true, true, true, true, true, true, true, true, true, true, true, true, true, true, true, true, true, true, true, true, true, true, true, true, true, true, true, true, true, true, true, true, true, true, true, true, true, true, true, true, true, true, true, true, true, true, true, true, true, true, true, true, true, true, true, true, true, true, true, true, true, true, true, true, true, true, true, true, true, true, true, true, true, true, true, true, true, true, true, true, true, true, true, true, true, true, true, true, true, true, true, true, true, true, true, true, true, true, true, true, true, true, true, true, true, true, true, true, true, true, true, true, true, true, true, true, true, true, true, true, true, true, true, true, true, true, true, true, true, true, true, true, true, true, true, true, true, true, true, true, true, true, true, true, true, true, true, true, true, true, true, true, true, true, true, true, true, true, true, true, true, true, true, true, true, true, true, true, true, true, true, true, true, true, true, true, true, true, true, true, true, true, true, true, true, true, true, true, true, true, true, true, true]
17:54:40.555 [main] INFO api.AvailableMembersApi - Validating members for Survey ID: 38
17:54:40.556 [main] INFO api.AvailableMembersApi - Received response for survey ID 38: Status Code = 200
17:54:40.561 [main] INFO api.AvailableMembersApi - Converted Available IDs for survey ID 38: [1, 2, 4, 6, 8, 9, 11, 13, 14, 16, 18, 19, 20, 22, 24, 25, 27, 28, 29, 30, 31, 32, 34, 35, 36, 37, 39, 40, 42, 43, 44, 47, 48, 49, 50, 51, 52, 54, 55, 56, 57, 58, 59, 60, 61, 62, 63, 64, 65, 66, 67, 68, 69, 72, 73, 77, 78, 82, 85, 86, 89, 91, 92, 93, 94, 95, 96, 98, 99, 101, 102, 104, 107, 110, 111, 112, 113, 114, 115, 116, 117, 120, 121, 124, 125, 126, 127, 128, 129, 130, 131, 132, 133, 134, 136, 137, 139, 140, 142, 143, 145, 147, 148, 150, 151, 152, 153, 154, 155, 156, 157, 158, 159, 160, 161, 163, 164, 166, 167, 168, 173, 174, 175, 176, 177, 178, 179, 181, 182, 183, 184, 186, 187, 189, 190, 191, 193, 194, 196, 197, 198, 200, 202, 204, 206, 207, 208, 209, 211, 212, 214, 216, 217, 218, 220, 221, 223, 224, 227, 228, 229, 230, 232, 233, 234, 235, 236, 237, 238, 242, 243, 245, 246, 247, 248, 249, 250, 251, 252, 253, 255, 256, 258, 259, 260, 261, 266, 268, 269, 273, 274, 278, 279, 280, 285, 286, 289, 291, 292, 294, 295, 297]
17:54:40.564 [main] INFO api.AvailableMembersApi - Received response for survey ID 39: Status Code = 200
17:54:40.569 [main] INFO api.AvailableMembersApi - Available statuses for survey ID 39: [true, true, true, true, true, true, true, true, true, true, true, true, true, true, true, true, true, true, true, true, true, true, true, true, true, true, true, true, true, true, true, true, true, true, true, true, true, true, true, true, true, true, true, true, true, true, true, true, true, true, true, true, true, true, true, true, true, true, true, true, true, true, true, true, true, true, true, true, true, true, true, true, true, true, true, true, true, true, true, true, true, true, true, true, true, true, true, true, true, true, true, true, true, true, true, true, true, true, true, true, true, true, true, true, true, true, true, true, true, true, true, true, true, true, true, true, true, true, true, true, true, true, true, true, true, true, true, true, true, true, true, true, true, true, true, true, true, true, true, true, true, true, true, true, true, true, true, true, true, true, true, true, true, true, true, true, true, true, true, true, true, true, true, true, true, true, true, true, true, true, true, true, true, true, true, true, true, true, true, true, true, true, true, true, true, true, true, true, true, true, true, true, true, true, true, true, true]
17:54:40.569 [main] INFO api.AvailableMembersApi - Validating members for Survey ID: 39
17:54:40.570 [main] INFO api.AvailableMembersApi - Received response for survey ID 39: Status Code = 200
17:54:40.575 [main] INFO api.AvailableMembersApi - Converted Available IDs for survey ID 39: [1, 2, 3, 4, 6, 8, 9, 11, 13, 14, 16, 18, 19, 20, 21, 22, 24, 25, 27, 28, 29, 30, 31, 34, 35, 36, 37, 39, 40, 42, 43, 44, 46, 47, 48, 50, 52, 53, 54, 55, 56, 57, 58, 59, 60, 61, 63, 64, 65, 66, 67, 68, 69, 72, 73, 76, 77, 78, 82, 85, 87, 89, 92, 93, 94, 95, 96, 98, 99, 101, 104, 107, 110, 111, 112, 113, 114, 115, 116, 117, 121, 124, 125, 126, 127, 128, 129, 130, 131, 132, 133, 134, 136, 139, 140, 142, 143, 145, 146, 147, 148, 149, 150, 151, 152, 153, 154, 156, 158, 159, 160, 161, 163, 164, 166, 167, 168, 171, 172, 173, 174, 175, 176, 177, 179, 180, 182, 183, 186, 187, 189, 190, 191, 193, 194, 195, 196, 198, 200, 202, 204, 206, 207, 208, 209, 211, 212, 214, 216, 217, 218, 220, 221, 223, 224, 227, 228, 229, 230, 232, 233, 234, 236, 237, 238, 242, 243, 245, 246, 248, 249, 250, 251, 253, 256, 259, 260, 261, 266, 268, 269, 273, 274, 278, 279, 280, 282, 284, 285, 286, 289, 291, 292, 294, 295, 297, 298]
17:54:40.578 [main] INFO api.AvailableMembersApi - Received response for survey ID 40: Status Code = 200
17:54:40.583 [main] INFO api.AvailableMembersApi - Available statuses for survey ID 40: [true, true, true, true, true, true, true, true, true, true, true, true, true, true, true, true, true, true, true, true, true, true, true, true, true, true, true, true, true, true, true, true, true, true, true, true, true, true, true, true, true, true, true, true, true, true, true, true, true, true, true, true, true, true, true, true, true, true, true, true, true, true, true, true, true, true, true, true, true, true, true, true, true, true, true, true, true, true, true, true, true, true, true, true, true, true, true, true, true, true, true, true, true, true, true, true, true, true, true, true, true, true, true, true, true, true, true, true, true, true, true, true, true, true, true, true, true, true, true, true, true, true, true, true, true, true, true, true, true, true, true, true, true, true, true, true, true, true, true, true, true, true, true, true, true, true, true, true, true, true, true, true, true, true, true, true, true, true, true, true, true, true, true, true, true, true, true, true, true, true, true, true, true, true, true, true, true, true, true, true, true, true, true, true, true, true, true, true, true, true, true, true, true, true, true, true, true, true, true, true, true, true]
17:54:40.583 [main] INFO api.AvailableMembersApi - Validating members for Survey ID: 40
17:54:40.585 [main] INFO api.AvailableMembersApi - Received response for survey ID 40: Status Code = 200
17:54:40.589 [main] INFO api.AvailableMembersApi - Converted Available IDs for survey ID 40: [1, 2, 3, 4, 8, 9, 11, 13, 14, 16, 18, 19, 21, 22, 24, 25, 28, 29, 30, 31, 32, 34, 35, 36, 37, 39, 40, 42, 43, 44, 46, 47, 48, 49, 50, 52, 53, 54, 55, 56, 57, 58, 59, 60, 61, 62, 63, 64, 65, 66, 67, 68, 69, 71, 72, 73, 76, 77, 78, 82, 85, 86, 87, 89, 91, 92, 93, 94, 95, 96, 98, 99, 101, 102, 104, 107, 110, 111, 112, 113, 116, 117, 120, 121, 124, 125, 127, 130, 131, 132, 133, 134, 136, 137, 139, 140, 142, 143, 145, 146, 147, 148, 149, 150, 151, 152, 153, 154, 158, 159, 160, 161, 163, 164, 166, 167, 171, 174, 175, 176, 177, 178, 179, 180, 181, 182, 183, 184, 186, 187, 189, 190, 191, 195, 196, 197, 198, 199, 200, 202, 204, 205, 206, 207, 208, 209, 211, 214, 216, 217, 218, 220, 221, 223, 224, 227, 228, 229, 230, 232, 233, 234, 235, 236, 237, 238, 242, 245, 246, 247, 248, 249, 250, 251, 252, 253, 255, 256, 258, 259, 260, 261, 266, 268, 269, 273, 274, 278, 279, 280, 281, 282, 284, 285, 286, 289, 291, 294, 295, 296, 297, 298]
17:54:40.592 [main] INFO api.AvailableMembersApi - Received response for survey ID 41: Status Code = 200
17:54:40.597 [main] INFO api.AvailableMembersApi - Available statuses for survey ID 41: [true, true, true, true, true, true, true, true, true, true, true, true, true, true, true, true, true, true, true, true, true, true, true, true, true, true, true, true, true, true, true, true, true, true, true, true, true, true, true, true, true, true, true, true, true, true, true, true, true, true, true, true, true, true, true, true, true, true, true, true, true, true, true, true, true, true, true, true, true, true, true, true, true, true, true, true, true, true, true, true, true, true, true, true, true, true, true, true, true, true, true, true, true, true, true, true, true, true, true, true, true, true, true, true, true, true, true, true, true, true, true, true, true, true, true, true, true, true, true, true, true, true, true, true, true, true, true, true, true, true, true, true, true, true, true, true, true, true, true, true, true, true, true, true, true, true, true, true, true, true, true, true, true, true, true, true, true, true, true, true, true, true, true, true, true, true, true, true, true, true, true, true, true, true, true, true, true, true, true, true, true, true, true, true, true, true, true, true, true, true, true, true, true, true, true, true, true, true, true, true]
17:54:40.597 [main] INFO api.AvailableMembersApi - Validating members for Survey ID: 41
17:54:40.598 [main] INFO api.AvailableMembersApi - Received response for survey ID 41: Status Code = 200
17:54:40.603 [main] INFO api.AvailableMembersApi - Converted Available IDs for survey ID 41: [1, 2, 3, 4, 6, 8, 9, 13, 14, 16, 19, 20, 21, 22, 25, 27, 28, 29, 30, 31, 32, 34, 35, 36, 37, 39, 40, 42, 43, 44, 46, 47, 48, 49, 50, 51, 52, 53, 54, 55, 56, 57, 58, 59, 61, 62, 63, 64, 65, 66, 67, 68, 69, 71, 72, 73, 76, 77, 78, 82, 85, 86, 87, 89, 91, 93, 94, 95, 96, 98, 99, 102, 104, 107, 110, 111, 112, 113, 114, 115, 116, 117, 120, 121, 124, 125, 126, 127, 128, 130, 131, 132, 133, 136, 140, 142, 143, 145, 146, 147, 149, 150, 151, 152, 154, 155, 156, 157, 159, 160, 163, 164, 166, 167, 168, 171, 172, 174, 175, 176, 177, 178, 179, 180, 181, 182, 183, 184, 186, 187, 189, 190, 191, 194, 195, 197, 199, 200, 204, 205, 206, 207, 208, 209, 211, 212, 214, 216, 217, 218, 220, 221, 223, 224, 227, 228, 229, 230, 232, 233, 234, 235, 236, 237, 238, 242, 243, 245, 246, 247, 248, 250, 251, 252, 253, 255, 258, 259, 260, 261, 266, 268, 269, 273, 274, 278, 279, 280, 281, 282, 284, 285, 286, 289, 291, 294, 295, 296, 297, 298]
17:54:40.605 [main] INFO api.AvailableMembersApi - Received response for survey ID 42: Status Code = 200
17:54:40.610 [main] INFO api.AvailableMembersApi - Available statuses for survey ID 42: [true, true, true, true, true, true, true, true, true, true, true, true, true, true, true, true, true, true, true, true, true, true, true, true, true, true, true, true, true, true, true, true, true, true, true, true, true, true, true, true, true, true, true, true, true, true, true, true, true, true, true, true, true, true, true, true, true, true, true, true, true, true, true, true, true, true, true, true, true, true, true, true, true, true, true, true, true, true, true, true, true, true, true, true, true, true, true, true, true, true, true, true, true, true, true, true, true, true, true, true, true, true, true, true, true, true, true, true, true, true, true, true, true, true, true, true, true, true, true, true, true, true, true, true, true, true, true, true, true, true, true, true, true, true, true, true, true, true, true, true, true, true, true, true, true, true, true, true, true, true, true, true, true, true, true, true, true, true, true, true, true, true, true, true, true, true, true, true, true, true, true, true, true, true, true, true, true, true, true, true, true, true, true, true, true, true, true, true, true, true, true, true, true, true, true, true, true, true, true, true, true]
17:54:40.610 [main] INFO api.AvailableMembersApi - Validating members for Survey ID: 42
17:54:40.612 [main] INFO api.AvailableMembersApi - Received response for survey ID 42: Status Code = 200
17:54:40.619 [main] INFO api.AvailableMembersApi - Converted Available IDs for survey ID 42: [1, 2, 3, 4, 6, 8, 9, 11, 13, 14, 16, 18, 19, 20, 21, 22, 24, 25, 27, 28, 29, 30, 32, 34, 36, 37, 39, 40, 42, 44, 46, 47, 48, 49, 50, 51, 52, 54, 55, 56, 57, 58, 59, 60, 62, 63, 64, 65, 66, 67, 68, 69, 72, 73, 77, 78, 82, 86, 89, 91, 92, 93, 94, 95, 96, 98, 99, 101, 102, 104, 107, 110, 112, 113, 114, 115, 116, 117, 120, 124, 128, 129, 130, 131, 132, 133, 134, 136, 137, 139, 140, 142, 143, 146, 147, 148, 149, 151, 152, 153, 154, 155, 156, 157, 158, 159, 160, 161, 163, 164, 166, 167, 168, 171, 172, 173, 174, 175, 176, 177, 178, 179, 180, 181, 182, 183, 184, 186, 187, 189, 190, 191, 193, 194, 195, 196, 197, 198, 200, 202, 204, 205, 206, 207, 208, 209, 211, 212, 214, 216, 217, 218, 221, 223, 224, 227, 228, 229, 230, 232, 233, 234, 236, 237, 238, 242, 243, 245, 246, 247, 248, 250, 251, 252, 253, 255, 256, 258, 259, 260, 266, 268, 269, 273, 274, 278, 279, 280, 281, 282, 284, 285, 286, 289, 291, 292, 294, 295, 296, 297, 298]
17:54:40.623 [main] INFO api.AvailableMembersApi - Received response for survey ID 43: Status Code = 200
17:54:40.631 [main] INFO api.AvailableMembersApi - Available statuses for survey ID 43: [true, true, true, true, true, true, true, true, true, true, true, true, true, true, true, true, true, true, true, true, true, true, true, true, true, true, true, true, true, true, true, true, true, true, true, true, true, true, true, true, true, true, true, true, true, true, true, true, true, true, true, true, true, true, true, true, true, true, true, true, true, true, true, true, true, true, true, true, true, true, true, true, true, true, true, true, true, true, true, true, true, true, true, true, true, true, true, true, true, true, true, true, true, true, true, true, true, true, true, true, true, true, true, true, true, true, true, true, true, true, true, true, true, true, true, true, true, true, true, true, true, true, true, true, true, true, true, true, true, true, true, true, true, true, true, true, true, true, true, true, true, true, true, true, true, true, true, true, true, true, true, true, true, true, true, true, true, true, true, true, true, true, true, true, true, true, true, true, true, true, true, true, true, true, true, true, true, true, true, true, true, true, true, true, true, true, true, true, true, true, true, true, true, true, true, true]
17:54:40.631 [main] INFO api.AvailableMembersApi - Validating members for Survey ID: 43
17:54:40.632 [main] INFO api.AvailableMembersApi - Received response for survey ID 43: Status Code = 200
17:54:40.640 [main] INFO api.AvailableMembersApi - Converted Available IDs for survey ID 43: [1, 2, 3, 4, 6, 8, 9, 11, 13, 14, 16, 18, 19, 20, 21, 22, 25, 28, 29, 30, 31, 32, 34, 35, 36, 37, 39, 40, 42, 43, 44, 46, 47, 48, 49, 50, 51, 53, 54, 55, 56, 58, 59, 60, 61, 62, 63, 64, 66, 67, 68, 69, 72, 73, 76, 77, 78, 82, 85, 86, 87, 89, 91, 92, 93, 94, 96, 98, 99, 101, 102, 104, 107, 110, 111, 112, 114, 115, 116, 117, 121, 125, 126, 127, 128, 130, 132, 133, 134, 136, 137, 139, 140, 142, 143, 145, 146, 147, 149, 152, 153, 154, 155, 156, 157, 158, 159, 160, 161, 163, 164, 166, 168, 171, 172, 173, 174, 175, 176, 177, 179, 181, 182, 183, 184, 186, 187, 189, 190, 194, 195, 196, 197, 198, 199, 200, 202, 204, 205, 207, 208, 209, 211, 212, 216, 217, 218, 220, 221, 223, 224, 227, 228, 229, 230, 232, 234, 235, 236, 237, 238, 242, 243, 246, 247, 248, 249, 251, 252, 253, 255, 256, 258, 259, 260, 266, 268, 269, 273, 274, 278, 279, 280, 281, 282, 284, 285, 286, 289, 291, 292, 294, 295, 296, 297, 298]
17:54:40.644 [main] INFO api.AvailableMembersApi - Received response for survey ID 44: Status Code = 200
17:54:40.649 [main] INFO api.AvailableMembersApi - Available statuses for survey ID 44: [true, true, true, true, true, true, true, true, true, true, true, true, true, true, true, true, true, true, true, true, true, true, true, true, true, true, true, true, true, true, true, true, true, true, true, true, true, true, true, true, true, true, true, true, true, true, true, true, true, true, true, true, true, true, true, true, true, true, true, true, true, true, true, true, true, true, true, true, true, true, true, true, true, true, true, true, true, true, true, true, true, true, true, true, true, true, true, true, true, true, true, true, true, true, true, true, true, true, true, true, true, true, true, true, true, true, true, true, true, true, true, true, true, true, true, true, true, true, true, true, true, true, true, true, true, true, true, true, true, true, true, true, true, true, true, true, true, true, true, true, true, true, true, true, true, true, true, true, true, true, true, true, true, true, true, true, true, true, true, true, true, true, true, true, true, true, true, true, true, true, true, true, true, true, true, true, true, true, true, true, true, true, true, true, true, true, true, true, true, true, true, true, true, true, true, true, true, true]
17:54:40.649 [main] INFO api.AvailableMembersApi - Validating members for Survey ID: 44
17:54:40.650 [main] INFO api.AvailableMembersApi - Received response for survey ID 44: Status Code = 200
17:54:40.655 [main] INFO api.AvailableMembersApi - Converted Available IDs for survey ID 44: [1, 3, 4, 6, 9, 11, 13, 14, 16, 18, 19, 21, 22, 24, 25, 27, 28, 29, 30, 31, 32, 34, 35, 37, 39, 40, 42, 44, 46, 47, 48, 49, 50, 51, 52, 53, 54, 55, 56, 58, 59, 60, 61, 62, 64, 65, 66, 68, 69, 71, 72, 73, 76, 78, 82, 87, 91, 92, 94, 95, 96, 98, 99, 101, 102, 104, 107, 110, 111, 112, 113, 114, 115, 116, 117, 120, 121, 124, 125, 126, 127, 128, 129, 130, 131, 132, 133, 134, 136, 137, 139, 140, 142, 143, 146, 147, 148, 149, 150, 151, 152, 153, 154, 155, 156, 157, 158, 159, 160, 161, 163, 164, 166, 168, 172, 173, 174, 175, 176, 177, 178, 179, 180, 181, 182, 183, 184, 186, 187, 189, 190, 191, 193, 195, 196, 198, 199, 200, 202, 204, 205, 206, 207, 208, 209, 211, 212, 216, 217, 220, 221, 223, 224, 227, 229, 230, 232, 233, 234, 235, 236, 237, 238, 242, 243, 245, 246, 247, 249, 250, 251, 252, 253, 255, 256, 258, 259, 260, 266, 268, 269, 273, 274, 278, 279, 280, 281, 282, 284, 286, 289, 291, 292, 294, 295, 296, 297, 298]
17:54:40.658 [main] INFO api.AvailableMembersApi - Received response for survey ID 45: Status Code = 200
17:54:40.663 [main] INFO api.AvailableMembersApi - Available statuses for survey ID 45: [true, true, true, true, true, true, true, true, true, true, true, true, true, true, true, true, true, true, true, true, true, true, true, true, true, true, true, true, true, true, true, true, true, true, true, true, true, true, true, true, true, true, true, true, true, true, true, true, true, true, true, true, true, true, true, true, true, true, true, true, true, true, true, true, true, true, true, true, true, true, true, true, true, true, true, true, true, true, true, true, true, true, true, true, true, true, true, true, true, true, true, true, true, true, true, true, true, true, true, true, true, true, true, true, true, true, true, true, true, true, true, true, true, true, true, true, true, true, true, true, true, true, true, true, true, true, true, true, true, true, true, true, true, true, true, true, true, true, true, true, true, true, true, true, true, true, true, true, true, true, true, true, true, true, true, true, true, true, true, true, true, true, true, true, true, true, true, true, true, true, true, true, true, true, true, true, true, true, true, true, true, true, true, true, true, true, true, true, true, true, true, true, true, true, true, true, true, true, true, true, true]
17:54:40.663 [main] INFO api.AvailableMembersApi - Validating members for Survey ID: 45
17:54:40.665 [main] INFO api.AvailableMembersApi - Received response for survey ID 45: Status Code = 200
17:54:40.671 [main] INFO api.AvailableMembersApi - Converted Available IDs for survey ID 45: [2, 3, 4, 6, 8, 9, 11, 13, 14, 16, 18, 19, 20, 21, 24, 25, 27, 28, 29, 30, 31, 32, 34, 35, 36, 37, 39, 40, 42, 43, 44, 46, 47, 48, 49, 50, 51, 52, 53, 54, 55, 56, 57, 58, 59, 60, 61, 62, 63, 64, 65, 66, 67, 71, 72, 73, 76, 77, 78, 82, 86, 87, 89, 91, 92, 93, 94, 95, 96, 99, 101, 102, 104, 107, 110, 112, 113, 114, 115, 116, 117, 120, 121, 124, 125, 126, 127, 128, 130, 131, 132, 133, 134, 136, 137, 139, 140, 142, 143, 145, 146, 147, 148, 149, 151, 152, 153, 154, 155, 156, 158, 159, 160, 161, 163, 164, 166, 172, 173, 174, 175, 176, 177, 178, 179, 180, 181, 183, 184, 186, 187, 189, 190, 193, 194, 195, 196, 197, 199, 200, 202, 204, 205, 206, 207, 208, 209, 211, 212, 214, 216, 217, 218, 220, 221, 223, 224, 227, 228, 229, 230, 232, 233, 234, 236, 237, 242, 243, 245, 246, 247, 248, 249, 250, 251, 252, 253, 255, 256, 259, 260, 266, 268, 269, 273, 274, 278, 279, 280, 281, 282, 284, 286, 289, 291, 292, 294, 295, 296, 297, 298]
17:54:40.676 [main] INFO api.AvailableMembersApi - Received response for survey ID 46: Status Code = 200
17:54:40.685 [main] INFO api.AvailableMembersApi - Available statuses for survey ID 46: [true, true, true, true, true, true, true, true, true, true, true, true, true, true, true, true, true, true, true, true, true, true, true, true, true, true, true, true, true, true, true, true, true, true, true, true, true, true, true, true, true, true, true, true, true, true, true, true, true, true, true, true, true, true, true, true, true, true, true, true, true, true, true, true, true, true, true, true, true, true, true, true, true, true, true, true, true, true, true, true, true, true, true, true, true, true, true, true, true, true, true, true, true, true, true, true, true, true, true, true, true, true, true, true, true, true, true, true, true, true, true, true, true, true, true, true, true, true, true, true, true, true, true, true, true, true, true, true, true, true, true, true, true, true, true, true, true, true, true, true, true, true, true, true, true, true, true, true, true, true, true, true, true, true, true, true, true, true, true, true, true, true, true, true, true, true, true, true, true, true, true, true, true, true, true, true, true, true, true, true, true, true, true, true, true, true, true, true, true, true, true, true, true, true, true, true, true, true, true, true, true, true, true, true, true]
17:54:40.685 [main] INFO api.AvailableMembersApi - Validating members for Survey ID: 46
17:54:40.688 [main] INFO api.AvailableMembersApi - Received response for survey ID 46: Status Code = 200
17:54:40.696 [main] INFO api.AvailableMembersApi - Converted Available IDs for survey ID 46: [1, 2, 3, 4, 6, 9, 11, 13, 14, 16, 18, 19, 20, 21, 22, 24, 25, 27, 28, 29, 30, 31, 32, 34, 35, 37, 39, 42, 43, 44, 46, 47, 48, 49, 50, 51, 52, 53, 54, 55, 56, 57, 58, 59, 60, 61, 62, 63, 64, 65, 66, 67, 68, 69, 71, 72, 73, 77, 78, 82, 86, 89, 91, 92, 93, 94, 95, 98, 99, 101, 102, 104, 107, 110, 111, 113, 114, 115, 116, 117, 120, 121, 124, 125, 126, 127, 128, 129, 130, 131, 132, 133, 134, 136, 137, 139, 142, 143, 146, 147, 148, 149, 150, 151, 152, 154, 155, 157, 158, 159, 160, 163, 164, 166, 167, 171, 172, 173, 174, 175, 176, 177, 178, 179, 180, 181, 182, 183, 184, 186, 187, 189, 190, 191, 193, 194, 195, 196, 197, 198, 199, 200, 202, 204, 205, 206, 207, 208, 209, 211, 212, 214, 216, 217, 218, 220, 221, 223, 224, 227, 228, 229, 230, 232, 233, 234, 235, 236, 237, 238, 242, 243, 245, 246, 247, 248, 249, 250, 251, 252, 253, 255, 256, 258, 259, 260, 261, 266, 268, 269, 273, 274, 278, 279, 280, 281, 282, 284, 285, 289, 294, 295, 296, 297, 298]
17:54:40.701 [main] INFO api.AvailableMembersApi - Received response for survey ID 47: Status Code = 200
17:54:40.709 [main] INFO api.AvailableMembersApi - Available statuses for survey ID 47: [true, true, true, true, true, true, true, true, true, true, true, true, true, true, true, true, true, true, true, true, true, true, true, true, true, true, true, true, true, true, true, true, true, true, true, true, true, true, true, true, true, true, true, true, true, true, true, true, true, true, true, true, true, true, true, true, true, true, true, true, true, true, true, true, true, true, true, true, true, true, true, true, true, true, true, true, true, true, true, true, true, true, true, true, true, true, true, true, true, true, true, true, true, true, true, true, true, true, true, true, true, true, true, true, true, true, true, true, true, true, true, true, true, true, true, true, true, true, true, true, true, true, true, true, true, true, true, true, true, true, true, true, true, true, true, true, true, true, true, true, true, true, true, true, true, true, true, true, true, true, true, true, true, true, true, true, true, true, true, true, true, true, true, true, true, true, true, true, true, true, true, true, true, true, true, true, true, true, true, true, true, true, true, true, true, true, true, true, true, true, true, true]
17:54:40.709 [main] INFO api.AvailableMembersApi - Validating members for Survey ID: 47
17:54:40.711 [main] INFO api.AvailableMembersApi - Received response for survey ID 47: Status Code = 200
17:54:40.719 [main] INFO api.AvailableMembersApi - Converted Available IDs for survey ID 47: [1, 2, 4, 6, 8, 9, 11, 13, 16, 18, 19, 20, 21, 24, 25, 27, 28, 29, 31, 32, 34, 35, 36, 37, 39, 40, 42, 43, 44, 46, 47, 50, 51, 53, 55, 56, 57, 58, 59, 60, 62, 63, 64, 65, 66, 67, 68, 71, 72, 73, 77, 78, 82, 85, 86, 87, 89, 91, 92, 93, 94, 95, 96, 98, 101, 102, 104, 107, 110, 111, 112, 113, 115, 116, 117, 121, 125, 126, 127, 128, 129, 130, 131, 132, 133, 134, 136, 137, 139, 140, 142, 143, 145, 146, 147, 148, 149, 150, 151, 152, 153, 154, 155, 158, 159, 160, 161, 163, 166, 167, 168, 171, 172, 173, 174, 175, 176, 177, 179, 180, 181, 182, 183, 184, 186, 187, 191, 194, 195, 196, 197, 198, 199, 200, 202, 204, 205, 206, 207, 208, 209, 211, 214, 216, 217, 218, 220, 221, 223, 224, 228, 229, 230, 232, 234, 235, 236, 237, 238, 242, 243, 245, 246, 247, 248, 250, 251, 252, 253, 255, 256, 258, 259, 260, 261, 266, 269, 273, 274, 279, 280, 281, 282, 285, 286, 289, 291, 294, 295, 296, 297, 298]
17:54:40.723 [main] INFO api.AvailableMembersApi - Received response for survey ID 48: Status Code = 200
17:54:40.731 [main] INFO api.AvailableMembersApi - Available statuses for survey ID 48: [true, true, true, true, true, true, true, true, true, true, true, true, true, true, true, true, true, true, true, true, true, true, true, true, true, true, true, true, true, true, true, true, true, true, true, true, true, true, true, true, true, true, true, true, true, true, true, true, true, true, true, true, true, true, true, true, true, true, true, true, true, true, true, true, true, true, true, true, true, true, true, true, true, true, true, true, true, true, true, true, true, true, true, true, true, true, true, true, true, true, true, true, true, true, true, true, true, true, true, true, true, true, true, true, true, true, true, true, true, true, true, true, true, true, true, true, true, true, true, true, true, true, true, true, true, true, true, true, true, true, true, true, true, true, true, true, true, true, true, true, true, true, true, true, true, true, true, true, true, true, true, true, true, true, true, true, true, true, true, true, true, true, true, true, true, true, true, true, true, true, true, true, true, true, true, true, true, true, true, true, true, true, true, true, true, true, true, true, true, true, true, true, true, true, true, true, true, true, true, true]
17:54:40.731 [main] INFO api.AvailableMembersApi - Validating members for Survey ID: 48
17:54:40.733 [main] INFO api.AvailableMembersApi - Received response for survey ID 48: Status Code = 200
17:54:40.741 [main] INFO api.AvailableMembersApi - Converted Available IDs for survey ID 48: [1, 2, 3, 4, 6, 8, 9, 11, 13, 14, 16, 18, 19, 20, 21, 22, 24, 25, 27, 28, 29, 31, 32, 34, 36, 37, 39, 40, 42, 43, 44, 46, 47, 48, 49, 50, 51, 52, 54, 55, 56, 57, 58, 60, 62, 63, 64, 65, 66, 67, 68, 69, 71, 72, 73, 76, 77, 78, 82, 86, 87, 89, 91, 92, 93, 94, 95, 96, 98, 99, 101, 102, 104, 107, 110, 111, 112, 113, 114, 115, 116, 117, 120, 121, 124, 125, 126, 127, 129, 130, 131, 132, 134, 136, 137, 139, 143, 145, 146, 147, 148, 149, 150, 151, 152, 153, 154, 155, 156, 157, 159, 160, 161, 163, 164, 166, 167, 168, 172, 173, 174, 175, 177, 178, 180, 181, 183, 184, 186, 187, 189, 190, 191, 193, 194, 195, 196, 197, 198, 199, 200, 202, 204, 205, 206, 207, 208, 209, 211, 212, 214, 216, 217, 218, 220, 221, 223, 224, 227, 228, 229, 232, 233, 234, 235, 236, 237, 238, 242, 243, 245, 246, 247, 248, 249, 250, 253, 256, 258, 259, 260, 261, 268, 269, 273, 274, 278, 280, 281, 282, 284, 285, 286, 289, 291, 292, 294, 296, 297, 298]
17:54:40.744 [main] INFO api.AvailableMembersApi - Received response for survey ID 49: Status Code = 200
17:54:40.750 [main] INFO api.AvailableMembersApi - Available statuses for survey ID 49: [true, true, true, true, true, true, true, true, true, true, true, true, true, true, true, true, true, true, true, true, true, true, true, true, true, true, true, true, true, true, true, true, true, true, true, true, true, true, true, true, true, true, true, true, true, true, true, true, true, true, true, true, true, true, true, true, true, true, true, true, true, true, true, true, true, true, true, true, true, true, true, true, true, true, true, true, true, true, true, true, true, true, true, true, true, true, true, true, true, true, true, true, true, true, true, true, true, true, true, true, true, true, true, true, true, true, true, true, true, true, true, true, true, true, true, true, true, true, true, true, true, true, true, true, true, true, true, true, true, true, true, true, true, true, true, true, true, true, true, true, true, true, true, true, true, true, true, true, true, true, true, true, true, true, true, true, true, true, true, true, true, true, true, true, true, true, true, true, true, true, true, true, true, true, true, true, true, true, true, true, true, true, true, true, true, true, true, true, true, true, true, true, true, true, true, true, true, true, true, true, true, true, true]
17:54:40.750 [main] INFO api.AvailableMembersApi - Validating members for Survey ID: 49
17:54:40.752 [main] INFO api.AvailableMembersApi - Received response for survey ID 49: Status Code = 200
17:54:40.758 [main] INFO api.AvailableMembersApi - Converted Available IDs for survey ID 49: [1, 3, 4, 6, 8, 9, 11, 13, 14, 16, 18, 19, 20, 21, 22, 24, 27, 28, 29, 30, 31, 32, 34, 35, 36, 37, 39, 40, 42, 44, 46, 47, 48, 49, 50, 52, 54, 55, 56, 57, 58, 59, 60, 61, 62, 63, 64, 65, 66, 67, 68, 69, 71, 72, 73, 76, 77, 82, 87, 89, 91, 92, 93, 94, 95, 96, 98, 99, 101, 102, 104, 107, 110, 111, 112, 113, 114, 115, 116, 117, 120, 121, 124, 125, 126, 127, 128, 129, 130, 131, 132, 133, 134, 136, 137, 139, 140, 142, 143, 145, 146, 147, 148, 150, 151, 152, 153, 154, 155, 156, 157, 158, 159, 160, 161, 164, 166, 167, 168, 171, 172, 173, 175, 176, 177, 178, 180, 181, 182, 183, 184, 186, 187, 189, 190, 191, 193, 195, 196, 197, 198, 199, 200, 202, 204, 205, 206, 207, 208, 209, 211, 212, 214, 216, 217, 218, 221, 223, 224, 227, 228, 229, 230, 232, 233, 234, 235, 236, 238, 242, 243, 245, 246, 247, 248, 249, 250, 253, 255, 256, 258, 259, 260, 261, 266, 268, 269, 273, 274, 279, 280, 281, 282, 284, 285, 286, 289, 291, 292, 295, 296, 297, 298]
17:54:40.761 [main] INFO api.AvailableMembersApi - Received response for survey ID 50: Status Code = 200
17:54:40.767 [main] INFO api.AvailableMembersApi - Available statuses for survey ID 50: [true, true, true, true, true, true, true, true, true, true, true, true, true, true, true, true, true, true, true, true, true, true, true, true, true, true, true, true, true, true, true, true, true, true, true, true, true, true, true, true, true, true, true, true, true, true, true, true, true, true, true, true, true, true, true, true, true, true, true, true, true, true, true, true, true, true, true, true, true, true, true, true, true, true, true, true, true, true, true, true, true, true, true, true, true, true, true, true, true, true, true, true, true, true, true, true, true, true, true, true, true, true, true, true, true, true, true, true, true, true, true, true, true, true, true, true, true, true, true, true, true, true, true, true, true, true, true, true, true, true, true, true, true, true, true, true, true, true, true, true, true, true, true, true, true, true, true, true, true, true, true, true, true, true, true, true, true, true, true, true, true, true, true, true, true, true, true, true, true, true, true, true, true, true, true, true, true, true, true, true, true, true, true, true, true, true, true, true, true, true, true, true, true, true, true, true]
17:54:40.767 [main] INFO api.AvailableMembersApi - Validating members for Survey ID: 50
17:54:40.768 [main] INFO api.AvailableMembersApi - Received response for survey ID 50: Status Code = 200
17:54:40.774 [main] INFO api.AvailableMembersApi - Converted Available IDs for survey ID 50: [1, 2, 3, 6, 8, 9, 11, 13, 14, 16, 18, 19, 21, 22, 24, 25, 27, 28, 29, 30, 31, 32, 34, 35, 36, 37, 39, 40, 42, 43, 44, 46, 48, 50, 51, 52, 53, 54, 55, 57, 58, 59, 60, 61, 62, 63, 64, 65, 66, 67, 68, 71, 72, 76, 77, 78, 82, 85, 86, 87, 89, 91, 92, 93, 94, 95, 96, 98, 102, 104, 107, 110, 111, 112, 113, 114, 115, 116, 117, 120, 121, 124, 125, 126, 127, 129, 130, 131, 132, 133, 134, 136, 137, 139, 140, 142, 143, 145, 146, 147, 148, 149, 150, 151, 152, 153, 154, 155, 156, 157, 158, 159, 160, 163, 164, 166, 167, 168, 171, 172, 173, 175, 176, 177, 181, 182, 183, 184, 186, 187, 189, 190, 191, 193, 194, 196, 198, 199, 200, 202, 204, 205, 206, 207, 208, 209, 212, 214, 216, 217, 220, 221, 223, 227, 228, 230, 232, 233, 234, 236, 237, 238, 242, 243, 245, 247, 248, 249, 250, 251, 252, 253, 255, 256, 258, 260, 261, 266, 268, 269, 273, 274, 278, 280, 281, 282, 284, 285, 286, 289, 291, 292, 295, 296, 297, 298]
17:54:40.777 [main] INFO api.AvailableMembersApi - Received response for survey ID 51: Status Code = 200
17:54:40.783 [main] INFO api.AvailableMembersApi - Available statuses for survey ID 51: [true, true, true, true, true, true, true, true, true, true, true, true, true, true, true, true, true, true, true, true, true, true, true, true, true, true, true, true, true, true, true, true, true, true, true, true, true, true, true, true, true, true, true, true, true, true, true, true, true, true, true, true, true, true, true, true, true, true, true, true, true, true, true, true, true, true, true, true, true, true, true, true, true, true, true, true, true, true, true, true, true, true, true, true, true, true, true, true, true, true, true, true, true, true, true, true, true, true, true, true, true, true, true, true, true, true, true, true, true, true, true, true, true, true, true, true, true, true, true, true, true, true, true, true, true, true, true, true, true, true, true, true, true, true, true, true, true, true, true, true, true, true, true, true, true, true, true, true, true, true, true, true, true, true, true, true, true, true, true, true, true, true, true, true, true, true, true, true, true, true, true, true, true, true, true, true, true, true, true, true, true, true, true, true, true, true, true, true, true, true, true, true, true, true, true, true, true, true]
17:54:40.783 [main] INFO api.AvailableMembersApi - Validating members for Survey ID: 51
17:54:40.784 [main] INFO api.AvailableMembersApi - Received response for survey ID 51: Status Code = 200
17:54:40.793 [main] INFO api.AvailableMembersApi - Converted Available IDs for survey ID 51: [1, 4, 6, 8, 9, 11, 13, 14, 16, 18, 20, 21, 24, 25, 27, 28, 29, 30, 31, 32, 34, 35, 36, 37, 39, 40, 42, 43, 44, 46, 47, 48, 50, 51, 52, 53, 54, 55, 56, 57, 58, 59, 60, 61, 62, 65, 67, 68, 69, 71, 72, 73, 76, 77, 78, 82, 85, 86, 89, 91, 92, 93, 94, 95, 96, 98, 99, 101, 102, 104, 107, 110, 111, 112, 113, 114, 115, 116, 117, 120, 121, 124, 125, 126, 127, 128, 129, 130, 131, 132, 134, 136, 137, 139, 140, 142, 143, 145, 146, 148, 149, 150, 151, 152, 153, 154, 155, 156, 157, 158, 159, 160, 161, 163, 164, 166, 167, 168, 172, 173, 174, 175, 176, 177, 178, 180, 181, 182, 183, 184, 186, 187, 189, 190, 191, 193, 194, 195, 196, 197, 198, 199, 204, 205, 206, 207, 208, 209, 211, 212, 214, 216, 217, 218, 220, 221, 223, 224, 227, 228, 229, 233, 234, 235, 236, 237, 238, 242, 245, 246, 247, 248, 249, 250, 251, 252, 253, 255, 258, 260, 266, 268, 269, 273, 274, 278, 279, 280, 281, 282, 284, 285, 291, 292, 294, 295, 296, 298]
17:54:40.796 [main] INFO api.AvailableMembersApi - Received response for survey ID 52: Status Code = 200
17:54:40.802 [main] INFO api.AvailableMembersApi - Available statuses for survey ID 52: [true, true, true, true, true, true, true, true, true, true, true, true, true, true, true, true, true, true, true, true, true, true, true, true, true, true, true, true, true, true, true, true, true, true, true, true, true, true, true, true, true, true, true, true, true, true, true, true, true, true, true, true, true, true, true, true, true, true, true, true, true, true, true, true, true, true, true, true, true, true, true, true, true, true, true, true, true, true, true, true, true, true, true, true, true, true, true, true, true, true, true, true, true, true, true, true, true, true, true, true, true, true, true, true, true, true, true, true, true, true, true, true, true, true, true, true, true, true, true, true, true, true, true, true, true, true, true, true, true, true, true, true, true, true, true, true, true, true, true, true, true, true, true, true, true, true, true, true, true, true, true, true, true, true, true, true, true, true, true, true, true, true, true, true, true, true, true, true, true, true, true, true, true, true, true, true, true, true, true, true, true, true, true, true, true, true, true, true, true, true, true, true, true, true, true, true, true, true, true, true, true, true]
17:54:40.802 [main] INFO api.AvailableMembersApi - Validating members for Survey ID: 52
17:54:40.805 [main] INFO api.AvailableMembersApi - Received response for survey ID 52: Status Code = 200
17:54:40.814 [main] INFO api.AvailableMembersApi - Converted Available IDs for survey ID 52: [1, 2, 3, 4, 6, 9, 11, 13, 14, 16, 18, 19, 20, 21, 22, 24, 25, 28, 29, 30, 31, 32, 34, 35, 36, 37, 39, 40, 42, 43, 44, 47, 48, 49, 50, 51, 52, 53, 54, 55, 56, 57, 58, 59, 60, 61, 62, 63, 64, 65, 66, 67, 68, 69, 72, 73, 76, 77, 78, 82, 85, 86, 87, 89, 91, 92, 93, 94, 96, 98, 99, 101, 102, 104, 107, 110, 112, 113, 115, 116, 117, 120, 121, 124, 125, 126, 127, 128, 129, 130, 131, 133, 134, 136, 137, 139, 140, 142, 143, 147, 148, 151, 152, 153, 154, 155, 156, 157, 158, 159, 161, 163, 164, 166, 167, 168, 171, 172, 173, 174, 175, 176, 178, 179, 180, 181, 182, 183, 184, 186, 189, 190, 191, 193, 194, 195, 196, 197, 198, 199, 200, 202, 204, 205, 207, 208, 209, 211, 212, 214, 216, 217, 218, 221, 223, 227, 228, 229, 230, 232, 233, 234, 235, 236, 237, 238, 242, 243, 245, 246, 247, 248, 249, 250, 251, 252, 253, 255, 256, 258, 260, 261, 266, 268, 269, 273, 274, 278, 279, 280, 281, 282, 284, 285, 286, 289, 292, 294, 295, 296, 297, 298]
17:54:40.818 [main] INFO api.AvailableMembersApi - Received response for survey ID 53: Status Code = 200
17:54:40.827 [main] INFO api.AvailableMembersApi - Available statuses for survey ID 53: [true, true, true, true, true, true, true, true, true, true, true, true, true, true, true, true, true, true, true, true, true, true, true, true, true, true, true, true, true, true, true, true, true, true, true, true, true, true, true, true, true, true, true, true, true, true, true, true, true, true, true, true, true, true, true, true, true, true, true, true, true, true, true, true, true, true, true, true, true, true, true, true, true, true, true, true, true, true, true, true, true, true, true, true, true, true, true, true, true, true, true, true, true, true, true, true, true, true, true, true, true, true, true, true, true, true, true, true, true, true, true, true, true, true, true, true, true, true, true, true, true, true, true, true, true, true, true, true, true, true, true, true, true, true, true, true, true, true, true, true, true, true, true, true, true, true, true, true, true, true, true, true, true, true, true, true, true, true, true, true, true, true, true, true, true, true, true, true, true, true, true, true, true, true, true, true, true, true, true, true, true, true, true, true, true, true, true, true, true, true, true, true, true, true, true, true, true, true, true, true, true, true, true]
17:54:40.827 [main] INFO api.AvailableMembersApi - Validating members for Survey ID: 53
17:54:40.829 [main] INFO api.AvailableMembersApi - Received response for survey ID 53: Status Code = 200
17:54:40.838 [main] INFO api.AvailableMembersApi - Converted Available IDs for survey ID 53: [1, 2, 3, 4, 6, 8, 9, 11, 14, 16, 18, 19, 20, 22, 24, 25, 27, 28, 30, 31, 32, 34, 35, 36, 37, 39, 40, 42, 43, 44, 46, 47, 48, 50, 53, 54, 55, 56, 57, 58, 59, 60, 61, 62, 63, 64, 65, 66, 67, 68, 69, 71, 72, 73, 76, 77, 78, 82, 85, 86, 87, 89, 91, 92, 93, 94, 95, 96, 98, 99, 101, 102, 104, 107, 110, 111, 112, 113, 114, 115, 116, 120, 121, 124, 125, 126, 127, 128, 129, 130, 131, 132, 133, 134, 136, 139, 140, 142, 143, 146, 147, 148, 150, 151, 152, 153, 154, 155, 156, 157, 158, 159, 160, 161, 163, 164, 166, 167, 168, 171, 172, 173, 174, 175, 176, 177, 178, 179, 180, 181, 182, 183, 184, 186, 187, 189, 190, 191, 193, 194, 195, 196, 198, 199, 200, 204, 205, 206, 207, 208, 209, 211, 212, 214, 216, 217, 218, 220, 221, 224, 227, 230, 232, 233, 234, 235, 236, 237, 238, 242, 243, 245, 246, 247, 249, 250, 251, 252, 253, 256, 259, 260, 261, 266, 268, 269, 273, 274, 278, 279, 280, 281, 282, 284, 285, 286, 289, 292, 294, 295, 296, 297, 298]
17:54:40.843 [main] INFO api.AvailableMembersApi - Received response for survey ID 54: Status Code = 200
17:54:40.852 [main] INFO api.AvailableMembersApi - Available statuses for survey ID 54: [true, true, true, true, true, true, true, true, true, true, true, true, true, true, true, true, true, true, true, true, true, true, true, true, true, true, true, true, true, true, true, true, true, true, true, true, true, true, true, true, true, true, true, true, true, true, true, true, true, true, true, true, true, true, true, true, true, true, true, true, true, true, true, true, true, true, true, true, true, true, true, true, true, true, true, true, true, true, true, true, true, true, true, true, true, true, true, true, true, true, true, true, true, true, true, true, true, true, true, true, true, true, true, true, true, true, true, true, true, true, true, true, true, true, true, true, true, true, true, true, true, true, true, true, true, true, true, true, true, true, true, true, true, true, true, true, true, true, true, true, true, true, true, true, true, true, true, true, true, true, true, true, true, true, true, true, true, true, true, true, true, true, true, true, true, true, true, true, true, true, true, true, true, true, true, true, true, true, true, true, true, true, true, true, true, true, true, true, true, true, true, true, true, true, true, true, true, true, true]
17:54:40.852 [main] INFO api.AvailableMembersApi - Validating members for Survey ID: 54
17:54:40.855 [main] INFO api.AvailableMembersApi - Received response for survey ID 54: Status Code = 200
17:54:40.864 [main] INFO api.AvailableMembersApi - Converted Available IDs for survey ID 54: [1, 2, 3, 4, 6, 11, 13, 14, 18, 20, 22, 24, 25, 27, 28, 29, 30, 31, 32, 35, 36, 37, 42, 43, 44, 46, 47, 48, 49, 50, 51, 52, 53, 54, 55, 56, 57, 59, 60, 61, 62, 64, 65, 66, 67, 68, 69, 71, 72, 73, 76, 77, 82, 85, 86, 87, 89, 91, 92, 93, 94, 95, 96, 98, 101, 102, 104, 107, 110, 111, 112, 113, 115, 116, 117, 120, 121, 124, 125, 126, 127, 128, 129, 130, 131, 132, 134, 136, 137, 139, 140, 142, 143, 145, 146, 147, 148, 149, 150, 151, 152, 153, 154, 155, 156, 157, 158, 159, 160, 161, 163, 164, 167, 168, 171, 172, 173, 174, 175, 176, 177, 178, 179, 180, 181, 182, 183, 184, 186, 187, 189, 190, 191, 193, 194, 195, 196, 197, 200, 202, 204, 206, 207, 208, 209, 211, 212, 214, 216, 217, 218, 220, 221, 223, 224, 227, 228, 232, 233, 234, 235, 236, 237, 238, 242, 243, 245, 246, 247, 248, 249, 250, 251, 252, 253, 256, 258, 259, 260, 261, 266, 268, 269, 273, 278, 279, 280, 281, 284, 285, 286, 289, 291, 292, 294, 295, 296, 297, 298]
17:54:40.869 [main] INFO api.AvailableMembersApi - Received response for survey ID 55: Status Code = 200
17:54:40.875 [main] INFO api.AvailableMembersApi - Available statuses for survey ID 55: [true, true, true, true, true, true, true, true, true, true, true, true, true, true, true, true, true, true, true, true, true, true, true, true, true, true, true, true, true, true, true, true, true, true, true, true, true, true, true, true, true, true, true, true, true, true, true, true, true, true, true, true, true, true, true, true, true, true, true, true, true, true, true, true, true, true, true, true, true, true, true, true, true, true, true, true, true, true, true, true, true, true, true, true, true, true, true, true, true, true, true, true, true, true, true, true, true, true, true, true, true, true, true, true, true, true, true, true, true, true, true, true, true, true, true, true, true, true, true, true, true, true, true, true, true, true, true, true, true, true, true, true, true, true, true, true, true, true, true, true, true, true, true, true, true, true, true, true, true, true, true, true, true, true, true, true, true, true, true, true, true, true, true, true, true, true, true, true, true, true, true, true, true, true, true, true, true, true, true, true, true, true, true, true, true, true, true, true, true, true, true, true, true, true, true, true, true, true, true, true, true, true, true, true, true, true]
17:54:40.875 [main] INFO api.AvailableMembersApi - Validating members for Survey ID: 55
17:54:40.877 [main] INFO api.AvailableMembersApi - Received response for survey ID 55: Status Code = 200
17:54:40.885 [main] INFO api.AvailableMembersApi - Converted Available IDs for survey ID 55: [1, 2, 3, 4, 6, 8, 9, 11, 13, 14, 16, 18, 19, 20, 24, 25, 27, 28, 29, 31, 32, 34, 35, 36, 37, 39, 40, 42, 43, 44, 46, 47, 48, 49, 50, 51, 52, 53, 54, 55, 57, 58, 59, 60, 61, 62, 63, 64, 65, 66, 67, 68, 69, 71, 72, 73, 76, 77, 82, 85, 86, 87, 89, 91, 92, 93, 94, 95, 96, 98, 99, 101, 102, 104, 107, 110, 111, 112, 113, 114, 116, 120, 121, 124, 125, 126, 127, 128, 129, 130, 132, 133, 134, 136, 137, 139, 140, 142, 143, 145, 146, 147, 148, 149, 150, 151, 152, 153, 154, 155, 156, 157, 158, 159, 160, 161, 163, 164, 166, 167, 168, 172, 173, 174, 175, 176, 177, 178, 179, 180, 181, 182, 184, 186, 187, 189, 190, 191, 193, 194, 196, 197, 198, 199, 200, 202, 204, 205, 206, 207, 208, 209, 211, 212, 216, 217, 218, 220, 221, 223, 224, 227, 228, 229, 230, 232, 233, 234, 235, 236, 237, 238, 242, 243, 246, 247, 248, 249, 250, 251, 252, 253, 255, 256, 258, 259, 260, 261, 266, 268, 269, 279, 280, 281, 282, 284, 285, 286, 289, 291, 292, 294, 295, 296, 297, 298]
17:54:40.890 [main] INFO api.AvailableMembersApi - Received response for survey ID 56: Status Code = 200
17:54:40.899 [main] INFO api.AvailableMembersApi - Available statuses for survey ID 56: [true, true, true, true, true, true, true, true, true, true, true, true, true, true, true, true, true, true, true, true, true, true, true, true, true, true, true, true, true, true, true, true, true, true, true, true, true, true, true, true, true, true, true, true, true, true, true, true, true, true, true, true, true, true, true, true, true, true, true, true, true, true, true, true, true, true, true, true, true, true, true, true, true, true, true, true, true, true, true, true, true, true, true, true, true, true, true, true, true, true, true, true, true, true, true, true, true, true, true, true, true, true, true, true, true, true, true, true, true, true, true, true, true, true, true, true, true, true, true, true, true, true, true, true, true, true, true, true, true, true, true, true, true, true, true, true, true, true, true, true, true, true, true, true, true, true, true, true, true, true, true, true, true, true, true, true, true, true, true, true, true, true, true, true, true, true, true, true, true, true, true, true, true, true, true, true, true, true, true, true, true, true, true, true, true, true, true, true, true, true, true, true, true, true, true, true, true, true]
17:54:40.899 [main] INFO api.AvailableMembersApi - Validating members for Survey ID: 56
17:54:40.901 [main] INFO api.AvailableMembersApi - Received response for survey ID 56: Status Code = 200
17:54:40.910 [main] INFO api.AvailableMembersApi - Converted Available IDs for survey ID 56: [1, 2, 3, 4, 6, 8, 9, 11, 13, 14, 16, 18, 19, 20, 21, 24, 25, 27, 28, 29, 30, 31, 32, 34, 35, 36, 37, 39, 40, 43, 44, 46, 47, 48, 49, 52, 53, 54, 56, 57, 58, 59, 60, 61, 62, 64, 66, 67, 68, 71, 72, 73, 76, 77, 78, 82, 85, 86, 89, 91, 92, 93, 94, 95, 96, 98, 99, 101, 102, 107, 110, 111, 112, 113, 114, 115, 116, 117, 120, 121, 124, 125, 126, 127, 128, 129, 131, 132, 134, 136, 137, 139, 142, 143, 145, 147, 148, 149, 150, 151, 152, 153, 155, 158, 159, 160, 161, 163, 164, 166, 168, 171, 172, 173, 174, 175, 176, 177, 178, 179, 180, 181, 182, 183, 184, 186, 187, 189, 190, 191, 193, 194, 195, 196, 197, 198, 199, 202, 204, 205, 206, 207, 208, 209, 211, 212, 214, 216, 217, 218, 220, 221, 223, 224, 227, 228, 232, 233, 234, 235, 236, 238, 242, 243, 245, 246, 247, 248, 249, 250, 251, 252, 253, 256, 258, 259, 260, 261, 266, 268, 269, 273, 274, 278, 279, 280, 281, 282, 285, 286, 289, 291, 292, 294, 295, 296, 297, 298]
17:54:40.914 [main] INFO api.AvailableMembersApi - Received response for survey ID 57: Status Code = 200
17:54:40.923 [main] INFO api.AvailableMembersApi - Available statuses for survey ID 57: [true, true, true, true, true, true, true, true, true, true, true, true, true, true, true, true, true, true, true, true, true, true, true, true, true, true, true, true, true, true, true, true, true, true, true, true, true, true, true, true, true, true, true, true, true, true, true, true, true, true, true, true, true, true, true, true, true, true, true, true, true, true, true, true, true, true, true, true, true, true, true, true, true, true, true, true, true, true, true, true, true, true, true, true, true, true, true, true, true, true, true, true, true, true, true, true, true, true, true, true, true, true, true, true, true, true, true, true, true, true, true, true, true, true, true, true, true, true, true, true, true, true, true, true, true, true, true, true, true, true, true, true, true, true, true, true, true, true, true, true, true, true, true, true, true, true, true, true, true, true, true, true, true, true, true, true, true, true, true, true, true, true, true, true, true, true, true, true, true, true, true, true, true, true, true, true, true, true, true, true, true, true, true, true, true, true, true, true, true, true, true, true, true, true, true, true, true, true, true, true, true, true]
17:54:40.923 [main] INFO api.AvailableMembersApi - Validating members for Survey ID: 57
17:54:40.925 [main] INFO api.AvailableMembersApi - Received response for survey ID 57: Status Code = 200
17:54:40.956 [main] INFO api.AvailableMembersApi - Converted Available IDs for survey ID 57: [1, 2, 3, 4, 6, 9, 11, 13, 16, 18, 19, 21, 22, 24, 25, 27, 28, 29, 31, 32, 34, 35, 37, 40, 42, 43, 44, 46, 47, 48, 49, 51, 52, 53, 54, 56, 57, 59, 60, 61, 62, 63, 64, 65, 66, 67, 68, 71, 72, 73, 76, 77, 82, 85, 86, 89, 91, 92, 93, 94, 95, 96, 98, 99, 101, 102, 104, 107, 110, 111, 112, 113, 114, 115, 116, 120, 121, 124, 125, 126, 127, 128, 130, 131, 132, 133, 134, 136, 137, 139, 140, 142, 143, 145, 146, 147, 148, 149, 150, 151, 153, 154, 155, 156, 157, 158, 159, 160, 161, 163, 164, 166, 167, 168, 171, 172, 173, 174, 175, 176, 177, 178, 179, 180, 181, 182, 183, 184, 186, 187, 189, 190, 191, 193, 195, 196, 197, 198, 199, 200, 202, 204, 206, 207, 208, 209, 211, 212, 214, 216, 217, 220, 221, 223, 224, 228, 229, 230, 232, 233, 234, 235, 236, 237, 238, 242, 243, 245, 246, 247, 248, 249, 250, 251, 252, 253, 255, 256, 258, 259, 260, 261, 266, 268, 269, 273, 278, 279, 280, 281, 282, 284, 285, 286, 289, 291, 292, 294, 295, 296, 297, 298]
17:54:40.959 [main] INFO api.AvailableMembersApi - Received response for survey ID 58: Status Code = 200
17:54:40.965 [main] INFO api.AvailableMembersApi - Available statuses for survey ID 58: [true, true, true, true, true, true, true, true, true, true, true, true, true, true, true, true, true, true, true, true, true, true, true, true, true, true, true, true, true, true, true, true, true, true, true, true, true, true, true, true, true, true, true, true, true, true, true, true, true, true, true, true, true, true, true, true, true, true, true, true, true, true, true, true, true, true, true, true, true, true, true, true, true, true, true, true, true, true, true, true, true, true, true, true, true, true, true, true, true, true, true, true, true, true, true, true, true, true, true, true, true, true, true, true, true, true, true, true, true, true, true, true, true, true, true, true, true, true, true, true, true, true, true, true, true, true, true, true, true, true, true, true, true, true, true, true, true, true, true, true, true, true, true, true, true, true, true, true, true, true, true, true, true, true, true, true, true, true, true, true, true, true, true, true, true, true, true, true, true, true, true, true, true, true, true, true, true, true, true, true, true, true, true, true, true, true, true, true, true, true, true, true, true, true, true]
17:54:40.965 [main] INFO api.AvailableMembersApi - Validating members for Survey ID: 58
17:54:40.966 [main] INFO api.AvailableMembersApi - Received response for survey ID 58: Status Code = 200
17:54:40.972 [main] INFO api.AvailableMembersApi - Converted Available IDs for survey ID 58: [1, 2, 4, 6, 8, 9, 11, 13, 14, 16, 18, 19, 20, 21, 22, 24, 25, 27, 28, 29, 30, 34, 35, 36, 37, 39, 40, 43, 44, 46, 47, 49, 50, 51, 52, 53, 54, 55, 56, 57, 58, 59, 60, 61, 63, 64, 65, 66, 67, 69, 71, 72, 73, 76, 78, 82, 85, 87, 89, 91, 94, 95, 96, 98, 99, 101, 102, 107, 110, 111, 112, 113, 114, 115, 116, 117, 120, 121, 124, 125, 126, 127, 128, 129, 130, 131, 132, 134, 136, 137, 139, 140, 142, 143, 145, 147, 148, 149, 150, 151, 153, 154, 157, 158, 159, 160, 161, 163, 164, 167, 168, 171, 174, 175, 176, 177, 178, 179, 180, 181, 182, 183, 184, 186, 187, 190, 191, 194, 195, 196, 197, 198, 199, 202, 204, 205, 206, 207, 208, 209, 211, 212, 214, 216, 217, 218, 220, 221, 223, 224, 227, 228, 229, 230, 233, 234, 235, 236, 237, 238, 242, 243, 245, 246, 247, 248, 249, 250, 251, 252, 253, 255, 256, 258, 259, 260, 261, 266, 268, 269, 278, 279, 280, 281, 282, 284, 285, 289, 291, 292, 294, 295, 296, 297, 298]
17:54:40.975 [main] INFO api.AvailableMembersApi - Received response for survey ID 59: Status Code = 200
17:54:40.980 [main] INFO api.AvailableMembersApi - Available statuses for survey ID 59: [true, true, true, true, true, true, true, true, true, true, true, true, true, true, true, true, true, true, true, true, true, true, true, true, true, true, true, true, true, true, true, true, true, true, true, true, true, true, true, true, true, true, true, true, true, true, true, true, true, true, true, true, true, true, true, true, true, true, true, true, true, true, true, true, true, true, true, true, true, true, true, true, true, true, true, true, true, true, true, true, true, true, true, true, true, true, true, true, true, true, true, true, true, true, true, true, true, true, true, true, true, true, true, true, true, true, true, true, true, true, true, true, true, true, true, true, true, true, true, true, true, true, true, true, true, true, true, true, true, true, true, true, true, true, true, true, true, true, true, true, true, true, true, true, true, true, true, true, true, true, true, true, true, true, true, true, true, true, true, true, true, true, true, true, true, true, true, true, true, true, true, true, true, true, true, true, true, true, true, true, true, true, true, true, true, true, true, true, true, true, true, true, true]
17:54:40.980 [main] INFO api.AvailableMembersApi - Validating members for Survey ID: 59
17:54:40.982 [main] INFO api.AvailableMembersApi - Received response for survey ID 59: Status Code = 200
17:54:40.992 [main] INFO api.AvailableMembersApi - Converted Available IDs for survey ID 59: [1, 2, 3, 4, 9, 11, 13, 14, 16, 18, 19, 20, 21, 22, 24, 25, 27, 28, 29, 30, 31, 32, 34, 35, 36, 37, 39, 40, 42, 43, 47, 48, 49, 50, 52, 53, 54, 55, 56, 57, 58, 59, 60, 63, 64, 65, 66, 68, 69, 71, 73, 76, 77, 78, 82, 85, 86, 87, 91, 93, 94, 95, 96, 98, 99, 101, 102, 104, 107, 110, 111, 112, 113, 114, 115, 116, 117, 120, 121, 124, 125, 126, 127, 128, 129, 130, 131, 133, 134, 136, 137, 142, 143, 145, 146, 147, 148, 149, 150, 151, 152, 153, 154, 155, 157, 158, 159, 160, 161, 164, 166, 168, 172, 173, 174, 175, 176, 177, 178, 179, 180, 181, 186, 187, 189, 190, 191, 193, 194, 195, 196, 197, 198, 199, 200, 202, 204, 205, 206, 207, 208, 209, 211, 214, 216, 220, 221, 223, 224, 227, 228, 229, 230, 232, 233, 234, 235, 236, 237, 238, 242, 245, 246, 247, 248, 249, 250, 251, 252, 253, 255, 256, 258, 259, 260, 261, 268, 269, 273, 274, 278, 279, 280, 281, 282, 285, 286, 289, 291, 295, 296, 297, 298]
17:54:40.996 [main] INFO api.AvailableMembersApi - Received response for survey ID 60: Status Code = 200
17:54:41.005 [main] INFO api.AvailableMembersApi - Available statuses for survey ID 60: [true, true, true, true, true, true, true, true, true, true, true, true, true, true, true, true, true, true, true, true, true, true, true, true, true, true, true, true, true, true, true, true, true, true, true, true, true, true, true, true, true, true, true, true, true, true, true, true, true, true, true, true, true, true, true, true, true, true, true, true, true, true, true, true, true, true, true, true, true, true, true, true, true, true, true, true, true, true, true, true, true, true, true, true, true, true, true, true, true, true, true, true, true, true, true, true, true, true, true, true, true, true, true, true, true, true, true, true, true, true, true, true, true, true, true, true, true, true, true, true, true, true, true, true, true, true, true, true, true, true, true, true, true, true, true, true, true, true, true, true, true, true, true, true, true, true, true, true, true, true, true, true, true, true, true, true, true, true, true, true, true, true, true, true, true, true, true, true, true, true, true, true, true, true, true, true, true, true, true, true, true, true, true, true, true, true, true, true, true, true, true, true, true, true, true, true, true, true, true, true]
17:54:41.005 [main] INFO api.AvailableMembersApi - Validating members for Survey ID: 60
17:54:41.007 [main] INFO api.AvailableMembersApi - Received response for survey ID 60: Status Code = 200
17:54:41.017 [main] INFO api.AvailableMembersApi - Converted Available IDs for survey ID 60: [1, 3, 4, 6, 8, 9, 11, 13, 16, 18, 19, 20, 21, 22, 24, 25, 27, 29, 31, 32, 34, 35, 37, 39, 40, 42, 43, 44, 46, 47, 48, 49, 50, 51, 52, 53, 55, 56, 57, 58, 59, 60, 61, 62, 63, 64, 65, 66, 67, 72, 73, 76, 77, 78, 82, 85, 86, 87, 89, 91, 92, 93, 95, 96, 98, 99, 101, 102, 104, 107, 111, 112, 114, 115, 116, 117, 120, 121, 124, 125, 126, 127, 129, 130, 131, 132, 133, 134, 136, 137, 139, 140, 142, 143, 145, 147, 148, 150, 151, 152, 153, 154, 155, 156, 157, 158, 159, 160, 161, 164, 166, 167, 168, 171, 173, 174, 175, 176, 177, 178, 179, 180, 181, 182, 184, 186, 187, 189, 190, 191, 193, 194, 195, 196, 197, 198, 199, 200, 202, 204, 205, 206, 207, 208, 209, 211, 212, 214, 216, 218, 220, 221, 223, 224, 227, 228, 229, 230, 232, 233, 234, 235, 236, 237, 238, 245, 246, 247, 248, 249, 250, 251, 252, 253, 255, 256, 258, 259, 260, 261, 266, 268, 269, 273, 274, 278, 279, 280, 281, 282, 285, 286, 289, 291, 292, 294, 295, 296, 297, 298]
17:54:41.020 [main] INFO api.AvailableMembersApi - Received response for survey ID 61: Status Code = 200
17:54:41.026 [main] INFO api.AvailableMembersApi - Available statuses for survey ID 61: [true, true, true, true, true, true, true, true, true, true, true, true, true, true, true, true, true, true, true, true, true, true, true, true, true, true, true, true, true, true, true, true, true, true, true, true, true, true, true, true, true, true, true, true, true, true, true, true, true, true, true, true, true, true, true, true, true, true, true, true, true, true, true, true, true, true, true, true, true, true, true, true, true, true, true, true, true, true, true, true, true, true, true, true, true, true, true, true, true, true, true, true, true, true, true, true, true, true, true, true, true, true, true, true, true, true, true, true, true, true, true, true, true, true, true, true, true, true, true, true, true, true, true, true, true, true, true, true, true, true, true, true, true, true, true, true, true, true, true, true, true, true, true, true, true, true, true, true, true, true, true, true, true, true, true, true, true, true, true, true, true, true, true, true, true, true, true, true, true, true, true, true, true, true, true, true, true, true, true, true, true, true, true, true, true, true, true, true, true, true, true, true, true, true, true, true, true, true, true, true, true, true, true, true, true, true, true]
17:54:41.026 [main] INFO api.AvailableMembersApi - Validating members for Survey ID: 61
17:54:41.027 [main] INFO api.AvailableMembersApi - Received response for survey ID 61: Status Code = 200
17:54:41.037 [main] INFO api.AvailableMembersApi - Converted Available IDs for survey ID 61: [1, 2, 3, 4, 6, 8, 11, 14, 19, 20, 21, 22, 24, 25, 28, 29, 30, 31, 32, 34, 35, 36, 37, 39, 40, 42, 43, 44, 46, 47, 48, 49, 50, 51, 52, 53, 54, 55, 56, 57, 58, 59, 60, 61, 62, 63, 64, 65, 66, 67, 69, 71, 72, 73, 76, 77, 78, 82, 85, 86, 87, 89, 91, 92, 93, 95, 96, 98, 99, 101, 102, 104, 107, 110, 111, 112, 113, 114, 115, 116, 117, 120, 121, 124, 125, 126, 127, 128, 129, 130, 131, 132, 133, 134, 136, 137, 139, 140, 142, 143, 145, 146, 147, 148, 149, 150, 151, 152, 154, 156, 157, 159, 160, 161, 163, 164, 166, 167, 168, 171, 172, 173, 174, 175, 176, 177, 178, 179, 180, 181, 182, 183, 184, 186, 187, 189, 190, 191, 193, 194, 195, 196, 197, 198, 199, 200, 202, 204, 205, 206, 207, 208, 209, 212, 214, 216, 217, 218, 220, 223, 224, 228, 229, 230, 232, 233, 234, 236, 237, 238, 242, 243, 245, 246, 247, 248, 249, 250, 251, 252, 253, 255, 256, 258, 260, 261, 266, 268, 269, 273, 274, 278, 279, 280, 281, 282, 284, 285, 286, 289, 291, 292, 294, 295, 296, 297, 298]
17:54:41.041 [main] INFO api.AvailableMembersApi - Received response for survey ID 62: Status Code = 200
17:54:41.050 [main] INFO api.AvailableMembersApi - Available statuses for survey ID 62: [true, true, true, true, true, true, true, true, true, true, true, true, true, true, true, true, true, true, true, true, true, true, true, true, true, true, true, true, true, true, true, true, true, true, true, true, true, true, true, true, true, true, true, true, true, true, true, true, true, true, true, true, true, true, true, true, true, true, true, true, true, true, true, true, true, true, true, true, true, true, true, true, true, true, true, true, true, true, true, true, true, true, true, true, true, true, true, true, true, true, true, true, true, true, true, true, true, true, true, true, true, true, true, true, true, true, true, true, true, true, true, true, true, true, true, true, true, true, true, true, true, true, true, true, true, true, true, true, true, true, true, true, true, true, true, true, true, true, true, true, true, true, true, true, true, true, true, true, true, true, true, true, true, true, true, true, true, true, true, true, true, true, true, true, true, true, true, true, true, true, true, true, true, true, true, true, true, true, true, true, true, true, true, true, true, true, true, true, true, true, true, true, true, true]
17:54:41.050 [main] INFO api.AvailableMembersApi - Validating members for Survey ID: 62
17:54:41.052 [main] INFO api.AvailableMembersApi - Received response for survey ID 62: Status Code = 200
17:54:41.059 [main] INFO api.AvailableMembersApi - Converted Available IDs for survey ID 62: [1, 3, 6, 8, 9, 11, 13, 14, 16, 19, 20, 21, 22, 24, 25, 27, 28, 29, 30, 32, 34, 36, 37, 39, 40, 42, 43, 44, 46, 48, 50, 51, 52, 53, 54, 55, 56, 57, 58, 59, 60, 61, 62, 63, 64, 65, 66, 67, 68, 69, 71, 76, 78, 82, 85, 86, 89, 91, 92, 93, 94, 95, 96, 98, 99, 101, 102, 104, 107, 110, 111, 112, 113, 114, 115, 117, 120, 121, 124, 125, 126, 127, 128, 129, 130, 131, 133, 134, 136, 137, 139, 140, 142, 143, 145, 147, 149, 151, 152, 153, 154, 155, 156, 157, 158, 159, 160, 161, 163, 166, 167, 168, 171, 172, 173, 174, 175, 177, 178, 179, 180, 181, 182, 183, 184, 186, 187, 189, 190, 191, 193, 194, 195, 196, 197, 198, 200, 202, 204, 205, 206, 207, 208, 211, 212, 216, 217, 218, 220, 221, 223, 224, 228, 229, 230, 232, 234, 235, 236, 237, 238, 242, 243, 245, 246, 247, 248, 249, 250, 251, 252, 253, 255, 256, 258, 259, 260, 261, 268, 269, 274, 278, 279, 280, 281, 282, 284, 285, 286, 289, 291, 292, 296, 298]
17:54:41.062 [main] INFO api.AvailableMembersApi - Received response for survey ID 63: Status Code = 200
17:54:41.068 [main] INFO api.AvailableMembersApi - Available statuses for survey ID 63: [true, true, true, true, true, true, true, true, true, true, true, true, true, true, true, true, true, true, true, true, true, true, true, true, true, true, true, true, true, true, true, true, true, true, true, true, true, true, true, true, true, true, true, true, true, true, true, true, true, true, true, true, true, true, true, true, true, true, true, true, true, true, true, true, true, true, true, true, true, true, true, true, true, true, true, true, true, true, true, true, true, true, true, true, true, true, true, true, true, true, true, true, true, true, true, true, true, true, true, true, true, true, true, true, true, true, true, true, true, true, true, true, true, true, true, true, true, true, true, true, true, true, true, true, true, true, true, true, true, true, true, true, true, true, true, true, true, true, true, true, true, true, true, true, true, true, true, true, true, true, true, true, true, true, true, true, true, true, true, true, true, true, true, true, true, true, true, true, true, true, true, true, true, true, true, true, true, true, true, true, true, true, true, true, true, true, true, true, true, true, true, true, true, true, true, true, true, true, true, true, true, true]
17:54:41.068 [main] INFO api.AvailableMembersApi - Validating members for Survey ID: 63
17:54:41.070 [main] INFO api.AvailableMembersApi - Received response for survey ID 63: Status Code = 200
17:54:41.078 [main] INFO api.AvailableMembersApi - Converted Available IDs for survey ID 63: [1, 2, 3, 4, 8, 9, 11, 13, 14, 16, 18, 19, 20, 21, 22, 25, 28, 29, 30, 31, 32, 34, 35, 36, 37, 39, 40, 42, 43, 44, 47, 48, 50, 51, 52, 53, 54, 55, 56, 57, 58, 60, 61, 62, 63, 64, 66, 67, 68, 69, 71, 72, 73, 76, 77, 78, 82, 85, 86, 87, 89, 91, 92, 93, 94, 95, 96, 98, 99, 101, 102, 104, 107, 111, 113, 114, 115, 116, 117, 120, 121, 124, 125, 126, 127, 128, 129, 130, 131, 132, 133, 134, 136, 137, 139, 140, 142, 143, 145, 146, 147, 148, 149, 150, 151, 152, 153, 154, 155, 156, 157, 158, 159, 160, 161, 163, 164, 166, 167, 168, 171, 172, 173, 174, 175, 176, 177, 178, 179, 180, 181, 182, 183, 184, 187, 189, 190, 191, 193, 194, 196, 197, 198, 199, 200, 202, 204, 206, 207, 208, 209, 211, 212, 214, 216, 217, 218, 220, 221, 223, 227, 228, 230, 233, 235, 237, 238, 242, 243, 245, 246, 247, 248, 249, 250, 251, 252, 253, 255, 256, 258, 259, 260, 261, 266, 268, 273, 274, 279, 280, 282, 284, 285, 286, 289, 291, 292, 294, 295, 296, 297, 298]
17:54:41.083 [main] INFO api.AvailableMembersApi - Received response for survey ID 64: Status Code = 200
17:54:41.092 [main] INFO api.AvailableMembersApi - Available statuses for survey ID 64: [true, true, true, true, true, true, true, true, true, true, true, true, true, true, true, true, true, true, true, true, true, true, true, true, true, true, true, true, true, true, true, true, true, true, true, true, true, true, true, true, true, true, true, true, true, true, true, true, true, true, true, true, true, true, true, true, true, true, true, true, true, true, true, true, true, true, true, true, true, true, true, true, true, true, true, true, true, true, true, true, true, true, true, true, true, true, true, true, true, true, true, true, true, true, true, true, true, true, true, true, true, true, true, true, true, true, true, true, true, true, true, true, true, true, true, true, true, true, true, true, true, true, true, true, true, true, true, true, true, true, true, true, true, true, true, true, true, true, true, true, true, true, true, true, true, true, true, true, true, true, true, true, true, true, true, true, true, true, true, true, true, true, true, true, true, true, true, true, true, true, true, true, true, true, true, true, true, true, true, true, true, true, true, true, true, true, true, true, true, true, true, true, true, true, true, true, true, true, true, true]
17:54:41.093 [main] INFO api.AvailableMembersApi - Validating members for Survey ID: 64
17:54:41.095 [main] INFO api.AvailableMembersApi - Received response for survey ID 64: Status Code = 200
17:54:41.104 [main] INFO api.AvailableMembersApi - Converted Available IDs for survey ID 64: [1, 2, 6, 8, 9, 11, 13, 16, 18, 19, 20, 21, 22, 25, 27, 28, 30, 31, 32, 34, 35, 36, 37, 40, 42, 43, 44, 46, 47, 48, 49, 50, 51, 52, 53, 54, 55, 56, 58, 59, 60, 61, 62, 63, 64, 65, 66, 67, 69, 71, 72, 73, 76, 77, 82, 85, 86, 87, 89, 91, 92, 94, 95, 96, 98, 99, 101, 102, 104, 107, 110, 111, 112, 113, 114, 115, 116, 117, 120, 121, 126, 127, 128, 129, 130, 131, 132, 133, 134, 136, 137, 139, 140, 142, 143, 145, 146, 147, 148, 149, 150, 151, 152, 153, 154, 155, 156, 157, 158, 159, 160, 161, 163, 164, 166, 167, 168, 171, 172, 173, 174, 175, 177, 178, 179, 181, 182, 183, 184, 186, 187, 189, 190, 191, 193, 194, 195, 196, 197, 198, 199, 200, 202, 204, 205, 206, 207, 208, 209, 211, 212, 216, 217, 218, 220, 221, 223, 224, 228, 229, 230, 232, 233, 234, 235, 236, 237, 238, 242, 243, 245, 246, 247, 249, 250, 251, 252, 256, 258, 259, 260, 261, 266, 268, 269, 279, 280, 281, 282, 284, 285, 286, 289, 291, 292, 294, 295, 296, 297, 298]
17:54:41.109 [main] INFO api.AvailableMembersApi - Received response for survey ID 65: Status Code = 200
17:54:41.118 [main] INFO api.AvailableMembersApi - Available statuses for survey ID 65: [true, true, true, true, true, true, true, true, true, true, true, true, true, true, true, true, true, true, true, true, true, true, true, true, true, true, true, true, true, true, true, true, true, true, true, true, true, true, true, true, true, true, true, true, true, true, true, true, true, true, true, true, true, true, true, true, true, true, true, true, true, true, true, true, true, true, true, true, true, true, true, true, true, true, true, true, true, true, true, true, true, true, true, true, true, true, true, true, true, true, true, true, true, true, true, true, true, true, true, true, true, true, true, true, true, true, true, true, true, true, true, true, true, true, true, true, true, true, true, true, true, true, true, true, true, true, true, true, true, true, true, true, true, true, true, true, true, true, true, true, true, true, true, true, true, true, true, true, true, true, true, true, true, true, true, true, true, true, true, true, true, true, true, true, true, true, true, true, true, true, true, true, true, true, true, true, true, true, true, true, true, true, true, true, true, true, true, true, true, true, true, true, true, true, true, true, true, true, true, true, true]
17:54:41.119 [main] INFO api.AvailableMembersApi - Validating members for Survey ID: 65
17:54:41.121 [main] INFO api.AvailableMembersApi - Received response for survey ID 65: Status Code = 200
17:54:41.130 [main] INFO api.AvailableMembersApi - Converted Available IDs for survey ID 65: [1, 3, 4, 8, 9, 11, 14, 16, 18, 19, 20, 21, 22, 24, 25, 27, 28, 29, 30, 31, 32, 35, 36, 39, 40, 42, 43, 46, 47, 48, 50, 51, 52, 53, 54, 55, 56, 57, 58, 59, 60, 61, 62, 63, 64, 65, 66, 67, 68, 71, 72, 73, 77, 78, 82, 85, 86, 87, 89, 91, 92, 93, 94, 96, 98, 99, 104, 107, 110, 111, 112, 113, 114, 115, 116, 117, 120, 124, 125, 126, 128, 129, 130, 132, 133, 134, 136, 137, 139, 140, 142, 143, 145, 147, 148, 149, 150, 151, 152, 153, 154, 155, 157, 158, 159, 160, 161, 163, 164, 166, 167, 168, 171, 172, 173, 174, 175, 176, 177, 179, 180, 181, 182, 183, 184, 186, 187, 189, 190, 191, 193, 194, 195, 196, 197, 198, 199, 200, 202, 204, 205, 206, 207, 208, 209, 211, 212, 214, 216, 217, 218, 220, 221, 223, 224, 227, 228, 229, 230, 232, 233, 234, 236, 237, 238, 242, 243, 245, 246, 247, 248, 249, 250, 251, 252, 253, 255, 256, 258, 259, 260, 261, 268, 269, 273, 274, 278, 279, 280, 282, 284, 285, 286, 289, 291, 292, 294, 295, 296, 297, 298]
17:54:41.135 [main] INFO api.AvailableMembersApi - Received response for survey ID 66: Status Code = 200
17:54:41.146 [main] INFO api.AvailableMembersApi - Available statuses for survey ID 66: [true, true, true, true, true, true, true, true, true, true, true, true, true, true, true, true, true, true, true, true, true, true, true, true, true, true, true, true, true, true, true, true, true, true, true, true, true, true, true, true, true, true, true, true, true, true, true, true, true, true, true, true, true, true, true, true, true, true, true, true, true, true, true, true, true, true, true, true, true, true, true, true, true, true, true, true, true, true, true, true, true, true, true, true, true, true, true, true, true, true, true, true, true, true, true, true, true, true, true, true, true, true, true, true, true, true, true, true, true, true, true, true, true, true, true, true, true, true, true, true, true, true, true, true, true, true, true, true, true, true, true, true, true, true, true, true, true, true, true, true, true, true, true, true, true, true, true, true, true, true, true, true, true, true, true, true, true, true, true, true, true, true, true, true, true, true, true, true, true, true, true, true, true, true, true, true, true, true, true, true, true, true, true, true, true, true, true, true, true, true, true, true, true, true, true, true, true, true, true, true, true, true, true, true, true, true, true]
17:54:41.146 [main] INFO api.AvailableMembersApi - Validating members for Survey ID: 66
17:54:41.148 [main] INFO api.AvailableMembersApi - Received response for survey ID 66: Status Code = 200
17:54:41.157 [main] INFO api.AvailableMembersApi - Converted Available IDs for survey ID 66: [1, 2, 3, 4, 6, 8, 9, 13, 14, 16, 18, 19, 20, 22, 24, 25, 27, 28, 29, 30, 31, 32, 34, 35, 36, 37, 39, 40, 42, 43, 44, 46, 47, 48, 49, 50, 51, 52, 53, 54, 55, 56, 58, 59, 60, 61, 62, 63, 64, 65, 66, 67, 68, 69, 71, 73, 76, 77, 78, 82, 85, 86, 87, 89, 91, 92, 93, 94, 96, 98, 99, 101, 102, 107, 110, 111, 112, 113, 114, 115, 116, 117, 120, 121, 124, 125, 126, 127, 128, 129, 130, 131, 132, 133, 134, 136, 137, 139, 140, 142, 143, 145, 146, 147, 148, 149, 150, 151, 153, 154, 155, 156, 157, 158, 159, 160, 163, 164, 166, 167, 168, 171, 172, 173, 174, 175, 176, 177, 179, 180, 181, 182, 183, 184, 186, 187, 189, 190, 191, 193, 194, 195, 196, 197, 198, 199, 200, 202, 205, 206, 207, 209, 211, 212, 214, 216, 217, 218, 220, 221, 223, 224, 227, 228, 229, 230, 232, 233, 234, 236, 237, 238, 242, 243, 247, 248, 249, 250, 252, 253, 255, 256, 258, 259, 260, 261, 266, 268, 269, 273, 274, 278, 279, 280, 281, 282, 284, 285, 286, 289, 291, 292, 294, 295, 296, 297, 298]
17:54:41.162 [main] INFO api.AvailableMembersApi - Received response for survey ID 67: Status Code = 200
17:54:41.171 [main] INFO api.AvailableMembersApi - Available statuses for survey ID 67: [true, true, true, true, true, true, true, true, true, true, true, true, true, true, true, true, true, true, true, true, true, true, true, true, true, true, true, true, true, true, true, true, true, true, true, true, true, true, true, true, true, true, true, true, true, true, true, true, true, true, true, true, true, true, true, true, true, true, true, true, true, true, true, true, true, true, true, true, true, true, true, true, true, true, true, true, true, true, true, true, true, true, true, true, true, true, true, true, true, true, true, true, true, true, true, true, true, true, true, true, true, true, true, true, true, true, true, true, true, true, true, true, true, true, true, true, true, true, true, true, true, true, true, true, true, true, true, true, true, true, true, true, true, true, true, true, true, true, true, true, true, true, true, true, true, true, true, true, true, true, true, true, true, true, true, true, true, true, true, true, true, true, true, true, true, true, true, true, true, true, true, true, true, true, true, true, true, true, true, true, true, true, true, true, true, true, true, true, true, true, true, true, true, true, true, true, true]
17:54:41.171 [main] INFO api.AvailableMembersApi - Validating members for Survey ID: 67
17:54:41.174 [main] INFO api.AvailableMembersApi - Received response for survey ID 67: Status Code = 200
17:54:41.180 [main] INFO api.AvailableMembersApi - Converted Available IDs for survey ID 67: [1, 2, 3, 4, 6, 8, 9, 13, 14, 16, 18, 19, 20, 21, 22, 25, 28, 29, 30, 31, 32, 34, 35, 39, 40, 42, 43, 44, 46, 47, 49, 50, 51, 52, 53, 55, 56, 57, 58, 59, 60, 61, 62, 63, 64, 66, 68, 69, 71, 72, 73, 76, 77, 78, 82, 85, 86, 87, 89, 93, 94, 95, 96, 98, 99, 101, 102, 104, 107, 111, 112, 113, 114, 115, 116, 117, 120, 121, 124, 125, 126, 127, 128, 129, 131, 132, 134, 136, 137, 139, 140, 142, 143, 145, 146, 147, 148, 149, 150, 151, 152, 153, 154, 155, 156, 158, 159, 160, 161, 163, 164, 166, 167, 171, 172, 173, 174, 175, 176, 178, 179, 181, 182, 183, 184, 186, 187, 189, 190, 191, 193, 194, 195, 196, 197, 198, 199, 200, 202, 204, 205, 206, 207, 208, 209, 212, 214, 216, 217, 218, 220, 221, 223, 224, 227, 228, 229, 232, 233, 235, 236, 237, 238, 242, 243, 245, 246, 247, 248, 249, 250, 251, 252, 253, 255, 258, 259, 260, 261, 268, 269, 273, 274, 278, 279, 280, 282, 284, 285, 289, 291, 292, 294, 295, 296, 297, 298]
17:54:41.183 [main] INFO api.AvailableMembersApi - Received response for survey ID 68: Status Code = 200
17:54:41.189 [main] INFO api.AvailableMembersApi - Available statuses for survey ID 68: [true, true, true, true, true, true, true, true, true, true, true, true, true, true, true, true, true, true, true, true, true, true, true, true, true, true, true, true, true, true, true, true, true, true, true, true, true, true, true, true, true, true, true, true, true, true, true, true, true, true, true, true, true, true, true, true, true, true, true, true, true, true, true, true, true, true, true, true, true, true, true, true, true, true, true, true, true, true, true, true, true, true, true, true, true, true, true, true, true, true, true, true, true, true, true, true, true, true, true, true, true, true, true, true, true, true, true, true, true, true, true, true, true, true, true, true, true, true, true, true, true, true, true, true, true, true, true, true, true, true, true, true, true, true, true, true, true, true, true, true, true, true, true, true, true, true, true, true, true, true, true, true, true, true, true, true, true, true, true, true, true, true, true, true, true, true, true, true, true, true, true, true, true, true, true, true, true, true, true, true, true, true, true, true, true, true, true, true, true, true, true, true, true, true, true, true]
17:54:41.189 [main] INFO api.AvailableMembersApi - Validating members for Survey ID: 68
17:54:41.191 [main] INFO api.AvailableMembersApi - Received response for survey ID 68: Status Code = 200
17:54:41.196 [main] INFO api.AvailableMembersApi - Converted Available IDs for survey ID 68: [1, 2, 3, 4, 6, 8, 9, 11, 13, 14, 16, 18, 19, 20, 21, 22, 25, 27, 28, 29, 30, 31, 32, 34, 35, 36, 37, 39, 40, 42, 43, 44, 46, 47, 48, 49, 50, 51, 53, 54, 55, 56, 57, 58, 59, 60, 61, 62, 63, 64, 65, 67, 68, 69, 71, 72, 76, 77, 82, 85, 86, 87, 89, 91, 92, 93, 94, 95, 96, 98, 99, 101, 102, 104, 107, 110, 111, 112, 113, 114, 115, 116, 117, 120, 121, 124, 126, 127, 130, 132, 133, 136, 137, 139, 140, 142, 143, 146, 147, 148, 149, 150, 151, 152, 153, 154, 155, 156, 157, 158, 159, 160, 161, 163, 164, 167, 168, 171, 172, 173, 174, 175, 176, 177, 178, 179, 180, 181, 182, 184, 187, 189, 190, 191, 193, 194, 196, 197, 198, 199, 200, 202, 204, 205, 208, 209, 211, 212, 214, 216, 218, 220, 221, 223, 224, 227, 228, 229, 230, 232, 233, 234, 235, 236, 238, 243, 245, 247, 248, 249, 250, 251, 252, 253, 255, 256, 258, 259, 260, 261, 266, 268, 269, 273, 279, 280, 281, 284, 286, 289, 291, 292, 294, 295, 296, 298]
17:54:41.199 [main] INFO api.AvailableMembersApi - Received response for survey ID 69: Status Code = 200
17:54:41.203 [main] INFO api.AvailableMembersApi - Available statuses for survey ID 69: [true, true, true, true, true, true, true, true, true, true, true, true, true, true, true, true, true, true, true, true, true, true, true, true, true, true, true, true, true, true, true, true, true, true, true, true, true, true, true, true, true, true, true, true, true, true, true, true, true, true, true, true, true, true, true, true, true, true, true, true, true, true, true, true, true, true, true, true, true, true, true, true, true, true, true, true, true, true, true, true, true, true, true, true, true, true, true, true, true, true, true, true, true, true, true, true, true, true, true, true, true, true, true, true, true, true, true, true, true, true, true, true, true, true, true, true, true, true, true, true, true, true, true, true, true, true, true, true, true, true, true, true, true, true, true, true, true, true, true, true, true, true, true, true, true, true, true, true, true, true, true, true, true, true, true, true, true, true, true, true, true, true, true, true, true, true, true, true, true, true, true, true, true, true, true, true, true, true, true, true, true, true, true, true, true, true, true, true, true, true, true, true, true, true]
17:54:41.204 [main] INFO api.AvailableMembersApi - Validating members for Survey ID: 69
17:54:41.205 [main] INFO api.AvailableMembersApi - Received response for survey ID 69: Status Code = 200
17:54:41.212 [main] INFO api.AvailableMembersApi - Converted Available IDs for survey ID 69: [1, 2, 3, 4, 6, 8, 9, 11, 14, 18, 19, 20, 22, 24, 25, 27, 28, 29, 30, 31, 32, 34, 35, 36, 37, 39, 40, 42, 43, 44, 46, 47, 48, 50, 51, 52, 53, 54, 55, 57, 58, 60, 61, 62, 63, 64, 65, 66, 67, 68, 69, 71, 72, 73, 76, 77, 78, 82, 86, 87, 89, 91, 93, 94, 95, 96, 99, 101, 102, 104, 107, 111, 112, 113, 114, 115, 116, 117, 121, 124, 125, 126, 127, 128, 129, 130, 132, 133, 134, 136, 137, 139, 140, 142, 143, 145, 146, 147, 148, 149, 150, 151, 152, 153, 154, 155, 156, 158, 159, 160, 161, 164, 166, 167, 168, 171, 172, 173, 174, 175, 176, 177, 178, 179, 180, 181, 182, 183, 184, 189, 190, 191, 193, 194, 195, 196, 197, 198, 199, 202, 205, 206, 207, 208, 209, 212, 214, 216, 217, 218, 220, 221, 223, 227, 228, 229, 230, 232, 233, 235, 236, 237, 238, 242, 243, 245, 246, 247, 248, 249, 250, 251, 252, 253, 255, 256, 258, 259, 261, 266, 268, 269, 273, 274, 278, 279, 280, 281, 285, 286, 289, 292, 294, 298]
17:54:41.215 [main] INFO api.AvailableMembersApi - Received response for survey ID 70: Status Code = 200
17:54:41.220 [main] INFO api.AvailableMembersApi - Available statuses for survey ID 70: [true, true, true, true, true, true, true, true, true, true, true, true, true, true, true, true, true, true, true, true, true, true, true, true, true, true, true, true, true, true, true, true, true, true, true, true, true, true, true, true, true, true, true, true, true, true, true, true, true, true, true, true, true, true, true, true, true, true, true, true, true, true, true, true, true, true, true, true, true, true, true, true, true, true, true, true, true, true, true, true, true, true, true, true, true, true, true, true, true, true, true, true, true, true, true, true, true, true, true, true, true, true, true, true, true, true, true, true, true, true, true, true, true, true, true, true, true, true, true, true, true, true, true, true, true, true, true, true, true, true, true, true, true, true, true, true, true, true, true, true, true, true, true, true, true, true, true, true, true, true, true, true, true, true, true, true, true, true, true, true, true, true, true, true, true, true, true, true, true, true, true, true, true, true, true, true, true, true, true, true, true, true, true, true, true, true, true, true, true, true, true, true, true, true, true, true]
17:54:41.220 [main] INFO api.AvailableMembersApi - Validating members for Survey ID: 70
17:54:41.221 [main] INFO api.AvailableMembersApi - Received response for survey ID 70: Status Code = 200
17:54:41.226 [main] INFO api.AvailableMembersApi - Converted Available IDs for survey ID 70: [1, 2, 3, 4, 6, 9, 13, 14, 16, 18, 19, 21, 22, 24, 25, 27, 28, 29, 30, 32, 34, 35, 36, 37, 39, 40, 42, 43, 44, 46, 47, 48, 49, 50, 51, 52, 53, 54, 55, 56, 57, 58, 59, 60, 61, 62, 63, 64, 65, 66, 67, 68, 69, 71, 72, 77, 78, 82, 85, 86, 89, 91, 93, 94, 96, 99, 101, 102, 104, 107, 110, 111, 113, 114, 115, 116, 117, 120, 121, 124, 125, 126, 127, 128, 129, 130, 131, 132, 133, 134, 136, 137, 139, 140, 142, 143, 145, 146, 147, 148, 149, 150, 151, 152, 153, 154, 155, 156, 157, 158, 159, 161, 163, 164, 166, 171, 172, 174, 177, 178, 179, 180, 182, 183, 184, 186, 187, 189, 190, 193, 194, 195, 196, 197, 198, 199, 200, 202, 204, 205, 206, 207, 208, 209, 211, 212, 214, 216, 217, 220, 221, 223, 228, 229, 232, 233, 234, 235, 236, 237, 238, 242, 245, 246, 247, 248, 249, 251, 252, 253, 255, 256, 258, 259, 260, 261, 266, 268, 269, 273, 274, 278, 279, 280, 281, 282, 284, 285, 286, 289, 291, 292, 294, 296, 297, 298]
17:54:41.228 [main] INFO api.AvailableMembersApi - Received response for survey ID 71: Status Code = 200
17:54:41.233 [main] INFO api.AvailableMembersApi - Available statuses for survey ID 71: [true, true, true, true, true, true, true, true, true, true, true, true, true, true, true, true, true, true, true, true, true, true, true, true, true, true, true, true, true, true, true, true, true, true, true, true, true, true, true, true, true, true, true, true, true, true, true, true, true, true, true, true, true, true, true, true, true, true, true, true, true, true, true, true, true, true, true, true, true, true, true, true, true, true, true, true, true, true, true, true, true, true, true, true, true, true, true, true, true, true, true, true, true, true, true, true, true, true, true, true, true, true, true, true, true, true, true, true, true, true, true, true, true, true, true, true, true, true, true, true, true, true, true, true, true, true, true, true, true, true, true, true, true, true, true, true, true, true, true, true, true, true, true, true, true, true, true, true, true, true, true, true, true, true, true, true, true, true, true, true, true, true, true, true, true, true, true, true, true, true, true, true, true, true, true, true, true, true, true, true, true, true, true, true, true, true, true, true, true, true, true, true, true, true, true, true, true, true]
17:54:41.233 [main] INFO api.AvailableMembersApi - Validating members for Survey ID: 71
17:54:41.234 [main] INFO api.AvailableMembersApi - Received response for survey ID 71: Status Code = 200
17:54:41.239 [main] INFO api.AvailableMembersApi - Converted Available IDs for survey ID 71: [1, 2, 3, 4, 6, 8, 9, 11, 13, 14, 16, 18, 19, 20, 21, 22, 24, 25, 27, 28, 30, 31, 32, 34, 35, 36, 39, 40, 42, 43, 44, 46, 47, 48, 49, 50, 51, 52, 53, 54, 55, 56, 57, 58, 59, 60, 61, 62, 63, 65, 66, 67, 68, 69, 71, 72, 73, 76, 77, 78, 82, 85, 86, 89, 91, 92, 94, 95, 96, 98, 99, 101, 102, 104, 107, 110, 111, 112, 113, 114, 115, 116, 117, 120, 121, 124, 125, 127, 128, 129, 130, 131, 132, 133, 136, 137, 139, 140, 142, 143, 145, 146, 148, 150, 151, 152, 153, 154, 155, 156, 157, 159, 160, 161, 163, 164, 166, 167, 168, 171, 172, 173, 174, 175, 177, 179, 180, 181, 182, 183, 184, 186, 187, 189, 191, 193, 194, 195, 196, 197, 200, 202, 205, 206, 207, 208, 209, 211, 212, 214, 216, 218, 220, 223, 224, 227, 229, 230, 232, 233, 234, 235, 237, 238, 242, 243, 245, 246, 247, 248, 249, 251, 252, 255, 256, 258, 259, 260, 261, 268, 269, 273, 274, 278, 279, 280, 282, 284, 285, 286, 289, 291, 292, 294, 295, 296, 297, 298]
17:54:41.242 [main] INFO api.AvailableMembersApi - Received response for survey ID 72: Status Code = 200
17:54:41.246 [main] INFO api.AvailableMembersApi - Available statuses for survey ID 72: [true, true, true, true, true, true, true, true, true, true, true, true, true, true, true, true, true, true, true, true, true, true, true, true, true, true, true, true, true, true, true, true, true, true, true, true, true, true, true, true, true, true, true, true, true, true, true, true, true, true, true, true, true, true, true, true, true, true, true, true, true, true, true, true, true, true, true, true, true, true, true, true, true, true, true, true, true, true, true, true, true, true, true, true, true, true, true, true, true, true, true, true, true, true, true, true, true, true, true, true, true, true, true, true, true, true, true, true, true, true, true, true, true, true, true, true, true, true, true, true, true, true, true, true, true, true, true, true, true, true, true, true, true, true, true, true, true, true, true, true, true, true, true, true, true, true, true, true, true, true, true, true, true, true, true, true, true, true, true, true, true, true, true, true, true, true, true, true, true, true, true, true, true, true, true, true, true, true, true, true, true, true, true, true, true, true, true, true, true, true, true, true, true, true, true, true, true, true, true, true, true, true]
17:54:41.247 [main] INFO api.AvailableMembersApi - Validating members for Survey ID: 72
17:54:41.248 [main] INFO api.AvailableMembersApi - Received response for survey ID 72: Status Code = 200
17:54:41.253 [main] INFO api.AvailableMembersApi - Converted Available IDs for survey ID 72: [1, 2, 3, 4, 6, 8, 9, 11, 13, 14, 16, 18, 19, 20, 21, 22, 24, 25, 27, 28, 30, 31, 32, 34, 35, 37, 39, 40, 42, 43, 46, 47, 48, 49, 50, 51, 53, 54, 55, 56, 57, 58, 59, 60, 61, 62, 63, 64, 65, 66, 67, 68, 69, 72, 73, 76, 77, 78, 82, 85, 86, 87, 89, 91, 92, 93, 94, 96, 98, 99, 101, 102, 104, 110, 111, 113, 114, 115, 116, 120, 124, 125, 126, 127, 128, 129, 131, 132, 133, 134, 136, 137, 139, 142, 143, 145, 146, 147, 148, 149, 150, 151, 152, 153, 154, 155, 156, 157, 158, 159, 160, 161, 164, 166, 167, 168, 171, 172, 174, 175, 176, 177, 179, 180, 181, 182, 183, 184, 186, 187, 190, 191, 193, 194, 195, 196, 197, 198, 199, 200, 202, 204, 205, 206, 207, 208, 209, 211, 212, 214, 216, 217, 218, 220, 221, 223, 227, 228, 229, 230, 233, 234, 235, 236, 237, 238, 242, 243, 245, 246, 247, 248, 249, 250, 252, 253, 255, 256, 258, 259, 260, 266, 268, 269, 273, 274, 278, 279, 280, 281, 282, 284, 285, 286, 289, 291, 292, 294, 295, 296, 297, 298]
17:54:41.257 [main] INFO api.AvailableMembersApi - Received response for survey ID 73: Status Code = 200
17:54:41.262 [main] INFO api.AvailableMembersApi - Available statuses for survey ID 73: [true, true, true, true, true, true, true, true, true, true, true, true, true, true, true, true, true, true, true, true, true, true, true, true, true, true, true, true, true, true, true, true, true, true, true, true, true, true, true, true, true, true, true, true, true, true, true, true, true, true, true, true, true, true, true, true, true, true, true, true, true, true, true, true, true, true, true, true, true, true, true, true, true, true, true, true, true, true, true, true, true, true, true, true, true, true, true, true, true, true, true, true, true, true, true, true, true, true, true, true, true, true, true, true, true, true, true, true, true, true, true, true, true, true, true, true, true, true, true, true, true, true, true, true, true, true, true, true, true, true, true, true, true, true, true, true, true, true, true, true, true, true, true, true, true, true, true, true, true, true, true, true, true, true, true, true, true, true, true, true, true, true, true, true, true, true, true, true, true, true, true, true, true, true, true, true, true, true, true, true, true, true, true, true, true, true, true, true, true, true, true, true, true, true, true, true, true, true, true, true, true, true, true]
17:54:41.262 [main] INFO api.AvailableMembersApi - Validating members for Survey ID: 73
17:54:41.264 [main] INFO api.AvailableMembersApi - Received response for survey ID 73: Status Code = 200
17:54:41.269 [main] INFO api.AvailableMembersApi - Converted Available IDs for survey ID 73: [1, 2, 3, 4, 6, 9, 11, 13, 14, 16, 18, 19, 21, 22, 24, 25, 27, 28, 29, 31, 32, 34, 35, 36, 37, 39, 40, 42, 43, 44, 47, 48, 49, 50, 51, 52, 54, 55, 56, 57, 58, 59, 60, 61, 62, 63, 64, 65, 66, 67, 68, 71, 72, 73, 77, 78, 82, 85, 89, 91, 92, 93, 94, 95, 96, 98, 99, 101, 102, 104, 107, 110, 111, 112, 113, 114, 115, 116, 117, 120, 124, 125, 126, 127, 128, 130, 131, 132, 133, 134, 136, 137, 140, 142, 143, 145, 146, 147, 149, 150, 151, 152, 153, 154, 156, 157, 158, 159, 160, 161, 163, 164, 166, 167, 168, 171, 172, 173, 175, 176, 177, 178, 179, 180, 181, 182, 183, 184, 186, 187, 189, 190, 194, 196, 197, 198, 199, 200, 202, 204, 205, 206, 207, 208, 209, 211, 212, 214, 216, 217, 218, 220, 221, 223, 224, 227, 228, 229, 230, 232, 233, 234, 235, 236, 237, 238, 242, 243, 245, 246, 248, 249, 250, 251, 252, 253, 255, 256, 258, 259, 260, 261, 266, 268, 269, 273, 274, 278, 279, 280, 281, 282, 284, 285, 286, 289, 291, 292, 294, 295, 296, 297, 298]
17:54:41.272 [main] INFO api.AvailableMembersApi - Received response for survey ID 74: Status Code = 200
17:54:41.277 [main] INFO api.AvailableMembersApi - Available statuses for survey ID 74: [true, true, true, true, true, true, true, true, true, true, true, true, true, true, true, true, true, true, true, true, true, true, true, true, true, true, true, true, true, true, true, true, true, true, true, true, true, true, true, true, true, true, true, true, true, true, true, true, true, true, true, true, true, true, true, true, true, true, true, true, true, true, true, true, true, true, true, true, true, true, true, true, true, true, true, true, true, true, true, true, true, true, true, true, true, true, true, true, true, true, true, true, true, true, true, true, true, true, true, true, true, true, true, true, true, true, true, true, true, true, true, true, true, true, true, true, true, true, true, true, true, true, true, true, true, true, true, true, true, true, true, true, true, true, true, true, true, true, true, true, true, true, true, true, true, true, true, true, true, true, true, true, true, true, true, true, true, true, true, true, true, true, true, true, true, true, true, true, true, true, true, true, true, true, true, true, true, true, true, true, true, true, true, true, true, true, true, true, true, true, true, true, true, true, true, true, true, true, true, true, true, true]
17:54:41.277 [main] INFO api.AvailableMembersApi - Validating members for Survey ID: 74
17:54:41.278 [main] INFO api.AvailableMembersApi - Received response for survey ID 74: Status Code = 200
17:54:41.287 [main] INFO api.AvailableMembersApi - Converted Available IDs for survey ID 74: [1, 2, 3, 4, 6, 8, 9, 11, 13, 16, 18, 19, 20, 21, 22, 24, 25, 27, 28, 29, 30, 31, 32, 34, 35, 36, 37, 40, 42, 43, 44, 47, 48, 49, 50, 51, 52, 53, 54, 55, 56, 57, 58, 59, 60, 61, 62, 63, 64, 65, 66, 67, 68, 69, 71, 72, 73, 76, 77, 78, 85, 86, 87, 89, 91, 92, 93, 94, 95, 96, 99, 101, 102, 104, 107, 110, 111, 112, 113, 114, 115, 116, 117, 120, 121, 124, 125, 126, 128, 129, 130, 131, 132, 133, 134, 137, 139, 142, 143, 145, 146, 148, 149, 150, 151, 152, 153, 154, 155, 156, 157, 159, 160, 161, 163, 164, 166, 167, 172, 173, 174, 176, 177, 178, 179, 180, 181, 182, 183, 184, 186, 187, 189, 190, 191, 193, 194, 195, 196, 197, 198, 199, 200, 202, 204, 207, 208, 209, 211, 212, 214, 216, 217, 218, 220, 221, 223, 224, 228, 230, 232, 233, 234, 235, 236, 237, 238, 242, 243, 245, 246, 247, 248, 249, 251, 252, 253, 255, 256, 258, 259, 260, 261, 266, 268, 269, 273, 274, 278, 279, 280, 281, 282, 284, 285, 289, 292, 294, 295, 296, 297, 298]
17:54:41.290 [main] INFO api.AvailableMembersApi - Received response for survey ID 75: Status Code = 200
17:54:41.295 [main] INFO api.AvailableMembersApi - Available statuses for survey ID 75: [true, true, true, true, true, true, true, true, true, true, true, true, true, true, true, true, true, true, true, true, true, true, true, true, true, true, true, true, true, true, true, true, true, true, true, true, true, true, true, true, true, true, true, true, true, true, true, true, true, true, true, true, true, true, true, true, true, true, true, true, true, true, true, true, true, true, true, true, true, true, true, true, true, true, true, true, true, true, true, true, true, true, true, true, true, true, true, true, true, true, true, true, true, true, true, true, true, true, true, true, true, true, true, true, true, true, true, true, true, true, true, true, true, true, true, true, true, true, true, true, true, true, true, true, true, true, true, true, true, true, true, true, true, true, true, true, true, true, true, true, true, true, true, true, true, true, true, true, true, true, true, true, true, true, true, true, true, true, true, true, true, true, true, true, true, true, true, true, true, true, true, true, true, true, true, true, true, true, true, true, true, true, true, true, true, true, true, true, true, true, true, true, true, true, true, true, true, true, true, true, true, true, true, true, true]
17:54:41.295 [main] INFO api.AvailableMembersApi - Validating members for Survey ID: 75
17:54:41.296 [main] INFO api.AvailableMembersApi - Received response for survey ID 75: Status Code = 200
17:54:41.302 [main] INFO api.AvailableMembersApi - Converted Available IDs for survey ID 75: [1, 2, 3, 8, 9, 11, 13, 14, 16, 18, 19, 20, 21, 22, 24, 25, 27, 28, 29, 30, 31, 32, 34, 35, 36, 37, 40, 42, 43, 44, 46, 47, 48, 49, 50, 51, 52, 53, 54, 55, 56, 57, 58, 59, 61, 63, 64, 65, 66, 67, 68, 69, 71, 72, 73, 76, 77, 78, 82, 85, 86, 87, 89, 91, 92, 93, 94, 95, 96, 98, 99, 101, 102, 104, 107, 110, 111, 112, 113, 114, 115, 117, 120, 121, 124, 125, 126, 127, 130, 131, 132, 133, 134, 136, 137, 140, 142, 143, 145, 146, 147, 148, 149, 150, 151, 152, 153, 154, 155, 156, 157, 160, 161, 163, 164, 166, 167, 168, 171, 172, 173, 174, 176, 177, 178, 179, 180, 181, 182, 183, 184, 187, 189, 190, 191, 193, 194, 195, 196, 197, 198, 199, 200, 202, 204, 205, 206, 207, 208, 209, 211, 212, 214, 218, 220, 221, 223, 224, 227, 228, 229, 230, 232, 233, 234, 235, 236, 237, 238, 242, 243, 245, 246, 247, 248, 249, 250, 251, 252, 253, 255, 256, 258, 259, 260, 261, 266, 268, 269, 273, 274, 278, 279, 280, 281, 282, 285, 286, 289, 291, 292, 295, 296, 297, 298]
17:54:41.305 [main] INFO api.AvailableMembersApi - Received response for survey ID 76: Status Code = 200
17:54:41.310 [main] INFO api.AvailableMembersApi - Available statuses for survey ID 76: [true, true, true, true, true, true, true, true, true, true, true, true, true, true, true, true, true, true, true, true, true, true, true, true, true, true, true, true, true, true, true, true, true, true, true, true, true, true, true, true, true, true, true, true, true, true, true, true, true, true, true, true, true, true, true, true, true, true, true, true, true, true, true, true, true, true, true, true, true, true, true, true, true, true, true, true, true, true, true, true, true, true, true, true, true, true, true, true, true, true, true, true, true, true, true, true, true, true, true, true, true, true, true, true, true, true, true, true, true, true, true, true, true, true, true, true, true, true, true, true, true, true, true, true, true, true, true, true, true, true, true, true, true, true, true, true, true, true, true, true, true, true, true, true, true, true, true, true, true, true, true, true, true, true, true, true, true, true, true, true, true, true, true, true, true, true, true, true, true, true, true, true, true, true, true, true, true, true, true, true, true, true, true, true, true, true, true, true, true, true, true, true, true, true, true, true, true, true, true, true, true, true, true, true, true, true]
17:54:41.310 [main] INFO api.AvailableMembersApi - Validating members for Survey ID: 76
17:54:41.311 [main] INFO api.AvailableMembersApi - Received response for survey ID 76: Status Code = 200
17:54:41.316 [main] INFO api.AvailableMembersApi - Converted Available IDs for survey ID 76: [1, 2, 3, 4, 6, 8, 9, 11, 14, 16, 18, 19, 20, 21, 22, 24, 27, 28, 29, 30, 31, 32, 34, 35, 36, 37, 39, 40, 42, 43, 44, 46, 47, 48, 49, 50, 51, 52, 53, 54, 55, 56, 57, 58, 60, 61, 62, 63, 64, 65, 66, 67, 68, 69, 71, 73, 76, 77, 78, 82, 85, 86, 87, 89, 91, 92, 93, 94, 95, 96, 98, 99, 101, 102, 104, 107, 110, 111, 113, 114, 115, 116, 117, 120, 121, 124, 125, 126, 127, 128, 129, 130, 131, 132, 133, 134, 136, 137, 139, 140, 143, 145, 146, 147, 148, 149, 150, 152, 153, 154, 155, 156, 157, 158, 159, 160, 161, 163, 164, 166, 167, 168, 171, 172, 173, 174, 175, 176, 177, 178, 179, 180, 181, 182, 183, 184, 186, 187, 189, 190, 191, 193, 194, 195, 197, 198, 199, 200, 202, 204, 205, 206, 207, 208, 209, 212, 214, 216, 217, 218, 220, 221, 223, 224, 227, 229, 230, 232, 233, 234, 235, 236, 237, 238, 242, 243, 245, 246, 247, 248, 249, 250, 251, 252, 253, 255, 256, 266, 268, 269, 273, 278, 279, 280, 281, 282, 284, 285, 286, 289, 291, 292, 294, 295, 296, 298]
17:54:41.319 [main] INFO api.AvailableMembersApi - Received response for survey ID 77: Status Code = 200
17:54:41.324 [main] INFO api.AvailableMembersApi - Available statuses for survey ID 77: [true, true, true, true, true, true, true, true, true, true, true, true, true, true, true, true, true, true, true, true, true, true, true, true, true, true, true, true, true, true, true, true, true, true, true, true, true, true, true, true, true, true, true, true, true, true, true, true, true, true, true, true, true, true, true, true, true, true, true, true, true, true, true, true, true, true, true, true, true, true, true, true, true, true, true, true, true, true, true, true, true, true, true, true, true, true, true, true, true, true, true, true, true, true, true, true, true, true, true, true, true, true, true, true, true, true, true, true, true, true, true, true, true, true, true, true, true, true, true, true, true, true, true, true, true, true, true, true, true, true, true, true, true, true, true, true, true, true, true, true, true, true, true, true, true, true, true, true, true, true, true, true, true, true, true, true, true, true, true, true, true, true, true, true, true, true, true, true, true, true, true, true, true, true, true, true, true, true, true, true, true, true, true, true, true, true, true, true, true, true, true, true, true]
17:54:41.324 [main] INFO api.AvailableMembersApi - Validating members for Survey ID: 77
17:54:41.326 [main] INFO api.AvailableMembersApi - Received response for survey ID 77: Status Code = 200
17:54:41.332 [main] INFO api.AvailableMembersApi - Converted Available IDs for survey ID 77: [1, 2, 3, 4, 9, 11, 13, 14, 16, 18, 19, 20, 21, 22, 25, 27, 28, 29, 30, 31, 32, 35, 36, 37, 39, 40, 42, 43, 44, 46, 47, 48, 49, 50, 51, 52, 54, 55, 56, 57, 58, 59, 60, 61, 62, 64, 65, 66, 67, 68, 69, 71, 72, 73, 76, 77, 78, 82, 86, 87, 89, 92, 93, 94, 95, 96, 98, 99, 101, 102, 104, 107, 110, 112, 113, 114, 115, 116, 117, 121, 124, 125, 126, 127, 128, 129, 130, 132, 133, 134, 136, 137, 139, 140, 142, 143, 146, 147, 148, 149, 150, 151, 152, 155, 156, 157, 159, 161, 163, 164, 166, 168, 171, 172, 173, 174, 176, 177, 178, 179, 180, 181, 182, 183, 184, 186, 189, 190, 191, 193, 194, 196, 198, 199, 200, 202, 204, 205, 206, 207, 208, 209, 211, 212, 214, 216, 217, 220, 221, 223, 224, 227, 228, 229, 230, 233, 235, 237, 238, 242, 243, 245, 246, 247, 248, 249, 250, 251, 252, 253, 255, 256, 258, 260, 261, 266, 268, 269, 273, 274, 278, 279, 280, 284, 285, 289, 291, 292, 294, 295, 296, 297, 298]
17:54:41.335 [main] INFO api.AvailableMembersApi - Received response for survey ID 78: Status Code = 200
17:54:41.341 [main] INFO api.AvailableMembersApi - Available statuses for survey ID 78: [true, true, true, true, true, true, true, true, true, true, true, true, true, true, true, true, true, true, true, true, true, true, true, true, true, true, true, true, true, true, true, true, true, true, true, true, true, true, true, true, true, true, true, true, true, true, true, true, true, true, true, true, true, true, true, true, true, true, true, true, true, true, true, true, true, true, true, true, true, true, true, true, true, true, true, true, true, true, true, true, true, true, true, true, true, true, true, true, true, true, true, true, true, true, true, true, true, true, true, true, true, true, true, true, true, true, true, true, true, true, true, true, true, true, true, true, true, true, true, true, true, true, true, true, true, true, true, true, true, true, true, true, true, true, true, true, true, true, true, true, true, true, true, true, true, true, true, true, true, true, true, true, true, true, true, true, true, true, true, true, true, true, true, true, true, true, true, true, true, true, true, true, true, true, true, true, true, true, true, true, true, true, true, true, true, true, true, true, true, true, true, true, true]
17:54:41.341 [main] INFO api.AvailableMembersApi - Validating members for Survey ID: 78
17:54:41.342 [main] INFO api.AvailableMembersApi - Received response for survey ID 78: Status Code = 200
17:54:41.347 [main] INFO api.AvailableMembersApi - Converted Available IDs for survey ID 78: [1, 2, 4, 6, 8, 9, 11, 14, 16, 18, 19, 20, 21, 22, 24, 25, 27, 28, 30, 31, 32, 34, 35, 36, 37, 39, 42, 43, 46, 47, 48, 49, 50, 51, 52, 53, 54, 55, 56, 57, 58, 60, 62, 63, 64, 65, 66, 67, 69, 71, 72, 73, 76, 77, 78, 82, 85, 86, 87, 89, 91, 92, 93, 94, 95, 96, 98, 99, 101, 104, 107, 111, 112, 113, 114, 115, 117, 120, 121, 124, 125, 129, 130, 131, 132, 133, 134, 137, 139, 140, 142, 143, 145, 146, 148, 149, 151, 152, 153, 154, 155, 156, 157, 158, 160, 161, 163, 166, 167, 168, 173, 174, 175, 176, 177, 178, 179, 180, 181, 182, 183, 184, 186, 189, 190, 191, 193, 194, 195, 196, 197, 198, 199, 200, 202, 204, 205, 206, 207, 208, 209, 211, 212, 214, 216, 217, 220, 221, 223, 224, 227, 228, 229, 230, 232, 233, 234, 235, 236, 237, 238, 242, 243, 245, 246, 247, 248, 249, 250, 252, 253, 255, 256, 258, 259, 261, 266, 269, 273, 274, 278, 279, 280, 281, 282, 284, 285, 286, 292, 294, 295, 296, 298]
17:54:41.350 [main] INFO api.AvailableMembersApi - Received response for survey ID 79: Status Code = 200
17:54:41.355 [main] INFO api.AvailableMembersApi - Available statuses for survey ID 79: [true, true, true, true, true, true, true, true, true, true, true, true, true, true, true, true, true, true, true, true, true, true, true, true, true, true, true, true, true, true, true, true, true, true, true, true, true, true, true, true, true, true, true, true, true, true, true, true, true, true, true, true, true, true, true, true, true, true, true, true, true, true, true, true, true, true, true, true, true, true, true, true, true, true, true, true, true, true, true, true, true, true, true, true, true, true, true, true, true, true, true, true, true, true, true, true, true, true, true, true, true, true, true, true, true, true, true, true, true, true, true, true, true, true, true, true, true, true, true, true, true, true, true, true, true, true, true, true, true, true, true, true, true, true, true, true, true, true, true, true, true, true, true, true, true, true, true, true, true, true, true, true, true, true, true, true, true, true, true, true, true, true, true, true, true, true, true, true, true, true, true, true, true, true, true, true, true, true, true, true, true, true, true, true, true, true, true, true, true, true, true, true]
17:54:41.355 [main] INFO api.AvailableMembersApi - Validating members for Survey ID: 79
17:54:41.357 [main] INFO api.AvailableMembersApi - Received response for survey ID 79: Status Code = 200
17:54:41.366 [main] INFO api.AvailableMembersApi - Converted Available IDs for survey ID 79: [2, 4, 6, 9, 11, 13, 14, 16, 18, 20, 21, 22, 24, 28, 29, 30, 31, 32, 34, 35, 37, 39, 43, 44, 46, 47, 48, 49, 51, 52, 54, 55, 56, 57, 59, 60, 61, 63, 64, 65, 66, 67, 68, 69, 71, 72, 73, 76, 77, 78, 82, 85, 86, 87, 89, 91, 92, 93, 94, 95, 96, 98, 99, 101, 104, 107, 110, 111, 112, 113, 114, 115, 116, 117, 120, 121, 125, 126, 127, 128, 129, 130, 131, 132, 133, 134, 136, 137, 139, 140, 142, 143, 145, 146, 147, 149, 150, 153, 154, 155, 156, 157, 158, 159, 160, 163, 164, 166, 167, 168, 171, 172, 173, 174, 175, 176, 177, 178, 179, 181, 182, 183, 184, 186, 187, 190, 191, 194, 195, 196, 197, 198, 202, 205, 206, 207, 208, 209, 211, 212, 214, 216, 217, 218, 220, 224, 227, 228, 229, 230, 232, 233, 234, 235, 236, 237, 242, 243, 245, 246, 247, 248, 249, 250, 251, 252, 253, 255, 256, 258, 259, 260, 261, 266, 269, 273, 274, 278, 279, 280, 281, 282, 284, 285, 286, 291, 292, 294, 295, 296, 297, 298]
17:54:41.371 [main] INFO api.AvailableMembersApi - Received response for survey ID 80: Status Code = 200
17:54:41.379 [main] INFO api.AvailableMembersApi - Available statuses for survey ID 80: [true, true, true, true, true, true, true, true, true, true, true, true, true, true, true, true, true, true, true, true, true, true, true, true, true, true, true, true, true, true, true, true, true, true, true, true, true, true, true, true, true, true, true, true, true, true, true, true, true, true, true, true, true, true, true, true, true, true, true, true, true, true, true, true, true, true, true, true, true, true, true, true, true, true, true, true, true, true, true, true, true, true, true, true, true, true, true, true, true, true, true, true, true, true, true, true, true, true, true, true, true, true, true, true, true, true, true, true, true, true, true, true, true, true, true, true, true, true, true, true, true, true, true, true, true, true, true, true, true, true, true, true, true, true, true, true, true, true, true, true, true, true, true, true, true, true, true, true, true, true, true, true, true, true, true, true, true, true, true, true, true, true, true, true, true, true, true, true, true, true, true, true, true, true, true, true, true, true, true, true, true, true, true, true, true, true, true, true, true, true, true, true, true, true, true, true, true, true, true, true, true, true]
17:54:41.379 [main] INFO api.AvailableMembersApi - Validating members for Survey ID: 80
17:54:41.381 [main] INFO api.AvailableMembersApi - Received response for survey ID 80: Status Code = 200
17:54:41.389 [main] INFO api.AvailableMembersApi - Converted Available IDs for survey ID 80: [1, 2, 3, 4, 6, 8, 9, 11, 13, 14, 16, 18, 19, 21, 22, 24, 25, 27, 29, 30, 31, 34, 35, 37, 39, 40, 42, 43, 44, 46, 47, 48, 49, 50, 51, 52, 53, 54, 55, 57, 58, 59, 60, 61, 62, 63, 64, 65, 66, 67, 68, 69, 71, 72, 73, 76, 78, 82, 85, 86, 87, 91, 93, 94, 95, 96, 98, 101, 102, 104, 107, 110, 111, 112, 113, 114, 115, 116, 117, 120, 121, 124, 125, 126, 127, 129, 131, 132, 133, 134, 136, 137, 139, 140, 142, 143, 145, 146, 148, 149, 150, 151, 152, 153, 154, 155, 156, 157, 158, 159, 160, 161, 163, 164, 166, 167, 171, 172, 173, 174, 175, 176, 177, 178, 179, 180, 181, 182, 183, 184, 186, 187, 189, 191, 193, 194, 195, 196, 197, 198, 199, 200, 202, 204, 205, 206, 207, 208, 211, 212, 214, 216, 217, 220, 221, 223, 224, 227, 228, 229, 230, 232, 233, 234, 235, 236, 237, 238, 242, 243, 245, 246, 247, 248, 250, 251, 252, 253, 255, 256, 258, 259, 260, 261, 266, 268, 273, 274, 278, 279, 280, 281, 282, 284, 285, 286, 289, 292, 294, 295, 297, 298]
17:54:41.394 [main] INFO api.AvailableMembersApi - Received response for survey ID 81: Status Code = 200
17:54:41.399 [main] INFO api.AvailableMembersApi - Available statuses for survey ID 81: [true, true, true, true, true, true, true, true, true, true, true, true, true, true, true, true, true, true, true, true, true, true, true, true, true, true, true, true, true, true, true, true, true, true, true, true, true, true, true, true, true, true, true, true, true, true, true, true, true, true, true, true, true, true, true, true, true, true, true, true, true, true, true, true, true, true, true, true, true, true, true, true, true, true, true, true, true, true, true, true, true, true, true, true, true, true, true, true, true, true, true, true, true, true, true, true, true, true, true, true, true, true, true, true, true, true, true, true, true, true, true, true, true, true, true, true, true, true, true, true, true, true, true, true, true, true, true, true, true, true, true, true, true, true, true, true, true, true, true, true, true, true, true, true, true, true, true, true, true, true, true, true, true, true, true, true, true, true, true, true, true, true, true, true, true, true, true, true, true, true, true, true, true, true, true, true, true, true, true, true, true, true, true, true, true, true, true, true, true, true, true, true, true, true, true, true, true, true, true, true]
17:54:41.399 [main] INFO api.AvailableMembersApi - Validating members for Survey ID: 81
17:54:41.401 [main] INFO api.AvailableMembersApi - Received response for survey ID 81: Status Code = 200
17:54:41.409 [main] INFO api.AvailableMembersApi - Converted Available IDs for survey ID 81: [1, 2, 4, 6, 8, 9, 11, 13, 14, 16, 18, 19, 20, 21, 22, 27, 28, 29, 30, 31, 32, 34, 35, 36, 37, 39, 40, 42, 43, 44, 46, 47, 48, 49, 50, 51, 52, 53, 54, 55, 56, 57, 58, 59, 61, 62, 63, 64, 65, 66, 67, 68, 69, 71, 73, 76, 77, 78, 82, 85, 86, 87, 89, 91, 92, 93, 94, 95, 96, 98, 99, 101, 102, 104, 107, 110, 111, 113, 114, 115, 116, 117, 121, 124, 126, 127, 128, 129, 130, 131, 132, 133, 134, 136, 137, 139, 140, 142, 143, 145, 146, 147, 148, 150, 151, 152, 153, 154, 155, 156, 157, 158, 159, 160, 161, 163, 164, 167, 171, 173, 174, 175, 176, 178, 179, 180, 181, 183, 184, 186, 187, 189, 190, 191, 193, 195, 196, 198, 199, 200, 202, 204, 205, 206, 207, 208, 209, 211, 212, 214, 216, 217, 220, 221, 224, 227, 228, 229, 230, 232, 233, 235, 236, 237, 238, 242, 243, 246, 247, 248, 249, 250, 251, 252, 253, 255, 256, 258, 260, 261, 266, 268, 269, 273, 274, 278, 279, 280, 281, 282, 285, 286, 289, 291, 292, 294, 295, 296, 297, 298]
17:54:41.413 [main] INFO api.AvailableMembersApi - Received response for survey ID 82: Status Code = 200
17:54:41.419 [main] INFO api.AvailableMembersApi - Available statuses for survey ID 82: [true, true, true, true, true, true, true, true, true, true, true, true, true, true, true, true, true, true, true, true, true, true, true, true, true, true, true, true, true, true, true, true, true, true, true, true, true, true, true, true, true, true, true, true, true, true, true, true, true, true, true, true, true, true, true, true, true, true, true, true, true, true, true, true, true, true, true, true, true, true, true, true, true, true, true, true, true, true, true, true, true, true, true, true, true, true, true, true, true, true, true, true, true, true, true, true, true, true, true, true, true, true, true, true, true, true, true, true, true, true, true, true, true, true, true, true, true, true, true, true, true, true, true, true, true, true, true, true, true, true, true, true, true, true, true, true, true, true, true, true, true, true, true, true, true, true, true, true, true, true, true, true, true, true, true, true, true, true, true, true, true, true, true, true, true, true, true, true, true, true, true, true, true, true, true, true, true, true, true, true, true, true, true, true, true, true, true, true, true, true, true, true, true, true, true, true, true, true, true, true, true]
17:54:41.419 [main] INFO api.AvailableMembersApi - Validating members for Survey ID: 82
17:54:41.420 [main] INFO api.AvailableMembersApi - Received response for survey ID 82: Status Code = 200
17:54:41.426 [main] INFO api.AvailableMembersApi - Converted Available IDs for survey ID 82: [4, 6, 8, 9, 11, 14, 16, 18, 19, 20, 24, 25, 27, 28, 29, 30, 31, 32, 35, 36, 37, 39, 40, 42, 43, 44, 46, 47, 49, 50, 51, 53, 54, 55, 56, 57, 58, 59, 60, 61, 62, 63, 64, 65, 66, 67, 68, 69, 71, 72, 73, 76, 77, 78, 82, 85, 86, 87, 89, 91, 92, 93, 94, 95, 96, 98, 99, 101, 102, 104, 107, 110, 111, 112, 113, 114, 115, 116, 117, 120, 121, 125, 126, 127, 128, 129, 130, 131, 132, 133, 136, 137, 139, 140, 142, 143, 145, 146, 147, 148, 149, 150, 151, 152, 153, 154, 155, 156, 157, 158, 159, 161, 163, 164, 166, 167, 168, 171, 172, 173, 174, 175, 176, 180, 181, 182, 183, 184, 186, 187, 189, 190, 191, 195, 196, 197, 198, 199, 200, 202, 204, 205, 206, 207, 209, 211, 214, 216, 217, 218, 220, 221, 223, 224, 228, 229, 230, 232, 233, 234, 235, 236, 237, 238, 242, 243, 245, 246, 247, 248, 249, 250, 251, 252, 253, 255, 256, 258, 259, 260, 261, 266, 268, 269, 273, 274, 278, 279, 280, 281, 282, 284, 285, 286, 291, 292, 294, 295, 296, 297, 298]
17:54:41.429 [main] INFO api.AvailableMembersApi - Received response for survey ID 83: Status Code = 200
17:54:41.435 [main] INFO api.AvailableMembersApi - Available statuses for survey ID 83: [true, true, true, true, true, true, true, true, true, true, true, true, true, true, true, true, true, true, true, true, true, true, true, true, true, true, true, true, true, true, true, true, true, true, true, true, true, true, true, true, true, true, true, true, true, true, true, true, true, true, true, true, true, true, true, true, true, true, true, true, true, true, true, true, true, true, true, true, true, true, true, true, true, true, true, true, true, true, true, true, true, true, true, true, true, true, true, true, true, true, true, true, true, true, true, true, true, true, true, true, true, true, true, true, true, true, true, true, true, true, true, true, true, true, true, true, true, true, true, true, true, true, true, true, true, true, true, true, true, true, true, true, true, true, true, true, true, true, true, true, true, true, true, true, true, true, true, true, true, true, true, true, true, true, true, true, true, true, true, true, true, true, true, true, true, true, true, true, true, true, true, true, true, true, true, true, true, true, true, true, true, true, true, true, true, true, true, true, true, true, true, true, true, true, true, true, true, true, true, true]
17:54:41.435 [main] INFO api.AvailableMembersApi - Validating members for Survey ID: 83
17:54:41.436 [main] INFO api.AvailableMembersApi - Received response for survey ID 83: Status Code = 200
17:54:41.446 [main] INFO api.AvailableMembersApi - Converted Available IDs for survey ID 83: [1, 2, 3, 4, 8, 9, 11, 13, 14, 16, 18, 19, 21, 22, 24, 25, 27, 28, 29, 30, 31, 32, 34, 35, 36, 39, 42, 43, 44, 46, 47, 49, 50, 51, 52, 53, 54, 55, 56, 57, 58, 59, 60, 61, 62, 64, 65, 67, 68, 71, 72, 73, 76, 77, 78, 82, 85, 86, 87, 89, 91, 92, 93, 94, 95, 96, 98, 99, 102, 104, 107, 110, 111, 112, 114, 115, 116, 117, 120, 121, 125, 126, 127, 128, 129, 130, 131, 132, 133, 134, 136, 137, 139, 140, 143, 145, 146, 147, 150, 151, 153, 154, 155, 156, 157, 158, 159, 161, 163, 164, 166, 167, 168, 171, 172, 174, 175, 176, 177, 178, 179, 180, 181, 182, 183, 184, 186, 187, 189, 190, 191, 193, 194, 195, 196, 197, 198, 199, 200, 204, 205, 206, 207, 208, 209, 211, 212, 214, 216, 217, 218, 220, 221, 223, 224, 227, 228, 229, 230, 232, 234, 235, 236, 237, 238, 242, 243, 245, 246, 247, 248, 249, 250, 251, 252, 253, 255, 256, 258, 259, 260, 261, 268, 269, 273, 278, 279, 280, 281, 282, 284, 285, 286, 289, 291, 292, 294, 295, 297, 298]
17:54:41.449 [main] INFO api.AvailableMembersApi - Received response for survey ID 84: Status Code = 200
17:54:41.454 [main] INFO api.AvailableMembersApi - Available statuses for survey ID 84: [true, true, true, true, true, true, true, true, true, true, true, true, true, true, true, true, true, true, true, true, true, true, true, true, true, true, true, true, true, true, true, true, true, true, true, true, true, true, true, true, true, true, true, true, true, true, true, true, true, true, true, true, true, true, true, true, true, true, true, true, true, true, true, true, true, true, true, true, true, true, true, true, true, true, true, true, true, true, true, true, true, true, true, true, true, true, true, true, true, true, true, true, true, true, true, true, true, true, true, true, true, true, true, true, true, true, true, true, true, true, true, true, true, true, true, true, true, true, true, true, true, true, true, true, true, true, true, true, true, true, true, true, true, true, true, true, true, true, true, true, true, true, true, true, true, true, true, true, true, true, true, true, true, true, true, true, true, true, true, true, true, true, true, true, true, true, true, true, true, true, true, true, true, true, true, true, true, true, true, true, true, true, true, true, true, true, true, true, true, true, true, true, true, true, true]
17:54:41.454 [main] INFO api.AvailableMembersApi - Validating members for Survey ID: 84
17:54:41.456 [main] INFO api.AvailableMembersApi - Received response for survey ID 84: Status Code = 200
17:54:41.461 [main] INFO api.AvailableMembersApi - Converted Available IDs for survey ID 84: [1, 2, 3, 4, 6, 8, 9, 11, 13, 14, 18, 19, 20, 21, 24, 25, 27, 29, 30, 31, 32, 34, 35, 37, 39, 40, 42, 43, 44, 46, 47, 48, 49, 50, 52, 53, 54, 55, 56, 57, 58, 59, 60, 61, 62, 63, 64, 66, 67, 68, 69, 71, 72, 73, 76, 77, 78, 82, 85, 86, 87, 89, 91, 93, 94, 95, 96, 98, 101, 104, 107, 110, 112, 113, 115, 116, 117, 120, 121, 124, 125, 126, 127, 128, 129, 130, 131, 132, 134, 137, 139, 140, 142, 143, 145, 146, 147, 148, 149, 150, 151, 152, 153, 154, 155, 156, 157, 158, 159, 160, 161, 163, 164, 166, 167, 168, 171, 172, 173, 174, 175, 176, 177, 178, 179, 180, 181, 182, 183, 184, 186, 187, 189, 191, 193, 194, 195, 196, 197, 198, 199, 200, 204, 205, 206, 207, 209, 211, 212, 214, 217, 218, 221, 223, 224, 227, 228, 230, 233, 234, 236, 237, 238, 242, 245, 246, 247, 248, 249, 250, 251, 252, 253, 256, 258, 259, 260, 261, 266, 268, 273, 274, 278, 279, 280, 281, 284, 285, 286, 291, 292, 294, 296, 297, 298]
17:54:41.464 [main] INFO api.AvailableMembersApi - Received response for survey ID 85: Status Code = 200
17:54:41.470 [main] INFO api.AvailableMembersApi - Available statuses for survey ID 85: [true, true, true, true, true, true, true, true, true, true, true, true, true, true, true, true, true, true, true, true, true, true, true, true, true, true, true, true, true, true, true, true, true, true, true, true, true, true, true, true, true, true, true, true, true, true, true, true, true, true, true, true, true, true, true, true, true, true, true, true, true, true, true, true, true, true, true, true, true, true, true, true, true, true, true, true, true, true, true, true, true, true, true, true, true, true, true, true, true, true, true, true, true, true, true, true, true, true, true, true, true, true, true, true, true, true, true, true, true, true, true, true, true, true, true, true, true, true, true, true, true, true, true, true, true, true, true, true, true, true, true, true, true, true, true, true, true, true, true, true, true, true, true, true, true, true, true, true, true, true, true, true, true, true, true, true, true, true, true, true, true, true, true, true, true, true, true, true, true, true, true, true, true, true, true, true, true, true, true, true, true, true, true, true, true, true, true, true, true, true, true, true, true, true, true, true, true, true, true, true, true]
17:54:41.470 [main] INFO api.AvailableMembersApi - Validating members for Survey ID: 85
17:54:41.471 [main] INFO api.AvailableMembersApi - Received response for survey ID 85: Status Code = 200
17:54:41.503 [main] INFO api.AvailableMembersApi - Converted Available IDs for survey ID 85: [1, 3, 4, 6, 8, 9, 13, 14, 16, 18, 19, 20, 21, 22, 24, 25, 27, 28, 29, 31, 32, 34, 35, 36, 37, 39, 42, 43, 44, 46, 47, 48, 49, 50, 51, 53, 54, 55, 56, 57, 58, 59, 60, 61, 62, 63, 64, 65, 66, 67, 68, 71, 72, 73, 76, 77, 78, 82, 85, 86, 87, 89, 91, 92, 95, 96, 98, 99, 101, 102, 104, 107, 110, 111, 113, 114, 115, 116, 117, 120, 124, 126, 127, 128, 129, 130, 131, 132, 133, 134, 136, 137, 140, 142, 143, 146, 147, 148, 149, 151, 152, 154, 155, 158, 159, 160, 161, 163, 164, 166, 167, 168, 171, 172, 173, 174, 175, 176, 177, 179, 180, 181, 182, 183, 186, 187, 189, 190, 191, 193, 194, 195, 196, 197, 198, 199, 200, 202, 204, 205, 206, 207, 208, 209, 211, 212, 214, 216, 217, 218, 220, 221, 223, 224, 227, 228, 229, 230, 232, 233, 234, 235, 236, 237, 238, 242, 243, 245, 246, 247, 248, 249, 250, 251, 252, 253, 255, 258, 259, 260, 261, 266, 268, 269, 273, 274, 278, 279, 280, 281, 282, 284, 285, 286, 289, 292, 294, 295, 296, 297, 298]
17:54:41.507 [main] INFO api.AvailableMembersApi - Received response for survey ID 86: Status Code = 200
17:54:41.512 [main] INFO api.AvailableMembersApi - Available statuses for survey ID 86: [true, true, true, true, true, true, true, true, true, true, true, true, true, true, true, true, true, true, true, true, true, true, true, true, true, true, true, true, true, true, true, true, true, true, true, true, true, true, true, true, true, true, true, true, true, true, true, true, true, true, true, true, true, true, true, true, true, true, true, true, true, true, true, true, true, true, true, true, true, true, true, true, true, true, true, true, true, true, true, true, true, true, true, true, true, true, true, true, true, true, true, true, true, true, true, true, true, true, true, true, true, true, true, true, true, true, true, true, true, true, true, true, true, true, true, true, true, true, true, true, true, true, true, true, true, true, true, true, true, true, true, true, true, true, true, true, true, true, true, true, true, true, true, true, true, true, true, true, true, true, true, true, true, true, true, true, true, true, true, true, true, true, true, true, true, true, true, true, true, true, true, true, true, true, true, true, true, true, true, true, true, true, true, true, true, true, true, true, true, true, true, true, true, true, true, true, true, true]
17:54:41.512 [main] INFO api.AvailableMembersApi - Validating members for Survey ID: 86
17:54:41.514 [main] INFO api.AvailableMembersApi - Received response for survey ID 86: Status Code = 200
17:54:41.519 [main] INFO api.AvailableMembersApi - Converted Available IDs for survey ID 86: [1, 2, 3, 4, 8, 9, 11, 13, 16, 18, 19, 24, 25, 27, 28, 29, 30, 31, 32, 34, 35, 36, 37, 39, 40, 42, 43, 44, 46, 47, 48, 49, 50, 51, 52, 53, 54, 55, 56, 57, 58, 59, 60, 61, 62, 63, 64, 65, 66, 67, 68, 69, 71, 73, 78, 82, 85, 86, 87, 89, 91, 92, 93, 94, 95, 96, 98, 99, 101, 102, 104, 107, 110, 111, 112, 113, 114, 116, 117, 120, 121, 124, 125, 126, 127, 128, 129, 130, 132, 133, 134, 136, 137, 139, 140, 142, 143, 145, 146, 147, 148, 149, 150, 151, 153, 154, 155, 156, 157, 158, 159, 160, 161, 163, 164, 166, 167, 168, 171, 172, 175, 176, 177, 178, 180, 181, 183, 186, 189, 190, 191, 193, 194, 195, 196, 197, 198, 199, 200, 202, 204, 205, 206, 207, 208, 209, 211, 212, 214, 216, 217, 218, 220, 221, 223, 224, 227, 228, 229, 230, 232, 234, 235, 236, 237, 238, 242, 245, 247, 248, 249, 250, 251, 252, 253, 255, 258, 259, 260, 261, 266, 268, 269, 273, 274, 278, 279, 280, 281, 282, 284, 285, 286, 289, 291, 296, 297, 298]
17:54:41.522 [main] INFO api.AvailableMembersApi - Received response for survey ID 87: Status Code = 200
17:54:41.527 [main] INFO api.AvailableMembersApi - Available statuses for survey ID 87: [true, true, true, true, true, true, true, true, true, true, true, true, true, true, true, true, true, true, true, true, true, true, true, true, true, true, true, true, true, true, true, true, true, true, true, true, true, true, true, true, true, true, true, true, true, true, true, true, true, true, true, true, true, true, true, true, true, true, true, true, true, true, true, true, true, true, true, true, true, true, true, true, true, true, true, true, true, true, true, true, true, true, true, true, true, true, true, true, true, true, true, true, true, true, true, true, true, true, true, true, true, true, true, true, true, true, true, true, true, true, true, true, true, true, true, true, true, true, true, true, true, true, true, true, true, true, true, true, true, true, true, true, true, true, true, true, true, true, true, true, true, true, true, true, true, true, true, true, true, true, true, true, true, true, true, true, true, true, true, true, true, true, true, true, true, true, true, true, true, true, true, true, true, true, true, true, true, true, true, true, true, true, true, true, true, true, true, true, true, true, true, true, true, true, true, true]
17:54:41.527 [main] INFO api.AvailableMembersApi - Validating members for Survey ID: 87
17:54:41.528 [main] INFO api.AvailableMembersApi - Received response for survey ID 87: Status Code = 200
17:54:41.533 [main] INFO api.AvailableMembersApi - Converted Available IDs for survey ID 87: [1, 2, 3, 4, 6, 8, 9, 11, 13, 16, 18, 19, 20, 21, 22, 24, 25, 27, 28, 29, 30, 31, 32, 34, 35, 36, 37, 39, 40, 42, 43, 44, 46, 47, 48, 49, 50, 51, 52, 53, 54, 55, 58, 61, 62, 63, 64, 65, 66, 67, 68, 69, 71, 72, 76, 77, 78, 82, 85, 87, 89, 91, 92, 93, 94, 95, 96, 98, 101, 102, 104, 107, 110, 111, 112, 113, 114, 115, 117, 120, 121, 124, 125, 127, 128, 129, 130, 131, 132, 133, 134, 136, 139, 140, 142, 143, 145, 146, 147, 148, 150, 151, 152, 153, 154, 155, 156, 157, 158, 159, 160, 161, 163, 164, 166, 167, 168, 171, 172, 173, 174, 175, 176, 177, 178, 179, 180, 181, 182, 183, 184, 187, 189, 190, 191, 193, 195, 197, 198, 199, 200, 204, 206, 207, 209, 211, 212, 214, 216, 217, 220, 221, 223, 227, 228, 229, 230, 232, 233, 234, 235, 236, 237, 238, 242, 243, 245, 246, 247, 248, 249, 250, 251, 252, 253, 255, 256, 258, 259, 260, 266, 268, 269, 273, 274, 279, 281, 284, 285, 289, 291, 292, 294, 295, 297, 298]
17:54:41.536 [main] INFO api.AvailableMembersApi - Received response for survey ID 88: Status Code = 200
17:54:41.541 [main] INFO api.AvailableMembersApi - Available statuses for survey ID 88: [true, true, true, true, true, true, true, true, true, true, true, true, true, true, true, true, true, true, true, true, true, true, true, true, true, true, true, true, true, true, true, true, true, true, true, true, true, true, true, true, true, true, true, true, true, true, true, true, true, true, true, true, true, true, true, true, true, true, true, true, true, true, true, true, true, true, true, true, true, true, true, true, true, true, true, true, true, true, true, true, true, true, true, true, true, true, true, true, true, true, true, true, true, true, true, true, true, true, true, true, true, true, true, true, true, true, true, true, true, true, true, true, true, true, true, true, true, true, true, true, true, true, true, true, true, true, true, true, true, true, true, true, true, true, true, true, true, true, true, true, true, true, true, true, true, true, true, true, true, true, true, true, true, true, true, true, true, true, true, true, true, true, true, true, true, true, true, true, true, true, true, true, true, true, true, true, true, true, true, true, true, true, true, true, true, true, true, true, true, true, true, true, true, true, true, true, true, true, true, true, true, true]
17:54:41.541 [main] INFO api.AvailableMembersApi - Validating members for Survey ID: 88
17:54:41.542 [main] INFO api.AvailableMembersApi - Received response for survey ID 88: Status Code = 200
17:54:41.547 [main] INFO api.AvailableMembersApi - Converted Available IDs for survey ID 88: [1, 2, 3, 4, 6, 9, 13, 14, 16, 18, 20, 22, 24, 25, 27, 28, 29, 30, 31, 32, 34, 35, 36, 37, 39, 40, 43, 44, 46, 48, 49, 50, 52, 53, 54, 55, 57, 58, 59, 60, 61, 62, 63, 64, 65, 66, 67, 68, 69, 71, 72, 73, 76, 77, 78, 82, 85, 86, 87, 89, 91, 92, 93, 94, 95, 96, 98, 99, 101, 102, 104, 110, 111, 112, 113, 114, 115, 116, 117, 120, 121, 124, 125, 127, 129, 130, 131, 132, 133, 134, 136, 139, 140, 142, 143, 145, 147, 148, 149, 150, 151, 152, 153, 154, 155, 156, 157, 158, 159, 160, 161, 163, 164, 166, 168, 171, 172, 173, 174, 175, 176, 177, 178, 179, 180, 182, 183, 184, 186, 187, 189, 190, 191, 193, 194, 195, 196, 197, 198, 199, 200, 202, 204, 206, 207, 208, 209, 211, 212, 214, 216, 217, 218, 220, 221, 223, 224, 228, 229, 230, 232, 233, 234, 235, 236, 237, 238, 242, 243, 245, 246, 247, 248, 249, 250, 251, 252, 253, 255, 256, 258, 259, 260, 261, 266, 273, 274, 278, 279, 280, 281, 282, 285, 286, 289, 291, 292, 294, 295, 296, 297, 298]
17:54:41.549 [main] INFO api.AvailableMembersApi - Received response for survey ID 89: Status Code = 200
17:54:41.557 [main] INFO api.AvailableMembersApi - Available statuses for survey ID 89: [true, true, true, true, true, true, true, true, true, true, true, true, true, true, true, true, true, true, true, true, true, true, true, true, true, true, true, true, true, true, true, true, true, true, true, true, true, true, true, true, true, true, true, true, true, true, true, true, true, true, true, true, true, true, true, true, true, true, true, true, true, true, true, true, true, true, true, true, true, true, true, true, true, true, true, true, true, true, true, true, true, true, true, true, true, true, true, true, true, true, true, true, true, true, true, true, true, true, true, true, true, true, true, true, true, true, true, true, true, true, true, true, true, true, true, true, true, true, true, true, true, true, true, true, true, true, true, true, true, true, true, true, true, true, true, true, true, true, true, true, true, true, true, true, true, true, true, true, true, true, true, true, true, true, true, true, true, true, true, true, true, true, true, true, true, true, true, true, true, true, true, true, true, true, true, true, true, true, true, true, true, true, true, true, true, true, true, true, true, true, true, true, true, true, true]
17:54:41.557 [main] INFO api.AvailableMembersApi - Validating members for Survey ID: 89
17:54:41.559 [main] INFO api.AvailableMembersApi - Received response for survey ID 89: Status Code = 200
17:54:41.564 [main] INFO api.AvailableMembersApi - Converted Available IDs for survey ID 89: [1, 2, 3, 4, 6, 8, 9, 13, 14, 16, 18, 19, 20, 21, 22, 25, 27, 29, 31, 32, 34, 35, 36, 37, 39, 40, 42, 43, 44, 46, 47, 48, 49, 50, 51, 52, 53, 54, 55, 56, 57, 58, 59, 60, 61, 62, 63, 64, 65, 66, 67, 68, 69, 71, 72, 73, 76, 77, 78, 82, 85, 86, 87, 89, 91, 92, 93, 94, 95, 96, 98, 99, 101, 102, 107, 111, 112, 113, 114, 115, 116, 120, 121, 124, 125, 127, 129, 130, 131, 132, 133, 134, 136, 139, 140, 142, 143, 145, 146, 147, 148, 149, 150, 151, 152, 153, 156, 157, 158, 159, 160, 163, 164, 166, 168, 171, 172, 173, 174, 175, 177, 178, 179, 180, 181, 182, 183, 184, 186, 187, 189, 190, 191, 194, 195, 196, 197, 198, 199, 200, 202, 204, 205, 207, 208, 209, 212, 214, 216, 217, 218, 221, 223, 224, 227, 228, 229, 230, 233, 234, 235, 236, 237, 238, 242, 243, 245, 247, 249, 251, 252, 253, 255, 256, 258, 260, 261, 266, 268, 269, 273, 274, 278, 279, 280, 281, 284, 285, 286, 289, 291, 295, 296, 297, 298]
17:54:41.566 [main] INFO api.AvailableMembersApi - Received response for survey ID 90: Status Code = 200
17:54:41.571 [main] INFO api.AvailableMembersApi - Available statuses for survey ID 90: [true, true, true, true, true, true, true, true, true, true, true, true, true, true, true, true, true, true, true, true, true, true, true, true, true, true, true, true, true, true, true, true, true, true, true, true, true, true, true, true, true, true, true, true, true, true, true, true, true, true, true, true, true, true, true, true, true, true, true, true, true, true, true, true, true, true, true, true, true, true, true, true, true, true, true, true, true, true, true, true, true, true, true, true, true, true, true, true, true, true, true, true, true, true, true, true, true, true, true, true, true, true, true, true, true, true, true, true, true, true, true, true, true, true, true, true, true, true, true, true, true, true, true, true, true, true, true, true, true, true, true, true, true, true, true, true, true, true, true, true, true, true, true, true, true, true, true, true, true, true, true, true, true, true, true, true, true, true, true, true, true, true, true, true, true, true, true, true, true, true, true, true, true, true, true, true, true, true, true, true, true, true, true, true, true, true, true, true, true, true, true, true, true, true, true, true, true, true, true, true, true, true, true, true, true]
17:54:41.571 [main] INFO api.AvailableMembersApi - Validating members for Survey ID: 90
17:54:41.572 [main] INFO api.AvailableMembersApi - Received response for survey ID 90: Status Code = 200
17:54:41.578 [main] INFO api.AvailableMembersApi - Converted Available IDs for survey ID 90: [1, 2, 3, 4, 6, 8, 9, 11, 13, 14, 16, 18, 19, 20, 22, 24, 25, 27, 28, 29, 30, 31, 32, 34, 36, 37, 39, 40, 42, 43, 44, 46, 47, 48, 49, 50, 51, 52, 53, 54, 55, 56, 57, 59, 60, 61, 62, 63, 64, 65, 66, 67, 68, 69, 71, 72, 73, 76, 77, 78, 85, 86, 87, 89, 91, 92, 93, 94, 95, 96, 98, 99, 101, 102, 104, 107, 110, 111, 112, 113, 114, 115, 116, 117, 120, 121, 124, 125, 126, 127, 128, 129, 130, 131, 132, 133, 134, 136, 137, 139, 140, 143, 145, 146, 147, 148, 149, 150, 151, 152, 153, 154, 155, 156, 157, 158, 159, 160, 161, 163, 164, 167, 168, 172, 173, 174, 176, 177, 178, 179, 180, 181, 182, 183, 184, 186, 187, 189, 190, 191, 193, 194, 195, 196, 197, 198, 199, 200, 204, 205, 206, 207, 208, 209, 211, 212, 216, 217, 218, 220, 221, 223, 224, 227, 228, 229, 230, 233, 234, 235, 236, 242, 243, 245, 246, 247, 248, 249, 250, 252, 253, 256, 258, 259, 260, 261, 266, 268, 269, 273, 274, 278, 279, 280, 281, 282, 284, 286, 289, 291, 292, 294, 295, 296, 298]
17:54:41.580 [main] INFO api.AvailableMembersApi - Received response for survey ID 91: Status Code = 200
17:54:41.585 [main] INFO api.AvailableMembersApi - Available statuses for survey ID 91: [true, true, true, true, true, true, true, true, true, true, true, true, true, true, true, true, true, true, true, true, true, true, true, true, true, true, true, true, true, true, true, true, true, true, true, true, true, true, true, true, true, true, true, true, true, true, true, true, true, true, true, true, true, true, true, true, true, true, true, true, true, true, true, true, true, true, true, true, true, true, true, true, true, true, true, true, true, true, true, true, true, true, true, true, true, true, true, true, true, true, true, true, true, true, true, true, true, true, true, true, true, true, true, true, true, true, true, true, true, true, true, true, true, true, true, true, true, true, true, true, true, true, true, true, true, true, true, true, true, true, true, true, true, true, true, true, true, true, true, true, true, true, true, true, true, true, true, true, true, true, true, true, true, true, true, true, true, true, true, true, true, true, true, true, true, true, true, true, true, true, true, true, true, true, true, true, true, true, true, true, true, true, true, true, true, true, true, true, true, true, true, true, true, true, true, true, true, true, true, true, true, true, true, true, true, true, true, true, true, true]
17:54:41.585 [main] INFO api.AvailableMembersApi - Validating members for Survey ID: 91
17:54:41.586 [main] INFO api.AvailableMembersApi - Received response for survey ID 91: Status Code = 200
17:54:41.591 [main] INFO api.AvailableMembersApi - Converted Available IDs for survey ID 91: [1, 2, 3, 4, 6, 8, 9, 13, 14, 16, 18, 19, 20, 21, 22, 24, 25, 27, 28, 29, 30, 31, 32, 34, 35, 36, 37, 40, 42, 43, 44, 46, 47, 48, 49, 50, 51, 52, 53, 54, 55, 56, 57, 58, 59, 60, 61, 62, 63, 64, 65, 66, 67, 68, 69, 71, 72, 73, 76, 77, 78, 82, 85, 86, 87, 89, 92, 94, 95, 96, 98, 99, 101, 102, 104, 107, 110, 111, 112, 113, 114, 115, 116, 117, 120, 121, 124, 125, 126, 127, 128, 129, 130, 131, 132, 133, 134, 137, 140, 142, 143, 145, 146, 147, 148, 150, 151, 152, 153, 154, 156, 157, 158, 159, 160, 161, 163, 164, 166, 167, 168, 171, 172, 173, 174, 175, 176, 177, 178, 179, 180, 181, 182, 183, 186, 187, 189, 190, 191, 193, 194, 195, 196, 197, 198, 199, 200, 202, 204, 205, 206, 207, 208, 209, 211, 212, 214, 216, 217, 218, 220, 221, 223, 224, 228, 229, 230, 232, 233, 234, 235, 236, 237, 238, 242, 243, 245, 246, 247, 248, 249, 250, 251, 252, 253, 255, 256, 258, 259, 260, 261, 266, 269, 273, 274, 278, 279, 280, 281, 282, 284, 285, 289, 291, 292, 294, 295, 296, 297, 298]
17:54:41.594 [main] INFO api.AvailableMembersApi - Received response for survey ID 92: Status Code = 200
17:54:41.599 [main] INFO api.AvailableMembersApi - Available statuses for survey ID 92: [true, true, true, true, true, true, true, true, true, true, true, true, true, true, true, true, true, true, true, true, true, true, true, true, true, true, true, true, true, true, true, true, true, true, true, true, true, true, true, true, true, true, true, true, true, true, true, true, true, true, true, true, true, true, true, true, true, true, true, true, true, true, true, true, true, true, true, true, true, true, true, true, true, true, true, true, true, true, true, true, true, true, true, true, true, true, true, true, true, true, true, true, true, true, true, true, true, true, true, true, true, true, true, true, true, true, true, true, true, true, true, true, true, true, true, true, true, true, true, true, true, true, true, true, true, true, true, true, true, true, true, true, true, true, true, true, true, true, true, true, true, true, true, true, true, true, true, true, true, true, true, true, true, true, true, true, true, true, true, true, true, true, true, true, true, true, true, true, true, true, true, true, true, true, true, true, true, true, true, true, true, true, true, true, true, true, true, true, true, true, true, true, true, true, true, true, true, true, true, true, true, true, true, true]
17:54:41.600 [main] INFO api.AvailableMembersApi - Validating members for Survey ID: 92
17:54:41.601 [main] INFO api.AvailableMembersApi - Received response for survey ID 92: Status Code = 200
17:54:41.606 [main] INFO api.AvailableMembersApi - Converted Available IDs for survey ID 92: [1, 2, 3, 4, 6, 8, 9, 11, 13, 14, 16, 19, 20, 21, 24, 25, 27, 28, 29, 30, 31, 32, 34, 35, 36, 37, 39, 40, 42, 43, 44, 46, 47, 49, 50, 51, 52, 53, 54, 55, 57, 58, 59, 60, 61, 62, 63, 64, 65, 66, 67, 69, 71, 72, 73, 77, 78, 82, 86, 87, 91, 92, 93, 94, 95, 96, 98, 99, 101, 102, 104, 107, 110, 111, 112, 113, 114, 115, 116, 117, 120, 121, 124, 125, 126, 127, 128, 129, 130, 131, 132, 133, 134, 136, 137, 139, 140, 142, 143, 145, 146, 147, 148, 149, 150, 151, 152, 153, 154, 155, 156, 157, 158, 159, 160, 163, 164, 166, 167, 168, 171, 172, 173, 174, 175, 176, 177, 178, 179, 180, 181, 182, 183, 184, 187, 189, 190, 191, 194, 195, 196, 197, 198, 199, 200, 202, 204, 205, 206, 207, 208, 209, 211, 212, 214, 216, 217, 218, 220, 223, 224, 227, 228, 229, 233, 234, 235, 236, 237, 238, 242, 243, 245, 246, 247, 248, 249, 250, 251, 252, 255, 256, 258, 259, 260, 261, 266, 268, 269, 273, 274, 278, 279, 280, 281, 284, 285, 289, 291, 292, 294, 295, 296, 298]
17:54:41.608 [main] INFO api.AvailableMembersApi - Received response for survey ID 93: Status Code = 200
17:54:41.613 [main] INFO api.AvailableMembersApi - Available statuses for survey ID 93: [true, true, true, true, true, true, true, true, true, true, true, true, true, true, true, true, true, true, true, true, true, true, true, true, true, true, true, true, true, true, true, true, true, true, true, true, true, true, true, true, true, true, true, true, true, true, true, true, true, true, true, true, true, true, true, true, true, true, true, true, true, true, true, true, true, true, true, true, true, true, true, true, true, true, true, true, true, true, true, true, true, true, true, true, true, true, true, true, true, true, true, true, true, true, true, true, true, true, true, true, true, true, true, true, true, true, true, true, true, true, true, true, true, true, true, true, true, true, true, true, true, true, true, true, true, true, true, true, true, true, true, true, true, true, true, true, true, true, true, true, true, true, true, true, true, true, true, true, true, true, true, true, true, true, true, true, true, true, true, true, true, true, true, true, true, true, true, true, true, true, true, true, true, true, true, true, true, true, true, true, true, true, true, true, true, true, true, true, true, true, true, true, true, true, true, true, true, true, true, true, true, true, true]
17:54:41.613 [main] INFO api.AvailableMembersApi - Validating members for Survey ID: 93
17:54:41.615 [main] INFO api.AvailableMembersApi - Received response for survey ID 93: Status Code = 200
17:54:41.620 [main] INFO api.AvailableMembersApi - Converted Available IDs for survey ID 93: [1, 2, 3, 4, 6, 8, 9, 11, 13, 14, 19, 20, 21, 22, 24, 25, 27, 28, 29, 30, 31, 32, 34, 35, 36, 37, 39, 40, 42, 43, 44, 46, 47, 48, 49, 50, 51, 52, 53, 55, 56, 57, 58, 60, 61, 62, 65, 66, 67, 68, 69, 71, 72, 73, 76, 77, 78, 82, 85, 87, 89, 91, 93, 94, 95, 96, 98, 99, 101, 102, 104, 107, 110, 112, 113, 114, 115, 116, 117, 121, 124, 125, 126, 127, 128, 129, 130, 131, 132, 133, 134, 136, 137, 139, 142, 143, 145, 146, 147, 148, 149, 150, 151, 152, 153, 154, 156, 157, 159, 160, 161, 163, 164, 166, 167, 168, 171, 172, 173, 174, 175, 176, 178, 179, 180, 181, 182, 183, 184, 186, 187, 189, 190, 191, 193, 194, 195, 196, 197, 198, 199, 200, 202, 204, 205, 206, 207, 208, 209, 211, 212, 214, 216, 217, 218, 220, 221, 223, 224, 227, 228, 229, 230, 232, 233, 234, 236, 238, 242, 243, 245, 247, 248, 249, 250, 251, 252, 253, 255, 256, 259, 260, 261, 266, 268, 269, 273, 274, 278, 280, 281, 282, 284, 285, 286, 289, 291, 292, 294, 295, 296, 297, 298]
17:54:41.623 [main] INFO api.AvailableMembersApi - Received response for survey ID 94: Status Code = 200
17:54:41.629 [main] INFO api.AvailableMembersApi - Available statuses for survey ID 94: [true, true, true, true, true, true, true, true, true, true, true, true, true, true, true, true, true, true, true, true, true, true, true, true, true, true, true, true, true, true, true, true, true, true, true, true, true, true, true, true, true, true, true, true, true, true, true, true, true, true, true, true, true, true, true, true, true, true, true, true, true, true, true, true, true, true, true, true, true, true, true, true, true, true, true, true, true, true, true, true, true, true, true, true, true, true, true, true, true, true, true, true, true, true, true, true, true, true, true, true, true, true, true, true, true, true, true, true, true, true, true, true, true, true, true, true, true, true, true, true, true, true, true, true, true, true, true, true, true, true, true, true, true, true, true, true, true, true, true, true, true, true, true, true, true, true, true, true, true, true, true, true, true, true, true, true, true, true, true, true, true, true, true, true, true, true, true, true, true, true, true, true, true, true, true, true, true, true, true, true, true, true, true, true, true, true, true, true, true, true, true, true, true, true, true, true, true, true, true, true, true, true, true, true, true, true]
17:54:41.629 [main] INFO api.AvailableMembersApi - Validating members for Survey ID: 94
17:54:41.630 [main] INFO api.AvailableMembersApi - Received response for survey ID 94: Status Code = 200
17:54:41.636 [main] INFO api.AvailableMembersApi - Converted Available IDs for survey ID 94: [1, 2, 3, 4, 6, 8, 9, 11, 13, 14, 16, 19, 20, 21, 22, 24, 25, 27, 28, 29, 30, 31, 32, 34, 36, 37, 39, 40, 42, 43, 44, 46, 47, 48, 49, 50, 51, 52, 53, 54, 55, 56, 57, 58, 59, 60, 61, 62, 63, 64, 65, 66, 67, 68, 69, 71, 72, 73, 76, 77, 78, 82, 85, 87, 89, 91, 92, 93, 94, 95, 96, 98, 99, 102, 104, 107, 110, 111, 112, 113, 114, 115, 117, 120, 121, 124, 125, 126, 127, 128, 130, 131, 132, 133, 134, 136, 137, 139, 140, 142, 145, 147, 149, 150, 152, 154, 155, 156, 157, 158, 159, 160, 161, 163, 164, 166, 167, 168, 171, 172, 173, 174, 175, 176, 177, 178, 179, 180, 181, 182, 183, 186, 187, 189, 190, 191, 193, 194, 195, 196, 197, 198, 199, 200, 202, 204, 205, 206, 207, 208, 209, 211, 212, 214, 216, 217, 218, 220, 221, 223, 224, 227, 228, 229, 232, 233, 234, 237, 238, 243, 245, 246, 247, 248, 249, 250, 251, 252, 253, 255, 256, 258, 259, 260, 261, 266, 268, 269, 273, 274, 278, 279, 280, 281, 282, 284, 285, 286, 289, 291, 292, 294, 295, 296, 297, 298]
17:54:41.638 [main] INFO api.AvailableMembersApi - Received response for survey ID 95: Status Code = 200
17:54:41.644 [main] INFO api.AvailableMembersApi - Available statuses for survey ID 95: [true, true, true, true, true, true, true, true, true, true, true, true, true, true, true, true, true, true, true, true, true, true, true, true, true, true, true, true, true, true, true, true, true, true, true, true, true, true, true, true, true, true, true, true, true, true, true, true, true, true, true, true, true, true, true, true, true, true, true, true, true, true, true, true, true, true, true, true, true, true, true, true, true, true, true, true, true, true, true, true, true, true, true, true, true, true, true, true, true, true, true, true, true, true, true, true, true, true, true, true, true, true, true, true, true, true, true, true, true, true, true, true, true, true, true, true, true, true, true, true, true, true, true, true, true, true, true, true, true, true, true, true, true, true, true, true, true, true, true, true, true, true, true, true, true, true, true, true, true, true, true, true, true, true, true, true, true, true, true, true, true, true, true, true, true, true, true, true, true, true, true, true, true, true, true, true, true, true, true, true, true, true, true, true, true, true, true, true, true, true, true, true, true, true, true, true, true, true, true, true]
17:54:41.644 [main] INFO api.AvailableMembersApi - Validating members for Survey ID: 95
17:54:41.645 [main] INFO api.AvailableMembersApi - Received response for survey ID 95: Status Code = 200
17:54:41.650 [main] INFO api.AvailableMembersApi - Converted Available IDs for survey ID 95: [2, 3, 4, 6, 8, 9, 11, 13, 14, 16, 18, 19, 20, 21, 22, 25, 28, 29, 30, 31, 32, 34, 35, 36, 37, 39, 40, 43, 44, 46, 47, 48, 49, 50, 52, 53, 54, 55, 56, 57, 58, 59, 60, 62, 63, 64, 65, 66, 67, 68, 69, 71, 73, 76, 77, 78, 82, 85, 87, 89, 91, 92, 94, 95, 96, 98, 99, 101, 102, 104, 107, 110, 111, 112, 113, 114, 115, 116, 117, 120, 121, 124, 125, 126, 127, 128, 129, 130, 131, 133, 137, 139, 140, 142, 143, 145, 146, 147, 148, 149, 151, 152, 153, 154, 155, 156, 157, 158, 159, 160, 161, 164, 166, 167, 168, 171, 172, 173, 174, 175, 176, 177, 178, 179, 180, 181, 182, 183, 186, 187, 189, 190, 191, 193, 194, 195, 196, 197, 198, 199, 200, 202, 204, 205, 206, 207, 208, 209, 211, 212, 214, 216, 217, 218, 220, 221, 223, 224, 227, 228, 229, 230, 234, 235, 236, 237, 238, 242, 243, 245, 247, 248, 250, 251, 252, 253, 255, 256, 258, 259, 260, 261, 266, 268, 269, 273, 274, 278, 279, 280, 282, 284, 285, 286, 289, 294, 295, 296, 297, 298]
17:54:41.653 [main] INFO api.AvailableMembersApi - Received response for survey ID 96: Status Code = 200
17:54:41.658 [main] INFO api.AvailableMembersApi - Available statuses for survey ID 96: [true, true, true, true, true, true, true, true, true, true, true, true, true, true, true, true, true, true, true, true, true, true, true, true, true, true, true, true, true, true, true, true, true, true, true, true, true, true, true, true, true, true, true, true, true, true, true, true, true, true, true, true, true, true, true, true, true, true, true, true, true, true, true, true, true, true, true, true, true, true, true, true, true, true, true, true, true, true, true, true, true, true, true, true, true, true, true, true, true, true, true, true, true, true, true, true, true, true, true, true, true, true, true, true, true, true, true, true, true, true, true, true, true, true, true, true, true, true, true, true, true, true, true, true, true, true, true, true, true, true, true, true, true, true, true, true, true, true, true, true, true, true, true, true, true, true, true, true, true, true, true, true, true, true, true, true, true, true, true, true, true, true, true, true, true, true, true, true, true, true, true, true, true, true, true, true, true, true, true, true, true, true, true, true, true, true, true, true, true, true, true, true, true, true, true, true, true, true, true, true, true, true]
17:54:41.658 [main] INFO api.AvailableMembersApi - Validating members for Survey ID: 96
17:54:41.659 [main] INFO api.AvailableMembersApi - Received response for survey ID 96: Status Code = 200
17:54:41.664 [main] INFO api.AvailableMembersApi - Converted Available IDs for survey ID 96: [1, 2, 3, 4, 9, 11, 13, 14, 16, 18, 19, 20, 21, 22, 24, 27, 28, 29, 30, 31, 32, 34, 35, 36, 37, 39, 40, 43, 44, 46, 47, 48, 49, 50, 51, 52, 53, 54, 55, 56, 58, 59, 60, 61, 62, 63, 64, 65, 66, 67, 68, 69, 71, 72, 73, 77, 78, 82, 85, 86, 87, 89, 91, 92, 94, 95, 96, 98, 99, 101, 102, 104, 107, 110, 111, 112, 113, 114, 115, 116, 117, 120, 121, 124, 125, 126, 127, 128, 129, 130, 131, 132, 133, 134, 136, 137, 139, 140, 142, 143, 145, 147, 148, 149, 150, 151, 152, 153, 155, 156, 157, 158, 159, 160, 164, 166, 167, 168, 171, 172, 173, 174, 176, 177, 178, 179, 180, 181, 182, 183, 184, 187, 189, 190, 191, 193, 194, 195, 196, 198, 199, 200, 202, 204, 205, 208, 209, 211, 212, 214, 216, 217, 218, 220, 221, 223, 224, 227, 228, 229, 230, 232, 233, 234, 235, 236, 237, 238, 242, 243, 245, 246, 248, 249, 250, 251, 252, 253, 255, 256, 259, 260, 261, 266, 268, 269, 273, 274, 278, 279, 280, 281, 282, 284, 285, 286, 289, 291, 294, 295, 296, 297]
17:54:41.666 [main] INFO api.AvailableMembersApi - Received response for survey ID 97: Status Code = 200
17:54:41.671 [main] INFO api.AvailableMembersApi - Available statuses for survey ID 97: [true, true, true, true, true, true, true, true, true, true, true, true, true, true, true, true, true, true, true, true, true, true, true, true, true, true, true, true, true, true, true, true, true, true, true, true, true, true, true, true, true, true, true, true, true, true, true, true, true, true, true, true, true, true, true, true, true, true, true, true, true, true, true, true, true, true, true, true, true, true, true, true, true, true, true, true, true, true, true, true, true, true, true, true, true, true, true, true, true, true, true, true, true, true, true, true, true, true, true, true, true, true, true, true, true, true, true, true, true, true, true, true, true, true, true, true, true, true, true, true, true, true, true, true, true, true, true, true, true, true, true, true, true, true, true, true, true, true, true, true, true, true, true, true, true, true, true, true, true, true, true, true, true, true, true, true, true, true, true, true, true, true, true, true, true, true, true, true, true, true, true, true, true, true, true, true, true, true, true, true, true, true, true, true, true, true, true, true, true, true, true, true, true, true, true, true, true, true, true]
17:54:41.671 [main] INFO api.AvailableMembersApi - Validating members for Survey ID: 97
17:54:41.672 [main] INFO api.AvailableMembersApi - Received response for survey ID 97: Status Code = 200
17:54:41.677 [main] INFO api.AvailableMembersApi - Converted Available IDs for survey ID 97: [1, 3, 4, 6, 8, 9, 11, 14, 16, 18, 19, 20, 21, 22, 24, 25, 27, 28, 29, 30, 31, 32, 35, 36, 37, 39, 40, 42, 43, 44, 46, 47, 48, 50, 51, 52, 53, 54, 55, 56, 57, 58, 59, 62, 63, 64, 65, 66, 68, 69, 71, 72, 73, 76, 77, 78, 85, 87, 89, 91, 92, 93, 94, 95, 96, 98, 99, 101, 102, 104, 107, 110, 111, 112, 113, 114, 115, 116, 117, 120, 121, 124, 125, 126, 127, 128, 129, 130, 131, 132, 134, 136, 137, 139, 140, 142, 143, 145, 146, 147, 148, 149, 150, 151, 152, 153, 155, 156, 157, 158, 159, 160, 163, 164, 166, 167, 168, 171, 172, 173, 174, 175, 176, 177, 178, 181, 182, 183, 184, 186, 187, 189, 190, 191, 193, 194, 195, 196, 197, 198, 199, 200, 202, 204, 205, 207, 208, 209, 211, 212, 214, 216, 217, 218, 220, 221, 223, 224, 229, 232, 233, 234, 235, 236, 237, 238, 242, 243, 245, 246, 247, 248, 249, 251, 253, 255, 256, 258, 259, 261, 268, 269, 273, 274, 278, 279, 281, 282, 284, 285, 286, 289, 291, 292, 294, 295, 296, 297, 298]
17:54:41.680 [main] INFO api.AvailableMembersApi - Received response for survey ID 98: Status Code = 200
17:54:41.685 [main] INFO api.AvailableMembersApi - Available statuses for survey ID 98: [true, true, true, true, true, true, true, true, true, true, true, true, true, true, true, true, true, true, true, true, true, true, true, true, true, true, true, true, true, true, true, true, true, true, true, true, true, true, true, true, true, true, true, true, true, true, true, true, true, true, true, true, true, true, true, true, true, true, true, true, true, true, true, true, true, true, true, true, true, true, true, true, true, true, true, true, true, true, true, true, true, true, true, true, true, true, true, true, true, true, true, true, true, true, true, true, true, true, true, true, true, true, true, true, true, true, true, true, true, true, true, true, true, true, true, true, true, true, true, true, true, true, true, true, true, true, true, true, true, true, true, true, true, true, true, true, true, true, true, true, true, true, true, true, true, true, true, true, true, true, true, true, true, true, true, true, true, true, true, true, true, true, true, true, true, true, true, true, true, true, true, true, true, true, true, true, true, true, true, true, true, true, true, true, true, true, true, true, true, true, true, true, true, true, true, true, true, true, true, true, true, true, true]
17:54:41.685 [main] INFO api.AvailableMembersApi - Validating members for Survey ID: 98
17:54:41.687 [main] INFO api.AvailableMembersApi - Received response for survey ID 98: Status Code = 200
17:54:41.692 [main] INFO api.AvailableMembersApi - Converted Available IDs for survey ID 98: [1, 2, 3, 4, 6, 8, 11, 13, 14, 16, 18, 19, 20, 22, 24, 25, 27, 28, 29, 30, 31, 32, 34, 35, 37, 39, 40, 42, 43, 44, 46, 47, 48, 49, 50, 51, 52, 53, 54, 55, 56, 57, 59, 61, 62, 63, 64, 65, 66, 67, 68, 69, 72, 76, 77, 78, 82, 85, 87, 89, 91, 92, 93, 94, 95, 96, 98, 99, 101, 102, 104, 110, 111, 112, 113, 115, 116, 117, 120, 121, 124, 125, 126, 127, 128, 129, 130, 131, 132, 133, 134, 136, 137, 139, 140, 142, 145, 146, 147, 148, 149, 150, 151, 152, 153, 154, 156, 157, 159, 160, 161, 163, 164, 166, 167, 168, 172, 173, 174, 175, 176, 177, 178, 179, 180, 181, 182, 183, 184, 186, 187, 189, 190, 191, 193, 195, 196, 197, 198, 199, 200, 202, 204, 205, 206, 207, 208, 209, 211, 212, 214, 216, 217, 218, 220, 221, 223, 224, 227, 228, 232, 233, 234, 235, 236, 237, 238, 242, 243, 245, 246, 247, 248, 251, 252, 253, 255, 256, 258, 259, 260, 261, 266, 268, 269, 273, 274, 278, 279, 280, 281, 282, 284, 285, 286, 289, 291, 292, 294, 295, 296, 297, 298]
17:54:41.695 [main] INFO api.AvailableMembersApi - Received response for survey ID 99: Status Code = 200
17:54:41.700 [main] INFO api.AvailableMembersApi - Available statuses for survey ID 99: [true, true, true, true, true, true, true, true, true, true, true, true, true, true, true, true, true, true, true, true, true, true, true, true, true, true, true, true, true, true, true, true, true, true, true, true, true, true, true, true, true, true, true, true, true, true, true, true, true, true, true, true, true, true, true, true, true, true, true, true, true, true, true, true, true, true, true, true, true, true, true, true, true, true, true, true, true, true, true, true, true, true, true, true, true, true, true, true, true, true, true, true, true, true, true, true, true, true, true, true, true, true, true, true, true, true, true, true, true, true, true, true, true, true, true, true, true, true, true, true, true, true, true, true, true, true, true, true, true, true, true, true, true, true, true, true, true, true, true, true, true, true, true, true, true, true, true, true, true, true, true, true, true, true, true, true, true, true, true, true, true, true, true, true, true, true, true, true, true, true, true, true, true, true, true, true, true, true, true, true, true, true, true, true, true, true, true, true, true, true, true, true, true, true, true, true, true, true, true, true, true, true, true, true, true]
17:54:41.700 [main] INFO api.AvailableMembersApi - Validating members for Survey ID: 99
17:54:41.701 [main] INFO api.AvailableMembersApi - Received response for survey ID 99: Status Code = 200
17:54:41.706 [main] INFO api.AvailableMembersApi - Converted Available IDs for survey ID 99: [1, 2, 3, 4, 6, 8, 9, 11, 13, 14, 16, 18, 19, 20, 21, 22, 24, 25, 27, 28, 29, 30, 31, 32, 34, 35, 36, 37, 39, 43, 44, 46, 47, 49, 51, 52, 53, 54, 55, 56, 57, 58, 59, 60, 61, 62, 63, 64, 65, 67, 68, 69, 71, 72, 73, 76, 77, 82, 85, 86, 87, 89, 91, 92, 93, 94, 95, 96, 98, 99, 101, 102, 104, 107, 110, 111, 112, 113, 114, 116, 117, 120, 121, 124, 125, 126, 127, 128, 129, 130, 131, 132, 133, 134, 136, 137, 139, 140, 142, 143, 145, 146, 147, 148, 149, 150, 151, 153, 154, 155, 156, 158, 159, 160, 161, 163, 164, 166, 168, 171, 172, 173, 174, 175, 176, 177, 178, 180, 181, 182, 183, 184, 186, 187, 190, 191, 193, 194, 195, 196, 197, 199, 200, 204, 205, 206, 207, 208, 209, 211, 214, 216, 217, 218, 220, 221, 223, 224, 227, 228, 229, 230, 232, 233, 234, 235, 236, 237, 238, 242, 243, 245, 246, 247, 249, 250, 251, 252, 253, 256, 258, 259, 260, 261, 266, 268, 269, 273, 274, 278, 279, 280, 281, 282, 284, 285, 286, 289, 291, 292, 294, 295, 296, 297, 298]
17:54:41.709 [main] INFO api.AvailableMembersApi - Received response for survey ID 100: Status Code = 200
17:54:41.714 [main] INFO api.AvailableMembersApi - Available statuses for survey ID 100: [true, true, true, true, true, true, true, true, true, true, true, true, true, true, true, true, true, true, true, true, true, true, true, true, true, true, true, true, true, true, true, true, true, true, true, true, true, true, true, true, true, true, true, true, true, true, true, true, true, true, true, true, true, true, true, true, true, true, true, true, true, true, true, true, true, true, true, true, true, true, true, true, true, true, true, true, true, true, true, true, true, true, true, true, true, true, true, true, true, true, true, true, true, true, true, true, true, true, true, true, true, true, true, true, true, true, true, true, true, true, true, true, true, true, true, true, true, true, true, true, true, true, true, true, true, true, true, true, true, true, true, true, true, true, true, true, true, true, true, true, true, true, true, true, true, true, true, true, true, true, true, true, true, true, true, true, true, true, true, true, true, true, true, true, true, true, true, true, true, true, true, true, true, true, true, true, true, true, true, true, true, true, true, true, true, true, true, true, true, true, true, true, true, true, true, true, true]
17:54:41.714 [main] INFO api.AvailableMembersApi - Validating members for Survey ID: 100
17:54:41.715 [main] INFO api.AvailableMembersApi - Received response for survey ID 100: Status Code = 200
17:54:41.720 [main] INFO api.AvailableMembersApi - Converted Available IDs for survey ID 100: [1, 2, 3, 4, 8, 11, 13, 14, 16, 18, 19, 20, 21, 22, 24, 25, 27, 28, 29, 30, 31, 32, 34, 35, 36, 37, 39, 42, 43, 44, 46, 47, 48, 49, 50, 52, 53, 54, 56, 59, 60, 61, 62, 63, 64, 65, 66, 67, 68, 69, 71, 72, 76, 77, 82, 85, 86, 87, 89, 91, 93, 94, 95, 96, 98, 99, 101, 104, 107, 110, 111, 112, 113, 114, 115, 116, 117, 120, 121, 125, 126, 127, 128, 129, 130, 131, 132, 133, 134, 136, 137, 139, 142, 143, 145, 146, 147, 148, 151, 152, 153, 154, 155, 156, 157, 158, 159, 160, 161, 163, 166, 167, 168, 171, 172, 173, 174, 175, 176, 177, 178, 179, 180, 181, 182, 183, 184, 186, 187, 189, 190, 191, 193, 194, 195, 196, 197, 198, 199, 200, 202, 204, 205, 206, 207, 208, 209, 212, 214, 216, 217, 218, 220, 221, 223, 224, 227, 228, 229, 234, 235, 236, 237, 238, 242, 243, 245, 246, 247, 249, 250, 252, 253, 255, 256, 258, 259, 260, 261, 266, 268, 269, 274, 278, 279, 280, 281, 284, 285, 286, 289, 291, 292, 294, 295, 296, 297]
]]></system-out>
  </testcase>
  <testcase name="testAvailableNames" classname="tests.integration.AvailableMembersTest" time="0.96">
    <system-out><![CDATA[17:54:41.724 [main] INFO api.AvailableMembersApi - Starting validation for attribute: name
17:54:41.726 [main] INFO api.AvailableMembersApi - Received response for survey ID 1: Status Code = 200
17:54:41.735 [main] INFO api.AvailableMembersApi - Available names for survey ID 1: [Malissa Arn, Yesenia Conte, Meghann Followell, Lee Harlow, Salvatore Monico, Sunshine Focht, Daina Maine, Ora Housand, Tasia Merritt, Gregory Lucchesi, Drucilla Wilhelm, Jaquelyn Levett, Mariko Hadfield, Janita Stroman, Margarito Derringer, Sherita Arispe, Everett Northup, Micah Shirley, Wilhelmina Hibdon, Carolin Blauser, Lyla Almanza, Chere Gamino, Fleta Giampaolo, Cleotilde Mcmiller, Lashanda Abbott, Jeffry Dynes, Vernice Soto, Elna Phelan, Temika Huth, Adrianna Fentress, Tayna Rey, Ike Clink, Gaynell Croce, Darlena Farrington, Cherryl Carolina, Anjanette Krupp, Janiece Silvernail, Ivey Buskey, Elane Martinelli, Rachell Ankrom, Alton Smedley, Voncile Hayner, Bebe Lehmkuhl, Inell Ruoff, Onita Holloway, Norman Castilleja, Delmar Tourville, Zoraida Faulkner, Kellee Maddy, Florencio Muller, Jo Dettman, Rosanne Trezza, Maryland Benedict, Mirtha Conine, Kristin Ponton, Flossie Pangburn, Dixie Darsey, Cari Pizzo, Ellamae Tallon, Abbie Kreidler, Dustin Arterburn, Catrice Lenton, Laila Holdren, Jon Shultis, Julian Clapper, Myles Cooke, Rheba Corbett, Marcelle Herzog, Xochitl Calderwood, Leila Odle, Abby Peevy, Jarvis Millar, Angelia Keebler, Clementina Gormley, Joslyn Keen, Verla Bearse, Cassaundra Loar, Ji Lamarche, Lilliam Mcghie, Alona Redel, Heidi Gravelle, Buck Slawson, Lindsay Henline, Maxine Clauson, Lena Galusha, Talisha Geise, Stacie Austria, Georgia Cincotta, Candis Gapinski, Cyrstal Robb, Cornelia Laney, Jere Routh, Tomi Athey, Matha Beard, Bud Mclarty, Marlana Gillard, Elvis Leatherwood, Hellen Macrae, Meaghan Macinnis, Lezlie Luckey, Mozelle Reddy, Olene Ledgerwood, Shanda Cromer, Venice Sherry, Ron Copher, Carolann Bronson, Charlyn Haggerty, Isaac Linebaugh, Elba Farr, Angelika March, Tyler Galbraith, Marylynn Chauvin, Luisa Ohm, Bette Carlos, Rocco Blubaugh, Alexandria Jantz, Winston Hemby, Tami Jepson, Anamaria Headrick, Nereida Truman, Hipolito Rowlands, Porter Marcinkowski, Bonny Forester, Rutha Crotty, Damion Wysocki, Colton Moschella, Wayne Basler, Joie Sly, Takisha Demo, Chas Arline, Joya Bristol, Neida Vartanian, Ellie Duca, Adela Slusher, Daniell Nicklas, Jammie Rapp, Bess Hugo, Marlin Holm, Mignon Carnes, Carey Baley, Maddie Mccusker, Herschel Sena, Ora Suddeth, Birgit Mcglade, Nelia Abrams, Adan Carden, Leanna Mazer, Kesha Shoop, Elza Aumick, Terence Grothe, Markita Brymer, Jazmine Mccolley, Marcelina Koger, Naoma Whitman, Alfredia Semon, Miyoko Pinto, Isaura Morton, Simon Polinsky, Yulanda Marsden, Chloe Florey, Christine Parkinson, Marlys Matteson, Estella Lavallie, Madie Bhatti, Delpha Tharrington, Elwood Cortez, Celeste Mahmood, Flor Hallock, Brigitte Rahm, Noble Krom, Rosalind Daniele, Margareta Ku, Sherrie Rivero, Mandi Swartwood, Ricky Latimer, Clara Villegas, Tyrone Antonio, Noah Deppen, Nelle Goodlow, Yesenia Tillett, Lynell Lando, Loreen Morel, Valentina Nitti, Cara Rakowski, Silas Chickering, Marguerite Schuman, Thuy Decamp, Ian Reising, Rufus Hanshaw, Irma Encarnacion, Leoma Mazzei, Latesha Marini, Mallory Segarra, Torrie Harnois, Parker Forrest, Jed Frazier, Kimi Savard, Lashay Franz]
17:54:41.735 [main] INFO api.AvailableMembersApi - Validating members for Survey ID: 1
17:54:41.738 [main] INFO api.AvailableMembersApi - Received response for survey ID 2: Status Code = 200
17:54:41.744 [main] INFO api.AvailableMembersApi - Available names for survey ID 2: [Malissa Arn, Teri Villalobos, Yesenia Conte, Meghann Followell, Lee Harlow, Salvatore Monico, Sunshine Focht, Daina Maine, Ora Housand, Tasia Merritt, Gregory Lucchesi, Drucilla Wilhelm, Jaquelyn Levett, Mariko Hadfield, Janita Stroman, Margarito Derringer, Sherita Arispe, Everett Northup, Micah Shirley, Wilhelmina Hibdon, Carolin Blauser, Lyla Almanza, Chere Gamino, Cleotilde Mcmiller, Jeffry Dynes, Vernice Soto, Elna Phelan, Temika Huth, Adrianna Fentress, Tayna Rey, Ike Clink, Gaynell Croce, Darlena Farrington, Zoe Solar, Anjanette Krupp, Janiece Silvernail, Ivey Buskey, Viola Blackstock, Elane Martinelli, Rachell Ankrom, Kyla Kays, Alton Smedley, Voncile Hayner, Bebe Lehmkuhl, Inell Ruoff, Onita Holloway, Norman Castilleja, Delmar Tourville, Audry Berends, Zoraida Faulkner, Kellee Maddy, Florencio Muller, Jo Dettman, Rosanne Trezza, Maryland Benedict, Mirtha Conine, Kristin Ponton, Flossie Pangburn, Yuko Steffes, Dixie Darsey, Kendrick Preston, Cari Pizzo, Ellamae Tallon, Abbie Kreidler, Dustin Arterburn, Catrice Lenton, Laila Holdren, Yang Soriano, Jon Shultis, Julian Clapper, Myles Cooke, Rheba Corbett, Marcelle Herzog, Xochitl Calderwood, Jarvis Millar, Lekisha Hinnenkamp, Angelia Keebler, Clementina Gormley, Joslyn Keen, Verla Bearse, Cassaundra Loar, Ji Lamarche, Lilliam Mcghie, Alona Redel, Heidi Gravelle, Buck Slawson, Lindsay Henline, Mimi Winsor, Maxine Clauson, Lena Galusha, Talisha Geise, Georgia Cincotta, Candis Gapinski, Cyrstal Robb, Cornelia Laney, Jere Routh, Archie Branning, Tomi Athey, Matha Beard, Bud Mclarty, Marlana Gillard, Hellen Macrae, Meaghan Macinnis, Lezlie Luckey, Mozelle Reddy, Olene Ledgerwood, Shanda Cromer, Venice Sherry, Arminda Valentino, Carolann Bronson, Charlyn Haggerty, Isaac Linebaugh, Elba Farr, Angelika March, Tyler Galbraith, Marylynn Chauvin, Luisa Ohm, Bette Carlos, Rocco Blubaugh, Alexandria Jantz, Winston Hemby, Tami Jepson, Anamaria Headrick, Nereida Truman, Hipolito Rowlands, Porter Marcinkowski, Bonny Forester, Rutha Crotty, Damion Wysocki, Colton Moschella, Wayne Basler, Joie Sly, Takisha Demo, Chas Arline, Joya Bristol, Neida Vartanian, Ellie Duca, Daniell Nicklas, Jammie Rapp, Bess Hugo, Marlin Holm, Mignon Carnes, Dani Stroop, Herschel Sena, Ora Suddeth, Ted Broome, Birgit Mcglade, Heidi Poplawski, Carmen Ireland, Adan Carden, Leanna Mazer, Kesha Shoop, Elza Aumick, Terence Grothe, Markita Brymer, Jazmine Mccolley, Alpha Hundley, Scot Hollis, Marcelina Koger, Naoma Whitman, Alfredia Semon, Miyoko Pinto, Leia Amico, Simon Polinsky, Yulanda Marsden, Chloe Florey, Bernice Corcoran, Marlys Matteson, Estella Lavallie, Madie Bhatti, Delpha Tharrington, Elwood Cortez, Sanjuanita Brotzman, Celeste Mahmood, Flor Hallock, Brigitte Rahm, Corazon Bohan, Cynthia Gines, Noble Krom, Rosalind Daniele, Margareta Ku, Sherrie Rivero, Mandi Swartwood, Ricky Latimer, Clara Villegas, Tyrone Antonio, Noah Deppen, Nelle Goodlow, Yesenia Tillett, Lynell Lando, Loreen Morel, Valentina Nitti, Cara Rakowski, Silas Chickering, Marguerite Schuman, Thuy Decamp, Ian Reising, Rufus Hanshaw, Irma Encarnacion, Leoma Mazzei, Latesha Marini, Mallory Segarra, Torrie Harnois, Kimi Savard, Lashay Franz]
17:54:41.744 [main] INFO api.AvailableMembersApi - Validating members for Survey ID: 2
17:54:41.747 [main] INFO api.AvailableMembersApi - Received response for survey ID 3: Status Code = 200
17:54:41.756 [main] INFO api.AvailableMembersApi - Available names for survey ID 3: [Malissa Arn, Teri Villalobos, Meghann Followell, Lee Harlow, Salvatore Monico, Sunshine Focht, Daina Maine, Ora Housand, Gregory Lucchesi, Drucilla Wilhelm, Jaquelyn Levett, Mariko Hadfield, Janita Stroman, Margarito Derringer, Sherita Arispe, Everett Northup, Micah Shirley, Wilhelmina Hibdon, Lyla Almanza, Chere Gamino, Fleta Giampaolo, Cleotilde Mcmiller, Sarai Morelli, Lashanda Abbott, Jeffry Dynes, Vernice Soto, Elna Phelan, Temika Huth, Adrianna Fentress, Tayna Rey, Ike Clink, Gaynell Croce, Darlena Farrington, Cherryl Carolina, Zoe Solar, Janiece Silvernail, Ivey Buskey, Viola Blackstock, Elane Martinelli, Kyla Kays, Voncile Hayner, Bebe Lehmkuhl, Inell Ruoff, Onita Holloway, Norman Castilleja, Audry Berends, Zoraida Faulkner, Kellee Maddy, Florencio Muller, Jo Dettman, Rosanne Trezza, Maryland Benedict, Mirtha Conine, Kristin Ponton, Flossie Pangburn, Yuko Steffes, Dixie Darsey, Kendrick Preston, Ellamae Tallon, Abbie Kreidler, Dustin Arterburn, Catrice Lenton, Laila Holdren, Yang Soriano, Jon Shultis, Julian Clapper, Myles Cooke, Rheba Corbett, Marcelle Herzog, Xochitl Calderwood, Leila Odle, Abby Peevy, Jarvis Millar, Lekisha Hinnenkamp, Angelia Keebler, Clementina Gormley, Verla Bearse, Cassaundra Loar, Ji Lamarche, Alona Redel, Buck Slawson, Lindsay Henline, Mimi Winsor, Maxine Clauson, Lena Galusha, Talisha Geise, Stacie Austria, Georgia Cincotta, Candis Gapinski, Cyrstal Robb, Cornelia Laney, Jere Routh, Archie Branning, Tomi Athey, Matha Beard, Marlana Gillard, Elvis Leatherwood, Hellen Macrae, Meaghan Macinnis, Lezlie Luckey, Mozelle Reddy, Olene Ledgerwood, Shanda Cromer, Venice Sherry, Ron Copher, Arminda Valentino, Carolann Bronson, Charlyn Haggerty, Isaac Linebaugh, Elba Farr, Angelika March, Tyler Galbraith, Marylynn Chauvin, Luisa Ohm, Bette Carlos, Rocco Blubaugh, Alexandria Jantz, Winston Hemby, Tami Jepson, Anamaria Headrick, Nereida Truman, Porter Marcinkowski, Bonny Forester, Rutha Crotty, Colton Moschella, Wayne Basler, Joie Sly, Takisha Demo, Chas Arline, Joya Bristol, Neida Vartanian, Ellie Duca, Adela Slusher, Daniell Nicklas, Jammie Rapp, Bess Hugo, Marlin Holm, Mignon Carnes, Carey Baley, Maddie Mccusker, Herschel Sena, Ora Suddeth, Ted Broome, Birgit Mcglade, Heidi Poplawski, Carmen Ireland, Nelia Abrams, Adan Carden, Leanna Mazer, Kesha Shoop, Elza Aumick, Terence Grothe, Jazmine Mccolley, Alpha Hundley, Scot Hollis, Marcelina Koger, Naoma Whitman, Alfredia Semon, Miyoko Pinto, Isaura Morton, Leia Amico, Simon Polinsky, Yulanda Marsden, Chloe Florey, Bernice Corcoran, Christine Parkinson, Marlys Matteson, Madie Bhatti, Delpha Tharrington, Elwood Cortez, Sanjuanita Brotzman, Celeste Mahmood, Brigitte Rahm, Cynthia Gines, Noble Krom, Margareta Ku, Sherrie Rivero, Mandi Swartwood, Ricky Latimer, Clara Villegas, Noah Deppen, Nelle Goodlow, Yesenia Tillett, Lynell Lando, Loreen Morel, Valentina Nitti, Cara Rakowski, Silas Chickering, Marguerite Schuman, Thuy Decamp, Ian Reising, Rufus Hanshaw, Irma Encarnacion, Leoma Mazzei, Latesha Marini, Mallory Segarra, Torrie Harnois, Parker Forrest, Jed Frazier, Kimi Savard, Lashay Franz]
17:54:41.756 [main] INFO api.AvailableMembersApi - Validating members for Survey ID: 3
17:54:41.758 [main] INFO api.AvailableMembersApi - Received response for survey ID 4: Status Code = 200
17:54:41.763 [main] INFO api.AvailableMembersApi - Available names for survey ID 4: [Malissa Arn, Teri Villalobos, Yesenia Conte, Meghann Followell, Lee Harlow, Salvatore Monico, Sunshine Focht, Daina Maine, Ora Housand, Tasia Merritt, Drucilla Wilhelm, Jaquelyn Levett, Janita Stroman, Margarito Derringer, Sherita Arispe, Everett Northup, Micah Shirley, Wilhelmina Hibdon, Lyla Almanza, Chere Gamino, Fleta Giampaolo, Sarai Morelli, Lashanda Abbott, Jeffry Dynes, Vernice Soto, Elna Phelan, Adrianna Fentress, Tayna Rey, Ike Clink, Gaynell Croce, Darlena Farrington, Cherryl Carolina, Anjanette Krupp, Janiece Silvernail, Viola Blackstock, Elane Martinelli, Rachell Ankrom, Kyla Kays, Alton Smedley, Voncile Hayner, Bebe Lehmkuhl, Inell Ruoff, Onita Holloway, Norman Castilleja, Delmar Tourville, Audry Berends, Zoraida Faulkner, Kellee Maddy, Florencio Muller, Rosanne Trezza, Maryland Benedict, Mirtha Conine, Kristin Ponton, Flossie Pangburn, Yuko Steffes, Dixie Darsey, Kendrick Preston, Cari Pizzo, Ellamae Tallon, Abbie Kreidler, Dustin Arterburn, Catrice Lenton, Laila Holdren, Yang Soriano, Julian Clapper, Marcelle Herzog, Xochitl Calderwood, Leila Odle, Jarvis Millar, Angelia Keebler, Clementina Gormley, Joslyn Keen, Verla Bearse, Cassaundra Loar, Ji Lamarche, Alona Redel, Heidi Gravelle, Buck Slawson, Lindsay Henline, Mimi Winsor, Lena Galusha, Talisha Geise, Georgia Cincotta, Candis Gapinski, Cyrstal Robb, Cornelia Laney, Jere Routh, Archie Branning, Tomi Athey, Matha Beard, Bud Mclarty, Marlana Gillard, Elvis Leatherwood, Hellen Macrae, Lezlie Luckey, Mozelle Reddy, Olene Ledgerwood, Shanda Cromer, Venice Sherry, Ron Copher, Arminda Valentino, Charlyn Haggerty, Isaac Linebaugh, Elba Farr, Angelika March, Marylynn Chauvin, Bette Carlos, Rocco Blubaugh, Alexandria Jantz, Winston Hemby, Tami Jepson, Anamaria Headrick, Nereida Truman, Hipolito Rowlands, Porter Marcinkowski, Rutha Crotty, Damion Wysocki, Colton Moschella, Wayne Basler, Joie Sly, Takisha Demo, Chas Arline, Joya Bristol, Ellie Duca, Adela Slusher, Daniell Nicklas, Jammie Rapp, Marlin Holm, Mignon Carnes, Carey Baley, Dani Stroop, Maddie Mccusker, Herschel Sena, Ora Suddeth, Ted Broome, Birgit Mcglade, Heidi Poplawski, Carmen Ireland, Nelia Abrams, Adan Carden, Leanna Mazer, Kesha Shoop, Elza Aumick, Terence Grothe, Markita Brymer, Jazmine Mccolley, Alpha Hundley, Scot Hollis, Naoma Whitman, Alfredia Semon, Isaura Morton, Leia Amico, Simon Polinsky, Yulanda Marsden, Chloe Florey, Bernice Corcoran, Christine Parkinson, Marlys Matteson, Estella Lavallie, Delpha Tharrington, Elwood Cortez, Sanjuanita Brotzman, Celeste Mahmood, Brigitte Rahm, Corazon Bohan, Cynthia Gines, Noble Krom, Margareta Ku, Sherrie Rivero, Mandi Swartwood, Ricky Latimer, Clara Villegas, Tyrone Antonio, Noah Deppen, Nelle Goodlow, Yesenia Tillett, Lynell Lando, Loreen Morel, Valentina Nitti, Cara Rakowski, Silas Chickering, Marguerite Schuman, Thuy Decamp, Ian Reising, Rufus Hanshaw, Irma Encarnacion, Leoma Mazzei, Latesha Marini, Torrie Harnois, Parker Forrest, Jed Frazier, Kimi Savard, Lashay Franz]
17:54:41.763 [main] INFO api.AvailableMembersApi - Validating members for Survey ID: 4
17:54:41.765 [main] INFO api.AvailableMembersApi - Received response for survey ID 5: Status Code = 200
17:54:41.773 [main] INFO api.AvailableMembersApi - Available names for survey ID 5: [Malissa Arn, Teri Villalobos, Yesenia Conte, Meghann Followell, Lee Harlow, Salvatore Monico, Sunshine Focht, Ora Housand, Tasia Merritt, Gregory Lucchesi, Jaquelyn Levett, Mariko Hadfield, Margarito Derringer, Sherita Arispe, Everett Northup, Micah Shirley, Wilhelmina Hibdon, Carolin Blauser, Lyla Almanza, Chere Gamino, Cleotilde Mcmiller, Sarai Morelli, Lashanda Abbott, Jeffry Dynes, Vernice Soto, Elna Phelan, Temika Huth, Tayna Rey, Gaynell Croce, Darlena Farrington, Cherryl Carolina, Zoe Solar, Anjanette Krupp, Janiece Silvernail, Ivey Buskey, Viola Blackstock, Elane Martinelli, Rachell Ankrom, Kyla Kays, Alton Smedley, Inell Ruoff, Onita Holloway, Norman Castilleja, Delmar Tourville, Zoraida Faulkner, Kellee Maddy, Florencio Muller, Jo Dettman, Rosanne Trezza, Maryland Benedict, Mirtha Conine, Kristin Ponton, Flossie Pangburn, Dixie Darsey, Kendrick Preston, Cari Pizzo, Ellamae Tallon, Abbie Kreidler, Dustin Arterburn, Catrice Lenton, Laila Holdren, Yang Soriano, Jon Shultis, Julian Clapper, Myles Cooke, Rheba Corbett, Marcelle Herzog, Xochitl Calderwood, Leila Odle, Abby Peevy, Jarvis Millar, Lekisha Hinnenkamp, Angelia Keebler, Joslyn Keen, Verla Bearse, Cassaundra Loar, Ji Lamarche, Lilliam Mcghie, Alona Redel, Heidi Gravelle, Buck Slawson, Lindsay Henline, Mimi Winsor, Maxine Clauson, Lena Galusha, Stacie Austria, Georgia Cincotta, Candis Gapinski, Cyrstal Robb, Cornelia Laney, Jere Routh, Archie Branning, Tomi Athey, Matha Beard, Bud Mclarty, Marlana Gillard, Hellen Macrae, Meaghan Macinnis, Lezlie Luckey, Mozelle Reddy, Olene Ledgerwood, Shanda Cromer, Venice Sherry, Ron Copher, Arminda Valentino, Carolann Bronson, Charlyn Haggerty, Isaac Linebaugh, Elba Farr, Angelika March, Tyler Galbraith, Marylynn Chauvin, Rocco Blubaugh, Alexandria Jantz, Winston Hemby, Tami Jepson, Anamaria Headrick, Nereida Truman, Hipolito Rowlands, Porter Marcinkowski, Bonny Forester, Damion Wysocki, Colton Moschella, Wayne Basler, Joie Sly, Takisha Demo, Chas Arline, Joya Bristol, Neida Vartanian, Ellie Duca, Adela Slusher, Jammie Rapp, Bess Hugo, Marlin Holm, Mignon Carnes, Dani Stroop, Maddie Mccusker, Herschel Sena, Ora Suddeth, Ted Broome, Birgit Mcglade, Heidi Poplawski, Nelia Abrams, Adan Carden, Leanna Mazer, Kesha Shoop, Elza Aumick, Terence Grothe, Markita Brymer, Jazmine Mccolley, Alpha Hundley, Scot Hollis, Naoma Whitman, Miyoko Pinto, Isaura Morton, Leia Amico, Simon Polinsky, Yulanda Marsden, Chloe Florey, Bernice Corcoran, Christine Parkinson, Marlys Matteson, Estella Lavallie, Madie Bhatti, Delpha Tharrington, Elwood Cortez, Sanjuanita Brotzman, Celeste Mahmood, Flor Hallock, Brigitte Rahm, Cynthia Gines, Noble Krom, Rosalind Daniele, Margareta Ku, Sherrie Rivero, Mandi Swartwood, Ricky Latimer, Clara Villegas, Tyrone Antonio, Noah Deppen, Nelle Goodlow, Yesenia Tillett, Lynell Lando, Loreen Morel, Cara Rakowski, Silas Chickering, Marguerite Schuman, Thuy Decamp, Ian Reising, Rufus Hanshaw, Irma Encarnacion, Leoma Mazzei, Latesha Marini, Mallory Segarra, Torrie Harnois, Parker Forrest, Jed Frazier, Kimi Savard, Lashay Franz]
17:54:41.773 [main] INFO api.AvailableMembersApi - Validating members for Survey ID: 5
17:54:41.775 [main] INFO api.AvailableMembersApi - Received response for survey ID 6: Status Code = 200
17:54:41.784 [main] INFO api.AvailableMembersApi - Available names for survey ID 6: [Malissa Arn, Teri Villalobos, Yesenia Conte, Meghann Followell, Lee Harlow, Salvatore Monico, Daina Maine, Ora Housand, Tasia Merritt, Gregory Lucchesi, Drucilla Wilhelm, Jaquelyn Levett, Mariko Hadfield, Janita Stroman, Margarito Derringer, Sherita Arispe, Everett Northup, Micah Shirley, Wilhelmina Hibdon, Carolin Blauser, Lyla Almanza, Cleotilde Mcmiller, Sarai Morelli, Lashanda Abbott, Jeffry Dynes, Vernice Soto, Elna Phelan, Temika Huth, Adrianna Fentress, Tayna Rey, Ike Clink, Gaynell Croce, Darlena Farrington, Cherryl Carolina, Zoe Solar, Anjanette Krupp, Janiece Silvernail, Ivey Buskey, Viola Blackstock, Elane Martinelli, Rachell Ankrom, Kyla Kays, Alton Smedley, Voncile Hayner, Bebe Lehmkuhl, Inell Ruoff, Onita Holloway, Delmar Tourville, Audry Berends, Zoraida Faulkner, Kellee Maddy, Florencio Muller, Jo Dettman, Rosanne Trezza, Maryland Benedict, Mirtha Conine, Kristin Ponton, Flossie Pangburn, Yuko Steffes, Dixie Darsey, Kendrick Preston, Cari Pizzo, Ellamae Tallon, Abbie Kreidler, Dustin Arterburn, Catrice Lenton, Laila Holdren, Yang Soriano, Julian Clapper, Myles Cooke, Rheba Corbett, Marcelle Herzog, Xochitl Calderwood, Leila Odle, Abby Peevy, Jarvis Millar, Lekisha Hinnenkamp, Angelia Keebler, Clementina Gormley, Joslyn Keen, Verla Bearse, Cassaundra Loar, Ji Lamarche, Lilliam Mcghie, Alona Redel, Heidi Gravelle, Buck Slawson, Lindsay Henline, Maxine Clauson, Talisha Geise, Stacie Austria, Georgia Cincotta, Candis Gapinski, Cyrstal Robb, Cornelia Laney, Jere Routh, Archie Branning, Tomi Athey, Matha Beard, Bud Mclarty, Marlana Gillard, Elvis Leatherwood, Hellen Macrae, Meaghan Macinnis, Lezlie Luckey, Mozelle Reddy, Shanda Cromer, Venice Sherry, Arminda Valentino, Carolann Bronson, Charlyn Haggerty, Elba Farr, Tyler Galbraith, Marylynn Chauvin, Luisa Ohm, Bette Carlos, Rocco Blubaugh, Alexandria Jantz, Winston Hemby, Tami Jepson, Anamaria Headrick, Nereida Truman, Hipolito Rowlands, Porter Marcinkowski, Bonny Forester, Rutha Crotty, Damion Wysocki, Colton Moschella, Wayne Basler, Joie Sly, Takisha Demo, Chas Arline, Joya Bristol, Neida Vartanian, Ellie Duca, Adela Slusher, Daniell Nicklas, Jammie Rapp, Bess Hugo, Marlin Holm, Mignon Carnes, Carey Baley, Dani Stroop, Maddie Mccusker, Herschel Sena, Ora Suddeth, Ted Broome, Birgit Mcglade, Heidi Poplawski, Carmen Ireland, Nelia Abrams, Adan Carden, Leanna Mazer, Kesha Shoop, Elza Aumick, Terence Grothe, Markita Brymer, Jazmine Mccolley, Alpha Hundley, Scot Hollis, Naoma Whitman, Alfredia Semon, Miyoko Pinto, Isaura Morton, Leia Amico, Simon Polinsky, Yulanda Marsden, Chloe Florey, Bernice Corcoran, Christine Parkinson, Marlys Matteson, Delpha Tharrington, Elwood Cortez, Sanjuanita Brotzman, Celeste Mahmood, Flor Hallock, Brigitte Rahm, Corazon Bohan, Cynthia Gines, Noble Krom, Rosalind Daniele, Margareta Ku, Sherrie Rivero, Mandi Swartwood, Ricky Latimer, Clara Villegas, Tyrone Antonio, Noah Deppen, Nelle Goodlow, Yesenia Tillett, Lynell Lando, Loreen Morel, Valentina Nitti, Marguerite Schuman, Thuy Decamp, Ian Reising, Rufus Hanshaw, Irma Encarnacion, Leoma Mazzei, Latesha Marini, Mallory Segarra, Torrie Harnois, Parker Forrest, Jed Frazier, Kimi Savard, Lashay Franz]
17:54:41.784 [main] INFO api.AvailableMembersApi - Validating members for Survey ID: 6
17:54:41.786 [main] INFO api.AvailableMembersApi - Received response for survey ID 7: Status Code = 200
17:54:41.796 [main] INFO api.AvailableMembersApi - Available names for survey ID 7: [Malissa Arn, Teri Villalobos, Yesenia Conte, Meghann Followell, Lee Harlow, Salvatore Monico, Sunshine Focht, Daina Maine, Ora Housand, Tasia Merritt, Gregory Lucchesi, Drucilla Wilhelm, Jaquelyn Levett, Mariko Hadfield, Margarito Derringer, Sherita Arispe, Everett Northup, Micah Shirley, Wilhelmina Hibdon, Carolin Blauser, Lyla Almanza, Chere Gamino, Fleta Giampaolo, Cleotilde Mcmiller, Sarai Morelli, Lashanda Abbott, Jeffry Dynes, Vernice Soto, Elna Phelan, Temika Huth, Adrianna Fentress, Tayna Rey, Ike Clink, Gaynell Croce, Darlena Farrington, Cherryl Carolina, Zoe Solar, Anjanette Krupp, Janiece Silvernail, Ivey Buskey, Viola Blackstock, Elane Martinelli, Kyla Kays, Alton Smedley, Voncile Hayner, Bebe Lehmkuhl, Inell Ruoff, Delmar Tourville, Audry Berends, Zoraida Faulkner, Kellee Maddy, Florencio Muller, Jo Dettman, Rosanne Trezza, Maryland Benedict, Mirtha Conine, Kristin Ponton, Flossie Pangburn, Yuko Steffes, Dixie Darsey, Kendrick Preston, Cari Pizzo, Ellamae Tallon, Abbie Kreidler, Dustin Arterburn, Catrice Lenton, Laila Holdren, Jon Shultis, Rheba Corbett, Marcelle Herzog, Xochitl Calderwood, Leila Odle, Abby Peevy, Jarvis Millar, Lekisha Hinnenkamp, Angelia Keebler, Clementina Gormley, Joslyn Keen, Verla Bearse, Cassaundra Loar, Ji Lamarche, Lilliam Mcghie, Alona Redel, Heidi Gravelle, Buck Slawson, Lindsay Henline, Mimi Winsor, Maxine Clauson, Lena Galusha, Talisha Geise, Stacie Austria, Georgia Cincotta, Candis Gapinski, Cyrstal Robb, Cornelia Laney, Jere Routh, Archie Branning, Tomi Athey, Matha Beard, Bud Mclarty, Marlana Gillard, Elvis Leatherwood, Hellen Macrae, Meaghan Macinnis, Lezlie Luckey, Mozelle Reddy, Olene Ledgerwood, Shanda Cromer, Venice Sherry, Ron Copher, Arminda Valentino, Carolann Bronson, Charlyn Haggerty, Isaac Linebaugh, Elba Farr, Tyler Galbraith, Bette Carlos, Rocco Blubaugh, Alexandria Jantz, Winston Hemby, Tami Jepson, Anamaria Headrick, Nereida Truman, Hipolito Rowlands, Porter Marcinkowski, Rutha Crotty, Damion Wysocki, Colton Moschella, Wayne Basler, Joie Sly, Takisha Demo, Joya Bristol, Neida Vartanian, Ellie Duca, Adela Slusher, Daniell Nicklas, Jammie Rapp, Marlin Holm, Mignon Carnes, Carey Baley, Dani Stroop, Maddie Mccusker, Herschel Sena, Ora Suddeth, Ted Broome, Birgit Mcglade, Heidi Poplawski, Carmen Ireland, Nelia Abrams, Adan Carden, Leanna Mazer, Elza Aumick, Terence Grothe, Markita Brymer, Jazmine Mccolley, Alpha Hundley, Scot Hollis, Marcelina Koger, Naoma Whitman, Alfredia Semon, Miyoko Pinto, Isaura Morton, Leia Amico, Simon Polinsky, Yulanda Marsden, Bernice Corcoran, Marlys Matteson, Estella Lavallie, Delpha Tharrington, Elwood Cortez, Sanjuanita Brotzman, Celeste Mahmood, Flor Hallock, Brigitte Rahm, Corazon Bohan, Cynthia Gines, Noble Krom, Rosalind Daniele, Margareta Ku, Sherrie Rivero, Mandi Swartwood, Ricky Latimer, Tyrone Antonio, Noah Deppen, Nelle Goodlow, Lynell Lando, Loreen Morel, Valentina Nitti, Cara Rakowski, Silas Chickering, Marguerite Schuman, Thuy Decamp, Ian Reising, Rufus Hanshaw, Irma Encarnacion, Leoma Mazzei, Latesha Marini, Mallory Segarra, Torrie Harnois, Parker Forrest, Jed Frazier, Kimi Savard, Lashay Franz]
17:54:41.796 [main] INFO api.AvailableMembersApi - Validating members for Survey ID: 7
17:54:41.798 [main] INFO api.AvailableMembersApi - Received response for survey ID 8: Status Code = 200
17:54:41.806 [main] INFO api.AvailableMembersApi - Available names for survey ID 8: [Malissa Arn, Teri Villalobos, Yesenia Conte, Meghann Followell, Lee Harlow, Salvatore Monico, Sunshine Focht, Daina Maine, Ora Housand, Tasia Merritt, Gregory Lucchesi, Drucilla Wilhelm, Jaquelyn Levett, Mariko Hadfield, Margarito Derringer, Sherita Arispe, Everett Northup, Micah Shirley, Wilhelmina Hibdon, Carolin Blauser, Lyla Almanza, Chere Gamino, Fleta Giampaolo, Cleotilde Mcmiller, Sarai Morelli, Lashanda Abbott, Jeffry Dynes, Vernice Soto, Elna Phelan, Temika Huth, Adrianna Fentress, Tayna Rey, Ike Clink, Gaynell Croce, Darlena Farrington, Cherryl Carolina, Zoe Solar, Anjanette Krupp, Janiece Silvernail, Ivey Buskey, Viola Blackstock, Elane Martinelli, Kyla Kays, Alton Smedley, Voncile Hayner, Bebe Lehmkuhl, Inell Ruoff, Onita Holloway, Norman Castilleja, Audry Berends, Zoraida Faulkner, Kellee Maddy, Florencio Muller, Jo Dettman, Rosanne Trezza, Maryland Benedict, Mirtha Conine, Flossie Pangburn, Yuko Steffes, Dixie Darsey, Kendrick Preston, Cari Pizzo, Ellamae Tallon, Abbie Kreidler, Dustin Arterburn, Catrice Lenton, Laila Holdren, Yang Soriano, Jon Shultis, Julian Clapper, Myles Cooke, Abby Peevy, Jarvis Millar, Lekisha Hinnenkamp, Angelia Keebler, Joslyn Keen, Verla Bearse, Cassaundra Loar, Ji Lamarche, Lilliam Mcghie, Alona Redel, Heidi Gravelle, Mimi Winsor, Maxine Clauson, Lena Galusha, Stacie Austria, Georgia Cincotta, Candis Gapinski, Cornelia Laney, Jere Routh, Archie Branning, Tomi Athey, Matha Beard, Bud Mclarty, Marlana Gillard, Elvis Leatherwood, Hellen Macrae, Lezlie Luckey, Mozelle Reddy, Olene Ledgerwood, Shanda Cromer, Venice Sherry, Ron Copher, Arminda Valentino, Carolann Bronson, Charlyn Haggerty, Isaac Linebaugh, Elba Farr, Angelika March, Tyler Galbraith, Marylynn Chauvin, Luisa Ohm, Bette Carlos, Rocco Blubaugh, Alexandria Jantz, Winston Hemby, Tami Jepson, Anamaria Headrick, Nereida Truman, Hipolito Rowlands, Porter Marcinkowski, Bonny Forester, Rutha Crotty, Damion Wysocki, Colton Moschella, Wayne Basler, Joie Sly, Takisha Demo, Chas Arline, Joya Bristol, Neida Vartanian, Ellie Duca, Adela Slusher, Daniell Nicklas, Jammie Rapp, Bess Hugo, Marlin Holm, Mignon Carnes, Carey Baley, Herschel Sena, Ora Suddeth, Ted Broome, Birgit Mcglade, Heidi Poplawski, Carmen Ireland, Nelia Abrams, Adan Carden, Leanna Mazer, Kesha Shoop, Elza Aumick, Markita Brymer, Jazmine Mccolley, Scot Hollis, Marcelina Koger, Naoma Whitman, Alfredia Semon, Miyoko Pinto, Isaura Morton, Leia Amico, Simon Polinsky, Yulanda Marsden, Chloe Florey, Bernice Corcoran, Christine Parkinson, Marlys Matteson, Estella Lavallie, Madie Bhatti, Delpha Tharrington, Elwood Cortez, Sanjuanita Brotzman, Celeste Mahmood, Brigitte Rahm, Corazon Bohan, Cynthia Gines, Noble Krom, Rosalind Daniele, Margareta Ku, Sherrie Rivero, Mandi Swartwood, Ricky Latimer, Clara Villegas, Tyrone Antonio, Noah Deppen, Nelle Goodlow, Yesenia Tillett, Lynell Lando, Loreen Morel, Valentina Nitti, Cara Rakowski, Silas Chickering, Marguerite Schuman, Thuy Decamp, Ian Reising, Rufus Hanshaw, Irma Encarnacion, Leoma Mazzei, Latesha Marini, Mallory Segarra, Torrie Harnois, Parker Forrest, Jed Frazier, Kimi Savard, Lashay Franz]
17:54:41.806 [main] INFO api.AvailableMembersApi - Validating members for Survey ID: 8
17:54:41.809 [main] INFO api.AvailableMembersApi - Received response for survey ID 9: Status Code = 200
17:54:41.818 [main] INFO api.AvailableMembersApi - Available names for survey ID 9: [Malissa Arn, Teri Villalobos, Yesenia Conte, Meghann Followell, Lee Harlow, Salvatore Monico, Sunshine Focht, Daina Maine, Ora Housand, Tasia Merritt, Gregory Lucchesi, Drucilla Wilhelm, Jaquelyn Levett, Mariko Hadfield, Margarito Derringer, Sherita Arispe, Everett Northup, Wilhelmina Hibdon, Carolin Blauser, Lyla Almanza, Chere Gamino, Fleta Giampaolo, Cleotilde Mcmiller, Lashanda Abbott, Jeffry Dynes, Elna Phelan, Temika Huth, Adrianna Fentress, Tayna Rey, Ike Clink, Gaynell Croce, Darlena Farrington, Zoe Solar, Anjanette Krupp, Janiece Silvernail, Ivey Buskey, Viola Blackstock, Elane Martinelli, Rachell Ankrom, Kyla Kays, Alton Smedley, Voncile Hayner, Bebe Lehmkuhl, Inell Ruoff, Onita Holloway, Delmar Tourville, Audry Berends, Zoraida Faulkner, Kellee Maddy, Florencio Muller, Jo Dettman, Rosanne Trezza, Maryland Benedict, Mirtha Conine, Kristin Ponton, Flossie Pangburn, Yuko Steffes, Dixie Darsey, Kendrick Preston, Cari Pizzo, Ellamae Tallon, Abbie Kreidler, Dustin Arterburn, Catrice Lenton, Laila Holdren, Yang Soriano, Jon Shultis, Myles Cooke, Rheba Corbett, Xochitl Calderwood, Leila Odle, Jarvis Millar, Lekisha Hinnenkamp, Angelia Keebler, Clementina Gormley, Joslyn Keen, Verla Bearse, Cassaundra Loar, Ji Lamarche, Lilliam Mcghie, Alona Redel, Heidi Gravelle, Buck Slawson, Lindsay Henline, Mimi Winsor, Maxine Clauson, Lena Galusha, Stacie Austria, Candis Gapinski, Cyrstal Robb, Cornelia Laney, Jere Routh, Archie Branning, Tomi Athey, Matha Beard, Bud Mclarty, Marlana Gillard, Elvis Leatherwood, Hellen Macrae, Meaghan Macinnis, Lezlie Luckey, Mozelle Reddy, Olene Ledgerwood, Shanda Cromer, Venice Sherry, Ron Copher, Arminda Valentino, Carolann Bronson, Charlyn Haggerty, Isaac Linebaugh, Elba Farr, Angelika March, Tyler Galbraith, Marylynn Chauvin, Luisa Ohm, Bette Carlos, Rocco Blubaugh, Alexandria Jantz, Winston Hemby, Tami Jepson, Anamaria Headrick, Nereida Truman, Hipolito Rowlands, Bonny Forester, Rutha Crotty, Damion Wysocki, Colton Moschella, Wayne Basler, Joie Sly, Takisha Demo, Chas Arline, Joya Bristol, Neida Vartanian, Ellie Duca, Adela Slusher, Daniell Nicklas, Jammie Rapp, Bess Hugo, Marlin Holm, Mignon Carnes, Carey Baley, Maddie Mccusker, Herschel Sena, Ora Suddeth, Ted Broome, Birgit Mcglade, Heidi Poplawski, Carmen Ireland, Nelia Abrams, Adan Carden, Leanna Mazer, Kesha Shoop, Elza Aumick, Terence Grothe, Markita Brymer, Jazmine Mccolley, Alpha Hundley, Scot Hollis, Marcelina Koger, Alfredia Semon, Isaura Morton, Leia Amico, Simon Polinsky, Yulanda Marsden, Bernice Corcoran, Christine Parkinson, Marlys Matteson, Estella Lavallie, Madie Bhatti, Elwood Cortez, Sanjuanita Brotzman, Celeste Mahmood, Brigitte Rahm, Corazon Bohan, Cynthia Gines, Noble Krom, Rosalind Daniele, Mandi Swartwood, Ricky Latimer, Clara Villegas, Tyrone Antonio, Noah Deppen, Nelle Goodlow, Yesenia Tillett, Lynell Lando, Loreen Morel, Valentina Nitti, Cara Rakowski, Silas Chickering, Marguerite Schuman, Thuy Decamp, Ian Reising, Irma Encarnacion, Latesha Marini, Mallory Segarra, Torrie Harnois, Parker Forrest, Jed Frazier, Lashay Franz]
17:54:41.818 [main] INFO api.AvailableMembersApi - Validating members for Survey ID: 9
17:54:41.822 [main] INFO api.AvailableMembersApi - Received response for survey ID 10: Status Code = 200
17:54:41.831 [main] INFO api.AvailableMembersApi - Available names for survey ID 10: [Malissa Arn, Teri Villalobos, Yesenia Conte, Meghann Followell, Lee Harlow, Salvatore Monico, Sunshine Focht, Daina Maine, Ora Housand, Tasia Merritt, Gregory Lucchesi, Drucilla Wilhelm, Jaquelyn Levett, Janita Stroman, Margarito Derringer, Sherita Arispe, Micah Shirley, Wilhelmina Hibdon, Carolin Blauser, Lyla Almanza, Fleta Giampaolo, Cleotilde Mcmiller, Lashanda Abbott, Jeffry Dynes, Vernice Soto, Elna Phelan, Temika Huth, Adrianna Fentress, Ike Clink, Gaynell Croce, Darlena Farrington, Cherryl Carolina, Zoe Solar, Janiece Silvernail, Ivey Buskey, Viola Blackstock, Elane Martinelli, Rachell Ankrom, Kyla Kays, Alton Smedley, Bebe Lehmkuhl, Inell Ruoff, Onita Holloway, Norman Castilleja, Delmar Tourville, Audry Berends, Zoraida Faulkner, Kellee Maddy, Florencio Muller, Jo Dettman, Rosanne Trezza, Kristin Ponton, Flossie Pangburn, Yuko Steffes, Dixie Darsey, Kendrick Preston, Cari Pizzo, Abbie Kreidler, Dustin Arterburn, Catrice Lenton, Laila Holdren, Yang Soriano, Jon Shultis, Julian Clapper, Myles Cooke, Rheba Corbett, Marcelle Herzog, Xochitl Calderwood, Leila Odle, Abby Peevy, Jarvis Millar, Angelia Keebler, Clementina Gormley, Joslyn Keen, Verla Bearse, Cassaundra Loar, Lilliam Mcghie, Alona Redel, Heidi Gravelle, Buck Slawson, Lindsay Henline, Mimi Winsor, Maxine Clauson, Lena Galusha, Talisha Geise, Stacie Austria, Georgia Cincotta, Candis Gapinski, Cyrstal Robb, Cornelia Laney, Jere Routh, Archie Branning, Tomi Athey, Matha Beard, Bud Mclarty, Elvis Leatherwood, Hellen Macrae, Meaghan Macinnis, Lezlie Luckey, Mozelle Reddy, Olene Ledgerwood, Shanda Cromer, Venice Sherry, Ron Copher, Arminda Valentino, Carolann Bronson, Charlyn Haggerty, Isaac Linebaugh, Elba Farr, Angelika March, Tyler Galbraith, Marylynn Chauvin, Luisa Ohm, Bette Carlos, Rocco Blubaugh, Alexandria Jantz, Winston Hemby, Tami Jepson, Anamaria Headrick, Nereida Truman, Hipolito Rowlands, Porter Marcinkowski, Bonny Forester, Rutha Crotty, Damion Wysocki, Colton Moschella, Wayne Basler, Joie Sly, Takisha Demo, Chas Arline, Joya Bristol, Neida Vartanian, Ellie Duca, Adela Slusher, Daniell Nicklas, Jammie Rapp, Bess Hugo, Marlin Holm, Mignon Carnes, Dani Stroop, Maddie Mccusker, Herschel Sena, Ora Suddeth, Ted Broome, Birgit Mcglade, Heidi Poplawski, Carmen Ireland, Nelia Abrams, Adan Carden, Leanna Mazer, Kesha Shoop, Elza Aumick, Terence Grothe, Markita Brymer, Jazmine Mccolley, Alpha Hundley, Scot Hollis, Marcelina Koger, Naoma Whitman, Alfredia Semon, Miyoko Pinto, Isaura Morton, Simon Polinsky, Yulanda Marsden, Chloe Florey, Bernice Corcoran, Christine Parkinson, Marlys Matteson, Estella Lavallie, Madie Bhatti, Delpha Tharrington, Elwood Cortez, Sanjuanita Brotzman, Celeste Mahmood, Flor Hallock, Corazon Bohan, Cynthia Gines, Noble Krom, Rosalind Daniele, Margareta Ku, Sherrie Rivero, Mandi Swartwood, Ricky Latimer, Clara Villegas, Tyrone Antonio, Noah Deppen, Nelle Goodlow, Yesenia Tillett, Lynell Lando, Loreen Morel, Valentina Nitti, Cara Rakowski, Silas Chickering, Marguerite Schuman, Thuy Decamp, Ian Reising, Rufus Hanshaw, Irma Encarnacion, Leoma Mazzei, Latesha Marini, Mallory Segarra, Torrie Harnois, Parker Forrest, Lashay Franz]
17:54:41.831 [main] INFO api.AvailableMembersApi - Validating members for Survey ID: 10
17:54:41.834 [main] INFO api.AvailableMembersApi - Received response for survey ID 11: Status Code = 200
17:54:41.843 [main] INFO api.AvailableMembersApi - Available names for survey ID 11: [Malissa Arn, Teri Villalobos, Yesenia Conte, Meghann Followell, Lee Harlow, Salvatore Monico, Sunshine Focht, Daina Maine, Ora Housand, Tasia Merritt, Gregory Lucchesi, Drucilla Wilhelm, Jaquelyn Levett, Mariko Hadfield, Sherita Arispe, Everett Northup, Micah Shirley, Wilhelmina Hibdon, Lyla Almanza, Fleta Giampaolo, Cleotilde Mcmiller, Sarai Morelli, Lashanda Abbott, Jeffry Dynes, Vernice Soto, Elna Phelan, Adrianna Fentress, Tayna Rey, Ike Clink, Gaynell Croce, Darlena Farrington, Cherryl Carolina, Zoe Solar, Anjanette Krupp, Janiece Silvernail, Ivey Buskey, Viola Blackstock, Elane Martinelli, Rachell Ankrom, Kyla Kays, Alton Smedley, Voncile Hayner, Norman Castilleja, Delmar Tourville, Audry Berends, Zoraida Faulkner, Florencio Muller, Jo Dettman, Rosanne Trezza, Maryland Benedict, Mirtha Conine, Kristin Ponton, Flossie Pangburn, Yuko Steffes, Dixie Darsey, Kendrick Preston, Cari Pizzo, Ellamae Tallon, Catrice Lenton, Laila Holdren, Yang Soriano, Jon Shultis, Julian Clapper, Myles Cooke, Rheba Corbett, Marcelle Herzog, Xochitl Calderwood, Leila Odle, Abby Peevy, Jarvis Millar, Lekisha Hinnenkamp, Angelia Keebler, Joslyn Keen, Verla Bearse, Cassaundra Loar, Ji Lamarche, Alona Redel, Heidi Gravelle, Buck Slawson, Mimi Winsor, Maxine Clauson, Lena Galusha, Talisha Geise, Stacie Austria, Georgia Cincotta, Candis Gapinski, Cyrstal Robb, Cornelia Laney, Jere Routh, Archie Branning, Matha Beard, Bud Mclarty, Elvis Leatherwood, Hellen Macrae, Meaghan Macinnis, Lezlie Luckey, Mozelle Reddy, Olene Ledgerwood, Shanda Cromer, Venice Sherry, Ron Copher, Arminda Valentino, Carolann Bronson, Charlyn Haggerty, Isaac Linebaugh, Elba Farr, Angelika March, Tyler Galbraith, Marylynn Chauvin, Luisa Ohm, Bette Carlos, Alexandria Jantz, Winston Hemby, Tami Jepson, Anamaria Headrick, Nereida Truman, Hipolito Rowlands, Porter Marcinkowski, Bonny Forester, Rutha Crotty, Damion Wysocki, Wayne Basler, Joie Sly, Takisha Demo, Chas Arline, Neida Vartanian, Ellie Duca, Adela Slusher, Daniell Nicklas, Jammie Rapp, Bess Hugo, Marlin Holm, Mignon Carnes, Carey Baley, Dani Stroop, Herschel Sena, Ora Suddeth, Ted Broome, Birgit Mcglade, Heidi Poplawski, Carmen Ireland, Nelia Abrams, Adan Carden, Kesha Shoop, Elza Aumick, Terence Grothe, Markita Brymer, Jazmine Mccolley, Alpha Hundley, Naoma Whitman, Alfredia Semon, Miyoko Pinto, Isaura Morton, Leia Amico, Simon Polinsky, Yulanda Marsden, Bernice Corcoran, Christine Parkinson, Marlys Matteson, Estella Lavallie, Madie Bhatti, Delpha Tharrington, Elwood Cortez, Sanjuanita Brotzman, Celeste Mahmood, Flor Hallock, Brigitte Rahm, Corazon Bohan, Cynthia Gines, Noble Krom, Rosalind Daniele, Margareta Ku, Sherrie Rivero, Mandi Swartwood, Ricky Latimer, Clara Villegas, Tyrone Antonio, Noah Deppen, Nelle Goodlow, Yesenia Tillett, Lynell Lando, Loreen Morel, Valentina Nitti, Cara Rakowski, Silas Chickering, Marguerite Schuman, Thuy Decamp, Ian Reising, Rufus Hanshaw, Irma Encarnacion, Leoma Mazzei, Mallory Segarra, Torrie Harnois, Parker Forrest, Jed Frazier, Kimi Savard, Lashay Franz]
17:54:41.843 [main] INFO api.AvailableMembersApi - Validating members for Survey ID: 11
17:54:41.847 [main] INFO api.AvailableMembersApi - Received response for survey ID 12: Status Code = 200
17:54:41.854 [main] INFO api.AvailableMembersApi - Available names for survey ID 12: [Malissa Arn, Teri Villalobos, Yesenia Conte, Meghann Followell, Lee Harlow, Sunshine Focht, Daina Maine, Ora Housand, Gregory Lucchesi, Drucilla Wilhelm, Jaquelyn Levett, Mariko Hadfield, Janita Stroman, Margarito Derringer, Sherita Arispe, Everett Northup, Micah Shirley, Wilhelmina Hibdon, Carolin Blauser, Lyla Almanza, Chere Gamino, Fleta Giampaolo, Cleotilde Mcmiller, Sarai Morelli, Lashanda Abbott, Vernice Soto, Elna Phelan, Temika Huth, Adrianna Fentress, Tayna Rey, Ike Clink, Gaynell Croce, Cherryl Carolina, Zoe Solar, Anjanette Krupp, Janiece Silvernail, Ivey Buskey, Viola Blackstock, Elane Martinelli, Rachell Ankrom, Kyla Kays, Alton Smedley, Voncile Hayner, Bebe Lehmkuhl, Inell Ruoff, Onita Holloway, Norman Castilleja, Delmar Tourville, Audry Berends, Zoraida Faulkner, Kellee Maddy, Florencio Muller, Jo Dettman, Maryland Benedict, Mirtha Conine, Kristin Ponton, Flossie Pangburn, Yuko Steffes, Dixie Darsey, Kendrick Preston, Cari Pizzo, Ellamae Tallon, Abbie Kreidler, Dustin Arterburn, Catrice Lenton, Laila Holdren, Yang Soriano, Jon Shultis, Julian Clapper, Myles Cooke, Rheba Corbett, Marcelle Herzog, Xochitl Calderwood, Leila Odle, Abby Peevy, Jarvis Millar, Lekisha Hinnenkamp, Angelia Keebler, Clementina Gormley, Joslyn Keen, Verla Bearse, Cassaundra Loar, Lilliam Mcghie, Alona Redel, Heidi Gravelle, Buck Slawson, Lindsay Henline, Mimi Winsor, Maxine Clauson, Lena Galusha, Talisha Geise, Stacie Austria, Georgia Cincotta, Candis Gapinski, Cyrstal Robb, Jere Routh, Archie Branning, Tomi Athey, Matha Beard, Bud Mclarty, Marlana Gillard, Elvis Leatherwood, Meaghan Macinnis, Lezlie Luckey, Mozelle Reddy, Olene Ledgerwood, Shanda Cromer, Venice Sherry, Ron Copher, Arminda Valentino, Carolann Bronson, Charlyn Haggerty, Elba Farr, Angelika March, Tyler Galbraith, Marylynn Chauvin, Luisa Ohm, Bette Carlos, Alexandria Jantz, Winston Hemby, Tami Jepson, Anamaria Headrick, Nereida Truman, Porter Marcinkowski, Rutha Crotty, Damion Wysocki, Colton Moschella, Wayne Basler, Joie Sly, Takisha Demo, Chas Arline, Joya Bristol, Neida Vartanian, Ellie Duca, Adela Slusher, Daniell Nicklas, Bess Hugo, Marlin Holm, Mignon Carnes, Carey Baley, Maddie Mccusker, Herschel Sena, Ora Suddeth, Ted Broome, Birgit Mcglade, Heidi Poplawski, Carmen Ireland, Nelia Abrams, Adan Carden, Leanna Mazer, Kesha Shoop, Elza Aumick, Terence Grothe, Markita Brymer, Jazmine Mccolley, Alpha Hundley, Scot Hollis, Marcelina Koger, Naoma Whitman, Alfredia Semon, Isaura Morton, Leia Amico, Simon Polinsky, Yulanda Marsden, Bernice Corcoran, Christine Parkinson, Marlys Matteson, Estella Lavallie, Madie Bhatti, Delpha Tharrington, Elwood Cortez, Sanjuanita Brotzman, Celeste Mahmood, Flor Hallock, Brigitte Rahm, Corazon Bohan, Cynthia Gines, Noble Krom, Rosalind Daniele, Mandi Swartwood, Ricky Latimer, Clara Villegas, Tyrone Antonio, Noah Deppen, Nelle Goodlow, Yesenia Tillett, Lynell Lando, Loreen Morel, Valentina Nitti, Cara Rakowski, Silas Chickering, Marguerite Schuman, Thuy Decamp, Ian Reising, Irma Encarnacion, Latesha Marini, Mallory Segarra, Torrie Harnois, Parker Forrest, Jed Frazier, Kimi Savard, Lashay Franz]
17:54:41.854 [main] INFO api.AvailableMembersApi - Validating members for Survey ID: 12
17:54:41.856 [main] INFO api.AvailableMembersApi - Received response for survey ID 13: Status Code = 200
17:54:41.862 [main] INFO api.AvailableMembersApi - Available names for survey ID 13: [Malissa Arn, Teri Villalobos, Meghann Followell, Lee Harlow, Salvatore Monico, Sunshine Focht, Daina Maine, Ora Housand, Tasia Merritt, Gregory Lucchesi, Jaquelyn Levett, Mariko Hadfield, Janita Stroman, Margarito Derringer, Sherita Arispe, Everett Northup, Micah Shirley, Wilhelmina Hibdon, Carolin Blauser, Lyla Almanza, Chere Gamino, Fleta Giampaolo, Sarai Morelli, Lashanda Abbott, Jeffry Dynes, Vernice Soto, Elna Phelan, Temika Huth, Adrianna Fentress, Tayna Rey, Ike Clink, Gaynell Croce, Darlena Farrington, Cherryl Carolina, Zoe Solar, Anjanette Krupp, Janiece Silvernail, Ivey Buskey, Viola Blackstock, Elane Martinelli, Rachell Ankrom, Alton Smedley, Bebe Lehmkuhl, Inell Ruoff, Onita Holloway, Norman Castilleja, Audry Berends, Zoraida Faulkner, Kellee Maddy, Florencio Muller, Jo Dettman, Rosanne Trezza, Maryland Benedict, Mirtha Conine, Kristin Ponton, Flossie Pangburn, Yuko Steffes, Dixie Darsey, Kendrick Preston, Abbie Kreidler, Dustin Arterburn, Catrice Lenton, Laila Holdren, Yang Soriano, Jon Shultis, Myles Cooke, Rheba Corbett, Marcelle Herzog, Xochitl Calderwood, Leila Odle, Abby Peevy, Jarvis Millar, Lekisha Hinnenkamp, Angelia Keebler, Clementina Gormley, Joslyn Keen, Verla Bearse, Cassaundra Loar, Ji Lamarche, Alona Redel, Heidi Gravelle, Buck Slawson, Lindsay Henline, Mimi Winsor, Maxine Clauson, Lena Galusha, Talisha Geise, Stacie Austria, Georgia Cincotta, Candis Gapinski, Cyrstal Robb, Cornelia Laney, Jere Routh, Archie Branning, Tomi Athey, Matha Beard, Bud Mclarty, Marlana Gillard, Elvis Leatherwood, Hellen Macrae, Meaghan Macinnis, Lezlie Luckey, Mozelle Reddy, Olene Ledgerwood, Ron Copher, Carolann Bronson, Charlyn Haggerty, Angelika March, Tyler Galbraith, Marylynn Chauvin, Luisa Ohm, Bette Carlos, Rocco Blubaugh, Alexandria Jantz, Winston Hemby, Tami Jepson, Anamaria Headrick, Nereida Truman, Hipolito Rowlands, Porter Marcinkowski, Bonny Forester, Rutha Crotty, Damion Wysocki, Colton Moschella, Wayne Basler, Joie Sly, Chas Arline, Joya Bristol, Neida Vartanian, Ellie Duca, Adela Slusher, Daniell Nicklas, Jammie Rapp, Bess Hugo, Marlin Holm, Dani Stroop, Maddie Mccusker, Herschel Sena, Ora Suddeth, Birgit Mcglade, Heidi Poplawski, Carmen Ireland, Nelia Abrams, Leanna Mazer, Kesha Shoop, Elza Aumick, Terence Grothe, Jazmine Mccolley, Alpha Hundley, Scot Hollis, Marcelina Koger, Naoma Whitman, Alfredia Semon, Miyoko Pinto, Isaura Morton, Leia Amico, Simon Polinsky, Chloe Florey, Bernice Corcoran, Christine Parkinson, Marlys Matteson, Estella Lavallie, Delpha Tharrington, Elwood Cortez, Sanjuanita Brotzman, Celeste Mahmood, Flor Hallock, Brigitte Rahm, Corazon Bohan, Noble Krom, Rosalind Daniele, Margareta Ku, Sherrie Rivero, Mandi Swartwood, Ricky Latimer, Clara Villegas, Tyrone Antonio, Noah Deppen, Nelle Goodlow, Yesenia Tillett, Lynell Lando, Loreen Morel, Valentina Nitti, Cara Rakowski, Silas Chickering, Marguerite Schuman, Thuy Decamp, Ian Reising, Rufus Hanshaw, Irma Encarnacion, Leoma Mazzei, Latesha Marini, Mallory Segarra, Torrie Harnois, Parker Forrest, Jed Frazier, Kimi Savard, Lashay Franz]
17:54:41.862 [main] INFO api.AvailableMembersApi - Validating members for Survey ID: 13
17:54:41.864 [main] INFO api.AvailableMembersApi - Received response for survey ID 14: Status Code = 200
17:54:41.870 [main] INFO api.AvailableMembersApi - Available names for survey ID 14: [Malissa Arn, Teri Villalobos, Yesenia Conte, Meghann Followell, Lee Harlow, Salvatore Monico, Sunshine Focht, Daina Maine, Ora Housand, Tasia Merritt, Gregory Lucchesi, Drucilla Wilhelm, Jaquelyn Levett, Mariko Hadfield, Janita Stroman, Margarito Derringer, Sherita Arispe, Everett Northup, Micah Shirley, Carolin Blauser, Lyla Almanza, Chere Gamino, Cleotilde Mcmiller, Sarai Morelli, Lashanda Abbott, Jeffry Dynes, Elna Phelan, Temika Huth, Adrianna Fentress, Tayna Rey, Ike Clink, Gaynell Croce, Darlena Farrington, Cherryl Carolina, Zoe Solar, Anjanette Krupp, Ivey Buskey, Elane Martinelli, Rachell Ankrom, Kyla Kays, Alton Smedley, Voncile Hayner, Bebe Lehmkuhl, Inell Ruoff, Onita Holloway, Norman Castilleja, Delmar Tourville, Zoraida Faulkner, Kellee Maddy, Florencio Muller, Jo Dettman, Rosanne Trezza, Maryland Benedict, Mirtha Conine, Kristin Ponton, Flossie Pangburn, Dixie Darsey, Kendrick Preston, Cari Pizzo, Ellamae Tallon, Abbie Kreidler, Dustin Arterburn, Catrice Lenton, Yang Soriano, Julian Clapper, Myles Cooke, Rheba Corbett, Marcelle Herzog, Leila Odle, Abby Peevy, Jarvis Millar, Lekisha Hinnenkamp, Angelia Keebler, Clementina Gormley, Joslyn Keen, Verla Bearse, Cassaundra Loar, Lilliam Mcghie, Alona Redel, Heidi Gravelle, Buck Slawson, Lindsay Henline, Mimi Winsor, Maxine Clauson, Lena Galusha, Talisha Geise, Stacie Austria, Georgia Cincotta, Candis Gapinski, Cyrstal Robb, Cornelia Laney, Jere Routh, Archie Branning, Matha Beard, Bud Mclarty, Marlana Gillard, Elvis Leatherwood, Hellen Macrae, Meaghan Macinnis, Lezlie Luckey, Mozelle Reddy, Olene Ledgerwood, Shanda Cromer, Venice Sherry, Ron Copher, Arminda Valentino, Carolann Bronson, Charlyn Haggerty, Isaac Linebaugh, Elba Farr, Angelika March, Tyler Galbraith, Marylynn Chauvin, Luisa Ohm, Bette Carlos, Rocco Blubaugh, Alexandria Jantz, Winston Hemby, Tami Jepson, Anamaria Headrick, Nereida Truman, Hipolito Rowlands, Porter Marcinkowski, Bonny Forester, Rutha Crotty, Damion Wysocki, Colton Moschella, Wayne Basler, Joie Sly, Takisha Demo, Chas Arline, Joya Bristol, Neida Vartanian, Ellie Duca, Adela Slusher, Daniell Nicklas, Jammie Rapp, Bess Hugo, Marlin Holm, Mignon Carnes, Carey Baley, Dani Stroop, Maddie Mccusker, Herschel Sena, Ora Suddeth, Ted Broome, Birgit Mcglade, Heidi Poplawski, Carmen Ireland, Nelia Abrams, Adan Carden, Leanna Mazer, Kesha Shoop, Elza Aumick, Terence Grothe, Markita Brymer, Jazmine Mccolley, Alpha Hundley, Scot Hollis, Marcelina Koger, Naoma Whitman, Alfredia Semon, Miyoko Pinto, Leia Amico, Simon Polinsky, Yulanda Marsden, Chloe Florey, Bernice Corcoran, Christine Parkinson, Marlys Matteson, Estella Lavallie, Madie Bhatti, Delpha Tharrington, Elwood Cortez, Sanjuanita Brotzman, Celeste Mahmood, Flor Hallock, Brigitte Rahm, Corazon Bohan, Cynthia Gines, Noble Krom, Rosalind Daniele, Margareta Ku, Sherrie Rivero, Mandi Swartwood, Ricky Latimer, Clara Villegas, Tyrone Antonio, Noah Deppen, Nelle Goodlow, Yesenia Tillett, Lynell Lando, Valentina Nitti, Cara Rakowski, Marguerite Schuman, Thuy Decamp, Ian Reising, Rufus Hanshaw, Irma Encarnacion, Leoma Mazzei, Latesha Marini, Mallory Segarra, Parker Forrest, Jed Frazier, Kimi Savard, Lashay Franz]
17:54:41.870 [main] INFO api.AvailableMembersApi - Validating members for Survey ID: 14
17:54:41.872 [main] INFO api.AvailableMembersApi - Received response for survey ID 15: Status Code = 200
17:54:41.878 [main] INFO api.AvailableMembersApi - Available names for survey ID 15: [Malissa Arn, Teri Villalobos, Yesenia Conte, Meghann Followell, Lee Harlow, Salvatore Monico, Sunshine Focht, Daina Maine, Ora Housand, Gregory Lucchesi, Drucilla Wilhelm, Mariko Hadfield, Janita Stroman, Margarito Derringer, Sherita Arispe, Everett Northup, Micah Shirley, Wilhelmina Hibdon, Carolin Blauser, Lyla Almanza, Chere Gamino, Fleta Giampaolo, Cleotilde Mcmiller, Sarai Morelli, Lashanda Abbott, Jeffry Dynes, Vernice Soto, Elna Phelan, Adrianna Fentress, Tayna Rey, Ike Clink, Gaynell Croce, Darlena Farrington, Cherryl Carolina, Zoe Solar, Anjanette Krupp, Janiece Silvernail, Ivey Buskey, Viola Blackstock, Rachell Ankrom, Kyla Kays, Alton Smedley, Voncile Hayner, Bebe Lehmkuhl, Inell Ruoff, Onita Holloway, Delmar Tourville, Audry Berends, Zoraida Faulkner, Kellee Maddy, Florencio Muller, Jo Dettman, Rosanne Trezza, Maryland Benedict, Mirtha Conine, Kristin Ponton, Flossie Pangburn, Yuko Steffes, Kendrick Preston, Cari Pizzo, Ellamae Tallon, Abbie Kreidler, Dustin Arterburn, Catrice Lenton, Laila Holdren, Yang Soriano, Jon Shultis, Julian Clapper, Myles Cooke, Rheba Corbett, Marcelle Herzog, Xochitl Calderwood, Leila Odle, Abby Peevy, Jarvis Millar, Lekisha Hinnenkamp, Angelia Keebler, Clementina Gormley, Verla Bearse, Cassaundra Loar, Ji Lamarche, Alona Redel, Heidi Gravelle, Buck Slawson, Lindsay Henline, Mimi Winsor, Maxine Clauson, Lena Galusha, Talisha Geise, Stacie Austria, Georgia Cincotta, Candis Gapinski, Cornelia Laney, Jere Routh, Archie Branning, Tomi Athey, Matha Beard, Bud Mclarty, Marlana Gillard, Elvis Leatherwood, Meaghan Macinnis, Lezlie Luckey, Mozelle Reddy, Shanda Cromer, Venice Sherry, Ron Copher, Arminda Valentino, Carolann Bronson, Charlyn Haggerty, Elba Farr, Angelika March, Tyler Galbraith, Marylynn Chauvin, Luisa Ohm, Bette Carlos, Rocco Blubaugh, Alexandria Jantz, Winston Hemby, Tami Jepson, Anamaria Headrick, Nereida Truman, Porter Marcinkowski, Bonny Forester, Rutha Crotty, Damion Wysocki, Colton Moschella, Wayne Basler, Takisha Demo, Chas Arline, Joya Bristol, Neida Vartanian, Ellie Duca, Adela Slusher, Daniell Nicklas, Jammie Rapp, Bess Hugo, Mignon Carnes, Carey Baley, Dani Stroop, Maddie Mccusker, Herschel Sena, Ora Suddeth, Ted Broome, Carmen Ireland, Nelia Abrams, Adan Carden, Leanna Mazer, Kesha Shoop, Terence Grothe, Markita Brymer, Jazmine Mccolley, Alpha Hundley, Scot Hollis, Marcelina Koger, Naoma Whitman, Alfredia Semon, Miyoko Pinto, Isaura Morton, Leia Amico, Simon Polinsky, Yulanda Marsden, Chloe Florey, Bernice Corcoran, Christine Parkinson, Marlys Matteson, Estella Lavallie, Madie Bhatti, Delpha Tharrington, Elwood Cortez, Sanjuanita Brotzman, Celeste Mahmood, Flor Hallock, Brigitte Rahm, Corazon Bohan, Cynthia Gines, Noble Krom, Rosalind Daniele, Margareta Ku, Sherrie Rivero, Mandi Swartwood, Ricky Latimer, Clara Villegas, Tyrone Antonio, Noah Deppen, Nelle Goodlow, Yesenia Tillett, Lynell Lando, Loreen Morel, Valentina Nitti, Cara Rakowski, Silas Chickering, Marguerite Schuman, Thuy Decamp, Rufus Hanshaw, Irma Encarnacion, Mallory Segarra, Torrie Harnois, Parker Forrest, Jed Frazier, Kimi Savard]
17:54:41.878 [main] INFO api.AvailableMembersApi - Validating members for Survey ID: 15
17:54:41.880 [main] INFO api.AvailableMembersApi - Received response for survey ID 16: Status Code = 200
17:54:41.886 [main] INFO api.AvailableMembersApi - Available names for survey ID 16: [Teri Villalobos, Meghann Followell, Lee Harlow, Salvatore Monico, Sunshine Focht, Daina Maine, Ora Housand, Tasia Merritt, Gregory Lucchesi, Drucilla Wilhelm, Jaquelyn Levett, Mariko Hadfield, Janita Stroman, Margarito Derringer, Sherita Arispe, Micah Shirley, Wilhelmina Hibdon, Carolin Blauser, Lyla Almanza, Chere Gamino, Fleta Giampaolo, Cleotilde Mcmiller, Sarai Morelli, Lashanda Abbott, Jeffry Dynes, Vernice Soto, Temika Huth, Adrianna Fentress, Tayna Rey, Ike Clink, Gaynell Croce, Darlena Farrington, Cherryl Carolina, Zoe Solar, Anjanette Krupp, Janiece Silvernail, Ivey Buskey, Viola Blackstock, Elane Martinelli, Rachell Ankrom, Kyla Kays, Alton Smedley, Voncile Hayner, Bebe Lehmkuhl, Inell Ruoff, Onita Holloway, Norman Castilleja, Delmar Tourville, Audry Berends, Zoraida Faulkner, Kellee Maddy, Florencio Muller, Jo Dettman, Rosanne Trezza, Maryland Benedict, Mirtha Conine, Kristin Ponton, Flossie Pangburn, Yuko Steffes, Dixie Darsey, Cari Pizzo, Ellamae Tallon, Abbie Kreidler, Dustin Arterburn, Catrice Lenton, Laila Holdren, Yang Soriano, Julian Clapper, Myles Cooke, Marcelle Herzog, Xochitl Calderwood, Leila Odle, Abby Peevy, Jarvis Millar, Lekisha Hinnenkamp, Angelia Keebler, Clementina Gormley, Joslyn Keen, Cassaundra Loar, Lilliam Mcghie, Alona Redel, Heidi Gravelle, Buck Slawson, Lindsay Henline, Mimi Winsor, Maxine Clauson, Lena Galusha, Talisha Geise, Stacie Austria, Georgia Cincotta, Cyrstal Robb, Cornelia Laney, Jere Routh, Archie Branning, Tomi Athey, Matha Beard, Bud Mclarty, Marlana Gillard, Elvis Leatherwood, Hellen Macrae, Meaghan Macinnis, Mozelle Reddy, Olene Ledgerwood, Shanda Cromer, Venice Sherry, Ron Copher, Arminda Valentino, Carolann Bronson, Charlyn Haggerty, Isaac Linebaugh, Elba Farr, Angelika March, Tyler Galbraith, Marylynn Chauvin, Luisa Ohm, Bette Carlos, Rocco Blubaugh, Alexandria Jantz, Winston Hemby, Tami Jepson, Anamaria Headrick, Nereida Truman, Hipolito Rowlands, Porter Marcinkowski, Bonny Forester, Rutha Crotty, Damion Wysocki, Colton Moschella, Wayne Basler, Joie Sly, Chas Arline, Joya Bristol, Neida Vartanian, Ellie Duca, Adela Slusher, Daniell Nicklas, Jammie Rapp, Bess Hugo, Marlin Holm, Carey Baley, Dani Stroop, Maddie Mccusker, Herschel Sena, Ted Broome, Birgit Mcglade, Heidi Poplawski, Carmen Ireland, Nelia Abrams, Adan Carden, Leanna Mazer, Kesha Shoop, Elza Aumick, Markita Brymer, Alpha Hundley, Scot Hollis, Marcelina Koger, Naoma Whitman, Alfredia Semon, Miyoko Pinto, Isaura Morton, Leia Amico, Simon Polinsky, Yulanda Marsden, Chloe Florey, Bernice Corcoran, Christine Parkinson, Marlys Matteson, Estella Lavallie, Madie Bhatti, Delpha Tharrington, Elwood Cortez, Sanjuanita Brotzman, Celeste Mahmood, Flor Hallock, Brigitte Rahm, Corazon Bohan, Noble Krom, Rosalind Daniele, Margareta Ku, Sherrie Rivero, Mandi Swartwood, Ricky Latimer, Clara Villegas, Tyrone Antonio, Noah Deppen, Nelle Goodlow, Yesenia Tillett, Lynell Lando, Loreen Morel, Valentina Nitti, Cara Rakowski, Silas Chickering, Marguerite Schuman, Thuy Decamp, Ian Reising, Rufus Hanshaw, Irma Encarnacion, Latesha Marini, Mallory Segarra, Torrie Harnois, Parker Forrest, Jed Frazier, Kimi Savard, Lashay Franz]
17:54:41.886 [main] INFO api.AvailableMembersApi - Validating members for Survey ID: 16
17:54:41.888 [main] INFO api.AvailableMembersApi - Received response for survey ID 17: Status Code = 200
17:54:41.893 [main] INFO api.AvailableMembersApi - Available names for survey ID 17: [Malissa Arn, Teri Villalobos, Yesenia Conte, Meghann Followell, Lee Harlow, Salvatore Monico, Sunshine Focht, Daina Maine, Ora Housand, Tasia Merritt, Gregory Lucchesi, Drucilla Wilhelm, Jaquelyn Levett, Mariko Hadfield, Margarito Derringer, Everett Northup, Micah Shirley, Wilhelmina Hibdon, Carolin Blauser, Lyla Almanza, Chere Gamino, Fleta Giampaolo, Cleotilde Mcmiller, Sarai Morelli, Lashanda Abbott, Jeffry Dynes, Vernice Soto, Elna Phelan, Temika Huth, Adrianna Fentress, Tayna Rey, Ike Clink, Gaynell Croce, Darlena Farrington, Cherryl Carolina, Zoe Solar, Anjanette Krupp, Janiece Silvernail, Ivey Buskey, Viola Blackstock, Elane Martinelli, Kyla Kays, Alton Smedley, Voncile Hayner, Bebe Lehmkuhl, Inell Ruoff, Onita Holloway, Norman Castilleja, Delmar Tourville, Audry Berends, Zoraida Faulkner, Kellee Maddy, Florencio Muller, Jo Dettman, Rosanne Trezza, Maryland Benedict, Mirtha Conine, Kristin Ponton, Flossie Pangburn, Yuko Steffes, Dixie Darsey, Kendrick Preston, Cari Pizzo, Ellamae Tallon, Abbie Kreidler, Dustin Arterburn, Yang Soriano, Julian Clapper, Myles Cooke, Rheba Corbett, Marcelle Herzog, Abby Peevy, Jarvis Millar, Lekisha Hinnenkamp, Angelia Keebler, Clementina Gormley, Joslyn Keen, Cassaundra Loar, Ji Lamarche, Lilliam Mcghie, Heidi Gravelle, Buck Slawson, Lindsay Henline, Mimi Winsor, Maxine Clauson, Lena Galusha, Stacie Austria, Georgia Cincotta, Cyrstal Robb, Cornelia Laney, Jere Routh, Archie Branning, Tomi Athey, Matha Beard, Bud Mclarty, Marlana Gillard, Elvis Leatherwood, Hellen Macrae, Mozelle Reddy, Olene Ledgerwood, Shanda Cromer, Ron Copher, Arminda Valentino, Carolann Bronson, Charlyn Haggerty, Isaac Linebaugh, Elba Farr, Angelika March, Tyler Galbraith, Marylynn Chauvin, Luisa Ohm, Bette Carlos, Rocco Blubaugh, Alexandria Jantz, Winston Hemby, Tami Jepson, Nereida Truman, Hipolito Rowlands, Porter Marcinkowski, Bonny Forester, Rutha Crotty, Colton Moschella, Wayne Basler, Joie Sly, Takisha Demo, Chas Arline, Joya Bristol, Neida Vartanian, Ellie Duca, Adela Slusher, Daniell Nicklas, Jammie Rapp, Bess Hugo, Marlin Holm, Mignon Carnes, Carey Baley, Dani Stroop, Maddie Mccusker, Herschel Sena, Ora Suddeth, Birgit Mcglade, Heidi Poplawski, Carmen Ireland, Nelia Abrams, Adan Carden, Leanna Mazer, Kesha Shoop, Elza Aumick, Terence Grothe, Markita Brymer, Jazmine Mccolley, Alpha Hundley, Scot Hollis, Marcelina Koger, Naoma Whitman, Alfredia Semon, Miyoko Pinto, Isaura Morton, Leia Amico, Simon Polinsky, Yulanda Marsden, Chloe Florey, Bernice Corcoran, Christine Parkinson, Marlys Matteson, Estella Lavallie, Madie Bhatti, Delpha Tharrington, Elwood Cortez, Sanjuanita Brotzman, Celeste Mahmood, Flor Hallock, Brigitte Rahm, Corazon Bohan, Cynthia Gines, Noble Krom, Rosalind Daniele, Sherrie Rivero, Mandi Swartwood, Ricky Latimer, Clara Villegas, Tyrone Antonio, Noah Deppen, Nelle Goodlow, Yesenia Tillett, Lynell Lando, Loreen Morel, Cara Rakowski, Marguerite Schuman, Thuy Decamp, Ian Reising, Rufus Hanshaw, Leoma Mazzei, Latesha Marini, Mallory Segarra, Torrie Harnois, Parker Forrest, Jed Frazier, Kimi Savard, Lashay Franz]
17:54:41.893 [main] INFO api.AvailableMembersApi - Validating members for Survey ID: 17
17:54:41.895 [main] INFO api.AvailableMembersApi - Received response for survey ID 18: Status Code = 200
17:54:41.901 [main] INFO api.AvailableMembersApi - Available names for survey ID 18: [Malissa Arn, Yesenia Conte, Meghann Followell, Lee Harlow, Salvatore Monico, Sunshine Focht, Daina Maine, Ora Housand, Tasia Merritt, Gregory Lucchesi, Jaquelyn Levett, Mariko Hadfield, Janita Stroman, Sherita Arispe, Everett Northup, Micah Shirley, Wilhelmina Hibdon, Carolin Blauser, Lyla Almanza, Chere Gamino, Fleta Giampaolo, Cleotilde Mcmiller, Sarai Morelli, Lashanda Abbott, Jeffry Dynes, Vernice Soto, Elna Phelan, Temika Huth, Adrianna Fentress, Tayna Rey, Ike Clink, Gaynell Croce, Darlena Farrington, Cherryl Carolina, Zoe Solar, Anjanette Krupp, Janiece Silvernail, Ivey Buskey, Viola Blackstock, Elane Martinelli, Rachell Ankrom, Kyla Kays, Alton Smedley, Voncile Hayner, Bebe Lehmkuhl, Inell Ruoff, Onita Holloway, Norman Castilleja, Delmar Tourville, Audry Berends, Zoraida Faulkner, Kellee Maddy, Florencio Muller, Jo Dettman, Maryland Benedict, Mirtha Conine, Kristin Ponton, Flossie Pangburn, Yuko Steffes, Dixie Darsey, Kendrick Preston, Cari Pizzo, Ellamae Tallon, Abbie Kreidler, Dustin Arterburn, Catrice Lenton, Laila Holdren, Yang Soriano, Jon Shultis, Julian Clapper, Myles Cooke, Rheba Corbett, Xochitl Calderwood, Leila Odle, Abby Peevy, Jarvis Millar, Lekisha Hinnenkamp, Angelia Keebler, Clementina Gormley, Joslyn Keen, Verla Bearse, Cassaundra Loar, Ji Lamarche, Lilliam Mcghie, Alona Redel, Heidi Gravelle, Buck Slawson, Lindsay Henline, Mimi Winsor, Maxine Clauson, Lena Galusha, Talisha Geise, Stacie Austria, Georgia Cincotta, Candis Gapinski, Cyrstal Robb, Cornelia Laney, Jere Routh, Archie Branning, Tomi Athey, Matha Beard, Bud Mclarty, Marlana Gillard, Elvis Leatherwood, Hellen Macrae, Meaghan Macinnis, Lezlie Luckey, Mozelle Reddy, Olene Ledgerwood, Shanda Cromer, Venice Sherry, Ron Copher, Arminda Valentino, Carolann Bronson, Charlyn Haggerty, Isaac Linebaugh, Elba Farr, Angelika March, Tyler Galbraith, Marylynn Chauvin, Luisa Ohm, Bette Carlos, Rocco Blubaugh, Alexandria Jantz, Winston Hemby, Tami Jepson, Anamaria Headrick, Nereida Truman, Hipolito Rowlands, Porter Marcinkowski, Bonny Forester, Rutha Crotty, Damion Wysocki, Colton Moschella, Wayne Basler, Takisha Demo, Chas Arline, Joya Bristol, Neida Vartanian, Ellie Duca, Adela Slusher, Daniell Nicklas, Jammie Rapp, Bess Hugo, Marlin Holm, Mignon Carnes, Carey Baley, Dani Stroop, Maddie Mccusker, Herschel Sena, Ora Suddeth, Ted Broome, Carmen Ireland, Nelia Abrams, Leanna Mazer, Kesha Shoop, Elza Aumick, Markita Brymer, Alpha Hundley, Scot Hollis, Marcelina Koger, Naoma Whitman, Alfredia Semon, Miyoko Pinto, Isaura Morton, Leia Amico, Simon Polinsky, Yulanda Marsden, Chloe Florey, Bernice Corcoran, Christine Parkinson, Marlys Matteson, Estella Lavallie, Madie Bhatti, Delpha Tharrington, Elwood Cortez, Sanjuanita Brotzman, Celeste Mahmood, Flor Hallock, Brigitte Rahm, Corazon Bohan, Cynthia Gines, Noble Krom, Rosalind Daniele, Margareta Ku, Sherrie Rivero, Mandi Swartwood, Ricky Latimer, Clara Villegas, Tyrone Antonio, Noah Deppen, Nelle Goodlow, Lynell Lando, Loreen Morel, Valentina Nitti, Cara Rakowski, Silas Chickering, Marguerite Schuman, Thuy Decamp, Rufus Hanshaw, Leoma Mazzei, Latesha Marini, Mallory Segarra, Torrie Harnois, Parker Forrest, Jed Frazier, Kimi Savard]
17:54:41.901 [main] INFO api.AvailableMembersApi - Validating members for Survey ID: 18
17:54:41.903 [main] INFO api.AvailableMembersApi - Received response for survey ID 19: Status Code = 200
17:54:41.908 [main] INFO api.AvailableMembersApi - Available names for survey ID 19: [Malissa Arn, Teri Villalobos, Yesenia Conte, Meghann Followell, Lee Harlow, Salvatore Monico, Sunshine Focht, Daina Maine, Ora Housand, Tasia Merritt, Drucilla Wilhelm, Jaquelyn Levett, Mariko Hadfield, Janita Stroman, Margarito Derringer, Everett Northup, Micah Shirley, Wilhelmina Hibdon, Carolin Blauser, Chere Gamino, Fleta Giampaolo, Cleotilde Mcmiller, Sarai Morelli, Lashanda Abbott, Jeffry Dynes, Vernice Soto, Elna Phelan, Temika Huth, Adrianna Fentress, Tayna Rey, Ike Clink, Gaynell Croce, Darlena Farrington, Anjanette Krupp, Janiece Silvernail, Ivey Buskey, Viola Blackstock, Elane Martinelli, Rachell Ankrom, Kyla Kays, Alton Smedley, Voncile Hayner, Bebe Lehmkuhl, Inell Ruoff, Onita Holloway, Norman Castilleja, Delmar Tourville, Audry Berends, Zoraida Faulkner, Kellee Maddy, Florencio Muller, Jo Dettman, Rosanne Trezza, Maryland Benedict, Mirtha Conine, Kristin Ponton, Flossie Pangburn, Yuko Steffes, Dixie Darsey, Kendrick Preston, Cari Pizzo, Ellamae Tallon, Abbie Kreidler, Dustin Arterburn, Laila Holdren, Yang Soriano, Jon Shultis, Julian Clapper, Myles Cooke, Rheba Corbett, Marcelle Herzog, Xochitl Calderwood, Leila Odle, Abby Peevy, Jarvis Millar, Lekisha Hinnenkamp, Angelia Keebler, Clementina Gormley, Joslyn Keen, Verla Bearse, Cassaundra Loar, Ji Lamarche, Alona Redel, Heidi Gravelle, Buck Slawson, Lindsay Henline, Mimi Winsor, Maxine Clauson, Lena Galusha, Talisha Geise, Stacie Austria, Georgia Cincotta, Cornelia Laney, Jere Routh, Archie Branning, Tomi Athey, Matha Beard, Bud Mclarty, Marlana Gillard, Elvis Leatherwood, Meaghan Macinnis, Lezlie Luckey, Mozelle Reddy, Shanda Cromer, Venice Sherry, Ron Copher, Carolann Bronson, Charlyn Haggerty, Isaac Linebaugh, Elba Farr, Angelika March, Tyler Galbraith, Marylynn Chauvin, Luisa Ohm, Bette Carlos, Rocco Blubaugh, Alexandria Jantz, Winston Hemby, Tami Jepson, Anamaria Headrick, Nereida Truman, Hipolito Rowlands, Porter Marcinkowski, Rutha Crotty, Damion Wysocki, Colton Moschella, Wayne Basler, Joie Sly, Takisha Demo, Chas Arline, Joya Bristol, Ellie Duca, Adela Slusher, Daniell Nicklas, Jammie Rapp, Bess Hugo, Marlin Holm, Mignon Carnes, Maddie Mccusker, Herschel Sena, Ora Suddeth, Ted Broome, Heidi Poplawski, Carmen Ireland, Nelia Abrams, Leanna Mazer, Kesha Shoop, Elza Aumick, Terence Grothe, Markita Brymer, Jazmine Mccolley, Alpha Hundley, Scot Hollis, Marcelina Koger, Naoma Whitman, Alfredia Semon, Miyoko Pinto, Isaura Morton, Leia Amico, Simon Polinsky, Yulanda Marsden, Chloe Florey, Bernice Corcoran, Christine Parkinson, Marlys Matteson, Estella Lavallie, Madie Bhatti, Delpha Tharrington, Sanjuanita Brotzman, Flor Hallock, Brigitte Rahm, Corazon Bohan, Cynthia Gines, Rosalind Daniele, Margareta Ku, Sherrie Rivero, Mandi Swartwood, Ricky Latimer, Clara Villegas, Tyrone Antonio, Noah Deppen, Nelle Goodlow, Yesenia Tillett, Lynell Lando, Loreen Morel, Valentina Nitti, Cara Rakowski, Silas Chickering, Marguerite Schuman, Thuy Decamp, Ian Reising, Rufus Hanshaw, Irma Encarnacion, Mallory Segarra, Torrie Harnois, Parker Forrest, Jed Frazier, Kimi Savard, Lashay Franz]
17:54:41.909 [main] INFO api.AvailableMembersApi - Validating members for Survey ID: 19
17:54:41.912 [main] INFO api.AvailableMembersApi - Received response for survey ID 20: Status Code = 200
17:54:41.921 [main] INFO api.AvailableMembersApi - Available names for survey ID 20: [Malissa Arn, Teri Villalobos, Yesenia Conte, Salvatore Monico, Sunshine Focht, Ora Housand, Tasia Merritt, Gregory Lucchesi, Drucilla Wilhelm, Jaquelyn Levett, Mariko Hadfield, Janita Stroman, Margarito Derringer, Sherita Arispe, Everett Northup, Micah Shirley, Wilhelmina Hibdon, Carolin Blauser, Lyla Almanza, Chere Gamino, Fleta Giampaolo, Cleotilde Mcmiller, Sarai Morelli, Lashanda Abbott, Vernice Soto, Elna Phelan, Temika Huth, Adrianna Fentress, Tayna Rey, Ike Clink, Gaynell Croce, Darlena Farrington, Cherryl Carolina, Zoe Solar, Anjanette Krupp, Janiece Silvernail, Ivey Buskey, Viola Blackstock, Elane Martinelli, Rachell Ankrom, Kyla Kays, Alton Smedley, Voncile Hayner, Inell Ruoff, Onita Holloway, Norman Castilleja, Delmar Tourville, Audry Berends, Zoraida Faulkner, Kellee Maddy, Jo Dettman, Rosanne Trezza, Maryland Benedict, Mirtha Conine, Kristin Ponton, Flossie Pangburn, Yuko Steffes, Dixie Darsey, Ellamae Tallon, Abbie Kreidler, Dustin Arterburn, Catrice Lenton, Laila Holdren, Yang Soriano, Jon Shultis, Julian Clapper, Myles Cooke, Rheba Corbett, Marcelle Herzog, Xochitl Calderwood, Leila Odle, Abby Peevy, Jarvis Millar, Lekisha Hinnenkamp, Angelia Keebler, Clementina Gormley, Joslyn Keen, Verla Bearse, Cassaundra Loar, Ji Lamarche, Lilliam Mcghie, Alona Redel, Heidi Gravelle, Buck Slawson, Lindsay Henline, Mimi Winsor, Maxine Clauson, Lena Galusha, Talisha Geise, Georgia Cincotta, Candis Gapinski, Cyrstal Robb, Cornelia Laney, Jere Routh, Archie Branning, Tomi Athey, Matha Beard, Bud Mclarty, Marlana Gillard, Elvis Leatherwood, Hellen Macrae, Lezlie Luckey, Olene Ledgerwood, Ron Copher, Arminda Valentino, Carolann Bronson, Charlyn Haggerty, Isaac Linebaugh, Elba Farr, Angelika March, Tyler Galbraith, Marylynn Chauvin, Luisa Ohm, Bette Carlos, Rocco Blubaugh, Alexandria Jantz, Winston Hemby, Tami Jepson, Anamaria Headrick, Hipolito Rowlands, Porter Marcinkowski, Rutha Crotty, Damion Wysocki, Colton Moschella, Wayne Basler, Joie Sly, Takisha Demo, Joya Bristol, Neida Vartanian, Ellie Duca, Adela Slusher, Daniell Nicklas, Jammie Rapp, Bess Hugo, Mignon Carnes, Dani Stroop, Maddie Mccusker, Herschel Sena, Ora Suddeth, Ted Broome, Birgit Mcglade, Heidi Poplawski, Nelia Abrams, Leanna Mazer, Kesha Shoop, Elza Aumick, Terence Grothe, Markita Brymer, Jazmine Mccolley, Alpha Hundley, Scot Hollis, Marcelina Koger, Naoma Whitman, Alfredia Semon, Miyoko Pinto, Isaura Morton, Leia Amico, Simon Polinsky, Yulanda Marsden, Chloe Florey, Bernice Corcoran, Christine Parkinson, Estella Lavallie, Madie Bhatti, Delpha Tharrington, Elwood Cortez, Sanjuanita Brotzman, Celeste Mahmood, Flor Hallock, Corazon Bohan, Cynthia Gines, Rosalind Daniele, Margareta Ku, Sherrie Rivero, Mandi Swartwood, Ricky Latimer, Clara Villegas, Tyrone Antonio, Noah Deppen, Yesenia Tillett, Lynell Lando, Loreen Morel, Valentina Nitti, Cara Rakowski, Silas Chickering, Marguerite Schuman, Thuy Decamp, Ian Reising, Rufus Hanshaw, Irma Encarnacion, Leoma Mazzei, Latesha Marini, Mallory Segarra, Torrie Harnois, Parker Forrest, Jed Frazier, Kimi Savard, Lashay Franz]
17:54:41.921 [main] INFO api.AvailableMembersApi - Validating members for Survey ID: 20
17:54:41.924 [main] INFO api.AvailableMembersApi - Received response for survey ID 21: Status Code = 200
17:54:41.933 [main] INFO api.AvailableMembersApi - Available names for survey ID 21: [Malissa Arn, Teri Villalobos, Yesenia Conte, Meghann Followell, Lee Harlow, Daina Maine, Ora Housand, Tasia Merritt, Gregory Lucchesi, Drucilla Wilhelm, Jaquelyn Levett, Mariko Hadfield, Janita Stroman, Margarito Derringer, Sherita Arispe, Everett Northup, Micah Shirley, Carolin Blauser, Lyla Almanza, Chere Gamino, Fleta Giampaolo, Cleotilde Mcmiller, Lashanda Abbott, Jeffry Dynes, Vernice Soto, Temika Huth, Adrianna Fentress, Tayna Rey, Ike Clink, Gaynell Croce, Darlena Farrington, Cherryl Carolina, Anjanette Krupp, Janiece Silvernail, Ivey Buskey, Rachell Ankrom, Kyla Kays, Alton Smedley, Voncile Hayner, Bebe Lehmkuhl, Inell Ruoff, Onita Holloway, Norman Castilleja, Delmar Tourville, Audry Berends, Zoraida Faulkner, Kellee Maddy, Florencio Muller, Jo Dettman, Rosanne Trezza, Maryland Benedict, Mirtha Conine, Kristin Ponton, Flossie Pangburn, Yuko Steffes, Dixie Darsey, Kendrick Preston, Cari Pizzo, Ellamae Tallon, Abbie Kreidler, Dustin Arterburn, Catrice Lenton, Laila Holdren, Jon Shultis, Julian Clapper, Myles Cooke, Rheba Corbett, Xochitl Calderwood, Leila Odle, Abby Peevy, Lekisha Hinnenkamp, Clementina Gormley, Joslyn Keen, Verla Bearse, Cassaundra Loar, Ji Lamarche, Lilliam Mcghie, Alona Redel, Buck Slawson, Lindsay Henline, Mimi Winsor, Maxine Clauson, Lena Galusha, Georgia Cincotta, Candis Gapinski, Cornelia Laney, Jere Routh, Archie Branning, Tomi Athey, Matha Beard, Bud Mclarty, Marlana Gillard, Elvis Leatherwood, Hellen Macrae, Meaghan Macinnis, Lezlie Luckey, Mozelle Reddy, Olene Ledgerwood, Shanda Cromer, Venice Sherry, Arminda Valentino, Carolann Bronson, Charlyn Haggerty, Isaac Linebaugh, Elba Farr, Angelika March, Tyler Galbraith, Marylynn Chauvin, Luisa Ohm, Bette Carlos, Rocco Blubaugh, Alexandria Jantz, Winston Hemby, Tami Jepson, Anamaria Headrick, Nereida Truman, Hipolito Rowlands, Porter Marcinkowski, Bonny Forester, Rutha Crotty, Damion Wysocki, Colton Moschella, Wayne Basler, Takisha Demo, Chas Arline, Joya Bristol, Neida Vartanian, Ellie Duca, Adela Slusher, Daniell Nicklas, Marlin Holm, Mignon Carnes, Dani Stroop, Herschel Sena, Ora Suddeth, Ted Broome, Birgit Mcglade, Heidi Poplawski, Carmen Ireland, Nelia Abrams, Adan Carden, Leanna Mazer, Kesha Shoop, Elza Aumick, Terence Grothe, Markita Brymer, Jazmine Mccolley, Alpha Hundley, Scot Hollis, Marcelina Koger, Naoma Whitman, Miyoko Pinto, Isaura Morton, Yulanda Marsden, Chloe Florey, Bernice Corcoran, Christine Parkinson, Marlys Matteson, Estella Lavallie, Madie Bhatti, Delpha Tharrington, Elwood Cortez, Sanjuanita Brotzman, Celeste Mahmood, Flor Hallock, Brigitte Rahm, Corazon Bohan, Cynthia Gines, Noble Krom, Rosalind Daniele, Margareta Ku, Sherrie Rivero, Mandi Swartwood, Ricky Latimer, Clara Villegas, Tyrone Antonio, Noah Deppen, Nelle Goodlow, Yesenia Tillett, Lynell Lando, Loreen Morel, Valentina Nitti, Cara Rakowski, Silas Chickering, Marguerite Schuman, Thuy Decamp, Ian Reising, Rufus Hanshaw, Irma Encarnacion, Leoma Mazzei, Latesha Marini, Mallory Segarra, Torrie Harnois, Parker Forrest, Jed Frazier]
17:54:41.933 [main] INFO api.AvailableMembersApi - Validating members for Survey ID: 21
17:54:41.936 [main] INFO api.AvailableMembersApi - Received response for survey ID 22: Status Code = 200
17:54:41.945 [main] INFO api.AvailableMembersApi - Available names for survey ID 22: [Malissa Arn, Teri Villalobos, Yesenia Conte, Meghann Followell, Lee Harlow, Salvatore Monico, Daina Maine, Ora Housand, Tasia Merritt, Gregory Lucchesi, Drucilla Wilhelm, Mariko Hadfield, Janita Stroman, Margarito Derringer, Sherita Arispe, Everett Northup, Micah Shirley, Wilhelmina Hibdon, Lyla Almanza, Chere Gamino, Fleta Giampaolo, Cleotilde Mcmiller, Sarai Morelli, Lashanda Abbott, Jeffry Dynes, Vernice Soto, Elna Phelan, Temika Huth, Adrianna Fentress, Tayna Rey, Ike Clink, Gaynell Croce, Darlena Farrington, Cherryl Carolina, Zoe Solar, Anjanette Krupp, Janiece Silvernail, Ivey Buskey, Viola Blackstock, Rachell Ankrom, Kyla Kays, Alton Smedley, Voncile Hayner, Bebe Lehmkuhl, Inell Ruoff, Onita Holloway, Norman Castilleja, Delmar Tourville, Zoraida Faulkner, Kellee Maddy, Jo Dettman, Rosanne Trezza, Maryland Benedict, Mirtha Conine, Kristin Ponton, Flossie Pangburn, Yuko Steffes, Dixie Darsey, Kendrick Preston, Cari Pizzo, Ellamae Tallon, Abbie Kreidler, Catrice Lenton, Laila Holdren, Yang Soriano, Jon Shultis, Julian Clapper, Myles Cooke, Rheba Corbett, Marcelle Herzog, Xochitl Calderwood, Leila Odle, Abby Peevy, Jarvis Millar, Lekisha Hinnenkamp, Angelia Keebler, Clementina Gormley, Joslyn Keen, Cassaundra Loar, Ji Lamarche, Lilliam Mcghie, Alona Redel, Buck Slawson, Lindsay Henline, Mimi Winsor, Maxine Clauson, Lena Galusha, Talisha Geise, Stacie Austria, Georgia Cincotta, Cyrstal Robb, Cornelia Laney, Jere Routh, Archie Branning, Tomi Athey, Matha Beard, Marlana Gillard, Elvis Leatherwood, Hellen Macrae, Meaghan Macinnis, Mozelle Reddy, Shanda Cromer, Ron Copher, Arminda Valentino, Carolann Bronson, Charlyn Haggerty, Elba Farr, Angelika March, Tyler Galbraith, Marylynn Chauvin, Luisa Ohm, Bette Carlos, Rocco Blubaugh, Alexandria Jantz, Winston Hemby, Tami Jepson, Anamaria Headrick, Nereida Truman, Hipolito Rowlands, Porter Marcinkowski, Bonny Forester, Rutha Crotty, Damion Wysocki, Colton Moschella, Wayne Basler, Joie Sly, Takisha Demo, Chas Arline, Joya Bristol, Neida Vartanian, Ellie Duca, Adela Slusher, Daniell Nicklas, Jammie Rapp, Bess Hugo, Mignon Carnes, Carey Baley, Dani Stroop, Maddie Mccusker, Herschel Sena, Ora Suddeth, Ted Broome, Birgit Mcglade, Heidi Poplawski, Carmen Ireland, Nelia Abrams, Adan Carden, Leanna Mazer, Kesha Shoop, Elza Aumick, Terence Grothe, Jazmine Mccolley, Alpha Hundley, Scot Hollis, Marcelina Koger, Naoma Whitman, Alfredia Semon, Miyoko Pinto, Leia Amico, Simon Polinsky, Yulanda Marsden, Chloe Florey, Bernice Corcoran, Christine Parkinson, Marlys Matteson, Estella Lavallie, Madie Bhatti, Delpha Tharrington, Elwood Cortez, Sanjuanita Brotzman, Celeste Mahmood, Flor Hallock, Corazon Bohan, Cynthia Gines, Noble Krom, Rosalind Daniele, Margareta Ku, Sherrie Rivero, Mandi Swartwood, Ricky Latimer, Clara Villegas, Tyrone Antonio, Noah Deppen, Nelle Goodlow, Yesenia Tillett, Lynell Lando, Loreen Morel, Cara Rakowski, Silas Chickering, Marguerite Schuman, Thuy Decamp, Ian Reising, Rufus Hanshaw, Irma Encarnacion, Leoma Mazzei, Latesha Marini, Mallory Segarra, Torrie Harnois, Parker Forrest, Jed Frazier, Kimi Savard, Lashay Franz]
17:54:41.945 [main] INFO api.AvailableMembersApi - Validating members for Survey ID: 22
17:54:41.949 [main] INFO api.AvailableMembersApi - Received response for survey ID 23: Status Code = 200
17:54:41.958 [main] INFO api.AvailableMembersApi - Available names for survey ID 23: [Malissa Arn, Teri Villalobos, Meghann Followell, Lee Harlow, Salvatore Monico, Sunshine Focht, Tasia Merritt, Gregory Lucchesi, Drucilla Wilhelm, Jaquelyn Levett, Mariko Hadfield, Janita Stroman, Margarito Derringer, Sherita Arispe, Everett Northup, Micah Shirley, Wilhelmina Hibdon, Carolin Blauser, Lyla Almanza, Chere Gamino, Fleta Giampaolo, Sarai Morelli, Lashanda Abbott, Jeffry Dynes, Vernice Soto, Temika Huth, Adrianna Fentress, Tayna Rey, Ike Clink, Gaynell Croce, Darlena Farrington, Cherryl Carolina, Zoe Solar, Anjanette Krupp, Janiece Silvernail, Ivey Buskey, Viola Blackstock, Elane Martinelli, Rachell Ankrom, Kyla Kays, Alton Smedley, Voncile Hayner, Bebe Lehmkuhl, Inell Ruoff, Onita Holloway, Norman Castilleja, Delmar Tourville, Audry Berends, Zoraida Faulkner, Kellee Maddy, Florencio Muller, Jo Dettman, Rosanne Trezza, Maryland Benedict, Mirtha Conine, Kristin Ponton, Flossie Pangburn, Yuko Steffes, Dixie Darsey, Kendrick Preston, Cari Pizzo, Ellamae Tallon, Abbie Kreidler, Dustin Arterburn, Catrice Lenton, Yang Soriano, Julian Clapper, Rheba Corbett, Marcelle Herzog, Xochitl Calderwood, Leila Odle, Abby Peevy, Jarvis Millar, Lekisha Hinnenkamp, Angelia Keebler, Clementina Gormley, Joslyn Keen, Verla Bearse, Cassaundra Loar, Alona Redel, Heidi Gravelle, Buck Slawson, Lindsay Henline, Mimi Winsor, Maxine Clauson, Talisha Geise, Stacie Austria, Georgia Cincotta, Cyrstal Robb, Cornelia Laney, Jere Routh, Archie Branning, Tomi Athey, Matha Beard, Bud Mclarty, Marlana Gillard, Elvis Leatherwood, Hellen Macrae, Meaghan Macinnis, Lezlie Luckey, Mozelle Reddy, Olene Ledgerwood, Shanda Cromer, Venice Sherry, Ron Copher, Arminda Valentino, Carolann Bronson, Charlyn Haggerty, Isaac Linebaugh, Elba Farr, Tyler Galbraith, Marylynn Chauvin, Luisa Ohm, Rocco Blubaugh, Alexandria Jantz, Winston Hemby, Tami Jepson, Anamaria Headrick, Nereida Truman, Hipolito Rowlands, Porter Marcinkowski, Bonny Forester, Rutha Crotty, Colton Moschella, Wayne Basler, Joie Sly, Takisha Demo, Chas Arline, Joya Bristol, Neida Vartanian, Adela Slusher, Daniell Nicklas, Jammie Rapp, Bess Hugo, Mignon Carnes, Carey Baley, Dani Stroop, Maddie Mccusker, Herschel Sena, Ora Suddeth, Ted Broome, Birgit Mcglade, Heidi Poplawski, Carmen Ireland, Nelia Abrams, Adan Carden, Leanna Mazer, Kesha Shoop, Elza Aumick, Terence Grothe, Markita Brymer, Jazmine Mccolley, Alpha Hundley, Scot Hollis, Naoma Whitman, Alfredia Semon, Miyoko Pinto, Isaura Morton, Leia Amico, Simon Polinsky, Yulanda Marsden, Bernice Corcoran, Christine Parkinson, Marlys Matteson, Estella Lavallie, Delpha Tharrington, Elwood Cortez, Sanjuanita Brotzman, Celeste Mahmood, Flor Hallock, Brigitte Rahm, Corazon Bohan, Cynthia Gines, Noble Krom, Rosalind Daniele, Margareta Ku, Sherrie Rivero, Ricky Latimer, Tyrone Antonio, Noah Deppen, Nelle Goodlow, Yesenia Tillett, Lynell Lando, Loreen Morel, Valentina Nitti, Cara Rakowski, Silas Chickering, Marguerite Schuman, Ian Reising, Rufus Hanshaw, Irma Encarnacion, Leoma Mazzei, Latesha Marini, Mallory Segarra, Torrie Harnois, Parker Forrest, Jed Frazier, Kimi Savard, Lashay Franz]
17:54:41.959 [main] INFO api.AvailableMembersApi - Validating members for Survey ID: 23
17:54:41.961 [main] INFO api.AvailableMembersApi - Received response for survey ID 24: Status Code = 200
17:54:41.969 [main] INFO api.AvailableMembersApi - Available names for survey ID 24: [Malissa Arn, Teri Villalobos, Yesenia Conte, Meghann Followell, Lee Harlow, Salvatore Monico, Sunshine Focht, Daina Maine, Tasia Merritt, Drucilla Wilhelm, Jaquelyn Levett, Mariko Hadfield, Janita Stroman, Margarito Derringer, Sherita Arispe, Everett Northup, Micah Shirley, Wilhelmina Hibdon, Carolin Blauser, Lyla Almanza, Chere Gamino, Fleta Giampaolo, Sarai Morelli, Lashanda Abbott, Jeffry Dynes, Vernice Soto, Elna Phelan, Temika Huth, Adrianna Fentress, Tayna Rey, Ike Clink, Gaynell Croce, Darlena Farrington, Cherryl Carolina, Zoe Solar, Anjanette Krupp, Janiece Silvernail, Ivey Buskey, Viola Blackstock, Elane Martinelli, Rachell Ankrom, Kyla Kays, Voncile Hayner, Bebe Lehmkuhl, Inell Ruoff, Norman Castilleja, Delmar Tourville, Zoraida Faulkner, Kellee Maddy, Florencio Muller, Jo Dettman, Rosanne Trezza, Maryland Benedict, Mirtha Conine, Flossie Pangburn, Yuko Steffes, Dixie Darsey, Kendrick Preston, Cari Pizzo, Ellamae Tallon, Abbie Kreidler, Dustin Arterburn, Catrice Lenton, Laila Holdren, Yang Soriano, Jon Shultis, Julian Clapper, Myles Cooke, Rheba Corbett, Marcelle Herzog, Xochitl Calderwood, Leila Odle, Abby Peevy, Jarvis Millar, Lekisha Hinnenkamp, Angelia Keebler, Clementina Gormley, Joslyn Keen, Verla Bearse, Cassaundra Loar, Ji Lamarche, Lilliam Mcghie, Alona Redel, Heidi Gravelle, Buck Slawson, Lindsay Henline, Maxine Clauson, Lena Galusha, Talisha Geise, Stacie Austria, Georgia Cincotta, Cyrstal Robb, Cornelia Laney, Archie Branning, Tomi Athey, Matha Beard, Bud Mclarty, Marlana Gillard, Elvis Leatherwood, Hellen Macrae, Meaghan Macinnis, Lezlie Luckey, Mozelle Reddy, Olene Ledgerwood, Venice Sherry, Ron Copher, Arminda Valentino, Charlyn Haggerty, Isaac Linebaugh, Elba Farr, Angelika March, Tyler Galbraith, Marylynn Chauvin, Luisa Ohm, Bette Carlos, Rocco Blubaugh, Alexandria Jantz, Winston Hemby, Tami Jepson, Nereida Truman, Hipolito Rowlands, Porter Marcinkowski, Rutha Crotty, Damion Wysocki, Colton Moschella, Wayne Basler, Joie Sly, Takisha Demo, Chas Arline, Joya Bristol, Ellie Duca, Adela Slusher, Daniell Nicklas, Jammie Rapp, Bess Hugo, Marlin Holm, Mignon Carnes, Dani Stroop, Maddie Mccusker, Herschel Sena, Ora Suddeth, Ted Broome, Birgit Mcglade, Carmen Ireland, Nelia Abrams, Adan Carden, Leanna Mazer, Kesha Shoop, Elza Aumick, Terence Grothe, Markita Brymer, Jazmine Mccolley, Scot Hollis, Marcelina Koger, Naoma Whitman, Alfredia Semon, Miyoko Pinto, Leia Amico, Simon Polinsky, Yulanda Marsden, Chloe Florey, Bernice Corcoran, Christine Parkinson, Marlys Matteson, Estella Lavallie, Delpha Tharrington, Sanjuanita Brotzman, Celeste Mahmood, Flor Hallock, Brigitte Rahm, Corazon Bohan, Cynthia Gines, Noble Krom, Rosalind Daniele, Margareta Ku, Sherrie Rivero, Mandi Swartwood, Ricky Latimer, Clara Villegas, Tyrone Antonio, Noah Deppen, Nelle Goodlow, Yesenia Tillett, Lynell Lando, Loreen Morel, Valentina Nitti, Cara Rakowski, Silas Chickering, Marguerite Schuman, Ian Reising, Irma Encarnacion, Leoma Mazzei, Mallory Segarra, Torrie Harnois, Parker Forrest, Jed Frazier, Kimi Savard, Lashay Franz]
17:54:41.969 [main] INFO api.AvailableMembersApi - Validating members for Survey ID: 24
17:54:41.971 [main] INFO api.AvailableMembersApi - Received response for survey ID 25: Status Code = 200
17:54:41.981 [main] INFO api.AvailableMembersApi - Available names for survey ID 25: [Teri Villalobos, Meghann Followell, Lee Harlow, Salvatore Monico, Sunshine Focht, Daina Maine, Gregory Lucchesi, Drucilla Wilhelm, Jaquelyn Levett, Mariko Hadfield, Janita Stroman, Margarito Derringer, Sherita Arispe, Micah Shirley, Wilhelmina Hibdon, Carolin Blauser, Lyla Almanza, Chere Gamino, Fleta Giampaolo, Cleotilde Mcmiller, Sarai Morelli, Lashanda Abbott, Jeffry Dynes, Vernice Soto, Elna Phelan, Temika Huth, Adrianna Fentress, Tayna Rey, Gaynell Croce, Darlena Farrington, Cherryl Carolina, Anjanette Krupp, Janiece Silvernail, Ivey Buskey, Viola Blackstock, Elane Martinelli, Rachell Ankrom, Kyla Kays, Alton Smedley, Voncile Hayner, Bebe Lehmkuhl, Inell Ruoff, Onita Holloway, Norman Castilleja, Delmar Tourville, Zoraida Faulkner, Florencio Muller, Jo Dettman, Rosanne Trezza, Maryland Benedict, Mirtha Conine, Kristin Ponton, Flossie Pangburn, Yuko Steffes, Dixie Darsey, Kendrick Preston, Cari Pizzo, Ellamae Tallon, Abbie Kreidler, Dustin Arterburn, Catrice Lenton, Laila Holdren, Yang Soriano, Jon Shultis, Julian Clapper, Myles Cooke, Rheba Corbett, Marcelle Herzog, Xochitl Calderwood, Leila Odle, Abby Peevy, Lekisha Hinnenkamp, Angelia Keebler, Clementina Gormley, Joslyn Keen, Verla Bearse, Cassaundra Loar, Ji Lamarche, Lilliam Mcghie, Alona Redel, Heidi Gravelle, Lindsay Henline, Mimi Winsor, Maxine Clauson, Lena Galusha, Stacie Austria, Georgia Cincotta, Candis Gapinski, Cyrstal Robb, Jere Routh, Archie Branning, Tomi Athey, Matha Beard, Bud Mclarty, Marlana Gillard, Elvis Leatherwood, Hellen Macrae, Meaghan Macinnis, Lezlie Luckey, Mozelle Reddy, Olene Ledgerwood, Shanda Cromer, Venice Sherry, Ron Copher, Carolann Bronson, Charlyn Haggerty, Isaac Linebaugh, Elba Farr, Angelika March, Tyler Galbraith, Marylynn Chauvin, Luisa Ohm, Bette Carlos, Rocco Blubaugh, Alexandria Jantz, Winston Hemby, Tami Jepson, Anamaria Headrick, Nereida Truman, Hipolito Rowlands, Porter Marcinkowski, Bonny Forester, Rutha Crotty, Damion Wysocki, Colton Moschella, Takisha Demo, Chas Arline, Joya Bristol, Neida Vartanian, Ellie Duca, Adela Slusher, Daniell Nicklas, Jammie Rapp, Bess Hugo, Marlin Holm, Mignon Carnes, Carey Baley, Dani Stroop, Maddie Mccusker, Herschel Sena, Ted Broome, Birgit Mcglade, Heidi Poplawski, Carmen Ireland, Nelia Abrams, Adan Carden, Leanna Mazer, Kesha Shoop, Elza Aumick, Terence Grothe, Markita Brymer, Jazmine Mccolley, Alpha Hundley, Scot Hollis, Marcelina Koger, Naoma Whitman, Isaura Morton, Leia Amico, Simon Polinsky, Yulanda Marsden, Chloe Florey, Bernice Corcoran, Christine Parkinson, Marlys Matteson, Estella Lavallie, Madie Bhatti, Delpha Tharrington, Elwood Cortez, Sanjuanita Brotzman, Celeste Mahmood, Flor Hallock, Brigitte Rahm, Corazon Bohan, Noble Krom, Rosalind Daniele, Margareta Ku, Sherrie Rivero, Mandi Swartwood, Ricky Latimer, Clara Villegas, Tyrone Antonio, Noah Deppen, Nelle Goodlow, Yesenia Tillett, Loreen Morel, Valentina Nitti, Cara Rakowski, Silas Chickering, Marguerite Schuman, Thuy Decamp, Ian Reising, Rufus Hanshaw, Irma Encarnacion, Leoma Mazzei, Latesha Marini, Mallory Segarra, Torrie Harnois, Parker Forrest, Jed Frazier, Kimi Savard, Lashay Franz]
17:54:41.981 [main] INFO api.AvailableMembersApi - Validating members for Survey ID: 25
17:54:41.984 [main] INFO api.AvailableMembersApi - Received response for survey ID 26: Status Code = 200
17:54:42.033 [main] INFO api.AvailableMembersApi - Available names for survey ID 26: [Malissa Arn, Teri Villalobos, Yesenia Conte, Meghann Followell, Lee Harlow, Salvatore Monico, Sunshine Focht, Daina Maine, Ora Housand, Tasia Merritt, Gregory Lucchesi, Drucilla Wilhelm, Mariko Hadfield, Janita Stroman, Margarito Derringer, Sherita Arispe, Everett Northup, Carolin Blauser, Lyla Almanza, Fleta Giampaolo, Cleotilde Mcmiller, Sarai Morelli, Lashanda Abbott, Vernice Soto, Elna Phelan, Temika Huth, Adrianna Fentress, Tayna Rey, Ike Clink, Gaynell Croce, Darlena Farrington, Cherryl Carolina, Zoe Solar, Anjanette Krupp, Janiece Silvernail, Viola Blackstock, Elane Martinelli, Rachell Ankrom, Kyla Kays, Alton Smedley, Voncile Hayner, Bebe Lehmkuhl, Inell Ruoff, Onita Holloway, Norman Castilleja, Delmar Tourville, Audry Berends, Zoraida Faulkner, Kellee Maddy, Florencio Muller, Jo Dettman, Rosanne Trezza, Maryland Benedict, Mirtha Conine, Kristin Ponton, Flossie Pangburn, Yuko Steffes, Dixie Darsey, Kendrick Preston, Cari Pizzo, Ellamae Tallon, Abbie Kreidler, Dustin Arterburn, Catrice Lenton, Laila Holdren, Yang Soriano, Jon Shultis, Julian Clapper, Myles Cooke, Marcelle Herzog, Xochitl Calderwood, Jarvis Millar, Lekisha Hinnenkamp, Angelia Keebler, Clementina Gormley, Joslyn Keen, Verla Bearse, Cassaundra Loar, Ji Lamarche, Lilliam Mcghie, Alona Redel, Heidi Gravelle, Buck Slawson, Lindsay Henline, Mimi Winsor, Maxine Clauson, Lena Galusha, Talisha Geise, Georgia Cincotta, Candis Gapinski, Cornelia Laney, Jere Routh, Archie Branning, Tomi Athey, Matha Beard, Bud Mclarty, Marlana Gillard, Elvis Leatherwood, Meaghan Macinnis, Lezlie Luckey, Mozelle Reddy, Olene Ledgerwood, Shanda Cromer, Venice Sherry, Ron Copher, Arminda Valentino, Charlyn Haggerty, Elba Farr, Angelika March, Tyler Galbraith, Marylynn Chauvin, Luisa Ohm, Bette Carlos, Rocco Blubaugh, Alexandria Jantz, Winston Hemby, Tami Jepson, Anamaria Headrick, Nereida Truman, Hipolito Rowlands, Porter Marcinkowski, Bonny Forester, Rutha Crotty, Damion Wysocki, Wayne Basler, Joie Sly, Chas Arline, Ellie Duca, Adela Slusher, Jammie Rapp, Bess Hugo, Marlin Holm, Mignon Carnes, Dani Stroop, Maddie Mccusker, Herschel Sena, Ora Suddeth, Ted Broome, Birgit Mcglade, Heidi Poplawski, Nelia Abrams, Adan Carden, Leanna Mazer, Kesha Shoop, Elza Aumick, Terence Grothe, Markita Brymer, Jazmine Mccolley, Alpha Hundley, Scot Hollis, Naoma Whitman, Miyoko Pinto, Isaura Morton, Leia Amico, Simon Polinsky, Yulanda Marsden, Chloe Florey, Bernice Corcoran, Christine Parkinson, Marlys Matteson, Estella Lavallie, Madie Bhatti, Delpha Tharrington, Elwood Cortez, Celeste Mahmood, Flor Hallock, Brigitte Rahm, Corazon Bohan, Cynthia Gines, Noble Krom, Rosalind Daniele, Margareta Ku, Sherrie Rivero, Mandi Swartwood, Ricky Latimer, Clara Villegas, Tyrone Antonio, Noah Deppen, Nelle Goodlow, Yesenia Tillett, Lynell Lando, Loreen Morel, Valentina Nitti, Cara Rakowski, Silas Chickering, Marguerite Schuman, Thuy Decamp, Ian Reising, Rufus Hanshaw, Irma Encarnacion, Leoma Mazzei, Latesha Marini, Mallory Segarra, Torrie Harnois, Parker Forrest, Kimi Savard, Lashay Franz]
17:54:42.033 [main] INFO api.AvailableMembersApi - Validating members for Survey ID: 26
17:54:42.036 [main] INFO api.AvailableMembersApi - Received response for survey ID 27: Status Code = 200
17:54:42.042 [main] INFO api.AvailableMembersApi - Available names for survey ID 27: [Malissa Arn, Teri Villalobos, Yesenia Conte, Meghann Followell, Lee Harlow, Salvatore Monico, Sunshine Focht, Daina Maine, Ora Housand, Gregory Lucchesi, Jaquelyn Levett, Janita Stroman, Margarito Derringer, Sherita Arispe, Everett Northup, Micah Shirley, Wilhelmina Hibdon, Carolin Blauser, Lyla Almanza, Chere Gamino, Fleta Giampaolo, Cleotilde Mcmiller, Sarai Morelli, Lashanda Abbott, Jeffry Dynes, Vernice Soto, Elna Phelan, Temika Huth, Adrianna Fentress, Tayna Rey, Ike Clink, Gaynell Croce, Darlena Farrington, Zoe Solar, Anjanette Krupp, Janiece Silvernail, Ivey Buskey, Elane Martinelli, Rachell Ankrom, Kyla Kays, Voncile Hayner, Bebe Lehmkuhl, Inell Ruoff, Norman Castilleja, Delmar Tourville, Audry Berends, Zoraida Faulkner, Kellee Maddy, Florencio Muller, Jo Dettman, Rosanne Trezza, Maryland Benedict, Kristin Ponton, Flossie Pangburn, Yuko Steffes, Dixie Darsey, Kendrick Preston, Cari Pizzo, Ellamae Tallon, Abbie Kreidler, Dustin Arterburn, Catrice Lenton, Laila Holdren, Yang Soriano, Jon Shultis, Julian Clapper, Rheba Corbett, Marcelle Herzog, Leila Odle, Abby Peevy, Jarvis Millar, Lekisha Hinnenkamp, Angelia Keebler, Clementina Gormley, Joslyn Keen, Verla Bearse, Cassaundra Loar, Ji Lamarche, Lilliam Mcghie, Alona Redel, Heidi Gravelle, Buck Slawson, Lindsay Henline, Mimi Winsor, Maxine Clauson, Lena Galusha, Talisha Geise, Stacie Austria, Georgia Cincotta, Candis Gapinski, Cyrstal Robb, Cornelia Laney, Jere Routh, Archie Branning, Tomi Athey, Matha Beard, Bud Mclarty, Marlana Gillard, Elvis Leatherwood, Hellen Macrae, Meaghan Macinnis, Lezlie Luckey, Mozelle Reddy, Olene Ledgerwood, Shanda Cromer, Venice Sherry, Ron Copher, Arminda Valentino, Carolann Bronson, Charlyn Haggerty, Elba Farr, Angelika March, Tyler Galbraith, Marylynn Chauvin, Luisa Ohm, Bette Carlos, Rocco Blubaugh, Alexandria Jantz, Winston Hemby, Tami Jepson, Anamaria Headrick, Nereida Truman, Hipolito Rowlands, Porter Marcinkowski, Bonny Forester, Rutha Crotty, Damion Wysocki, Colton Moschella, Joie Sly, Takisha Demo, Chas Arline, Ellie Duca, Adela Slusher, Daniell Nicklas, Jammie Rapp, Bess Hugo, Marlin Holm, Mignon Carnes, Carey Baley, Dani Stroop, Maddie Mccusker, Herschel Sena, Ora Suddeth, Ted Broome, Birgit Mcglade, Heidi Poplawski, Carmen Ireland, Nelia Abrams, Adan Carden, Leanna Mazer, Kesha Shoop, Elza Aumick, Terence Grothe, Markita Brymer, Jazmine Mccolley, Alpha Hundley, Marcelina Koger, Naoma Whitman, Alfredia Semon, Miyoko Pinto, Isaura Morton, Leia Amico, Simon Polinsky, Yulanda Marsden, Chloe Florey, Bernice Corcoran, Christine Parkinson, Marlys Matteson, Estella Lavallie, Madie Bhatti, Elwood Cortez, Sanjuanita Brotzman, Celeste Mahmood, Flor Hallock, Brigitte Rahm, Corazon Bohan, Cynthia Gines, Noble Krom, Rosalind Daniele, Margareta Ku, Sherrie Rivero, Mandi Swartwood, Ricky Latimer, Clara Villegas, Tyrone Antonio, Noah Deppen, Nelle Goodlow, Yesenia Tillett, Lynell Lando, Valentina Nitti, Cara Rakowski, Silas Chickering, Thuy Decamp, Ian Reising, Rufus Hanshaw, Irma Encarnacion, Leoma Mazzei, Torrie Harnois, Parker Forrest, Jed Frazier, Kimi Savard, Lashay Franz]
17:54:42.043 [main] INFO api.AvailableMembersApi - Validating members for Survey ID: 27
17:54:42.045 [main] INFO api.AvailableMembersApi - Received response for survey ID 28: Status Code = 200
17:54:42.051 [main] INFO api.AvailableMembersApi - Available names for survey ID 28: [Malissa Arn, Teri Villalobos, Yesenia Conte, Meghann Followell, Lee Harlow, Salvatore Monico, Sunshine Focht, Daina Maine, Tasia Merritt, Drucilla Wilhelm, Mariko Hadfield, Janita Stroman, Margarito Derringer, Everett Northup, Micah Shirley, Wilhelmina Hibdon, Carolin Blauser, Lyla Almanza, Chere Gamino, Fleta Giampaolo, Cleotilde Mcmiller, Sarai Morelli, Jeffry Dynes, Elna Phelan, Temika Huth, Adrianna Fentress, Tayna Rey, Ike Clink, Gaynell Croce, Darlena Farrington, Zoe Solar, Anjanette Krupp, Janiece Silvernail, Ivey Buskey, Viola Blackstock, Elane Martinelli, Rachell Ankrom, Kyla Kays, Voncile Hayner, Bebe Lehmkuhl, Inell Ruoff, Onita Holloway, Norman Castilleja, Delmar Tourville, Audry Berends, Kellee Maddy, Florencio Muller, Jo Dettman, Rosanne Trezza, Maryland Benedict, Kristin Ponton, Flossie Pangburn, Yuko Steffes, Dixie Darsey, Kendrick Preston, Cari Pizzo, Ellamae Tallon, Dustin Arterburn, Catrice Lenton, Laila Holdren, Yang Soriano, Jon Shultis, Myles Cooke, Rheba Corbett, Marcelle Herzog, Xochitl Calderwood, Leila Odle, Abby Peevy, Jarvis Millar, Lekisha Hinnenkamp, Angelia Keebler, Clementina Gormley, Joslyn Keen, Verla Bearse, Cassaundra Loar, Ji Lamarche, Lilliam Mcghie, Alona Redel, Heidi Gravelle, Buck Slawson, Lindsay Henline, Mimi Winsor, Talisha Geise, Stacie Austria, Georgia Cincotta, Candis Gapinski, Cyrstal Robb, Cornelia Laney, Jere Routh, Archie Branning, Tomi Athey, Matha Beard, Bud Mclarty, Marlana Gillard, Elvis Leatherwood, Hellen Macrae, Meaghan Macinnis, Lezlie Luckey, Mozelle Reddy, Olene Ledgerwood, Shanda Cromer, Venice Sherry, Ron Copher, Arminda Valentino, Carolann Bronson, Charlyn Haggerty, Isaac Linebaugh, Elba Farr, Tyler Galbraith, Marylynn Chauvin, Luisa Ohm, Bette Carlos, Alexandria Jantz, Winston Hemby, Tami Jepson, Anamaria Headrick, Nereida Truman, Hipolito Rowlands, Porter Marcinkowski, Bonny Forester, Damion Wysocki, Colton Moschella, Wayne Basler, Joie Sly, Takisha Demo, Chas Arline, Joya Bristol, Neida Vartanian, Ellie Duca, Adela Slusher, Jammie Rapp, Bess Hugo, Marlin Holm, Mignon Carnes, Carey Baley, Dani Stroop, Maddie Mccusker, Herschel Sena, Ora Suddeth, Birgit Mcglade, Carmen Ireland, Nelia Abrams, Adan Carden, Leanna Mazer, Kesha Shoop, Terence Grothe, Jazmine Mccolley, Scot Hollis, Marcelina Koger, Naoma Whitman, Alfredia Semon, Miyoko Pinto, Isaura Morton, Leia Amico, Simon Polinsky, Chloe Florey, Bernice Corcoran, Marlys Matteson, Estella Lavallie, Madie Bhatti, Delpha Tharrington, Elwood Cortez, Sanjuanita Brotzman, Celeste Mahmood, Flor Hallock, Brigitte Rahm, Corazon Bohan, Cynthia Gines, Noble Krom, Rosalind Daniele, Sherrie Rivero, Mandi Swartwood, Ricky Latimer, Clara Villegas, Tyrone Antonio, Noah Deppen, Nelle Goodlow, Yesenia Tillett, Lynell Lando, Loreen Morel, Valentina Nitti, Cara Rakowski, Silas Chickering, Marguerite Schuman, Thuy Decamp, Ian Reising, Rufus Hanshaw, Leoma Mazzei, Latesha Marini, Mallory Segarra, Torrie Harnois, Parker Forrest, Kimi Savard, Lashay Franz]
17:54:42.051 [main] INFO api.AvailableMembersApi - Validating members for Survey ID: 28
17:54:42.054 [main] INFO api.AvailableMembersApi - Received response for survey ID 29: Status Code = 200
17:54:42.063 [main] INFO api.AvailableMembersApi - Available names for survey ID 29: [Malissa Arn, Teri Villalobos, Yesenia Conte, Meghann Followell, Lee Harlow, Salvatore Monico, Sunshine Focht, Daina Maine, Ora Housand, Gregory Lucchesi, Drucilla Wilhelm, Jaquelyn Levett, Janita Stroman, Margarito Derringer, Sherita Arispe, Everett Northup, Micah Shirley, Wilhelmina Hibdon, Carolin Blauser, Lyla Almanza, Chere Gamino, Fleta Giampaolo, Cleotilde Mcmiller, Sarai Morelli, Jeffry Dynes, Vernice Soto, Elna Phelan, Temika Huth, Adrianna Fentress, Tayna Rey, Ike Clink, Gaynell Croce, Darlena Farrington, Cherryl Carolina, Zoe Solar, Anjanette Krupp, Ivey Buskey, Viola Blackstock, Elane Martinelli, Rachell Ankrom, Kyla Kays, Alton Smedley, Voncile Hayner, Bebe Lehmkuhl, Inell Ruoff, Onita Holloway, Norman Castilleja, Delmar Tourville, Audry Berends, Zoraida Faulkner, Kellee Maddy, Florencio Muller, Jo Dettman, Rosanne Trezza, Mirtha Conine, Kristin Ponton, Flossie Pangburn, Yuko Steffes, Dixie Darsey, Cari Pizzo, Ellamae Tallon, Abbie Kreidler, Dustin Arterburn, Catrice Lenton, Laila Holdren, Jon Shultis, Rheba Corbett, Marcelle Herzog, Xochitl Calderwood, Leila Odle, Abby Peevy, Jarvis Millar, Lekisha Hinnenkamp, Angelia Keebler, Clementina Gormley, Joslyn Keen, Verla Bearse, Cassaundra Loar, Ji Lamarche, Lilliam Mcghie, Alona Redel, Heidi Gravelle, Buck Slawson, Lindsay Henline, Mimi Winsor, Maxine Clauson, Lena Galusha, Talisha Geise, Stacie Austria, Georgia Cincotta, Candis Gapinski, Cyrstal Robb, Cornelia Laney, Archie Branning, Tomi Athey, Matha Beard, Bud Mclarty, Marlana Gillard, Elvis Leatherwood, Hellen Macrae, Meaghan Macinnis, Lezlie Luckey, Mozelle Reddy, Olene Ledgerwood, Shanda Cromer, Venice Sherry, Arminda Valentino, Carolann Bronson, Charlyn Haggerty, Elba Farr, Angelika March, Tyler Galbraith, Marylynn Chauvin, Luisa Ohm, Bette Carlos, Rocco Blubaugh, Alexandria Jantz, Winston Hemby, Tami Jepson, Nereida Truman, Hipolito Rowlands, Porter Marcinkowski, Bonny Forester, Colton Moschella, Wayne Basler, Takisha Demo, Joya Bristol, Neida Vartanian, Ellie Duca, Adela Slusher, Daniell Nicklas, Jammie Rapp, Bess Hugo, Marlin Holm, Mignon Carnes, Carey Baley, Dani Stroop, Maddie Mccusker, Herschel Sena, Ora Suddeth, Ted Broome, Birgit Mcglade, Heidi Poplawski, Carmen Ireland, Nelia Abrams, Leanna Mazer, Kesha Shoop, Elza Aumick, Terence Grothe, Markita Brymer, Jazmine Mccolley, Marcelina Koger, Naoma Whitman, Alfredia Semon, Miyoko Pinto, Isaura Morton, Leia Amico, Simon Polinsky, Yulanda Marsden, Chloe Florey, Bernice Corcoran, Christine Parkinson, Estella Lavallie, Madie Bhatti, Elwood Cortez, Sanjuanita Brotzman, Celeste Mahmood, Flor Hallock, Brigitte Rahm, Corazon Bohan, Cynthia Gines, Noble Krom, Margareta Ku, Sherrie Rivero, Mandi Swartwood, Clara Villegas, Tyrone Antonio, Noah Deppen, Nelle Goodlow, Yesenia Tillett, Lynell Lando, Loreen Morel, Valentina Nitti, Cara Rakowski, Silas Chickering, Marguerite Schuman, Thuy Decamp, Ian Reising, Rufus Hanshaw, Irma Encarnacion, Leoma Mazzei, Latesha Marini, Mallory Segarra, Torrie Harnois, Parker Forrest, Jed Frazier, Kimi Savard, Lashay Franz]
17:54:42.063 [main] INFO api.AvailableMembersApi - Validating members for Survey ID: 29
17:54:42.065 [main] INFO api.AvailableMembersApi - Received response for survey ID 30: Status Code = 200
17:54:42.080 [main] INFO api.AvailableMembersApi - Available names for survey ID 30: [Malissa Arn, Yesenia Conte, Meghann Followell, Salvatore Monico, Sunshine Focht, Ora Housand, Tasia Merritt, Gregory Lucchesi, Drucilla Wilhelm, Jaquelyn Levett, Mariko Hadfield, Janita Stroman, Margarito Derringer, Sherita Arispe, Everett Northup, Micah Shirley, Wilhelmina Hibdon, Carolin Blauser, Lyla Almanza, Chere Gamino, Fleta Giampaolo, Cleotilde Mcmiller, Lashanda Abbott, Jeffry Dynes, Vernice Soto, Elna Phelan, Temika Huth, Adrianna Fentress, Tayna Rey, Ike Clink, Gaynell Croce, Darlena Farrington, Cherryl Carolina, Zoe Solar, Anjanette Krupp, Janiece Silvernail, Ivey Buskey, Viola Blackstock, Elane Martinelli, Rachell Ankrom, Kyla Kays, Alton Smedley, Voncile Hayner, Bebe Lehmkuhl, Inell Ruoff, Onita Holloway, Norman Castilleja, Audry Berends, Kellee Maddy, Jo Dettman, Rosanne Trezza, Maryland Benedict, Kristin Ponton, Flossie Pangburn, Yuko Steffes, Dixie Darsey, Kendrick Preston, Ellamae Tallon, Abbie Kreidler, Catrice Lenton, Laila Holdren, Yang Soriano, Jon Shultis, Julian Clapper, Rheba Corbett, Marcelle Herzog, Xochitl Calderwood, Leila Odle, Abby Peevy, Jarvis Millar, Lekisha Hinnenkamp, Angelia Keebler, Clementina Gormley, Joslyn Keen, Verla Bearse, Cassaundra Loar, Ji Lamarche, Alona Redel, Heidi Gravelle, Buck Slawson, Lindsay Henline, Mimi Winsor, Maxine Clauson, Lena Galusha, Talisha Geise, Stacie Austria, Georgia Cincotta, Candis Gapinski, Cyrstal Robb, Cornelia Laney, Archie Branning, Tomi Athey, Matha Beard, Bud Mclarty, Marlana Gillard, Elvis Leatherwood, Meaghan Macinnis, Lezlie Luckey, Mozelle Reddy, Shanda Cromer, Venice Sherry, Ron Copher, Arminda Valentino, Carolann Bronson, Charlyn Haggerty, Isaac Linebaugh, Elba Farr, Angelika March, Tyler Galbraith, Marylynn Chauvin, Luisa Ohm, Bette Carlos, Rocco Blubaugh, Alexandria Jantz, Winston Hemby, Anamaria Headrick, Nereida Truman, Hipolito Rowlands, Porter Marcinkowski, Bonny Forester, Rutha Crotty, Damion Wysocki, Colton Moschella, Wayne Basler, Joie Sly, Takisha Demo, Chas Arline, Joya Bristol, Neida Vartanian, Ellie Duca, Adela Slusher, Daniell Nicklas, Jammie Rapp, Bess Hugo, Marlin Holm, Mignon Carnes, Carey Baley, Dani Stroop, Maddie Mccusker, Ora Suddeth, Ted Broome, Birgit Mcglade, Heidi Poplawski, Carmen Ireland, Adan Carden, Leanna Mazer, Kesha Shoop, Elza Aumick, Terence Grothe, Markita Brymer, Jazmine Mccolley, Alpha Hundley, Scot Hollis, Marcelina Koger, Naoma Whitman, Alfredia Semon, Miyoko Pinto, Isaura Morton, Leia Amico, Yulanda Marsden, Bernice Corcoran, Christine Parkinson, Marlys Matteson, Estella Lavallie, Madie Bhatti, Delpha Tharrington, Elwood Cortez, Sanjuanita Brotzman, Celeste Mahmood, Flor Hallock, Brigitte Rahm, Corazon Bohan, Cynthia Gines, Noble Krom, Rosalind Daniele, Margareta Ku, Sherrie Rivero, Mandi Swartwood, Ricky Latimer, Clara Villegas, Tyrone Antonio, Noah Deppen, Nelle Goodlow, Yesenia Tillett, Lynell Lando, Loreen Morel, Valentina Nitti, Cara Rakowski, Silas Chickering, Marguerite Schuman, Thuy Decamp, Rufus Hanshaw, Irma Encarnacion, Latesha Marini, Mallory Segarra, Torrie Harnois, Jed Frazier, Kimi Savard, Lashay Franz]
17:54:42.080 [main] INFO api.AvailableMembersApi - Validating members for Survey ID: 30
17:54:42.084 [main] INFO api.AvailableMembersApi - Received response for survey ID 31: Status Code = 200
17:54:42.098 [main] INFO api.AvailableMembersApi - Available names for survey ID 31: [Malissa Arn, Teri Villalobos, Yesenia Conte, Meghann Followell, Lee Harlow, Salvatore Monico, Sunshine Focht, Daina Maine, Ora Housand, Gregory Lucchesi, Drucilla Wilhelm, Jaquelyn Levett, Mariko Hadfield, Janita Stroman, Margarito Derringer, Everett Northup, Micah Shirley, Wilhelmina Hibdon, Carolin Blauser, Lyla Almanza, Chere Gamino, Fleta Giampaolo, Cleotilde Mcmiller, Sarai Morelli, Lashanda Abbott, Jeffry Dynes, Vernice Soto, Elna Phelan, Temika Huth, Adrianna Fentress, Tayna Rey, Ike Clink, Gaynell Croce, Darlena Farrington, Cherryl Carolina, Zoe Solar, Anjanette Krupp, Janiece Silvernail, Ivey Buskey, Viola Blackstock, Elane Martinelli, Rachell Ankrom, Kyla Kays, Alton Smedley, Voncile Hayner, Bebe Lehmkuhl, Inell Ruoff, Delmar Tourville, Audry Berends, Zoraida Faulkner, Kellee Maddy, Florencio Muller, Jo Dettman, Rosanne Trezza, Maryland Benedict, Mirtha Conine, Kristin Ponton, Flossie Pangburn, Yuko Steffes, Dixie Darsey, Cari Pizzo, Ellamae Tallon, Abbie Kreidler, Dustin Arterburn, Catrice Lenton, Laila Holdren, Yang Soriano, Jon Shultis, Julian Clapper, Myles Cooke, Rheba Corbett, Marcelle Herzog, Xochitl Calderwood, Abby Peevy, Jarvis Millar, Lekisha Hinnenkamp, Clementina Gormley, Joslyn Keen, Verla Bearse, Cassaundra Loar, Ji Lamarche, Lilliam Mcghie, Alona Redel, Heidi Gravelle, Buck Slawson, Lindsay Henline, Mimi Winsor, Maxine Clauson, Lena Galusha, Talisha Geise, Stacie Austria, Georgia Cincotta, Candis Gapinski, Cyrstal Robb, Cornelia Laney, Jere Routh, Archie Branning, Tomi Athey, Matha Beard, Bud Mclarty, Elvis Leatherwood, Hellen Macrae, Meaghan Macinnis, Lezlie Luckey, Mozelle Reddy, Olene Ledgerwood, Shanda Cromer, Venice Sherry, Ron Copher, Arminda Valentino, Carolann Bronson, Charlyn Haggerty, Isaac Linebaugh, Elba Farr, Tyler Galbraith, Marylynn Chauvin, Luisa Ohm, Rocco Blubaugh, Alexandria Jantz, Tami Jepson, Anamaria Headrick, Nereida Truman, Hipolito Rowlands, Porter Marcinkowski, Bonny Forester, Rutha Crotty, Damion Wysocki, Colton Moschella, Wayne Basler, Joie Sly, Takisha Demo, Chas Arline, Joya Bristol, Neida Vartanian, Ellie Duca, Adela Slusher, Daniell Nicklas, Jammie Rapp, Bess Hugo, Marlin Holm, Mignon Carnes, Carey Baley, Dani Stroop, Maddie Mccusker, Herschel Sena, Ora Suddeth, Ted Broome, Birgit Mcglade, Heidi Poplawski, Carmen Ireland, Nelia Abrams, Adan Carden, Leanna Mazer, Elza Aumick, Terence Grothe, Markita Brymer, Jazmine Mccolley, Alpha Hundley, Scot Hollis, Marcelina Koger, Naoma Whitman, Alfredia Semon, Miyoko Pinto, Isaura Morton, Leia Amico, Simon Polinsky, Chloe Florey, Bernice Corcoran, Christine Parkinson, Marlys Matteson, Estella Lavallie, Madie Bhatti, Delpha Tharrington, Elwood Cortez, Sanjuanita Brotzman, Celeste Mahmood, Flor Hallock, Brigitte Rahm, Corazon Bohan, Cynthia Gines, Noble Krom, Margareta Ku, Sherrie Rivero, Mandi Swartwood, Ricky Latimer, Clara Villegas, Tyrone Antonio, Noah Deppen, Nelle Goodlow, Yesenia Tillett, Lynell Lando, Loreen Morel, Valentina Nitti, Cara Rakowski, Silas Chickering, Marguerite Schuman, Thuy Decamp, Ian Reising, Rufus Hanshaw, Irma Encarnacion, Leoma Mazzei, Latesha Marini, Mallory Segarra, Parker Forrest, Jed Frazier, Kimi Savard, Lashay Franz]
17:54:42.098 [main] INFO api.AvailableMembersApi - Validating members for Survey ID: 31
17:54:42.102 [main] INFO api.AvailableMembersApi - Received response for survey ID 32: Status Code = 200
17:54:42.111 [main] INFO api.AvailableMembersApi - Available names for survey ID 32: [Malissa Arn, Teri Villalobos, Yesenia Conte, Meghann Followell, Lee Harlow, Salvatore Monico, Sunshine Focht, Daina Maine, Ora Housand, Tasia Merritt, Drucilla Wilhelm, Jaquelyn Levett, Janita Stroman, Margarito Derringer, Sherita Arispe, Everett Northup, Micah Shirley, Wilhelmina Hibdon, Carolin Blauser, Chere Gamino, Fleta Giampaolo, Sarai Morelli, Lashanda Abbott, Jeffry Dynes, Vernice Soto, Elna Phelan, Temika Huth, Adrianna Fentress, Ike Clink, Darlena Farrington, Zoe Solar, Anjanette Krupp, Janiece Silvernail, Ivey Buskey, Elane Martinelli, Rachell Ankrom, Kyla Kays, Voncile Hayner, Bebe Lehmkuhl, Inell Ruoff, Onita Holloway, Delmar Tourville, Audry Berends, Zoraida Faulkner, Kellee Maddy, Florencio Muller, Jo Dettman, Rosanne Trezza, Maryland Benedict, Mirtha Conine, Flossie Pangburn, Yuko Steffes, Dixie Darsey, Kendrick Preston, Cari Pizzo, Ellamae Tallon, Abbie Kreidler, Dustin Arterburn, Catrice Lenton, Laila Holdren, Yang Soriano, Jon Shultis, Julian Clapper, Myles Cooke, Rheba Corbett, Marcelle Herzog, Xochitl Calderwood, Leila Odle, Abby Peevy, Jarvis Millar, Lekisha Hinnenkamp, Angelia Keebler, Clementina Gormley, Joslyn Keen, Verla Bearse, Cassaundra Loar, Lilliam Mcghie, Alona Redel, Heidi Gravelle, Buck Slawson, Mimi Winsor, Maxine Clauson, Talisha Geise, Stacie Austria, Georgia Cincotta, Candis Gapinski, Cyrstal Robb, Cornelia Laney, Jere Routh, Archie Branning, Tomi Athey, Matha Beard, Marlana Gillard, Elvis Leatherwood, Hellen Macrae, Lezlie Luckey, Mozelle Reddy, Shanda Cromer, Venice Sherry, Ron Copher, Carolann Bronson, Charlyn Haggerty, Isaac Linebaugh, Elba Farr, Angelika March, Tyler Galbraith, Marylynn Chauvin, Luisa Ohm, Bette Carlos, Rocco Blubaugh, Alexandria Jantz, Winston Hemby, Tami Jepson, Anamaria Headrick, Nereida Truman, Hipolito Rowlands, Porter Marcinkowski, Bonny Forester, Rutha Crotty, Damion Wysocki, Colton Moschella, Wayne Basler, Joie Sly, Chas Arline, Joya Bristol, Neida Vartanian, Ellie Duca, Adela Slusher, Daniell Nicklas, Jammie Rapp, Bess Hugo, Marlin Holm, Carey Baley, Dani Stroop, Maddie Mccusker, Herschel Sena, Ora Suddeth, Ted Broome, Carmen Ireland, Nelia Abrams, Adan Carden, Leanna Mazer, Elza Aumick, Terence Grothe, Markita Brymer, Jazmine Mccolley, Alpha Hundley, Scot Hollis, Marcelina Koger, Naoma Whitman, Alfredia Semon, Miyoko Pinto, Isaura Morton, Leia Amico, Simon Polinsky, Yulanda Marsden, Chloe Florey, Bernice Corcoran, Christine Parkinson, Marlys Matteson, Estella Lavallie, Madie Bhatti, Delpha Tharrington, Elwood Cortez, Sanjuanita Brotzman, Flor Hallock, Brigitte Rahm, Corazon Bohan, Cynthia Gines, Noble Krom, Rosalind Daniele, Margareta Ku, Sherrie Rivero, Mandi Swartwood, Ricky Latimer, Tyrone Antonio, Noah Deppen, Nelle Goodlow, Yesenia Tillett, Lynell Lando, Loreen Morel, Valentina Nitti, Cara Rakowski, Silas Chickering, Marguerite Schuman, Thuy Decamp, Ian Reising, Rufus Hanshaw, Leoma Mazzei, Latesha Marini, Mallory Segarra, Torrie Harnois, Parker Forrest, Jed Frazier, Kimi Savard, Lashay Franz]
17:54:42.111 [main] INFO api.AvailableMembersApi - Validating members for Survey ID: 32
17:54:42.114 [main] INFO api.AvailableMembersApi - Received response for survey ID 33: Status Code = 200
17:54:42.123 [main] INFO api.AvailableMembersApi - Available names for survey ID 33: [Malissa Arn, Teri Villalobos, Yesenia Conte, Meghann Followell, Lee Harlow, Salvatore Monico, Sunshine Focht, Daina Maine, Ora Housand, Tasia Merritt, Gregory Lucchesi, Drucilla Wilhelm, Jaquelyn Levett, Mariko Hadfield, Janita Stroman, Margarito Derringer, Sherita Arispe, Everett Northup, Micah Shirley, Wilhelmina Hibdon, Carolin Blauser, Lyla Almanza, Chere Gamino, Cleotilde Mcmiller, Sarai Morelli, Lashanda Abbott, Jeffry Dynes, Vernice Soto, Elna Phelan, Temika Huth, Adrianna Fentress, Tayna Rey, Ike Clink, Gaynell Croce, Darlena Farrington, Cherryl Carolina, Zoe Solar, Anjanette Krupp, Janiece Silvernail, Ivey Buskey, Viola Blackstock, Elane Martinelli, Rachell Ankrom, Kyla Kays, Alton Smedley, Voncile Hayner, Bebe Lehmkuhl, Inell Ruoff, Onita Holloway, Norman Castilleja, Delmar Tourville, Audry Berends, Zoraida Faulkner, Kellee Maddy, Florencio Muller, Jo Dettman, Rosanne Trezza, Maryland Benedict, Mirtha Conine, Kristin Ponton, Flossie Pangburn, Yuko Steffes, Dixie Darsey, Kendrick Preston, Cari Pizzo, Ellamae Tallon, Abbie Kreidler, Dustin Arterburn, Laila Holdren, Yang Soriano, Jon Shultis, Julian Clapper, Myles Cooke, Rheba Corbett, Marcelle Herzog, Xochitl Calderwood, Abby Peevy, Jarvis Millar, Lekisha Hinnenkamp, Angelia Keebler, Clementina Gormley, Joslyn Keen, Verla Bearse, Ji Lamarche, Lilliam Mcghie, Alona Redel, Heidi Gravelle, Buck Slawson, Lindsay Henline, Mimi Winsor, Maxine Clauson, Lena Galusha, Talisha Geise, Stacie Austria, Cyrstal Robb, Cornelia Laney, Archie Branning, Tomi Athey, Matha Beard, Bud Mclarty, Marlana Gillard, Elvis Leatherwood, Hellen Macrae, Meaghan Macinnis, Lezlie Luckey, Mozelle Reddy, Olene Ledgerwood, Shanda Cromer, Venice Sherry, Ron Copher, Arminda Valentino, Carolann Bronson, Charlyn Haggerty, Isaac Linebaugh, Elba Farr, Angelika March, Tyler Galbraith, Marylynn Chauvin, Bette Carlos, Rocco Blubaugh, Alexandria Jantz, Winston Hemby, Tami Jepson, Anamaria Headrick, Nereida Truman, Hipolito Rowlands, Porter Marcinkowski, Bonny Forester, Rutha Crotty, Damion Wysocki, Colton Moschella, Wayne Basler, Joie Sly, Takisha Demo, Chas Arline, Joya Bristol, Neida Vartanian, Ellie Duca, Adela Slusher, Daniell Nicklas, Jammie Rapp, Bess Hugo, Marlin Holm, Carey Baley, Maddie Mccusker, Ora Suddeth, Ted Broome, Heidi Poplawski, Carmen Ireland, Nelia Abrams, Adan Carden, Leanna Mazer, Kesha Shoop, Elza Aumick, Terence Grothe, Markita Brymer, Jazmine Mccolley, Alpha Hundley, Scot Hollis, Marcelina Koger, Naoma Whitman, Alfredia Semon, Miyoko Pinto, Isaura Morton, Simon Polinsky, Yulanda Marsden, Chloe Florey, Bernice Corcoran, Christine Parkinson, Marlys Matteson, Estella Lavallie, Madie Bhatti, Sanjuanita Brotzman, Celeste Mahmood, Flor Hallock, Brigitte Rahm, Corazon Bohan, Cynthia Gines, Noble Krom, Rosalind Daniele, Margareta Ku, Sherrie Rivero, Mandi Swartwood, Ricky Latimer, Clara Villegas, Tyrone Antonio, Noah Deppen, Nelle Goodlow, Yesenia Tillett, Lynell Lando, Loreen Morel, Valentina Nitti, Cara Rakowski, Silas Chickering, Marguerite Schuman, Thuy Decamp, Ian Reising, Rufus Hanshaw, Irma Encarnacion, Latesha Marini, Mallory Segarra, Torrie Harnois, Parker Forrest, Jed Frazier, Kimi Savard, Lashay Franz]
17:54:42.123 [main] INFO api.AvailableMembersApi - Validating members for Survey ID: 33
17:54:42.126 [main] INFO api.AvailableMembersApi - Received response for survey ID 34: Status Code = 200
17:54:42.133 [main] INFO api.AvailableMembersApi - Available names for survey ID 34: [Malissa Arn, Teri Villalobos, Yesenia Conte, Meghann Followell, Lee Harlow, Salvatore Monico, Sunshine Focht, Ora Housand, Tasia Merritt, Gregory Lucchesi, Mariko Hadfield, Janita Stroman, Margarito Derringer, Sherita Arispe, Everett Northup, Micah Shirley, Wilhelmina Hibdon, Carolin Blauser, Chere Gamino, Fleta Giampaolo, Cleotilde Mcmiller, Sarai Morelli, Lashanda Abbott, Jeffry Dynes, Vernice Soto, Adrianna Fentress, Tayna Rey, Ike Clink, Gaynell Croce, Darlena Farrington, Cherryl Carolina, Anjanette Krupp, Janiece Silvernail, Ivey Buskey, Viola Blackstock, Elane Martinelli, Rachell Ankrom, Kyla Kays, Alton Smedley, Bebe Lehmkuhl, Inell Ruoff, Onita Holloway, Norman Castilleja, Audry Berends, Zoraida Faulkner, Florencio Muller, Jo Dettman, Rosanne Trezza, Maryland Benedict, Mirtha Conine, Kristin Ponton, Flossie Pangburn, Yuko Steffes, Dixie Darsey, Kendrick Preston, Cari Pizzo, Ellamae Tallon, Abbie Kreidler, Dustin Arterburn, Catrice Lenton, Laila Holdren, Yang Soriano, Jon Shultis, Julian Clapper, Myles Cooke, Rheba Corbett, Marcelle Herzog, Leila Odle, Abby Peevy, Jarvis Millar, Lekisha Hinnenkamp, Angelia Keebler, Clementina Gormley, Joslyn Keen, Verla Bearse, Cassaundra Loar, Ji Lamarche, Lilliam Mcghie, Alona Redel, Heidi Gravelle, Buck Slawson, Lindsay Henline, Mimi Winsor, Maxine Clauson, Lena Galusha, Talisha Geise, Stacie Austria, Georgia Cincotta, Candis Gapinski, Cyrstal Robb, Cornelia Laney, Jere Routh, Tomi Athey, Matha Beard, Bud Mclarty, Marlana Gillard, Elvis Leatherwood, Hellen Macrae, Meaghan Macinnis, Lezlie Luckey, Mozelle Reddy, Olene Ledgerwood, Shanda Cromer, Venice Sherry, Arminda Valentino, Carolann Bronson, Charlyn Haggerty, Elba Farr, Angelika March, Tyler Galbraith, Marylynn Chauvin, Luisa Ohm, Bette Carlos, Rocco Blubaugh, Alexandria Jantz, Winston Hemby, Tami Jepson, Nereida Truman, Hipolito Rowlands, Porter Marcinkowski, Bonny Forester, Rutha Crotty, Damion Wysocki, Colton Moschella, Wayne Basler, Joie Sly, Takisha Demo, Chas Arline, Joya Bristol, Ellie Duca, Adela Slusher, Daniell Nicklas, Jammie Rapp, Bess Hugo, Marlin Holm, Mignon Carnes, Dani Stroop, Maddie Mccusker, Ora Suddeth, Ted Broome, Birgit Mcglade, Heidi Poplawski, Carmen Ireland, Nelia Abrams, Adan Carden, Leanna Mazer, Kesha Shoop, Terence Grothe, Jazmine Mccolley, Alpha Hundley, Scot Hollis, Marcelina Koger, Naoma Whitman, Alfredia Semon, Miyoko Pinto, Isaura Morton, Leia Amico, Simon Polinsky, Yulanda Marsden, Chloe Florey, Bernice Corcoran, Christine Parkinson, Marlys Matteson, Estella Lavallie, Madie Bhatti, Delpha Tharrington, Elwood Cortez, Sanjuanita Brotzman, Celeste Mahmood, Flor Hallock, Brigitte Rahm, Corazon Bohan, Cynthia Gines, Noble Krom, Rosalind Daniele, Margareta Ku, Sherrie Rivero, Mandi Swartwood, Ricky Latimer, Clara Villegas, Tyrone Antonio, Noah Deppen, Yesenia Tillett, Lynell Lando, Valentina Nitti, Cara Rakowski, Silas Chickering, Marguerite Schuman, Thuy Decamp, Ian Reising, Irma Encarnacion, Leoma Mazzei, Latesha Marini, Mallory Segarra, Torrie Harnois, Parker Forrest, Kimi Savard, Lashay Franz]
17:54:42.133 [main] INFO api.AvailableMembersApi - Validating members for Survey ID: 34
17:54:42.135 [main] INFO api.AvailableMembersApi - Received response for survey ID 35: Status Code = 200
17:54:42.142 [main] INFO api.AvailableMembersApi - Available names for survey ID 35: [Malissa Arn, Teri Villalobos, Yesenia Conte, Lee Harlow, Salvatore Monico, Sunshine Focht, Daina Maine, Ora Housand, Tasia Merritt, Gregory Lucchesi, Drucilla Wilhelm, Jaquelyn Levett, Mariko Hadfield, Janita Stroman, Margarito Derringer, Sherita Arispe, Everett Northup, Micah Shirley, Wilhelmina Hibdon, Carolin Blauser, Lyla Almanza, Chere Gamino, Cleotilde Mcmiller, Lashanda Abbott, Jeffry Dynes, Vernice Soto, Elna Phelan, Temika Huth, Tayna Rey, Ike Clink, Gaynell Croce, Darlena Farrington, Zoe Solar, Anjanette Krupp, Ivey Buskey, Viola Blackstock, Elane Martinelli, Rachell Ankrom, Kyla Kays, Alton Smedley, Voncile Hayner, Bebe Lehmkuhl, Onita Holloway, Norman Castilleja, Delmar Tourville, Audry Berends, Zoraida Faulkner, Florencio Muller, Jo Dettman, Rosanne Trezza, Maryland Benedict, Mirtha Conine, Kristin Ponton, Flossie Pangburn, Dixie Darsey, Cari Pizzo, Ellamae Tallon, Abbie Kreidler, Dustin Arterburn, Catrice Lenton, Laila Holdren, Yang Soriano, Jon Shultis, Julian Clapper, Myles Cooke, Rheba Corbett, Marcelle Herzog, Xochitl Calderwood, Leila Odle, Abby Peevy, Jarvis Millar, Lekisha Hinnenkamp, Angelia Keebler, Clementina Gormley, Joslyn Keen, Verla Bearse, Cassaundra Loar, Ji Lamarche, Lilliam Mcghie, Alona Redel, Heidi Gravelle, Buck Slawson, Lindsay Henline, Mimi Winsor, Maxine Clauson, Lena Galusha, Talisha Geise, Stacie Austria, Georgia Cincotta, Candis Gapinski, Cyrstal Robb, Jere Routh, Tomi Athey, Matha Beard, Bud Mclarty, Elvis Leatherwood, Hellen Macrae, Meaghan Macinnis, Lezlie Luckey, Mozelle Reddy, Olene Ledgerwood, Shanda Cromer, Venice Sherry, Ron Copher, Arminda Valentino, Carolann Bronson, Charlyn Haggerty, Isaac Linebaugh, Elba Farr, Angelika March, Tyler Galbraith, Marylynn Chauvin, Luisa Ohm, Bette Carlos, Rocco Blubaugh, Alexandria Jantz, Winston Hemby, Tami Jepson, Anamaria Headrick, Nereida Truman, Hipolito Rowlands, Porter Marcinkowski, Bonny Forester, Rutha Crotty, Damion Wysocki, Colton Moschella, Wayne Basler, Joie Sly, Takisha Demo, Chas Arline, Joya Bristol, Neida Vartanian, Ellie Duca, Adela Slusher, Daniell Nicklas, Jammie Rapp, Bess Hugo, Marlin Holm, Mignon Carnes, Carey Baley, Dani Stroop, Maddie Mccusker, Herschel Sena, Ora Suddeth, Ted Broome, Birgit Mcglade, Heidi Poplawski, Carmen Ireland, Nelia Abrams, Adan Carden, Leanna Mazer, Elza Aumick, Terence Grothe, Markita Brymer, Jazmine Mccolley, Scot Hollis, Marcelina Koger, Naoma Whitman, Alfredia Semon, Miyoko Pinto, Isaura Morton, Leia Amico, Simon Polinsky, Yulanda Marsden, Chloe Florey, Bernice Corcoran, Marlys Matteson, Estella Lavallie, Madie Bhatti, Elwood Cortez, Sanjuanita Brotzman, Celeste Mahmood, Brigitte Rahm, Noble Krom, Rosalind Daniele, Sherrie Rivero, Mandi Swartwood, Clara Villegas, Noah Deppen, Nelle Goodlow, Lynell Lando, Loreen Morel, Cara Rakowski, Silas Chickering, Marguerite Schuman, Thuy Decamp, Ian Reising, Rufus Hanshaw, Irma Encarnacion, Latesha Marini, Mallory Segarra, Torrie Harnois, Parker Forrest, Kimi Savard, Lashay Franz]
17:54:42.142 [main] INFO api.AvailableMembersApi - Validating members for Survey ID: 35
17:54:42.144 [main] INFO api.AvailableMembersApi - Received response for survey ID 36: Status Code = 200
17:54:42.149 [main] INFO api.AvailableMembersApi - Available names for survey ID 36: [Malissa Arn, Teri Villalobos, Yesenia Conte, Meghann Followell, Lee Harlow, Salvatore Monico, Sunshine Focht, Daina Maine, Ora Housand, Tasia Merritt, Drucilla Wilhelm, Jaquelyn Levett, Mariko Hadfield, Janita Stroman, Margarito Derringer, Sherita Arispe, Everett Northup, Micah Shirley, Wilhelmina Hibdon, Carolin Blauser, Chere Gamino, Fleta Giampaolo, Sarai Morelli, Lashanda Abbott, Jeffry Dynes, Elna Phelan, Temika Huth, Adrianna Fentress, Tayna Rey, Ike Clink, Gaynell Croce, Darlena Farrington, Cherryl Carolina, Zoe Solar, Anjanette Krupp, Janiece Silvernail, Ivey Buskey, Viola Blackstock, Elane Martinelli, Rachell Ankrom, Kyla Kays, Alton Smedley, Voncile Hayner, Bebe Lehmkuhl, Inell Ruoff, Onita Holloway, Norman Castilleja, Delmar Tourville, Audry Berends, Zoraida Faulkner, Kellee Maddy, Jo Dettman, Rosanne Trezza, Maryland Benedict, Mirtha Conine, Kristin Ponton, Flossie Pangburn, Yuko Steffes, Dixie Darsey, Kendrick Preston, Cari Pizzo, Ellamae Tallon, Abbie Kreidler, Dustin Arterburn, Catrice Lenton, Laila Holdren, Yang Soriano, Jon Shultis, Julian Clapper, Myles Cooke, Rheba Corbett, Xochitl Calderwood, Leila Odle, Abby Peevy, Jarvis Millar, Lekisha Hinnenkamp, Angelia Keebler, Clementina Gormley, Joslyn Keen, Verla Bearse, Cassaundra Loar, Ji Lamarche, Lilliam Mcghie, Alona Redel, Heidi Gravelle, Buck Slawson, Lindsay Henline, Mimi Winsor, Maxine Clauson, Lena Galusha, Talisha Geise, Georgia Cincotta, Candis Gapinski, Cyrstal Robb, Cornelia Laney, Jere Routh, Archie Branning, Matha Beard, Bud Mclarty, Marlana Gillard, Elvis Leatherwood, Hellen Macrae, Meaghan Macinnis, Lezlie Luckey, Mozelle Reddy, Olene Ledgerwood, Shanda Cromer, Venice Sherry, Ron Copher, Arminda Valentino, Carolann Bronson, Charlyn Haggerty, Isaac Linebaugh, Elba Farr, Tyler Galbraith, Marylynn Chauvin, Luisa Ohm, Bette Carlos, Rocco Blubaugh, Alexandria Jantz, Winston Hemby, Tami Jepson, Anamaria Headrick, Nereida Truman, Hipolito Rowlands, Porter Marcinkowski, Bonny Forester, Rutha Crotty, Damion Wysocki, Colton Moschella, Wayne Basler, Joie Sly, Takisha Demo, Chas Arline, Joya Bristol, Neida Vartanian, Adela Slusher, Daniell Nicklas, Jammie Rapp, Bess Hugo, Mignon Carnes, Carey Baley, Dani Stroop, Maddie Mccusker, Herschel Sena, Ted Broome, Birgit Mcglade, Heidi Poplawski, Carmen Ireland, Nelia Abrams, Adan Carden, Leanna Mazer, Kesha Shoop, Elza Aumick, Markita Brymer, Jazmine Mccolley, Alpha Hundley, Scot Hollis, Marcelina Koger, Alfredia Semon, Miyoko Pinto, Isaura Morton, Leia Amico, Simon Polinsky, Yulanda Marsden, Chloe Florey, Christine Parkinson, Marlys Matteson, Estella Lavallie, Madie Bhatti, Delpha Tharrington, Elwood Cortez, Sanjuanita Brotzman, Flor Hallock, Brigitte Rahm, Corazon Bohan, Cynthia Gines, Noble Krom, Rosalind Daniele, Margareta Ku, Sherrie Rivero, Mandi Swartwood, Ricky Latimer, Clara Villegas, Tyrone Antonio, Noah Deppen, Nelle Goodlow, Yesenia Tillett, Lynell Lando, Loreen Morel, Valentina Nitti, Cara Rakowski, Silas Chickering, Marguerite Schuman, Thuy Decamp, Ian Reising, Rufus Hanshaw, Irma Encarnacion, Leoma Mazzei, Latesha Marini, Mallory Segarra, Torrie Harnois, Parker Forrest, Jed Frazier, Kimi Savard, Lashay Franz]
17:54:42.149 [main] INFO api.AvailableMembersApi - Validating members for Survey ID: 36
17:54:42.151 [main] INFO api.AvailableMembersApi - Received response for survey ID 37: Status Code = 200
17:54:42.157 [main] INFO api.AvailableMembersApi - Available names for survey ID 37: [Malissa Arn, Teri Villalobos, Yesenia Conte, Meghann Followell, Lee Harlow, Salvatore Monico, Sunshine Focht, Daina Maine, Tasia Merritt, Gregory Lucchesi, Jaquelyn Levett, Mariko Hadfield, Janita Stroman, Margarito Derringer, Sherita Arispe, Everett Northup, Micah Shirley, Wilhelmina Hibdon, Carolin Blauser, Lyla Almanza, Chere Gamino, Cleotilde Mcmiller, Sarai Morelli, Lashanda Abbott, Jeffry Dynes, Vernice Soto, Elna Phelan, Temika Huth, Adrianna Fentress, Tayna Rey, Ike Clink, Gaynell Croce, Darlena Farrington, Cherryl Carolina, Zoe Solar, Anjanette Krupp, Janiece Silvernail, Ivey Buskey, Viola Blackstock, Elane Martinelli, Rachell Ankrom, Kyla Kays, Alton Smedley, Voncile Hayner, Bebe Lehmkuhl, Inell Ruoff, Onita Holloway, Norman Castilleja, Delmar Tourville, Audry Berends, Kellee Maddy, Florencio Muller, Jo Dettman, Rosanne Trezza, Maryland Benedict, Kristin Ponton, Flossie Pangburn, Yuko Steffes, Dixie Darsey, Ellamae Tallon, Abbie Kreidler, Dustin Arterburn, Catrice Lenton, Laila Holdren, Yang Soriano, Julian Clapper, Rheba Corbett, Marcelle Herzog, Xochitl Calderwood, Leila Odle, Lekisha Hinnenkamp, Angelia Keebler, Clementina Gormley, Joslyn Keen, Verla Bearse, Cassaundra Loar, Ji Lamarche, Lilliam Mcghie, Alona Redel, Heidi Gravelle, Buck Slawson, Mimi Winsor, Maxine Clauson, Lena Galusha, Talisha Geise, Stacie Austria, Candis Gapinski, Cyrstal Robb, Cornelia Laney, Jere Routh, Archie Branning, Tomi Athey, Matha Beard, Bud Mclarty, Marlana Gillard, Elvis Leatherwood, Hellen Macrae, Meaghan Macinnis, Lezlie Luckey, Mozelle Reddy, Olene Ledgerwood, Venice Sherry, Ron Copher, Arminda Valentino, Carolann Bronson, Charlyn Haggerty, Isaac Linebaugh, Elba Farr, Angelika March, Marylynn Chauvin, Luisa Ohm, Bette Carlos, Rocco Blubaugh, Alexandria Jantz, Winston Hemby, Tami Jepson, Anamaria Headrick, Hipolito Rowlands, Porter Marcinkowski, Bonny Forester, Rutha Crotty, Damion Wysocki, Wayne Basler, Joie Sly, Takisha Demo, Chas Arline, Joya Bristol, Neida Vartanian, Ellie Duca, Adela Slusher, Daniell Nicklas, Jammie Rapp, Marlin Holm, Dani Stroop, Maddie Mccusker, Herschel Sena, Ora Suddeth, Ted Broome, Birgit Mcglade, Heidi Poplawski, Carmen Ireland, Nelia Abrams, Adan Carden, Leanna Mazer, Elza Aumick, Terence Grothe, Markita Brymer, Jazmine Mccolley, Alpha Hundley, Marcelina Koger, Alfredia Semon, Miyoko Pinto, Isaura Morton, Leia Amico, Simon Polinsky, Yulanda Marsden, Chloe Florey, Bernice Corcoran, Christine Parkinson, Marlys Matteson, Estella Lavallie, Madie Bhatti, Delpha Tharrington, Elwood Cortez, Sanjuanita Brotzman, Celeste Mahmood, Flor Hallock, Brigitte Rahm, Corazon Bohan, Cynthia Gines, Noble Krom, Margareta Ku, Sherrie Rivero, Mandi Swartwood, Ricky Latimer, Clara Villegas, Tyrone Antonio, Noah Deppen, Nelle Goodlow, Yesenia Tillett, Lynell Lando, Loreen Morel, Valentina Nitti, Cara Rakowski, Silas Chickering, Marguerite Schuman, Thuy Decamp, Ian Reising, Rufus Hanshaw, Irma Encarnacion, Leoma Mazzei, Latesha Marini, Mallory Segarra, Torrie Harnois, Parker Forrest, Lashay Franz]
17:54:42.157 [main] INFO api.AvailableMembersApi - Validating members for Survey ID: 37
17:54:42.158 [main] INFO api.AvailableMembersApi - Received response for survey ID 38: Status Code = 200
17:54:42.164 [main] INFO api.AvailableMembersApi - Available names for survey ID 38: [Malissa Arn, Teri Villalobos, Meghann Followell, Lee Harlow, Salvatore Monico, Sunshine Focht, Daina Maine, Ora Housand, Tasia Merritt, Gregory Lucchesi, Drucilla Wilhelm, Jaquelyn Levett, Mariko Hadfield, Margarito Derringer, Sherita Arispe, Everett Northup, Micah Shirley, Wilhelmina Hibdon, Carolin Blauser, Lyla Almanza, Chere Gamino, Fleta Giampaolo, Cleotilde Mcmiller, Sarai Morelli, Lashanda Abbott, Jeffry Dynes, Vernice Soto, Elna Phelan, Temika Huth, Adrianna Fentress, Tayna Rey, Gaynell Croce, Darlena Farrington, Cherryl Carolina, Zoe Solar, Anjanette Krupp, Janiece Silvernail, Viola Blackstock, Elane Martinelli, Rachell Ankrom, Kyla Kays, Alton Smedley, Voncile Hayner, Bebe Lehmkuhl, Inell Ruoff, Onita Holloway, Norman Castilleja, Delmar Tourville, Audry Berends, Zoraida Faulkner, Kellee Maddy, Florencio Muller, Jo Dettman, Maryland Benedict, Mirtha Conine, Flossie Pangburn, Yuko Steffes, Dixie Darsey, Kendrick Preston, Cari Pizzo, Abbie Kreidler, Dustin Arterburn, Catrice Lenton, Laila Holdren, Yang Soriano, Jon Shultis, Julian Clapper, Myles Cooke, Rheba Corbett, Marcelle Herzog, Xochitl Calderwood, Leila Odle, Abby Peevy, Jarvis Millar, Lekisha Hinnenkamp, Angelia Keebler, Clementina Gormley, Joslyn Keen, Verla Bearse, Cassaundra Loar, Ji Lamarche, Lilliam Mcghie, Alona Redel, Heidi Gravelle, Buck Slawson, Lindsay Henline, Mimi Winsor, Maxine Clauson, Lena Galusha, Talisha Geise, Stacie Austria, Georgia Cincotta, Candis Gapinski, Cyrstal Robb, Cornelia Laney, Jere Routh, Archie Branning, Tomi Athey, Matha Beard, Bud Mclarty, Marlana Gillard, Hellen Macrae, Meaghan Macinnis, Mozelle Reddy, Olene Ledgerwood, Shanda Cromer, Venice Sherry, Ron Copher, Arminda Valentino, Carolann Bronson, Charlyn Haggerty, Isaac Linebaugh, Elba Farr, Angelika March, Tyler Galbraith, Marylynn Chauvin, Luisa Ohm, Bette Carlos, Rocco Blubaugh, Alexandria Jantz, Anamaria Headrick, Nereida Truman, Hipolito Rowlands, Porter Marcinkowski, Bonny Forester, Rutha Crotty, Damion Wysocki, Wayne Basler, Joie Sly, Takisha Demo, Chas Arline, Joya Bristol, Neida Vartanian, Ellie Duca, Adela Slusher, Daniell Nicklas, Jammie Rapp, Bess Hugo, Mignon Carnes, Carey Baley, Dani Stroop, Herschel Sena, Ora Suddeth, Ted Broome, Heidi Poplawski, Carmen Ireland, Nelia Abrams, Adan Carden, Leanna Mazer, Kesha Shoop, Elza Aumick, Terence Grothe, Markita Brymer, Jazmine Mccolley, Alpha Hundley, Scot Hollis, Marcelina Koger, Naoma Whitman, Alfredia Semon, Miyoko Pinto, Isaura Morton, Leia Amico, Simon Polinsky, Yulanda Marsden, Chloe Florey, Bernice Corcoran, Christine Parkinson, Marlys Matteson, Estella Lavallie, Madie Bhatti, Delpha Tharrington, Elwood Cortez, Sanjuanita Brotzman, Celeste Mahmood, Flor Hallock, Brigitte Rahm, Corazon Bohan, Cynthia Gines, Noble Krom, Rosalind Daniele, Margareta Ku, Sherrie Rivero, Mandi Swartwood, Ricky Latimer, Clara Villegas, Tyrone Antonio, Noah Deppen, Nelle Goodlow, Yesenia Tillett, Lynell Lando, Loreen Morel, Valentina Nitti, Cara Rakowski, Silas Chickering, Rufus Hanshaw, Irma Encarnacion, Leoma Mazzei, Latesha Marini, Mallory Segarra, Torrie Harnois, Parker Forrest, Kimi Savard]
17:54:42.164 [main] INFO api.AvailableMembersApi - Validating members for Survey ID: 38
17:54:42.165 [main] INFO api.AvailableMembersApi - Received response for survey ID 39: Status Code = 200
17:54:42.171 [main] INFO api.AvailableMembersApi - Available names for survey ID 39: [Malissa Arn, Teri Villalobos, Yesenia Conte, Meghann Followell, Lee Harlow, Salvatore Monico, Sunshine Focht, Daina Maine, Ora Housand, Tasia Merritt, Gregory Lucchesi, Drucilla Wilhelm, Jaquelyn Levett, Mariko Hadfield, Janita Stroman, Margarito Derringer, Sherita Arispe, Everett Northup, Micah Shirley, Wilhelmina Hibdon, Carolin Blauser, Lyla Almanza, Chere Gamino, Cleotilde Mcmiller, Sarai Morelli, Lashanda Abbott, Jeffry Dynes, Vernice Soto, Elna Phelan, Temika Huth, Adrianna Fentress, Tayna Rey, Ike Clink, Gaynell Croce, Darlena Farrington, Zoe Solar, Janiece Silvernail, Ivey Buskey, Viola Blackstock, Elane Martinelli, Rachell Ankrom, Kyla Kays, Alton Smedley, Voncile Hayner, Bebe Lehmkuhl, Inell Ruoff, Norman Castilleja, Delmar Tourville, Audry Berends, Zoraida Faulkner, Kellee Maddy, Florencio Muller, Jo Dettman, Maryland Benedict, Mirtha Conine, Kristin Ponton, Flossie Pangburn, Yuko Steffes, Dixie Darsey, Kendrick Preston, Ellamae Tallon, Abbie Kreidler, Catrice Lenton, Laila Holdren, Yang Soriano, Jon Shultis, Julian Clapper, Myles Cooke, Rheba Corbett, Marcelle Herzog, Leila Odle, Abby Peevy, Jarvis Millar, Lekisha Hinnenkamp, Angelia Keebler, Clementina Gormley, Joslyn Keen, Verla Bearse, Cassaundra Loar, Ji Lamarche, Alona Redel, Heidi Gravelle, Buck Slawson, Lindsay Henline, Mimi Winsor, Maxine Clauson, Lena Galusha, Talisha Geise, Stacie Austria, Georgia Cincotta, Candis Gapinski, Cyrstal Robb, Cornelia Laney, Archie Branning, Tomi Athey, Matha Beard, Bud Mclarty, Marlana Gillard, Elvis Leatherwood, Hellen Macrae, Meaghan Macinnis, Lezlie Luckey, Mozelle Reddy, Olene Ledgerwood, Shanda Cromer, Venice Sherry, Ron Copher, Carolann Bronson, Isaac Linebaugh, Elba Farr, Angelika March, Tyler Galbraith, Marylynn Chauvin, Luisa Ohm, Bette Carlos, Rocco Blubaugh, Alexandria Jantz, Winston Hemby, Tami Jepson, Anamaria Headrick, Nereida Truman, Hipolito Rowlands, Porter Marcinkowski, Bonny Forester, Damion Wysocki, Colton Moschella, Joie Sly, Takisha Demo, Joya Bristol, Neida Vartanian, Ellie Duca, Adela Slusher, Daniell Nicklas, Jammie Rapp, Bess Hugo, Marlin Holm, Mignon Carnes, Dani Stroop, Herschel Sena, Ora Suddeth, Ted Broome, Heidi Poplawski, Carmen Ireland, Nelia Abrams, Adan Carden, Leanna Mazer, Kesha Shoop, Elza Aumick, Terence Grothe, Markita Brymer, Jazmine Mccolley, Alpha Hundley, Scot Hollis, Marcelina Koger, Naoma Whitman, Alfredia Semon, Miyoko Pinto, Isaura Morton, Leia Amico, Simon Polinsky, Yulanda Marsden, Chloe Florey, Christine Parkinson, Marlys Matteson, Estella Lavallie, Madie Bhatti, Delpha Tharrington, Elwood Cortez, Sanjuanita Brotzman, Flor Hallock, Brigitte Rahm, Corazon Bohan, Cynthia Gines, Rosalind Daniele, Sherrie Rivero, Ricky Latimer, Clara Villegas, Tyrone Antonio, Noah Deppen, Nelle Goodlow, Yesenia Tillett, Lynell Lando, Loreen Morel, Valentina Nitti, Cara Rakowski, Silas Chickering, Thuy Decamp, Ian Reising, Rufus Hanshaw, Irma Encarnacion, Leoma Mazzei, Latesha Marini, Mallory Segarra, Torrie Harnois, Parker Forrest, Kimi Savard, Lashay Franz]
17:54:42.171 [main] INFO api.AvailableMembersApi - Validating members for Survey ID: 39
17:54:42.174 [main] INFO api.AvailableMembersApi - Received response for survey ID 40: Status Code = 200
17:54:42.184 [main] INFO api.AvailableMembersApi - Available names for survey ID 40: [Malissa Arn, Teri Villalobos, Yesenia Conte, Meghann Followell, Salvatore Monico, Sunshine Focht, Daina Maine, Ora Housand, Tasia Merritt, Gregory Lucchesi, Drucilla Wilhelm, Jaquelyn Levett, Janita Stroman, Margarito Derringer, Sherita Arispe, Everett Northup, Wilhelmina Hibdon, Carolin Blauser, Lyla Almanza, Chere Gamino, Fleta Giampaolo, Cleotilde Mcmiller, Sarai Morelli, Lashanda Abbott, Jeffry Dynes, Vernice Soto, Elna Phelan, Temika Huth, Adrianna Fentress, Tayna Rey, Ike Clink, Gaynell Croce, Darlena Farrington, Cherryl Carolina, Zoe Solar, Janiece Silvernail, Ivey Buskey, Viola Blackstock, Elane Martinelli, Rachell Ankrom, Kyla Kays, Alton Smedley, Voncile Hayner, Bebe Lehmkuhl, Inell Ruoff, Onita Holloway, Norman Castilleja, Delmar Tourville, Audry Berends, Zoraida Faulkner, Kellee Maddy, Florencio Muller, Jo Dettman, Rosanne Trezza, Maryland Benedict, Mirtha Conine, Kristin Ponton, Flossie Pangburn, Yuko Steffes, Dixie Darsey, Kendrick Preston, Cari Pizzo, Ellamae Tallon, Abbie Kreidler, Dustin Arterburn, Catrice Lenton, Laila Holdren, Yang Soriano, Jon Shultis, Julian Clapper, Myles Cooke, Rheba Corbett, Marcelle Herzog, Xochitl Calderwood, Leila Odle, Abby Peevy, Jarvis Millar, Lekisha Hinnenkamp, Angelia Keebler, Clementina Gormley, Cassaundra Loar, Ji Lamarche, Lilliam Mcghie, Alona Redel, Heidi Gravelle, Buck Slawson, Mimi Winsor, Talisha Geise, Stacie Austria, Georgia Cincotta, Candis Gapinski, Cyrstal Robb, Cornelia Laney, Jere Routh, Archie Branning, Tomi Athey, Matha Beard, Bud Mclarty, Marlana Gillard, Elvis Leatherwood, Hellen Macrae, Meaghan Macinnis, Lezlie Luckey, Mozelle Reddy, Olene Ledgerwood, Shanda Cromer, Venice Sherry, Ron Copher, Isaac Linebaugh, Elba Farr, Angelika March, Tyler Galbraith, Marylynn Chauvin, Luisa Ohm, Bette Carlos, Rocco Blubaugh, Winston Hemby, Nereida Truman, Hipolito Rowlands, Porter Marcinkowski, Bonny Forester, Rutha Crotty, Damion Wysocki, Colton Moschella, Wayne Basler, Joie Sly, Takisha Demo, Chas Arline, Joya Bristol, Neida Vartanian, Ellie Duca, Adela Slusher, Daniell Nicklas, Marlin Holm, Mignon Carnes, Carey Baley, Dani Stroop, Maddie Mccusker, Herschel Sena, Ora Suddeth, Ted Broome, Birgit Mcglade, Heidi Poplawski, Carmen Ireland, Nelia Abrams, Adan Carden, Leanna Mazer, Elza Aumick, Terence Grothe, Markita Brymer, Jazmine Mccolley, Alpha Hundley, Scot Hollis, Marcelina Koger, Naoma Whitman, Alfredia Semon, Miyoko Pinto, Isaura Morton, Leia Amico, Simon Polinsky, Yulanda Marsden, Chloe Florey, Bernice Corcoran, Christine Parkinson, Marlys Matteson, Estella Lavallie, Madie Bhatti, Elwood Cortez, Sanjuanita Brotzman, Celeste Mahmood, Flor Hallock, Brigitte Rahm, Corazon Bohan, Cynthia Gines, Noble Krom, Rosalind Daniele, Margareta Ku, Sherrie Rivero, Mandi Swartwood, Ricky Latimer, Clara Villegas, Tyrone Antonio, Noah Deppen, Nelle Goodlow, Yesenia Tillett, Lynell Lando, Loreen Morel, Valentina Nitti, Cara Rakowski, Silas Chickering, Marguerite Schuman, Thuy Decamp, Ian Reising, Rufus Hanshaw, Irma Encarnacion, Leoma Mazzei, Latesha Marini, Torrie Harnois, Parker Forrest, Jed Frazier, Kimi Savard, Lashay Franz]
17:54:42.184 [main] INFO api.AvailableMembersApi - Validating members for Survey ID: 40
17:54:42.186 [main] INFO api.AvailableMembersApi - Received response for survey ID 41: Status Code = 200
17:54:42.195 [main] INFO api.AvailableMembersApi - Available names for survey ID 41: [Malissa Arn, Teri Villalobos, Yesenia Conte, Meghann Followell, Lee Harlow, Salvatore Monico, Sunshine Focht, Ora Housand, Tasia Merritt, Gregory Lucchesi, Jaquelyn Levett, Mariko Hadfield, Janita Stroman, Margarito Derringer, Everett Northup, Micah Shirley, Wilhelmina Hibdon, Carolin Blauser, Lyla Almanza, Chere Gamino, Fleta Giampaolo, Cleotilde Mcmiller, Sarai Morelli, Lashanda Abbott, Jeffry Dynes, Vernice Soto, Elna Phelan, Temika Huth, Adrianna Fentress, Tayna Rey, Ike Clink, Gaynell Croce, Darlena Farrington, Cherryl Carolina, Zoe Solar, Anjanette Krupp, Janiece Silvernail, Ivey Buskey, Viola Blackstock, Elane Martinelli, Rachell Ankrom, Kyla Kays, Alton Smedley, Voncile Hayner, Inell Ruoff, Onita Holloway, Norman Castilleja, Delmar Tourville, Audry Berends, Zoraida Faulkner, Kellee Maddy, Florencio Muller, Jo Dettman, Rosanne Trezza, Maryland Benedict, Mirtha Conine, Kristin Ponton, Flossie Pangburn, Yuko Steffes, Dixie Darsey, Kendrick Preston, Cari Pizzo, Ellamae Tallon, Abbie Kreidler, Dustin Arterburn, Laila Holdren, Yang Soriano, Jon Shultis, Julian Clapper, Myles Cooke, Rheba Corbett, Xochitl Calderwood, Leila Odle, Abby Peevy, Jarvis Millar, Lekisha Hinnenkamp, Angelia Keebler, Clementina Gormley, Joslyn Keen, Verla Bearse, Cassaundra Loar, Ji Lamarche, Lilliam Mcghie, Alona Redel, Heidi Gravelle, Buck Slawson, Lindsay Henline, Mimi Winsor, Maxine Clauson, Talisha Geise, Stacie Austria, Georgia Cincotta, Candis Gapinski, Cornelia Laney, Tomi Athey, Matha Beard, Bud Mclarty, Marlana Gillard, Elvis Leatherwood, Hellen Macrae, Lezlie Luckey, Mozelle Reddy, Olene Ledgerwood, Shanda Cromer, Ron Copher, Arminda Valentino, Carolann Bronson, Charlyn Haggerty, Elba Farr, Angelika March, Marylynn Chauvin, Luisa Ohm, Bette Carlos, Rocco Blubaugh, Alexandria Jantz, Winston Hemby, Tami Jepson, Nereida Truman, Hipolito Rowlands, Porter Marcinkowski, Bonny Forester, Rutha Crotty, Damion Wysocki, Colton Moschella, Wayne Basler, Joie Sly, Takisha Demo, Chas Arline, Joya Bristol, Neida Vartanian, Ellie Duca, Adela Slusher, Daniell Nicklas, Bess Hugo, Marlin Holm, Carey Baley, Maddie Mccusker, Herschel Sena, Ted Broome, Birgit Mcglade, Heidi Poplawski, Carmen Ireland, Nelia Abrams, Adan Carden, Leanna Mazer, Kesha Shoop, Elza Aumick, Terence Grothe, Markita Brymer, Jazmine Mccolley, Alpha Hundley, Scot Hollis, Marcelina Koger, Naoma Whitman, Alfredia Semon, Miyoko Pinto, Isaura Morton, Leia Amico, Simon Polinsky, Yulanda Marsden, Chloe Florey, Bernice Corcoran, Christine Parkinson, Marlys Matteson, Estella Lavallie, Madie Bhatti, Delpha Tharrington, Elwood Cortez, Sanjuanita Brotzman, Celeste Mahmood, Flor Hallock, Corazon Bohan, Cynthia Gines, Noble Krom, Rosalind Daniele, Margareta Ku, Mandi Swartwood, Ricky Latimer, Clara Villegas, Tyrone Antonio, Noah Deppen, Nelle Goodlow, Yesenia Tillett, Lynell Lando, Loreen Morel, Valentina Nitti, Cara Rakowski, Silas Chickering, Marguerite Schuman, Thuy Decamp, Ian Reising, Rufus Hanshaw, Irma Encarnacion, Leoma Mazzei, Latesha Marini, Torrie Harnois, Parker Forrest, Jed Frazier, Kimi Savard, Lashay Franz]
17:54:42.195 [main] INFO api.AvailableMembersApi - Validating members for Survey ID: 41
17:54:42.198 [main] INFO api.AvailableMembersApi - Received response for survey ID 42: Status Code = 200
17:54:42.206 [main] INFO api.AvailableMembersApi - Available names for survey ID 42: [Malissa Arn, Teri Villalobos, Yesenia Conte, Meghann Followell, Lee Harlow, Salvatore Monico, Sunshine Focht, Daina Maine, Ora Housand, Tasia Merritt, Gregory Lucchesi, Drucilla Wilhelm, Jaquelyn Levett, Mariko Hadfield, Janita Stroman, Margarito Derringer, Sherita Arispe, Everett Northup, Micah Shirley, Wilhelmina Hibdon, Carolin Blauser, Lyla Almanza, Fleta Giampaolo, Cleotilde Mcmiller, Lashanda Abbott, Jeffry Dynes, Vernice Soto, Elna Phelan, Temika Huth, Tayna Rey, Ike Clink, Gaynell Croce, Darlena Farrington, Cherryl Carolina, Zoe Solar, Anjanette Krupp, Janiece Silvernail, Viola Blackstock, Elane Martinelli, Rachell Ankrom, Kyla Kays, Alton Smedley, Voncile Hayner, Bebe Lehmkuhl, Onita Holloway, Norman Castilleja, Delmar Tourville, Audry Berends, Zoraida Faulkner, Kellee Maddy, Florencio Muller, Jo Dettman, Maryland Benedict, Mirtha Conine, Flossie Pangburn, Yuko Steffes, Dixie Darsey, Cari Pizzo, Abbie Kreidler, Dustin Arterburn, Catrice Lenton, Laila Holdren, Yang Soriano, Jon Shultis, Julian Clapper, Myles Cooke, Rheba Corbett, Marcelle Herzog, Xochitl Calderwood, Leila Odle, Abby Peevy, Jarvis Millar, Angelia Keebler, Clementina Gormley, Joslyn Keen, Verla Bearse, Cassaundra Loar, Ji Lamarche, Lilliam Mcghie, Heidi Gravelle, Maxine Clauson, Lena Galusha, Talisha Geise, Stacie Austria, Georgia Cincotta, Candis Gapinski, Cyrstal Robb, Cornelia Laney, Jere Routh, Archie Branning, Tomi Athey, Matha Beard, Bud Mclarty, Elvis Leatherwood, Hellen Macrae, Meaghan Macinnis, Lezlie Luckey, Olene Ledgerwood, Shanda Cromer, Venice Sherry, Ron Copher, Arminda Valentino, Carolann Bronson, Charlyn Haggerty, Isaac Linebaugh, Elba Farr, Angelika March, Tyler Galbraith, Marylynn Chauvin, Luisa Ohm, Bette Carlos, Rocco Blubaugh, Alexandria Jantz, Winston Hemby, Tami Jepson, Anamaria Headrick, Nereida Truman, Hipolito Rowlands, Porter Marcinkowski, Bonny Forester, Rutha Crotty, Damion Wysocki, Colton Moschella, Wayne Basler, Joie Sly, Takisha Demo, Chas Arline, Joya Bristol, Neida Vartanian, Ellie Duca, Adela Slusher, Daniell Nicklas, Jammie Rapp, Bess Hugo, Marlin Holm, Mignon Carnes, Carey Baley, Dani Stroop, Herschel Sena, Ora Suddeth, Ted Broome, Birgit Mcglade, Heidi Poplawski, Carmen Ireland, Nelia Abrams, Adan Carden, Leanna Mazer, Kesha Shoop, Elza Aumick, Terence Grothe, Markita Brymer, Jazmine Mccolley, Scot Hollis, Marcelina Koger, Naoma Whitman, Alfredia Semon, Miyoko Pinto, Isaura Morton, Leia Amico, Simon Polinsky, Yulanda Marsden, Chloe Florey, Christine Parkinson, Marlys Matteson, Estella Lavallie, Madie Bhatti, Delpha Tharrington, Elwood Cortez, Sanjuanita Brotzman, Celeste Mahmood, Flor Hallock, Corazon Bohan, Cynthia Gines, Noble Krom, Rosalind Daniele, Margareta Ku, Sherrie Rivero, Mandi Swartwood, Ricky Latimer, Clara Villegas, Noah Deppen, Nelle Goodlow, Yesenia Tillett, Lynell Lando, Loreen Morel, Valentina Nitti, Cara Rakowski, Silas Chickering, Marguerite Schuman, Thuy Decamp, Ian Reising, Rufus Hanshaw, Irma Encarnacion, Leoma Mazzei, Latesha Marini, Mallory Segarra, Torrie Harnois, Parker Forrest, Jed Frazier, Kimi Savard, Lashay Franz]
17:54:42.206 [main] INFO api.AvailableMembersApi - Validating members for Survey ID: 42
17:54:42.208 [main] INFO api.AvailableMembersApi - Received response for survey ID 43: Status Code = 200
17:54:42.217 [main] INFO api.AvailableMembersApi - Available names for survey ID 43: [Malissa Arn, Teri Villalobos, Yesenia Conte, Meghann Followell, Lee Harlow, Salvatore Monico, Sunshine Focht, Daina Maine, Ora Housand, Tasia Merritt, Gregory Lucchesi, Drucilla Wilhelm, Jaquelyn Levett, Mariko Hadfield, Janita Stroman, Margarito Derringer, Everett Northup, Wilhelmina Hibdon, Carolin Blauser, Lyla Almanza, Chere Gamino, Fleta Giampaolo, Cleotilde Mcmiller, Sarai Morelli, Lashanda Abbott, Jeffry Dynes, Vernice Soto, Elna Phelan, Temika Huth, Adrianna Fentress, Tayna Rey, Ike Clink, Gaynell Croce, Darlena Farrington, Cherryl Carolina, Zoe Solar, Anjanette Krupp, Ivey Buskey, Viola Blackstock, Elane Martinelli, Rachell Ankrom, Alton Smedley, Voncile Hayner, Bebe Lehmkuhl, Inell Ruoff, Onita Holloway, Norman Castilleja, Delmar Tourville, Zoraida Faulkner, Kellee Maddy, Florencio Muller, Jo Dettman, Maryland Benedict, Mirtha Conine, Kristin Ponton, Flossie Pangburn, Yuko Steffes, Dixie Darsey, Kendrick Preston, Cari Pizzo, Ellamae Tallon, Abbie Kreidler, Dustin Arterburn, Catrice Lenton, Laila Holdren, Yang Soriano, Julian Clapper, Myles Cooke, Rheba Corbett, Marcelle Herzog, Xochitl Calderwood, Leila Odle, Abby Peevy, Jarvis Millar, Lekisha Hinnenkamp, Angelia Keebler, Joslyn Keen, Verla Bearse, Cassaundra Loar, Ji Lamarche, Alona Redel, Buck Slawson, Lindsay Henline, Mimi Winsor, Maxine Clauson, Talisha Geise, Georgia Cincotta, Candis Gapinski, Cyrstal Robb, Cornelia Laney, Jere Routh, Archie Branning, Tomi Athey, Matha Beard, Bud Mclarty, Marlana Gillard, Elvis Leatherwood, Hellen Macrae, Lezlie Luckey, Shanda Cromer, Venice Sherry, Ron Copher, Arminda Valentino, Carolann Bronson, Charlyn Haggerty, Isaac Linebaugh, Elba Farr, Angelika March, Tyler Galbraith, Marylynn Chauvin, Luisa Ohm, Bette Carlos, Alexandria Jantz, Winston Hemby, Tami Jepson, Anamaria Headrick, Nereida Truman, Hipolito Rowlands, Porter Marcinkowski, Bonny Forester, Damion Wysocki, Wayne Basler, Joie Sly, Takisha Demo, Chas Arline, Joya Bristol, Neida Vartanian, Ellie Duca, Adela Slusher, Bess Hugo, Marlin Holm, Mignon Carnes, Carey Baley, Dani Stroop, Maddie Mccusker, Herschel Sena, Ora Suddeth, Ted Broome, Birgit Mcglade, Carmen Ireland, Nelia Abrams, Adan Carden, Leanna Mazer, Kesha Shoop, Terence Grothe, Markita Brymer, Jazmine Mccolley, Alpha Hundley, Scot Hollis, Marcelina Koger, Naoma Whitman, Alfredia Semon, Miyoko Pinto, Isaura Morton, Leia Amico, Simon Polinsky, Chloe Florey, Bernice Corcoran, Christine Parkinson, Marlys Matteson, Estella Lavallie, Madie Bhatti, Delpha Tharrington, Sanjuanita Brotzman, Celeste Mahmood, Flor Hallock, Brigitte Rahm, Cynthia Gines, Noble Krom, Rosalind Daniele, Margareta Ku, Sherrie Rivero, Mandi Swartwood, Ricky Latimer, Clara Villegas, Noah Deppen, Nelle Goodlow, Yesenia Tillett, Lynell Lando, Loreen Morel, Valentina Nitti, Cara Rakowski, Silas Chickering, Marguerite Schuman, Thuy Decamp, Ian Reising, Rufus Hanshaw, Irma Encarnacion, Leoma Mazzei, Latesha Marini, Mallory Segarra, Torrie Harnois, Parker Forrest, Jed Frazier, Kimi Savard, Lashay Franz]
17:54:42.217 [main] INFO api.AvailableMembersApi - Validating members for Survey ID: 43
17:54:42.220 [main] INFO api.AvailableMembersApi - Received response for survey ID 44: Status Code = 200
17:54:42.228 [main] INFO api.AvailableMembersApi - Available names for survey ID 44: [Malissa Arn, Yesenia Conte, Meghann Followell, Lee Harlow, Sunshine Focht, Daina Maine, Ora Housand, Tasia Merritt, Gregory Lucchesi, Drucilla Wilhelm, Jaquelyn Levett, Janita Stroman, Margarito Derringer, Sherita Arispe, Everett Northup, Micah Shirley, Wilhelmina Hibdon, Carolin Blauser, Lyla Almanza, Chere Gamino, Fleta Giampaolo, Cleotilde Mcmiller, Sarai Morelli, Jeffry Dynes, Vernice Soto, Elna Phelan, Temika Huth, Tayna Rey, Ike Clink, Gaynell Croce, Darlena Farrington, Cherryl Carolina, Zoe Solar, Anjanette Krupp, Janiece Silvernail, Ivey Buskey, Viola Blackstock, Elane Martinelli, Rachell Ankrom, Alton Smedley, Voncile Hayner, Bebe Lehmkuhl, Inell Ruoff, Onita Holloway, Delmar Tourville, Audry Berends, Zoraida Faulkner, Florencio Muller, Jo Dettman, Rosanne Trezza, Maryland Benedict, Mirtha Conine, Kristin Ponton, Yuko Steffes, Dixie Darsey, Ellamae Tallon, Dustin Arterburn, Catrice Lenton, Yang Soriano, Jon Shultis, Julian Clapper, Myles Cooke, Rheba Corbett, Marcelle Herzog, Xochitl Calderwood, Leila Odle, Abby Peevy, Jarvis Millar, Lekisha Hinnenkamp, Angelia Keebler, Clementina Gormley, Joslyn Keen, Verla Bearse, Cassaundra Loar, Ji Lamarche, Lilliam Mcghie, Alona Redel, Heidi Gravelle, Buck Slawson, Lindsay Henline, Mimi Winsor, Maxine Clauson, Lena Galusha, Talisha Geise, Stacie Austria, Georgia Cincotta, Candis Gapinski, Cyrstal Robb, Cornelia Laney, Jere Routh, Archie Branning, Tomi Athey, Matha Beard, Bud Mclarty, Elvis Leatherwood, Hellen Macrae, Meaghan Macinnis, Lezlie Luckey, Mozelle Reddy, Olene Ledgerwood, Shanda Cromer, Venice Sherry, Ron Copher, Arminda Valentino, Carolann Bronson, Charlyn Haggerty, Isaac Linebaugh, Elba Farr, Angelika March, Tyler Galbraith, Marylynn Chauvin, Luisa Ohm, Bette Carlos, Alexandria Jantz, Tami Jepson, Anamaria Headrick, Nereida Truman, Hipolito Rowlands, Porter Marcinkowski, Bonny Forester, Rutha Crotty, Damion Wysocki, Colton Moschella, Wayne Basler, Joie Sly, Takisha Demo, Chas Arline, Joya Bristol, Neida Vartanian, Ellie Duca, Adela Slusher, Daniell Nicklas, Jammie Rapp, Marlin Holm, Mignon Carnes, Dani Stroop, Maddie Mccusker, Herschel Sena, Ora Suddeth, Ted Broome, Birgit Mcglade, Heidi Poplawski, Carmen Ireland, Nelia Abrams, Adan Carden, Leanna Mazer, Kesha Shoop, Terence Grothe, Markita Brymer, Alpha Hundley, Scot Hollis, Marcelina Koger, Naoma Whitman, Alfredia Semon, Isaura Morton, Leia Amico, Simon Polinsky, Yulanda Marsden, Chloe Florey, Bernice Corcoran, Christine Parkinson, Marlys Matteson, Estella Lavallie, Madie Bhatti, Delpha Tharrington, Elwood Cortez, Sanjuanita Brotzman, Celeste Mahmood, Brigitte Rahm, Corazon Bohan, Cynthia Gines, Noble Krom, Rosalind Daniele, Margareta Ku, Sherrie Rivero, Mandi Swartwood, Ricky Latimer, Clara Villegas, Noah Deppen, Nelle Goodlow, Yesenia Tillett, Lynell Lando, Loreen Morel, Valentina Nitti, Cara Rakowski, Silas Chickering, Marguerite Schuman, Thuy Decamp, Ian Reising, Irma Encarnacion, Leoma Mazzei, Latesha Marini, Mallory Segarra, Torrie Harnois, Parker Forrest, Jed Frazier, Kimi Savard, Lashay Franz]
17:54:42.228 [main] INFO api.AvailableMembersApi - Validating members for Survey ID: 44
17:54:42.230 [main] INFO api.AvailableMembersApi - Received response for survey ID 45: Status Code = 200
17:54:42.239 [main] INFO api.AvailableMembersApi - Available names for survey ID 45: [Teri Villalobos, Yesenia Conte, Meghann Followell, Lee Harlow, Salvatore Monico, Sunshine Focht, Daina Maine, Ora Housand, Tasia Merritt, Gregory Lucchesi, Drucilla Wilhelm, Jaquelyn Levett, Mariko Hadfield, Janita Stroman, Sherita Arispe, Everett Northup, Micah Shirley, Wilhelmina Hibdon, Carolin Blauser, Lyla Almanza, Chere Gamino, Fleta Giampaolo, Cleotilde Mcmiller, Sarai Morelli, Lashanda Abbott, Jeffry Dynes, Vernice Soto, Elna Phelan, Temika Huth, Adrianna Fentress, Tayna Rey, Ike Clink, Gaynell Croce, Darlena Farrington, Cherryl Carolina, Zoe Solar, Anjanette Krupp, Janiece Silvernail, Ivey Buskey, Viola Blackstock, Elane Martinelli, Rachell Ankrom, Kyla Kays, Alton Smedley, Voncile Hayner, Bebe Lehmkuhl, Inell Ruoff, Onita Holloway, Norman Castilleja, Delmar Tourville, Audry Berends, Zoraida Faulkner, Kellee Maddy, Rosanne Trezza, Maryland Benedict, Mirtha Conine, Kristin Ponton, Flossie Pangburn, Yuko Steffes, Dixie Darsey, Cari Pizzo, Ellamae Tallon, Abbie Kreidler, Dustin Arterburn, Catrice Lenton, Laila Holdren, Yang Soriano, Jon Shultis, Julian Clapper, Rheba Corbett, Marcelle Herzog, Xochitl Calderwood, Leila Odle, Abby Peevy, Jarvis Millar, Angelia Keebler, Clementina Gormley, Joslyn Keen, Verla Bearse, Cassaundra Loar, Ji Lamarche, Lilliam Mcghie, Alona Redel, Heidi Gravelle, Buck Slawson, Lindsay Henline, Mimi Winsor, Maxine Clauson, Talisha Geise, Stacie Austria, Georgia Cincotta, Candis Gapinski, Cyrstal Robb, Cornelia Laney, Jere Routh, Archie Branning, Tomi Athey, Matha Beard, Bud Mclarty, Marlana Gillard, Elvis Leatherwood, Hellen Macrae, Meaghan Macinnis, Lezlie Luckey, Olene Ledgerwood, Shanda Cromer, Venice Sherry, Ron Copher, Arminda Valentino, Carolann Bronson, Isaac Linebaugh, Elba Farr, Angelika March, Tyler Galbraith, Marylynn Chauvin, Luisa Ohm, Bette Carlos, Tami Jepson, Anamaria Headrick, Nereida Truman, Hipolito Rowlands, Porter Marcinkowski, Bonny Forester, Rutha Crotty, Damion Wysocki, Colton Moschella, Wayne Basler, Takisha Demo, Chas Arline, Joya Bristol, Neida Vartanian, Ellie Duca, Adela Slusher, Jammie Rapp, Bess Hugo, Marlin Holm, Mignon Carnes, Carey Baley, Maddie Mccusker, Herschel Sena, Ora Suddeth, Ted Broome, Birgit Mcglade, Heidi Poplawski, Carmen Ireland, Nelia Abrams, Adan Carden, Leanna Mazer, Kesha Shoop, Elza Aumick, Terence Grothe, Markita Brymer, Jazmine Mccolley, Alpha Hundley, Scot Hollis, Marcelina Koger, Naoma Whitman, Alfredia Semon, Miyoko Pinto, Isaura Morton, Leia Amico, Simon Polinsky, Yulanda Marsden, Chloe Florey, Christine Parkinson, Marlys Matteson, Madie Bhatti, Delpha Tharrington, Elwood Cortez, Sanjuanita Brotzman, Celeste Mahmood, Flor Hallock, Brigitte Rahm, Corazon Bohan, Cynthia Gines, Noble Krom, Rosalind Daniele, Margareta Ku, Sherrie Rivero, Ricky Latimer, Clara Villegas, Noah Deppen, Nelle Goodlow, Yesenia Tillett, Lynell Lando, Loreen Morel, Valentina Nitti, Cara Rakowski, Silas Chickering, Marguerite Schuman, Thuy Decamp, Ian Reising, Irma Encarnacion, Leoma Mazzei, Latesha Marini, Mallory Segarra, Torrie Harnois, Parker Forrest, Jed Frazier, Kimi Savard, Lashay Franz]
17:54:42.240 [main] INFO api.AvailableMembersApi - Validating members for Survey ID: 45
17:54:42.242 [main] INFO api.AvailableMembersApi - Received response for survey ID 46: Status Code = 200
17:54:42.249 [main] INFO api.AvailableMembersApi - Available names for survey ID 46: [Malissa Arn, Teri Villalobos, Yesenia Conte, Meghann Followell, Lee Harlow, Sunshine Focht, Daina Maine, Ora Housand, Tasia Merritt, Gregory Lucchesi, Drucilla Wilhelm, Jaquelyn Levett, Mariko Hadfield, Janita Stroman, Margarito Derringer, Sherita Arispe, Everett Northup, Micah Shirley, Wilhelmina Hibdon, Carolin Blauser, Lyla Almanza, Chere Gamino, Fleta Giampaolo, Cleotilde Mcmiller, Sarai Morelli, Jeffry Dynes, Vernice Soto, Temika Huth, Adrianna Fentress, Tayna Rey, Ike Clink, Gaynell Croce, Darlena Farrington, Cherryl Carolina, Zoe Solar, Anjanette Krupp, Janiece Silvernail, Ivey Buskey, Viola Blackstock, Elane Martinelli, Rachell Ankrom, Kyla Kays, Alton Smedley, Voncile Hayner, Bebe Lehmkuhl, Inell Ruoff, Onita Holloway, Norman Castilleja, Delmar Tourville, Audry Berends, Zoraida Faulkner, Kellee Maddy, Florencio Muller, Jo Dettman, Rosanne Trezza, Maryland Benedict, Mirtha Conine, Flossie Pangburn, Yuko Steffes, Dixie Darsey, Cari Pizzo, Abbie Kreidler, Dustin Arterburn, Catrice Lenton, Laila Holdren, Yang Soriano, Jon Shultis, Myles Cooke, Rheba Corbett, Marcelle Herzog, Xochitl Calderwood, Leila Odle, Abby Peevy, Jarvis Millar, Lekisha Hinnenkamp, Clementina Gormley, Joslyn Keen, Verla Bearse, Cassaundra Loar, Ji Lamarche, Lilliam Mcghie, Alona Redel, Heidi Gravelle, Buck Slawson, Lindsay Henline, Mimi Winsor, Maxine Clauson, Lena Galusha, Talisha Geise, Stacie Austria, Georgia Cincotta, Candis Gapinski, Cyrstal Robb, Cornelia Laney, Jere Routh, Archie Branning, Matha Beard, Bud Mclarty, Elvis Leatherwood, Hellen Macrae, Meaghan Macinnis, Lezlie Luckey, Mozelle Reddy, Olene Ledgerwood, Shanda Cromer, Ron Copher, Arminda Valentino, Charlyn Haggerty, Isaac Linebaugh, Elba Farr, Angelika March, Marylynn Chauvin, Luisa Ohm, Bette Carlos, Rocco Blubaugh, Winston Hemby, Tami Jepson, Anamaria Headrick, Nereida Truman, Hipolito Rowlands, Porter Marcinkowski, Bonny Forester, Rutha Crotty, Damion Wysocki, Colton Moschella, Wayne Basler, Joie Sly, Takisha Demo, Chas Arline, Joya Bristol, Neida Vartanian, Ellie Duca, Adela Slusher, Daniell Nicklas, Jammie Rapp, Bess Hugo, Marlin Holm, Mignon Carnes, Carey Baley, Dani Stroop, Maddie Mccusker, Herschel Sena, Ora Suddeth, Ted Broome, Birgit Mcglade, Heidi Poplawski, Carmen Ireland, Nelia Abrams, Adan Carden, Leanna Mazer, Kesha Shoop, Elza Aumick, Terence Grothe, Markita Brymer, Jazmine Mccolley, Alpha Hundley, Scot Hollis, Marcelina Koger, Naoma Whitman, Alfredia Semon, Miyoko Pinto, Isaura Morton, Leia Amico, Simon Polinsky, Yulanda Marsden, Chloe Florey, Bernice Corcoran, Christine Parkinson, Marlys Matteson, Estella Lavallie, Madie Bhatti, Delpha Tharrington, Elwood Cortez, Sanjuanita Brotzman, Celeste Mahmood, Flor Hallock, Brigitte Rahm, Corazon Bohan, Cynthia Gines, Noble Krom, Rosalind Daniele, Margareta Ku, Sherrie Rivero, Mandi Swartwood, Ricky Latimer, Clara Villegas, Tyrone Antonio, Noah Deppen, Nelle Goodlow, Yesenia Tillett, Lynell Lando, Loreen Morel, Valentina Nitti, Cara Rakowski, Silas Chickering, Marguerite Schuman, Thuy Decamp, Ian Reising, Rufus Hanshaw, Leoma Mazzei, Torrie Harnois, Parker Forrest, Jed Frazier, Kimi Savard, Lashay Franz]
17:54:42.249 [main] INFO api.AvailableMembersApi - Validating members for Survey ID: 46
17:54:42.251 [main] INFO api.AvailableMembersApi - Received response for survey ID 47: Status Code = 200
17:54:42.256 [main] INFO api.AvailableMembersApi - Available names for survey ID 47: [Malissa Arn, Teri Villalobos, Meghann Followell, Lee Harlow, Salvatore Monico, Sunshine Focht, Daina Maine, Ora Housand, Gregory Lucchesi, Drucilla Wilhelm, Jaquelyn Levett, Mariko Hadfield, Janita Stroman, Sherita Arispe, Everett Northup, Micah Shirley, Wilhelmina Hibdon, Carolin Blauser, Chere Gamino, Fleta Giampaolo, Cleotilde Mcmiller, Sarai Morelli, Lashanda Abbott, Jeffry Dynes, Vernice Soto, Elna Phelan, Temika Huth, Adrianna Fentress, Tayna Rey, Ike Clink, Gaynell Croce, Zoe Solar, Anjanette Krupp, Ivey Buskey, Elane Martinelli, Rachell Ankrom, Kyla Kays, Alton Smedley, Voncile Hayner, Bebe Lehmkuhl, Onita Holloway, Norman Castilleja, Delmar Tourville, Audry Berends, Zoraida Faulkner, Kellee Maddy, Florencio Muller, Rosanne Trezza, Maryland Benedict, Mirtha Conine, Flossie Pangburn, Yuko Steffes, Dixie Darsey, Kendrick Preston, Cari Pizzo, Ellamae Tallon, Abbie Kreidler, Dustin Arterburn, Catrice Lenton, Laila Holdren, Yang Soriano, Jon Shultis, Julian Clapper, Myles Cooke, Marcelle Herzog, Xochitl Calderwood, Leila Odle, Abby Peevy, Jarvis Millar, Lekisha Hinnenkamp, Angelia Keebler, Clementina Gormley, Verla Bearse, Cassaundra Loar, Ji Lamarche, Alona Redel, Buck Slawson, Lindsay Henline, Mimi Winsor, Maxine Clauson, Lena Galusha, Talisha Geise, Stacie Austria, Georgia Cincotta, Candis Gapinski, Cyrstal Robb, Cornelia Laney, Jere Routh, Archie Branning, Tomi Athey, Matha Beard, Bud Mclarty, Marlana Gillard, Elvis Leatherwood, Hellen Macrae, Meaghan Macinnis, Lezlie Luckey, Mozelle Reddy, Olene Ledgerwood, Shanda Cromer, Venice Sherry, Ron Copher, Arminda Valentino, Isaac Linebaugh, Elba Farr, Angelika March, Tyler Galbraith, Marylynn Chauvin, Bette Carlos, Rocco Blubaugh, Alexandria Jantz, Winston Hemby, Tami Jepson, Anamaria Headrick, Nereida Truman, Hipolito Rowlands, Porter Marcinkowski, Bonny Forester, Damion Wysocki, Colton Moschella, Wayne Basler, Joie Sly, Takisha Demo, Chas Arline, Joya Bristol, Neida Vartanian, Daniell Nicklas, Bess Hugo, Marlin Holm, Mignon Carnes, Carey Baley, Dani Stroop, Maddie Mccusker, Herschel Sena, Ora Suddeth, Ted Broome, Birgit Mcglade, Heidi Poplawski, Carmen Ireland, Nelia Abrams, Adan Carden, Leanna Mazer, Elza Aumick, Terence Grothe, Markita Brymer, Jazmine Mccolley, Alpha Hundley, Scot Hollis, Marcelina Koger, Naoma Whitman, Miyoko Pinto, Isaura Morton, Leia Amico, Simon Polinsky, Chloe Florey, Bernice Corcoran, Christine Parkinson, Marlys Matteson, Estella Lavallie, Madie Bhatti, Delpha Tharrington, Elwood Cortez, Sanjuanita Brotzman, Celeste Mahmood, Flor Hallock, Corazon Bohan, Cynthia Gines, Noble Krom, Rosalind Daniele, Margareta Ku, Sherrie Rivero, Mandi Swartwood, Ricky Latimer, Clara Villegas, Tyrone Antonio, Noah Deppen, Yesenia Tillett, Lynell Lando, Loreen Morel, Cara Rakowski, Silas Chickering, Marguerite Schuman, Thuy Decamp, Rufus Hanshaw, Irma Encarnacion, Leoma Mazzei, Latesha Marini, Torrie Harnois, Parker Forrest, Jed Frazier, Kimi Savard, Lashay Franz]
17:54:42.256 [main] INFO api.AvailableMembersApi - Validating members for Survey ID: 47
17:54:42.258 [main] INFO api.AvailableMembersApi - Received response for survey ID 48: Status Code = 200
17:54:42.264 [main] INFO api.AvailableMembersApi - Available names for survey ID 48: [Malissa Arn, Teri Villalobos, Yesenia Conte, Meghann Followell, Lee Harlow, Salvatore Monico, Sunshine Focht, Daina Maine, Ora Housand, Tasia Merritt, Gregory Lucchesi, Drucilla Wilhelm, Jaquelyn Levett, Mariko Hadfield, Janita Stroman, Margarito Derringer, Sherita Arispe, Everett Northup, Micah Shirley, Wilhelmina Hibdon, Carolin Blauser, Chere Gamino, Fleta Giampaolo, Cleotilde Mcmiller, Lashanda Abbott, Jeffry Dynes, Vernice Soto, Elna Phelan, Temika Huth, Adrianna Fentress, Tayna Rey, Ike Clink, Gaynell Croce, Darlena Farrington, Cherryl Carolina, Zoe Solar, Anjanette Krupp, Janiece Silvernail, Viola Blackstock, Elane Martinelli, Rachell Ankrom, Kyla Kays, Alton Smedley, Bebe Lehmkuhl, Onita Holloway, Norman Castilleja, Delmar Tourville, Audry Berends, Zoraida Faulkner, Kellee Maddy, Florencio Muller, Jo Dettman, Rosanne Trezza, Maryland Benedict, Mirtha Conine, Kristin Ponton, Flossie Pangburn, Yuko Steffes, Dixie Darsey, Cari Pizzo, Ellamae Tallon, Abbie Kreidler, Dustin Arterburn, Catrice Lenton, Laila Holdren, Yang Soriano, Jon Shultis, Julian Clapper, Myles Cooke, Rheba Corbett, Marcelle Herzog, Xochitl Calderwood, Leila Odle, Abby Peevy, Jarvis Millar, Lekisha Hinnenkamp, Angelia Keebler, Clementina Gormley, Joslyn Keen, Verla Bearse, Cassaundra Loar, Ji Lamarche, Lilliam Mcghie, Alona Redel, Heidi Gravelle, Buck Slawson, Lindsay Henline, Mimi Winsor, Lena Galusha, Talisha Geise, Stacie Austria, Georgia Cincotta, Cyrstal Robb, Cornelia Laney, Jere Routh, Archie Branning, Bud Mclarty, Marlana Gillard, Elvis Leatherwood, Hellen Macrae, Meaghan Macinnis, Lezlie Luckey, Mozelle Reddy, Olene Ledgerwood, Shanda Cromer, Venice Sherry, Ron Copher, Arminda Valentino, Carolann Bronson, Charlyn Haggerty, Elba Farr, Angelika March, Tyler Galbraith, Marylynn Chauvin, Luisa Ohm, Bette Carlos, Rocco Blubaugh, Alexandria Jantz, Tami Jepson, Anamaria Headrick, Nereida Truman, Hipolito Rowlands, Bonny Forester, Rutha Crotty, Colton Moschella, Wayne Basler, Takisha Demo, Chas Arline, Joya Bristol, Neida Vartanian, Ellie Duca, Adela Slusher, Daniell Nicklas, Jammie Rapp, Bess Hugo, Marlin Holm, Mignon Carnes, Carey Baley, Dani Stroop, Maddie Mccusker, Herschel Sena, Ora Suddeth, Ted Broome, Birgit Mcglade, Heidi Poplawski, Carmen Ireland, Nelia Abrams, Adan Carden, Leanna Mazer, Kesha Shoop, Elza Aumick, Terence Grothe, Markita Brymer, Jazmine Mccolley, Alpha Hundley, Scot Hollis, Marcelina Koger, Naoma Whitman, Alfredia Semon, Miyoko Pinto, Isaura Morton, Simon Polinsky, Yulanda Marsden, Chloe Florey, Bernice Corcoran, Christine Parkinson, Marlys Matteson, Estella Lavallie, Madie Bhatti, Delpha Tharrington, Elwood Cortez, Sanjuanita Brotzman, Celeste Mahmood, Flor Hallock, Brigitte Rahm, Corazon Bohan, Rosalind Daniele, Sherrie Rivero, Mandi Swartwood, Ricky Latimer, Clara Villegas, Tyrone Antonio, Nelle Goodlow, Yesenia Tillett, Lynell Lando, Loreen Morel, Valentina Nitti, Silas Chickering, Marguerite Schuman, Thuy Decamp, Ian Reising, Rufus Hanshaw, Irma Encarnacion, Leoma Mazzei, Latesha Marini, Mallory Segarra, Torrie Harnois, Jed Frazier, Kimi Savard, Lashay Franz]
17:54:42.264 [main] INFO api.AvailableMembersApi - Validating members for Survey ID: 48
17:54:42.267 [main] INFO api.AvailableMembersApi - Received response for survey ID 49: Status Code = 200
17:54:42.276 [main] INFO api.AvailableMembersApi - Available names for survey ID 49: [Malissa Arn, Yesenia Conte, Meghann Followell, Lee Harlow, Salvatore Monico, Sunshine Focht, Daina Maine, Ora Housand, Tasia Merritt, Gregory Lucchesi, Drucilla Wilhelm, Jaquelyn Levett, Mariko Hadfield, Janita Stroman, Margarito Derringer, Sherita Arispe, Micah Shirley, Wilhelmina Hibdon, Carolin Blauser, Lyla Almanza, Chere Gamino, Fleta Giampaolo, Cleotilde Mcmiller, Sarai Morelli, Lashanda Abbott, Jeffry Dynes, Vernice Soto, Elna Phelan, Temika Huth, Tayna Rey, Ike Clink, Gaynell Croce, Darlena Farrington, Cherryl Carolina, Zoe Solar, Janiece Silvernail, Viola Blackstock, Elane Martinelli, Rachell Ankrom, Kyla Kays, Alton Smedley, Voncile Hayner, Bebe Lehmkuhl, Inell Ruoff, Onita Holloway, Norman Castilleja, Delmar Tourville, Audry Berends, Zoraida Faulkner, Kellee Maddy, Florencio Muller, Jo Dettman, Rosanne Trezza, Maryland Benedict, Mirtha Conine, Kristin Ponton, Flossie Pangburn, Dixie Darsey, Ellamae Tallon, Abbie Kreidler, Dustin Arterburn, Catrice Lenton, Laila Holdren, Yang Soriano, Jon Shultis, Julian Clapper, Myles Cooke, Rheba Corbett, Marcelle Herzog, Xochitl Calderwood, Leila Odle, Abby Peevy, Jarvis Millar, Lekisha Hinnenkamp, Angelia Keebler, Clementina Gormley, Joslyn Keen, Verla Bearse, Cassaundra Loar, Ji Lamarche, Lilliam Mcghie, Alona Redel, Heidi Gravelle, Buck Slawson, Lindsay Henline, Mimi Winsor, Maxine Clauson, Lena Galusha, Talisha Geise, Stacie Austria, Georgia Cincotta, Candis Gapinski, Cyrstal Robb, Cornelia Laney, Jere Routh, Archie Branning, Tomi Athey, Matha Beard, Bud Mclarty, Marlana Gillard, Elvis Leatherwood, Hellen Macrae, Meaghan Macinnis, Mozelle Reddy, Olene Ledgerwood, Shanda Cromer, Venice Sherry, Ron Copher, Arminda Valentino, Carolann Bronson, Charlyn Haggerty, Isaac Linebaugh, Elba Farr, Angelika March, Tyler Galbraith, Luisa Ohm, Bette Carlos, Rocco Blubaugh, Alexandria Jantz, Winston Hemby, Tami Jepson, Anamaria Headrick, Hipolito Rowlands, Porter Marcinkowski, Bonny Forester, Rutha Crotty, Colton Moschella, Wayne Basler, Joie Sly, Takisha Demo, Chas Arline, Joya Bristol, Neida Vartanian, Ellie Duca, Adela Slusher, Daniell Nicklas, Jammie Rapp, Marlin Holm, Mignon Carnes, Carey Baley, Dani Stroop, Maddie Mccusker, Herschel Sena, Ora Suddeth, Ted Broome, Birgit Mcglade, Heidi Poplawski, Carmen Ireland, Nelia Abrams, Adan Carden, Leanna Mazer, Kesha Shoop, Elza Aumick, Terence Grothe, Markita Brymer, Jazmine Mccolley, Scot Hollis, Marcelina Koger, Naoma Whitman, Alfredia Semon, Miyoko Pinto, Isaura Morton, Leia Amico, Simon Polinsky, Yulanda Marsden, Chloe Florey, Bernice Corcoran, Christine Parkinson, Estella Lavallie, Madie Bhatti, Delpha Tharrington, Elwood Cortez, Sanjuanita Brotzman, Celeste Mahmood, Flor Hallock, Brigitte Rahm, Corazon Bohan, Rosalind Daniele, Margareta Ku, Sherrie Rivero, Mandi Swartwood, Ricky Latimer, Clara Villegas, Tyrone Antonio, Noah Deppen, Nelle Goodlow, Yesenia Tillett, Lynell Lando, Loreen Morel, Cara Rakowski, Silas Chickering, Marguerite Schuman, Thuy Decamp, Ian Reising, Rufus Hanshaw, Irma Encarnacion, Leoma Mazzei, Latesha Marini, Mallory Segarra, Parker Forrest, Jed Frazier, Kimi Savard, Lashay Franz]
17:54:42.276 [main] INFO api.AvailableMembersApi - Validating members for Survey ID: 49
17:54:42.278 [main] INFO api.AvailableMembersApi - Received response for survey ID 50: Status Code = 200
17:54:42.284 [main] INFO api.AvailableMembersApi - Available names for survey ID 50: [Malissa Arn, Teri Villalobos, Yesenia Conte, Lee Harlow, Salvatore Monico, Sunshine Focht, Daina Maine, Ora Housand, Tasia Merritt, Gregory Lucchesi, Drucilla Wilhelm, Jaquelyn Levett, Janita Stroman, Margarito Derringer, Sherita Arispe, Everett Northup, Micah Shirley, Wilhelmina Hibdon, Carolin Blauser, Lyla Almanza, Chere Gamino, Fleta Giampaolo, Cleotilde Mcmiller, Sarai Morelli, Lashanda Abbott, Jeffry Dynes, Vernice Soto, Elna Phelan, Temika Huth, Adrianna Fentress, Tayna Rey, Ike Clink, Darlena Farrington, Zoe Solar, Anjanette Krupp, Janiece Silvernail, Ivey Buskey, Viola Blackstock, Elane Martinelli, Kyla Kays, Alton Smedley, Voncile Hayner, Bebe Lehmkuhl, Inell Ruoff, Onita Holloway, Norman Castilleja, Delmar Tourville, Audry Berends, Zoraida Faulkner, Kellee Maddy, Florencio Muller, Rosanne Trezza, Maryland Benedict, Kristin Ponton, Flossie Pangburn, Yuko Steffes, Dixie Darsey, Kendrick Preston, Cari Pizzo, Ellamae Tallon, Abbie Kreidler, Dustin Arterburn, Catrice Lenton, Laila Holdren, Yang Soriano, Jon Shultis, Julian Clapper, Myles Cooke, Xochitl Calderwood, Leila Odle, Abby Peevy, Jarvis Millar, Lekisha Hinnenkamp, Angelia Keebler, Clementina Gormley, Joslyn Keen, Verla Bearse, Cassaundra Loar, Ji Lamarche, Lilliam Mcghie, Alona Redel, Heidi Gravelle, Buck Slawson, Lindsay Henline, Mimi Winsor, Lena Galusha, Talisha Geise, Stacie Austria, Georgia Cincotta, Candis Gapinski, Cyrstal Robb, Cornelia Laney, Jere Routh, Archie Branning, Tomi Athey, Matha Beard, Bud Mclarty, Marlana Gillard, Elvis Leatherwood, Hellen Macrae, Meaghan Macinnis, Lezlie Luckey, Mozelle Reddy, Olene Ledgerwood, Shanda Cromer, Venice Sherry, Ron Copher, Arminda Valentino, Carolann Bronson, Charlyn Haggerty, Isaac Linebaugh, Elba Farr, Angelika March, Marylynn Chauvin, Luisa Ohm, Bette Carlos, Rocco Blubaugh, Alexandria Jantz, Winston Hemby, Tami Jepson, Anamaria Headrick, Hipolito Rowlands, Porter Marcinkowski, Bonny Forester, Wayne Basler, Joie Sly, Takisha Demo, Chas Arline, Joya Bristol, Neida Vartanian, Ellie Duca, Adela Slusher, Daniell Nicklas, Jammie Rapp, Bess Hugo, Mignon Carnes, Dani Stroop, Maddie Mccusker, Herschel Sena, Ora Suddeth, Ted Broome, Birgit Mcglade, Heidi Poplawski, Carmen Ireland, Nelia Abrams, Adan Carden, Kesha Shoop, Elza Aumick, Terence Grothe, Markita Brymer, Alpha Hundley, Scot Hollis, Marcelina Koger, Alfredia Semon, Miyoko Pinto, Leia Amico, Simon Polinsky, Yulanda Marsden, Chloe Florey, Christine Parkinson, Marlys Matteson, Estella Lavallie, Madie Bhatti, Delpha Tharrington, Elwood Cortez, Celeste Mahmood, Flor Hallock, Brigitte Rahm, Corazon Bohan, Cynthia Gines, Noble Krom, Rosalind Daniele, Margareta Ku, Sherrie Rivero, Mandi Swartwood, Clara Villegas, Tyrone Antonio, Noah Deppen, Nelle Goodlow, Yesenia Tillett, Lynell Lando, Loreen Morel, Valentina Nitti, Silas Chickering, Marguerite Schuman, Thuy Decamp, Ian Reising, Rufus Hanshaw, Irma Encarnacion, Leoma Mazzei, Latesha Marini, Mallory Segarra, Parker Forrest, Jed Frazier, Kimi Savard, Lashay Franz]
17:54:42.284 [main] INFO api.AvailableMembersApi - Validating members for Survey ID: 50
17:54:42.286 [main] INFO api.AvailableMembersApi - Received response for survey ID 51: Status Code = 200
17:54:42.291 [main] INFO api.AvailableMembersApi - Available names for survey ID 51: [Malissa Arn, Meghann Followell, Lee Harlow, Salvatore Monico, Sunshine Focht, Daina Maine, Ora Housand, Tasia Merritt, Gregory Lucchesi, Drucilla Wilhelm, Mariko Hadfield, Janita Stroman, Sherita Arispe, Everett Northup, Micah Shirley, Wilhelmina Hibdon, Carolin Blauser, Lyla Almanza, Chere Gamino, Fleta Giampaolo, Cleotilde Mcmiller, Sarai Morelli, Lashanda Abbott, Jeffry Dynes, Vernice Soto, Elna Phelan, Temika Huth, Adrianna Fentress, Tayna Rey, Ike Clink, Gaynell Croce, Darlena Farrington, Zoe Solar, Anjanette Krupp, Janiece Silvernail, Ivey Buskey, Viola Blackstock, Elane Martinelli, Rachell Ankrom, Kyla Kays, Alton Smedley, Voncile Hayner, Bebe Lehmkuhl, Inell Ruoff, Onita Holloway, Audry Berends, Kellee Maddy, Florencio Muller, Jo Dettman, Rosanne Trezza, Maryland Benedict, Mirtha Conine, Kristin Ponton, Flossie Pangburn, Yuko Steffes, Dixie Darsey, Kendrick Preston, Cari Pizzo, Abbie Kreidler, Dustin Arterburn, Catrice Lenton, Laila Holdren, Yang Soriano, Jon Shultis, Julian Clapper, Myles Cooke, Rheba Corbett, Marcelle Herzog, Xochitl Calderwood, Leila Odle, Abby Peevy, Jarvis Millar, Lekisha Hinnenkamp, Angelia Keebler, Clementina Gormley, Joslyn Keen, Verla Bearse, Cassaundra Loar, Ji Lamarche, Lilliam Mcghie, Alona Redel, Heidi Gravelle, Buck Slawson, Lindsay Henline, Mimi Winsor, Maxine Clauson, Lena Galusha, Talisha Geise, Stacie Austria, Georgia Cincotta, Cyrstal Robb, Cornelia Laney, Jere Routh, Archie Branning, Tomi Athey, Matha Beard, Bud Mclarty, Marlana Gillard, Elvis Leatherwood, Meaghan Macinnis, Lezlie Luckey, Mozelle Reddy, Olene Ledgerwood, Shanda Cromer, Venice Sherry, Ron Copher, Arminda Valentino, Carolann Bronson, Charlyn Haggerty, Isaac Linebaugh, Elba Farr, Angelika March, Tyler Galbraith, Marylynn Chauvin, Luisa Ohm, Bette Carlos, Rocco Blubaugh, Alexandria Jantz, Tami Jepson, Anamaria Headrick, Nereida Truman, Hipolito Rowlands, Porter Marcinkowski, Bonny Forester, Rutha Crotty, Colton Moschella, Wayne Basler, Joie Sly, Takisha Demo, Chas Arline, Joya Bristol, Neida Vartanian, Ellie Duca, Adela Slusher, Daniell Nicklas, Jammie Rapp, Bess Hugo, Marlin Holm, Mignon Carnes, Carey Baley, Dani Stroop, Maddie Mccusker, Ted Broome, Birgit Mcglade, Heidi Poplawski, Carmen Ireland, Nelia Abrams, Adan Carden, Leanna Mazer, Kesha Shoop, Elza Aumick, Terence Grothe, Markita Brymer, Jazmine Mccolley, Alpha Hundley, Scot Hollis, Marcelina Koger, Naoma Whitman, Alfredia Semon, Miyoko Pinto, Isaura Morton, Yulanda Marsden, Chloe Florey, Bernice Corcoran, Christine Parkinson, Marlys Matteson, Estella Lavallie, Madie Bhatti, Elwood Cortez, Sanjuanita Brotzman, Celeste Mahmood, Flor Hallock, Brigitte Rahm, Corazon Bohan, Cynthia Gines, Noble Krom, Rosalind Daniele, Margareta Ku, Mandi Swartwood, Clara Villegas, Noah Deppen, Nelle Goodlow, Yesenia Tillett, Lynell Lando, Loreen Morel, Valentina Nitti, Cara Rakowski, Silas Chickering, Marguerite Schuman, Thuy Decamp, Ian Reising, Rufus Hanshaw, Latesha Marini, Mallory Segarra, Torrie Harnois, Parker Forrest, Jed Frazier, Lashay Franz]
17:54:42.291 [main] INFO api.AvailableMembersApi - Validating members for Survey ID: 51
17:54:42.292 [main] INFO api.AvailableMembersApi - Received response for survey ID 52: Status Code = 200
17:54:42.297 [main] INFO api.AvailableMembersApi - Available names for survey ID 52: [Malissa Arn, Teri Villalobos, Yesenia Conte, Meghann Followell, Lee Harlow, Sunshine Focht, Daina Maine, Ora Housand, Tasia Merritt, Gregory Lucchesi, Drucilla Wilhelm, Jaquelyn Levett, Mariko Hadfield, Janita Stroman, Margarito Derringer, Sherita Arispe, Everett Northup, Wilhelmina Hibdon, Carolin Blauser, Lyla Almanza, Chere Gamino, Fleta Giampaolo, Cleotilde Mcmiller, Sarai Morelli, Lashanda Abbott, Jeffry Dynes, Vernice Soto, Elna Phelan, Temika Huth, Adrianna Fentress, Tayna Rey, Gaynell Croce, Darlena Farrington, Cherryl Carolina, Zoe Solar, Anjanette Krupp, Janiece Silvernail, Ivey Buskey, Viola Blackstock, Elane Martinelli, Rachell Ankrom, Kyla Kays, Alton Smedley, Voncile Hayner, Bebe Lehmkuhl, Inell Ruoff, Onita Holloway, Norman Castilleja, Delmar Tourville, Audry Berends, Zoraida Faulkner, Kellee Maddy, Florencio Muller, Jo Dettman, Maryland Benedict, Mirtha Conine, Kristin Ponton, Flossie Pangburn, Yuko Steffes, Dixie Darsey, Kendrick Preston, Cari Pizzo, Ellamae Tallon, Abbie Kreidler, Dustin Arterburn, Catrice Lenton, Laila Holdren, Yang Soriano, Julian Clapper, Myles Cooke, Rheba Corbett, Marcelle Herzog, Xochitl Calderwood, Leila Odle, Abby Peevy, Jarvis Millar, Angelia Keebler, Clementina Gormley, Verla Bearse, Cassaundra Loar, Ji Lamarche, Lilliam Mcghie, Alona Redel, Heidi Gravelle, Buck Slawson, Lindsay Henline, Mimi Winsor, Maxine Clauson, Lena Galusha, Talisha Geise, Stacie Austria, Candis Gapinski, Cyrstal Robb, Cornelia Laney, Jere Routh, Archie Branning, Tomi Athey, Matha Beard, Bud Mclarty, Hellen Macrae, Meaghan Macinnis, Olene Ledgerwood, Shanda Cromer, Venice Sherry, Ron Copher, Arminda Valentino, Carolann Bronson, Charlyn Haggerty, Isaac Linebaugh, Elba Farr, Tyler Galbraith, Marylynn Chauvin, Luisa Ohm, Bette Carlos, Rocco Blubaugh, Alexandria Jantz, Winston Hemby, Tami Jepson, Anamaria Headrick, Nereida Truman, Hipolito Rowlands, Porter Marcinkowski, Rutha Crotty, Damion Wysocki, Colton Moschella, Wayne Basler, Joie Sly, Takisha Demo, Chas Arline, Joya Bristol, Ellie Duca, Adela Slusher, Daniell Nicklas, Jammie Rapp, Bess Hugo, Marlin Holm, Mignon Carnes, Carey Baley, Dani Stroop, Maddie Mccusker, Herschel Sena, Ora Suddeth, Ted Broome, Birgit Mcglade, Carmen Ireland, Nelia Abrams, Adan Carden, Leanna Mazer, Kesha Shoop, Elza Aumick, Terence Grothe, Markita Brymer, Jazmine Mccolley, Scot Hollis, Marcelina Koger, Alfredia Semon, Miyoko Pinto, Isaura Morton, Leia Amico, Simon Polinsky, Yulanda Marsden, Chloe Florey, Bernice Corcoran, Christine Parkinson, Marlys Matteson, Estella Lavallie, Madie Bhatti, Delpha Tharrington, Elwood Cortez, Sanjuanita Brotzman, Celeste Mahmood, Flor Hallock, Brigitte Rahm, Corazon Bohan, Cynthia Gines, Noble Krom, Rosalind Daniele, Margareta Ku, Sherrie Rivero, Mandi Swartwood, Clara Villegas, Tyrone Antonio, Noah Deppen, Nelle Goodlow, Yesenia Tillett, Lynell Lando, Loreen Morel, Valentina Nitti, Cara Rakowski, Silas Chickering, Marguerite Schuman, Thuy Decamp, Ian Reising, Rufus Hanshaw, Irma Encarnacion, Leoma Mazzei, Mallory Segarra, Torrie Harnois, Parker Forrest, Jed Frazier, Kimi Savard, Lashay Franz]
17:54:42.297 [main] INFO api.AvailableMembersApi - Validating members for Survey ID: 52
17:54:42.299 [main] INFO api.AvailableMembersApi - Received response for survey ID 53: Status Code = 200
17:54:42.304 [main] INFO api.AvailableMembersApi - Available names for survey ID 53: [Malissa Arn, Teri Villalobos, Yesenia Conte, Meghann Followell, Lee Harlow, Salvatore Monico, Sunshine Focht, Daina Maine, Tasia Merritt, Gregory Lucchesi, Drucilla Wilhelm, Jaquelyn Levett, Mariko Hadfield, Margarito Derringer, Sherita Arispe, Everett Northup, Micah Shirley, Wilhelmina Hibdon, Lyla Almanza, Chere Gamino, Fleta Giampaolo, Cleotilde Mcmiller, Sarai Morelli, Lashanda Abbott, Jeffry Dynes, Vernice Soto, Elna Phelan, Temika Huth, Adrianna Fentress, Tayna Rey, Ike Clink, Gaynell Croce, Darlena Farrington, Zoe Solar, Ivey Buskey, Viola Blackstock, Elane Martinelli, Rachell Ankrom, Kyla Kays, Alton Smedley, Voncile Hayner, Bebe Lehmkuhl, Inell Ruoff, Onita Holloway, Norman Castilleja, Delmar Tourville, Audry Berends, Zoraida Faulkner, Kellee Maddy, Florencio Muller, Jo Dettman, Rosanne Trezza, Maryland Benedict, Mirtha Conine, Kristin Ponton, Flossie Pangburn, Yuko Steffes, Dixie Darsey, Kendrick Preston, Cari Pizzo, Ellamae Tallon, Abbie Kreidler, Dustin Arterburn, Catrice Lenton, Laila Holdren, Yang Soriano, Jon Shultis, Julian Clapper, Myles Cooke, Rheba Corbett, Marcelle Herzog, Xochitl Calderwood, Leila Odle, Abby Peevy, Jarvis Millar, Lekisha Hinnenkamp, Angelia Keebler, Clementina Gormley, Joslyn Keen, Verla Bearse, Cassaundra Loar, Lilliam Mcghie, Alona Redel, Heidi Gravelle, Buck Slawson, Lindsay Henline, Mimi Winsor, Maxine Clauson, Lena Galusha, Talisha Geise, Stacie Austria, Georgia Cincotta, Candis Gapinski, Cyrstal Robb, Cornelia Laney, Archie Branning, Tomi Athey, Matha Beard, Bud Mclarty, Elvis Leatherwood, Hellen Macrae, Meaghan Macinnis, Mozelle Reddy, Olene Ledgerwood, Shanda Cromer, Venice Sherry, Ron Copher, Arminda Valentino, Carolann Bronson, Charlyn Haggerty, Isaac Linebaugh, Elba Farr, Angelika March, Tyler Galbraith, Marylynn Chauvin, Luisa Ohm, Bette Carlos, Rocco Blubaugh, Alexandria Jantz, Winston Hemby, Tami Jepson, Anamaria Headrick, Nereida Truman, Hipolito Rowlands, Porter Marcinkowski, Bonny Forester, Rutha Crotty, Damion Wysocki, Colton Moschella, Wayne Basler, Joie Sly, Takisha Demo, Chas Arline, Joya Bristol, Neida Vartanian, Ellie Duca, Adela Slusher, Daniell Nicklas, Jammie Rapp, Bess Hugo, Marlin Holm, Mignon Carnes, Dani Stroop, Maddie Mccusker, Herschel Sena, Ted Broome, Birgit Mcglade, Heidi Poplawski, Carmen Ireland, Nelia Abrams, Adan Carden, Leanna Mazer, Kesha Shoop, Elza Aumick, Terence Grothe, Markita Brymer, Jazmine Mccolley, Alpha Hundley, Scot Hollis, Naoma Whitman, Alfredia Semon, Leia Amico, Simon Polinsky, Yulanda Marsden, Chloe Florey, Bernice Corcoran, Christine Parkinson, Marlys Matteson, Estella Lavallie, Madie Bhatti, Delpha Tharrington, Elwood Cortez, Sanjuanita Brotzman, Celeste Mahmood, Brigitte Rahm, Corazon Bohan, Cynthia Gines, Noble Krom, Rosalind Daniele, Sherrie Rivero, Ricky Latimer, Clara Villegas, Tyrone Antonio, Noah Deppen, Nelle Goodlow, Yesenia Tillett, Lynell Lando, Loreen Morel, Valentina Nitti, Cara Rakowski, Silas Chickering, Marguerite Schuman, Thuy Decamp, Ian Reising, Rufus Hanshaw, Irma Encarnacion, Leoma Mazzei, Mallory Segarra, Torrie Harnois, Parker Forrest, Jed Frazier, Kimi Savard, Lashay Franz]
17:54:42.304 [main] INFO api.AvailableMembersApi - Validating members for Survey ID: 53
17:54:42.305 [main] INFO api.AvailableMembersApi - Received response for survey ID 54: Status Code = 200
17:54:42.314 [main] INFO api.AvailableMembersApi - Available names for survey ID 54: [Malissa Arn, Teri Villalobos, Yesenia Conte, Meghann Followell, Lee Harlow, Daina Maine, Ora Housand, Tasia Merritt, Drucilla Wilhelm, Mariko Hadfield, Margarito Derringer, Sherita Arispe, Everett Northup, Micah Shirley, Wilhelmina Hibdon, Carolin Blauser, Lyla Almanza, Chere Gamino, Fleta Giampaolo, Sarai Morelli, Lashanda Abbott, Jeffry Dynes, Temika Huth, Adrianna Fentress, Tayna Rey, Ike Clink, Gaynell Croce, Darlena Farrington, Cherryl Carolina, Zoe Solar, Anjanette Krupp, Janiece Silvernail, Ivey Buskey, Viola Blackstock, Elane Martinelli, Rachell Ankrom, Kyla Kays, Voncile Hayner, Bebe Lehmkuhl, Inell Ruoff, Onita Holloway, Delmar Tourville, Audry Berends, Zoraida Faulkner, Kellee Maddy, Florencio Muller, Jo Dettman, Rosanne Trezza, Maryland Benedict, Mirtha Conine, Kristin Ponton, Flossie Pangburn, Dixie Darsey, Kendrick Preston, Cari Pizzo, Ellamae Tallon, Abbie Kreidler, Dustin Arterburn, Catrice Lenton, Laila Holdren, Yang Soriano, Jon Shultis, Julian Clapper, Myles Cooke, Marcelle Herzog, Xochitl Calderwood, Leila Odle, Abby Peevy, Jarvis Millar, Lekisha Hinnenkamp, Angelia Keebler, Clementina Gormley, Verla Bearse, Cassaundra Loar, Ji Lamarche, Lilliam Mcghie, Alona Redel, Heidi Gravelle, Buck Slawson, Lindsay Henline, Mimi Winsor, Maxine Clauson, Lena Galusha, Talisha Geise, Stacie Austria, Georgia Cincotta, Cyrstal Robb, Cornelia Laney, Jere Routh, Archie Branning, Tomi Athey, Matha Beard, Bud Mclarty, Marlana Gillard, Elvis Leatherwood, Hellen Macrae, Meaghan Macinnis, Lezlie Luckey, Mozelle Reddy, Olene Ledgerwood, Shanda Cromer, Venice Sherry, Ron Copher, Arminda Valentino, Carolann Bronson, Charlyn Haggerty, Isaac Linebaugh, Elba Farr, Angelika March, Tyler Galbraith, Marylynn Chauvin, Luisa Ohm, Rocco Blubaugh, Alexandria Jantz, Winston Hemby, Tami Jepson, Anamaria Headrick, Nereida Truman, Hipolito Rowlands, Porter Marcinkowski, Bonny Forester, Rutha Crotty, Damion Wysocki, Colton Moschella, Wayne Basler, Joie Sly, Takisha Demo, Chas Arline, Joya Bristol, Neida Vartanian, Ellie Duca, Adela Slusher, Daniell Nicklas, Jammie Rapp, Bess Hugo, Marlin Holm, Mignon Carnes, Carey Baley, Herschel Sena, Ora Suddeth, Ted Broome, Heidi Poplawski, Carmen Ireland, Nelia Abrams, Adan Carden, Leanna Mazer, Kesha Shoop, Elza Aumick, Terence Grothe, Markita Brymer, Jazmine Mccolley, Alpha Hundley, Scot Hollis, Marcelina Koger, Naoma Whitman, Alfredia Semon, Miyoko Pinto, Simon Polinsky, Yulanda Marsden, Chloe Florey, Bernice Corcoran, Christine Parkinson, Marlys Matteson, Estella Lavallie, Madie Bhatti, Delpha Tharrington, Elwood Cortez, Sanjuanita Brotzman, Celeste Mahmood, Flor Hallock, Brigitte Rahm, Corazon Bohan, Cynthia Gines, Noble Krom, Rosalind Daniele, Sherrie Rivero, Mandi Swartwood, Ricky Latimer, Clara Villegas, Tyrone Antonio, Noah Deppen, Nelle Goodlow, Yesenia Tillett, Lynell Lando, Valentina Nitti, Cara Rakowski, Silas Chickering, Marguerite Schuman, Ian Reising, Rufus Hanshaw, Irma Encarnacion, Leoma Mazzei, Latesha Marini, Mallory Segarra, Torrie Harnois, Parker Forrest, Jed Frazier, Kimi Savard, Lashay Franz]
17:54:42.314 [main] INFO api.AvailableMembersApi - Validating members for Survey ID: 54
17:54:42.316 [main] INFO api.AvailableMembersApi - Received response for survey ID 55: Status Code = 200
17:54:42.322 [main] INFO api.AvailableMembersApi - Available names for survey ID 55: [Malissa Arn, Teri Villalobos, Yesenia Conte, Meghann Followell, Lee Harlow, Salvatore Monico, Sunshine Focht, Daina Maine, Ora Housand, Tasia Merritt, Gregory Lucchesi, Drucilla Wilhelm, Jaquelyn Levett, Mariko Hadfield, Sherita Arispe, Everett Northup, Micah Shirley, Wilhelmina Hibdon, Carolin Blauser, Chere Gamino, Fleta Giampaolo, Cleotilde Mcmiller, Sarai Morelli, Lashanda Abbott, Jeffry Dynes, Vernice Soto, Elna Phelan, Temika Huth, Adrianna Fentress, Tayna Rey, Ike Clink, Gaynell Croce, Darlena Farrington, Cherryl Carolina, Zoe Solar, Anjanette Krupp, Janiece Silvernail, Ivey Buskey, Viola Blackstock, Elane Martinelli, Kyla Kays, Alton Smedley, Voncile Hayner, Bebe Lehmkuhl, Inell Ruoff, Onita Holloway, Norman Castilleja, Delmar Tourville, Audry Berends, Zoraida Faulkner, Kellee Maddy, Florencio Muller, Jo Dettman, Rosanne Trezza, Maryland Benedict, Mirtha Conine, Kristin Ponton, Flossie Pangburn, Dixie Darsey, Kendrick Preston, Cari Pizzo, Ellamae Tallon, Abbie Kreidler, Dustin Arterburn, Catrice Lenton, Laila Holdren, Yang Soriano, Jon Shultis, Julian Clapper, Myles Cooke, Rheba Corbett, Marcelle Herzog, Xochitl Calderwood, Leila Odle, Abby Peevy, Jarvis Millar, Lekisha Hinnenkamp, Angelia Keebler, Clementina Gormley, Joslyn Keen, Cassaundra Loar, Lilliam Mcghie, Alona Redel, Heidi Gravelle, Buck Slawson, Lindsay Henline, Mimi Winsor, Maxine Clauson, Lena Galusha, Talisha Geise, Georgia Cincotta, Candis Gapinski, Cyrstal Robb, Cornelia Laney, Jere Routh, Archie Branning, Tomi Athey, Matha Beard, Bud Mclarty, Marlana Gillard, Elvis Leatherwood, Hellen Macrae, Meaghan Macinnis, Lezlie Luckey, Mozelle Reddy, Olene Ledgerwood, Shanda Cromer, Venice Sherry, Ron Copher, Arminda Valentino, Carolann Bronson, Charlyn Haggerty, Isaac Linebaugh, Elba Farr, Angelika March, Tyler Galbraith, Marylynn Chauvin, Luisa Ohm, Bette Carlos, Rocco Blubaugh, Alexandria Jantz, Tami Jepson, Anamaria Headrick, Nereida Truman, Hipolito Rowlands, Porter Marcinkowski, Bonny Forester, Rutha Crotty, Damion Wysocki, Colton Moschella, Wayne Basler, Joie Sly, Chas Arline, Joya Bristol, Neida Vartanian, Ellie Duca, Adela Slusher, Daniell Nicklas, Jammie Rapp, Bess Hugo, Mignon Carnes, Carey Baley, Dani Stroop, Maddie Mccusker, Herschel Sena, Ora Suddeth, Ted Broome, Birgit Mcglade, Heidi Poplawski, Carmen Ireland, Nelia Abrams, Adan Carden, Leanna Mazer, Kesha Shoop, Terence Grothe, Markita Brymer, Jazmine Mccolley, Alpha Hundley, Scot Hollis, Marcelina Koger, Naoma Whitman, Alfredia Semon, Miyoko Pinto, Isaura Morton, Leia Amico, Simon Polinsky, Yulanda Marsden, Chloe Florey, Bernice Corcoran, Christine Parkinson, Marlys Matteson, Estella Lavallie, Madie Bhatti, Delpha Tharrington, Sanjuanita Brotzman, Celeste Mahmood, Flor Hallock, Brigitte Rahm, Corazon Bohan, Cynthia Gines, Noble Krom, Rosalind Daniele, Margareta Ku, Sherrie Rivero, Mandi Swartwood, Ricky Latimer, Clara Villegas, Tyrone Antonio, Noah Deppen, Nelle Goodlow, Yesenia Tillett, Cara Rakowski, Silas Chickering, Marguerite Schuman, Thuy Decamp, Ian Reising, Rufus Hanshaw, Irma Encarnacion, Leoma Mazzei, Latesha Marini, Mallory Segarra, Torrie Harnois, Parker Forrest, Jed Frazier, Kimi Savard, Lashay Franz]
17:54:42.322 [main] INFO api.AvailableMembersApi - Validating members for Survey ID: 55
17:54:42.323 [main] INFO api.AvailableMembersApi - Received response for survey ID 56: Status Code = 200
17:54:42.330 [main] INFO api.AvailableMembersApi - Available names for survey ID 56: [Malissa Arn, Teri Villalobos, Yesenia Conte, Meghann Followell, Lee Harlow, Salvatore Monico, Sunshine Focht, Daina Maine, Ora Housand, Tasia Merritt, Gregory Lucchesi, Drucilla Wilhelm, Jaquelyn Levett, Mariko Hadfield, Janita Stroman, Sherita Arispe, Everett Northup, Micah Shirley, Wilhelmina Hibdon, Carolin Blauser, Lyla Almanza, Chere Gamino, Fleta Giampaolo, Cleotilde Mcmiller, Sarai Morelli, Lashanda Abbott, Jeffry Dynes, Vernice Soto, Elna Phelan, Adrianna Fentress, Tayna Rey, Ike Clink, Gaynell Croce, Darlena Farrington, Cherryl Carolina, Janiece Silvernail, Ivey Buskey, Viola Blackstock, Rachell Ankrom, Kyla Kays, Alton Smedley, Voncile Hayner, Bebe Lehmkuhl, Inell Ruoff, Onita Holloway, Delmar Tourville, Zoraida Faulkner, Kellee Maddy, Florencio Muller, Rosanne Trezza, Maryland Benedict, Mirtha Conine, Kristin Ponton, Flossie Pangburn, Yuko Steffes, Dixie Darsey, Kendrick Preston, Cari Pizzo, Abbie Kreidler, Dustin Arterburn, Catrice Lenton, Laila Holdren, Yang Soriano, Jon Shultis, Julian Clapper, Myles Cooke, Rheba Corbett, Marcelle Herzog, Xochitl Calderwood, Abby Peevy, Jarvis Millar, Lekisha Hinnenkamp, Angelia Keebler, Clementina Gormley, Joslyn Keen, Verla Bearse, Cassaundra Loar, Ji Lamarche, Lilliam Mcghie, Alona Redel, Heidi Gravelle, Buck Slawson, Lindsay Henline, Mimi Winsor, Maxine Clauson, Lena Galusha, Stacie Austria, Georgia Cincotta, Cyrstal Robb, Cornelia Laney, Jere Routh, Archie Branning, Matha Beard, Bud Mclarty, Marlana Gillard, Hellen Macrae, Meaghan Macinnis, Lezlie Luckey, Mozelle Reddy, Olene Ledgerwood, Shanda Cromer, Venice Sherry, Arminda Valentino, Isaac Linebaugh, Elba Farr, Angelika March, Tyler Galbraith, Marylynn Chauvin, Luisa Ohm, Bette Carlos, Alexandria Jantz, Winston Hemby, Tami Jepson, Anamaria Headrick, Nereida Truman, Hipolito Rowlands, Porter Marcinkowski, Bonny Forester, Rutha Crotty, Damion Wysocki, Colton Moschella, Wayne Basler, Joie Sly, Takisha Demo, Chas Arline, Joya Bristol, Neida Vartanian, Ellie Duca, Adela Slusher, Daniell Nicklas, Jammie Rapp, Bess Hugo, Marlin Holm, Mignon Carnes, Carey Baley, Dani Stroop, Maddie Mccusker, Ora Suddeth, Ted Broome, Birgit Mcglade, Heidi Poplawski, Carmen Ireland, Nelia Abrams, Adan Carden, Leanna Mazer, Kesha Shoop, Elza Aumick, Terence Grothe, Markita Brymer, Jazmine Mccolley, Alpha Hundley, Scot Hollis, Marcelina Koger, Naoma Whitman, Alfredia Semon, Miyoko Pinto, Simon Polinsky, Yulanda Marsden, Chloe Florey, Bernice Corcoran, Christine Parkinson, Estella Lavallie, Madie Bhatti, Delpha Tharrington, Elwood Cortez, Sanjuanita Brotzman, Celeste Mahmood, Flor Hallock, Brigitte Rahm, Corazon Bohan, Cynthia Gines, Noble Krom, Rosalind Daniele, Sherrie Rivero, Mandi Swartwood, Ricky Latimer, Clara Villegas, Tyrone Antonio, Noah Deppen, Nelle Goodlow, Yesenia Tillett, Lynell Lando, Loreen Morel, Valentina Nitti, Cara Rakowski, Silas Chickering, Marguerite Schuman, Thuy Decamp, Rufus Hanshaw, Irma Encarnacion, Leoma Mazzei, Latesha Marini, Mallory Segarra, Torrie Harnois, Parker Forrest, Jed Frazier, Kimi Savard, Lashay Franz]
17:54:42.330 [main] INFO api.AvailableMembersApi - Validating members for Survey ID: 56
17:54:42.331 [main] INFO api.AvailableMembersApi - Received response for survey ID 57: Status Code = 200
17:54:42.337 [main] INFO api.AvailableMembersApi - Available names for survey ID 57: [Malissa Arn, Teri Villalobos, Yesenia Conte, Meghann Followell, Lee Harlow, Sunshine Focht, Daina Maine, Ora Housand, Gregory Lucchesi, Drucilla Wilhelm, Jaquelyn Levett, Janita Stroman, Margarito Derringer, Sherita Arispe, Everett Northup, Micah Shirley, Wilhelmina Hibdon, Carolin Blauser, Chere Gamino, Fleta Giampaolo, Cleotilde Mcmiller, Sarai Morelli, Jeffry Dynes, Elna Phelan, Temika Huth, Adrianna Fentress, Tayna Rey, Ike Clink, Gaynell Croce, Darlena Farrington, Cherryl Carolina, Anjanette Krupp, Janiece Silvernail, Ivey Buskey, Viola Blackstock, Rachell Ankrom, Kyla Kays, Voncile Hayner, Bebe Lehmkuhl, Inell Ruoff, Onita Holloway, Norman Castilleja, Delmar Tourville, Audry Berends, Zoraida Faulkner, Kellee Maddy, Florencio Muller, Rosanne Trezza, Maryland Benedict, Mirtha Conine, Kristin Ponton, Flossie Pangburn, Dixie Darsey, Kendrick Preston, Cari Pizzo, Abbie Kreidler, Dustin Arterburn, Catrice Lenton, Laila Holdren, Yang Soriano, Jon Shultis, Julian Clapper, Myles Cooke, Rheba Corbett, Marcelle Herzog, Xochitl Calderwood, Leila Odle, Abby Peevy, Jarvis Millar, Lekisha Hinnenkamp, Angelia Keebler, Clementina Gormley, Joslyn Keen, Verla Bearse, Cassaundra Loar, Lilliam Mcghie, Alona Redel, Heidi Gravelle, Buck Slawson, Lindsay Henline, Mimi Winsor, Maxine Clauson, Talisha Geise, Stacie Austria, Georgia Cincotta, Candis Gapinski, Cyrstal Robb, Cornelia Laney, Jere Routh, Archie Branning, Tomi Athey, Matha Beard, Bud Mclarty, Marlana Gillard, Elvis Leatherwood, Hellen Macrae, Meaghan Macinnis, Lezlie Luckey, Mozelle Reddy, Olene Ledgerwood, Venice Sherry, Ron Copher, Arminda Valentino, Carolann Bronson, Charlyn Haggerty, Isaac Linebaugh, Elba Farr, Angelika March, Tyler Galbraith, Marylynn Chauvin, Luisa Ohm, Bette Carlos, Rocco Blubaugh, Alexandria Jantz, Winston Hemby, Tami Jepson, Anamaria Headrick, Nereida Truman, Hipolito Rowlands, Porter Marcinkowski, Bonny Forester, Rutha Crotty, Damion Wysocki, Colton Moschella, Wayne Basler, Joie Sly, Takisha Demo, Chas Arline, Joya Bristol, Neida Vartanian, Ellie Duca, Adela Slusher, Daniell Nicklas, Jammie Rapp, Marlin Holm, Mignon Carnes, Carey Baley, Dani Stroop, Maddie Mccusker, Herschel Sena, Ora Suddeth, Ted Broome, Heidi Poplawski, Carmen Ireland, Nelia Abrams, Adan Carden, Leanna Mazer, Kesha Shoop, Elza Aumick, Terence Grothe, Markita Brymer, Alpha Hundley, Scot Hollis, Marcelina Koger, Naoma Whitman, Miyoko Pinto, Isaura Morton, Leia Amico, Simon Polinsky, Yulanda Marsden, Chloe Florey, Bernice Corcoran, Christine Parkinson, Marlys Matteson, Estella Lavallie, Madie Bhatti, Delpha Tharrington, Elwood Cortez, Sanjuanita Brotzman, Celeste Mahmood, Flor Hallock, Brigitte Rahm, Corazon Bohan, Cynthia Gines, Noble Krom, Rosalind Daniele, Margareta Ku, Sherrie Rivero, Mandi Swartwood, Ricky Latimer, Clara Villegas, Tyrone Antonio, Noah Deppen, Nelle Goodlow, Yesenia Tillett, Lynell Lando, Valentina Nitti, Cara Rakowski, Silas Chickering, Marguerite Schuman, Thuy Decamp, Ian Reising, Rufus Hanshaw, Irma Encarnacion, Leoma Mazzei, Latesha Marini, Mallory Segarra, Torrie Harnois, Parker Forrest, Jed Frazier, Kimi Savard, Lashay Franz]
17:54:42.337 [main] INFO api.AvailableMembersApi - Validating members for Survey ID: 57
17:54:42.339 [main] INFO api.AvailableMembersApi - Received response for survey ID 58: Status Code = 200
17:54:42.344 [main] INFO api.AvailableMembersApi - Available names for survey ID 58: [Malissa Arn, Teri Villalobos, Meghann Followell, Lee Harlow, Salvatore Monico, Sunshine Focht, Daina Maine, Ora Housand, Tasia Merritt, Gregory Lucchesi, Drucilla Wilhelm, Jaquelyn Levett, Mariko Hadfield, Janita Stroman, Margarito Derringer, Sherita Arispe, Everett Northup, Micah Shirley, Wilhelmina Hibdon, Carolin Blauser, Lyla Almanza, Cleotilde Mcmiller, Sarai Morelli, Lashanda Abbott, Jeffry Dynes, Vernice Soto, Elna Phelan, Adrianna Fentress, Tayna Rey, Ike Clink, Gaynell Croce, Cherryl Carolina, Zoe Solar, Anjanette Krupp, Janiece Silvernail, Ivey Buskey, Viola Blackstock, Elane Martinelli, Rachell Ankrom, Kyla Kays, Alton Smedley, Voncile Hayner, Bebe Lehmkuhl, Inell Ruoff, Norman Castilleja, Delmar Tourville, Audry Berends, Zoraida Faulkner, Kellee Maddy, Jo Dettman, Rosanne Trezza, Maryland Benedict, Mirtha Conine, Kristin Ponton, Yuko Steffes, Dixie Darsey, Kendrick Preston, Ellamae Tallon, Abbie Kreidler, Dustin Arterburn, Yang Soriano, Jon Shultis, Julian Clapper, Myles Cooke, Rheba Corbett, Marcelle Herzog, Xochitl Calderwood, Abby Peevy, Jarvis Millar, Lekisha Hinnenkamp, Angelia Keebler, Clementina Gormley, Joslyn Keen, Verla Bearse, Cassaundra Loar, Ji Lamarche, Lilliam Mcghie, Alona Redel, Heidi Gravelle, Buck Slawson, Lindsay Henline, Mimi Winsor, Maxine Clauson, Lena Galusha, Talisha Geise, Stacie Austria, Georgia Cincotta, Cyrstal Robb, Cornelia Laney, Jere Routh, Archie Branning, Tomi Athey, Matha Beard, Bud Mclarty, Marlana Gillard, Hellen Macrae, Meaghan Macinnis, Lezlie Luckey, Mozelle Reddy, Olene Ledgerwood, Venice Sherry, Ron Copher, Charlyn Haggerty, Isaac Linebaugh, Elba Farr, Angelika March, Tyler Galbraith, Marylynn Chauvin, Luisa Ohm, Rocco Blubaugh, Alexandria Jantz, Winston Hemby, Nereida Truman, Hipolito Rowlands, Porter Marcinkowski, Bonny Forester, Rutha Crotty, Damion Wysocki, Colton Moschella, Wayne Basler, Joie Sly, Takisha Demo, Chas Arline, Joya Bristol, Neida Vartanian, Adela Slusher, Daniell Nicklas, Bess Hugo, Marlin Holm, Mignon Carnes, Carey Baley, Dani Stroop, Maddie Mccusker, Ora Suddeth, Ted Broome, Birgit Mcglade, Heidi Poplawski, Carmen Ireland, Nelia Abrams, Adan Carden, Leanna Mazer, Kesha Shoop, Elza Aumick, Terence Grothe, Markita Brymer, Jazmine Mccolley, Alpha Hundley, Scot Hollis, Marcelina Koger, Naoma Whitman, Alfredia Semon, Miyoko Pinto, Isaura Morton, Leia Amico, Yulanda Marsden, Chloe Florey, Bernice Corcoran, Christine Parkinson, Marlys Matteson, Estella Lavallie, Madie Bhatti, Delpha Tharrington, Elwood Cortez, Sanjuanita Brotzman, Celeste Mahmood, Flor Hallock, Brigitte Rahm, Corazon Bohan, Cynthia Gines, Noble Krom, Rosalind Daniele, Margareta Ku, Sherrie Rivero, Mandi Swartwood, Ricky Latimer, Clara Villegas, Tyrone Antonio, Noah Deppen, Nelle Goodlow, Yesenia Tillett, Valentina Nitti, Cara Rakowski, Silas Chickering, Marguerite Schuman, Thuy Decamp, Ian Reising, Rufus Hanshaw, Leoma Mazzei, Latesha Marini, Mallory Segarra, Torrie Harnois, Parker Forrest, Jed Frazier, Kimi Savard, Lashay Franz]
17:54:42.345 [main] INFO api.AvailableMembersApi - Validating members for Survey ID: 58
17:54:42.346 [main] INFO api.AvailableMembersApi - Received response for survey ID 59: Status Code = 200
17:54:42.352 [main] INFO api.AvailableMembersApi - Available names for survey ID 59: [Malissa Arn, Teri Villalobos, Yesenia Conte, Meghann Followell, Sunshine Focht, Daina Maine, Ora Housand, Tasia Merritt, Gregory Lucchesi, Drucilla Wilhelm, Jaquelyn Levett, Mariko Hadfield, Janita Stroman, Margarito Derringer, Sherita Arispe, Everett Northup, Micah Shirley, Wilhelmina Hibdon, Carolin Blauser, Lyla Almanza, Chere Gamino, Fleta Giampaolo, Cleotilde Mcmiller, Sarai Morelli, Lashanda Abbott, Jeffry Dynes, Vernice Soto, Elna Phelan, Temika Huth, Adrianna Fentress, Gaynell Croce, Darlena Farrington, Cherryl Carolina, Zoe Solar, Janiece Silvernail, Ivey Buskey, Viola Blackstock, Elane Martinelli, Rachell Ankrom, Kyla Kays, Alton Smedley, Voncile Hayner, Bebe Lehmkuhl, Norman Castilleja, Delmar Tourville, Audry Berends, Zoraida Faulkner, Florencio Muller, Jo Dettman, Rosanne Trezza, Mirtha Conine, Kristin Ponton, Flossie Pangburn, Yuko Steffes, Dixie Darsey, Kendrick Preston, Cari Pizzo, Ellamae Tallon, Dustin Arterburn, Laila Holdren, Yang Soriano, Jon Shultis, Julian Clapper, Myles Cooke, Rheba Corbett, Marcelle Herzog, Xochitl Calderwood, Leila Odle, Abby Peevy, Jarvis Millar, Lekisha Hinnenkamp, Angelia Keebler, Clementina Gormley, Joslyn Keen, Verla Bearse, Cassaundra Loar, Ji Lamarche, Lilliam Mcghie, Alona Redel, Heidi Gravelle, Buck Slawson, Lindsay Henline, Mimi Winsor, Maxine Clauson, Lena Galusha, Talisha Geise, Stacie Austria, Candis Gapinski, Cyrstal Robb, Cornelia Laney, Jere Routh, Matha Beard, Bud Mclarty, Marlana Gillard, Elvis Leatherwood, Hellen Macrae, Meaghan Macinnis, Lezlie Luckey, Mozelle Reddy, Olene Ledgerwood, Shanda Cromer, Venice Sherry, Ron Copher, Arminda Valentino, Charlyn Haggerty, Isaac Linebaugh, Elba Farr, Angelika March, Tyler Galbraith, Luisa Ohm, Bette Carlos, Alexandria Jantz, Tami Jepson, Anamaria Headrick, Nereida Truman, Hipolito Rowlands, Porter Marcinkowski, Bonny Forester, Rutha Crotty, Damion Wysocki, Colton Moschella, Wayne Basler, Joya Bristol, Neida Vartanian, Ellie Duca, Adela Slusher, Daniell Nicklas, Jammie Rapp, Bess Hugo, Marlin Holm, Mignon Carnes, Carey Baley, Dani Stroop, Maddie Mccusker, Herschel Sena, Ora Suddeth, Ted Broome, Birgit Mcglade, Heidi Poplawski, Carmen Ireland, Nelia Abrams, Adan Carden, Leanna Mazer, Elza Aumick, Terence Grothe, Alpha Hundley, Scot Hollis, Marcelina Koger, Naoma Whitman, Alfredia Semon, Miyoko Pinto, Isaura Morton, Leia Amico, Simon Polinsky, Yulanda Marsden, Chloe Florey, Bernice Corcoran, Christine Parkinson, Marlys Matteson, Estella Lavallie, Madie Bhatti, Elwood Cortez, Sanjuanita Brotzman, Celeste Mahmood, Flor Hallock, Brigitte Rahm, Corazon Bohan, Cynthia Gines, Noble Krom, Rosalind Daniele, Margareta Ku, Sherrie Rivero, Mandi Swartwood, Ricky Latimer, Clara Villegas, Tyrone Antonio, Nelle Goodlow, Yesenia Tillett, Lynell Lando, Loreen Morel, Valentina Nitti, Cara Rakowski, Silas Chickering, Marguerite Schuman, Thuy Decamp, Rufus Hanshaw, Irma Encarnacion, Leoma Mazzei, Latesha Marini, Parker Forrest, Jed Frazier, Kimi Savard, Lashay Franz]
17:54:42.352 [main] INFO api.AvailableMembersApi - Validating members for Survey ID: 59
17:54:42.354 [main] INFO api.AvailableMembersApi - Received response for survey ID 60: Status Code = 200
17:54:42.359 [main] INFO api.AvailableMembersApi - Available names for survey ID 60: [Malissa Arn, Yesenia Conte, Meghann Followell, Lee Harlow, Salvatore Monico, Sunshine Focht, Daina Maine, Ora Housand, Gregory Lucchesi, Drucilla Wilhelm, Jaquelyn Levett, Mariko Hadfield, Janita Stroman, Margarito Derringer, Sherita Arispe, Everett Northup, Micah Shirley, Carolin Blauser, Chere Gamino, Fleta Giampaolo, Cleotilde Mcmiller, Sarai Morelli, Jeffry Dynes, Vernice Soto, Elna Phelan, Temika Huth, Adrianna Fentress, Tayna Rey, Ike Clink, Gaynell Croce, Darlena Farrington, Cherryl Carolina, Zoe Solar, Anjanette Krupp, Janiece Silvernail, Ivey Buskey, Elane Martinelli, Rachell Ankrom, Kyla Kays, Alton Smedley, Voncile Hayner, Bebe Lehmkuhl, Inell Ruoff, Onita Holloway, Norman Castilleja, Delmar Tourville, Audry Berends, Zoraida Faulkner, Kellee Maddy, Maryland Benedict, Mirtha Conine, Kristin Ponton, Flossie Pangburn, Yuko Steffes, Dixie Darsey, Kendrick Preston, Cari Pizzo, Ellamae Tallon, Abbie Kreidler, Dustin Arterburn, Catrice Lenton, Laila Holdren, Jon Shultis, Julian Clapper, Myles Cooke, Rheba Corbett, Marcelle Herzog, Xochitl Calderwood, Leila Odle, Abby Peevy, Lekisha Hinnenkamp, Angelia Keebler, Joslyn Keen, Verla Bearse, Cassaundra Loar, Ji Lamarche, Lilliam Mcghie, Alona Redel, Heidi Gravelle, Buck Slawson, Lindsay Henline, Mimi Winsor, Lena Galusha, Talisha Geise, Stacie Austria, Georgia Cincotta, Candis Gapinski, Cyrstal Robb, Cornelia Laney, Jere Routh, Archie Branning, Tomi Athey, Matha Beard, Bud Mclarty, Marlana Gillard, Hellen Macrae, Meaghan Macinnis, Mozelle Reddy, Olene Ledgerwood, Shanda Cromer, Venice Sherry, Ron Copher, Arminda Valentino, Carolann Bronson, Charlyn Haggerty, Isaac Linebaugh, Elba Farr, Angelika March, Tyler Galbraith, Luisa Ohm, Bette Carlos, Rocco Blubaugh, Alexandria Jantz, Winston Hemby, Anamaria Headrick, Nereida Truman, Hipolito Rowlands, Porter Marcinkowski, Bonny Forester, Rutha Crotty, Damion Wysocki, Colton Moschella, Wayne Basler, Joie Sly, Chas Arline, Joya Bristol, Neida Vartanian, Ellie Duca, Adela Slusher, Daniell Nicklas, Jammie Rapp, Bess Hugo, Marlin Holm, Mignon Carnes, Carey Baley, Dani Stroop, Maddie Mccusker, Herschel Sena, Ora Suddeth, Ted Broome, Birgit Mcglade, Heidi Poplawski, Carmen Ireland, Nelia Abrams, Adan Carden, Leanna Mazer, Kesha Shoop, Elza Aumick, Terence Grothe, Jazmine Mccolley, Alpha Hundley, Scot Hollis, Marcelina Koger, Naoma Whitman, Alfredia Semon, Miyoko Pinto, Isaura Morton, Leia Amico, Simon Polinsky, Yulanda Marsden, Chloe Florey, Bernice Corcoran, Christine Parkinson, Marlys Matteson, Estella Lavallie, Elwood Cortez, Sanjuanita Brotzman, Celeste Mahmood, Flor Hallock, Brigitte Rahm, Corazon Bohan, Cynthia Gines, Noble Krom, Rosalind Daniele, Margareta Ku, Sherrie Rivero, Mandi Swartwood, Ricky Latimer, Clara Villegas, Tyrone Antonio, Noah Deppen, Nelle Goodlow, Yesenia Tillett, Lynell Lando, Loreen Morel, Valentina Nitti, Cara Rakowski, Silas Chickering, Marguerite Schuman, Thuy Decamp, Rufus Hanshaw, Irma Encarnacion, Leoma Mazzei, Latesha Marini, Mallory Segarra, Torrie Harnois, Parker Forrest, Jed Frazier, Kimi Savard, Lashay Franz]
17:54:42.359 [main] INFO api.AvailableMembersApi - Validating members for Survey ID: 60
17:54:42.361 [main] INFO api.AvailableMembersApi - Received response for survey ID 61: Status Code = 200
17:54:42.367 [main] INFO api.AvailableMembersApi - Available names for survey ID 61: [Malissa Arn, Teri Villalobos, Yesenia Conte, Meghann Followell, Lee Harlow, Salvatore Monico, Daina Maine, Tasia Merritt, Jaquelyn Levett, Mariko Hadfield, Janita Stroman, Margarito Derringer, Sherita Arispe, Everett Northup, Wilhelmina Hibdon, Carolin Blauser, Lyla Almanza, Chere Gamino, Fleta Giampaolo, Cleotilde Mcmiller, Sarai Morelli, Lashanda Abbott, Jeffry Dynes, Vernice Soto, Elna Phelan, Temika Huth, Adrianna Fentress, Tayna Rey, Ike Clink, Gaynell Croce, Darlena Farrington, Cherryl Carolina, Zoe Solar, Anjanette Krupp, Janiece Silvernail, Ivey Buskey, Viola Blackstock, Elane Martinelli, Rachell Ankrom, Kyla Kays, Alton Smedley, Voncile Hayner, Bebe Lehmkuhl, Inell Ruoff, Onita Holloway, Norman Castilleja, Delmar Tourville, Audry Berends, Zoraida Faulkner, Kellee Maddy, Jo Dettman, Rosanne Trezza, Maryland Benedict, Mirtha Conine, Kristin Ponton, Flossie Pangburn, Yuko Steffes, Dixie Darsey, Kendrick Preston, Cari Pizzo, Ellamae Tallon, Abbie Kreidler, Dustin Arterburn, Catrice Lenton, Laila Holdren, Jon Shultis, Julian Clapper, Myles Cooke, Rheba Corbett, Marcelle Herzog, Xochitl Calderwood, Leila Odle, Abby Peevy, Jarvis Millar, Lekisha Hinnenkamp, Angelia Keebler, Clementina Gormley, Joslyn Keen, Verla Bearse, Cassaundra Loar, Ji Lamarche, Lilliam Mcghie, Alona Redel, Heidi Gravelle, Buck Slawson, Lindsay Henline, Mimi Winsor, Maxine Clauson, Lena Galusha, Talisha Geise, Stacie Austria, Georgia Cincotta, Candis Gapinski, Cyrstal Robb, Cornelia Laney, Jere Routh, Archie Branning, Tomi Athey, Matha Beard, Bud Mclarty, Marlana Gillard, Elvis Leatherwood, Hellen Macrae, Meaghan Macinnis, Lezlie Luckey, Mozelle Reddy, Olene Ledgerwood, Shanda Cromer, Ron Copher, Carolann Bronson, Charlyn Haggerty, Elba Farr, Angelika March, Tyler Galbraith, Marylynn Chauvin, Luisa Ohm, Bette Carlos, Rocco Blubaugh, Alexandria Jantz, Winston Hemby, Tami Jepson, Anamaria Headrick, Nereida Truman, Hipolito Rowlands, Porter Marcinkowski, Bonny Forester, Rutha Crotty, Damion Wysocki, Colton Moschella, Wayne Basler, Joie Sly, Takisha Demo, Chas Arline, Joya Bristol, Neida Vartanian, Ellie Duca, Adela Slusher, Daniell Nicklas, Jammie Rapp, Bess Hugo, Marlin Holm, Mignon Carnes, Carey Baley, Dani Stroop, Maddie Mccusker, Herschel Sena, Ora Suddeth, Ted Broome, Birgit Mcglade, Heidi Poplawski, Carmen Ireland, Nelia Abrams, Adan Carden, Kesha Shoop, Elza Aumick, Terence Grothe, Markita Brymer, Jazmine Mccolley, Alpha Hundley, Marcelina Koger, Naoma Whitman, Miyoko Pinto, Isaura Morton, Leia Amico, Simon Polinsky, Yulanda Marsden, Chloe Florey, Christine Parkinson, Marlys Matteson, Estella Lavallie, Madie Bhatti, Delpha Tharrington, Elwood Cortez, Sanjuanita Brotzman, Celeste Mahmood, Flor Hallock, Brigitte Rahm, Corazon Bohan, Cynthia Gines, Noble Krom, Rosalind Daniele, Margareta Ku, Sherrie Rivero, Mandi Swartwood, Clara Villegas, Tyrone Antonio, Noah Deppen, Nelle Goodlow, Yesenia Tillett, Lynell Lando, Loreen Morel, Valentina Nitti, Cara Rakowski, Silas Chickering, Marguerite Schuman, Thuy Decamp, Ian Reising, Rufus Hanshaw, Irma Encarnacion, Leoma Mazzei, Latesha Marini, Mallory Segarra, Torrie Harnois, Parker Forrest, Jed Frazier, Kimi Savard, Lashay Franz]
17:54:42.367 [main] INFO api.AvailableMembersApi - Validating members for Survey ID: 61
17:54:42.369 [main] INFO api.AvailableMembersApi - Received response for survey ID 62: Status Code = 200
17:54:42.374 [main] INFO api.AvailableMembersApi - Available names for survey ID 62: [Malissa Arn, Yesenia Conte, Lee Harlow, Salvatore Monico, Sunshine Focht, Daina Maine, Ora Housand, Tasia Merritt, Gregory Lucchesi, Jaquelyn Levett, Mariko Hadfield, Janita Stroman, Margarito Derringer, Sherita Arispe, Everett Northup, Micah Shirley, Wilhelmina Hibdon, Carolin Blauser, Lyla Almanza, Fleta Giampaolo, Cleotilde Mcmiller, Lashanda Abbott, Jeffry Dynes, Vernice Soto, Elna Phelan, Temika Huth, Adrianna Fentress, Tayna Rey, Ike Clink, Darlena Farrington, Zoe Solar, Anjanette Krupp, Janiece Silvernail, Ivey Buskey, Viola Blackstock, Elane Martinelli, Rachell Ankrom, Kyla Kays, Alton Smedley, Voncile Hayner, Bebe Lehmkuhl, Inell Ruoff, Onita Holloway, Norman Castilleja, Delmar Tourville, Audry Berends, Zoraida Faulkner, Kellee Maddy, Florencio Muller, Jo Dettman, Rosanne Trezza, Kristin Ponton, Yuko Steffes, Dixie Darsey, Kendrick Preston, Cari Pizzo, Abbie Kreidler, Dustin Arterburn, Catrice Lenton, Laila Holdren, Yang Soriano, Jon Shultis, Julian Clapper, Myles Cooke, Rheba Corbett, Marcelle Herzog, Xochitl Calderwood, Leila Odle, Abby Peevy, Jarvis Millar, Lekisha Hinnenkamp, Angelia Keebler, Clementina Gormley, Joslyn Keen, Verla Bearse, Ji Lamarche, Lilliam Mcghie, Alona Redel, Heidi Gravelle, Buck Slawson, Lindsay Henline, Mimi Winsor, Maxine Clauson, Lena Galusha, Talisha Geise, Stacie Austria, Candis Gapinski, Cyrstal Robb, Cornelia Laney, Jere Routh, Archie Branning, Tomi Athey, Matha Beard, Bud Mclarty, Marlana Gillard, Hellen Macrae, Lezlie Luckey, Olene Ledgerwood, Shanda Cromer, Venice Sherry, Ron Copher, Arminda Valentino, Carolann Bronson, Charlyn Haggerty, Isaac Linebaugh, Elba Farr, Angelika March, Tyler Galbraith, Marylynn Chauvin, Bette Carlos, Rocco Blubaugh, Alexandria Jantz, Winston Hemby, Tami Jepson, Anamaria Headrick, Nereida Truman, Hipolito Rowlands, Bonny Forester, Rutha Crotty, Damion Wysocki, Colton Moschella, Wayne Basler, Joie Sly, Takisha Demo, Chas Arline, Joya Bristol, Neida Vartanian, Ellie Duca, Adela Slusher, Daniell Nicklas, Jammie Rapp, Bess Hugo, Marlin Holm, Mignon Carnes, Carey Baley, Dani Stroop, Herschel Sena, Ora Suddeth, Ted Broome, Birgit Mcglade, Heidi Poplawski, Carmen Ireland, Nelia Abrams, Leanna Mazer, Kesha Shoop, Terence Grothe, Markita Brymer, Jazmine Mccolley, Alpha Hundley, Scot Hollis, Marcelina Koger, Naoma Whitman, Miyoko Pinto, Isaura Morton, Leia Amico, Simon Polinsky, Chloe Florey, Bernice Corcoran, Christine Parkinson, Marlys Matteson, Estella Lavallie, Madie Bhatti, Delpha Tharrington, Elwood Cortez, Sanjuanita Brotzman, Celeste Mahmood, Flor Hallock, Brigitte Rahm, Corazon Bohan, Cynthia Gines, Noble Krom, Rosalind Daniele, Margareta Ku, Sherrie Rivero, Mandi Swartwood, Ricky Latimer, Clara Villegas, Tyrone Antonio, Nelle Goodlow, Yesenia Tillett, Loreen Morel, Valentina Nitti, Cara Rakowski, Silas Chickering, Marguerite Schuman, Thuy Decamp, Ian Reising, Rufus Hanshaw, Irma Encarnacion, Leoma Mazzei, Latesha Marini, Mallory Segarra, Jed Frazier, Lashay Franz]
17:54:42.375 [main] INFO api.AvailableMembersApi - Validating members for Survey ID: 62
17:54:42.377 [main] INFO api.AvailableMembersApi - Received response for survey ID 63: Status Code = 200
17:54:42.383 [main] INFO api.AvailableMembersApi - Available names for survey ID 63: [Malissa Arn, Teri Villalobos, Yesenia Conte, Meghann Followell, Salvatore Monico, Sunshine Focht, Daina Maine, Ora Housand, Tasia Merritt, Gregory Lucchesi, Drucilla Wilhelm, Jaquelyn Levett, Mariko Hadfield, Janita Stroman, Margarito Derringer, Everett Northup, Wilhelmina Hibdon, Carolin Blauser, Lyla Almanza, Chere Gamino, Fleta Giampaolo, Cleotilde Mcmiller, Sarai Morelli, Lashanda Abbott, Jeffry Dynes, Vernice Soto, Elna Phelan, Temika Huth, Adrianna Fentress, Tayna Rey, Gaynell Croce, Darlena Farrington, Zoe Solar, Anjanette Krupp, Janiece Silvernail, Ivey Buskey, Viola Blackstock, Elane Martinelli, Rachell Ankrom, Kyla Kays, Alton Smedley, Bebe Lehmkuhl, Inell Ruoff, Onita Holloway, Norman Castilleja, Delmar Tourville, Zoraida Faulkner, Kellee Maddy, Florencio Muller, Jo Dettman, Rosanne Trezza, Maryland Benedict, Mirtha Conine, Kristin Ponton, Flossie Pangburn, Yuko Steffes, Dixie Darsey, Kendrick Preston, Cari Pizzo, Ellamae Tallon, Abbie Kreidler, Dustin Arterburn, Catrice Lenton, Laila Holdren, Yang Soriano, Jon Shultis, Julian Clapper, Myles Cooke, Rheba Corbett, Marcelle Herzog, Xochitl Calderwood, Leila Odle, Abby Peevy, Lekisha Hinnenkamp, Clementina Gormley, Joslyn Keen, Verla Bearse, Cassaundra Loar, Ji Lamarche, Lilliam Mcghie, Alona Redel, Heidi Gravelle, Buck Slawson, Lindsay Henline, Mimi Winsor, Maxine Clauson, Lena Galusha, Talisha Geise, Stacie Austria, Georgia Cincotta, Candis Gapinski, Cyrstal Robb, Cornelia Laney, Jere Routh, Archie Branning, Tomi Athey, Matha Beard, Bud Mclarty, Marlana Gillard, Elvis Leatherwood, Hellen Macrae, Meaghan Macinnis, Lezlie Luckey, Mozelle Reddy, Olene Ledgerwood, Shanda Cromer, Venice Sherry, Ron Copher, Arminda Valentino, Carolann Bronson, Charlyn Haggerty, Isaac Linebaugh, Elba Farr, Angelika March, Tyler Galbraith, Marylynn Chauvin, Luisa Ohm, Bette Carlos, Rocco Blubaugh, Alexandria Jantz, Winston Hemby, Tami Jepson, Anamaria Headrick, Nereida Truman, Hipolito Rowlands, Porter Marcinkowski, Bonny Forester, Rutha Crotty, Damion Wysocki, Colton Moschella, Wayne Basler, Joie Sly, Takisha Demo, Chas Arline, Neida Vartanian, Ellie Duca, Adela Slusher, Daniell Nicklas, Jammie Rapp, Bess Hugo, Mignon Carnes, Carey Baley, Dani Stroop, Maddie Mccusker, Herschel Sena, Ora Suddeth, Ted Broome, Heidi Poplawski, Carmen Ireland, Nelia Abrams, Adan Carden, Leanna Mazer, Kesha Shoop, Elza Aumick, Terence Grothe, Markita Brymer, Jazmine Mccolley, Alpha Hundley, Scot Hollis, Marcelina Koger, Alfredia Semon, Miyoko Pinto, Leia Amico, Yulanda Marsden, Bernice Corcoran, Marlys Matteson, Estella Lavallie, Madie Bhatti, Delpha Tharrington, Elwood Cortez, Sanjuanita Brotzman, Celeste Mahmood, Flor Hallock, Brigitte Rahm, Corazon Bohan, Cynthia Gines, Noble Krom, Rosalind Daniele, Margareta Ku, Sherrie Rivero, Mandi Swartwood, Ricky Latimer, Clara Villegas, Tyrone Antonio, Noah Deppen, Nelle Goodlow, Lynell Lando, Loreen Morel, Cara Rakowski, Silas Chickering, Thuy Decamp, Ian Reising, Rufus Hanshaw, Irma Encarnacion, Leoma Mazzei, Latesha Marini, Mallory Segarra, Torrie Harnois, Parker Forrest, Jed Frazier, Kimi Savard, Lashay Franz]
17:54:42.384 [main] INFO api.AvailableMembersApi - Validating members for Survey ID: 63
17:54:42.385 [main] INFO api.AvailableMembersApi - Received response for survey ID 64: Status Code = 200
17:54:42.394 [main] INFO api.AvailableMembersApi - Available names for survey ID 64: [Malissa Arn, Teri Villalobos, Lee Harlow, Salvatore Monico, Sunshine Focht, Daina Maine, Ora Housand, Gregory Lucchesi, Drucilla Wilhelm, Jaquelyn Levett, Mariko Hadfield, Janita Stroman, Margarito Derringer, Everett Northup, Micah Shirley, Wilhelmina Hibdon, Lyla Almanza, Chere Gamino, Fleta Giampaolo, Cleotilde Mcmiller, Sarai Morelli, Lashanda Abbott, Jeffry Dynes, Elna Phelan, Temika Huth, Adrianna Fentress, Tayna Rey, Ike Clink, Gaynell Croce, Darlena Farrington, Cherryl Carolina, Zoe Solar, Anjanette Krupp, Janiece Silvernail, Ivey Buskey, Viola Blackstock, Elane Martinelli, Rachell Ankrom, Alton Smedley, Voncile Hayner, Bebe Lehmkuhl, Inell Ruoff, Onita Holloway, Norman Castilleja, Delmar Tourville, Audry Berends, Zoraida Faulkner, Kellee Maddy, Jo Dettman, Rosanne Trezza, Maryland Benedict, Mirtha Conine, Kristin Ponton, Flossie Pangburn, Dixie Darsey, Kendrick Preston, Cari Pizzo, Ellamae Tallon, Abbie Kreidler, Dustin Arterburn, Catrice Lenton, Yang Soriano, Jon Shultis, Julian Clapper, Myles Cooke, Rheba Corbett, Marcelle Herzog, Xochitl Calderwood, Leila Odle, Abby Peevy, Jarvis Millar, Lekisha Hinnenkamp, Angelia Keebler, Clementina Gormley, Joslyn Keen, Verla Bearse, Cassaundra Loar, Ji Lamarche, Lilliam Mcghie, Alona Redel, Lindsay Henline, Mimi Winsor, Maxine Clauson, Lena Galusha, Talisha Geise, Stacie Austria, Georgia Cincotta, Candis Gapinski, Cyrstal Robb, Cornelia Laney, Jere Routh, Archie Branning, Tomi Athey, Matha Beard, Bud Mclarty, Marlana Gillard, Elvis Leatherwood, Hellen Macrae, Meaghan Macinnis, Lezlie Luckey, Mozelle Reddy, Olene Ledgerwood, Shanda Cromer, Venice Sherry, Ron Copher, Arminda Valentino, Carolann Bronson, Charlyn Haggerty, Isaac Linebaugh, Elba Farr, Angelika March, Tyler Galbraith, Marylynn Chauvin, Luisa Ohm, Bette Carlos, Rocco Blubaugh, Alexandria Jantz, Winston Hemby, Tami Jepson, Anamaria Headrick, Nereida Truman, Hipolito Rowlands, Bonny Forester, Rutha Crotty, Damion Wysocki, Wayne Basler, Joie Sly, Takisha Demo, Chas Arline, Joya Bristol, Neida Vartanian, Ellie Duca, Adela Slusher, Daniell Nicklas, Jammie Rapp, Bess Hugo, Marlin Holm, Mignon Carnes, Carey Baley, Dani Stroop, Maddie Mccusker, Herschel Sena, Ora Suddeth, Ted Broome, Birgit Mcglade, Heidi Poplawski, Carmen Ireland, Nelia Abrams, Adan Carden, Leanna Mazer, Kesha Shoop, Terence Grothe, Markita Brymer, Jazmine Mccolley, Alpha Hundley, Scot Hollis, Marcelina Koger, Naoma Whitman, Miyoko Pinto, Isaura Morton, Leia Amico, Simon Polinsky, Yulanda Marsden, Chloe Florey, Bernice Corcoran, Christine Parkinson, Marlys Matteson, Estella Lavallie, Madie Bhatti, Delpha Tharrington, Elwood Cortez, Sanjuanita Brotzman, Celeste Mahmood, Brigitte Rahm, Corazon Bohan, Cynthia Gines, Noble Krom, Sherrie Rivero, Mandi Swartwood, Ricky Latimer, Clara Villegas, Tyrone Antonio, Noah Deppen, Nelle Goodlow, Yesenia Tillett, Cara Rakowski, Silas Chickering, Marguerite Schuman, Thuy Decamp, Ian Reising, Rufus Hanshaw, Irma Encarnacion, Leoma Mazzei, Latesha Marini, Mallory Segarra, Torrie Harnois, Parker Forrest, Jed Frazier, Kimi Savard, Lashay Franz]
17:54:42.394 [main] INFO api.AvailableMembersApi - Validating members for Survey ID: 64
17:54:42.396 [main] INFO api.AvailableMembersApi - Received response for survey ID 65: Status Code = 200
17:54:42.402 [main] INFO api.AvailableMembersApi - Available names for survey ID 65: [Malissa Arn, Yesenia Conte, Meghann Followell, Salvatore Monico, Sunshine Focht, Daina Maine, Tasia Merritt, Gregory Lucchesi, Drucilla Wilhelm, Jaquelyn Levett, Mariko Hadfield, Janita Stroman, Margarito Derringer, Sherita Arispe, Everett Northup, Micah Shirley, Wilhelmina Hibdon, Carolin Blauser, Lyla Almanza, Chere Gamino, Fleta Giampaolo, Sarai Morelli, Lashanda Abbott, Vernice Soto, Elna Phelan, Temika Huth, Adrianna Fentress, Ike Clink, Gaynell Croce, Darlena Farrington, Zoe Solar, Anjanette Krupp, Janiece Silvernail, Ivey Buskey, Viola Blackstock, Elane Martinelli, Rachell Ankrom, Kyla Kays, Alton Smedley, Voncile Hayner, Bebe Lehmkuhl, Inell Ruoff, Onita Holloway, Norman Castilleja, Delmar Tourville, Audry Berends, Zoraida Faulkner, Kellee Maddy, Florencio Muller, Rosanne Trezza, Maryland Benedict, Mirtha Conine, Flossie Pangburn, Yuko Steffes, Dixie Darsey, Kendrick Preston, Cari Pizzo, Ellamae Tallon, Abbie Kreidler, Dustin Arterburn, Catrice Lenton, Laila Holdren, Yang Soriano, Julian Clapper, Myles Cooke, Rheba Corbett, Leila Odle, Abby Peevy, Jarvis Millar, Lekisha Hinnenkamp, Angelia Keebler, Clementina Gormley, Joslyn Keen, Verla Bearse, Cassaundra Loar, Ji Lamarche, Lilliam Mcghie, Heidi Gravelle, Buck Slawson, Lindsay Henline, Maxine Clauson, Lena Galusha, Talisha Geise, Georgia Cincotta, Candis Gapinski, Cyrstal Robb, Cornelia Laney, Jere Routh, Archie Branning, Tomi Athey, Matha Beard, Bud Mclarty, Marlana Gillard, Hellen Macrae, Meaghan Macinnis, Lezlie Luckey, Mozelle Reddy, Olene Ledgerwood, Shanda Cromer, Venice Sherry, Ron Copher, Arminda Valentino, Charlyn Haggerty, Isaac Linebaugh, Elba Farr, Angelika March, Tyler Galbraith, Marylynn Chauvin, Luisa Ohm, Bette Carlos, Rocco Blubaugh, Alexandria Jantz, Winston Hemby, Tami Jepson, Anamaria Headrick, Nereida Truman, Hipolito Rowlands, Porter Marcinkowski, Bonny Forester, Damion Wysocki, Colton Moschella, Wayne Basler, Joie Sly, Takisha Demo, Chas Arline, Joya Bristol, Neida Vartanian, Ellie Duca, Adela Slusher, Daniell Nicklas, Jammie Rapp, Bess Hugo, Marlin Holm, Mignon Carnes, Carey Baley, Dani Stroop, Maddie Mccusker, Herschel Sena, Ora Suddeth, Ted Broome, Birgit Mcglade, Heidi Poplawski, Carmen Ireland, Nelia Abrams, Adan Carden, Leanna Mazer, Kesha Shoop, Elza Aumick, Terence Grothe, Markita Brymer, Jazmine Mccolley, Alpha Hundley, Scot Hollis, Marcelina Koger, Naoma Whitman, Alfredia Semon, Miyoko Pinto, Isaura Morton, Leia Amico, Simon Polinsky, Yulanda Marsden, Chloe Florey, Christine Parkinson, Marlys Matteson, Estella Lavallie, Madie Bhatti, Delpha Tharrington, Elwood Cortez, Sanjuanita Brotzman, Celeste Mahmood, Flor Hallock, Brigitte Rahm, Corazon Bohan, Cynthia Gines, Noble Krom, Rosalind Daniele, Margareta Ku, Sherrie Rivero, Mandi Swartwood, Ricky Latimer, Clara Villegas, Tyrone Antonio, Nelle Goodlow, Yesenia Tillett, Lynell Lando, Loreen Morel, Valentina Nitti, Cara Rakowski, Silas Chickering, Thuy Decamp, Ian Reising, Rufus Hanshaw, Irma Encarnacion, Leoma Mazzei, Latesha Marini, Mallory Segarra, Torrie Harnois, Parker Forrest, Jed Frazier, Kimi Savard, Lashay Franz]
17:54:42.402 [main] INFO api.AvailableMembersApi - Validating members for Survey ID: 65
17:54:42.405 [main] INFO api.AvailableMembersApi - Received response for survey ID 66: Status Code = 200
17:54:42.411 [main] INFO api.AvailableMembersApi - Available names for survey ID 66: [Malissa Arn, Teri Villalobos, Yesenia Conte, Meghann Followell, Lee Harlow, Salvatore Monico, Sunshine Focht, Ora Housand, Tasia Merritt, Gregory Lucchesi, Drucilla Wilhelm, Jaquelyn Levett, Mariko Hadfield, Margarito Derringer, Sherita Arispe, Everett Northup, Micah Shirley, Wilhelmina Hibdon, Carolin Blauser, Lyla Almanza, Chere Gamino, Fleta Giampaolo, Cleotilde Mcmiller, Sarai Morelli, Lashanda Abbott, Jeffry Dynes, Vernice Soto, Elna Phelan, Temika Huth, Adrianna Fentress, Tayna Rey, Ike Clink, Gaynell Croce, Darlena Farrington, Cherryl Carolina, Zoe Solar, Anjanette Krupp, Janiece Silvernail, Ivey Buskey, Viola Blackstock, Elane Martinelli, Rachell Ankrom, Alton Smedley, Voncile Hayner, Bebe Lehmkuhl, Inell Ruoff, Onita Holloway, Norman Castilleja, Delmar Tourville, Audry Berends, Zoraida Faulkner, Kellee Maddy, Florencio Muller, Jo Dettman, Rosanne Trezza, Mirtha Conine, Kristin Ponton, Flossie Pangburn, Yuko Steffes, Dixie Darsey, Kendrick Preston, Cari Pizzo, Ellamae Tallon, Abbie Kreidler, Dustin Arterburn, Catrice Lenton, Laila Holdren, Yang Soriano, Julian Clapper, Myles Cooke, Rheba Corbett, Marcelle Herzog, Xochitl Calderwood, Abby Peevy, Jarvis Millar, Lekisha Hinnenkamp, Angelia Keebler, Clementina Gormley, Joslyn Keen, Verla Bearse, Cassaundra Loar, Ji Lamarche, Lilliam Mcghie, Alona Redel, Heidi Gravelle, Buck Slawson, Lindsay Henline, Mimi Winsor, Maxine Clauson, Lena Galusha, Talisha Geise, Stacie Austria, Georgia Cincotta, Candis Gapinski, Cyrstal Robb, Cornelia Laney, Jere Routh, Archie Branning, Tomi Athey, Matha Beard, Bud Mclarty, Marlana Gillard, Elvis Leatherwood, Hellen Macrae, Meaghan Macinnis, Lezlie Luckey, Mozelle Reddy, Olene Ledgerwood, Venice Sherry, Ron Copher, Arminda Valentino, Carolann Bronson, Charlyn Haggerty, Isaac Linebaugh, Elba Farr, Angelika March, Marylynn Chauvin, Luisa Ohm, Bette Carlos, Rocco Blubaugh, Alexandria Jantz, Winston Hemby, Tami Jepson, Anamaria Headrick, Nereida Truman, Hipolito Rowlands, Porter Marcinkowski, Bonny Forester, Damion Wysocki, Colton Moschella, Wayne Basler, Joie Sly, Takisha Demo, Chas Arline, Joya Bristol, Neida Vartanian, Ellie Duca, Adela Slusher, Daniell Nicklas, Jammie Rapp, Bess Hugo, Marlin Holm, Mignon Carnes, Carey Baley, Dani Stroop, Maddie Mccusker, Herschel Sena, Ora Suddeth, Birgit Mcglade, Heidi Poplawski, Carmen Ireland, Adan Carden, Leanna Mazer, Kesha Shoop, Elza Aumick, Terence Grothe, Markita Brymer, Jazmine Mccolley, Alpha Hundley, Scot Hollis, Marcelina Koger, Naoma Whitman, Alfredia Semon, Miyoko Pinto, Isaura Morton, Leia Amico, Simon Polinsky, Yulanda Marsden, Chloe Florey, Christine Parkinson, Marlys Matteson, Estella Lavallie, Madie Bhatti, Delpha Tharrington, Celeste Mahmood, Flor Hallock, Brigitte Rahm, Corazon Bohan, Noble Krom, Rosalind Daniele, Margareta Ku, Sherrie Rivero, Mandi Swartwood, Ricky Latimer, Clara Villegas, Tyrone Antonio, Noah Deppen, Nelle Goodlow, Yesenia Tillett, Lynell Lando, Loreen Morel, Valentina Nitti, Cara Rakowski, Silas Chickering, Marguerite Schuman, Thuy Decamp, Ian Reising, Rufus Hanshaw, Irma Encarnacion, Leoma Mazzei, Latesha Marini, Mallory Segarra, Torrie Harnois, Parker Forrest, Jed Frazier, Kimi Savard, Lashay Franz]
17:54:42.411 [main] INFO api.AvailableMembersApi - Validating members for Survey ID: 66
17:54:42.413 [main] INFO api.AvailableMembersApi - Received response for survey ID 67: Status Code = 200
17:54:42.419 [main] INFO api.AvailableMembersApi - Available names for survey ID 67: [Malissa Arn, Teri Villalobos, Yesenia Conte, Meghann Followell, Lee Harlow, Salvatore Monico, Sunshine Focht, Ora Housand, Tasia Merritt, Gregory Lucchesi, Drucilla Wilhelm, Jaquelyn Levett, Mariko Hadfield, Janita Stroman, Margarito Derringer, Everett Northup, Wilhelmina Hibdon, Carolin Blauser, Lyla Almanza, Chere Gamino, Fleta Giampaolo, Cleotilde Mcmiller, Sarai Morelli, Vernice Soto, Elna Phelan, Temika Huth, Adrianna Fentress, Tayna Rey, Ike Clink, Gaynell Croce, Cherryl Carolina, Zoe Solar, Anjanette Krupp, Janiece Silvernail, Ivey Buskey, Elane Martinelli, Rachell Ankrom, Kyla Kays, Alton Smedley, Voncile Hayner, Bebe Lehmkuhl, Inell Ruoff, Onita Holloway, Norman Castilleja, Delmar Tourville, Zoraida Faulkner, Florencio Muller, Jo Dettman, Rosanne Trezza, Maryland Benedict, Mirtha Conine, Kristin Ponton, Flossie Pangburn, Yuko Steffes, Dixie Darsey, Kendrick Preston, Cari Pizzo, Ellamae Tallon, Abbie Kreidler, Laila Holdren, Yang Soriano, Jon Shultis, Julian Clapper, Myles Cooke, Rheba Corbett, Marcelle Herzog, Xochitl Calderwood, Leila Odle, Abby Peevy, Lekisha Hinnenkamp, Angelia Keebler, Clementina Gormley, Joslyn Keen, Verla Bearse, Cassaundra Loar, Ji Lamarche, Lilliam Mcghie, Alona Redel, Heidi Gravelle, Buck Slawson, Lindsay Henline, Mimi Winsor, Maxine Clauson, Lena Galusha, Stacie Austria, Georgia Cincotta, Cyrstal Robb, Cornelia Laney, Jere Routh, Archie Branning, Tomi Athey, Matha Beard, Bud Mclarty, Marlana Gillard, Elvis Leatherwood, Hellen Macrae, Meaghan Macinnis, Lezlie Luckey, Mozelle Reddy, Olene Ledgerwood, Shanda Cromer, Venice Sherry, Ron Copher, Arminda Valentino, Carolann Bronson, Isaac Linebaugh, Elba Farr, Angelika March, Tyler Galbraith, Marylynn Chauvin, Luisa Ohm, Bette Carlos, Rocco Blubaugh, Winston Hemby, Tami Jepson, Anamaria Headrick, Nereida Truman, Hipolito Rowlands, Porter Marcinkowski, Rutha Crotty, Damion Wysocki, Wayne Basler, Joie Sly, Takisha Demo, Chas Arline, Joya Bristol, Neida Vartanian, Ellie Duca, Adela Slusher, Daniell Nicklas, Jammie Rapp, Bess Hugo, Marlin Holm, Mignon Carnes, Carey Baley, Dani Stroop, Maddie Mccusker, Herschel Sena, Ora Suddeth, Ted Broome, Birgit Mcglade, Heidi Poplawski, Carmen Ireland, Nelia Abrams, Adan Carden, Kesha Shoop, Elza Aumick, Terence Grothe, Markita Brymer, Jazmine Mccolley, Alpha Hundley, Scot Hollis, Marcelina Koger, Naoma Whitman, Alfredia Semon, Miyoko Pinto, Isaura Morton, Simon Polinsky, Yulanda Marsden, Bernice Corcoran, Christine Parkinson, Marlys Matteson, Estella Lavallie, Madie Bhatti, Delpha Tharrington, Elwood Cortez, Sanjuanita Brotzman, Celeste Mahmood, Flor Hallock, Brigitte Rahm, Corazon Bohan, Cynthia Gines, Noble Krom, Rosalind Daniele, Margareta Ku, Mandi Swartwood, Ricky Latimer, Clara Villegas, Tyrone Antonio, Nelle Goodlow, Yesenia Tillett, Lynell Lando, Loreen Morel, Valentina Nitti, Cara Rakowski, Silas Chickering, Thuy Decamp, Ian Reising, Rufus Hanshaw, Leoma Mazzei, Latesha Marini, Mallory Segarra, Torrie Harnois, Parker Forrest, Jed Frazier, Kimi Savard, Lashay Franz]
17:54:42.419 [main] INFO api.AvailableMembersApi - Validating members for Survey ID: 67
17:54:42.421 [main] INFO api.AvailableMembersApi - Received response for survey ID 68: Status Code = 200
17:54:42.427 [main] INFO api.AvailableMembersApi - Available names for survey ID 68: [Malissa Arn, Teri Villalobos, Yesenia Conte, Meghann Followell, Lee Harlow, Salvatore Monico, Sunshine Focht, Daina Maine, Ora Housand, Tasia Merritt, Gregory Lucchesi, Drucilla Wilhelm, Jaquelyn Levett, Mariko Hadfield, Janita Stroman, Margarito Derringer, Everett Northup, Micah Shirley, Wilhelmina Hibdon, Carolin Blauser, Lyla Almanza, Chere Gamino, Fleta Giampaolo, Cleotilde Mcmiller, Sarai Morelli, Lashanda Abbott, Jeffry Dynes, Vernice Soto, Elna Phelan, Temika Huth, Adrianna Fentress, Tayna Rey, Ike Clink, Gaynell Croce, Darlena Farrington, Cherryl Carolina, Zoe Solar, Anjanette Krupp, Ivey Buskey, Viola Blackstock, Elane Martinelli, Rachell Ankrom, Kyla Kays, Alton Smedley, Voncile Hayner, Bebe Lehmkuhl, Inell Ruoff, Onita Holloway, Norman Castilleja, Delmar Tourville, Audry Berends, Kellee Maddy, Florencio Muller, Jo Dettman, Rosanne Trezza, Maryland Benedict, Kristin Ponton, Flossie Pangburn, Dixie Darsey, Kendrick Preston, Cari Pizzo, Ellamae Tallon, Abbie Kreidler, Dustin Arterburn, Catrice Lenton, Laila Holdren, Yang Soriano, Jon Shultis, Julian Clapper, Myles Cooke, Rheba Corbett, Marcelle Herzog, Xochitl Calderwood, Leila Odle, Abby Peevy, Jarvis Millar, Lekisha Hinnenkamp, Angelia Keebler, Clementina Gormley, Joslyn Keen, Verla Bearse, Cassaundra Loar, Ji Lamarche, Lilliam Mcghie, Alona Redel, Heidi Gravelle, Lindsay Henline, Mimi Winsor, Talisha Geise, Georgia Cincotta, Candis Gapinski, Cornelia Laney, Jere Routh, Archie Branning, Tomi Athey, Matha Beard, Bud Mclarty, Elvis Leatherwood, Hellen Macrae, Meaghan Macinnis, Lezlie Luckey, Mozelle Reddy, Olene Ledgerwood, Shanda Cromer, Venice Sherry, Ron Copher, Arminda Valentino, Carolann Bronson, Charlyn Haggerty, Isaac Linebaugh, Elba Farr, Angelika March, Tyler Galbraith, Marylynn Chauvin, Luisa Ohm, Rocco Blubaugh, Alexandria Jantz, Winston Hemby, Tami Jepson, Anamaria Headrick, Nereida Truman, Hipolito Rowlands, Porter Marcinkowski, Bonny Forester, Rutha Crotty, Damion Wysocki, Colton Moschella, Wayne Basler, Joie Sly, Chas Arline, Neida Vartanian, Ellie Duca, Adela Slusher, Daniell Nicklas, Jammie Rapp, Bess Hugo, Mignon Carnes, Carey Baley, Dani Stroop, Maddie Mccusker, Herschel Sena, Ora Suddeth, Ted Broome, Birgit Mcglade, Nelia Abrams, Adan Carden, Leanna Mazer, Kesha Shoop, Elza Aumick, Terence Grothe, Jazmine Mccolley, Alpha Hundley, Scot Hollis, Marcelina Koger, Naoma Whitman, Alfredia Semon, Miyoko Pinto, Isaura Morton, Leia Amico, Simon Polinsky, Yulanda Marsden, Chloe Florey, Bernice Corcoran, Christine Parkinson, Estella Lavallie, Delpha Tharrington, Elwood Cortez, Celeste Mahmood, Flor Hallock, Brigitte Rahm, Corazon Bohan, Cynthia Gines, Noble Krom, Rosalind Daniele, Margareta Ku, Sherrie Rivero, Mandi Swartwood, Ricky Latimer, Clara Villegas, Tyrone Antonio, Noah Deppen, Nelle Goodlow, Yesenia Tillett, Lynell Lando, Cara Rakowski, Silas Chickering, Marguerite Schuman, Ian Reising, Irma Encarnacion, Leoma Mazzei, Latesha Marini, Mallory Segarra, Torrie Harnois, Parker Forrest, Jed Frazier, Lashay Franz]
17:54:42.427 [main] INFO api.AvailableMembersApi - Validating members for Survey ID: 68
17:54:42.429 [main] INFO api.AvailableMembersApi - Received response for survey ID 69: Status Code = 200
17:54:42.433 [main] INFO api.AvailableMembersApi - Available names for survey ID 69: [Malissa Arn, Teri Villalobos, Yesenia Conte, Meghann Followell, Lee Harlow, Salvatore Monico, Sunshine Focht, Daina Maine, Tasia Merritt, Drucilla Wilhelm, Jaquelyn Levett, Mariko Hadfield, Margarito Derringer, Sherita Arispe, Everett Northup, Micah Shirley, Wilhelmina Hibdon, Carolin Blauser, Lyla Almanza, Chere Gamino, Fleta Giampaolo, Cleotilde Mcmiller, Sarai Morelli, Lashanda Abbott, Jeffry Dynes, Vernice Soto, Elna Phelan, Temika Huth, Adrianna Fentress, Tayna Rey, Ike Clink, Gaynell Croce, Darlena Farrington, Zoe Solar, Anjanette Krupp, Janiece Silvernail, Ivey Buskey, Viola Blackstock, Elane Martinelli, Kyla Kays, Alton Smedley, Bebe Lehmkuhl, Inell Ruoff, Onita Holloway, Norman Castilleja, Delmar Tourville, Audry Berends, Zoraida Faulkner, Kellee Maddy, Florencio Muller, Jo Dettman, Rosanne Trezza, Maryland Benedict, Mirtha Conine, Kristin Ponton, Flossie Pangburn, Yuko Steffes, Dixie Darsey, Cari Pizzo, Ellamae Tallon, Abbie Kreidler, Dustin Arterburn, Laila Holdren, Yang Soriano, Jon Shultis, Julian Clapper, Rheba Corbett, Marcelle Herzog, Xochitl Calderwood, Leila Odle, Abby Peevy, Lekisha Hinnenkamp, Angelia Keebler, Clementina Gormley, Joslyn Keen, Verla Bearse, Cassaundra Loar, Ji Lamarche, Alona Redel, Heidi Gravelle, Buck Slawson, Lindsay Henline, Mimi Winsor, Maxine Clauson, Lena Galusha, Talisha Geise, Georgia Cincotta, Candis Gapinski, Cyrstal Robb, Cornelia Laney, Jere Routh, Archie Branning, Tomi Athey, Matha Beard, Bud Mclarty, Marlana Gillard, Elvis Leatherwood, Hellen Macrae, Meaghan Macinnis, Lezlie Luckey, Mozelle Reddy, Olene Ledgerwood, Shanda Cromer, Venice Sherry, Ron Copher, Arminda Valentino, Carolann Bronson, Isaac Linebaugh, Elba Farr, Angelika March, Tyler Galbraith, Luisa Ohm, Bette Carlos, Rocco Blubaugh, Alexandria Jantz, Winston Hemby, Tami Jepson, Anamaria Headrick, Nereida Truman, Hipolito Rowlands, Porter Marcinkowski, Bonny Forester, Rutha Crotty, Damion Wysocki, Colton Moschella, Wayne Basler, Joie Sly, Takisha Demo, Chas Arline, Ellie Duca, Adela Slusher, Daniell Nicklas, Jammie Rapp, Bess Hugo, Marlin Holm, Mignon Carnes, Carey Baley, Dani Stroop, Maddie Mccusker, Ora Suddeth, Birgit Mcglade, Heidi Poplawski, Carmen Ireland, Nelia Abrams, Adan Carden, Kesha Shoop, Elza Aumick, Terence Grothe, Markita Brymer, Jazmine Mccolley, Alpha Hundley, Scot Hollis, Marcelina Koger, Alfredia Semon, Miyoko Pinto, Isaura Morton, Leia Amico, Simon Polinsky, Yulanda Marsden, Bernice Corcoran, Christine Parkinson, Marlys Matteson, Estella Lavallie, Madie Bhatti, Delpha Tharrington, Elwood Cortez, Sanjuanita Brotzman, Celeste Mahmood, Flor Hallock, Brigitte Rahm, Corazon Bohan, Cynthia Gines, Noble Krom, Rosalind Daniele, Margareta Ku, Sherrie Rivero, Mandi Swartwood, Ricky Latimer, Tyrone Antonio, Noah Deppen, Nelle Goodlow, Yesenia Tillett, Lynell Lando, Loreen Morel, Valentina Nitti, Cara Rakowski, Silas Chickering, Marguerite Schuman, Rufus Hanshaw, Irma Encarnacion, Leoma Mazzei, Mallory Segarra, Torrie Harnois, Lashay Franz]
17:54:42.434 [main] INFO api.AvailableMembersApi - Validating members for Survey ID: 69
17:54:42.435 [main] INFO api.AvailableMembersApi - Received response for survey ID 70: Status Code = 200
17:54:42.440 [main] INFO api.AvailableMembersApi - Available names for survey ID 70: [Malissa Arn, Teri Villalobos, Yesenia Conte, Meghann Followell, Lee Harlow, Sunshine Focht, Ora Housand, Tasia Merritt, Gregory Lucchesi, Drucilla Wilhelm, Jaquelyn Levett, Janita Stroman, Margarito Derringer, Sherita Arispe, Everett Northup, Micah Shirley, Wilhelmina Hibdon, Carolin Blauser, Lyla Almanza, Fleta Giampaolo, Cleotilde Mcmiller, Sarai Morelli, Lashanda Abbott, Jeffry Dynes, Vernice Soto, Elna Phelan, Temika Huth, Adrianna Fentress, Tayna Rey, Ike Clink, Gaynell Croce, Darlena Farrington, Cherryl Carolina, Zoe Solar, Anjanette Krupp, Janiece Silvernail, Ivey Buskey, Viola Blackstock, Elane Martinelli, Rachell Ankrom, Kyla Kays, Alton Smedley, Voncile Hayner, Bebe Lehmkuhl, Inell Ruoff, Onita Holloway, Norman Castilleja, Delmar Tourville, Audry Berends, Zoraida Faulkner, Kellee Maddy, Florencio Muller, Jo Dettman, Rosanne Trezza, Maryland Benedict, Flossie Pangburn, Yuko Steffes, Dixie Darsey, Kendrick Preston, Cari Pizzo, Abbie Kreidler, Dustin Arterburn, Laila Holdren, Yang Soriano, Julian Clapper, Rheba Corbett, Marcelle Herzog, Xochitl Calderwood, Leila Odle, Abby Peevy, Jarvis Millar, Lekisha Hinnenkamp, Clementina Gormley, Joslyn Keen, Verla Bearse, Cassaundra Loar, Ji Lamarche, Lilliam Mcghie, Alona Redel, Heidi Gravelle, Buck Slawson, Lindsay Henline, Mimi Winsor, Maxine Clauson, Lena Galusha, Talisha Geise, Stacie Austria, Georgia Cincotta, Candis Gapinski, Cyrstal Robb, Cornelia Laney, Jere Routh, Archie Branning, Tomi Athey, Matha Beard, Bud Mclarty, Marlana Gillard, Elvis Leatherwood, Hellen Macrae, Meaghan Macinnis, Lezlie Luckey, Mozelle Reddy, Olene Ledgerwood, Shanda Cromer, Venice Sherry, Ron Copher, Arminda Valentino, Carolann Bronson, Charlyn Haggerty, Isaac Linebaugh, Elba Farr, Tyler Galbraith, Marylynn Chauvin, Luisa Ohm, Bette Carlos, Winston Hemby, Tami Jepson, Nereida Truman, Bonny Forester, Rutha Crotty, Damion Wysocki, Colton Moschella, Joie Sly, Takisha Demo, Chas Arline, Joya Bristol, Neida Vartanian, Ellie Duca, Adela Slusher, Jammie Rapp, Bess Hugo, Marlin Holm, Mignon Carnes, Carey Baley, Dani Stroop, Maddie Mccusker, Herschel Sena, Ora Suddeth, Ted Broome, Birgit Mcglade, Heidi Poplawski, Carmen Ireland, Nelia Abrams, Adan Carden, Leanna Mazer, Kesha Shoop, Elza Aumick, Terence Grothe, Markita Brymer, Alpha Hundley, Scot Hollis, Marcelina Koger, Miyoko Pinto, Isaura Morton, Simon Polinsky, Yulanda Marsden, Chloe Florey, Bernice Corcoran, Christine Parkinson, Marlys Matteson, Estella Lavallie, Madie Bhatti, Elwood Cortez, Sanjuanita Brotzman, Celeste Mahmood, Flor Hallock, Brigitte Rahm, Cynthia Gines, Noble Krom, Rosalind Daniele, Margareta Ku, Sherrie Rivero, Mandi Swartwood, Ricky Latimer, Clara Villegas, Tyrone Antonio, Noah Deppen, Nelle Goodlow, Yesenia Tillett, Lynell Lando, Loreen Morel, Valentina Nitti, Cara Rakowski, Silas Chickering, Marguerite Schuman, Thuy Decamp, Ian Reising, Rufus Hanshaw, Irma Encarnacion, Leoma Mazzei, Latesha Marini, Mallory Segarra, Torrie Harnois, Jed Frazier, Kimi Savard, Lashay Franz]
17:54:42.440 [main] INFO api.AvailableMembersApi - Validating members for Survey ID: 70
17:54:42.442 [main] INFO api.AvailableMembersApi - Received response for survey ID 71: Status Code = 200
17:54:42.446 [main] INFO api.AvailableMembersApi - Available names for survey ID 71: [Malissa Arn, Teri Villalobos, Yesenia Conte, Meghann Followell, Lee Harlow, Salvatore Monico, Sunshine Focht, Daina Maine, Ora Housand, Tasia Merritt, Gregory Lucchesi, Drucilla Wilhelm, Jaquelyn Levett, Mariko Hadfield, Janita Stroman, Margarito Derringer, Sherita Arispe, Everett Northup, Micah Shirley, Wilhelmina Hibdon, Lyla Almanza, Chere Gamino, Fleta Giampaolo, Cleotilde Mcmiller, Sarai Morelli, Lashanda Abbott, Vernice Soto, Elna Phelan, Temika Huth, Adrianna Fentress, Tayna Rey, Ike Clink, Gaynell Croce, Darlena Farrington, Cherryl Carolina, Zoe Solar, Anjanette Krupp, Janiece Silvernail, Ivey Buskey, Viola Blackstock, Elane Martinelli, Rachell Ankrom, Kyla Kays, Alton Smedley, Voncile Hayner, Bebe Lehmkuhl, Inell Ruoff, Onita Holloway, Norman Castilleja, Audry Berends, Zoraida Faulkner, Kellee Maddy, Florencio Muller, Jo Dettman, Rosanne Trezza, Maryland Benedict, Mirtha Conine, Kristin Ponton, Flossie Pangburn, Yuko Steffes, Dixie Darsey, Kendrick Preston, Cari Pizzo, Abbie Kreidler, Dustin Arterburn, Catrice Lenton, Yang Soriano, Jon Shultis, Julian Clapper, Myles Cooke, Rheba Corbett, Marcelle Herzog, Xochitl Calderwood, Leila Odle, Abby Peevy, Jarvis Millar, Lekisha Hinnenkamp, Angelia Keebler, Clementina Gormley, Joslyn Keen, Verla Bearse, Cassaundra Loar, Ji Lamarche, Lilliam Mcghie, Alona Redel, Heidi Gravelle, Buck Slawson, Mimi Winsor, Maxine Clauson, Lena Galusha, Talisha Geise, Stacie Austria, Georgia Cincotta, Candis Gapinski, Cornelia Laney, Jere Routh, Archie Branning, Tomi Athey, Matha Beard, Bud Mclarty, Marlana Gillard, Elvis Leatherwood, Meaghan Macinnis, Mozelle Reddy, Olene Ledgerwood, Shanda Cromer, Venice Sherry, Ron Copher, Arminda Valentino, Carolann Bronson, Charlyn Haggerty, Elba Farr, Angelika March, Tyler Galbraith, Marylynn Chauvin, Luisa Ohm, Bette Carlos, Rocco Blubaugh, Alexandria Jantz, Winston Hemby, Tami Jepson, Anamaria Headrick, Nereida Truman, Hipolito Rowlands, Bonny Forester, Damion Wysocki, Colton Moschella, Wayne Basler, Joie Sly, Takisha Demo, Chas Arline, Joya Bristol, Neida Vartanian, Ellie Duca, Daniell Nicklas, Jammie Rapp, Bess Hugo, Marlin Holm, Mignon Carnes, Carey Baley, Herschel Sena, Ora Suddeth, Birgit Mcglade, Heidi Poplawski, Carmen Ireland, Nelia Abrams, Adan Carden, Leanna Mazer, Kesha Shoop, Elza Aumick, Terence Grothe, Jazmine Mccolley, Alpha Hundley, Marcelina Koger, Naoma Whitman, Alfredia Semon, Isaura Morton, Leia Amico, Simon Polinsky, Yulanda Marsden, Chloe Florey, Bernice Corcoran, Marlys Matteson, Estella Lavallie, Madie Bhatti, Delpha Tharrington, Elwood Cortez, Sanjuanita Brotzman, Celeste Mahmood, Flor Hallock, Brigitte Rahm, Cynthia Gines, Noble Krom, Margareta Ku, Sherrie Rivero, Mandi Swartwood, Ricky Latimer, Clara Villegas, Tyrone Antonio, Nelle Goodlow, Yesenia Tillett, Lynell Lando, Loreen Morel, Valentina Nitti, Cara Rakowski, Silas Chickering, Thuy Decamp, Ian Reising, Rufus Hanshaw, Irma Encarnacion, Leoma Mazzei, Latesha Marini, Mallory Segarra, Torrie Harnois, Parker Forrest, Jed Frazier, Kimi Savard, Lashay Franz]
17:54:42.446 [main] INFO api.AvailableMembersApi - Validating members for Survey ID: 71
17:54:42.448 [main] INFO api.AvailableMembersApi - Received response for survey ID 72: Status Code = 200
17:54:42.453 [main] INFO api.AvailableMembersApi - Available names for survey ID 72: [Malissa Arn, Teri Villalobos, Yesenia Conte, Meghann Followell, Lee Harlow, Salvatore Monico, Sunshine Focht, Daina Maine, Ora Housand, Tasia Merritt, Gregory Lucchesi, Drucilla Wilhelm, Jaquelyn Levett, Mariko Hadfield, Janita Stroman, Margarito Derringer, Sherita Arispe, Everett Northup, Micah Shirley, Wilhelmina Hibdon, Lyla Almanza, Chere Gamino, Fleta Giampaolo, Cleotilde Mcmiller, Sarai Morelli, Jeffry Dynes, Vernice Soto, Elna Phelan, Temika Huth, Adrianna Fentress, Ike Clink, Gaynell Croce, Darlena Farrington, Cherryl Carolina, Zoe Solar, Anjanette Krupp, Ivey Buskey, Viola Blackstock, Elane Martinelli, Rachell Ankrom, Kyla Kays, Alton Smedley, Voncile Hayner, Bebe Lehmkuhl, Inell Ruoff, Onita Holloway, Norman Castilleja, Delmar Tourville, Audry Berends, Zoraida Faulkner, Kellee Maddy, Florencio Muller, Jo Dettman, Maryland Benedict, Mirtha Conine, Kristin Ponton, Flossie Pangburn, Yuko Steffes, Dixie Darsey, Kendrick Preston, Cari Pizzo, Ellamae Tallon, Abbie Kreidler, Dustin Arterburn, Catrice Lenton, Laila Holdren, Yang Soriano, Julian Clapper, Myles Cooke, Rheba Corbett, Marcelle Herzog, Xochitl Calderwood, Leila Odle, Jarvis Millar, Lekisha Hinnenkamp, Clementina Gormley, Joslyn Keen, Verla Bearse, Cassaundra Loar, Lilliam Mcghie, Heidi Gravelle, Buck Slawson, Lindsay Henline, Mimi Winsor, Maxine Clauson, Lena Galusha, Stacie Austria, Georgia Cincotta, Candis Gapinski, Cyrstal Robb, Cornelia Laney, Jere Routh, Archie Branning, Matha Beard, Bud Mclarty, Marlana Gillard, Elvis Leatherwood, Hellen Macrae, Meaghan Macinnis, Lezlie Luckey, Mozelle Reddy, Olene Ledgerwood, Shanda Cromer, Venice Sherry, Ron Copher, Arminda Valentino, Carolann Bronson, Charlyn Haggerty, Isaac Linebaugh, Elba Farr, Angelika March, Tyler Galbraith, Luisa Ohm, Bette Carlos, Rocco Blubaugh, Alexandria Jantz, Winston Hemby, Tami Jepson, Nereida Truman, Hipolito Rowlands, Porter Marcinkowski, Bonny Forester, Damion Wysocki, Colton Moschella, Wayne Basler, Joie Sly, Takisha Demo, Chas Arline, Joya Bristol, Neida Vartanian, Adela Slusher, Daniell Nicklas, Jammie Rapp, Bess Hugo, Marlin Holm, Mignon Carnes, Carey Baley, Dani Stroop, Maddie Mccusker, Herschel Sena, Ora Suddeth, Ted Broome, Birgit Mcglade, Heidi Poplawski, Carmen Ireland, Nelia Abrams, Adan Carden, Leanna Mazer, Kesha Shoop, Elza Aumick, Terence Grothe, Markita Brymer, Jazmine Mccolley, Alpha Hundley, Scot Hollis, Marcelina Koger, Alfredia Semon, Miyoko Pinto, Isaura Morton, Leia Amico, Yulanda Marsden, Chloe Florey, Bernice Corcoran, Christine Parkinson, Marlys Matteson, Estella Lavallie, Madie Bhatti, Delpha Tharrington, Elwood Cortez, Sanjuanita Brotzman, Celeste Mahmood, Flor Hallock, Brigitte Rahm, Corazon Bohan, Noble Krom, Rosalind Daniele, Margareta Ku, Sherrie Rivero, Mandi Swartwood, Ricky Latimer, Clara Villegas, Noah Deppen, Nelle Goodlow, Yesenia Tillett, Lynell Lando, Loreen Morel, Valentina Nitti, Cara Rakowski, Silas Chickering, Marguerite Schuman, Thuy Decamp, Ian Reising, Rufus Hanshaw, Irma Encarnacion, Leoma Mazzei, Latesha Marini, Mallory Segarra, Torrie Harnois, Parker Forrest, Jed Frazier, Kimi Savard, Lashay Franz]
17:54:42.453 [main] INFO api.AvailableMembersApi - Validating members for Survey ID: 72
17:54:42.455 [main] INFO api.AvailableMembersApi - Received response for survey ID 73: Status Code = 200
17:54:42.460 [main] INFO api.AvailableMembersApi - Available names for survey ID 73: [Malissa Arn, Teri Villalobos, Yesenia Conte, Meghann Followell, Lee Harlow, Sunshine Focht, Daina Maine, Ora Housand, Tasia Merritt, Gregory Lucchesi, Drucilla Wilhelm, Jaquelyn Levett, Janita Stroman, Margarito Derringer, Sherita Arispe, Everett Northup, Micah Shirley, Wilhelmina Hibdon, Carolin Blauser, Chere Gamino, Fleta Giampaolo, Cleotilde Mcmiller, Sarai Morelli, Lashanda Abbott, Jeffry Dynes, Vernice Soto, Elna Phelan, Temika Huth, Adrianna Fentress, Tayna Rey, Gaynell Croce, Darlena Farrington, Cherryl Carolina, Zoe Solar, Anjanette Krupp, Janiece Silvernail, Viola Blackstock, Elane Martinelli, Rachell Ankrom, Kyla Kays, Alton Smedley, Voncile Hayner, Bebe Lehmkuhl, Inell Ruoff, Onita Holloway, Norman Castilleja, Delmar Tourville, Audry Berends, Zoraida Faulkner, Kellee Maddy, Florencio Muller, Rosanne Trezza, Maryland Benedict, Mirtha Conine, Flossie Pangburn, Yuko Steffes, Dixie Darsey, Kendrick Preston, Abbie Kreidler, Dustin Arterburn, Catrice Lenton, Laila Holdren, Yang Soriano, Jon Shultis, Julian Clapper, Myles Cooke, Rheba Corbett, Marcelle Herzog, Xochitl Calderwood, Leila Odle, Abby Peevy, Jarvis Millar, Lekisha Hinnenkamp, Angelia Keebler, Clementina Gormley, Joslyn Keen, Verla Bearse, Cassaundra Loar, Ji Lamarche, Lilliam Mcghie, Heidi Gravelle, Buck Slawson, Lindsay Henline, Mimi Winsor, Maxine Clauson, Talisha Geise, Stacie Austria, Georgia Cincotta, Candis Gapinski, Cyrstal Robb, Cornelia Laney, Jere Routh, Tomi Athey, Matha Beard, Bud Mclarty, Marlana Gillard, Elvis Leatherwood, Hellen Macrae, Lezlie Luckey, Mozelle Reddy, Olene Ledgerwood, Shanda Cromer, Venice Sherry, Ron Copher, Carolann Bronson, Charlyn Haggerty, Isaac Linebaugh, Elba Farr, Angelika March, Tyler Galbraith, Marylynn Chauvin, Luisa Ohm, Bette Carlos, Rocco Blubaugh, Alexandria Jantz, Winston Hemby, Tami Jepson, Anamaria Headrick, Hipolito Rowlands, Porter Marcinkowski, Bonny Forester, Rutha Crotty, Damion Wysocki, Colton Moschella, Wayne Basler, Joie Sly, Takisha Demo, Chas Arline, Joya Bristol, Neida Vartanian, Ellie Duca, Adela Slusher, Bess Hugo, Mignon Carnes, Carey Baley, Dani Stroop, Maddie Mccusker, Herschel Sena, Ora Suddeth, Ted Broome, Birgit Mcglade, Heidi Poplawski, Carmen Ireland, Nelia Abrams, Adan Carden, Leanna Mazer, Kesha Shoop, Elza Aumick, Terence Grothe, Markita Brymer, Jazmine Mccolley, Alpha Hundley, Scot Hollis, Marcelina Koger, Naoma Whitman, Alfredia Semon, Miyoko Pinto, Isaura Morton, Leia Amico, Simon Polinsky, Yulanda Marsden, Chloe Florey, Bernice Corcoran, Christine Parkinson, Marlys Matteson, Estella Lavallie, Madie Bhatti, Delpha Tharrington, Elwood Cortez, Sanjuanita Brotzman, Flor Hallock, Brigitte Rahm, Corazon Bohan, Cynthia Gines, Noble Krom, Rosalind Daniele, Margareta Ku, Sherrie Rivero, Mandi Swartwood, Ricky Latimer, Clara Villegas, Tyrone Antonio, Noah Deppen, Nelle Goodlow, Yesenia Tillett, Lynell Lando, Loreen Morel, Valentina Nitti, Cara Rakowski, Silas Chickering, Marguerite Schuman, Thuy Decamp, Ian Reising, Rufus Hanshaw, Irma Encarnacion, Leoma Mazzei, Latesha Marini, Mallory Segarra, Torrie Harnois, Parker Forrest, Jed Frazier, Kimi Savard, Lashay Franz]
17:54:42.460 [main] INFO api.AvailableMembersApi - Validating members for Survey ID: 73
17:54:42.461 [main] INFO api.AvailableMembersApi - Received response for survey ID 74: Status Code = 200
17:54:42.466 [main] INFO api.AvailableMembersApi - Available names for survey ID 74: [Malissa Arn, Teri Villalobos, Yesenia Conte, Meghann Followell, Lee Harlow, Salvatore Monico, Sunshine Focht, Daina Maine, Ora Housand, Gregory Lucchesi, Drucilla Wilhelm, Jaquelyn Levett, Mariko Hadfield, Janita Stroman, Margarito Derringer, Sherita Arispe, Everett Northup, Micah Shirley, Wilhelmina Hibdon, Carolin Blauser, Lyla Almanza, Chere Gamino, Fleta Giampaolo, Cleotilde Mcmiller, Sarai Morelli, Lashanda Abbott, Jeffry Dynes, Elna Phelan, Temika Huth, Adrianna Fentress, Tayna Rey, Gaynell Croce, Darlena Farrington, Cherryl Carolina, Zoe Solar, Anjanette Krupp, Janiece Silvernail, Ivey Buskey, Viola Blackstock, Elane Martinelli, Rachell Ankrom, Kyla Kays, Alton Smedley, Voncile Hayner, Bebe Lehmkuhl, Inell Ruoff, Onita Holloway, Norman Castilleja, Delmar Tourville, Audry Berends, Zoraida Faulkner, Kellee Maddy, Florencio Muller, Jo Dettman, Rosanne Trezza, Maryland Benedict, Mirtha Conine, Kristin Ponton, Flossie Pangburn, Yuko Steffes, Kendrick Preston, Cari Pizzo, Ellamae Tallon, Abbie Kreidler, Dustin Arterburn, Catrice Lenton, Laila Holdren, Yang Soriano, Jon Shultis, Julian Clapper, Rheba Corbett, Marcelle Herzog, Xochitl Calderwood, Leila Odle, Abby Peevy, Jarvis Millar, Lekisha Hinnenkamp, Angelia Keebler, Clementina Gormley, Joslyn Keen, Verla Bearse, Cassaundra Loar, Ji Lamarche, Lilliam Mcghie, Alona Redel, Heidi Gravelle, Buck Slawson, Lindsay Henline, Maxine Clauson, Lena Galusha, Talisha Geise, Stacie Austria, Georgia Cincotta, Candis Gapinski, Cyrstal Robb, Jere Routh, Archie Branning, Matha Beard, Bud Mclarty, Marlana Gillard, Elvis Leatherwood, Meaghan Macinnis, Lezlie Luckey, Mozelle Reddy, Olene Ledgerwood, Shanda Cromer, Venice Sherry, Ron Copher, Arminda Valentino, Carolann Bronson, Charlyn Haggerty, Elba Farr, Angelika March, Tyler Galbraith, Marylynn Chauvin, Luisa Ohm, Bette Carlos, Rocco Blubaugh, Tami Jepson, Anamaria Headrick, Nereida Truman, Porter Marcinkowski, Bonny Forester, Rutha Crotty, Damion Wysocki, Colton Moschella, Wayne Basler, Joie Sly, Takisha Demo, Chas Arline, Joya Bristol, Neida Vartanian, Ellie Duca, Adela Slusher, Daniell Nicklas, Jammie Rapp, Bess Hugo, Marlin Holm, Mignon Carnes, Carey Baley, Dani Stroop, Maddie Mccusker, Herschel Sena, Ora Suddeth, Ted Broome, Carmen Ireland, Nelia Abrams, Adan Carden, Leanna Mazer, Kesha Shoop, Elza Aumick, Terence Grothe, Markita Brymer, Jazmine Mccolley, Alpha Hundley, Scot Hollis, Marcelina Koger, Naoma Whitman, Miyoko Pinto, Leia Amico, Simon Polinsky, Yulanda Marsden, Chloe Florey, Bernice Corcoran, Christine Parkinson, Marlys Matteson, Estella Lavallie, Madie Bhatti, Delpha Tharrington, Elwood Cortez, Sanjuanita Brotzman, Celeste Mahmood, Flor Hallock, Brigitte Rahm, Cynthia Gines, Noble Krom, Rosalind Daniele, Margareta Ku, Sherrie Rivero, Mandi Swartwood, Ricky Latimer, Clara Villegas, Tyrone Antonio, Noah Deppen, Nelle Goodlow, Yesenia Tillett, Lynell Lando, Loreen Morel, Valentina Nitti, Cara Rakowski, Silas Chickering, Marguerite Schuman, Thuy Decamp, Ian Reising, Rufus Hanshaw, Leoma Mazzei, Mallory Segarra, Torrie Harnois, Parker Forrest, Jed Frazier, Kimi Savard, Lashay Franz]
17:54:42.466 [main] INFO api.AvailableMembersApi - Validating members for Survey ID: 74
17:54:42.468 [main] INFO api.AvailableMembersApi - Received response for survey ID 75: Status Code = 200
17:54:42.473 [main] INFO api.AvailableMembersApi - Available names for survey ID 75: [Malissa Arn, Teri Villalobos, Yesenia Conte, Salvatore Monico, Sunshine Focht, Daina Maine, Ora Housand, Tasia Merritt, Gregory Lucchesi, Drucilla Wilhelm, Jaquelyn Levett, Mariko Hadfield, Janita Stroman, Margarito Derringer, Sherita Arispe, Everett Northup, Micah Shirley, Wilhelmina Hibdon, Carolin Blauser, Lyla Almanza, Chere Gamino, Fleta Giampaolo, Cleotilde Mcmiller, Sarai Morelli, Lashanda Abbott, Jeffry Dynes, Elna Phelan, Temika Huth, Adrianna Fentress, Tayna Rey, Ike Clink, Gaynell Croce, Darlena Farrington, Cherryl Carolina, Zoe Solar, Anjanette Krupp, Janiece Silvernail, Ivey Buskey, Viola Blackstock, Elane Martinelli, Rachell Ankrom, Kyla Kays, Alton Smedley, Voncile Hayner, Inell Ruoff, Norman Castilleja, Delmar Tourville, Audry Berends, Zoraida Faulkner, Kellee Maddy, Florencio Muller, Jo Dettman, Rosanne Trezza, Maryland Benedict, Mirtha Conine, Kristin Ponton, Flossie Pangburn, Yuko Steffes, Dixie Darsey, Kendrick Preston, Cari Pizzo, Ellamae Tallon, Abbie Kreidler, Dustin Arterburn, Catrice Lenton, Laila Holdren, Yang Soriano, Jon Shultis, Julian Clapper, Myles Cooke, Rheba Corbett, Marcelle Herzog, Xochitl Calderwood, Leila Odle, Abby Peevy, Jarvis Millar, Lekisha Hinnenkamp, Angelia Keebler, Clementina Gormley, Joslyn Keen, Verla Bearse, Ji Lamarche, Lilliam Mcghie, Alona Redel, Heidi Gravelle, Buck Slawson, Lindsay Henline, Mimi Winsor, Talisha Geise, Stacie Austria, Georgia Cincotta, Candis Gapinski, Cyrstal Robb, Cornelia Laney, Jere Routh, Tomi Athey, Matha Beard, Bud Mclarty, Marlana Gillard, Elvis Leatherwood, Hellen Macrae, Meaghan Macinnis, Lezlie Luckey, Mozelle Reddy, Olene Ledgerwood, Shanda Cromer, Venice Sherry, Ron Copher, Arminda Valentino, Carolann Bronson, Charlyn Haggerty, Angelika March, Tyler Galbraith, Marylynn Chauvin, Luisa Ohm, Bette Carlos, Rocco Blubaugh, Alexandria Jantz, Winston Hemby, Tami Jepson, Anamaria Headrick, Nereida Truman, Porter Marcinkowski, Bonny Forester, Rutha Crotty, Damion Wysocki, Colton Moschella, Wayne Basler, Joie Sly, Takisha Demo, Chas Arline, Neida Vartanian, Ellie Duca, Adela Slusher, Daniell Nicklas, Jammie Rapp, Bess Hugo, Marlin Holm, Mignon Carnes, Carey Baley, Dani Stroop, Maddie Mccusker, Herschel Sena, Ora Suddeth, Ted Broome, Birgit Mcglade, Heidi Poplawski, Carmen Ireland, Nelia Abrams, Adan Carden, Leanna Mazer, Kesha Shoop, Elza Aumick, Jazmine Mccolley, Alpha Hundley, Scot Hollis, Marcelina Koger, Naoma Whitman, Alfredia Semon, Miyoko Pinto, Isaura Morton, Leia Amico, Simon Polinsky, Yulanda Marsden, Chloe Florey, Bernice Corcoran, Christine Parkinson, Marlys Matteson, Estella Lavallie, Madie Bhatti, Delpha Tharrington, Elwood Cortez, Sanjuanita Brotzman, Celeste Mahmood, Flor Hallock, Brigitte Rahm, Corazon Bohan, Cynthia Gines, Noble Krom, Rosalind Daniele, Margareta Ku, Sherrie Rivero, Mandi Swartwood, Ricky Latimer, Clara Villegas, Tyrone Antonio, Noah Deppen, Nelle Goodlow, Yesenia Tillett, Lynell Lando, Loreen Morel, Valentina Nitti, Cara Rakowski, Silas Chickering, Marguerite Schuman, Thuy Decamp, Rufus Hanshaw, Irma Encarnacion, Leoma Mazzei, Latesha Marini, Mallory Segarra, Parker Forrest, Jed Frazier, Kimi Savard, Lashay Franz]
17:54:42.473 [main] INFO api.AvailableMembersApi - Validating members for Survey ID: 75
17:54:42.474 [main] INFO api.AvailableMembersApi - Received response for survey ID 76: Status Code = 200
17:54:42.479 [main] INFO api.AvailableMembersApi - Available names for survey ID 76: [Malissa Arn, Teri Villalobos, Yesenia Conte, Meghann Followell, Lee Harlow, Salvatore Monico, Sunshine Focht, Daina Maine, Tasia Merritt, Gregory Lucchesi, Drucilla Wilhelm, Jaquelyn Levett, Mariko Hadfield, Janita Stroman, Margarito Derringer, Sherita Arispe, Micah Shirley, Wilhelmina Hibdon, Carolin Blauser, Lyla Almanza, Chere Gamino, Fleta Giampaolo, Cleotilde Mcmiller, Sarai Morelli, Lashanda Abbott, Jeffry Dynes, Vernice Soto, Elna Phelan, Temika Huth, Adrianna Fentress, Tayna Rey, Ike Clink, Gaynell Croce, Darlena Farrington, Cherryl Carolina, Zoe Solar, Anjanette Krupp, Janiece Silvernail, Ivey Buskey, Viola Blackstock, Elane Martinelli, Rachell Ankrom, Kyla Kays, Alton Smedley, Bebe Lehmkuhl, Inell Ruoff, Onita Holloway, Norman Castilleja, Delmar Tourville, Audry Berends, Zoraida Faulkner, Kellee Maddy, Florencio Muller, Jo Dettman, Rosanne Trezza, Mirtha Conine, Kristin Ponton, Flossie Pangburn, Yuko Steffes, Dixie Darsey, Kendrick Preston, Cari Pizzo, Ellamae Tallon, Abbie Kreidler, Dustin Arterburn, Catrice Lenton, Laila Holdren, Yang Soriano, Jon Shultis, Julian Clapper, Myles Cooke, Rheba Corbett, Marcelle Herzog, Xochitl Calderwood, Leila Odle, Abby Peevy, Jarvis Millar, Lekisha Hinnenkamp, Clementina Gormley, Joslyn Keen, Verla Bearse, Cassaundra Loar, Ji Lamarche, Lilliam Mcghie, Alona Redel, Heidi Gravelle, Buck Slawson, Lindsay Henline, Mimi Winsor, Maxine Clauson, Lena Galusha, Talisha Geise, Stacie Austria, Georgia Cincotta, Candis Gapinski, Cyrstal Robb, Cornelia Laney, Jere Routh, Archie Branning, Tomi Athey, Bud Mclarty, Marlana Gillard, Elvis Leatherwood, Hellen Macrae, Meaghan Macinnis, Lezlie Luckey, Mozelle Reddy, Shanda Cromer, Venice Sherry, Ron Copher, Arminda Valentino, Carolann Bronson, Charlyn Haggerty, Isaac Linebaugh, Elba Farr, Angelika March, Tyler Galbraith, Marylynn Chauvin, Luisa Ohm, Bette Carlos, Rocco Blubaugh, Alexandria Jantz, Winston Hemby, Tami Jepson, Anamaria Headrick, Nereida Truman, Hipolito Rowlands, Porter Marcinkowski, Bonny Forester, Rutha Crotty, Damion Wysocki, Colton Moschella, Wayne Basler, Joie Sly, Takisha Demo, Chas Arline, Joya Bristol, Neida Vartanian, Ellie Duca, Adela Slusher, Daniell Nicklas, Jammie Rapp, Bess Hugo, Marlin Holm, Carey Baley, Dani Stroop, Maddie Mccusker, Herschel Sena, Ora Suddeth, Ted Broome, Birgit Mcglade, Heidi Poplawski, Carmen Ireland, Nelia Abrams, Adan Carden, Kesha Shoop, Elza Aumick, Terence Grothe, Markita Brymer, Jazmine Mccolley, Alpha Hundley, Scot Hollis, Marcelina Koger, Naoma Whitman, Alfredia Semon, Isaura Morton, Leia Amico, Simon Polinsky, Yulanda Marsden, Chloe Florey, Bernice Corcoran, Christine Parkinson, Marlys Matteson, Estella Lavallie, Madie Bhatti, Delpha Tharrington, Elwood Cortez, Sanjuanita Brotzman, Celeste Mahmood, Flor Hallock, Brigitte Rahm, Corazon Bohan, Cynthia Gines, Noble Krom, Rosalind Daniele, Margareta Ku, Sherrie Rivero, Noah Deppen, Nelle Goodlow, Yesenia Tillett, Lynell Lando, Valentina Nitti, Cara Rakowski, Silas Chickering, Marguerite Schuman, Thuy Decamp, Ian Reising, Rufus Hanshaw, Irma Encarnacion, Leoma Mazzei, Latesha Marini, Mallory Segarra, Torrie Harnois, Parker Forrest, Jed Frazier, Lashay Franz]
17:54:42.479 [main] INFO api.AvailableMembersApi - Validating members for Survey ID: 76
17:54:42.481 [main] INFO api.AvailableMembersApi - Received response for survey ID 77: Status Code = 200
17:54:42.486 [main] INFO api.AvailableMembersApi - Available names for survey ID 77: [Malissa Arn, Teri Villalobos, Yesenia Conte, Meghann Followell, Sunshine Focht, Daina Maine, Ora Housand, Tasia Merritt, Gregory Lucchesi, Drucilla Wilhelm, Jaquelyn Levett, Mariko Hadfield, Janita Stroman, Margarito Derringer, Everett Northup, Micah Shirley, Wilhelmina Hibdon, Carolin Blauser, Lyla Almanza, Chere Gamino, Fleta Giampaolo, Sarai Morelli, Lashanda Abbott, Jeffry Dynes, Vernice Soto, Elna Phelan, Temika Huth, Adrianna Fentress, Tayna Rey, Ike Clink, Gaynell Croce, Darlena Farrington, Cherryl Carolina, Zoe Solar, Anjanette Krupp, Janiece Silvernail, Viola Blackstock, Elane Martinelli, Rachell Ankrom, Kyla Kays, Alton Smedley, Voncile Hayner, Bebe Lehmkuhl, Inell Ruoff, Onita Holloway, Delmar Tourville, Audry Berends, Zoraida Faulkner, Kellee Maddy, Florencio Muller, Jo Dettman, Rosanne Trezza, Maryland Benedict, Mirtha Conine, Kristin Ponton, Flossie Pangburn, Yuko Steffes, Dixie Darsey, Cari Pizzo, Ellamae Tallon, Abbie Kreidler, Catrice Lenton, Laila Holdren, Yang Soriano, Jon Shultis, Julian Clapper, Myles Cooke, Rheba Corbett, Marcelle Herzog, Xochitl Calderwood, Leila Odle, Abby Peevy, Jarvis Millar, Angelia Keebler, Clementina Gormley, Joslyn Keen, Verla Bearse, Cassaundra Loar, Ji Lamarche, Alona Redel, Heidi Gravelle, Buck Slawson, Lindsay Henline, Mimi Winsor, Maxine Clauson, Lena Galusha, Talisha Geise, Georgia Cincotta, Candis Gapinski, Cyrstal Robb, Cornelia Laney, Jere Routh, Archie Branning, Tomi Athey, Matha Beard, Bud Mclarty, Elvis Leatherwood, Hellen Macrae, Meaghan Macinnis, Lezlie Luckey, Mozelle Reddy, Olene Ledgerwood, Shanda Cromer, Arminda Valentino, Carolann Bronson, Charlyn Haggerty, Elba Farr, Tyler Galbraith, Marylynn Chauvin, Luisa Ohm, Bette Carlos, Alexandria Jantz, Winston Hemby, Tami Jepson, Anamaria Headrick, Nereida Truman, Porter Marcinkowski, Bonny Forester, Rutha Crotty, Damion Wysocki, Colton Moschella, Wayne Basler, Joie Sly, Takisha Demo, Chas Arline, Joya Bristol, Ellie Duca, Adela Slusher, Daniell Nicklas, Jammie Rapp, Bess Hugo, Mignon Carnes, Dani Stroop, Maddie Mccusker, Herschel Sena, Ora Suddeth, Ted Broome, Birgit Mcglade, Heidi Poplawski, Carmen Ireland, Nelia Abrams, Adan Carden, Leanna Mazer, Kesha Shoop, Elza Aumick, Terence Grothe, Markita Brymer, Alpha Hundley, Scot Hollis, Marcelina Koger, Naoma Whitman, Alfredia Semon, Miyoko Pinto, Isaura Morton, Leia Amico, Yulanda Marsden, Bernice Corcoran, Marlys Matteson, Estella Lavallie, Madie Bhatti, Delpha Tharrington, Elwood Cortez, Sanjuanita Brotzman, Celeste Mahmood, Flor Hallock, Brigitte Rahm, Corazon Bohan, Cynthia Gines, Noble Krom, Rosalind Daniele, Margareta Ku, Sherrie Rivero, Mandi Swartwood, Clara Villegas, Tyrone Antonio, Noah Deppen, Nelle Goodlow, Yesenia Tillett, Lynell Lando, Loreen Morel, Valentina Nitti, Cara Rakowski, Silas Chickering, Ian Reising, Rufus Hanshaw, Leoma Mazzei, Latesha Marini, Mallory Segarra, Torrie Harnois, Parker Forrest, Jed Frazier, Kimi Savard, Lashay Franz]
17:54:42.486 [main] INFO api.AvailableMembersApi - Validating members for Survey ID: 77
17:54:42.488 [main] INFO api.AvailableMembersApi - Received response for survey ID 78: Status Code = 200
17:54:42.493 [main] INFO api.AvailableMembersApi - Available names for survey ID 78: [Malissa Arn, Teri Villalobos, Meghann Followell, Lee Harlow, Salvatore Monico, Sunshine Focht, Daina Maine, Tasia Merritt, Gregory Lucchesi, Drucilla Wilhelm, Jaquelyn Levett, Mariko Hadfield, Janita Stroman, Margarito Derringer, Sherita Arispe, Everett Northup, Micah Shirley, Wilhelmina Hibdon, Lyla Almanza, Chere Gamino, Fleta Giampaolo, Cleotilde Mcmiller, Sarai Morelli, Lashanda Abbott, Jeffry Dynes, Vernice Soto, Temika Huth, Adrianna Fentress, Ike Clink, Gaynell Croce, Darlena Farrington, Cherryl Carolina, Zoe Solar, Anjanette Krupp, Janiece Silvernail, Ivey Buskey, Viola Blackstock, Elane Martinelli, Rachell Ankrom, Kyla Kays, Alton Smedley, Bebe Lehmkuhl, Onita Holloway, Norman Castilleja, Delmar Tourville, Audry Berends, Zoraida Faulkner, Kellee Maddy, Jo Dettman, Rosanne Trezza, Maryland Benedict, Mirtha Conine, Kristin Ponton, Flossie Pangburn, Yuko Steffes, Dixie Darsey, Kendrick Preston, Cari Pizzo, Ellamae Tallon, Abbie Kreidler, Dustin Arterburn, Catrice Lenton, Laila Holdren, Yang Soriano, Jon Shultis, Julian Clapper, Myles Cooke, Rheba Corbett, Marcelle Herzog, Leila Odle, Abby Peevy, Lekisha Hinnenkamp, Angelia Keebler, Clementina Gormley, Joslyn Keen, Verla Bearse, Ji Lamarche, Lilliam Mcghie, Alona Redel, Heidi Gravelle, Buck Slawson, Lena Galusha, Talisha Geise, Stacie Austria, Georgia Cincotta, Candis Gapinski, Cyrstal Robb, Jere Routh, Archie Branning, Tomi Athey, Matha Beard, Bud Mclarty, Marlana Gillard, Elvis Leatherwood, Meaghan Macinnis, Lezlie Luckey, Olene Ledgerwood, Shanda Cromer, Venice Sherry, Ron Copher, Arminda Valentino, Carolann Bronson, Charlyn Haggerty, Isaac Linebaugh, Angelika March, Tyler Galbraith, Marylynn Chauvin, Bette Carlos, Rocco Blubaugh, Alexandria Jantz, Anamaria Headrick, Nereida Truman, Hipolito Rowlands, Porter Marcinkowski, Bonny Forester, Rutha Crotty, Damion Wysocki, Colton Moschella, Wayne Basler, Joie Sly, Takisha Demo, Chas Arline, Joya Bristol, Ellie Duca, Adela Slusher, Daniell Nicklas, Jammie Rapp, Bess Hugo, Marlin Holm, Mignon Carnes, Carey Baley, Dani Stroop, Maddie Mccusker, Herschel Sena, Ora Suddeth, Ted Broome, Birgit Mcglade, Heidi Poplawski, Carmen Ireland, Nelia Abrams, Adan Carden, Leanna Mazer, Kesha Shoop, Elza Aumick, Terence Grothe, Markita Brymer, Alpha Hundley, Scot Hollis, Marcelina Koger, Naoma Whitman, Alfredia Semon, Miyoko Pinto, Isaura Morton, Leia Amico, Simon Polinsky, Yulanda Marsden, Chloe Florey, Bernice Corcoran, Christine Parkinson, Marlys Matteson, Estella Lavallie, Madie Bhatti, Delpha Tharrington, Elwood Cortez, Sanjuanita Brotzman, Celeste Mahmood, Flor Hallock, Brigitte Rahm, Corazon Bohan, Noble Krom, Rosalind Daniele, Margareta Ku, Sherrie Rivero, Mandi Swartwood, Ricky Latimer, Tyrone Antonio, Noah Deppen, Yesenia Tillett, Lynell Lando, Loreen Morel, Valentina Nitti, Cara Rakowski, Silas Chickering, Marguerite Schuman, Thuy Decamp, Ian Reising, Rufus Hanshaw, Irma Encarnacion, Mallory Segarra, Torrie Harnois, Parker Forrest, Jed Frazier, Lashay Franz]
17:54:42.493 [main] INFO api.AvailableMembersApi - Validating members for Survey ID: 78
17:54:42.494 [main] INFO api.AvailableMembersApi - Received response for survey ID 79: Status Code = 200
17:54:42.499 [main] INFO api.AvailableMembersApi - Available names for survey ID 79: [Teri Villalobos, Meghann Followell, Lee Harlow, Sunshine Focht, Daina Maine, Ora Housand, Tasia Merritt, Gregory Lucchesi, Drucilla Wilhelm, Mariko Hadfield, Janita Stroman, Margarito Derringer, Sherita Arispe, Wilhelmina Hibdon, Carolin Blauser, Lyla Almanza, Chere Gamino, Fleta Giampaolo, Cleotilde Mcmiller, Sarai Morelli, Jeffry Dynes, Vernice Soto, Adrianna Fentress, Tayna Rey, Ike Clink, Gaynell Croce, Darlena Farrington, Cherryl Carolina, Anjanette Krupp, Janiece Silvernail, Viola Blackstock, Elane Martinelli, Rachell Ankrom, Kyla Kays, Voncile Hayner, Bebe Lehmkuhl, Inell Ruoff, Norman Castilleja, Delmar Tourville, Audry Berends, Zoraida Faulkner, Kellee Maddy, Florencio Muller, Jo Dettman, Rosanne Trezza, Maryland Benedict, Mirtha Conine, Kristin Ponton, Flossie Pangburn, Yuko Steffes, Dixie Darsey, Kendrick Preston, Cari Pizzo, Ellamae Tallon, Abbie Kreidler, Dustin Arterburn, Catrice Lenton, Laila Holdren, Yang Soriano, Jon Shultis, Julian Clapper, Myles Cooke, Rheba Corbett, Marcelle Herzog, Leila Odle, Abby Peevy, Jarvis Millar, Lekisha Hinnenkamp, Angelia Keebler, Clementina Gormley, Joslyn Keen, Verla Bearse, Cassaundra Loar, Ji Lamarche, Lilliam Mcghie, Alona Redel, Buck Slawson, Lindsay Henline, Mimi Winsor, Maxine Clauson, Lena Galusha, Talisha Geise, Stacie Austria, Georgia Cincotta, Candis Gapinski, Cyrstal Robb, Cornelia Laney, Jere Routh, Archie Branning, Tomi Athey, Matha Beard, Bud Mclarty, Marlana Gillard, Elvis Leatherwood, Hellen Macrae, Lezlie Luckey, Mozelle Reddy, Venice Sherry, Ron Copher, Arminda Valentino, Carolann Bronson, Charlyn Haggerty, Isaac Linebaugh, Elba Farr, Angelika March, Marylynn Chauvin, Luisa Ohm, Bette Carlos, Rocco Blubaugh, Alexandria Jantz, Winston Hemby, Tami Jepson, Anamaria Headrick, Nereida Truman, Hipolito Rowlands, Porter Marcinkowski, Bonny Forester, Rutha Crotty, Damion Wysocki, Wayne Basler, Joie Sly, Takisha Demo, Chas Arline, Joya Bristol, Neida Vartanian, Adela Slusher, Daniell Nicklas, Bess Hugo, Marlin Holm, Mignon Carnes, Carey Baley, Dani Stroop, Ora Suddeth, Birgit Mcglade, Heidi Poplawski, Carmen Ireland, Nelia Abrams, Adan Carden, Leanna Mazer, Kesha Shoop, Elza Aumick, Terence Grothe, Markita Brymer, Jazmine Mccolley, Alpha Hundley, Naoma Whitman, Alfredia Semon, Miyoko Pinto, Isaura Morton, Leia Amico, Simon Polinsky, Yulanda Marsden, Chloe Florey, Bernice Corcoran, Christine Parkinson, Marlys Matteson, Madie Bhatti, Delpha Tharrington, Elwood Cortez, Sanjuanita Brotzman, Celeste Mahmood, Flor Hallock, Brigitte Rahm, Corazon Bohan, Cynthia Gines, Noble Krom, Rosalind Daniele, Margareta Ku, Sherrie Rivero, Mandi Swartwood, Ricky Latimer, Clara Villegas, Tyrone Antonio, Noah Deppen, Yesenia Tillett, Lynell Lando, Loreen Morel, Valentina Nitti, Cara Rakowski, Silas Chickering, Marguerite Schuman, Thuy Decamp, Ian Reising, Rufus Hanshaw, Irma Encarnacion, Latesha Marini, Mallory Segarra, Torrie Harnois, Parker Forrest, Jed Frazier, Kimi Savard, Lashay Franz]
17:54:42.499 [main] INFO api.AvailableMembersApi - Validating members for Survey ID: 79
17:54:42.501 [main] INFO api.AvailableMembersApi - Received response for survey ID 80: Status Code = 200
17:54:42.506 [main] INFO api.AvailableMembersApi - Available names for survey ID 80: [Malissa Arn, Teri Villalobos, Yesenia Conte, Meghann Followell, Lee Harlow, Salvatore Monico, Sunshine Focht, Daina Maine, Ora Housand, Tasia Merritt, Gregory Lucchesi, Drucilla Wilhelm, Jaquelyn Levett, Janita Stroman, Margarito Derringer, Sherita Arispe, Everett Northup, Micah Shirley, Carolin Blauser, Lyla Almanza, Chere Gamino, Cleotilde Mcmiller, Sarai Morelli, Jeffry Dynes, Vernice Soto, Elna Phelan, Temika Huth, Adrianna Fentress, Tayna Rey, Ike Clink, Gaynell Croce, Darlena Farrington, Cherryl Carolina, Zoe Solar, Anjanette Krupp, Janiece Silvernail, Ivey Buskey, Viola Blackstock, Elane Martinelli, Kyla Kays, Alton Smedley, Voncile Hayner, Bebe Lehmkuhl, Inell Ruoff, Onita Holloway, Norman Castilleja, Delmar Tourville, Audry Berends, Zoraida Faulkner, Kellee Maddy, Florencio Muller, Jo Dettman, Rosanne Trezza, Maryland Benedict, Mirtha Conine, Kristin Ponton, Yuko Steffes, Dixie Darsey, Kendrick Preston, Cari Pizzo, Ellamae Tallon, Dustin Arterburn, Laila Holdren, Yang Soriano, Jon Shultis, Julian Clapper, Myles Cooke, Marcelle Herzog, Xochitl Calderwood, Leila Odle, Abby Peevy, Jarvis Millar, Lekisha Hinnenkamp, Angelia Keebler, Clementina Gormley, Joslyn Keen, Verla Bearse, Cassaundra Loar, Ji Lamarche, Lilliam Mcghie, Alona Redel, Heidi Gravelle, Buck Slawson, Lindsay Henline, Mimi Winsor, Lena Galusha, Stacie Austria, Georgia Cincotta, Candis Gapinski, Cyrstal Robb, Cornelia Laney, Jere Routh, Archie Branning, Tomi Athey, Matha Beard, Bud Mclarty, Marlana Gillard, Elvis Leatherwood, Meaghan Macinnis, Lezlie Luckey, Mozelle Reddy, Olene Ledgerwood, Shanda Cromer, Venice Sherry, Ron Copher, Arminda Valentino, Carolann Bronson, Charlyn Haggerty, Isaac Linebaugh, Elba Farr, Angelika March, Tyler Galbraith, Marylynn Chauvin, Luisa Ohm, Bette Carlos, Rocco Blubaugh, Winston Hemby, Tami Jepson, Anamaria Headrick, Nereida Truman, Hipolito Rowlands, Porter Marcinkowski, Bonny Forester, Rutha Crotty, Damion Wysocki, Colton Moschella, Wayne Basler, Joie Sly, Takisha Demo, Chas Arline, Joya Bristol, Neida Vartanian, Ellie Duca, Daniell Nicklas, Jammie Rapp, Bess Hugo, Marlin Holm, Mignon Carnes, Carey Baley, Dani Stroop, Maddie Mccusker, Herschel Sena, Ora Suddeth, Ted Broome, Birgit Mcglade, Heidi Poplawski, Carmen Ireland, Nelia Abrams, Leanna Mazer, Kesha Shoop, Elza Aumick, Terence Grothe, Markita Brymer, Alpha Hundley, Scot Hollis, Marcelina Koger, Naoma Whitman, Alfredia Semon, Miyoko Pinto, Isaura Morton, Leia Amico, Simon Polinsky, Yulanda Marsden, Chloe Florey, Bernice Corcoran, Christine Parkinson, Marlys Matteson, Estella Lavallie, Madie Bhatti, Delpha Tharrington, Elwood Cortez, Sanjuanita Brotzman, Celeste Mahmood, Flor Hallock, Corazon Bohan, Cynthia Gines, Noble Krom, Rosalind Daniele, Margareta Ku, Sherrie Rivero, Mandi Swartwood, Ricky Latimer, Clara Villegas, Tyrone Antonio, Noah Deppen, Nelle Goodlow, Lynell Lando, Loreen Morel, Valentina Nitti, Cara Rakowski, Silas Chickering, Marguerite Schuman, Thuy Decamp, Ian Reising, Rufus Hanshaw, Irma Encarnacion, Leoma Mazzei, Mallory Segarra, Torrie Harnois, Parker Forrest, Kimi Savard, Lashay Franz]
17:54:42.506 [main] INFO api.AvailableMembersApi - Validating members for Survey ID: 80
17:54:42.507 [main] INFO api.AvailableMembersApi - Received response for survey ID 81: Status Code = 200
17:54:42.512 [main] INFO api.AvailableMembersApi - Available names for survey ID 81: [Malissa Arn, Teri Villalobos, Meghann Followell, Lee Harlow, Salvatore Monico, Sunshine Focht, Daina Maine, Ora Housand, Tasia Merritt, Gregory Lucchesi, Drucilla Wilhelm, Jaquelyn Levett, Mariko Hadfield, Janita Stroman, Margarito Derringer, Micah Shirley, Wilhelmina Hibdon, Carolin Blauser, Lyla Almanza, Chere Gamino, Fleta Giampaolo, Cleotilde Mcmiller, Sarai Morelli, Lashanda Abbott, Jeffry Dynes, Vernice Soto, Elna Phelan, Temika Huth, Adrianna Fentress, Tayna Rey, Ike Clink, Gaynell Croce, Darlena Farrington, Cherryl Carolina, Zoe Solar, Anjanette Krupp, Janiece Silvernail, Ivey Buskey, Viola Blackstock, Elane Martinelli, Rachell Ankrom, Kyla Kays, Alton Smedley, Voncile Hayner, Inell Ruoff, Onita Holloway, Norman Castilleja, Delmar Tourville, Audry Berends, Zoraida Faulkner, Kellee Maddy, Florencio Muller, Jo Dettman, Rosanne Trezza, Mirtha Conine, Kristin Ponton, Flossie Pangburn, Yuko Steffes, Dixie Darsey, Kendrick Preston, Cari Pizzo, Ellamae Tallon, Abbie Kreidler, Dustin Arterburn, Catrice Lenton, Laila Holdren, Yang Soriano, Jon Shultis, Julian Clapper, Myles Cooke, Rheba Corbett, Marcelle Herzog, Xochitl Calderwood, Leila Odle, Abby Peevy, Jarvis Millar, Lekisha Hinnenkamp, Clementina Gormley, Joslyn Keen, Verla Bearse, Cassaundra Loar, Ji Lamarche, Alona Redel, Heidi Gravelle, Lindsay Henline, Mimi Winsor, Maxine Clauson, Lena Galusha, Talisha Geise, Stacie Austria, Georgia Cincotta, Candis Gapinski, Cyrstal Robb, Cornelia Laney, Jere Routh, Archie Branning, Tomi Athey, Matha Beard, Bud Mclarty, Marlana Gillard, Elvis Leatherwood, Hellen Macrae, Meaghan Macinnis, Mozelle Reddy, Olene Ledgerwood, Shanda Cromer, Venice Sherry, Ron Copher, Arminda Valentino, Carolann Bronson, Charlyn Haggerty, Isaac Linebaugh, Elba Farr, Angelika March, Tyler Galbraith, Marylynn Chauvin, Luisa Ohm, Rocco Blubaugh, Winston Hemby, Anamaria Headrick, Nereida Truman, Hipolito Rowlands, Porter Marcinkowski, Rutha Crotty, Damion Wysocki, Colton Moschella, Wayne Basler, Takisha Demo, Chas Arline, Joya Bristol, Neida Vartanian, Ellie Duca, Adela Slusher, Daniell Nicklas, Jammie Rapp, Marlin Holm, Mignon Carnes, Dani Stroop, Maddie Mccusker, Herschel Sena, Ora Suddeth, Ted Broome, Birgit Mcglade, Heidi Poplawski, Carmen Ireland, Nelia Abrams, Adan Carden, Leanna Mazer, Kesha Shoop, Elza Aumick, Terence Grothe, Markita Brymer, Alpha Hundley, Scot Hollis, Naoma Whitman, Alfredia Semon, Miyoko Pinto, Isaura Morton, Leia Amico, Simon Polinsky, Yulanda Marsden, Bernice Corcoran, Christine Parkinson, Marlys Matteson, Estella Lavallie, Madie Bhatti, Delpha Tharrington, Sanjuanita Brotzman, Celeste Mahmood, Flor Hallock, Brigitte Rahm, Corazon Bohan, Cynthia Gines, Noble Krom, Rosalind Daniele, Margareta Ku, Sherrie Rivero, Mandi Swartwood, Clara Villegas, Tyrone Antonio, Noah Deppen, Nelle Goodlow, Yesenia Tillett, Lynell Lando, Loreen Morel, Valentina Nitti, Cara Rakowski, Silas Chickering, Marguerite Schuman, Thuy Decamp, Rufus Hanshaw, Irma Encarnacion, Leoma Mazzei, Latesha Marini, Mallory Segarra, Torrie Harnois, Parker Forrest, Jed Frazier, Kimi Savard, Lashay Franz]
17:54:42.512 [main] INFO api.AvailableMembersApi - Validating members for Survey ID: 81
17:54:42.514 [main] INFO api.AvailableMembersApi - Received response for survey ID 82: Status Code = 200
17:54:42.519 [main] INFO api.AvailableMembersApi - Available names for survey ID 82: [Meghann Followell, Lee Harlow, Salvatore Monico, Sunshine Focht, Daina Maine, Tasia Merritt, Gregory Lucchesi, Drucilla Wilhelm, Jaquelyn Levett, Mariko Hadfield, Sherita Arispe, Everett Northup, Micah Shirley, Wilhelmina Hibdon, Carolin Blauser, Lyla Almanza, Chere Gamino, Fleta Giampaolo, Sarai Morelli, Lashanda Abbott, Jeffry Dynes, Vernice Soto, Elna Phelan, Temika Huth, Adrianna Fentress, Tayna Rey, Ike Clink, Gaynell Croce, Cherryl Carolina, Zoe Solar, Anjanette Krupp, Ivey Buskey, Viola Blackstock, Elane Martinelli, Rachell Ankrom, Kyla Kays, Alton Smedley, Voncile Hayner, Bebe Lehmkuhl, Inell Ruoff, Onita Holloway, Norman Castilleja, Delmar Tourville, Audry Berends, Zoraida Faulkner, Kellee Maddy, Florencio Muller, Jo Dettman, Rosanne Trezza, Maryland Benedict, Mirtha Conine, Kristin Ponton, Flossie Pangburn, Yuko Steffes, Dixie Darsey, Kendrick Preston, Cari Pizzo, Ellamae Tallon, Abbie Kreidler, Dustin Arterburn, Catrice Lenton, Laila Holdren, Yang Soriano, Jon Shultis, Julian Clapper, Myles Cooke, Rheba Corbett, Marcelle Herzog, Xochitl Calderwood, Leila Odle, Abby Peevy, Jarvis Millar, Lekisha Hinnenkamp, Angelia Keebler, Clementina Gormley, Joslyn Keen, Verla Bearse, Cassaundra Loar, Ji Lamarche, Lilliam Mcghie, Alona Redel, Buck Slawson, Lindsay Henline, Mimi Winsor, Maxine Clauson, Lena Galusha, Talisha Geise, Stacie Austria, Georgia Cincotta, Candis Gapinski, Cornelia Laney, Jere Routh, Archie Branning, Tomi Athey, Matha Beard, Bud Mclarty, Marlana Gillard, Elvis Leatherwood, Hellen Macrae, Meaghan Macinnis, Lezlie Luckey, Mozelle Reddy, Olene Ledgerwood, Shanda Cromer, Venice Sherry, Ron Copher, Arminda Valentino, Carolann Bronson, Charlyn Haggerty, Isaac Linebaugh, Elba Farr, Tyler Galbraith, Marylynn Chauvin, Luisa Ohm, Bette Carlos, Rocco Blubaugh, Alexandria Jantz, Winston Hemby, Tami Jepson, Anamaria Headrick, Nereida Truman, Hipolito Rowlands, Porter Marcinkowski, Colton Moschella, Wayne Basler, Joie Sly, Takisha Demo, Chas Arline, Joya Bristol, Neida Vartanian, Ellie Duca, Adela Slusher, Daniell Nicklas, Marlin Holm, Mignon Carnes, Carey Baley, Dani Stroop, Maddie Mccusker, Herschel Sena, Ora Suddeth, Ted Broome, Birgit Mcglade, Heidi Poplawski, Carmen Ireland, Adan Carden, Leanna Mazer, Elza Aumick, Terence Grothe, Markita Brymer, Jazmine Mccolley, Alpha Hundley, Scot Hollis, Marcelina Koger, Naoma Whitman, Miyoko Pinto, Isaura Morton, Leia Amico, Simon Polinsky, Yulanda Marsden, Chloe Florey, Bernice Corcoran, Christine Parkinson, Marlys Matteson, Estella Lavallie, Madie Bhatti, Delpha Tharrington, Elwood Cortez, Sanjuanita Brotzman, Celeste Mahmood, Flor Hallock, Brigitte Rahm, Corazon Bohan, Cynthia Gines, Noble Krom, Rosalind Daniele, Margareta Ku, Sherrie Rivero, Mandi Swartwood, Ricky Latimer, Clara Villegas, Tyrone Antonio, Noah Deppen, Nelle Goodlow, Yesenia Tillett, Lynell Lando, Loreen Morel, Valentina Nitti, Cara Rakowski, Silas Chickering, Marguerite Schuman, Thuy Decamp, Ian Reising, Rufus Hanshaw, Irma Encarnacion, Latesha Marini, Mallory Segarra, Torrie Harnois, Parker Forrest, Jed Frazier, Kimi Savard, Lashay Franz]
17:54:42.519 [main] INFO api.AvailableMembersApi - Validating members for Survey ID: 82
17:54:42.520 [main] INFO api.AvailableMembersApi - Received response for survey ID 83: Status Code = 200
17:54:42.525 [main] INFO api.AvailableMembersApi - Available names for survey ID 83: [Malissa Arn, Teri Villalobos, Yesenia Conte, Meghann Followell, Salvatore Monico, Sunshine Focht, Daina Maine, Ora Housand, Tasia Merritt, Gregory Lucchesi, Drucilla Wilhelm, Jaquelyn Levett, Janita Stroman, Margarito Derringer, Sherita Arispe, Everett Northup, Micah Shirley, Wilhelmina Hibdon, Carolin Blauser, Lyla Almanza, Chere Gamino, Fleta Giampaolo, Cleotilde Mcmiller, Sarai Morelli, Lashanda Abbott, Vernice Soto, Temika Huth, Adrianna Fentress, Tayna Rey, Ike Clink, Gaynell Croce, Cherryl Carolina, Zoe Solar, Anjanette Krupp, Janiece Silvernail, Ivey Buskey, Viola Blackstock, Elane Martinelli, Rachell Ankrom, Kyla Kays, Alton Smedley, Voncile Hayner, Bebe Lehmkuhl, Inell Ruoff, Onita Holloway, Delmar Tourville, Audry Berends, Kellee Maddy, Florencio Muller, Rosanne Trezza, Maryland Benedict, Mirtha Conine, Kristin Ponton, Flossie Pangburn, Yuko Steffes, Dixie Darsey, Kendrick Preston, Cari Pizzo, Ellamae Tallon, Abbie Kreidler, Dustin Arterburn, Catrice Lenton, Laila Holdren, Yang Soriano, Jon Shultis, Julian Clapper, Myles Cooke, Rheba Corbett, Xochitl Calderwood, Leila Odle, Abby Peevy, Jarvis Millar, Lekisha Hinnenkamp, Angelia Keebler, Joslyn Keen, Verla Bearse, Cassaundra Loar, Ji Lamarche, Lilliam Mcghie, Alona Redel, Buck Slawson, Lindsay Henline, Mimi Winsor, Maxine Clauson, Lena Galusha, Talisha Geise, Stacie Austria, Georgia Cincotta, Candis Gapinski, Cyrstal Robb, Cornelia Laney, Jere Routh, Archie Branning, Tomi Athey, Bud Mclarty, Marlana Gillard, Elvis Leatherwood, Hellen Macrae, Mozelle Reddy, Olene Ledgerwood, Venice Sherry, Ron Copher, Arminda Valentino, Carolann Bronson, Charlyn Haggerty, Isaac Linebaugh, Elba Farr, Tyler Galbraith, Marylynn Chauvin, Luisa Ohm, Bette Carlos, Rocco Blubaugh, Alexandria Jantz, Winston Hemby, Tami Jepson, Nereida Truman, Hipolito Rowlands, Porter Marcinkowski, Bonny Forester, Rutha Crotty, Damion Wysocki, Colton Moschella, Wayne Basler, Joie Sly, Takisha Demo, Chas Arline, Joya Bristol, Neida Vartanian, Ellie Duca, Adela Slusher, Daniell Nicklas, Jammie Rapp, Bess Hugo, Marlin Holm, Mignon Carnes, Carey Baley, Dani Stroop, Maddie Mccusker, Herschel Sena, Ted Broome, Birgit Mcglade, Heidi Poplawski, Carmen Ireland, Nelia Abrams, Adan Carden, Leanna Mazer, Kesha Shoop, Elza Aumick, Terence Grothe, Markita Brymer, Jazmine Mccolley, Alpha Hundley, Scot Hollis, Marcelina Koger, Naoma Whitman, Alfredia Semon, Miyoko Pinto, Isaura Morton, Leia Amico, Simon Polinsky, Chloe Florey, Bernice Corcoran, Christine Parkinson, Marlys Matteson, Estella Lavallie, Madie Bhatti, Delpha Tharrington, Elwood Cortez, Sanjuanita Brotzman, Celeste Mahmood, Flor Hallock, Brigitte Rahm, Corazon Bohan, Cynthia Gines, Noble Krom, Rosalind Daniele, Margareta Ku, Sherrie Rivero, Mandi Swartwood, Ricky Latimer, Clara Villegas, Tyrone Antonio, Nelle Goodlow, Yesenia Tillett, Lynell Lando, Valentina Nitti, Cara Rakowski, Silas Chickering, Marguerite Schuman, Thuy Decamp, Ian Reising, Rufus Hanshaw, Irma Encarnacion, Leoma Mazzei, Latesha Marini, Mallory Segarra, Torrie Harnois, Parker Forrest, Kimi Savard, Lashay Franz]
17:54:42.525 [main] INFO api.AvailableMembersApi - Validating members for Survey ID: 83
17:54:42.527 [main] INFO api.AvailableMembersApi - Received response for survey ID 84: Status Code = 200
17:54:42.556 [main] INFO api.AvailableMembersApi - Available names for survey ID 84: [Malissa Arn, Teri Villalobos, Yesenia Conte, Meghann Followell, Lee Harlow, Salvatore Monico, Sunshine Focht, Daina Maine, Ora Housand, Tasia Merritt, Drucilla Wilhelm, Jaquelyn Levett, Mariko Hadfield, Janita Stroman, Sherita Arispe, Everett Northup, Micah Shirley, Carolin Blauser, Lyla Almanza, Chere Gamino, Fleta Giampaolo, Cleotilde Mcmiller, Sarai Morelli, Jeffry Dynes, Vernice Soto, Elna Phelan, Temika Huth, Adrianna Fentress, Tayna Rey, Ike Clink, Gaynell Croce, Darlena Farrington, Cherryl Carolina, Zoe Solar, Janiece Silvernail, Ivey Buskey, Viola Blackstock, Elane Martinelli, Rachell Ankrom, Kyla Kays, Alton Smedley, Voncile Hayner, Bebe Lehmkuhl, Inell Ruoff, Onita Holloway, Norman Castilleja, Delmar Tourville, Zoraida Faulkner, Kellee Maddy, Florencio Muller, Jo Dettman, Rosanne Trezza, Maryland Benedict, Mirtha Conine, Kristin Ponton, Flossie Pangburn, Yuko Steffes, Dixie Darsey, Kendrick Preston, Cari Pizzo, Ellamae Tallon, Abbie Kreidler, Dustin Arterburn, Laila Holdren, Yang Soriano, Jon Shultis, Julian Clapper, Myles Cooke, Marcelle Herzog, Leila Odle, Abby Peevy, Jarvis Millar, Angelia Keebler, Clementina Gormley, Verla Bearse, Cassaundra Loar, Ji Lamarche, Lilliam Mcghie, Alona Redel, Heidi Gravelle, Buck Slawson, Lindsay Henline, Mimi Winsor, Maxine Clauson, Lena Galusha, Talisha Geise, Stacie Austria, Georgia Cincotta, Cyrstal Robb, Jere Routh, Archie Branning, Tomi Athey, Matha Beard, Bud Mclarty, Marlana Gillard, Elvis Leatherwood, Hellen Macrae, Meaghan Macinnis, Lezlie Luckey, Mozelle Reddy, Olene Ledgerwood, Shanda Cromer, Venice Sherry, Ron Copher, Arminda Valentino, Carolann Bronson, Charlyn Haggerty, Isaac Linebaugh, Elba Farr, Angelika March, Tyler Galbraith, Marylynn Chauvin, Luisa Ohm, Bette Carlos, Rocco Blubaugh, Alexandria Jantz, Winston Hemby, Tami Jepson, Anamaria Headrick, Nereida Truman, Hipolito Rowlands, Porter Marcinkowski, Bonny Forester, Rutha Crotty, Damion Wysocki, Colton Moschella, Wayne Basler, Joie Sly, Takisha Demo, Chas Arline, Joya Bristol, Neida Vartanian, Ellie Duca, Daniell Nicklas, Jammie Rapp, Bess Hugo, Marlin Holm, Mignon Carnes, Carey Baley, Dani Stroop, Maddie Mccusker, Herschel Sena, Ted Broome, Birgit Mcglade, Heidi Poplawski, Carmen Ireland, Adan Carden, Leanna Mazer, Kesha Shoop, Elza Aumick, Markita Brymer, Jazmine Mccolley, Scot Hollis, Marcelina Koger, Naoma Whitman, Alfredia Semon, Miyoko Pinto, Leia Amico, Yulanda Marsden, Chloe Florey, Christine Parkinson, Marlys Matteson, Estella Lavallie, Madie Bhatti, Elwood Cortez, Sanjuanita Brotzman, Celeste Mahmood, Flor Hallock, Brigitte Rahm, Corazon Bohan, Cynthia Gines, Noble Krom, Rosalind Daniele, Sherrie Rivero, Mandi Swartwood, Ricky Latimer, Clara Villegas, Tyrone Antonio, Noah Deppen, Nelle Goodlow, Lynell Lando, Loreen Morel, Valentina Nitti, Cara Rakowski, Silas Chickering, Marguerite Schuman, Ian Reising, Rufus Hanshaw, Irma Encarnacion, Latesha Marini, Mallory Segarra, Torrie Harnois, Jed Frazier, Kimi Savard, Lashay Franz]
17:54:42.556 [main] INFO api.AvailableMembersApi - Validating members for Survey ID: 84
17:54:42.559 [main] INFO api.AvailableMembersApi - Received response for survey ID 85: Status Code = 200
17:54:42.564 [main] INFO api.AvailableMembersApi - Available names for survey ID 85: [Malissa Arn, Yesenia Conte, Meghann Followell, Lee Harlow, Salvatore Monico, Sunshine Focht, Ora Housand, Tasia Merritt, Gregory Lucchesi, Drucilla Wilhelm, Jaquelyn Levett, Mariko Hadfield, Janita Stroman, Margarito Derringer, Sherita Arispe, Everett Northup, Micah Shirley, Wilhelmina Hibdon, Carolin Blauser, Chere Gamino, Fleta Giampaolo, Cleotilde Mcmiller, Sarai Morelli, Lashanda Abbott, Jeffry Dynes, Vernice Soto, Temika Huth, Adrianna Fentress, Tayna Rey, Ike Clink, Gaynell Croce, Darlena Farrington, Cherryl Carolina, Zoe Solar, Anjanette Krupp, Ivey Buskey, Viola Blackstock, Elane Martinelli, Rachell Ankrom, Kyla Kays, Alton Smedley, Voncile Hayner, Bebe Lehmkuhl, Inell Ruoff, Onita Holloway, Norman Castilleja, Delmar Tourville, Audry Berends, Zoraida Faulkner, Kellee Maddy, Florencio Muller, Rosanne Trezza, Maryland Benedict, Mirtha Conine, Kristin Ponton, Flossie Pangburn, Yuko Steffes, Dixie Darsey, Kendrick Preston, Cari Pizzo, Ellamae Tallon, Abbie Kreidler, Dustin Arterburn, Catrice Lenton, Jon Shultis, Julian Clapper, Myles Cooke, Rheba Corbett, Marcelle Herzog, Xochitl Calderwood, Leila Odle, Abby Peevy, Jarvis Millar, Lekisha Hinnenkamp, Clementina Gormley, Joslyn Keen, Verla Bearse, Cassaundra Loar, Ji Lamarche, Lilliam Mcghie, Heidi Gravelle, Lindsay Henline, Mimi Winsor, Maxine Clauson, Lena Galusha, Talisha Geise, Stacie Austria, Georgia Cincotta, Candis Gapinski, Cyrstal Robb, Cornelia Laney, Jere Routh, Tomi Athey, Matha Beard, Bud Mclarty, Elvis Leatherwood, Hellen Macrae, Meaghan Macinnis, Lezlie Luckey, Olene Ledgerwood, Shanda Cromer, Ron Copher, Arminda Valentino, Isaac Linebaugh, Elba Farr, Angelika March, Tyler Galbraith, Marylynn Chauvin, Luisa Ohm, Bette Carlos, Rocco Blubaugh, Alexandria Jantz, Winston Hemby, Tami Jepson, Anamaria Headrick, Nereida Truman, Hipolito Rowlands, Porter Marcinkowski, Bonny Forester, Damion Wysocki, Colton Moschella, Wayne Basler, Joie Sly, Takisha Demo, Joya Bristol, Neida Vartanian, Ellie Duca, Adela Slusher, Daniell Nicklas, Jammie Rapp, Bess Hugo, Marlin Holm, Mignon Carnes, Carey Baley, Dani Stroop, Maddie Mccusker, Herschel Sena, Ora Suddeth, Ted Broome, Birgit Mcglade, Heidi Poplawski, Carmen Ireland, Nelia Abrams, Adan Carden, Leanna Mazer, Kesha Shoop, Elza Aumick, Terence Grothe, Markita Brymer, Jazmine Mccolley, Alpha Hundley, Scot Hollis, Marcelina Koger, Naoma Whitman, Alfredia Semon, Miyoko Pinto, Isaura Morton, Leia Amico, Simon Polinsky, Yulanda Marsden, Chloe Florey, Bernice Corcoran, Christine Parkinson, Marlys Matteson, Estella Lavallie, Madie Bhatti, Delpha Tharrington, Elwood Cortez, Sanjuanita Brotzman, Celeste Mahmood, Flor Hallock, Brigitte Rahm, Corazon Bohan, Cynthia Gines, Noble Krom, Rosalind Daniele, Margareta Ku, Mandi Swartwood, Ricky Latimer, Clara Villegas, Tyrone Antonio, Noah Deppen, Nelle Goodlow, Yesenia Tillett, Lynell Lando, Loreen Morel, Valentina Nitti, Cara Rakowski, Silas Chickering, Marguerite Schuman, Thuy Decamp, Ian Reising, Rufus Hanshaw, Irma Encarnacion, Leoma Mazzei, Mallory Segarra, Torrie Harnois, Parker Forrest, Jed Frazier, Kimi Savard, Lashay Franz]
17:54:42.564 [main] INFO api.AvailableMembersApi - Validating members for Survey ID: 85
17:54:42.566 [main] INFO api.AvailableMembersApi - Received response for survey ID 86: Status Code = 200
17:54:42.570 [main] INFO api.AvailableMembersApi - Available names for survey ID 86: [Malissa Arn, Teri Villalobos, Yesenia Conte, Meghann Followell, Salvatore Monico, Sunshine Focht, Daina Maine, Ora Housand, Gregory Lucchesi, Drucilla Wilhelm, Jaquelyn Levett, Sherita Arispe, Everett Northup, Micah Shirley, Wilhelmina Hibdon, Carolin Blauser, Lyla Almanza, Chere Gamino, Fleta Giampaolo, Cleotilde Mcmiller, Sarai Morelli, Lashanda Abbott, Jeffry Dynes, Vernice Soto, Elna Phelan, Temika Huth, Adrianna Fentress, Tayna Rey, Ike Clink, Gaynell Croce, Darlena Farrington, Cherryl Carolina, Zoe Solar, Anjanette Krupp, Janiece Silvernail, Ivey Buskey, Viola Blackstock, Elane Martinelli, Rachell Ankrom, Kyla Kays, Alton Smedley, Voncile Hayner, Bebe Lehmkuhl, Inell Ruoff, Onita Holloway, Norman Castilleja, Delmar Tourville, Audry Berends, Zoraida Faulkner, Kellee Maddy, Florencio Muller, Jo Dettman, Rosanne Trezza, Mirtha Conine, Yuko Steffes, Dixie Darsey, Kendrick Preston, Cari Pizzo, Ellamae Tallon, Abbie Kreidler, Dustin Arterburn, Catrice Lenton, Laila Holdren, Yang Soriano, Jon Shultis, Julian Clapper, Myles Cooke, Rheba Corbett, Marcelle Herzog, Xochitl Calderwood, Leila Odle, Abby Peevy, Jarvis Millar, Lekisha Hinnenkamp, Angelia Keebler, Clementina Gormley, Joslyn Keen, Cassaundra Loar, Ji Lamarche, Lilliam Mcghie, Alona Redel, Heidi Gravelle, Buck Slawson, Lindsay Henline, Mimi Winsor, Maxine Clauson, Lena Galusha, Talisha Geise, Georgia Cincotta, Candis Gapinski, Cyrstal Robb, Cornelia Laney, Jere Routh, Archie Branning, Tomi Athey, Matha Beard, Bud Mclarty, Marlana Gillard, Elvis Leatherwood, Hellen Macrae, Meaghan Macinnis, Lezlie Luckey, Mozelle Reddy, Olene Ledgerwood, Venice Sherry, Ron Copher, Arminda Valentino, Carolann Bronson, Charlyn Haggerty, Isaac Linebaugh, Elba Farr, Angelika March, Tyler Galbraith, Marylynn Chauvin, Luisa Ohm, Bette Carlos, Rocco Blubaugh, Alexandria Jantz, Winston Hemby, Tami Jepson, Hipolito Rowlands, Porter Marcinkowski, Bonny Forester, Rutha Crotty, Colton Moschella, Wayne Basler, Takisha Demo, Joya Bristol, Ellie Duca, Adela Slusher, Daniell Nicklas, Jammie Rapp, Bess Hugo, Marlin Holm, Mignon Carnes, Carey Baley, Dani Stroop, Maddie Mccusker, Herschel Sena, Ora Suddeth, Ted Broome, Birgit Mcglade, Heidi Poplawski, Carmen Ireland, Nelia Abrams, Adan Carden, Leanna Mazer, Kesha Shoop, Elza Aumick, Terence Grothe, Markita Brymer, Jazmine Mccolley, Alpha Hundley, Scot Hollis, Marcelina Koger, Naoma Whitman, Alfredia Semon, Miyoko Pinto, Isaura Morton, Leia Amico, Simon Polinsky, Chloe Florey, Bernice Corcoran, Christine Parkinson, Marlys Matteson, Estella Lavallie, Madie Bhatti, Elwood Cortez, Celeste Mahmood, Flor Hallock, Brigitte Rahm, Corazon Bohan, Cynthia Gines, Noble Krom, Rosalind Daniele, Margareta Ku, Mandi Swartwood, Ricky Latimer, Clara Villegas, Tyrone Antonio, Noah Deppen, Nelle Goodlow, Yesenia Tillett, Lynell Lando, Loreen Morel, Valentina Nitti, Cara Rakowski, Silas Chickering, Marguerite Schuman, Thuy Decamp, Ian Reising, Rufus Hanshaw, Irma Encarnacion, Leoma Mazzei, Latesha Marini, Jed Frazier, Kimi Savard, Lashay Franz]
17:54:42.571 [main] INFO api.AvailableMembersApi - Validating members for Survey ID: 86
17:54:42.572 [main] INFO api.AvailableMembersApi - Received response for survey ID 87: Status Code = 200
17:54:42.577 [main] INFO api.AvailableMembersApi - Available names for survey ID 87: [Malissa Arn, Teri Villalobos, Yesenia Conte, Meghann Followell, Lee Harlow, Salvatore Monico, Sunshine Focht, Daina Maine, Ora Housand, Gregory Lucchesi, Drucilla Wilhelm, Jaquelyn Levett, Mariko Hadfield, Janita Stroman, Margarito Derringer, Sherita Arispe, Everett Northup, Micah Shirley, Wilhelmina Hibdon, Carolin Blauser, Lyla Almanza, Chere Gamino, Fleta Giampaolo, Cleotilde Mcmiller, Sarai Morelli, Lashanda Abbott, Jeffry Dynes, Vernice Soto, Elna Phelan, Temika Huth, Adrianna Fentress, Tayna Rey, Ike Clink, Gaynell Croce, Darlena Farrington, Cherryl Carolina, Zoe Solar, Anjanette Krupp, Janiece Silvernail, Ivey Buskey, Viola Blackstock, Elane Martinelli, Alton Smedley, Inell Ruoff, Onita Holloway, Norman Castilleja, Delmar Tourville, Audry Berends, Zoraida Faulkner, Kellee Maddy, Florencio Muller, Jo Dettman, Rosanne Trezza, Maryland Benedict, Kristin Ponton, Flossie Pangburn, Yuko Steffes, Dixie Darsey, Kendrick Preston, Ellamae Tallon, Abbie Kreidler, Dustin Arterburn, Catrice Lenton, Laila Holdren, Yang Soriano, Jon Shultis, Julian Clapper, Myles Cooke, Marcelle Herzog, Xochitl Calderwood, Leila Odle, Abby Peevy, Jarvis Millar, Lekisha Hinnenkamp, Angelia Keebler, Clementina Gormley, Joslyn Keen, Verla Bearse, Ji Lamarche, Lilliam Mcghie, Alona Redel, Heidi Gravelle, Buck Slawson, Mimi Winsor, Maxine Clauson, Lena Galusha, Talisha Geise, Stacie Austria, Georgia Cincotta, Candis Gapinski, Cyrstal Robb, Cornelia Laney, Archie Branning, Tomi Athey, Matha Beard, Bud Mclarty, Marlana Gillard, Elvis Leatherwood, Hellen Macrae, Meaghan Macinnis, Mozelle Reddy, Olene Ledgerwood, Shanda Cromer, Venice Sherry, Ron Copher, Arminda Valentino, Carolann Bronson, Charlyn Haggerty, Isaac Linebaugh, Elba Farr, Angelika March, Tyler Galbraith, Marylynn Chauvin, Luisa Ohm, Bette Carlos, Rocco Blubaugh, Alexandria Jantz, Winston Hemby, Tami Jepson, Anamaria Headrick, Nereida Truman, Hipolito Rowlands, Porter Marcinkowski, Bonny Forester, Rutha Crotty, Damion Wysocki, Colton Moschella, Wayne Basler, Joie Sly, Takisha Demo, Chas Arline, Neida Vartanian, Ellie Duca, Adela Slusher, Daniell Nicklas, Jammie Rapp, Marlin Holm, Carey Baley, Dani Stroop, Maddie Mccusker, Herschel Sena, Ted Broome, Heidi Poplawski, Carmen Ireland, Adan Carden, Leanna Mazer, Kesha Shoop, Elza Aumick, Terence Grothe, Markita Brymer, Alpha Hundley, Scot Hollis, Marcelina Koger, Alfredia Semon, Miyoko Pinto, Isaura Morton, Leia Amico, Simon Polinsky, Yulanda Marsden, Chloe Florey, Bernice Corcoran, Christine Parkinson, Marlys Matteson, Estella Lavallie, Madie Bhatti, Delpha Tharrington, Elwood Cortez, Sanjuanita Brotzman, Celeste Mahmood, Flor Hallock, Brigitte Rahm, Corazon Bohan, Cynthia Gines, Noble Krom, Rosalind Daniele, Margareta Ku, Sherrie Rivero, Mandi Swartwood, Ricky Latimer, Clara Villegas, Noah Deppen, Nelle Goodlow, Yesenia Tillett, Lynell Lando, Loreen Morel, Cara Rakowski, Marguerite Schuman, Ian Reising, Rufus Hanshaw, Leoma Mazzei, Latesha Marini, Mallory Segarra, Torrie Harnois, Parker Forrest, Kimi Savard, Lashay Franz]
17:54:42.577 [main] INFO api.AvailableMembersApi - Validating members for Survey ID: 87
17:54:42.579 [main] INFO api.AvailableMembersApi - Received response for survey ID 88: Status Code = 200
17:54:42.584 [main] INFO api.AvailableMembersApi - Available names for survey ID 88: [Malissa Arn, Teri Villalobos, Yesenia Conte, Meghann Followell, Lee Harlow, Sunshine Focht, Ora Housand, Tasia Merritt, Gregory Lucchesi, Drucilla Wilhelm, Mariko Hadfield, Margarito Derringer, Sherita Arispe, Everett Northup, Micah Shirley, Wilhelmina Hibdon, Carolin Blauser, Lyla Almanza, Chere Gamino, Fleta Giampaolo, Cleotilde Mcmiller, Sarai Morelli, Lashanda Abbott, Jeffry Dynes, Vernice Soto, Elna Phelan, Adrianna Fentress, Tayna Rey, Ike Clink, Darlena Farrington, Cherryl Carolina, Zoe Solar, Janiece Silvernail, Ivey Buskey, Viola Blackstock, Elane Martinelli, Kyla Kays, Alton Smedley, Voncile Hayner, Bebe Lehmkuhl, Inell Ruoff, Onita Holloway, Norman Castilleja, Delmar Tourville, Audry Berends, Zoraida Faulkner, Kellee Maddy, Florencio Muller, Jo Dettman, Rosanne Trezza, Maryland Benedict, Mirtha Conine, Kristin Ponton, Flossie Pangburn, Yuko Steffes, Dixie Darsey, Kendrick Preston, Cari Pizzo, Ellamae Tallon, Abbie Kreidler, Dustin Arterburn, Catrice Lenton, Laila Holdren, Yang Soriano, Jon Shultis, Julian Clapper, Myles Cooke, Rheba Corbett, Marcelle Herzog, Xochitl Calderwood, Leila Odle, Jarvis Millar, Lekisha Hinnenkamp, Angelia Keebler, Clementina Gormley, Joslyn Keen, Verla Bearse, Cassaundra Loar, Ji Lamarche, Lilliam Mcghie, Alona Redel, Heidi Gravelle, Buck Slawson, Mimi Winsor, Lena Galusha, Talisha Geise, Stacie Austria, Georgia Cincotta, Candis Gapinski, Cyrstal Robb, Cornelia Laney, Archie Branning, Tomi Athey, Matha Beard, Bud Mclarty, Marlana Gillard, Hellen Macrae, Meaghan Macinnis, Lezlie Luckey, Mozelle Reddy, Olene Ledgerwood, Shanda Cromer, Venice Sherry, Ron Copher, Arminda Valentino, Carolann Bronson, Charlyn Haggerty, Isaac Linebaugh, Elba Farr, Angelika March, Tyler Galbraith, Marylynn Chauvin, Luisa Ohm, Bette Carlos, Alexandria Jantz, Winston Hemby, Tami Jepson, Anamaria Headrick, Nereida Truman, Hipolito Rowlands, Porter Marcinkowski, Bonny Forester, Rutha Crotty, Damion Wysocki, Colton Moschella, Joie Sly, Takisha Demo, Chas Arline, Joya Bristol, Neida Vartanian, Ellie Duca, Adela Slusher, Daniell Nicklas, Jammie Rapp, Bess Hugo, Marlin Holm, Mignon Carnes, Carey Baley, Dani Stroop, Maddie Mccusker, Herschel Sena, Ora Suddeth, Ted Broome, Heidi Poplawski, Carmen Ireland, Nelia Abrams, Adan Carden, Leanna Mazer, Kesha Shoop, Elza Aumick, Terence Grothe, Markita Brymer, Jazmine Mccolley, Alpha Hundley, Scot Hollis, Marcelina Koger, Naoma Whitman, Miyoko Pinto, Isaura Morton, Leia Amico, Simon Polinsky, Yulanda Marsden, Chloe Florey, Bernice Corcoran, Christine Parkinson, Marlys Matteson, Estella Lavallie, Madie Bhatti, Delpha Tharrington, Elwood Cortez, Sanjuanita Brotzman, Celeste Mahmood, Flor Hallock, Brigitte Rahm, Corazon Bohan, Cynthia Gines, Noble Krom, Rosalind Daniele, Margareta Ku, Sherrie Rivero, Mandi Swartwood, Ricky Latimer, Clara Villegas, Tyrone Antonio, Noah Deppen, Lynell Lando, Loreen Morel, Valentina Nitti, Cara Rakowski, Silas Chickering, Marguerite Schuman, Thuy Decamp, Rufus Hanshaw, Irma Encarnacion, Leoma Mazzei, Latesha Marini, Mallory Segarra, Torrie Harnois, Parker Forrest, Jed Frazier, Kimi Savard, Lashay Franz]
17:54:42.584 [main] INFO api.AvailableMembersApi - Validating members for Survey ID: 88
17:54:42.586 [main] INFO api.AvailableMembersApi - Received response for survey ID 89: Status Code = 200
17:54:42.591 [main] INFO api.AvailableMembersApi - Available names for survey ID 89: [Malissa Arn, Teri Villalobos, Yesenia Conte, Meghann Followell, Lee Harlow, Salvatore Monico, Sunshine Focht, Ora Housand, Tasia Merritt, Gregory Lucchesi, Drucilla Wilhelm, Jaquelyn Levett, Mariko Hadfield, Janita Stroman, Margarito Derringer, Everett Northup, Micah Shirley, Carolin Blauser, Chere Gamino, Fleta Giampaolo, Cleotilde Mcmiller, Sarai Morelli, Lashanda Abbott, Jeffry Dynes, Vernice Soto, Elna Phelan, Temika Huth, Adrianna Fentress, Tayna Rey, Ike Clink, Gaynell Croce, Darlena Farrington, Cherryl Carolina, Zoe Solar, Anjanette Krupp, Janiece Silvernail, Ivey Buskey, Viola Blackstock, Elane Martinelli, Rachell Ankrom, Kyla Kays, Alton Smedley, Voncile Hayner, Bebe Lehmkuhl, Inell Ruoff, Onita Holloway, Norman Castilleja, Delmar Tourville, Audry Berends, Zoraida Faulkner, Kellee Maddy, Florencio Muller, Jo Dettman, Rosanne Trezza, Maryland Benedict, Mirtha Conine, Kristin Ponton, Flossie Pangburn, Yuko Steffes, Dixie Darsey, Kendrick Preston, Cari Pizzo, Ellamae Tallon, Abbie Kreidler, Dustin Arterburn, Catrice Lenton, Laila Holdren, Yang Soriano, Jon Shultis, Julian Clapper, Myles Cooke, Rheba Corbett, Marcelle Herzog, Xochitl Calderwood, Abby Peevy, Lekisha Hinnenkamp, Angelia Keebler, Clementina Gormley, Joslyn Keen, Verla Bearse, Cassaundra Loar, Lilliam Mcghie, Alona Redel, Heidi Gravelle, Buck Slawson, Mimi Winsor, Lena Galusha, Talisha Geise, Stacie Austria, Georgia Cincotta, Candis Gapinski, Cyrstal Robb, Cornelia Laney, Archie Branning, Tomi Athey, Matha Beard, Bud Mclarty, Marlana Gillard, Elvis Leatherwood, Hellen Macrae, Meaghan Macinnis, Lezlie Luckey, Mozelle Reddy, Olene Ledgerwood, Shanda Cromer, Venice Sherry, Carolann Bronson, Charlyn Haggerty, Isaac Linebaugh, Elba Farr, Angelika March, Marylynn Chauvin, Luisa Ohm, Bette Carlos, Alexandria Jantz, Winston Hemby, Tami Jepson, Anamaria Headrick, Nereida Truman, Hipolito Rowlands, Bonny Forester, Rutha Crotty, Damion Wysocki, Colton Moschella, Wayne Basler, Joie Sly, Takisha Demo, Chas Arline, Joya Bristol, Neida Vartanian, Ellie Duca, Adela Slusher, Daniell Nicklas, Bess Hugo, Marlin Holm, Mignon Carnes, Carey Baley, Dani Stroop, Maddie Mccusker, Herschel Sena, Ora Suddeth, Ted Broome, Birgit Mcglade, Carmen Ireland, Nelia Abrams, Adan Carden, Kesha Shoop, Elza Aumick, Terence Grothe, Markita Brymer, Jazmine Mccolley, Scot Hollis, Marcelina Koger, Naoma Whitman, Alfredia Semon, Miyoko Pinto, Isaura Morton, Leia Amico, Yulanda Marsden, Chloe Florey, Bernice Corcoran, Christine Parkinson, Marlys Matteson, Estella Lavallie, Madie Bhatti, Delpha Tharrington, Elwood Cortez, Celeste Mahmood, Brigitte Rahm, Cynthia Gines, Noble Krom, Rosalind Daniele, Margareta Ku, Sherrie Rivero, Mandi Swartwood, Clara Villegas, Tyrone Antonio, Noah Deppen, Nelle Goodlow, Yesenia Tillett, Lynell Lando, Loreen Morel, Valentina Nitti, Cara Rakowski, Silas Chickering, Marguerite Schuman, Ian Reising, Rufus Hanshaw, Irma Encarnacion, Leoma Mazzei, Latesha Marini, Parker Forrest, Jed Frazier, Kimi Savard, Lashay Franz]
17:54:42.591 [main] INFO api.AvailableMembersApi - Validating members for Survey ID: 89
17:54:42.592 [main] INFO api.AvailableMembersApi - Received response for survey ID 90: Status Code = 200
17:54:42.597 [main] INFO api.AvailableMembersApi - Available names for survey ID 90: [Malissa Arn, Teri Villalobos, Yesenia Conte, Meghann Followell, Lee Harlow, Salvatore Monico, Sunshine Focht, Daina Maine, Ora Housand, Tasia Merritt, Gregory Lucchesi, Drucilla Wilhelm, Jaquelyn Levett, Mariko Hadfield, Margarito Derringer, Sherita Arispe, Everett Northup, Micah Shirley, Wilhelmina Hibdon, Carolin Blauser, Lyla Almanza, Chere Gamino, Fleta Giampaolo, Cleotilde Mcmiller, Lashanda Abbott, Jeffry Dynes, Vernice Soto, Elna Phelan, Temika Huth, Adrianna Fentress, Tayna Rey, Ike Clink, Gaynell Croce, Darlena Farrington, Cherryl Carolina, Zoe Solar, Anjanette Krupp, Janiece Silvernail, Ivey Buskey, Viola Blackstock, Elane Martinelli, Rachell Ankrom, Kyla Kays, Voncile Hayner, Bebe Lehmkuhl, Inell Ruoff, Onita Holloway, Norman Castilleja, Delmar Tourville, Audry Berends, Zoraida Faulkner, Kellee Maddy, Florencio Muller, Jo Dettman, Rosanne Trezza, Maryland Benedict, Mirtha Conine, Kristin Ponton, Flossie Pangburn, Yuko Steffes, Kendrick Preston, Cari Pizzo, Ellamae Tallon, Abbie Kreidler, Dustin Arterburn, Catrice Lenton, Laila Holdren, Yang Soriano, Jon Shultis, Julian Clapper, Myles Cooke, Rheba Corbett, Marcelle Herzog, Xochitl Calderwood, Leila Odle, Abby Peevy, Jarvis Millar, Lekisha Hinnenkamp, Angelia Keebler, Clementina Gormley, Joslyn Keen, Verla Bearse, Cassaundra Loar, Ji Lamarche, Lilliam Mcghie, Alona Redel, Heidi Gravelle, Buck Slawson, Lindsay Henline, Mimi Winsor, Maxine Clauson, Lena Galusha, Talisha Geise, Stacie Austria, Georgia Cincotta, Candis Gapinski, Cyrstal Robb, Cornelia Laney, Jere Routh, Archie Branning, Tomi Athey, Bud Mclarty, Marlana Gillard, Elvis Leatherwood, Hellen Macrae, Meaghan Macinnis, Lezlie Luckey, Mozelle Reddy, Olene Ledgerwood, Shanda Cromer, Venice Sherry, Ron Copher, Arminda Valentino, Carolann Bronson, Charlyn Haggerty, Isaac Linebaugh, Elba Farr, Angelika March, Tyler Galbraith, Marylynn Chauvin, Luisa Ohm, Rocco Blubaugh, Alexandria Jantz, Tami Jepson, Anamaria Headrick, Nereida Truman, Porter Marcinkowski, Bonny Forester, Rutha Crotty, Damion Wysocki, Colton Moschella, Wayne Basler, Joie Sly, Takisha Demo, Chas Arline, Joya Bristol, Neida Vartanian, Ellie Duca, Adela Slusher, Daniell Nicklas, Jammie Rapp, Bess Hugo, Marlin Holm, Mignon Carnes, Carey Baley, Dani Stroop, Maddie Mccusker, Herschel Sena, Ted Broome, Birgit Mcglade, Heidi Poplawski, Carmen Ireland, Nelia Abrams, Adan Carden, Leanna Mazer, Kesha Shoop, Terence Grothe, Markita Brymer, Jazmine Mccolley, Alpha Hundley, Scot Hollis, Marcelina Koger, Naoma Whitman, Alfredia Semon, Miyoko Pinto, Isaura Morton, Leia Amico, Yulanda Marsden, Chloe Florey, Bernice Corcoran, Christine Parkinson, Madie Bhatti, Delpha Tharrington, Elwood Cortez, Sanjuanita Brotzman, Celeste Mahmood, Flor Hallock, Brigitte Rahm, Corazon Bohan, Noble Krom, Rosalind Daniele, Sherrie Rivero, Mandi Swartwood, Ricky Latimer, Clara Villegas, Tyrone Antonio, Noah Deppen, Nelle Goodlow, Yesenia Tillett, Lynell Lando, Loreen Morel, Valentina Nitti, Cara Rakowski, Silas Chickering, Marguerite Schuman, Thuy Decamp, Ian Reising, Irma Encarnacion, Leoma Mazzei, Latesha Marini, Mallory Segarra, Torrie Harnois, Parker Forrest, Jed Frazier, Lashay Franz]
17:54:42.597 [main] INFO api.AvailableMembersApi - Validating members for Survey ID: 90
17:54:42.601 [main] INFO api.AvailableMembersApi - Received response for survey ID 91: Status Code = 200
17:54:42.606 [main] INFO api.AvailableMembersApi - Available names for survey ID 91: [Malissa Arn, Teri Villalobos, Yesenia Conte, Meghann Followell, Lee Harlow, Salvatore Monico, Sunshine Focht, Ora Housand, Tasia Merritt, Gregory Lucchesi, Drucilla Wilhelm, Jaquelyn Levett, Mariko Hadfield, Janita Stroman, Margarito Derringer, Sherita Arispe, Everett Northup, Micah Shirley, Wilhelmina Hibdon, Carolin Blauser, Lyla Almanza, Chere Gamino, Fleta Giampaolo, Cleotilde Mcmiller, Sarai Morelli, Lashanda Abbott, Jeffry Dynes, Elna Phelan, Temika Huth, Adrianna Fentress, Tayna Rey, Ike Clink, Gaynell Croce, Darlena Farrington, Cherryl Carolina, Zoe Solar, Anjanette Krupp, Janiece Silvernail, Ivey Buskey, Viola Blackstock, Elane Martinelli, Rachell Ankrom, Kyla Kays, Alton Smedley, Voncile Hayner, Bebe Lehmkuhl, Inell Ruoff, Onita Holloway, Norman Castilleja, Delmar Tourville, Audry Berends, Zoraida Faulkner, Kellee Maddy, Florencio Muller, Jo Dettman, Rosanne Trezza, Maryland Benedict, Mirtha Conine, Kristin Ponton, Flossie Pangburn, Yuko Steffes, Dixie Darsey, Kendrick Preston, Cari Pizzo, Ellamae Tallon, Abbie Kreidler, Catrice Lenton, Yang Soriano, Jon Shultis, Julian Clapper, Myles Cooke, Rheba Corbett, Marcelle Herzog, Xochitl Calderwood, Leila Odle, Abby Peevy, Jarvis Millar, Lekisha Hinnenkamp, Angelia Keebler, Clementina Gormley, Joslyn Keen, Verla Bearse, Cassaundra Loar, Ji Lamarche, Lilliam Mcghie, Alona Redel, Heidi Gravelle, Buck Slawson, Lindsay Henline, Mimi Winsor, Maxine Clauson, Lena Galusha, Talisha Geise, Stacie Austria, Georgia Cincotta, Candis Gapinski, Cyrstal Robb, Jere Routh, Tomi Athey, Matha Beard, Bud Mclarty, Marlana Gillard, Elvis Leatherwood, Hellen Macrae, Meaghan Macinnis, Mozelle Reddy, Olene Ledgerwood, Shanda Cromer, Venice Sherry, Ron Copher, Carolann Bronson, Charlyn Haggerty, Isaac Linebaugh, Elba Farr, Angelika March, Tyler Galbraith, Marylynn Chauvin, Luisa Ohm, Bette Carlos, Rocco Blubaugh, Alexandria Jantz, Winston Hemby, Tami Jepson, Anamaria Headrick, Nereida Truman, Hipolito Rowlands, Porter Marcinkowski, Bonny Forester, Rutha Crotty, Damion Wysocki, Colton Moschella, Wayne Basler, Joie Sly, Takisha Demo, Joya Bristol, Neida Vartanian, Ellie Duca, Adela Slusher, Daniell Nicklas, Jammie Rapp, Bess Hugo, Marlin Holm, Mignon Carnes, Carey Baley, Dani Stroop, Maddie Mccusker, Herschel Sena, Ora Suddeth, Ted Broome, Birgit Mcglade, Heidi Poplawski, Carmen Ireland, Nelia Abrams, Adan Carden, Leanna Mazer, Kesha Shoop, Elza Aumick, Terence Grothe, Markita Brymer, Jazmine Mccolley, Alpha Hundley, Scot Hollis, Marcelina Koger, Naoma Whitman, Miyoko Pinto, Isaura Morton, Leia Amico, Simon Polinsky, Yulanda Marsden, Chloe Florey, Bernice Corcoran, Christine Parkinson, Marlys Matteson, Estella Lavallie, Madie Bhatti, Delpha Tharrington, Elwood Cortez, Sanjuanita Brotzman, Celeste Mahmood, Flor Hallock, Brigitte Rahm, Corazon Bohan, Cynthia Gines, Noble Krom, Rosalind Daniele, Margareta Ku, Sherrie Rivero, Mandi Swartwood, Ricky Latimer, Clara Villegas, Tyrone Antonio, Noah Deppen, Yesenia Tillett, Lynell Lando, Loreen Morel, Valentina Nitti, Cara Rakowski, Silas Chickering, Marguerite Schuman, Thuy Decamp, Ian Reising, Rufus Hanshaw, Leoma Mazzei, Latesha Marini, Mallory Segarra, Torrie Harnois, Parker Forrest, Jed Frazier, Kimi Savard, Lashay Franz]
17:54:42.606 [main] INFO api.AvailableMembersApi - Validating members for Survey ID: 91
17:54:42.608 [main] INFO api.AvailableMembersApi - Received response for survey ID 92: Status Code = 200
17:54:42.613 [main] INFO api.AvailableMembersApi - Available names for survey ID 92: [Malissa Arn, Teri Villalobos, Yesenia Conte, Meghann Followell, Lee Harlow, Salvatore Monico, Sunshine Focht, Daina Maine, Ora Housand, Tasia Merritt, Gregory Lucchesi, Jaquelyn Levett, Mariko Hadfield, Janita Stroman, Sherita Arispe, Everett Northup, Micah Shirley, Wilhelmina Hibdon, Carolin Blauser, Lyla Almanza, Chere Gamino, Fleta Giampaolo, Cleotilde Mcmiller, Sarai Morelli, Lashanda Abbott, Jeffry Dynes, Vernice Soto, Elna Phelan, Temika Huth, Adrianna Fentress, Tayna Rey, Ike Clink, Gaynell Croce, Cherryl Carolina, Zoe Solar, Anjanette Krupp, Janiece Silvernail, Ivey Buskey, Viola Blackstock, Elane Martinelli, Kyla Kays, Alton Smedley, Voncile Hayner, Bebe Lehmkuhl, Inell Ruoff, Onita Holloway, Norman Castilleja, Delmar Tourville, Audry Berends, Zoraida Faulkner, Kellee Maddy, Jo Dettman, Rosanne Trezza, Maryland Benedict, Mirtha Conine, Flossie Pangburn, Yuko Steffes, Dixie Darsey, Cari Pizzo, Ellamae Tallon, Dustin Arterburn, Catrice Lenton, Laila Holdren, Yang Soriano, Jon Shultis, Julian Clapper, Myles Cooke, Rheba Corbett, Marcelle Herzog, Xochitl Calderwood, Leila Odle, Abby Peevy, Jarvis Millar, Lekisha Hinnenkamp, Angelia Keebler, Clementina Gormley, Joslyn Keen, Verla Bearse, Cassaundra Loar, Ji Lamarche, Lilliam Mcghie, Alona Redel, Heidi Gravelle, Buck Slawson, Lindsay Henline, Mimi Winsor, Maxine Clauson, Lena Galusha, Talisha Geise, Stacie Austria, Georgia Cincotta, Candis Gapinski, Cyrstal Robb, Cornelia Laney, Jere Routh, Archie Branning, Tomi Athey, Matha Beard, Bud Mclarty, Marlana Gillard, Elvis Leatherwood, Hellen Macrae, Meaghan Macinnis, Lezlie Luckey, Mozelle Reddy, Olene Ledgerwood, Shanda Cromer, Venice Sherry, Ron Copher, Arminda Valentino, Carolann Bronson, Charlyn Haggerty, Isaac Linebaugh, Elba Farr, Angelika March, Marylynn Chauvin, Luisa Ohm, Bette Carlos, Rocco Blubaugh, Alexandria Jantz, Winston Hemby, Tami Jepson, Anamaria Headrick, Nereida Truman, Hipolito Rowlands, Porter Marcinkowski, Bonny Forester, Rutha Crotty, Damion Wysocki, Colton Moschella, Wayne Basler, Joie Sly, Takisha Demo, Chas Arline, Neida Vartanian, Ellie Duca, Adela Slusher, Daniell Nicklas, Bess Hugo, Marlin Holm, Mignon Carnes, Carey Baley, Dani Stroop, Maddie Mccusker, Herschel Sena, Ora Suddeth, Ted Broome, Birgit Mcglade, Heidi Poplawski, Carmen Ireland, Nelia Abrams, Adan Carden, Leanna Mazer, Kesha Shoop, Elza Aumick, Terence Grothe, Markita Brymer, Jazmine Mccolley, Alpha Hundley, Marcelina Koger, Naoma Whitman, Alfredia Semon, Miyoko Pinto, Isaura Morton, Yulanda Marsden, Chloe Florey, Bernice Corcoran, Christine Parkinson, Marlys Matteson, Estella Lavallie, Madie Bhatti, Delpha Tharrington, Elwood Cortez, Sanjuanita Brotzman, Celeste Mahmood, Flor Hallock, Brigitte Rahm, Corazon Bohan, Cynthia Gines, Noble Krom, Margareta Ku, Sherrie Rivero, Mandi Swartwood, Ricky Latimer, Clara Villegas, Tyrone Antonio, Noah Deppen, Nelle Goodlow, Yesenia Tillett, Lynell Lando, Loreen Morel, Valentina Nitti, Cara Rakowski, Silas Chickering, Marguerite Schuman, Ian Reising, Rufus Hanshaw, Leoma Mazzei, Latesha Marini, Mallory Segarra, Torrie Harnois, Parker Forrest, Jed Frazier, Lashay Franz]
17:54:42.614 [main] INFO api.AvailableMembersApi - Validating members for Survey ID: 92
17:54:42.616 [main] INFO api.AvailableMembersApi - Received response for survey ID 93: Status Code = 200
17:54:42.621 [main] INFO api.AvailableMembersApi - Available names for survey ID 93: [Malissa Arn, Teri Villalobos, Yesenia Conte, Meghann Followell, Lee Harlow, Salvatore Monico, Sunshine Focht, Daina Maine, Ora Housand, Tasia Merritt, Jaquelyn Levett, Mariko Hadfield, Janita Stroman, Margarito Derringer, Sherita Arispe, Everett Northup, Micah Shirley, Wilhelmina Hibdon, Carolin Blauser, Lyla Almanza, Chere Gamino, Fleta Giampaolo, Cleotilde Mcmiller, Sarai Morelli, Lashanda Abbott, Jeffry Dynes, Vernice Soto, Elna Phelan, Temika Huth, Adrianna Fentress, Tayna Rey, Ike Clink, Gaynell Croce, Darlena Farrington, Cherryl Carolina, Zoe Solar, Anjanette Krupp, Janiece Silvernail, Ivey Buskey, Elane Martinelli, Rachell Ankrom, Kyla Kays, Alton Smedley, Bebe Lehmkuhl, Inell Ruoff, Onita Holloway, Audry Berends, Zoraida Faulkner, Kellee Maddy, Florencio Muller, Jo Dettman, Rosanne Trezza, Maryland Benedict, Mirtha Conine, Kristin Ponton, Flossie Pangburn, Yuko Steffes, Dixie Darsey, Kendrick Preston, Ellamae Tallon, Abbie Kreidler, Dustin Arterburn, Laila Holdren, Yang Soriano, Jon Shultis, Julian Clapper, Myles Cooke, Rheba Corbett, Marcelle Herzog, Xochitl Calderwood, Leila Odle, Abby Peevy, Jarvis Millar, Angelia Keebler, Clementina Gormley, Joslyn Keen, Verla Bearse, Cassaundra Loar, Ji Lamarche, Alona Redel, Heidi Gravelle, Buck Slawson, Lindsay Henline, Mimi Winsor, Maxine Clauson, Lena Galusha, Talisha Geise, Stacie Austria, Georgia Cincotta, Candis Gapinski, Cyrstal Robb, Cornelia Laney, Jere Routh, Archie Branning, Matha Beard, Bud Mclarty, Marlana Gillard, Elvis Leatherwood, Hellen Macrae, Meaghan Macinnis, Lezlie Luckey, Mozelle Reddy, Olene Ledgerwood, Shanda Cromer, Venice Sherry, Ron Copher, Carolann Bronson, Charlyn Haggerty, Elba Farr, Angelika March, Tyler Galbraith, Marylynn Chauvin, Luisa Ohm, Bette Carlos, Rocco Blubaugh, Alexandria Jantz, Winston Hemby, Tami Jepson, Anamaria Headrick, Nereida Truman, Hipolito Rowlands, Porter Marcinkowski, Rutha Crotty, Damion Wysocki, Colton Moschella, Wayne Basler, Joie Sly, Takisha Demo, Chas Arline, Joya Bristol, Neida Vartanian, Ellie Duca, Adela Slusher, Daniell Nicklas, Jammie Rapp, Bess Hugo, Marlin Holm, Mignon Carnes, Carey Baley, Dani Stroop, Maddie Mccusker, Herschel Sena, Ora Suddeth, Ted Broome, Birgit Mcglade, Heidi Poplawski, Carmen Ireland, Nelia Abrams, Adan Carden, Leanna Mazer, Kesha Shoop, Elza Aumick, Terence Grothe, Markita Brymer, Jazmine Mccolley, Alpha Hundley, Scot Hollis, Marcelina Koger, Naoma Whitman, Alfredia Semon, Miyoko Pinto, Isaura Morton, Leia Amico, Simon Polinsky, Yulanda Marsden, Chloe Florey, Christine Parkinson, Estella Lavallie, Madie Bhatti, Delpha Tharrington, Elwood Cortez, Celeste Mahmood, Flor Hallock, Brigitte Rahm, Corazon Bohan, Cynthia Gines, Noble Krom, Rosalind Daniele, Margareta Ku, Sherrie Rivero, Ricky Latimer, Clara Villegas, Tyrone Antonio, Noah Deppen, Nelle Goodlow, Yesenia Tillett, Lynell Lando, Loreen Morel, Valentina Nitti, Silas Chickering, Marguerite Schuman, Thuy Decamp, Ian Reising, Rufus Hanshaw, Irma Encarnacion, Leoma Mazzei, Latesha Marini, Mallory Segarra, Torrie Harnois, Parker Forrest, Jed Frazier, Kimi Savard, Lashay Franz]
17:54:42.621 [main] INFO api.AvailableMembersApi - Validating members for Survey ID: 93
17:54:42.623 [main] INFO api.AvailableMembersApi - Received response for survey ID 94: Status Code = 200
17:54:42.634 [main] INFO api.AvailableMembersApi - Available names for survey ID 94: [Malissa Arn, Teri Villalobos, Yesenia Conte, Meghann Followell, Lee Harlow, Salvatore Monico, Sunshine Focht, Daina Maine, Ora Housand, Tasia Merritt, Gregory Lucchesi, Jaquelyn Levett, Mariko Hadfield, Janita Stroman, Margarito Derringer, Sherita Arispe, Everett Northup, Micah Shirley, Wilhelmina Hibdon, Carolin Blauser, Lyla Almanza, Chere Gamino, Fleta Giampaolo, Cleotilde Mcmiller, Lashanda Abbott, Jeffry Dynes, Vernice Soto, Elna Phelan, Temika Huth, Adrianna Fentress, Tayna Rey, Ike Clink, Gaynell Croce, Darlena Farrington, Cherryl Carolina, Zoe Solar, Anjanette Krupp, Janiece Silvernail, Ivey Buskey, Viola Blackstock, Elane Martinelli, Rachell Ankrom, Kyla Kays, Alton Smedley, Voncile Hayner, Bebe Lehmkuhl, Inell Ruoff, Onita Holloway, Norman Castilleja, Delmar Tourville, Audry Berends, Zoraida Faulkner, Kellee Maddy, Florencio Muller, Jo Dettman, Rosanne Trezza, Maryland Benedict, Mirtha Conine, Kristin Ponton, Flossie Pangburn, Yuko Steffes, Dixie Darsey, Kendrick Preston, Ellamae Tallon, Abbie Kreidler, Dustin Arterburn, Catrice Lenton, Laila Holdren, Yang Soriano, Jon Shultis, Julian Clapper, Myles Cooke, Rheba Corbett, Xochitl Calderwood, Leila Odle, Abby Peevy, Jarvis Millar, Lekisha Hinnenkamp, Angelia Keebler, Clementina Gormley, Joslyn Keen, Verla Bearse, Ji Lamarche, Lilliam Mcghie, Alona Redel, Heidi Gravelle, Buck Slawson, Lindsay Henline, Mimi Winsor, Maxine Clauson, Talisha Geise, Stacie Austria, Georgia Cincotta, Candis Gapinski, Cyrstal Robb, Cornelia Laney, Jere Routh, Archie Branning, Tomi Athey, Matha Beard, Marlana Gillard, Hellen Macrae, Lezlie Luckey, Mozelle Reddy, Shanda Cromer, Ron Copher, Arminda Valentino, Carolann Bronson, Charlyn Haggerty, Isaac Linebaugh, Elba Farr, Angelika March, Tyler Galbraith, Marylynn Chauvin, Luisa Ohm, Bette Carlos, Rocco Blubaugh, Alexandria Jantz, Winston Hemby, Tami Jepson, Anamaria Headrick, Nereida Truman, Hipolito Rowlands, Porter Marcinkowski, Bonny Forester, Rutha Crotty, Damion Wysocki, Colton Moschella, Wayne Basler, Joie Sly, Takisha Demo, Joya Bristol, Neida Vartanian, Ellie Duca, Adela Slusher, Daniell Nicklas, Jammie Rapp, Bess Hugo, Marlin Holm, Mignon Carnes, Carey Baley, Dani Stroop, Maddie Mccusker, Herschel Sena, Ora Suddeth, Ted Broome, Birgit Mcglade, Heidi Poplawski, Carmen Ireland, Nelia Abrams, Adan Carden, Leanna Mazer, Kesha Shoop, Elza Aumick, Terence Grothe, Markita Brymer, Jazmine Mccolley, Alpha Hundley, Scot Hollis, Marcelina Koger, Naoma Whitman, Alfredia Semon, Miyoko Pinto, Isaura Morton, Simon Polinsky, Yulanda Marsden, Chloe Florey, Marlys Matteson, Estella Lavallie, Delpha Tharrington, Elwood Cortez, Sanjuanita Brotzman, Celeste Mahmood, Flor Hallock, Brigitte Rahm, Corazon Bohan, Cynthia Gines, Noble Krom, Rosalind Daniele, Margareta Ku, Sherrie Rivero, Mandi Swartwood, Ricky Latimer, Clara Villegas, Tyrone Antonio, Noah Deppen, Nelle Goodlow, Yesenia Tillett, Lynell Lando, Loreen Morel, Valentina Nitti, Cara Rakowski, Silas Chickering, Marguerite Schuman, Thuy Decamp, Ian Reising, Rufus Hanshaw, Irma Encarnacion, Leoma Mazzei, Latesha Marini, Mallory Segarra, Torrie Harnois, Parker Forrest, Jed Frazier, Kimi Savard, Lashay Franz]
17:54:42.634 [main] INFO api.AvailableMembersApi - Validating members for Survey ID: 94
17:54:42.636 [main] INFO api.AvailableMembersApi - Received response for survey ID 95: Status Code = 200
17:54:42.644 [main] INFO api.AvailableMembersApi - Available names for survey ID 95: [Teri Villalobos, Yesenia Conte, Meghann Followell, Lee Harlow, Salvatore Monico, Sunshine Focht, Daina Maine, Ora Housand, Tasia Merritt, Gregory Lucchesi, Drucilla Wilhelm, Jaquelyn Levett, Mariko Hadfield, Janita Stroman, Margarito Derringer, Everett Northup, Wilhelmina Hibdon, Carolin Blauser, Lyla Almanza, Chere Gamino, Fleta Giampaolo, Cleotilde Mcmiller, Sarai Morelli, Lashanda Abbott, Jeffry Dynes, Vernice Soto, Elna Phelan, Adrianna Fentress, Tayna Rey, Ike Clink, Gaynell Croce, Darlena Farrington, Cherryl Carolina, Zoe Solar, Janiece Silvernail, Ivey Buskey, Viola Blackstock, Elane Martinelli, Rachell Ankrom, Kyla Kays, Alton Smedley, Voncile Hayner, Bebe Lehmkuhl, Onita Holloway, Norman Castilleja, Delmar Tourville, Audry Berends, Zoraida Faulkner, Kellee Maddy, Florencio Muller, Jo Dettman, Rosanne Trezza, Mirtha Conine, Kristin Ponton, Flossie Pangburn, Yuko Steffes, Dixie Darsey, Kendrick Preston, Ellamae Tallon, Abbie Kreidler, Dustin Arterburn, Catrice Lenton, Yang Soriano, Jon Shultis, Julian Clapper, Myles Cooke, Rheba Corbett, Marcelle Herzog, Xochitl Calderwood, Leila Odle, Abby Peevy, Jarvis Millar, Lekisha Hinnenkamp, Angelia Keebler, Clementina Gormley, Joslyn Keen, Verla Bearse, Cassaundra Loar, Ji Lamarche, Lilliam Mcghie, Alona Redel, Heidi Gravelle, Buck Slawson, Lindsay Henline, Mimi Winsor, Maxine Clauson, Lena Galusha, Talisha Geise, Stacie Austria, Candis Gapinski, Jere Routh, Archie Branning, Tomi Athey, Matha Beard, Bud Mclarty, Marlana Gillard, Elvis Leatherwood, Hellen Macrae, Meaghan Macinnis, Lezlie Luckey, Olene Ledgerwood, Shanda Cromer, Venice Sherry, Ron Copher, Arminda Valentino, Carolann Bronson, Charlyn Haggerty, Isaac Linebaugh, Elba Farr, Angelika March, Tyler Galbraith, Luisa Ohm, Bette Carlos, Rocco Blubaugh, Alexandria Jantz, Winston Hemby, Tami Jepson, Anamaria Headrick, Nereida Truman, Hipolito Rowlands, Porter Marcinkowski, Bonny Forester, Rutha Crotty, Damion Wysocki, Colton Moschella, Wayne Basler, Joie Sly, Takisha Demo, Joya Bristol, Neida Vartanian, Ellie Duca, Adela Slusher, Daniell Nicklas, Jammie Rapp, Bess Hugo, Marlin Holm, Mignon Carnes, Carey Baley, Dani Stroop, Maddie Mccusker, Herschel Sena, Ora Suddeth, Ted Broome, Birgit Mcglade, Heidi Poplawski, Carmen Ireland, Nelia Abrams, Adan Carden, Leanna Mazer, Kesha Shoop, Elza Aumick, Terence Grothe, Markita Brymer, Jazmine Mccolley, Alpha Hundley, Scot Hollis, Marcelina Koger, Naoma Whitman, Alfredia Semon, Miyoko Pinto, Isaura Morton, Leia Amico, Chloe Florey, Bernice Corcoran, Christine Parkinson, Marlys Matteson, Estella Lavallie, Madie Bhatti, Delpha Tharrington, Elwood Cortez, Celeste Mahmood, Flor Hallock, Corazon Bohan, Cynthia Gines, Noble Krom, Rosalind Daniele, Margareta Ku, Sherrie Rivero, Mandi Swartwood, Ricky Latimer, Clara Villegas, Tyrone Antonio, Noah Deppen, Nelle Goodlow, Yesenia Tillett, Lynell Lando, Loreen Morel, Valentina Nitti, Cara Rakowski, Silas Chickering, Thuy Decamp, Ian Reising, Rufus Hanshaw, Irma Encarnacion, Leoma Mazzei, Torrie Harnois, Parker Forrest, Jed Frazier, Kimi Savard, Lashay Franz]
17:54:42.644 [main] INFO api.AvailableMembersApi - Validating members for Survey ID: 95
17:54:42.646 [main] INFO api.AvailableMembersApi - Received response for survey ID 96: Status Code = 200
17:54:42.654 [main] INFO api.AvailableMembersApi - Available names for survey ID 96: [Malissa Arn, Teri Villalobos, Yesenia Conte, Meghann Followell, Sunshine Focht, Daina Maine, Ora Housand, Tasia Merritt, Gregory Lucchesi, Drucilla Wilhelm, Jaquelyn Levett, Mariko Hadfield, Janita Stroman, Margarito Derringer, Sherita Arispe, Micah Shirley, Wilhelmina Hibdon, Carolin Blauser, Lyla Almanza, Chere Gamino, Fleta Giampaolo, Cleotilde Mcmiller, Sarai Morelli, Lashanda Abbott, Jeffry Dynes, Vernice Soto, Elna Phelan, Adrianna Fentress, Tayna Rey, Ike Clink, Gaynell Croce, Darlena Farrington, Cherryl Carolina, Zoe Solar, Anjanette Krupp, Janiece Silvernail, Ivey Buskey, Viola Blackstock, Elane Martinelli, Rachell Ankrom, Alton Smedley, Voncile Hayner, Bebe Lehmkuhl, Inell Ruoff, Onita Holloway, Norman Castilleja, Delmar Tourville, Audry Berends, Zoraida Faulkner, Kellee Maddy, Florencio Muller, Jo Dettman, Rosanne Trezza, Maryland Benedict, Mirtha Conine, Flossie Pangburn, Yuko Steffes, Dixie Darsey, Kendrick Preston, Cari Pizzo, Ellamae Tallon, Abbie Kreidler, Dustin Arterburn, Catrice Lenton, Yang Soriano, Jon Shultis, Julian Clapper, Myles Cooke, Rheba Corbett, Marcelle Herzog, Xochitl Calderwood, Leila Odle, Abby Peevy, Jarvis Millar, Lekisha Hinnenkamp, Angelia Keebler, Clementina Gormley, Joslyn Keen, Verla Bearse, Cassaundra Loar, Ji Lamarche, Lilliam Mcghie, Alona Redel, Heidi Gravelle, Buck Slawson, Lindsay Henline, Mimi Winsor, Maxine Clauson, Lena Galusha, Talisha Geise, Stacie Austria, Georgia Cincotta, Candis Gapinski, Cyrstal Robb, Cornelia Laney, Jere Routh, Archie Branning, Tomi Athey, Matha Beard, Bud Mclarty, Marlana Gillard, Hellen Macrae, Meaghan Macinnis, Lezlie Luckey, Mozelle Reddy, Olene Ledgerwood, Shanda Cromer, Venice Sherry, Arminda Valentino, Carolann Bronson, Charlyn Haggerty, Isaac Linebaugh, Elba Farr, Angelika March, Luisa Ohm, Bette Carlos, Rocco Blubaugh, Alexandria Jantz, Winston Hemby, Tami Jepson, Anamaria Headrick, Nereida Truman, Porter Marcinkowski, Bonny Forester, Rutha Crotty, Damion Wysocki, Colton Moschella, Wayne Basler, Joie Sly, Takisha Demo, Chas Arline, Neida Vartanian, Ellie Duca, Adela Slusher, Daniell Nicklas, Jammie Rapp, Bess Hugo, Marlin Holm, Mignon Carnes, Dani Stroop, Maddie Mccusker, Herschel Sena, Ora Suddeth, Ted Broome, Birgit Mcglade, Nelia Abrams, Adan Carden, Leanna Mazer, Kesha Shoop, Elza Aumick, Terence Grothe, Markita Brymer, Jazmine Mccolley, Alpha Hundley, Scot Hollis, Marcelina Koger, Naoma Whitman, Alfredia Semon, Miyoko Pinto, Isaura Morton, Leia Amico, Simon Polinsky, Yulanda Marsden, Chloe Florey, Bernice Corcoran, Christine Parkinson, Marlys Matteson, Estella Lavallie, Madie Bhatti, Delpha Tharrington, Elwood Cortez, Sanjuanita Brotzman, Flor Hallock, Brigitte Rahm, Corazon Bohan, Cynthia Gines, Noble Krom, Rosalind Daniele, Margareta Ku, Sherrie Rivero, Ricky Latimer, Clara Villegas, Tyrone Antonio, Noah Deppen, Nelle Goodlow, Yesenia Tillett, Lynell Lando, Loreen Morel, Valentina Nitti, Cara Rakowski, Silas Chickering, Marguerite Schuman, Thuy Decamp, Ian Reising, Rufus Hanshaw, Irma Encarnacion, Leoma Mazzei, Latesha Marini, Torrie Harnois, Parker Forrest, Jed Frazier, Kimi Savard]
17:54:42.655 [main] INFO api.AvailableMembersApi - Validating members for Survey ID: 96
17:54:42.657 [main] INFO api.AvailableMembersApi - Received response for survey ID 97: Status Code = 200
17:54:42.662 [main] INFO api.AvailableMembersApi - Available names for survey ID 97: [Malissa Arn, Yesenia Conte, Meghann Followell, Lee Harlow, Salvatore Monico, Sunshine Focht, Daina Maine, Tasia Merritt, Gregory Lucchesi, Drucilla Wilhelm, Jaquelyn Levett, Mariko Hadfield, Janita Stroman, Margarito Derringer, Sherita Arispe, Everett Northup, Micah Shirley, Wilhelmina Hibdon, Carolin Blauser, Lyla Almanza, Chere Gamino, Fleta Giampaolo, Sarai Morelli, Lashanda Abbott, Jeffry Dynes, Vernice Soto, Elna Phelan, Temika Huth, Adrianna Fentress, Tayna Rey, Ike Clink, Gaynell Croce, Darlena Farrington, Zoe Solar, Anjanette Krupp, Janiece Silvernail, Ivey Buskey, Viola Blackstock, Elane Martinelli, Rachell Ankrom, Kyla Kays, Alton Smedley, Voncile Hayner, Onita Holloway, Norman Castilleja, Delmar Tourville, Audry Berends, Zoraida Faulkner, Florencio Muller, Jo Dettman, Rosanne Trezza, Maryland Benedict, Mirtha Conine, Kristin Ponton, Flossie Pangburn, Yuko Steffes, Kendrick Preston, Ellamae Tallon, Abbie Kreidler, Dustin Arterburn, Catrice Lenton, Laila Holdren, Yang Soriano, Jon Shultis, Julian Clapper, Myles Cooke, Rheba Corbett, Marcelle Herzog, Xochitl Calderwood, Leila Odle, Abby Peevy, Jarvis Millar, Lekisha Hinnenkamp, Angelia Keebler, Clementina Gormley, Joslyn Keen, Verla Bearse, Cassaundra Loar, Ji Lamarche, Lilliam Mcghie, Alona Redel, Heidi Gravelle, Buck Slawson, Lindsay Henline, Mimi Winsor, Maxine Clauson, Lena Galusha, Talisha Geise, Stacie Austria, Georgia Cincotta, Cyrstal Robb, Cornelia Laney, Jere Routh, Archie Branning, Tomi Athey, Matha Beard, Bud Mclarty, Marlana Gillard, Elvis Leatherwood, Hellen Macrae, Meaghan Macinnis, Lezlie Luckey, Mozelle Reddy, Olene Ledgerwood, Shanda Cromer, Venice Sherry, Arminda Valentino, Carolann Bronson, Charlyn Haggerty, Isaac Linebaugh, Elba Farr, Angelika March, Marylynn Chauvin, Luisa Ohm, Bette Carlos, Rocco Blubaugh, Alexandria Jantz, Winston Hemby, Tami Jepson, Anamaria Headrick, Nereida Truman, Hipolito Rowlands, Porter Marcinkowski, Bonny Forester, Rutha Crotty, Wayne Basler, Joie Sly, Takisha Demo, Chas Arline, Joya Bristol, Neida Vartanian, Ellie Duca, Adela Slusher, Daniell Nicklas, Jammie Rapp, Bess Hugo, Marlin Holm, Mignon Carnes, Carey Baley, Dani Stroop, Maddie Mccusker, Herschel Sena, Ora Suddeth, Ted Broome, Birgit Mcglade, Carmen Ireland, Nelia Abrams, Adan Carden, Leanna Mazer, Kesha Shoop, Elza Aumick, Terence Grothe, Markita Brymer, Jazmine Mccolley, Alpha Hundley, Scot Hollis, Marcelina Koger, Naoma Whitman, Isaura Morton, Simon Polinsky, Yulanda Marsden, Chloe Florey, Bernice Corcoran, Christine Parkinson, Marlys Matteson, Estella Lavallie, Madie Bhatti, Delpha Tharrington, Elwood Cortez, Sanjuanita Brotzman, Celeste Mahmood, Flor Hallock, Brigitte Rahm, Cynthia Gines, Rosalind Daniele, Margareta Ku, Sherrie Rivero, Mandi Swartwood, Ricky Latimer, Tyrone Antonio, Nelle Goodlow, Yesenia Tillett, Lynell Lando, Loreen Morel, Valentina Nitti, Cara Rakowski, Marguerite Schuman, Thuy Decamp, Ian Reising, Rufus Hanshaw, Irma Encarnacion, Leoma Mazzei, Latesha Marini, Mallory Segarra, Torrie Harnois, Parker Forrest, Jed Frazier, Kimi Savard, Lashay Franz]
17:54:42.662 [main] INFO api.AvailableMembersApi - Validating members for Survey ID: 97
17:54:42.664 [main] INFO api.AvailableMembersApi - Received response for survey ID 98: Status Code = 200
17:54:42.669 [main] INFO api.AvailableMembersApi - Available names for survey ID 98: [Malissa Arn, Teri Villalobos, Yesenia Conte, Meghann Followell, Lee Harlow, Salvatore Monico, Daina Maine, Ora Housand, Tasia Merritt, Gregory Lucchesi, Drucilla Wilhelm, Jaquelyn Levett, Mariko Hadfield, Margarito Derringer, Sherita Arispe, Everett Northup, Micah Shirley, Wilhelmina Hibdon, Carolin Blauser, Lyla Almanza, Chere Gamino, Fleta Giampaolo, Cleotilde Mcmiller, Sarai Morelli, Jeffry Dynes, Vernice Soto, Elna Phelan, Temika Huth, Adrianna Fentress, Tayna Rey, Ike Clink, Gaynell Croce, Darlena Farrington, Cherryl Carolina, Zoe Solar, Anjanette Krupp, Janiece Silvernail, Ivey Buskey, Viola Blackstock, Elane Martinelli, Rachell Ankrom, Kyla Kays, Voncile Hayner, Inell Ruoff, Onita Holloway, Norman Castilleja, Delmar Tourville, Audry Berends, Zoraida Faulkner, Kellee Maddy, Florencio Muller, Jo Dettman, Maryland Benedict, Kristin Ponton, Flossie Pangburn, Yuko Steffes, Dixie Darsey, Kendrick Preston, Ellamae Tallon, Abbie Kreidler, Dustin Arterburn, Catrice Lenton, Laila Holdren, Yang Soriano, Jon Shultis, Julian Clapper, Myles Cooke, Rheba Corbett, Marcelle Herzog, Xochitl Calderwood, Leila Odle, Jarvis Millar, Lekisha Hinnenkamp, Angelia Keebler, Clementina Gormley, Verla Bearse, Cassaundra Loar, Ji Lamarche, Lilliam Mcghie, Alona Redel, Heidi Gravelle, Buck Slawson, Lindsay Henline, Mimi Winsor, Maxine Clauson, Lena Galusha, Talisha Geise, Stacie Austria, Georgia Cincotta, Candis Gapinski, Cyrstal Robb, Cornelia Laney, Jere Routh, Archie Branning, Tomi Athey, Matha Beard, Marlana Gillard, Elvis Leatherwood, Hellen Macrae, Meaghan Macinnis, Lezlie Luckey, Mozelle Reddy, Olene Ledgerwood, Shanda Cromer, Venice Sherry, Ron Copher, Carolann Bronson, Charlyn Haggerty, Elba Farr, Angelika March, Tyler Galbraith, Marylynn Chauvin, Luisa Ohm, Bette Carlos, Rocco Blubaugh, Alexandria Jantz, Tami Jepson, Anamaria Headrick, Nereida Truman, Hipolito Rowlands, Porter Marcinkowski, Bonny Forester, Rutha Crotty, Damion Wysocki, Colton Moschella, Wayne Basler, Joie Sly, Takisha Demo, Chas Arline, Joya Bristol, Neida Vartanian, Ellie Duca, Adela Slusher, Daniell Nicklas, Jammie Rapp, Marlin Holm, Mignon Carnes, Carey Baley, Dani Stroop, Maddie Mccusker, Herschel Sena, Ora Suddeth, Ted Broome, Birgit Mcglade, Heidi Poplawski, Carmen Ireland, Nelia Abrams, Adan Carden, Leanna Mazer, Kesha Shoop, Elza Aumick, Terence Grothe, Markita Brymer, Jazmine Mccolley, Alpha Hundley, Scot Hollis, Marcelina Koger, Naoma Whitman, Alfredia Semon, Miyoko Pinto, Simon Polinsky, Yulanda Marsden, Chloe Florey, Bernice Corcoran, Christine Parkinson, Marlys Matteson, Estella Lavallie, Madie Bhatti, Delpha Tharrington, Elwood Cortez, Sanjuanita Brotzman, Celeste Mahmood, Flor Hallock, Cynthia Gines, Noble Krom, Rosalind Daniele, Margareta Ku, Sherrie Rivero, Mandi Swartwood, Ricky Latimer, Clara Villegas, Tyrone Antonio, Noah Deppen, Nelle Goodlow, Yesenia Tillett, Lynell Lando, Loreen Morel, Valentina Nitti, Cara Rakowski, Silas Chickering, Marguerite Schuman, Thuy Decamp, Ian Reising, Rufus Hanshaw, Irma Encarnacion, Leoma Mazzei, Latesha Marini, Mallory Segarra, Torrie Harnois, Parker Forrest, Jed Frazier, Kimi Savard, Lashay Franz]
17:54:42.669 [main] INFO api.AvailableMembersApi - Validating members for Survey ID: 98
17:54:42.670 [main] INFO api.AvailableMembersApi - Received response for survey ID 99: Status Code = 200
17:54:42.675 [main] INFO api.AvailableMembersApi - Available names for survey ID 99: [Malissa Arn, Teri Villalobos, Yesenia Conte, Meghann Followell, Lee Harlow, Salvatore Monico, Sunshine Focht, Daina Maine, Ora Housand, Tasia Merritt, Gregory Lucchesi, Drucilla Wilhelm, Jaquelyn Levett, Mariko Hadfield, Janita Stroman, Margarito Derringer, Sherita Arispe, Everett Northup, Micah Shirley, Wilhelmina Hibdon, Carolin Blauser, Lyla Almanza, Chere Gamino, Fleta Giampaolo, Cleotilde Mcmiller, Sarai Morelli, Lashanda Abbott, Jeffry Dynes, Vernice Soto, Adrianna Fentress, Tayna Rey, Ike Clink, Gaynell Croce, Cherryl Carolina, Anjanette Krupp, Janiece Silvernail, Ivey Buskey, Viola Blackstock, Elane Martinelli, Rachell Ankrom, Kyla Kays, Alton Smedley, Voncile Hayner, Bebe Lehmkuhl, Inell Ruoff, Onita Holloway, Norman Castilleja, Delmar Tourville, Audry Berends, Kellee Maddy, Florencio Muller, Jo Dettman, Rosanne Trezza, Maryland Benedict, Mirtha Conine, Kristin Ponton, Flossie Pangburn, Dixie Darsey, Kendrick Preston, Cari Pizzo, Ellamae Tallon, Abbie Kreidler, Dustin Arterburn, Catrice Lenton, Laila Holdren, Yang Soriano, Jon Shultis, Julian Clapper, Myles Cooke, Rheba Corbett, Marcelle Herzog, Xochitl Calderwood, Leila Odle, Abby Peevy, Jarvis Millar, Lekisha Hinnenkamp, Angelia Keebler, Clementina Gormley, Joslyn Keen, Cassaundra Loar, Ji Lamarche, Lilliam Mcghie, Alona Redel, Heidi Gravelle, Buck Slawson, Lindsay Henline, Mimi Winsor, Maxine Clauson, Lena Galusha, Talisha Geise, Stacie Austria, Georgia Cincotta, Candis Gapinski, Cyrstal Robb, Cornelia Laney, Jere Routh, Archie Branning, Tomi Athey, Matha Beard, Bud Mclarty, Marlana Gillard, Elvis Leatherwood, Hellen Macrae, Meaghan Macinnis, Lezlie Luckey, Mozelle Reddy, Olene Ledgerwood, Venice Sherry, Ron Copher, Arminda Valentino, Carolann Bronson, Isaac Linebaugh, Elba Farr, Angelika March, Tyler Galbraith, Marylynn Chauvin, Luisa Ohm, Bette Carlos, Alexandria Jantz, Winston Hemby, Tami Jepson, Anamaria Headrick, Nereida Truman, Hipolito Rowlands, Porter Marcinkowski, Bonny Forester, Rutha Crotty, Colton Moschella, Wayne Basler, Joie Sly, Takisha Demo, Chas Arline, Joya Bristol, Neida Vartanian, Adela Slusher, Daniell Nicklas, Jammie Rapp, Bess Hugo, Marlin Holm, Mignon Carnes, Carey Baley, Maddie Mccusker, Herschel Sena, Ted Broome, Birgit Mcglade, Heidi Poplawski, Carmen Ireland, Nelia Abrams, Adan Carden, Leanna Mazer, Elza Aumick, Terence Grothe, Markita Brymer, Jazmine Mccolley, Alpha Hundley, Scot Hollis, Marcelina Koger, Naoma Whitman, Alfredia Semon, Miyoko Pinto, Isaura Morton, Leia Amico, Simon Polinsky, Yulanda Marsden, Chloe Florey, Bernice Corcoran, Christine Parkinson, Marlys Matteson, Estella Lavallie, Madie Bhatti, Delpha Tharrington, Elwood Cortez, Sanjuanita Brotzman, Celeste Mahmood, Brigitte Rahm, Corazon Bohan, Cynthia Gines, Noble Krom, Rosalind Daniele, Sherrie Rivero, Mandi Swartwood, Ricky Latimer, Clara Villegas, Tyrone Antonio, Noah Deppen, Nelle Goodlow, Yesenia Tillett, Lynell Lando, Loreen Morel, Valentina Nitti, Cara Rakowski, Silas Chickering, Marguerite Schuman, Thuy Decamp, Ian Reising, Rufus Hanshaw, Irma Encarnacion, Leoma Mazzei, Latesha Marini, Mallory Segarra, Torrie Harnois, Parker Forrest, Jed Frazier, Kimi Savard, Lashay Franz]
17:54:42.675 [main] INFO api.AvailableMembersApi - Validating members for Survey ID: 99
17:54:42.677 [main] INFO api.AvailableMembersApi - Received response for survey ID 100: Status Code = 200
17:54:42.682 [main] INFO api.AvailableMembersApi - Available names for survey ID 100: [Malissa Arn, Teri Villalobos, Yesenia Conte, Meghann Followell, Salvatore Monico, Daina Maine, Ora Housand, Tasia Merritt, Gregory Lucchesi, Drucilla Wilhelm, Jaquelyn Levett, Mariko Hadfield, Janita Stroman, Margarito Derringer, Sherita Arispe, Everett Northup, Micah Shirley, Wilhelmina Hibdon, Carolin Blauser, Lyla Almanza, Chere Gamino, Fleta Giampaolo, Cleotilde Mcmiller, Sarai Morelli, Lashanda Abbott, Jeffry Dynes, Vernice Soto, Temika Huth, Adrianna Fentress, Tayna Rey, Ike Clink, Gaynell Croce, Darlena Farrington, Cherryl Carolina, Zoe Solar, Janiece Silvernail, Ivey Buskey, Viola Blackstock, Rachell Ankrom, Voncile Hayner, Bebe Lehmkuhl, Inell Ruoff, Onita Holloway, Norman Castilleja, Delmar Tourville, Audry Berends, Zoraida Faulkner, Kellee Maddy, Florencio Muller, Jo Dettman, Rosanne Trezza, Maryland Benedict, Kristin Ponton, Flossie Pangburn, Dixie Darsey, Kendrick Preston, Cari Pizzo, Ellamae Tallon, Abbie Kreidler, Dustin Arterburn, Laila Holdren, Yang Soriano, Jon Shultis, Julian Clapper, Myles Cooke, Rheba Corbett, Marcelle Herzog, Leila Odle, Abby Peevy, Jarvis Millar, Lekisha Hinnenkamp, Angelia Keebler, Clementina Gormley, Joslyn Keen, Verla Bearse, Cassaundra Loar, Ji Lamarche, Lilliam Mcghie, Alona Redel, Buck Slawson, Lindsay Henline, Mimi Winsor, Maxine Clauson, Lena Galusha, Talisha Geise, Stacie Austria, Georgia Cincotta, Candis Gapinski, Cyrstal Robb, Cornelia Laney, Jere Routh, Archie Branning, Matha Beard, Bud Mclarty, Marlana Gillard, Elvis Leatherwood, Hellen Macrae, Meaghan Macinnis, Olene Ledgerwood, Shanda Cromer, Venice Sherry, Ron Copher, Arminda Valentino, Carolann Bronson, Charlyn Haggerty, Isaac Linebaugh, Elba Farr, Angelika March, Tyler Galbraith, Marylynn Chauvin, Bette Carlos, Rocco Blubaugh, Alexandria Jantz, Winston Hemby, Tami Jepson, Anamaria Headrick, Nereida Truman, Hipolito Rowlands, Porter Marcinkowski, Bonny Forester, Rutha Crotty, Damion Wysocki, Colton Moschella, Wayne Basler, Joie Sly, Takisha Demo, Chas Arline, Joya Bristol, Neida Vartanian, Ellie Duca, Adela Slusher, Daniell Nicklas, Jammie Rapp, Bess Hugo, Marlin Holm, Mignon Carnes, Carey Baley, Dani Stroop, Maddie Mccusker, Herschel Sena, Ora Suddeth, Ted Broome, Birgit Mcglade, Heidi Poplawski, Carmen Ireland, Nelia Abrams, Adan Carden, Kesha Shoop, Elza Aumick, Terence Grothe, Markita Brymer, Jazmine Mccolley, Alpha Hundley, Scot Hollis, Marcelina Koger, Naoma Whitman, Alfredia Semon, Miyoko Pinto, Isaura Morton, Chloe Florey, Bernice Corcoran, Christine Parkinson, Marlys Matteson, Estella Lavallie, Madie Bhatti, Delpha Tharrington, Elwood Cortez, Sanjuanita Brotzman, Celeste Mahmood, Brigitte Rahm, Corazon Bohan, Noble Krom, Rosalind Daniele, Margareta Ku, Sherrie Rivero, Mandi Swartwood, Ricky Latimer, Clara Villegas, Tyrone Antonio, Noah Deppen, Nelle Goodlow, Yesenia Tillett, Loreen Morel, Valentina Nitti, Cara Rakowski, Silas Chickering, Marguerite Schuman, Ian Reising, Rufus Hanshaw, Irma Encarnacion, Leoma Mazzei, Latesha Marini, Mallory Segarra, Torrie Harnois, Parker Forrest, Jed Frazier, Kimi Savard]
17:54:42.682 [main] INFO api.AvailableMembersApi - Validating members for Survey ID: 100
]]></system-out>
  </testcase>
</testsuite>