<?xml version="1.0" encoding="UTF-8"?>
<testsuite xmlns:xsi="http://www.w3.org/2001/XMLSchema-instance" xsi:noNamespaceSchemaLocation="https://maven.apache.org/surefire/maven-surefire-plugin/xsd/surefire-test-report.xsd" version="3.0.2" name="tests.unit.MembersOfSurveyUnitTest" time="0.037" tests="4" errors="0" skipped="0" failures="0">
  <properties>
    <property name="sun.desktop" value="windows"/>
    <property name="awt.toolkit" value="sun.awt.windows.WToolkit"/>
    <property name="java.specification.version" value="11"/>
    <property name="sun.cpu.isalist" value="amd64"/>
    <property name="sun.jnu.encoding" value="Cp1250"/>
    <property name="java.class.path" value="D:\Program Files\API testing\surveyQA\surveyQA\survey_QA\target\test-classes;D:\Program Files\API testing\surveyQA\surveyQA\survey_QA\target\classes;C:\Users\user\.m2\repository\org\junit\jupiter\junit-jupiter\5.10.0\junit-jupiter-5.10.0.jar;C:\Users\user\.m2\repository\org\junit\jupiter\junit-jupiter-api\5.10.0\junit-jupiter-api-5.10.0.jar;C:\Users\user\.m2\repository\org\opentest4j\opentest4j\1.3.0\opentest4j-1.3.0.jar;C:\Users\user\.m2\repository\org\junit\platform\junit-platform-commons\1.10.0\junit-platform-commons-1.10.0.jar;C:\Users\user\.m2\repository\org\apiguardian\apiguardian-api\1.1.2\apiguardian-api-1.1.2.jar;C:\Users\user\.m2\repository\org\junit\jupiter\junit-jupiter-params\5.10.0\junit-jupiter-params-5.10.0.jar;C:\Users\user\.m2\repository\org\junit\jupiter\junit-jupiter-engine\5.10.0\junit-jupiter-engine-5.10.0.jar;C:\Users\user\.m2\repository\org\junit\platform\junit-platform-engine\1.10.0\junit-platform-engine-1.10.0.jar;C:\Users\user\.m2\repository\io\qameta\allure\allure-junit5\2.24.0\allure-junit5-2.24.0.jar;C:\Users\user\.m2\repository\io\qameta\allure\allure-junit-platform\2.24.0\allure-junit-platform-2.24.0.jar;C:\Users\user\.m2\repository\io\qameta\allure\allure-java-commons\2.24.0\allure-java-commons-2.24.0.jar;C:\Users\user\.m2\repository\io\qameta\allure\allure-model\2.24.0\allure-model-2.24.0.jar;C:\Users\user\.m2\repository\io\qameta\allure\allure-test-filter\2.24.0\allure-test-filter-2.24.0.jar;C:\Users\user\.m2\repository\org\junit\platform\junit-platform-launcher\1.9.2\junit-platform-launcher-1.9.2.jar;C:\Users\user\.m2\repository\io\rest-assured\rest-assured\5.3.0\rest-assured-5.3.0.jar;C:\Users\user\.m2\repository\org\apache\groovy\groovy\4.0.6\groovy-4.0.6.jar;C:\Users\user\.m2\repository\org\apache\groovy\groovy-xml\4.0.6\groovy-xml-4.0.6.jar;C:\Users\user\.m2\repository\org\apache\httpcomponents\httpclient\4.5.13\httpclient-4.5.13.jar;C:\Users\user\.m2\repository\org\apache\httpcomponents\httpcore\4.4.13\httpcore-4.4.13.jar;C:\Users\user\.m2\repository\commons-logging\commons-logging\1.2\commons-logging-1.2.jar;C:\Users\user\.m2\repository\commons-codec\commons-codec\1.11\commons-codec-1.11.jar;C:\Users\user\.m2\repository\org\apache\httpcomponents\httpmime\4.5.13\httpmime-4.5.13.jar;C:\Users\user\.m2\repository\org\hamcrest\hamcrest\2.1\hamcrest-2.1.jar;C:\Users\user\.m2\repository\org\ccil\cowan\tagsoup\tagsoup\1.2.1\tagsoup-1.2.1.jar;C:\Users\user\.m2\repository\io\rest-assured\xml-path\5.3.0\xml-path-5.3.0.jar;C:\Users\user\.m2\repository\org\apache\commons\commons-lang3\3.11\commons-lang3-3.11.jar;C:\Users\user\.m2\repository\io\qameta\allure\allure-rest-assured\2.24.0\allure-rest-assured-2.24.0.jar;C:\Users\user\.m2\repository\io\qameta\allure\allure-attachments\2.24.0\allure-attachments-2.24.0.jar;C:\Users\user\.m2\repository\org\freemarker\freemarker\2.3.31\freemarker-2.3.31.jar;C:\Users\user\.m2\repository\org\slf4j\slf4j-api\1.7.32\slf4j-api-1.7.32.jar;C:\Users\user\.m2\repository\ch\qos\logback\logback-classic\1.2.6\logback-classic-1.2.6.jar;C:\Users\user\.m2\repository\ch\qos\logback\logback-core\1.2.6\logback-core-1.2.6.jar;C:\Users\user\.m2\repository\org\apache\commons\commons-csv\1.9.0\commons-csv-1.9.0.jar;C:\Users\user\.m2\repository\io\rest-assured\json-path\5.1.1\json-path-5.1.1.jar;C:\Users\user\.m2\repository\org\apache\groovy\groovy-json\4.0.1\groovy-json-4.0.1.jar;C:\Users\user\.m2\repository\io\rest-assured\rest-assured-common\5.1.1\rest-assured-common-5.1.1.jar;C:\Users\user\.m2\repository\io\rest-assured\json-schema-validator\5.3.0\json-schema-validator-5.3.0.jar;C:\Users\user\.m2\repository\com\github\java-json-tools\json-schema-validator\2.2.14\json-schema-validator-2.2.14.jar;C:\Users\user\.m2\repository\com\google\guava\guava\28.2-android\guava-28.2-android.jar;C:\Users\user\.m2\repository\com\google\guava\failureaccess\1.0.1\failureaccess-1.0.1.jar;C:\Users\user\.m2\repository\com\google\guava\listenablefuture\9999.0-empty-to-avoid-conflict-with-guava\listenablefuture-9999.0-empty-to-avoid-conflict-with-guava.jar;C:\Users\user\.m2\repository\org\checkerframework\checker-compat-qual\2.5.5\checker-compat-qual-2.5.5.jar;C:\Users\user\.m2\repository\com\google\j2objc\j2objc-annotations\1.3\j2objc-annotations-1.3.jar;C:\Users\user\.m2\repository\com\github\java-json-tools\jackson-coreutils-equivalence\1.0\jackson-coreutils-equivalence-1.0.jar;C:\Users\user\.m2\repository\com\github\java-json-tools\jackson-coreutils\2.0\jackson-coreutils-2.0.jar;C:\Users\user\.m2\repository\com\github\java-json-tools\msg-simple\1.2\msg-simple-1.2.jar;C:\Users\user\.m2\repository\com\github\java-json-tools\btf\1.3\btf-1.3.jar;C:\Users\user\.m2\repository\com\github\java-json-tools\json-schema-core\1.2.14\json-schema-core-1.2.14.jar;C:\Users\user\.m2\repository\com\github\java-json-tools\uri-template\0.10\uri-template-0.10.jar;C:\Users\user\.m2\repository\org\mozilla\rhino\1.7.7.2\rhino-1.7.7.2.jar;C:\Users\user\.m2\repository\com\sun\mail\mailapi\1.6.2\mailapi-1.6.2.jar;C:\Users\user\.m2\repository\joda-time\joda-time\2.10.5\joda-time-2.10.5.jar;C:\Users\user\.m2\repository\com\googlecode\libphonenumber\libphonenumber\8.11.1\libphonenumber-8.11.1.jar;C:\Users\user\.m2\repository\com\google\code\findbugs\jsr305\3.0.2\jsr305-3.0.2.jar;C:\Users\user\.m2\repository\net\sf\jopt-simple\jopt-simple\5.0.4\jopt-simple-5.0.4.jar;C:\Users\user\.m2\repository\io\gatling\highcharts\gatling-charts-highcharts\3.13.4\gatling-charts-highcharts-3.13.4.jar;C:\Users\user\.m2\repository\org\scala-lang\scala-library\2.13.16\scala-library-2.13.16.jar;C:\Users\user\.m2\repository\io\gatling\gatling-recorder\3.13.4\gatling-recorder-3.13.4.jar;C:\Users\user\.m2\repository\org\scala-lang\modules\scala-swing_2.13\3.0.0\scala-swing_2.13-3.0.0.jar;C:\Users\user\.m2\repository\io\gatling\gatling-recorder-bc-shaded\1.80.0\gatling-recorder-bc-shaded-1.80.0.jar;C:\Users\user\.m2\repository\io\netty\netty-codec-http\4.1.118.Final\netty-codec-http-4.1.118.Final.jar;C:\Users\user\.m2\repository\io\gatling\gatling-app\3.13.4\gatling-app-3.13.4.jar;C:\Users\user\.m2\repository\io\gatling\gatling-core-java\3.13.4\gatling-core-java-3.13.4.jar;C:\Users\user\.m2\repository\net\jodah\typetools\0.6.3\typetools-0.6.3.jar;C:\Users\user\.m2\repository\com\github\spotbugs\spotbugs-annotations\4.9.1\spotbugs-annotations-4.9.1.jar;C:\Users\user\.m2\repository\io\gatling\gatling-http-java\3.13.4\gatling-http-java-3.13.4.jar;C:\Users\user\.m2\repository\io\gatling\gatling-jms\3.13.4\gatling-jms-3.13.4.jar;C:\Users\user\.m2\repository\javax\jms\javax.jms-api\2.0.1\javax.jms-api-2.0.1.jar;C:\Users\user\.m2\repository\com\eatthepath\fast-uuid\0.2.0\fast-uuid-0.2.0.jar;C:\Users\user\.m2\repository\io\gatling\gatling-jms-java\3.13.4\gatling-jms-java-3.13.4.jar;C:\Users\user\.m2\repository\io\gatling\gatling-jdbc\3.13.4\gatling-jdbc-3.13.4.jar;C:\Users\user\.m2\repository\io\gatling\gatling-jdbc-java\3.13.4\gatling-jdbc-java-3.13.4.jar;C:\Users\user\.m2\repository\io\gatling\gatling-redis\3.13.4\gatling-redis-3.13.4.jar;C:\Users\user\.m2\repository\net\debasishg\redisclient_2.13\3.42\redisclient_2.13-3.42.jar;C:\Users\user\.m2\repository\org\apache\commons\commons-pool2\2.8.0\commons-pool2-2.8.0.jar;C:\Users\user\.m2\repository\io\gatling\gatling-redis-java\3.13.4\gatling-redis-java-3.13.4.jar;C:\Users\user\.m2\repository\io\gatling\gatling-charts\3.13.4\gatling-charts-3.13.4.jar;C:\Users\user\.m2\repository\com\tdunning\t-digest\3.3\t-digest-3.3.jar;C:\Users\user\.m2\repository\io\gatling\gatling-core\3.13.4\gatling-core-3.13.4.jar;C:\Users\user\.m2\repository\io\gatling\gatling-netty-util\3.13.4\gatling-netty-util-3.13.4.jar;C:\Users\user\.m2\repository\io\gatling\gatling-shared-util_2.13\0.0.12\gatling-shared-util_2.13-0.0.12.jar;C:\Users\user\.m2\repository\org\scala-lang\modules\scala-collection-compat_2.13\2.12.0\scala-collection-compat_2.13-2.12.0.jar;C:\Users\user\.m2\repository\io\netty\netty-buffer\4.1.118.Final\netty-buffer-4.1.118.Final.jar;C:\Users\user\.m2\repository\io\netty\netty-transport-native-epoll\4.1.118.Final\netty-transport-native-epoll-4.1.118.Final-linux-x86_64.jar;C:\Users\user\.m2\repository\io\netty\netty-transport-classes-epoll\4.1.118.Final\netty-transport-classes-epoll-4.1.118.Final.jar;C:\Users\user\.m2\repository\io\netty\netty-transport-native-epoll\4.1.118.Final\netty-transport-native-epoll-4.1.118.Final-linux-aarch_64.jar;C:\Users\user\.m2\repository\io\netty\incubator\netty-incubator-transport-native-io_uring\0.0.26.Final\netty-incubator-transport-native-io_uring-0.0.26.Final-linux-x86_64.jar;C:\Users\user\.m2\repository\io\netty\incubator\netty-incubator-transport-classes-io_uring\0.0.26.Final\netty-incubator-transport-classes-io_uring-0.0.26.Final.jar;C:\Users\user\.m2\repository\io\netty\incubator\netty-incubator-transport-native-io_uring\0.0.26.Final\netty-incubator-transport-native-io_uring-0.0.26.Final-linux-aarch_64.jar;C:\Users\user\.m2\repository\io\gatling\gatling-quicklens\3.13.4\gatling-quicklens-3.13.4.jar;C:\Users\user\.m2\repository\io\gatling\gatling-commons\3.13.4\gatling-commons-3.13.4.jar;C:\Users\user\.m2\repository\com\typesafe\config\1.4.3\config-1.4.3.jar;C:\Users\user\.m2\repository\io\github\metarank\cfor_2.13\0.3\cfor_2.13-0.3.jar;C:\Users\user\.m2\repository\org\scala-lang\scala-reflect\2.13.10\scala-reflect-2.13.10.jar;C:\Users\user\.m2\repository\com\typesafe\scala-logging\scala-logging_2.13\3.9.5\scala-logging_2.13-3.9.5.jar;C:\Users\user\.m2\repository\io\gatling\gatling-jsonpath\3.13.4\gatling-jsonpath-3.13.4.jar;C:\Users\user\.m2\repository\io\gatling\gatling-shared-model_2.13\0.0.11\gatling-shared-model_2.13-0.0.11.jar;C:\Users\user\.m2\repository\io\suzaku\boopickle_2.13\1.5.0\boopickle_2.13-1.5.0.jar;C:\Users\user\.m2\repository\io\gatling\gatling-shared-cli\0.0.6\gatling-shared-cli-0.0.6.jar;C:\Users\user\.m2\repository\org\simpleflatmapper\lightning-csv\9.0.2\lightning-csv-9.0.2.jar;C:\Users\user\.m2\repository\org\simpleflatmapper\sfm-util\9.0.2\sfm-util-9.0.2.jar;C:\Users\user\.m2\repository\com\github\ben-manes\caffeine\caffeine\3.2.0\caffeine-3.2.0.jar;C:\Users\user\.m2\repository\org\jspecify\jspecify\1.0.0\jspecify-1.0.0.jar;C:\Users\user\.m2\repository\com\google\errorprone\error_prone_annotations\2.36.0\error_prone_annotations-2.36.0.jar;C:\Users\user\.m2\repository\io\pebbletemplates\pebble\3.2.3\pebble-3.2.3.jar;C:\Users\user\.m2\repository\org\unbescape\unbescape\1.1.6.RELEASE\unbescape-1.1.6.RELEASE.jar;C:\Users\user\.m2\repository\org\scala-lang\modules\scala-parser-combinators_2.13\2.4.0\scala-parser-combinators_2.13-2.4.0.jar;C:\Users\user\.m2\repository\com\github\scopt\scopt_2.13\3.7.1\scopt_2.13-3.7.1.jar;C:\Users\user\.m2\repository\io\netty\netty-handler\4.1.118.Final\netty-handler-4.1.118.Final.jar;C:\Users\user\.m2\repository\io\netty\netty-common\4.1.118.Final\netty-common-4.1.118.Final.jar;C:\Users\user\.m2\repository\io\netty\netty-resolver\4.1.118.Final\netty-resolver-4.1.118.Final.jar;C:\Users\user\.m2\repository\io\netty\netty-transport\4.1.118.Final\netty-transport-4.1.118.Final.jar;C:\Users\user\.m2\repository\io\netty\netty-transport-native-unix-common\4.1.118.Final\netty-transport-native-unix-common-4.1.118.Final.jar;C:\Users\user\.m2\repository\io\netty\netty-codec\4.1.118.Final\netty-codec-4.1.118.Final.jar;C:\Users\user\.m2\repository\io\netty\netty-tcnative-classes\2.0.70.Final\netty-tcnative-classes-2.0.70.Final.jar;C:\Users\user\.m2\repository\io\netty\netty-tcnative-boringssl-static\2.0.70.Final\netty-tcnative-boringssl-static-2.0.70.Final.jar;C:\Users\user\.m2\repository\io\netty\netty-tcnative-boringssl-static\2.0.70.Final\netty-tcnative-boringssl-static-2.0.70.Final-linux-x86_64.jar;C:\Users\user\.m2\repository\io\netty\netty-tcnative-boringssl-static\2.0.70.Final\netty-tcnative-boringssl-static-2.0.70.Final-linux-aarch_64.jar;C:\Users\user\.m2\repository\io\netty\netty-tcnative-boringssl-static\2.0.70.Final\netty-tcnative-boringssl-static-2.0.70.Final-osx-x86_64.jar;C:\Users\user\.m2\repository\io\netty\netty-tcnative-boringssl-static\2.0.70.Final\netty-tcnative-boringssl-static-2.0.70.Final-osx-aarch_64.jar;C:\Users\user\.m2\repository\io\netty\netty-tcnative-boringssl-static\2.0.70.Final\netty-tcnative-boringssl-static-2.0.70.Final-windows-x86_64.jar;C:\Users\user\.m2\repository\com\fasterxml\jackson\core\jackson-databind\2.18.2\jackson-databind-2.18.2.jar;C:\Users\user\.m2\repository\com\fasterxml\jackson\core\jackson-annotations\2.18.2\jackson-annotations-2.18.2.jar;C:\Users\user\.m2\repository\com\fasterxml\jackson\core\jackson-core\2.18.2\jackson-core-2.18.2.jar;C:\Users\user\.m2\repository\net\sf\saxon\Saxon-HE\12.5\Saxon-HE-12.5.jar;C:\Users\user\.m2\repository\org\xmlresolver\xmlresolver\6.0.12\xmlresolver-6.0.12.jar;C:\Users\user\.m2\repository\org\xmlresolver\xmlresolver\6.0.12\xmlresolver-6.0.12-data.jar;C:\Users\user\.m2\repository\org\jodd\jodd-lagarto\6.0.6\jodd-lagarto-6.0.6.jar;C:\Users\user\.m2\repository\org\jodd\jodd-util\6.3.0\jodd-util-6.3.0.jar;C:\Users\user\.m2\repository\io\burt\jmespath-jackson\0.6.0\jmespath-jackson-0.6.0.jar;C:\Users\user\.m2\repository\io\burt\jmespath-core\0.6.0\jmespath-core-0.6.0.jar;C:\Users\user\.m2\repository\io\gatling\gatling-http\3.13.4\gatling-http-3.13.4.jar;C:\Users\user\.m2\repository\io\gatling\gatling-http-client\3.13.4\gatling-http-client-3.13.4.jar;C:\Users\user\.m2\repository\io\netty\netty-handler-proxy\4.1.118.Final\netty-handler-proxy-4.1.118.Final.jar;C:\Users\user\.m2\repository\io\netty\netty-codec-socks\4.1.118.Final\netty-codec-socks-4.1.118.Final.jar;C:\Users\user\.m2\repository\io\netty\netty-resolver-dns\4.1.118.Final\netty-resolver-dns-4.1.118.Final.jar;C:\Users\user\.m2\repository\io\netty\netty-codec-dns\4.1.118.Final\netty-codec-dns-4.1.118.Final.jar;C:\Users\user\.m2\repository\io\netty\netty-codec-http2\4.1.118.Final\netty-codec-http2-4.1.118.Final.jar;C:\Users\user\.m2\repository\io\netty\netty-resolver-dns-native-macos\4.1.118.Final\netty-resolver-dns-native-macos-4.1.118.Final-osx-x86_64.jar;C:\Users\user\.m2\repository\io\netty\netty-resolver-dns-classes-macos\4.1.118.Final\netty-resolver-dns-classes-macos-4.1.118.Final.jar;C:\Users\user\.m2\repository\io\netty\netty-resolver-dns-native-macos\4.1.118.Final\netty-resolver-dns-native-macos-4.1.118.Final-osx-aarch_64.jar;C:\Users\user\.m2\repository\com\aayushatharva\brotli4j\brotli4j\1.18.0\brotli4j-1.18.0.jar;C:\Users\user\.m2\repository\com\aayushatharva\brotli4j\service\1.18.0\service-1.18.0.jar;C:\Users\user\.m2\repository\com\aayushatharva\brotli4j\native-linux-x86_64\1.18.0\native-linux-x86_64-1.18.0.jar;C:\Users\user\.m2\repository\com\aayushatharva\brotli4j\native-linux-aarch64\1.18.0\native-linux-aarch64-1.18.0.jar;C:\Users\user\.m2\repository\com\aayushatharva\brotli4j\native-osx-x86_64\1.18.0\native-osx-x86_64-1.18.0.jar;C:\Users\user\.m2\repository\com\aayushatharva\brotli4j\native-osx-aarch64\1.18.0\native-osx-aarch64-1.18.0.jar;C:\Users\user\.m2\repository\com\aayushatharva\brotli4j\native-windows-x86_64\1.18.0\native-windows-x86_64-1.18.0.jar;"/>
    <property name="java.vm.vendor" value="Oracle Corporation"/>
    <property name="sun.arch.data.model" value="64"/>
    <property name="user.variant" value=""/>
    <property name="java.vendor.url" value="https://openjdk.java.net/"/>
    <property name="user.timezone" value="Europe/Budapest"/>
    <property name="java.vm.specification.version" value="11"/>
    <property name="os.name" value="Windows 10"/>
    <property name="sun.java.launcher" value="SUN_STANDARD"/>
    <property name="user.country" value="US"/>
    <property name="sun.boot.library.path" value="D:\Program Files\Java\jdk-11.0.24_windows-x64_bin\jdk-11.0.24\bin"/>
    <property name="sun.java.command" value="C:\Users\user\AppData\Local\Temp\surefire14506977628009019051\surefirebooter-20250224121224336_3.jar C:\Users\user\AppData\Local\Temp\surefire14506977628009019051 2025-02-24T12-12-24_203-jvmRun1 surefire-20250224121224336_1tmp surefire_0-20250224121224336_2tmp"/>
    <property name="jdk.debug" value="release"/>
    <property name="surefire.test.class.path" value="D:\Program Files\API testing\surveyQA\surveyQA\survey_QA\target\test-classes;D:\Program Files\API testing\surveyQA\surveyQA\survey_QA\target\classes;C:\Users\user\.m2\repository\org\junit\jupiter\junit-jupiter\5.10.0\junit-jupiter-5.10.0.jar;C:\Users\user\.m2\repository\org\junit\jupiter\junit-jupiter-api\5.10.0\junit-jupiter-api-5.10.0.jar;C:\Users\user\.m2\repository\org\opentest4j\opentest4j\1.3.0\opentest4j-1.3.0.jar;C:\Users\user\.m2\repository\org\junit\platform\junit-platform-commons\1.10.0\junit-platform-commons-1.10.0.jar;C:\Users\user\.m2\repository\org\apiguardian\apiguardian-api\1.1.2\apiguardian-api-1.1.2.jar;C:\Users\user\.m2\repository\org\junit\jupiter\junit-jupiter-params\5.10.0\junit-jupiter-params-5.10.0.jar;C:\Users\user\.m2\repository\org\junit\jupiter\junit-jupiter-engine\5.10.0\junit-jupiter-engine-5.10.0.jar;C:\Users\user\.m2\repository\org\junit\platform\junit-platform-engine\1.10.0\junit-platform-engine-1.10.0.jar;C:\Users\user\.m2\repository\io\qameta\allure\allure-junit5\2.24.0\allure-junit5-2.24.0.jar;C:\Users\user\.m2\repository\io\qameta\allure\allure-junit-platform\2.24.0\allure-junit-platform-2.24.0.jar;C:\Users\user\.m2\repository\io\qameta\allure\allure-java-commons\2.24.0\allure-java-commons-2.24.0.jar;C:\Users\user\.m2\repository\io\qameta\allure\allure-model\2.24.0\allure-model-2.24.0.jar;C:\Users\user\.m2\repository\io\qameta\allure\allure-test-filter\2.24.0\allure-test-filter-2.24.0.jar;C:\Users\user\.m2\repository\org\junit\platform\junit-platform-launcher\1.9.2\junit-platform-launcher-1.9.2.jar;C:\Users\user\.m2\repository\io\rest-assured\rest-assured\5.3.0\rest-assured-5.3.0.jar;C:\Users\user\.m2\repository\org\apache\groovy\groovy\4.0.6\groovy-4.0.6.jar;C:\Users\user\.m2\repository\org\apache\groovy\groovy-xml\4.0.6\groovy-xml-4.0.6.jar;C:\Users\user\.m2\repository\org\apache\httpcomponents\httpclient\4.5.13\httpclient-4.5.13.jar;C:\Users\user\.m2\repository\org\apache\httpcomponents\httpcore\4.4.13\httpcore-4.4.13.jar;C:\Users\user\.m2\repository\commons-logging\commons-logging\1.2\commons-logging-1.2.jar;C:\Users\user\.m2\repository\commons-codec\commons-codec\1.11\commons-codec-1.11.jar;C:\Users\user\.m2\repository\org\apache\httpcomponents\httpmime\4.5.13\httpmime-4.5.13.jar;C:\Users\user\.m2\repository\org\hamcrest\hamcrest\2.1\hamcrest-2.1.jar;C:\Users\user\.m2\repository\org\ccil\cowan\tagsoup\tagsoup\1.2.1\tagsoup-1.2.1.jar;C:\Users\user\.m2\repository\io\rest-assured\xml-path\5.3.0\xml-path-5.3.0.jar;C:\Users\user\.m2\repository\org\apache\commons\commons-lang3\3.11\commons-lang3-3.11.jar;C:\Users\user\.m2\repository\io\qameta\allure\allure-rest-assured\2.24.0\allure-rest-assured-2.24.0.jar;C:\Users\user\.m2\repository\io\qameta\allure\allure-attachments\2.24.0\allure-attachments-2.24.0.jar;C:\Users\user\.m2\repository\org\freemarker\freemarker\2.3.31\freemarker-2.3.31.jar;C:\Users\user\.m2\repository\org\slf4j\slf4j-api\1.7.32\slf4j-api-1.7.32.jar;C:\Users\user\.m2\repository\ch\qos\logback\logback-classic\1.2.6\logback-classic-1.2.6.jar;C:\Users\user\.m2\repository\ch\qos\logback\logback-core\1.2.6\logback-core-1.2.6.jar;C:\Users\user\.m2\repository\org\apache\commons\commons-csv\1.9.0\commons-csv-1.9.0.jar;C:\Users\user\.m2\repository\io\rest-assured\json-path\5.1.1\json-path-5.1.1.jar;C:\Users\user\.m2\repository\org\apache\groovy\groovy-json\4.0.1\groovy-json-4.0.1.jar;C:\Users\user\.m2\repository\io\rest-assured\rest-assured-common\5.1.1\rest-assured-common-5.1.1.jar;C:\Users\user\.m2\repository\io\rest-assured\json-schema-validator\5.3.0\json-schema-validator-5.3.0.jar;C:\Users\user\.m2\repository\com\github\java-json-tools\json-schema-validator\2.2.14\json-schema-validator-2.2.14.jar;C:\Users\user\.m2\repository\com\google\guava\guava\28.2-android\guava-28.2-android.jar;C:\Users\user\.m2\repository\com\google\guava\failureaccess\1.0.1\failureaccess-1.0.1.jar;C:\Users\user\.m2\repository\com\google\guava\listenablefuture\9999.0-empty-to-avoid-conflict-with-guava\listenablefuture-9999.0-empty-to-avoid-conflict-with-guava.jar;C:\Users\user\.m2\repository\org\checkerframework\checker-compat-qual\2.5.5\checker-compat-qual-2.5.5.jar;C:\Users\user\.m2\repository\com\google\j2objc\j2objc-annotations\1.3\j2objc-annotations-1.3.jar;C:\Users\user\.m2\repository\com\github\java-json-tools\jackson-coreutils-equivalence\1.0\jackson-coreutils-equivalence-1.0.jar;C:\Users\user\.m2\repository\com\github\java-json-tools\jackson-coreutils\2.0\jackson-coreutils-2.0.jar;C:\Users\user\.m2\repository\com\github\java-json-tools\msg-simple\1.2\msg-simple-1.2.jar;C:\Users\user\.m2\repository\com\github\java-json-tools\btf\1.3\btf-1.3.jar;C:\Users\user\.m2\repository\com\github\java-json-tools\json-schema-core\1.2.14\json-schema-core-1.2.14.jar;C:\Users\user\.m2\repository\com\github\java-json-tools\uri-template\0.10\uri-template-0.10.jar;C:\Users\user\.m2\repository\org\mozilla\rhino\1.7.7.2\rhino-1.7.7.2.jar;C:\Users\user\.m2\repository\com\sun\mail\mailapi\1.6.2\mailapi-1.6.2.jar;C:\Users\user\.m2\repository\joda-time\joda-time\2.10.5\joda-time-2.10.5.jar;C:\Users\user\.m2\repository\com\googlecode\libphonenumber\libphonenumber\8.11.1\libphonenumber-8.11.1.jar;C:\Users\user\.m2\repository\com\google\code\findbugs\jsr305\3.0.2\jsr305-3.0.2.jar;C:\Users\user\.m2\repository\net\sf\jopt-simple\jopt-simple\5.0.4\jopt-simple-5.0.4.jar;C:\Users\user\.m2\repository\io\gatling\highcharts\gatling-charts-highcharts\3.13.4\gatling-charts-highcharts-3.13.4.jar;C:\Users\user\.m2\repository\org\scala-lang\scala-library\2.13.16\scala-library-2.13.16.jar;C:\Users\user\.m2\repository\io\gatling\gatling-recorder\3.13.4\gatling-recorder-3.13.4.jar;C:\Users\user\.m2\repository\org\scala-lang\modules\scala-swing_2.13\3.0.0\scala-swing_2.13-3.0.0.jar;C:\Users\user\.m2\repository\io\gatling\gatling-recorder-bc-shaded\1.80.0\gatling-recorder-bc-shaded-1.80.0.jar;C:\Users\user\.m2\repository\io\netty\netty-codec-http\4.1.118.Final\netty-codec-http-4.1.118.Final.jar;C:\Users\user\.m2\repository\io\gatling\gatling-app\3.13.4\gatling-app-3.13.4.jar;C:\Users\user\.m2\repository\io\gatling\gatling-core-java\3.13.4\gatling-core-java-3.13.4.jar;C:\Users\user\.m2\repository\net\jodah\typetools\0.6.3\typetools-0.6.3.jar;C:\Users\user\.m2\repository\com\github\spotbugs\spotbugs-annotations\4.9.1\spotbugs-annotations-4.9.1.jar;C:\Users\user\.m2\repository\io\gatling\gatling-http-java\3.13.4\gatling-http-java-3.13.4.jar;C:\Users\user\.m2\repository\io\gatling\gatling-jms\3.13.4\gatling-jms-3.13.4.jar;C:\Users\user\.m2\repository\javax\jms\javax.jms-api\2.0.1\javax.jms-api-2.0.1.jar;C:\Users\user\.m2\repository\com\eatthepath\fast-uuid\0.2.0\fast-uuid-0.2.0.jar;C:\Users\user\.m2\repository\io\gatling\gatling-jms-java\3.13.4\gatling-jms-java-3.13.4.jar;C:\Users\user\.m2\repository\io\gatling\gatling-jdbc\3.13.4\gatling-jdbc-3.13.4.jar;C:\Users\user\.m2\repository\io\gatling\gatling-jdbc-java\3.13.4\gatling-jdbc-java-3.13.4.jar;C:\Users\user\.m2\repository\io\gatling\gatling-redis\3.13.4\gatling-redis-3.13.4.jar;C:\Users\user\.m2\repository\net\debasishg\redisclient_2.13\3.42\redisclient_2.13-3.42.jar;C:\Users\user\.m2\repository\org\apache\commons\commons-pool2\2.8.0\commons-pool2-2.8.0.jar;C:\Users\user\.m2\repository\io\gatling\gatling-redis-java\3.13.4\gatling-redis-java-3.13.4.jar;C:\Users\user\.m2\repository\io\gatling\gatling-charts\3.13.4\gatling-charts-3.13.4.jar;C:\Users\user\.m2\repository\com\tdunning\t-digest\3.3\t-digest-3.3.jar;C:\Users\user\.m2\repository\io\gatling\gatling-core\3.13.4\gatling-core-3.13.4.jar;C:\Users\user\.m2\repository\io\gatling\gatling-netty-util\3.13.4\gatling-netty-util-3.13.4.jar;C:\Users\user\.m2\repository\io\gatling\gatling-shared-util_2.13\0.0.12\gatling-shared-util_2.13-0.0.12.jar;C:\Users\user\.m2\repository\org\scala-lang\modules\scala-collection-compat_2.13\2.12.0\scala-collection-compat_2.13-2.12.0.jar;C:\Users\user\.m2\repository\io\netty\netty-buffer\4.1.118.Final\netty-buffer-4.1.118.Final.jar;C:\Users\user\.m2\repository\io\netty\netty-transport-native-epoll\4.1.118.Final\netty-transport-native-epoll-4.1.118.Final-linux-x86_64.jar;C:\Users\user\.m2\repository\io\netty\netty-transport-classes-epoll\4.1.118.Final\netty-transport-classes-epoll-4.1.118.Final.jar;C:\Users\user\.m2\repository\io\netty\netty-transport-native-epoll\4.1.118.Final\netty-transport-native-epoll-4.1.118.Final-linux-aarch_64.jar;C:\Users\user\.m2\repository\io\netty\incubator\netty-incubator-transport-native-io_uring\0.0.26.Final\netty-incubator-transport-native-io_uring-0.0.26.Final-linux-x86_64.jar;C:\Users\user\.m2\repository\io\netty\incubator\netty-incubator-transport-classes-io_uring\0.0.26.Final\netty-incubator-transport-classes-io_uring-0.0.26.Final.jar;C:\Users\user\.m2\repository\io\netty\incubator\netty-incubator-transport-native-io_uring\0.0.26.Final\netty-incubator-transport-native-io_uring-0.0.26.Final-linux-aarch_64.jar;C:\Users\user\.m2\repository\io\gatling\gatling-quicklens\3.13.4\gatling-quicklens-3.13.4.jar;C:\Users\user\.m2\repository\io\gatling\gatling-commons\3.13.4\gatling-commons-3.13.4.jar;C:\Users\user\.m2\repository\com\typesafe\config\1.4.3\config-1.4.3.jar;C:\Users\user\.m2\repository\io\github\metarank\cfor_2.13\0.3\cfor_2.13-0.3.jar;C:\Users\user\.m2\repository\org\scala-lang\scala-reflect\2.13.10\scala-reflect-2.13.10.jar;C:\Users\user\.m2\repository\com\typesafe\scala-logging\scala-logging_2.13\3.9.5\scala-logging_2.13-3.9.5.jar;C:\Users\user\.m2\repository\io\gatling\gatling-jsonpath\3.13.4\gatling-jsonpath-3.13.4.jar;C:\Users\user\.m2\repository\io\gatling\gatling-shared-model_2.13\0.0.11\gatling-shared-model_2.13-0.0.11.jar;C:\Users\user\.m2\repository\io\suzaku\boopickle_2.13\1.5.0\boopickle_2.13-1.5.0.jar;C:\Users\user\.m2\repository\io\gatling\gatling-shared-cli\0.0.6\gatling-shared-cli-0.0.6.jar;C:\Users\user\.m2\repository\org\simpleflatmapper\lightning-csv\9.0.2\lightning-csv-9.0.2.jar;C:\Users\user\.m2\repository\org\simpleflatmapper\sfm-util\9.0.2\sfm-util-9.0.2.jar;C:\Users\user\.m2\repository\com\github\ben-manes\caffeine\caffeine\3.2.0\caffeine-3.2.0.jar;C:\Users\user\.m2\repository\org\jspecify\jspecify\1.0.0\jspecify-1.0.0.jar;C:\Users\user\.m2\repository\com\google\errorprone\error_prone_annotations\2.36.0\error_prone_annotations-2.36.0.jar;C:\Users\user\.m2\repository\io\pebbletemplates\pebble\3.2.3\pebble-3.2.3.jar;C:\Users\user\.m2\repository\org\unbescape\unbescape\1.1.6.RELEASE\unbescape-1.1.6.RELEASE.jar;C:\Users\user\.m2\repository\org\scala-lang\modules\scala-parser-combinators_2.13\2.4.0\scala-parser-combinators_2.13-2.4.0.jar;C:\Users\user\.m2\repository\com\github\scopt\scopt_2.13\3.7.1\scopt_2.13-3.7.1.jar;C:\Users\user\.m2\repository\io\netty\netty-handler\4.1.118.Final\netty-handler-4.1.118.Final.jar;C:\Users\user\.m2\repository\io\netty\netty-common\4.1.118.Final\netty-common-4.1.118.Final.jar;C:\Users\user\.m2\repository\io\netty\netty-resolver\4.1.118.Final\netty-resolver-4.1.118.Final.jar;C:\Users\user\.m2\repository\io\netty\netty-transport\4.1.118.Final\netty-transport-4.1.118.Final.jar;C:\Users\user\.m2\repository\io\netty\netty-transport-native-unix-common\4.1.118.Final\netty-transport-native-unix-common-4.1.118.Final.jar;C:\Users\user\.m2\repository\io\netty\netty-codec\4.1.118.Final\netty-codec-4.1.118.Final.jar;C:\Users\user\.m2\repository\io\netty\netty-tcnative-classes\2.0.70.Final\netty-tcnative-classes-2.0.70.Final.jar;C:\Users\user\.m2\repository\io\netty\netty-tcnative-boringssl-static\2.0.70.Final\netty-tcnative-boringssl-static-2.0.70.Final.jar;C:\Users\user\.m2\repository\io\netty\netty-tcnative-boringssl-static\2.0.70.Final\netty-tcnative-boringssl-static-2.0.70.Final-linux-x86_64.jar;C:\Users\user\.m2\repository\io\netty\netty-tcnative-boringssl-static\2.0.70.Final\netty-tcnative-boringssl-static-2.0.70.Final-linux-aarch_64.jar;C:\Users\user\.m2\repository\io\netty\netty-tcnative-boringssl-static\2.0.70.Final\netty-tcnative-boringssl-static-2.0.70.Final-osx-x86_64.jar;C:\Users\user\.m2\repository\io\netty\netty-tcnative-boringssl-static\2.0.70.Final\netty-tcnative-boringssl-static-2.0.70.Final-osx-aarch_64.jar;C:\Users\user\.m2\repository\io\netty\netty-tcnative-boringssl-static\2.0.70.Final\netty-tcnative-boringssl-static-2.0.70.Final-windows-x86_64.jar;C:\Users\user\.m2\repository\com\fasterxml\jackson\core\jackson-databind\2.18.2\jackson-databind-2.18.2.jar;C:\Users\user\.m2\repository\com\fasterxml\jackson\core\jackson-annotations\2.18.2\jackson-annotations-2.18.2.jar;C:\Users\user\.m2\repository\com\fasterxml\jackson\core\jackson-core\2.18.2\jackson-core-2.18.2.jar;C:\Users\user\.m2\repository\net\sf\saxon\Saxon-HE\12.5\Saxon-HE-12.5.jar;C:\Users\user\.m2\repository\org\xmlresolver\xmlresolver\6.0.12\xmlresolver-6.0.12.jar;C:\Users\user\.m2\repository\org\xmlresolver\xmlresolver\6.0.12\xmlresolver-6.0.12-data.jar;C:\Users\user\.m2\repository\org\jodd\jodd-lagarto\6.0.6\jodd-lagarto-6.0.6.jar;C:\Users\user\.m2\repository\org\jodd\jodd-util\6.3.0\jodd-util-6.3.0.jar;C:\Users\user\.m2\repository\io\burt\jmespath-jackson\0.6.0\jmespath-jackson-0.6.0.jar;C:\Users\user\.m2\repository\io\burt\jmespath-core\0.6.0\jmespath-core-0.6.0.jar;C:\Users\user\.m2\repository\io\gatling\gatling-http\3.13.4\gatling-http-3.13.4.jar;C:\Users\user\.m2\repository\io\gatling\gatling-http-client\3.13.4\gatling-http-client-3.13.4.jar;C:\Users\user\.m2\repository\io\netty\netty-handler-proxy\4.1.118.Final\netty-handler-proxy-4.1.118.Final.jar;C:\Users\user\.m2\repository\io\netty\netty-codec-socks\4.1.118.Final\netty-codec-socks-4.1.118.Final.jar;C:\Users\user\.m2\repository\io\netty\netty-resolver-dns\4.1.118.Final\netty-resolver-dns-4.1.118.Final.jar;C:\Users\user\.m2\repository\io\netty\netty-codec-dns\4.1.118.Final\netty-codec-dns-4.1.118.Final.jar;C:\Users\user\.m2\repository\io\netty\netty-codec-http2\4.1.118.Final\netty-codec-http2-4.1.118.Final.jar;C:\Users\user\.m2\repository\io\netty\netty-resolver-dns-native-macos\4.1.118.Final\netty-resolver-dns-native-macos-4.1.118.Final-osx-x86_64.jar;C:\Users\user\.m2\repository\io\netty\netty-resolver-dns-classes-macos\4.1.118.Final\netty-resolver-dns-classes-macos-4.1.118.Final.jar;C:\Users\user\.m2\repository\io\netty\netty-resolver-dns-native-macos\4.1.118.Final\netty-resolver-dns-native-macos-4.1.118.Final-osx-aarch_64.jar;C:\Users\user\.m2\repository\com\aayushatharva\brotli4j\brotli4j\1.18.0\brotli4j-1.18.0.jar;C:\Users\user\.m2\repository\com\aayushatharva\brotli4j\service\1.18.0\service-1.18.0.jar;C:\Users\user\.m2\repository\com\aayushatharva\brotli4j\native-linux-x86_64\1.18.0\native-linux-x86_64-1.18.0.jar;C:\Users\user\.m2\repository\com\aayushatharva\brotli4j\native-linux-aarch64\1.18.0\native-linux-aarch64-1.18.0.jar;C:\Users\user\.m2\repository\com\aayushatharva\brotli4j\native-osx-x86_64\1.18.0\native-osx-x86_64-1.18.0.jar;C:\Users\user\.m2\repository\com\aayushatharva\brotli4j\native-osx-aarch64\1.18.0\native-osx-aarch64-1.18.0.jar;C:\Users\user\.m2\repository\com\aayushatharva\brotli4j\native-windows-x86_64\1.18.0\native-windows-x86_64-1.18.0.jar;"/>
    <property name="sun.cpu.endian" value="little"/>
    <property name="allure.results.directory" value="D:\Program Files\API testing\surveyQA\surveyQA\survey_QA\target/allure-results"/>
    <property name="user.home" value="C:\Users\user"/>
    <property name="user.language" value="en"/>
    <property name="java.specification.vendor" value="Oracle Corporation"/>
    <property name="java.version.date" value="2024-07-16"/>
    <property name="java.home" value="D:\Program Files\Java\jdk-11.0.24_windows-x64_bin\jdk-11.0.24"/>
    <property name="file.separator" value="\"/>
    <property name="basedir" value="D:\Program Files\API testing\surveyQA\surveyQA\survey_QA"/>
    <property name="java.vm.compressedOopsMode" value="Zero based"/>
    <property name="line.separator" value="&#10;"/>
    <property name="java.specification.name" value="Java Platform API Specification"/>
    <property name="java.vm.specification.vendor" value="Oracle Corporation"/>
    <property name="java.awt.graphicsenv" value="sun.awt.Win32GraphicsEnvironment"/>
    <property name="surefire.real.class.path" value="C:\Users\user\AppData\Local\Temp\surefire14506977628009019051\surefirebooter-20250224121224336_3.jar"/>
    <property name="user.script" value=""/>
    <property name="sun.management.compiler" value="HotSpot 64-Bit Tiered Compilers"/>
    <property name="java.runtime.version" value="11.0.24+7-LTS-271"/>
    <property name="user.name" value="user"/>
    <property name="path.separator" value=";"/>
    <property name="gatling.skip" value="true"/>
    <property name="os.version" value="10.0"/>
    <property name="java.runtime.name" value="Java(TM) SE Runtime Environment"/>
    <property name="file.encoding" value="Cp1250"/>
    <property name="java.vm.name" value="Java HotSpot(TM) 64-Bit Server VM"/>
    <property name="java.vendor.version" value="18.9"/>
    <property name="localRepository" value="C:\Users\user\.m2\repository"/>
    <property name="java.vendor.url.bug" value="https://bugreport.java.com/bugreport/"/>
    <property name="java.io.tmpdir" value="C:\Users\user\AppData\Local\Temp\"/>
    <property name="java.version" value="11.0.24"/>
    <property name="user.dir" value="D:\Program Files\API testing\surveyQA\surveyQA\survey_QA"/>
    <property name="os.arch" value="amd64"/>
    <property name="java.vm.specification.name" value="Java Virtual Machine Specification"/>
    <property name="java.awt.printerjob" value="sun.awt.windows.WPrinterJob"/>
    <property name="sun.os.patch.level" value=""/>
    <property name="java.library.path" value="D:\Program Files\Java\jdk-11.0.24_windows-x64_bin\jdk-11.0.24\bin;C:\WINDOWS\Sun\Java\bin;C:\WINDOWS\system32;C:\WINDOWS;$env:JAVA_HOME\bin;D:\Program Files\Java\jdk-11.0.24_windows-x64_bin\jdk-11.0.24\bin;C:\Python312\Scripts\;C:\Python312\;C:\WINDOWS\system32;C:\WINDOWS;C:\WINDOWS\System32\Wbem;C:\WINDOWS\System32\WindowsPowerShell\v1.0\;C:\WINDOWS\System32\OpenSSH\;C:\Program Files (x86)\NVIDIA Corporation\PhysX\Common;C:\Program Files\wooting-analog-sdk\;C:\Users\user\.jdks\openjdk-22.0.1\bin;D:\Program Files\apache-maven-3.9.6\bin;D:\Program Files\Git\cmd;D:\webdrivers;C:\Program Files\NVIDIA Corporation\NVIDIA app\NvDLISR;C:\Program Files\nodejs\;C:\ProgramData\chocolatey\bin;C:\Users\user\AppData\Local\Android\Sdk\tools\bin;C:\Users\user\AppData\Local\Android\Sdk\tools;C:\Users\user\AppData\Local\Android\Sdk\platform-tools;C:\Program Files\nodejs\node_modules\npm\bin;C:\Program Files\Docker\Docker\resources\bin;&quot;D:\Program Files\Java\jdk-11.0.24_windows-x64_bin\jdk-11.0.24\bin;&quot;;C:\Users\user\scoop\apps\allure\current\bin;D:\Program Files\Java\jdk-11.0.24_windows-x64_bin\jdk-11.0.24\bin;C:\Python312\Scripts\;C:\Python312\;C:\WINDOWS\system32;C:\WINDOWS;C:\WINDOWS\System32\Wbem;C:\WINDOWS\System32\WindowsPowerShell\v1.0\;C:\WINDOWS\System32\OpenSSH\;C:\Program Files (x86)\NVIDIA Corporation\PhysX\Common;C:\Program Files\wooting-analog-sdk\;C:\Users\user\.jdks\openjdk-22.0.1\bin;D:\Program Files\apache-maven-3.9.6\bin;D:\Program Files\Git\cmd;D:\webdrivers;C:\Program Files\NVIDIA Corporation\NVIDIA app\NvDLISR;C:\Program Files\nodejs\;C:\ProgramData\chocolatey\bin;C:\Users\user\AppData\Local\Android\Sdk\tools\bin;C:\Users\user\AppData\Local\Android\Sdk\tools;C:\Users\user\AppData\Local\Android\Sdk\platform-tools;C:\Program Files\nodejs\node_modules\npm\bin;C:\Program Files\Docker\Docker\resources\bin;&quot;D:\Program Files\Java\jdk-11.0.24_windows-x64_bin\jdk-11.0.24\bin;&quot;;D:\Program Files\Allure\bin;D:\Program Files\API testing\surveyQA\surveyQA\survey_QA\src\test\java\resources\tools\allure-cli\bin;C:\Users\user\AppData\Local\Microsoft\WindowsApps;D:\Program Files\Microsoft VS Code\bin;D:\Program Files\IntelliJ IDEA 2024.1\bin;D:\webdrivers;C:\Users\user\AppData\Local\Programs\Ollama;C:\Users\user\AppData\Roaming\npm;C:\Users\user\scoop\shims;C:\Users\user\scoop\apps\scoop\current\bin;C:\Users\user\scoop\apps\allure\current\bin;;."/>
    <property name="java.vendor" value="Oracle Corporation"/>
    <property name="java.vm.info" value="mixed mode"/>
    <property name="java.vm.version" value="11.0.24+7-LTS-271"/>
    <property name="java.specification.maintenance.version" value="2"/>
    <property name="sun.io.unicode.encoding" value="UnicodeLittle"/>
    <property name="java.class.version" value="55.0"/>
  </properties>
  <testcase name="testMembersOfSurveyRejected1Unit" classname="tests.unit.MembersOfSurveyUnitTest" time="0.01"/>
  <testcase name="testMembersOfSurveyCompleted1Unit" classname="tests.unit.MembersOfSurveyUnitTest" time="0.009"/>
  <testcase name="testMembersOfSurveyNotAsked1Unit" classname="tests.unit.MembersOfSurveyUnitTest" time="0.004"/>
  <testcase name="testMembersOfSurveyFiltered1Unit" classname="tests.unit.MembersOfSurveyUnitTest" time="0.009"/>
</testsuite>