<?xml version="1.0" encoding="UTF-8"?>
<testsuite xmlns:xsi="http://www.w3.org/2001/XMLSchema-instance" xsi:noNamespaceSchemaLocation="https://maven.apache.org/surefire/maven-surefire-plugin/xsd/surefire-test-report.xsd" version="3.0.2" name="tests.integration.SurveyPointsTest" time="7.47" tests="6" errors="0" skipped="0" failures="0">
  <properties>
    <property name="sun.desktop" value="windows"/>
    <property name="awt.toolkit" value="sun.awt.windows.WToolkit"/>
    <property name="java.specification.version" value="11"/>
    <property name="sun.cpu.isalist" value="amd64"/>
    <property name="sun.jnu.encoding" value="Cp1250"/>
    <property name="java.class.path" value="D:\Program Files\API testing\surveyQA\surveyQA\survey_QA\target\test-classes;D:\Program Files\API testing\surveyQA\surveyQA\survey_QA\target\classes;C:\Users\user\.m2\repository\org\junit\jupiter\junit-jupiter\5.10.0\junit-jupiter-5.10.0.jar;C:\Users\user\.m2\repository\org\junit\jupiter\junit-jupiter-api\5.10.0\junit-jupiter-api-5.10.0.jar;C:\Users\user\.m2\repository\org\opentest4j\opentest4j\1.3.0\opentest4j-1.3.0.jar;C:\Users\user\.m2\repository\org\junit\platform\junit-platform-commons\1.10.0\junit-platform-commons-1.10.0.jar;C:\Users\user\.m2\repository\org\apiguardian\apiguardian-api\1.1.2\apiguardian-api-1.1.2.jar;C:\Users\user\.m2\repository\org\junit\jupiter\junit-jupiter-params\5.10.0\junit-jupiter-params-5.10.0.jar;C:\Users\user\.m2\repository\org\junit\jupiter\junit-jupiter-engine\5.10.0\junit-jupiter-engine-5.10.0.jar;C:\Users\user\.m2\repository\org\junit\platform\junit-platform-engine\1.10.0\junit-platform-engine-1.10.0.jar;C:\Users\user\.m2\repository\io\qameta\allure\allure-junit5\2.24.0\allure-junit5-2.24.0.jar;C:\Users\user\.m2\repository\io\qameta\allure\allure-junit-platform\2.24.0\allure-junit-platform-2.24.0.jar;C:\Users\user\.m2\repository\io\qameta\allure\allure-java-commons\2.24.0\allure-java-commons-2.24.0.jar;C:\Users\user\.m2\repository\io\qameta\allure\allure-model\2.24.0\allure-model-2.24.0.jar;C:\Users\user\.m2\repository\io\qameta\allure\allure-test-filter\2.24.0\allure-test-filter-2.24.0.jar;C:\Users\user\.m2\repository\org\junit\platform\junit-platform-launcher\1.9.2\junit-platform-launcher-1.9.2.jar;C:\Users\user\.m2\repository\io\rest-assured\rest-assured\5.3.0\rest-assured-5.3.0.jar;C:\Users\user\.m2\repository\org\apache\groovy\groovy\4.0.6\groovy-4.0.6.jar;C:\Users\user\.m2\repository\org\apache\groovy\groovy-xml\4.0.6\groovy-xml-4.0.6.jar;C:\Users\user\.m2\repository\org\apache\httpcomponents\httpclient\4.5.13\httpclient-4.5.13.jar;C:\Users\user\.m2\repository\org\apache\httpcomponents\httpcore\4.4.13\httpcore-4.4.13.jar;C:\Users\user\.m2\repository\commons-logging\commons-logging\1.2\commons-logging-1.2.jar;C:\Users\user\.m2\repository\commons-codec\commons-codec\1.11\commons-codec-1.11.jar;C:\Users\user\.m2\repository\org\apache\httpcomponents\httpmime\4.5.13\httpmime-4.5.13.jar;C:\Users\user\.m2\repository\org\hamcrest\hamcrest\2.1\hamcrest-2.1.jar;C:\Users\user\.m2\repository\org\ccil\cowan\tagsoup\tagsoup\1.2.1\tagsoup-1.2.1.jar;C:\Users\user\.m2\repository\io\rest-assured\xml-path\5.3.0\xml-path-5.3.0.jar;C:\Users\user\.m2\repository\org\apache\commons\commons-lang3\3.11\commons-lang3-3.11.jar;C:\Users\user\.m2\repository\io\qameta\allure\allure-rest-assured\2.24.0\allure-rest-assured-2.24.0.jar;C:\Users\user\.m2\repository\io\qameta\allure\allure-attachments\2.24.0\allure-attachments-2.24.0.jar;C:\Users\user\.m2\repository\org\freemarker\freemarker\2.3.31\freemarker-2.3.31.jar;C:\Users\user\.m2\repository\org\slf4j\slf4j-api\1.7.32\slf4j-api-1.7.32.jar;C:\Users\user\.m2\repository\ch\qos\logback\logback-classic\1.2.6\logback-classic-1.2.6.jar;C:\Users\user\.m2\repository\ch\qos\logback\logback-core\1.2.6\logback-core-1.2.6.jar;C:\Users\user\.m2\repository\org\apache\commons\commons-csv\1.9.0\commons-csv-1.9.0.jar;C:\Users\user\.m2\repository\io\rest-assured\json-path\5.1.1\json-path-5.1.1.jar;C:\Users\user\.m2\repository\org\apache\groovy\groovy-json\4.0.1\groovy-json-4.0.1.jar;C:\Users\user\.m2\repository\io\rest-assured\rest-assured-common\5.1.1\rest-assured-common-5.1.1.jar;C:\Users\user\.m2\repository\io\rest-assured\json-schema-validator\5.3.0\json-schema-validator-5.3.0.jar;C:\Users\user\.m2\repository\com\github\java-json-tools\json-schema-validator\2.2.14\json-schema-validator-2.2.14.jar;C:\Users\user\.m2\repository\com\google\guava\guava\28.2-android\guava-28.2-android.jar;C:\Users\user\.m2\repository\com\google\guava\failureaccess\1.0.1\failureaccess-1.0.1.jar;C:\Users\user\.m2\repository\com\google\guava\listenablefuture\9999.0-empty-to-avoid-conflict-with-guava\listenablefuture-9999.0-empty-to-avoid-conflict-with-guava.jar;C:\Users\user\.m2\repository\org\checkerframework\checker-compat-qual\2.5.5\checker-compat-qual-2.5.5.jar;C:\Users\user\.m2\repository\com\google\j2objc\j2objc-annotations\1.3\j2objc-annotations-1.3.jar;C:\Users\user\.m2\repository\com\github\java-json-tools\jackson-coreutils-equivalence\1.0\jackson-coreutils-equivalence-1.0.jar;C:\Users\user\.m2\repository\com\github\java-json-tools\jackson-coreutils\2.0\jackson-coreutils-2.0.jar;C:\Users\user\.m2\repository\com\github\java-json-tools\msg-simple\1.2\msg-simple-1.2.jar;C:\Users\user\.m2\repository\com\github\java-json-tools\btf\1.3\btf-1.3.jar;C:\Users\user\.m2\repository\com\github\java-json-tools\json-schema-core\1.2.14\json-schema-core-1.2.14.jar;C:\Users\user\.m2\repository\com\github\java-json-tools\uri-template\0.10\uri-template-0.10.jar;C:\Users\user\.m2\repository\org\mozilla\rhino\1.7.7.2\rhino-1.7.7.2.jar;C:\Users\user\.m2\repository\com\sun\mail\mailapi\1.6.2\mailapi-1.6.2.jar;C:\Users\user\.m2\repository\joda-time\joda-time\2.10.5\joda-time-2.10.5.jar;C:\Users\user\.m2\repository\com\googlecode\libphonenumber\libphonenumber\8.11.1\libphonenumber-8.11.1.jar;C:\Users\user\.m2\repository\com\google\code\findbugs\jsr305\3.0.2\jsr305-3.0.2.jar;C:\Users\user\.m2\repository\net\sf\jopt-simple\jopt-simple\5.0.4\jopt-simple-5.0.4.jar;C:\Users\user\.m2\repository\io\gatling\highcharts\gatling-charts-highcharts\3.13.4\gatling-charts-highcharts-3.13.4.jar;C:\Users\user\.m2\repository\org\scala-lang\scala-library\2.13.16\scala-library-2.13.16.jar;C:\Users\user\.m2\repository\io\gatling\gatling-recorder\3.13.4\gatling-recorder-3.13.4.jar;C:\Users\user\.m2\repository\org\scala-lang\modules\scala-swing_2.13\3.0.0\scala-swing_2.13-3.0.0.jar;C:\Users\user\.m2\repository\io\gatling\gatling-recorder-bc-shaded\1.80.0\gatling-recorder-bc-shaded-1.80.0.jar;C:\Users\user\.m2\repository\io\netty\netty-codec-http\4.1.118.Final\netty-codec-http-4.1.118.Final.jar;C:\Users\user\.m2\repository\io\gatling\gatling-app\3.13.4\gatling-app-3.13.4.jar;C:\Users\user\.m2\repository\io\gatling\gatling-core-java\3.13.4\gatling-core-java-3.13.4.jar;C:\Users\user\.m2\repository\net\jodah\typetools\0.6.3\typetools-0.6.3.jar;C:\Users\user\.m2\repository\com\github\spotbugs\spotbugs-annotations\4.9.1\spotbugs-annotations-4.9.1.jar;C:\Users\user\.m2\repository\io\gatling\gatling-http-java\3.13.4\gatling-http-java-3.13.4.jar;C:\Users\user\.m2\repository\io\gatling\gatling-jms\3.13.4\gatling-jms-3.13.4.jar;C:\Users\user\.m2\repository\javax\jms\javax.jms-api\2.0.1\javax.jms-api-2.0.1.jar;C:\Users\user\.m2\repository\com\eatthepath\fast-uuid\0.2.0\fast-uuid-0.2.0.jar;C:\Users\user\.m2\repository\io\gatling\gatling-jms-java\3.13.4\gatling-jms-java-3.13.4.jar;C:\Users\user\.m2\repository\io\gatling\gatling-jdbc\3.13.4\gatling-jdbc-3.13.4.jar;C:\Users\user\.m2\repository\io\gatling\gatling-jdbc-java\3.13.4\gatling-jdbc-java-3.13.4.jar;C:\Users\user\.m2\repository\io\gatling\gatling-redis\3.13.4\gatling-redis-3.13.4.jar;C:\Users\user\.m2\repository\net\debasishg\redisclient_2.13\3.42\redisclient_2.13-3.42.jar;C:\Users\user\.m2\repository\org\apache\commons\commons-pool2\2.8.0\commons-pool2-2.8.0.jar;C:\Users\user\.m2\repository\io\gatling\gatling-redis-java\3.13.4\gatling-redis-java-3.13.4.jar;C:\Users\user\.m2\repository\io\gatling\gatling-charts\3.13.4\gatling-charts-3.13.4.jar;C:\Users\user\.m2\repository\com\tdunning\t-digest\3.3\t-digest-3.3.jar;C:\Users\user\.m2\repository\io\gatling\gatling-core\3.13.4\gatling-core-3.13.4.jar;C:\Users\user\.m2\repository\io\gatling\gatling-netty-util\3.13.4\gatling-netty-util-3.13.4.jar;C:\Users\user\.m2\repository\io\gatling\gatling-shared-util_2.13\0.0.12\gatling-shared-util_2.13-0.0.12.jar;C:\Users\user\.m2\repository\org\scala-lang\modules\scala-collection-compat_2.13\2.12.0\scala-collection-compat_2.13-2.12.0.jar;C:\Users\user\.m2\repository\io\netty\netty-buffer\4.1.118.Final\netty-buffer-4.1.118.Final.jar;C:\Users\user\.m2\repository\io\netty\netty-transport-native-epoll\4.1.118.Final\netty-transport-native-epoll-4.1.118.Final-linux-x86_64.jar;C:\Users\user\.m2\repository\io\netty\netty-transport-classes-epoll\4.1.118.Final\netty-transport-classes-epoll-4.1.118.Final.jar;C:\Users\user\.m2\repository\io\netty\netty-transport-native-epoll\4.1.118.Final\netty-transport-native-epoll-4.1.118.Final-linux-aarch_64.jar;C:\Users\user\.m2\repository\io\netty\incubator\netty-incubator-transport-native-io_uring\0.0.26.Final\netty-incubator-transport-native-io_uring-0.0.26.Final-linux-x86_64.jar;C:\Users\user\.m2\repository\io\netty\incubator\netty-incubator-transport-classes-io_uring\0.0.26.Final\netty-incubator-transport-classes-io_uring-0.0.26.Final.jar;C:\Users\user\.m2\repository\io\netty\incubator\netty-incubator-transport-native-io_uring\0.0.26.Final\netty-incubator-transport-native-io_uring-0.0.26.Final-linux-aarch_64.jar;C:\Users\user\.m2\repository\io\gatling\gatling-quicklens\3.13.4\gatling-quicklens-3.13.4.jar;C:\Users\user\.m2\repository\io\gatling\gatling-commons\3.13.4\gatling-commons-3.13.4.jar;C:\Users\user\.m2\repository\com\typesafe\config\1.4.3\config-1.4.3.jar;C:\Users\user\.m2\repository\io\github\metarank\cfor_2.13\0.3\cfor_2.13-0.3.jar;C:\Users\user\.m2\repository\org\scala-lang\scala-reflect\2.13.10\scala-reflect-2.13.10.jar;C:\Users\user\.m2\repository\com\typesafe\scala-logging\scala-logging_2.13\3.9.5\scala-logging_2.13-3.9.5.jar;C:\Users\user\.m2\repository\io\gatling\gatling-jsonpath\3.13.4\gatling-jsonpath-3.13.4.jar;C:\Users\user\.m2\repository\io\gatling\gatling-shared-model_2.13\0.0.11\gatling-shared-model_2.13-0.0.11.jar;C:\Users\user\.m2\repository\io\suzaku\boopickle_2.13\1.5.0\boopickle_2.13-1.5.0.jar;C:\Users\user\.m2\repository\io\gatling\gatling-shared-cli\0.0.6\gatling-shared-cli-0.0.6.jar;C:\Users\user\.m2\repository\org\simpleflatmapper\lightning-csv\9.0.2\lightning-csv-9.0.2.jar;C:\Users\user\.m2\repository\org\simpleflatmapper\sfm-util\9.0.2\sfm-util-9.0.2.jar;C:\Users\user\.m2\repository\com\github\ben-manes\caffeine\caffeine\3.2.0\caffeine-3.2.0.jar;C:\Users\user\.m2\repository\org\jspecify\jspecify\1.0.0\jspecify-1.0.0.jar;C:\Users\user\.m2\repository\com\google\errorprone\error_prone_annotations\2.36.0\error_prone_annotations-2.36.0.jar;C:\Users\user\.m2\repository\io\pebbletemplates\pebble\3.2.3\pebble-3.2.3.jar;C:\Users\user\.m2\repository\org\unbescape\unbescape\1.1.6.RELEASE\unbescape-1.1.6.RELEASE.jar;C:\Users\user\.m2\repository\org\scala-lang\modules\scala-parser-combinators_2.13\2.4.0\scala-parser-combinators_2.13-2.4.0.jar;C:\Users\user\.m2\repository\com\github\scopt\scopt_2.13\3.7.1\scopt_2.13-3.7.1.jar;C:\Users\user\.m2\repository\io\netty\netty-handler\4.1.118.Final\netty-handler-4.1.118.Final.jar;C:\Users\user\.m2\repository\io\netty\netty-common\4.1.118.Final\netty-common-4.1.118.Final.jar;C:\Users\user\.m2\repository\io\netty\netty-resolver\4.1.118.Final\netty-resolver-4.1.118.Final.jar;C:\Users\user\.m2\repository\io\netty\netty-transport\4.1.118.Final\netty-transport-4.1.118.Final.jar;C:\Users\user\.m2\repository\io\netty\netty-transport-native-unix-common\4.1.118.Final\netty-transport-native-unix-common-4.1.118.Final.jar;C:\Users\user\.m2\repository\io\netty\netty-codec\4.1.118.Final\netty-codec-4.1.118.Final.jar;C:\Users\user\.m2\repository\io\netty\netty-tcnative-classes\2.0.70.Final\netty-tcnative-classes-2.0.70.Final.jar;C:\Users\user\.m2\repository\io\netty\netty-tcnative-boringssl-static\2.0.70.Final\netty-tcnative-boringssl-static-2.0.70.Final.jar;C:\Users\user\.m2\repository\io\netty\netty-tcnative-boringssl-static\2.0.70.Final\netty-tcnative-boringssl-static-2.0.70.Final-linux-x86_64.jar;C:\Users\user\.m2\repository\io\netty\netty-tcnative-boringssl-static\2.0.70.Final\netty-tcnative-boringssl-static-2.0.70.Final-linux-aarch_64.jar;C:\Users\user\.m2\repository\io\netty\netty-tcnative-boringssl-static\2.0.70.Final\netty-tcnative-boringssl-static-2.0.70.Final-osx-x86_64.jar;C:\Users\user\.m2\repository\io\netty\netty-tcnative-boringssl-static\2.0.70.Final\netty-tcnative-boringssl-static-2.0.70.Final-osx-aarch_64.jar;C:\Users\user\.m2\repository\io\netty\netty-tcnative-boringssl-static\2.0.70.Final\netty-tcnative-boringssl-static-2.0.70.Final-windows-x86_64.jar;C:\Users\user\.m2\repository\com\fasterxml\jackson\core\jackson-databind\2.18.2\jackson-databind-2.18.2.jar;C:\Users\user\.m2\repository\com\fasterxml\jackson\core\jackson-annotations\2.18.2\jackson-annotations-2.18.2.jar;C:\Users\user\.m2\repository\com\fasterxml\jackson\core\jackson-core\2.18.2\jackson-core-2.18.2.jar;C:\Users\user\.m2\repository\net\sf\saxon\Saxon-HE\12.5\Saxon-HE-12.5.jar;C:\Users\user\.m2\repository\org\xmlresolver\xmlresolver\6.0.12\xmlresolver-6.0.12.jar;C:\Users\user\.m2\repository\org\xmlresolver\xmlresolver\6.0.12\xmlresolver-6.0.12-data.jar;C:\Users\user\.m2\repository\org\jodd\jodd-lagarto\6.0.6\jodd-lagarto-6.0.6.jar;C:\Users\user\.m2\repository\org\jodd\jodd-util\6.3.0\jodd-util-6.3.0.jar;C:\Users\user\.m2\repository\io\burt\jmespath-jackson\0.6.0\jmespath-jackson-0.6.0.jar;C:\Users\user\.m2\repository\io\burt\jmespath-core\0.6.0\jmespath-core-0.6.0.jar;C:\Users\user\.m2\repository\io\gatling\gatling-http\3.13.4\gatling-http-3.13.4.jar;C:\Users\user\.m2\repository\io\gatling\gatling-http-client\3.13.4\gatling-http-client-3.13.4.jar;C:\Users\user\.m2\repository\io\netty\netty-handler-proxy\4.1.118.Final\netty-handler-proxy-4.1.118.Final.jar;C:\Users\user\.m2\repository\io\netty\netty-codec-socks\4.1.118.Final\netty-codec-socks-4.1.118.Final.jar;C:\Users\user\.m2\repository\io\netty\netty-resolver-dns\4.1.118.Final\netty-resolver-dns-4.1.118.Final.jar;C:\Users\user\.m2\repository\io\netty\netty-codec-dns\4.1.118.Final\netty-codec-dns-4.1.118.Final.jar;C:\Users\user\.m2\repository\io\netty\netty-codec-http2\4.1.118.Final\netty-codec-http2-4.1.118.Final.jar;C:\Users\user\.m2\repository\io\netty\netty-resolver-dns-native-macos\4.1.118.Final\netty-resolver-dns-native-macos-4.1.118.Final-osx-x86_64.jar;C:\Users\user\.m2\repository\io\netty\netty-resolver-dns-classes-macos\4.1.118.Final\netty-resolver-dns-classes-macos-4.1.118.Final.jar;C:\Users\user\.m2\repository\io\netty\netty-resolver-dns-native-macos\4.1.118.Final\netty-resolver-dns-native-macos-4.1.118.Final-osx-aarch_64.jar;C:\Users\user\.m2\repository\com\aayushatharva\brotli4j\brotli4j\1.18.0\brotli4j-1.18.0.jar;C:\Users\user\.m2\repository\com\aayushatharva\brotli4j\service\1.18.0\service-1.18.0.jar;C:\Users\user\.m2\repository\com\aayushatharva\brotli4j\native-linux-x86_64\1.18.0\native-linux-x86_64-1.18.0.jar;C:\Users\user\.m2\repository\com\aayushatharva\brotli4j\native-linux-aarch64\1.18.0\native-linux-aarch64-1.18.0.jar;C:\Users\user\.m2\repository\com\aayushatharva\brotli4j\native-osx-x86_64\1.18.0\native-osx-x86_64-1.18.0.jar;C:\Users\user\.m2\repository\com\aayushatharva\brotli4j\native-osx-aarch64\1.18.0\native-osx-aarch64-1.18.0.jar;C:\Users\user\.m2\repository\com\aayushatharva\brotli4j\native-windows-x86_64\1.18.0\native-windows-x86_64-1.18.0.jar;"/>
    <property name="java.vm.vendor" value="Oracle Corporation"/>
    <property name="sun.arch.data.model" value="64"/>
    <property name="user.variant" value=""/>
    <property name="java.vendor.url" value="https://openjdk.java.net/"/>
    <property name="user.timezone" value="Europe/Budapest"/>
    <property name="java.vm.specification.version" value="11"/>
    <property name="os.name" value="Windows 10"/>
    <property name="sun.java.launcher" value="SUN_STANDARD"/>
    <property name="user.country" value="US"/>
    <property name="sun.boot.library.path" value="D:\Program Files\Java\jdk-11.0.24_windows-x64_bin\jdk-11.0.24\bin"/>
    <property name="sun.java.command" value="C:\Users\user\AppData\Local\Temp\surefire14506977628009019051\surefirebooter-20250224121224336_3.jar C:\Users\user\AppData\Local\Temp\surefire14506977628009019051 2025-02-24T12-12-24_203-jvmRun1 surefire-20250224121224336_1tmp surefire_0-20250224121224336_2tmp"/>
    <property name="jdk.debug" value="release"/>
    <property name="surefire.test.class.path" value="D:\Program Files\API testing\surveyQA\surveyQA\survey_QA\target\test-classes;D:\Program Files\API testing\surveyQA\surveyQA\survey_QA\target\classes;C:\Users\user\.m2\repository\org\junit\jupiter\junit-jupiter\5.10.0\junit-jupiter-5.10.0.jar;C:\Users\user\.m2\repository\org\junit\jupiter\junit-jupiter-api\5.10.0\junit-jupiter-api-5.10.0.jar;C:\Users\user\.m2\repository\org\opentest4j\opentest4j\1.3.0\opentest4j-1.3.0.jar;C:\Users\user\.m2\repository\org\junit\platform\junit-platform-commons\1.10.0\junit-platform-commons-1.10.0.jar;C:\Users\user\.m2\repository\org\apiguardian\apiguardian-api\1.1.2\apiguardian-api-1.1.2.jar;C:\Users\user\.m2\repository\org\junit\jupiter\junit-jupiter-params\5.10.0\junit-jupiter-params-5.10.0.jar;C:\Users\user\.m2\repository\org\junit\jupiter\junit-jupiter-engine\5.10.0\junit-jupiter-engine-5.10.0.jar;C:\Users\user\.m2\repository\org\junit\platform\junit-platform-engine\1.10.0\junit-platform-engine-1.10.0.jar;C:\Users\user\.m2\repository\io\qameta\allure\allure-junit5\2.24.0\allure-junit5-2.24.0.jar;C:\Users\user\.m2\repository\io\qameta\allure\allure-junit-platform\2.24.0\allure-junit-platform-2.24.0.jar;C:\Users\user\.m2\repository\io\qameta\allure\allure-java-commons\2.24.0\allure-java-commons-2.24.0.jar;C:\Users\user\.m2\repository\io\qameta\allure\allure-model\2.24.0\allure-model-2.24.0.jar;C:\Users\user\.m2\repository\io\qameta\allure\allure-test-filter\2.24.0\allure-test-filter-2.24.0.jar;C:\Users\user\.m2\repository\org\junit\platform\junit-platform-launcher\1.9.2\junit-platform-launcher-1.9.2.jar;C:\Users\user\.m2\repository\io\rest-assured\rest-assured\5.3.0\rest-assured-5.3.0.jar;C:\Users\user\.m2\repository\org\apache\groovy\groovy\4.0.6\groovy-4.0.6.jar;C:\Users\user\.m2\repository\org\apache\groovy\groovy-xml\4.0.6\groovy-xml-4.0.6.jar;C:\Users\user\.m2\repository\org\apache\httpcomponents\httpclient\4.5.13\httpclient-4.5.13.jar;C:\Users\user\.m2\repository\org\apache\httpcomponents\httpcore\4.4.13\httpcore-4.4.13.jar;C:\Users\user\.m2\repository\commons-logging\commons-logging\1.2\commons-logging-1.2.jar;C:\Users\user\.m2\repository\commons-codec\commons-codec\1.11\commons-codec-1.11.jar;C:\Users\user\.m2\repository\org\apache\httpcomponents\httpmime\4.5.13\httpmime-4.5.13.jar;C:\Users\user\.m2\repository\org\hamcrest\hamcrest\2.1\hamcrest-2.1.jar;C:\Users\user\.m2\repository\org\ccil\cowan\tagsoup\tagsoup\1.2.1\tagsoup-1.2.1.jar;C:\Users\user\.m2\repository\io\rest-assured\xml-path\5.3.0\xml-path-5.3.0.jar;C:\Users\user\.m2\repository\org\apache\commons\commons-lang3\3.11\commons-lang3-3.11.jar;C:\Users\user\.m2\repository\io\qameta\allure\allure-rest-assured\2.24.0\allure-rest-assured-2.24.0.jar;C:\Users\user\.m2\repository\io\qameta\allure\allure-attachments\2.24.0\allure-attachments-2.24.0.jar;C:\Users\user\.m2\repository\org\freemarker\freemarker\2.3.31\freemarker-2.3.31.jar;C:\Users\user\.m2\repository\org\slf4j\slf4j-api\1.7.32\slf4j-api-1.7.32.jar;C:\Users\user\.m2\repository\ch\qos\logback\logback-classic\1.2.6\logback-classic-1.2.6.jar;C:\Users\user\.m2\repository\ch\qos\logback\logback-core\1.2.6\logback-core-1.2.6.jar;C:\Users\user\.m2\repository\org\apache\commons\commons-csv\1.9.0\commons-csv-1.9.0.jar;C:\Users\user\.m2\repository\io\rest-assured\json-path\5.1.1\json-path-5.1.1.jar;C:\Users\user\.m2\repository\org\apache\groovy\groovy-json\4.0.1\groovy-json-4.0.1.jar;C:\Users\user\.m2\repository\io\rest-assured\rest-assured-common\5.1.1\rest-assured-common-5.1.1.jar;C:\Users\user\.m2\repository\io\rest-assured\json-schema-validator\5.3.0\json-schema-validator-5.3.0.jar;C:\Users\user\.m2\repository\com\github\java-json-tools\json-schema-validator\2.2.14\json-schema-validator-2.2.14.jar;C:\Users\user\.m2\repository\com\google\guava\guava\28.2-android\guava-28.2-android.jar;C:\Users\user\.m2\repository\com\google\guava\failureaccess\1.0.1\failureaccess-1.0.1.jar;C:\Users\user\.m2\repository\com\google\guava\listenablefuture\9999.0-empty-to-avoid-conflict-with-guava\listenablefuture-9999.0-empty-to-avoid-conflict-with-guava.jar;C:\Users\user\.m2\repository\org\checkerframework\checker-compat-qual\2.5.5\checker-compat-qual-2.5.5.jar;C:\Users\user\.m2\repository\com\google\j2objc\j2objc-annotations\1.3\j2objc-annotations-1.3.jar;C:\Users\user\.m2\repository\com\github\java-json-tools\jackson-coreutils-equivalence\1.0\jackson-coreutils-equivalence-1.0.jar;C:\Users\user\.m2\repository\com\github\java-json-tools\jackson-coreutils\2.0\jackson-coreutils-2.0.jar;C:\Users\user\.m2\repository\com\github\java-json-tools\msg-simple\1.2\msg-simple-1.2.jar;C:\Users\user\.m2\repository\com\github\java-json-tools\btf\1.3\btf-1.3.jar;C:\Users\user\.m2\repository\com\github\java-json-tools\json-schema-core\1.2.14\json-schema-core-1.2.14.jar;C:\Users\user\.m2\repository\com\github\java-json-tools\uri-template\0.10\uri-template-0.10.jar;C:\Users\user\.m2\repository\org\mozilla\rhino\1.7.7.2\rhino-1.7.7.2.jar;C:\Users\user\.m2\repository\com\sun\mail\mailapi\1.6.2\mailapi-1.6.2.jar;C:\Users\user\.m2\repository\joda-time\joda-time\2.10.5\joda-time-2.10.5.jar;C:\Users\user\.m2\repository\com\googlecode\libphonenumber\libphonenumber\8.11.1\libphonenumber-8.11.1.jar;C:\Users\user\.m2\repository\com\google\code\findbugs\jsr305\3.0.2\jsr305-3.0.2.jar;C:\Users\user\.m2\repository\net\sf\jopt-simple\jopt-simple\5.0.4\jopt-simple-5.0.4.jar;C:\Users\user\.m2\repository\io\gatling\highcharts\gatling-charts-highcharts\3.13.4\gatling-charts-highcharts-3.13.4.jar;C:\Users\user\.m2\repository\org\scala-lang\scala-library\2.13.16\scala-library-2.13.16.jar;C:\Users\user\.m2\repository\io\gatling\gatling-recorder\3.13.4\gatling-recorder-3.13.4.jar;C:\Users\user\.m2\repository\org\scala-lang\modules\scala-swing_2.13\3.0.0\scala-swing_2.13-3.0.0.jar;C:\Users\user\.m2\repository\io\gatling\gatling-recorder-bc-shaded\1.80.0\gatling-recorder-bc-shaded-1.80.0.jar;C:\Users\user\.m2\repository\io\netty\netty-codec-http\4.1.118.Final\netty-codec-http-4.1.118.Final.jar;C:\Users\user\.m2\repository\io\gatling\gatling-app\3.13.4\gatling-app-3.13.4.jar;C:\Users\user\.m2\repository\io\gatling\gatling-core-java\3.13.4\gatling-core-java-3.13.4.jar;C:\Users\user\.m2\repository\net\jodah\typetools\0.6.3\typetools-0.6.3.jar;C:\Users\user\.m2\repository\com\github\spotbugs\spotbugs-annotations\4.9.1\spotbugs-annotations-4.9.1.jar;C:\Users\user\.m2\repository\io\gatling\gatling-http-java\3.13.4\gatling-http-java-3.13.4.jar;C:\Users\user\.m2\repository\io\gatling\gatling-jms\3.13.4\gatling-jms-3.13.4.jar;C:\Users\user\.m2\repository\javax\jms\javax.jms-api\2.0.1\javax.jms-api-2.0.1.jar;C:\Users\user\.m2\repository\com\eatthepath\fast-uuid\0.2.0\fast-uuid-0.2.0.jar;C:\Users\user\.m2\repository\io\gatling\gatling-jms-java\3.13.4\gatling-jms-java-3.13.4.jar;C:\Users\user\.m2\repository\io\gatling\gatling-jdbc\3.13.4\gatling-jdbc-3.13.4.jar;C:\Users\user\.m2\repository\io\gatling\gatling-jdbc-java\3.13.4\gatling-jdbc-java-3.13.4.jar;C:\Users\user\.m2\repository\io\gatling\gatling-redis\3.13.4\gatling-redis-3.13.4.jar;C:\Users\user\.m2\repository\net\debasishg\redisclient_2.13\3.42\redisclient_2.13-3.42.jar;C:\Users\user\.m2\repository\org\apache\commons\commons-pool2\2.8.0\commons-pool2-2.8.0.jar;C:\Users\user\.m2\repository\io\gatling\gatling-redis-java\3.13.4\gatling-redis-java-3.13.4.jar;C:\Users\user\.m2\repository\io\gatling\gatling-charts\3.13.4\gatling-charts-3.13.4.jar;C:\Users\user\.m2\repository\com\tdunning\t-digest\3.3\t-digest-3.3.jar;C:\Users\user\.m2\repository\io\gatling\gatling-core\3.13.4\gatling-core-3.13.4.jar;C:\Users\user\.m2\repository\io\gatling\gatling-netty-util\3.13.4\gatling-netty-util-3.13.4.jar;C:\Users\user\.m2\repository\io\gatling\gatling-shared-util_2.13\0.0.12\gatling-shared-util_2.13-0.0.12.jar;C:\Users\user\.m2\repository\org\scala-lang\modules\scala-collection-compat_2.13\2.12.0\scala-collection-compat_2.13-2.12.0.jar;C:\Users\user\.m2\repository\io\netty\netty-buffer\4.1.118.Final\netty-buffer-4.1.118.Final.jar;C:\Users\user\.m2\repository\io\netty\netty-transport-native-epoll\4.1.118.Final\netty-transport-native-epoll-4.1.118.Final-linux-x86_64.jar;C:\Users\user\.m2\repository\io\netty\netty-transport-classes-epoll\4.1.118.Final\netty-transport-classes-epoll-4.1.118.Final.jar;C:\Users\user\.m2\repository\io\netty\netty-transport-native-epoll\4.1.118.Final\netty-transport-native-epoll-4.1.118.Final-linux-aarch_64.jar;C:\Users\user\.m2\repository\io\netty\incubator\netty-incubator-transport-native-io_uring\0.0.26.Final\netty-incubator-transport-native-io_uring-0.0.26.Final-linux-x86_64.jar;C:\Users\user\.m2\repository\io\netty\incubator\netty-incubator-transport-classes-io_uring\0.0.26.Final\netty-incubator-transport-classes-io_uring-0.0.26.Final.jar;C:\Users\user\.m2\repository\io\netty\incubator\netty-incubator-transport-native-io_uring\0.0.26.Final\netty-incubator-transport-native-io_uring-0.0.26.Final-linux-aarch_64.jar;C:\Users\user\.m2\repository\io\gatling\gatling-quicklens\3.13.4\gatling-quicklens-3.13.4.jar;C:\Users\user\.m2\repository\io\gatling\gatling-commons\3.13.4\gatling-commons-3.13.4.jar;C:\Users\user\.m2\repository\com\typesafe\config\1.4.3\config-1.4.3.jar;C:\Users\user\.m2\repository\io\github\metarank\cfor_2.13\0.3\cfor_2.13-0.3.jar;C:\Users\user\.m2\repository\org\scala-lang\scala-reflect\2.13.10\scala-reflect-2.13.10.jar;C:\Users\user\.m2\repository\com\typesafe\scala-logging\scala-logging_2.13\3.9.5\scala-logging_2.13-3.9.5.jar;C:\Users\user\.m2\repository\io\gatling\gatling-jsonpath\3.13.4\gatling-jsonpath-3.13.4.jar;C:\Users\user\.m2\repository\io\gatling\gatling-shared-model_2.13\0.0.11\gatling-shared-model_2.13-0.0.11.jar;C:\Users\user\.m2\repository\io\suzaku\boopickle_2.13\1.5.0\boopickle_2.13-1.5.0.jar;C:\Users\user\.m2\repository\io\gatling\gatling-shared-cli\0.0.6\gatling-shared-cli-0.0.6.jar;C:\Users\user\.m2\repository\org\simpleflatmapper\lightning-csv\9.0.2\lightning-csv-9.0.2.jar;C:\Users\user\.m2\repository\org\simpleflatmapper\sfm-util\9.0.2\sfm-util-9.0.2.jar;C:\Users\user\.m2\repository\com\github\ben-manes\caffeine\caffeine\3.2.0\caffeine-3.2.0.jar;C:\Users\user\.m2\repository\org\jspecify\jspecify\1.0.0\jspecify-1.0.0.jar;C:\Users\user\.m2\repository\com\google\errorprone\error_prone_annotations\2.36.0\error_prone_annotations-2.36.0.jar;C:\Users\user\.m2\repository\io\pebbletemplates\pebble\3.2.3\pebble-3.2.3.jar;C:\Users\user\.m2\repository\org\unbescape\unbescape\1.1.6.RELEASE\unbescape-1.1.6.RELEASE.jar;C:\Users\user\.m2\repository\org\scala-lang\modules\scala-parser-combinators_2.13\2.4.0\scala-parser-combinators_2.13-2.4.0.jar;C:\Users\user\.m2\repository\com\github\scopt\scopt_2.13\3.7.1\scopt_2.13-3.7.1.jar;C:\Users\user\.m2\repository\io\netty\netty-handler\4.1.118.Final\netty-handler-4.1.118.Final.jar;C:\Users\user\.m2\repository\io\netty\netty-common\4.1.118.Final\netty-common-4.1.118.Final.jar;C:\Users\user\.m2\repository\io\netty\netty-resolver\4.1.118.Final\netty-resolver-4.1.118.Final.jar;C:\Users\user\.m2\repository\io\netty\netty-transport\4.1.118.Final\netty-transport-4.1.118.Final.jar;C:\Users\user\.m2\repository\io\netty\netty-transport-native-unix-common\4.1.118.Final\netty-transport-native-unix-common-4.1.118.Final.jar;C:\Users\user\.m2\repository\io\netty\netty-codec\4.1.118.Final\netty-codec-4.1.118.Final.jar;C:\Users\user\.m2\repository\io\netty\netty-tcnative-classes\2.0.70.Final\netty-tcnative-classes-2.0.70.Final.jar;C:\Users\user\.m2\repository\io\netty\netty-tcnative-boringssl-static\2.0.70.Final\netty-tcnative-boringssl-static-2.0.70.Final.jar;C:\Users\user\.m2\repository\io\netty\netty-tcnative-boringssl-static\2.0.70.Final\netty-tcnative-boringssl-static-2.0.70.Final-linux-x86_64.jar;C:\Users\user\.m2\repository\io\netty\netty-tcnative-boringssl-static\2.0.70.Final\netty-tcnative-boringssl-static-2.0.70.Final-linux-aarch_64.jar;C:\Users\user\.m2\repository\io\netty\netty-tcnative-boringssl-static\2.0.70.Final\netty-tcnative-boringssl-static-2.0.70.Final-osx-x86_64.jar;C:\Users\user\.m2\repository\io\netty\netty-tcnative-boringssl-static\2.0.70.Final\netty-tcnative-boringssl-static-2.0.70.Final-osx-aarch_64.jar;C:\Users\user\.m2\repository\io\netty\netty-tcnative-boringssl-static\2.0.70.Final\netty-tcnative-boringssl-static-2.0.70.Final-windows-x86_64.jar;C:\Users\user\.m2\repository\com\fasterxml\jackson\core\jackson-databind\2.18.2\jackson-databind-2.18.2.jar;C:\Users\user\.m2\repository\com\fasterxml\jackson\core\jackson-annotations\2.18.2\jackson-annotations-2.18.2.jar;C:\Users\user\.m2\repository\com\fasterxml\jackson\core\jackson-core\2.18.2\jackson-core-2.18.2.jar;C:\Users\user\.m2\repository\net\sf\saxon\Saxon-HE\12.5\Saxon-HE-12.5.jar;C:\Users\user\.m2\repository\org\xmlresolver\xmlresolver\6.0.12\xmlresolver-6.0.12.jar;C:\Users\user\.m2\repository\org\xmlresolver\xmlresolver\6.0.12\xmlresolver-6.0.12-data.jar;C:\Users\user\.m2\repository\org\jodd\jodd-lagarto\6.0.6\jodd-lagarto-6.0.6.jar;C:\Users\user\.m2\repository\org\jodd\jodd-util\6.3.0\jodd-util-6.3.0.jar;C:\Users\user\.m2\repository\io\burt\jmespath-jackson\0.6.0\jmespath-jackson-0.6.0.jar;C:\Users\user\.m2\repository\io\burt\jmespath-core\0.6.0\jmespath-core-0.6.0.jar;C:\Users\user\.m2\repository\io\gatling\gatling-http\3.13.4\gatling-http-3.13.4.jar;C:\Users\user\.m2\repository\io\gatling\gatling-http-client\3.13.4\gatling-http-client-3.13.4.jar;C:\Users\user\.m2\repository\io\netty\netty-handler-proxy\4.1.118.Final\netty-handler-proxy-4.1.118.Final.jar;C:\Users\user\.m2\repository\io\netty\netty-codec-socks\4.1.118.Final\netty-codec-socks-4.1.118.Final.jar;C:\Users\user\.m2\repository\io\netty\netty-resolver-dns\4.1.118.Final\netty-resolver-dns-4.1.118.Final.jar;C:\Users\user\.m2\repository\io\netty\netty-codec-dns\4.1.118.Final\netty-codec-dns-4.1.118.Final.jar;C:\Users\user\.m2\repository\io\netty\netty-codec-http2\4.1.118.Final\netty-codec-http2-4.1.118.Final.jar;C:\Users\user\.m2\repository\io\netty\netty-resolver-dns-native-macos\4.1.118.Final\netty-resolver-dns-native-macos-4.1.118.Final-osx-x86_64.jar;C:\Users\user\.m2\repository\io\netty\netty-resolver-dns-classes-macos\4.1.118.Final\netty-resolver-dns-classes-macos-4.1.118.Final.jar;C:\Users\user\.m2\repository\io\netty\netty-resolver-dns-native-macos\4.1.118.Final\netty-resolver-dns-native-macos-4.1.118.Final-osx-aarch_64.jar;C:\Users\user\.m2\repository\com\aayushatharva\brotli4j\brotli4j\1.18.0\brotli4j-1.18.0.jar;C:\Users\user\.m2\repository\com\aayushatharva\brotli4j\service\1.18.0\service-1.18.0.jar;C:\Users\user\.m2\repository\com\aayushatharva\brotli4j\native-linux-x86_64\1.18.0\native-linux-x86_64-1.18.0.jar;C:\Users\user\.m2\repository\com\aayushatharva\brotli4j\native-linux-aarch64\1.18.0\native-linux-aarch64-1.18.0.jar;C:\Users\user\.m2\repository\com\aayushatharva\brotli4j\native-osx-x86_64\1.18.0\native-osx-x86_64-1.18.0.jar;C:\Users\user\.m2\repository\com\aayushatharva\brotli4j\native-osx-aarch64\1.18.0\native-osx-aarch64-1.18.0.jar;C:\Users\user\.m2\repository\com\aayushatharva\brotli4j\native-windows-x86_64\1.18.0\native-windows-x86_64-1.18.0.jar;"/>
    <property name="sun.cpu.endian" value="little"/>
    <property name="allure.results.directory" value="D:\Program Files\API testing\surveyQA\surveyQA\survey_QA\target/allure-results"/>
    <property name="user.home" value="C:\Users\user"/>
    <property name="user.language" value="en"/>
    <property name="java.specification.vendor" value="Oracle Corporation"/>
    <property name="java.version.date" value="2024-07-16"/>
    <property name="java.home" value="D:\Program Files\Java\jdk-11.0.24_windows-x64_bin\jdk-11.0.24"/>
    <property name="file.separator" value="\"/>
    <property name="basedir" value="D:\Program Files\API testing\surveyQA\surveyQA\survey_QA"/>
    <property name="java.vm.compressedOopsMode" value="Zero based"/>
    <property name="line.separator" value="&#10;"/>
    <property name="java.specification.name" value="Java Platform API Specification"/>
    <property name="java.vm.specification.vendor" value="Oracle Corporation"/>
    <property name="java.awt.graphicsenv" value="sun.awt.Win32GraphicsEnvironment"/>
    <property name="surefire.real.class.path" value="C:\Users\user\AppData\Local\Temp\surefire14506977628009019051\surefirebooter-20250224121224336_3.jar"/>
    <property name="user.script" value=""/>
    <property name="sun.management.compiler" value="HotSpot 64-Bit Tiered Compilers"/>
    <property name="java.runtime.version" value="11.0.24+7-LTS-271"/>
    <property name="user.name" value="user"/>
    <property name="path.separator" value=";"/>
    <property name="gatling.skip" value="true"/>
    <property name="os.version" value="10.0"/>
    <property name="java.runtime.name" value="Java(TM) SE Runtime Environment"/>
    <property name="file.encoding" value="Cp1250"/>
    <property name="java.vm.name" value="Java HotSpot(TM) 64-Bit Server VM"/>
    <property name="java.vendor.version" value="18.9"/>
    <property name="localRepository" value="C:\Users\user\.m2\repository"/>
    <property name="java.vendor.url.bug" value="https://bugreport.java.com/bugreport/"/>
    <property name="java.io.tmpdir" value="C:\Users\user\AppData\Local\Temp\"/>
    <property name="java.version" value="11.0.24"/>
    <property name="user.dir" value="D:\Program Files\API testing\surveyQA\surveyQA\survey_QA"/>
    <property name="os.arch" value="amd64"/>
    <property name="java.vm.specification.name" value="Java Virtual Machine Specification"/>
    <property name="java.awt.printerjob" value="sun.awt.windows.WPrinterJob"/>
    <property name="sun.os.patch.level" value=""/>
    <property name="java.library.path" value="D:\Program Files\Java\jdk-11.0.24_windows-x64_bin\jdk-11.0.24\bin;C:\WINDOWS\Sun\Java\bin;C:\WINDOWS\system32;C:\WINDOWS;$env:JAVA_HOME\bin;D:\Program Files\Java\jdk-11.0.24_windows-x64_bin\jdk-11.0.24\bin;C:\Python312\Scripts\;C:\Python312\;C:\WINDOWS\system32;C:\WINDOWS;C:\WINDOWS\System32\Wbem;C:\WINDOWS\System32\WindowsPowerShell\v1.0\;C:\WINDOWS\System32\OpenSSH\;C:\Program Files (x86)\NVIDIA Corporation\PhysX\Common;C:\Program Files\wooting-analog-sdk\;C:\Users\user\.jdks\openjdk-22.0.1\bin;D:\Program Files\apache-maven-3.9.6\bin;D:\Program Files\Git\cmd;D:\webdrivers;C:\Program Files\NVIDIA Corporation\NVIDIA app\NvDLISR;C:\Program Files\nodejs\;C:\ProgramData\chocolatey\bin;C:\Users\user\AppData\Local\Android\Sdk\tools\bin;C:\Users\user\AppData\Local\Android\Sdk\tools;C:\Users\user\AppData\Local\Android\Sdk\platform-tools;C:\Program Files\nodejs\node_modules\npm\bin;C:\Program Files\Docker\Docker\resources\bin;&quot;D:\Program Files\Java\jdk-11.0.24_windows-x64_bin\jdk-11.0.24\bin;&quot;;C:\Users\user\scoop\apps\allure\current\bin;D:\Program Files\Java\jdk-11.0.24_windows-x64_bin\jdk-11.0.24\bin;C:\Python312\Scripts\;C:\Python312\;C:\WINDOWS\system32;C:\WINDOWS;C:\WINDOWS\System32\Wbem;C:\WINDOWS\System32\WindowsPowerShell\v1.0\;C:\WINDOWS\System32\OpenSSH\;C:\Program Files (x86)\NVIDIA Corporation\PhysX\Common;C:\Program Files\wooting-analog-sdk\;C:\Users\user\.jdks\openjdk-22.0.1\bin;D:\Program Files\apache-maven-3.9.6\bin;D:\Program Files\Git\cmd;D:\webdrivers;C:\Program Files\NVIDIA Corporation\NVIDIA app\NvDLISR;C:\Program Files\nodejs\;C:\ProgramData\chocolatey\bin;C:\Users\user\AppData\Local\Android\Sdk\tools\bin;C:\Users\user\AppData\Local\Android\Sdk\tools;C:\Users\user\AppData\Local\Android\Sdk\platform-tools;C:\Program Files\nodejs\node_modules\npm\bin;C:\Program Files\Docker\Docker\resources\bin;&quot;D:\Program Files\Java\jdk-11.0.24_windows-x64_bin\jdk-11.0.24\bin;&quot;;D:\Program Files\Allure\bin;D:\Program Files\API testing\surveyQA\surveyQA\survey_QA\src\test\java\resources\tools\allure-cli\bin;C:\Users\user\AppData\Local\Microsoft\WindowsApps;D:\Program Files\Microsoft VS Code\bin;D:\Program Files\IntelliJ IDEA 2024.1\bin;D:\webdrivers;C:\Users\user\AppData\Local\Programs\Ollama;C:\Users\user\AppData\Roaming\npm;C:\Users\user\scoop\shims;C:\Users\user\scoop\apps\scoop\current\bin;C:\Users\user\scoop\apps\allure\current\bin;;."/>
    <property name="java.vendor" value="Oracle Corporation"/>
    <property name="java.vm.info" value="mixed mode"/>
    <property name="java.vm.version" value="11.0.24+7-LTS-271"/>
    <property name="java.specification.maintenance.version" value="2"/>
    <property name="sun.io.unicode.encoding" value="UnicodeLittle"/>
    <property name="java.class.version" value="55.0"/>
  </properties>
  <testcase name="testSurveyIds" classname="tests.integration.SurveyPointsTest" time="1.369">
    <system-out><![CDATA[12:12:41.623 [main] INFO api.SurveyPointsApi - Starting validation for status: Survey Id
12:12:41.630 [main] INFO api.SurveyPointsApi - All values for field 'Survey Id' are valid for Member ID: 1
12:12:41.635 [main] INFO api.SurveyPointsApi - All values for field 'Survey Id' are valid for Member ID: 2
12:12:41.641 [main] INFO api.SurveyPointsApi - All values for field 'Survey Id' are valid for Member ID: 3
12:12:41.645 [main] INFO api.SurveyPointsApi - All values for field 'Survey Id' are valid for Member ID: 4
12:12:41.650 [main] INFO api.SurveyPointsApi - All values for field 'Survey Id' are valid for Member ID: 5
12:12:41.655 [main] INFO api.SurveyPointsApi - All values for field 'Survey Id' are valid for Member ID: 6
12:12:41.659 [main] INFO api.SurveyPointsApi - All values for field 'Survey Id' are valid for Member ID: 7
12:12:41.663 [main] INFO api.SurveyPointsApi - All values for field 'Survey Id' are valid for Member ID: 8
12:12:41.668 [main] INFO api.SurveyPointsApi - All values for field 'Survey Id' are valid for Member ID: 9
12:12:41.673 [main] INFO api.SurveyPointsApi - All values for field 'Survey Id' are valid for Member ID: 10
12:12:41.677 [main] INFO api.SurveyPointsApi - All values for field 'Survey Id' are valid for Member ID: 11
12:12:41.682 [main] INFO api.SurveyPointsApi - All values for field 'Survey Id' are valid for Member ID: 12
12:12:41.686 [main] INFO api.SurveyPointsApi - All values for field 'Survey Id' are valid for Member ID: 13
12:12:41.691 [main] INFO api.SurveyPointsApi - All values for field 'Survey Id' are valid for Member ID: 14
12:12:41.696 [main] INFO api.SurveyPointsApi - All values for field 'Survey Id' are valid for Member ID: 15
12:12:41.701 [main] INFO api.SurveyPointsApi - All values for field 'Survey Id' are valid for Member ID: 16
12:12:41.706 [main] INFO api.SurveyPointsApi - All values for field 'Survey Id' are valid for Member ID: 17
12:12:41.711 [main] INFO api.SurveyPointsApi - All values for field 'Survey Id' are valid for Member ID: 18
12:12:41.716 [main] INFO api.SurveyPointsApi - All values for field 'Survey Id' are valid for Member ID: 19
12:12:41.724 [main] INFO api.SurveyPointsApi - All values for field 'Survey Id' are valid for Member ID: 20
12:12:41.729 [main] INFO api.SurveyPointsApi - All values for field 'Survey Id' are valid for Member ID: 21
12:12:41.734 [main] INFO api.SurveyPointsApi - All values for field 'Survey Id' are valid for Member ID: 22
12:12:41.738 [main] INFO api.SurveyPointsApi - All values for field 'Survey Id' are valid for Member ID: 23
12:12:41.743 [main] INFO api.SurveyPointsApi - All values for field 'Survey Id' are valid for Member ID: 24
12:12:41.748 [main] INFO api.SurveyPointsApi - All values for field 'Survey Id' are valid for Member ID: 25
12:12:41.753 [main] INFO api.SurveyPointsApi - All values for field 'Survey Id' are valid for Member ID: 26
12:12:41.757 [main] INFO api.SurveyPointsApi - All values for field 'Survey Id' are valid for Member ID: 27
12:12:41.762 [main] INFO api.SurveyPointsApi - All values for field 'Survey Id' are valid for Member ID: 28
12:12:41.766 [main] INFO api.SurveyPointsApi - All values for field 'Survey Id' are valid for Member ID: 29
12:12:41.771 [main] INFO api.SurveyPointsApi - All values for field 'Survey Id' are valid for Member ID: 30
12:12:41.775 [main] INFO api.SurveyPointsApi - All values for field 'Survey Id' are valid for Member ID: 31
12:12:41.779 [main] INFO api.SurveyPointsApi - All values for field 'Survey Id' are valid for Member ID: 32
12:12:41.784 [main] INFO api.SurveyPointsApi - All values for field 'Survey Id' are valid for Member ID: 33
12:12:41.788 [main] INFO api.SurveyPointsApi - All values for field 'Survey Id' are valid for Member ID: 34
12:12:41.792 [main] INFO api.SurveyPointsApi - All values for field 'Survey Id' are valid for Member ID: 35
12:12:41.797 [main] INFO api.SurveyPointsApi - All values for field 'Survey Id' are valid for Member ID: 36
12:12:41.801 [main] INFO api.SurveyPointsApi - All values for field 'Survey Id' are valid for Member ID: 37
12:12:41.805 [main] INFO api.SurveyPointsApi - All values for field 'Survey Id' are valid for Member ID: 38
12:12:41.810 [main] INFO api.SurveyPointsApi - All values for field 'Survey Id' are valid for Member ID: 39
12:12:41.814 [main] INFO api.SurveyPointsApi - All values for field 'Survey Id' are valid for Member ID: 40
12:12:41.819 [main] INFO api.SurveyPointsApi - All values for field 'Survey Id' are valid for Member ID: 41
12:12:41.823 [main] INFO api.SurveyPointsApi - All values for field 'Survey Id' are valid for Member ID: 42
12:12:41.827 [main] INFO api.SurveyPointsApi - All values for field 'Survey Id' are valid for Member ID: 43
12:12:41.831 [main] INFO api.SurveyPointsApi - All values for field 'Survey Id' are valid for Member ID: 44
12:12:41.836 [main] INFO api.SurveyPointsApi - All values for field 'Survey Id' are valid for Member ID: 45
12:12:41.840 [main] INFO api.SurveyPointsApi - All values for field 'Survey Id' are valid for Member ID: 46
12:12:41.845 [main] INFO api.SurveyPointsApi - All values for field 'Survey Id' are valid for Member ID: 47
12:12:41.849 [main] INFO api.SurveyPointsApi - All values for field 'Survey Id' are valid for Member ID: 48
12:12:41.854 [main] INFO api.SurveyPointsApi - All values for field 'Survey Id' are valid for Member ID: 49
12:12:41.859 [main] INFO api.SurveyPointsApi - All values for field 'Survey Id' are valid for Member ID: 50
12:12:41.863 [main] INFO api.SurveyPointsApi - All values for field 'Survey Id' are valid for Member ID: 51
12:12:41.868 [main] INFO api.SurveyPointsApi - All values for field 'Survey Id' are valid for Member ID: 52
12:12:41.873 [main] INFO api.SurveyPointsApi - All values for field 'Survey Id' are valid for Member ID: 53
12:12:41.877 [main] INFO api.SurveyPointsApi - All values for field 'Survey Id' are valid for Member ID: 54
12:12:41.882 [main] INFO api.SurveyPointsApi - All values for field 'Survey Id' are valid for Member ID: 55
12:12:41.886 [main] INFO api.SurveyPointsApi - All values for field 'Survey Id' are valid for Member ID: 56
12:12:41.891 [main] INFO api.SurveyPointsApi - All values for field 'Survey Id' are valid for Member ID: 57
12:12:41.896 [main] INFO api.SurveyPointsApi - All values for field 'Survey Id' are valid for Member ID: 58
12:12:41.900 [main] INFO api.SurveyPointsApi - All values for field 'Survey Id' are valid for Member ID: 59
12:12:41.905 [main] INFO api.SurveyPointsApi - All values for field 'Survey Id' are valid for Member ID: 60
12:12:41.909 [main] INFO api.SurveyPointsApi - All values for field 'Survey Id' are valid for Member ID: 61
12:12:41.914 [main] INFO api.SurveyPointsApi - All values for field 'Survey Id' are valid for Member ID: 62
12:12:41.918 [main] INFO api.SurveyPointsApi - All values for field 'Survey Id' are valid for Member ID: 63
12:12:41.923 [main] INFO api.SurveyPointsApi - All values for field 'Survey Id' are valid for Member ID: 64
12:12:41.927 [main] INFO api.SurveyPointsApi - All values for field 'Survey Id' are valid for Member ID: 65
12:12:41.932 [main] INFO api.SurveyPointsApi - All values for field 'Survey Id' are valid for Member ID: 66
12:12:41.936 [main] INFO api.SurveyPointsApi - All values for field 'Survey Id' are valid for Member ID: 67
12:12:41.941 [main] INFO api.SurveyPointsApi - All values for field 'Survey Id' are valid for Member ID: 68
12:12:41.945 [main] INFO api.SurveyPointsApi - All values for field 'Survey Id' are valid for Member ID: 69
12:12:41.950 [main] INFO api.SurveyPointsApi - All values for field 'Survey Id' are valid for Member ID: 70
12:12:41.954 [main] INFO api.SurveyPointsApi - All values for field 'Survey Id' are valid for Member ID: 71
12:12:41.959 [main] INFO api.SurveyPointsApi - All values for field 'Survey Id' are valid for Member ID: 72
12:12:41.963 [main] INFO api.SurveyPointsApi - All values for field 'Survey Id' are valid for Member ID: 73
12:12:41.967 [main] INFO api.SurveyPointsApi - All values for field 'Survey Id' are valid for Member ID: 74
12:12:41.971 [main] INFO api.SurveyPointsApi - All values for field 'Survey Id' are valid for Member ID: 75
12:12:41.975 [main] INFO api.SurveyPointsApi - All values for field 'Survey Id' are valid for Member ID: 76
12:12:41.980 [main] INFO api.SurveyPointsApi - All values for field 'Survey Id' are valid for Member ID: 77
12:12:41.984 [main] INFO api.SurveyPointsApi - All values for field 'Survey Id' are valid for Member ID: 78
12:12:41.988 [main] INFO api.SurveyPointsApi - All values for field 'Survey Id' are valid for Member ID: 79
12:12:41.993 [main] INFO api.SurveyPointsApi - All values for field 'Survey Id' are valid for Member ID: 80
12:12:41.997 [main] INFO api.SurveyPointsApi - All values for field 'Survey Id' are valid for Member ID: 81
12:12:42.001 [main] INFO api.SurveyPointsApi - All values for field 'Survey Id' are valid for Member ID: 82
12:12:42.006 [main] INFO api.SurveyPointsApi - All values for field 'Survey Id' are valid for Member ID: 83
12:12:42.013 [main] INFO api.SurveyPointsApi - All values for field 'Survey Id' are valid for Member ID: 84
12:12:42.018 [main] INFO api.SurveyPointsApi - All values for field 'Survey Id' are valid for Member ID: 85
12:12:42.023 [main] INFO api.SurveyPointsApi - All values for field 'Survey Id' are valid for Member ID: 86
12:12:42.027 [main] INFO api.SurveyPointsApi - All values for field 'Survey Id' are valid for Member ID: 87
12:12:42.031 [main] INFO api.SurveyPointsApi - All values for field 'Survey Id' are valid for Member ID: 88
12:12:42.036 [main] INFO api.SurveyPointsApi - All values for field 'Survey Id' are valid for Member ID: 89
12:12:42.040 [main] INFO api.SurveyPointsApi - All values for field 'Survey Id' are valid for Member ID: 90
12:12:42.044 [main] INFO api.SurveyPointsApi - All values for field 'Survey Id' are valid for Member ID: 91
12:12:42.049 [main] INFO api.SurveyPointsApi - All values for field 'Survey Id' are valid for Member ID: 92
12:12:42.054 [main] INFO api.SurveyPointsApi - All values for field 'Survey Id' are valid for Member ID: 93
12:12:42.059 [main] INFO api.SurveyPointsApi - All values for field 'Survey Id' are valid for Member ID: 94
12:12:42.063 [main] INFO api.SurveyPointsApi - All values for field 'Survey Id' are valid for Member ID: 95
12:12:42.068 [main] INFO api.SurveyPointsApi - All values for field 'Survey Id' are valid for Member ID: 96
12:12:42.073 [main] INFO api.SurveyPointsApi - All values for field 'Survey Id' are valid for Member ID: 97
12:12:42.078 [main] INFO api.SurveyPointsApi - All values for field 'Survey Id' are valid for Member ID: 98
12:12:42.083 [main] INFO api.SurveyPointsApi - All values for field 'Survey Id' are valid for Member ID: 99
12:12:42.087 [main] INFO api.SurveyPointsApi - All values for field 'Survey Id' are valid for Member ID: 100
12:12:42.092 [main] INFO api.SurveyPointsApi - All values for field 'Survey Id' are valid for Member ID: 101
12:12:42.096 [main] INFO api.SurveyPointsApi - All values for field 'Survey Id' are valid for Member ID: 102
12:12:42.101 [main] INFO api.SurveyPointsApi - All values for field 'Survey Id' are valid for Member ID: 103
12:12:42.105 [main] INFO api.SurveyPointsApi - All values for field 'Survey Id' are valid for Member ID: 104
12:12:42.110 [main] INFO api.SurveyPointsApi - All values for field 'Survey Id' are valid for Member ID: 105
12:12:42.115 [main] INFO api.SurveyPointsApi - All values for field 'Survey Id' are valid for Member ID: 106
12:12:42.119 [main] INFO api.SurveyPointsApi - All values for field 'Survey Id' are valid for Member ID: 107
12:12:42.124 [main] INFO api.SurveyPointsApi - All values for field 'Survey Id' are valid for Member ID: 108
12:12:42.129 [main] INFO api.SurveyPointsApi - All values for field 'Survey Id' are valid for Member ID: 109
12:12:42.133 [main] INFO api.SurveyPointsApi - All values for field 'Survey Id' are valid for Member ID: 110
12:12:42.137 [main] INFO api.SurveyPointsApi - All values for field 'Survey Id' are valid for Member ID: 111
12:12:42.142 [main] INFO api.SurveyPointsApi - All values for field 'Survey Id' are valid for Member ID: 112
12:12:42.146 [main] INFO api.SurveyPointsApi - All values for field 'Survey Id' are valid for Member ID: 113
12:12:42.151 [main] INFO api.SurveyPointsApi - All values for field 'Survey Id' are valid for Member ID: 114
12:12:42.155 [main] INFO api.SurveyPointsApi - All values for field 'Survey Id' are valid for Member ID: 115
12:12:42.159 [main] INFO api.SurveyPointsApi - All values for field 'Survey Id' are valid for Member ID: 116
12:12:42.164 [main] INFO api.SurveyPointsApi - All values for field 'Survey Id' are valid for Member ID: 117
12:12:42.168 [main] INFO api.SurveyPointsApi - All values for field 'Survey Id' are valid for Member ID: 118
12:12:42.173 [main] INFO api.SurveyPointsApi - All values for field 'Survey Id' are valid for Member ID: 119
12:12:42.177 [main] INFO api.SurveyPointsApi - All values for field 'Survey Id' are valid for Member ID: 120
12:12:42.182 [main] INFO api.SurveyPointsApi - All values for field 'Survey Id' are valid for Member ID: 121
12:12:42.186 [main] INFO api.SurveyPointsApi - All values for field 'Survey Id' are valid for Member ID: 122
12:12:42.190 [main] INFO api.SurveyPointsApi - All values for field 'Survey Id' are valid for Member ID: 123
12:12:42.195 [main] INFO api.SurveyPointsApi - All values for field 'Survey Id' are valid for Member ID: 124
12:12:42.199 [main] INFO api.SurveyPointsApi - All values for field 'Survey Id' are valid for Member ID: 125
12:12:42.204 [main] INFO api.SurveyPointsApi - All values for field 'Survey Id' are valid for Member ID: 126
12:12:42.208 [main] INFO api.SurveyPointsApi - All values for field 'Survey Id' are valid for Member ID: 127
12:12:42.213 [main] INFO api.SurveyPointsApi - All values for field 'Survey Id' are valid for Member ID: 128
12:12:42.217 [main] INFO api.SurveyPointsApi - All values for field 'Survey Id' are valid for Member ID: 129
12:12:42.222 [main] INFO api.SurveyPointsApi - All values for field 'Survey Id' are valid for Member ID: 130
12:12:42.226 [main] INFO api.SurveyPointsApi - All values for field 'Survey Id' are valid for Member ID: 131
12:12:42.230 [main] INFO api.SurveyPointsApi - All values for field 'Survey Id' are valid for Member ID: 132
12:12:42.235 [main] INFO api.SurveyPointsApi - All values for field 'Survey Id' are valid for Member ID: 133
12:12:42.239 [main] INFO api.SurveyPointsApi - All values for field 'Survey Id' are valid for Member ID: 134
12:12:42.243 [main] INFO api.SurveyPointsApi - All values for field 'Survey Id' are valid for Member ID: 135
12:12:42.248 [main] INFO api.SurveyPointsApi - All values for field 'Survey Id' are valid for Member ID: 136
12:12:42.253 [main] INFO api.SurveyPointsApi - All values for field 'Survey Id' are valid for Member ID: 137
12:12:42.257 [main] INFO api.SurveyPointsApi - All values for field 'Survey Id' are valid for Member ID: 138
12:12:42.261 [main] INFO api.SurveyPointsApi - All values for field 'Survey Id' are valid for Member ID: 139
12:12:42.266 [main] INFO api.SurveyPointsApi - All values for field 'Survey Id' are valid for Member ID: 140
12:12:42.270 [main] INFO api.SurveyPointsApi - All values for field 'Survey Id' are valid for Member ID: 141
12:12:42.274 [main] INFO api.SurveyPointsApi - All values for field 'Survey Id' are valid for Member ID: 142
12:12:42.279 [main] INFO api.SurveyPointsApi - All values for field 'Survey Id' are valid for Member ID: 143
12:12:42.283 [main] INFO api.SurveyPointsApi - All values for field 'Survey Id' are valid for Member ID: 144
12:12:42.288 [main] INFO api.SurveyPointsApi - All values for field 'Survey Id' are valid for Member ID: 145
12:12:42.292 [main] INFO api.SurveyPointsApi - All values for field 'Survey Id' are valid for Member ID: 146
12:12:42.296 [main] INFO api.SurveyPointsApi - All values for field 'Survey Id' are valid for Member ID: 147
12:12:42.304 [main] INFO api.SurveyPointsApi - All values for field 'Survey Id' are valid for Member ID: 148
12:12:42.308 [main] INFO api.SurveyPointsApi - All values for field 'Survey Id' are valid for Member ID: 149
12:12:42.313 [main] INFO api.SurveyPointsApi - All values for field 'Survey Id' are valid for Member ID: 150
12:12:42.317 [main] INFO api.SurveyPointsApi - All values for field 'Survey Id' are valid for Member ID: 151
12:12:42.322 [main] INFO api.SurveyPointsApi - All values for field 'Survey Id' are valid for Member ID: 152
12:12:42.327 [main] INFO api.SurveyPointsApi - All values for field 'Survey Id' are valid for Member ID: 153
12:12:42.331 [main] INFO api.SurveyPointsApi - All values for field 'Survey Id' are valid for Member ID: 154
12:12:42.336 [main] INFO api.SurveyPointsApi - All values for field 'Survey Id' are valid for Member ID: 155
12:12:42.341 [main] INFO api.SurveyPointsApi - All values for field 'Survey Id' are valid for Member ID: 156
12:12:42.347 [main] INFO api.SurveyPointsApi - All values for field 'Survey Id' are valid for Member ID: 157
12:12:42.352 [main] INFO api.SurveyPointsApi - All values for field 'Survey Id' are valid for Member ID: 158
12:12:42.357 [main] INFO api.SurveyPointsApi - All values for field 'Survey Id' are valid for Member ID: 159
12:12:42.361 [main] INFO api.SurveyPointsApi - All values for field 'Survey Id' are valid for Member ID: 160
12:12:42.366 [main] INFO api.SurveyPointsApi - All values for field 'Survey Id' are valid for Member ID: 161
12:12:42.371 [main] INFO api.SurveyPointsApi - All values for field 'Survey Id' are valid for Member ID: 162
12:12:42.375 [main] INFO api.SurveyPointsApi - All values for field 'Survey Id' are valid for Member ID: 163
12:12:42.380 [main] INFO api.SurveyPointsApi - All values for field 'Survey Id' are valid for Member ID: 164
12:12:42.385 [main] INFO api.SurveyPointsApi - All values for field 'Survey Id' are valid for Member ID: 165
12:12:42.389 [main] INFO api.SurveyPointsApi - All values for field 'Survey Id' are valid for Member ID: 166
12:12:42.394 [main] INFO api.SurveyPointsApi - All values for field 'Survey Id' are valid for Member ID: 167
12:12:42.398 [main] INFO api.SurveyPointsApi - All values for field 'Survey Id' are valid for Member ID: 168
12:12:42.403 [main] INFO api.SurveyPointsApi - All values for field 'Survey Id' are valid for Member ID: 169
12:12:42.407 [main] INFO api.SurveyPointsApi - All values for field 'Survey Id' are valid for Member ID: 170
12:12:42.413 [main] INFO api.SurveyPointsApi - All values for field 'Survey Id' are valid for Member ID: 171
12:12:42.417 [main] INFO api.SurveyPointsApi - All values for field 'Survey Id' are valid for Member ID: 172
12:12:42.422 [main] INFO api.SurveyPointsApi - All values for field 'Survey Id' are valid for Member ID: 173
12:12:42.427 [main] INFO api.SurveyPointsApi - All values for field 'Survey Id' are valid for Member ID: 174
12:12:42.432 [main] INFO api.SurveyPointsApi - All values for field 'Survey Id' are valid for Member ID: 175
12:12:42.437 [main] INFO api.SurveyPointsApi - All values for field 'Survey Id' are valid for Member ID: 176
12:12:42.441 [main] INFO api.SurveyPointsApi - All values for field 'Survey Id' are valid for Member ID: 177
12:12:42.447 [main] INFO api.SurveyPointsApi - All values for field 'Survey Id' are valid for Member ID: 178
12:12:42.451 [main] INFO api.SurveyPointsApi - All values for field 'Survey Id' are valid for Member ID: 179
12:12:42.456 [main] INFO api.SurveyPointsApi - All values for field 'Survey Id' are valid for Member ID: 180
12:12:42.461 [main] INFO api.SurveyPointsApi - All values for field 'Survey Id' are valid for Member ID: 181
12:12:42.465 [main] INFO api.SurveyPointsApi - All values for field 'Survey Id' are valid for Member ID: 182
12:12:42.470 [main] INFO api.SurveyPointsApi - All values for field 'Survey Id' are valid for Member ID: 183
12:12:42.475 [main] INFO api.SurveyPointsApi - All values for field 'Survey Id' are valid for Member ID: 184
12:12:42.479 [main] INFO api.SurveyPointsApi - All values for field 'Survey Id' are valid for Member ID: 185
12:12:42.484 [main] INFO api.SurveyPointsApi - All values for field 'Survey Id' are valid for Member ID: 186
12:12:42.489 [main] INFO api.SurveyPointsApi - All values for field 'Survey Id' are valid for Member ID: 187
12:12:42.494 [main] INFO api.SurveyPointsApi - All values for field 'Survey Id' are valid for Member ID: 188
12:12:42.498 [main] INFO api.SurveyPointsApi - All values for field 'Survey Id' are valid for Member ID: 189
12:12:42.503 [main] INFO api.SurveyPointsApi - All values for field 'Survey Id' are valid for Member ID: 190
12:12:42.508 [main] INFO api.SurveyPointsApi - All values for field 'Survey Id' are valid for Member ID: 191
12:12:42.512 [main] INFO api.SurveyPointsApi - All values for field 'Survey Id' are valid for Member ID: 192
12:12:42.517 [main] INFO api.SurveyPointsApi - All values for field 'Survey Id' are valid for Member ID: 193
12:12:42.522 [main] INFO api.SurveyPointsApi - All values for field 'Survey Id' are valid for Member ID: 194
12:12:42.527 [main] INFO api.SurveyPointsApi - All values for field 'Survey Id' are valid for Member ID: 195
12:12:42.531 [main] INFO api.SurveyPointsApi - All values for field 'Survey Id' are valid for Member ID: 196
12:12:42.536 [main] INFO api.SurveyPointsApi - All values for field 'Survey Id' are valid for Member ID: 197
12:12:42.540 [main] INFO api.SurveyPointsApi - All values for field 'Survey Id' are valid for Member ID: 198
12:12:42.545 [main] INFO api.SurveyPointsApi - All values for field 'Survey Id' are valid for Member ID: 199
12:12:42.549 [main] INFO api.SurveyPointsApi - All values for field 'Survey Id' are valid for Member ID: 200
12:12:42.554 [main] INFO api.SurveyPointsApi - All values for field 'Survey Id' are valid for Member ID: 201
12:12:42.558 [main] INFO api.SurveyPointsApi - All values for field 'Survey Id' are valid for Member ID: 202
12:12:42.563 [main] INFO api.SurveyPointsApi - All values for field 'Survey Id' are valid for Member ID: 203
12:12:42.567 [main] INFO api.SurveyPointsApi - All values for field 'Survey Id' are valid for Member ID: 204
12:12:42.571 [main] INFO api.SurveyPointsApi - All values for field 'Survey Id' are valid for Member ID: 205
12:12:42.576 [main] INFO api.SurveyPointsApi - All values for field 'Survey Id' are valid for Member ID: 206
12:12:42.580 [main] INFO api.SurveyPointsApi - All values for field 'Survey Id' are valid for Member ID: 207
12:12:42.584 [main] INFO api.SurveyPointsApi - All values for field 'Survey Id' are valid for Member ID: 208
12:12:42.588 [main] INFO api.SurveyPointsApi - All values for field 'Survey Id' are valid for Member ID: 209
12:12:42.592 [main] INFO api.SurveyPointsApi - All values for field 'Survey Id' are valid for Member ID: 210
12:12:42.596 [main] INFO api.SurveyPointsApi - All values for field 'Survey Id' are valid for Member ID: 211
12:12:42.604 [main] INFO api.SurveyPointsApi - All values for field 'Survey Id' are valid for Member ID: 212
12:12:42.608 [main] INFO api.SurveyPointsApi - All values for field 'Survey Id' are valid for Member ID: 213
12:12:42.612 [main] INFO api.SurveyPointsApi - All values for field 'Survey Id' are valid for Member ID: 214
12:12:42.616 [main] INFO api.SurveyPointsApi - All values for field 'Survey Id' are valid for Member ID: 215
12:12:42.621 [main] INFO api.SurveyPointsApi - All values for field 'Survey Id' are valid for Member ID: 216
12:12:42.625 [main] INFO api.SurveyPointsApi - All values for field 'Survey Id' are valid for Member ID: 217
12:12:42.629 [main] INFO api.SurveyPointsApi - All values for field 'Survey Id' are valid for Member ID: 218
12:12:42.634 [main] INFO api.SurveyPointsApi - All values for field 'Survey Id' are valid for Member ID: 219
12:12:42.638 [main] INFO api.SurveyPointsApi - All values for field 'Survey Id' are valid for Member ID: 220
12:12:42.643 [main] INFO api.SurveyPointsApi - All values for field 'Survey Id' are valid for Member ID: 221
12:12:42.647 [main] INFO api.SurveyPointsApi - All values for field 'Survey Id' are valid for Member ID: 222
12:12:42.651 [main] INFO api.SurveyPointsApi - All values for field 'Survey Id' are valid for Member ID: 223
12:12:42.656 [main] INFO api.SurveyPointsApi - All values for field 'Survey Id' are valid for Member ID: 224
12:12:42.660 [main] INFO api.SurveyPointsApi - All values for field 'Survey Id' are valid for Member ID: 225
12:12:42.665 [main] INFO api.SurveyPointsApi - All values for field 'Survey Id' are valid for Member ID: 226
12:12:42.669 [main] INFO api.SurveyPointsApi - All values for field 'Survey Id' are valid for Member ID: 227
12:12:42.674 [main] INFO api.SurveyPointsApi - All values for field 'Survey Id' are valid for Member ID: 228
12:12:42.678 [main] INFO api.SurveyPointsApi - All values for field 'Survey Id' are valid for Member ID: 229
12:12:42.683 [main] INFO api.SurveyPointsApi - All values for field 'Survey Id' are valid for Member ID: 230
12:12:42.688 [main] INFO api.SurveyPointsApi - All values for field 'Survey Id' are valid for Member ID: 231
12:12:42.692 [main] INFO api.SurveyPointsApi - All values for field 'Survey Id' are valid for Member ID: 232
12:12:42.697 [main] INFO api.SurveyPointsApi - All values for field 'Survey Id' are valid for Member ID: 233
12:12:42.701 [main] INFO api.SurveyPointsApi - All values for field 'Survey Id' are valid for Member ID: 234
12:12:42.706 [main] INFO api.SurveyPointsApi - All values for field 'Survey Id' are valid for Member ID: 235
12:12:42.710 [main] INFO api.SurveyPointsApi - All values for field 'Survey Id' are valid for Member ID: 236
12:12:42.714 [main] INFO api.SurveyPointsApi - All values for field 'Survey Id' are valid for Member ID: 237
12:12:42.719 [main] INFO api.SurveyPointsApi - All values for field 'Survey Id' are valid for Member ID: 238
12:12:42.723 [main] INFO api.SurveyPointsApi - All values for field 'Survey Id' are valid for Member ID: 239
12:12:42.727 [main] INFO api.SurveyPointsApi - All values for field 'Survey Id' are valid for Member ID: 240
12:12:42.732 [main] INFO api.SurveyPointsApi - All values for field 'Survey Id' are valid for Member ID: 241
12:12:42.736 [main] INFO api.SurveyPointsApi - All values for field 'Survey Id' are valid for Member ID: 242
12:12:42.740 [main] INFO api.SurveyPointsApi - All values for field 'Survey Id' are valid for Member ID: 243
12:12:42.745 [main] INFO api.SurveyPointsApi - All values for field 'Survey Id' are valid for Member ID: 244
12:12:42.749 [main] INFO api.SurveyPointsApi - All values for field 'Survey Id' are valid for Member ID: 245
12:12:42.753 [main] INFO api.SurveyPointsApi - All values for field 'Survey Id' are valid for Member ID: 246
12:12:42.758 [main] INFO api.SurveyPointsApi - All values for field 'Survey Id' are valid for Member ID: 247
12:12:42.762 [main] INFO api.SurveyPointsApi - All values for field 'Survey Id' are valid for Member ID: 248
12:12:42.766 [main] INFO api.SurveyPointsApi - All values for field 'Survey Id' are valid for Member ID: 249
12:12:42.771 [main] INFO api.SurveyPointsApi - All values for field 'Survey Id' are valid for Member ID: 250
12:12:42.775 [main] INFO api.SurveyPointsApi - All values for field 'Survey Id' are valid for Member ID: 251
12:12:42.779 [main] INFO api.SurveyPointsApi - All values for field 'Survey Id' are valid for Member ID: 252
12:12:42.784 [main] INFO api.SurveyPointsApi - All values for field 'Survey Id' are valid for Member ID: 253
12:12:42.788 [main] INFO api.SurveyPointsApi - All values for field 'Survey Id' are valid for Member ID: 254
12:12:42.792 [main] INFO api.SurveyPointsApi - All values for field 'Survey Id' are valid for Member ID: 255
12:12:42.796 [main] INFO api.SurveyPointsApi - All values for field 'Survey Id' are valid for Member ID: 256
12:12:42.801 [main] INFO api.SurveyPointsApi - All values for field 'Survey Id' are valid for Member ID: 257
12:12:42.805 [main] INFO api.SurveyPointsApi - All values for field 'Survey Id' are valid for Member ID: 258
12:12:42.809 [main] INFO api.SurveyPointsApi - All values for field 'Survey Id' are valid for Member ID: 259
12:12:42.813 [main] INFO api.SurveyPointsApi - All values for field 'Survey Id' are valid for Member ID: 260
12:12:42.818 [main] INFO api.SurveyPointsApi - All values for field 'Survey Id' are valid for Member ID: 261
12:12:42.822 [main] INFO api.SurveyPointsApi - All values for field 'Survey Id' are valid for Member ID: 262
12:12:42.826 [main] INFO api.SurveyPointsApi - All values for field 'Survey Id' are valid for Member ID: 263
12:12:42.830 [main] INFO api.SurveyPointsApi - All values for field 'Survey Id' are valid for Member ID: 264
12:12:42.835 [main] INFO api.SurveyPointsApi - All values for field 'Survey Id' are valid for Member ID: 265
12:12:42.839 [main] INFO api.SurveyPointsApi - All values for field 'Survey Id' are valid for Member ID: 266
12:12:42.843 [main] INFO api.SurveyPointsApi - All values for field 'Survey Id' are valid for Member ID: 267
12:12:42.847 [main] INFO api.SurveyPointsApi - All values for field 'Survey Id' are valid for Member ID: 268
12:12:42.852 [main] INFO api.SurveyPointsApi - All values for field 'Survey Id' are valid for Member ID: 269
12:12:42.856 [main] INFO api.SurveyPointsApi - All values for field 'Survey Id' are valid for Member ID: 270
12:12:42.861 [main] INFO api.SurveyPointsApi - All values for field 'Survey Id' are valid for Member ID: 271
12:12:42.865 [main] INFO api.SurveyPointsApi - All values for field 'Survey Id' are valid for Member ID: 272
12:12:42.869 [main] INFO api.SurveyPointsApi - All values for field 'Survey Id' are valid for Member ID: 273
12:12:42.873 [main] INFO api.SurveyPointsApi - All values for field 'Survey Id' are valid for Member ID: 274
12:12:42.878 [main] INFO api.SurveyPointsApi - All values for field 'Survey Id' are valid for Member ID: 275
12:12:42.885 [main] INFO api.SurveyPointsApi - All values for field 'Survey Id' are valid for Member ID: 276
12:12:42.889 [main] INFO api.SurveyPointsApi - All values for field 'Survey Id' are valid for Member ID: 277
12:12:42.894 [main] INFO api.SurveyPointsApi - All values for field 'Survey Id' are valid for Member ID: 278
12:12:42.898 [main] INFO api.SurveyPointsApi - All values for field 'Survey Id' are valid for Member ID: 279
12:12:42.902 [main] INFO api.SurveyPointsApi - All values for field 'Survey Id' are valid for Member ID: 280
12:12:42.906 [main] INFO api.SurveyPointsApi - All values for field 'Survey Id' are valid for Member ID: 281
12:12:42.910 [main] INFO api.SurveyPointsApi - All values for field 'Survey Id' are valid for Member ID: 282
12:12:42.915 [main] INFO api.SurveyPointsApi - All values for field 'Survey Id' are valid for Member ID: 283
12:12:42.919 [main] INFO api.SurveyPointsApi - All values for field 'Survey Id' are valid for Member ID: 284
12:12:42.923 [main] INFO api.SurveyPointsApi - All values for field 'Survey Id' are valid for Member ID: 285
12:12:42.927 [main] INFO api.SurveyPointsApi - All values for field 'Survey Id' are valid for Member ID: 286
12:12:42.932 [main] INFO api.SurveyPointsApi - All values for field 'Survey Id' are valid for Member ID: 287
12:12:42.936 [main] INFO api.SurveyPointsApi - All values for field 'Survey Id' are valid for Member ID: 288
12:12:42.940 [main] INFO api.SurveyPointsApi - All values for field 'Survey Id' are valid for Member ID: 289
12:12:42.944 [main] INFO api.SurveyPointsApi - All values for field 'Survey Id' are valid for Member ID: 290
12:12:42.949 [main] INFO api.SurveyPointsApi - All values for field 'Survey Id' are valid for Member ID: 291
12:12:42.953 [main] INFO api.SurveyPointsApi - All values for field 'Survey Id' are valid for Member ID: 292
12:12:42.958 [main] INFO api.SurveyPointsApi - All values for field 'Survey Id' are valid for Member ID: 293
12:12:42.962 [main] INFO api.SurveyPointsApi - All values for field 'Survey Id' are valid for Member ID: 294
12:12:42.967 [main] INFO api.SurveyPointsApi - All values for field 'Survey Id' are valid for Member ID: 295
12:12:42.971 [main] INFO api.SurveyPointsApi - All values for field 'Survey Id' are valid for Member ID: 296
12:12:42.976 [main] INFO api.SurveyPointsApi - All values for field 'Survey Id' are valid for Member ID: 297
12:12:42.981 [main] INFO api.SurveyPointsApi - All values for field 'Survey Id' are valid for Member ID: 298
12:12:42.985 [main] INFO api.SurveyPointsApi - All values for field 'Survey Id' are valid for Member ID: 299
12:12:42.990 [main] INFO api.SurveyPointsApi - All values for field 'Survey Id' are valid for Member ID: 300
]]></system-out>
  </testcase>
  <testcase name="testSurveyFilteredPoints" classname="tests.integration.SurveyPointsTest" time="1.378">
    <system-out><![CDATA[12:12:42.992 [main] INFO api.SurveyPointsApi - Starting validation for status: Filtered points
12:12:42.996 [main] INFO api.SurveyPointsApi - All values for field 'Filtered points' are valid for Member ID: 1
12:12:43.001 [main] INFO api.SurveyPointsApi - All values for field 'Filtered points' are valid for Member ID: 2
12:12:43.006 [main] INFO api.SurveyPointsApi - All values for field 'Filtered points' are valid for Member ID: 3
12:12:43.010 [main] INFO api.SurveyPointsApi - All values for field 'Filtered points' are valid for Member ID: 4
12:12:43.015 [main] INFO api.SurveyPointsApi - All values for field 'Filtered points' are valid for Member ID: 5
12:12:43.020 [main] INFO api.SurveyPointsApi - All values for field 'Filtered points' are valid for Member ID: 6
12:12:43.024 [main] INFO api.SurveyPointsApi - All values for field 'Filtered points' are valid for Member ID: 7
12:12:43.029 [main] INFO api.SurveyPointsApi - All values for field 'Filtered points' are valid for Member ID: 8
12:12:43.034 [main] INFO api.SurveyPointsApi - All values for field 'Filtered points' are valid for Member ID: 9
12:12:43.038 [main] INFO api.SurveyPointsApi - All values for field 'Filtered points' are valid for Member ID: 10
12:12:43.043 [main] INFO api.SurveyPointsApi - All values for field 'Filtered points' are valid for Member ID: 11
12:12:43.048 [main] INFO api.SurveyPointsApi - All values for field 'Filtered points' are valid for Member ID: 12
12:12:43.053 [main] INFO api.SurveyPointsApi - All values for field 'Filtered points' are valid for Member ID: 13
12:12:43.058 [main] INFO api.SurveyPointsApi - All values for field 'Filtered points' are valid for Member ID: 14
12:12:43.063 [main] INFO api.SurveyPointsApi - All values for field 'Filtered points' are valid for Member ID: 15
12:12:43.068 [main] INFO api.SurveyPointsApi - All values for field 'Filtered points' are valid for Member ID: 16
12:12:43.073 [main] INFO api.SurveyPointsApi - All values for field 'Filtered points' are valid for Member ID: 17
12:12:43.077 [main] INFO api.SurveyPointsApi - All values for field 'Filtered points' are valid for Member ID: 18
12:12:43.082 [main] INFO api.SurveyPointsApi - All values for field 'Filtered points' are valid for Member ID: 19
12:12:43.087 [main] INFO api.SurveyPointsApi - All values for field 'Filtered points' are valid for Member ID: 20
12:12:43.092 [main] INFO api.SurveyPointsApi - All values for field 'Filtered points' are valid for Member ID: 21
12:12:43.096 [main] INFO api.SurveyPointsApi - All values for field 'Filtered points' are valid for Member ID: 22
12:12:43.100 [main] INFO api.SurveyPointsApi - All values for field 'Filtered points' are valid for Member ID: 23
12:12:43.105 [main] INFO api.SurveyPointsApi - All values for field 'Filtered points' are valid for Member ID: 24
12:12:43.109 [main] INFO api.SurveyPointsApi - All values for field 'Filtered points' are valid for Member ID: 25
12:12:43.113 [main] INFO api.SurveyPointsApi - All values for field 'Filtered points' are valid for Member ID: 26
12:12:43.117 [main] INFO api.SurveyPointsApi - All values for field 'Filtered points' are valid for Member ID: 27
12:12:43.122 [main] INFO api.SurveyPointsApi - All values for field 'Filtered points' are valid for Member ID: 28
12:12:43.126 [main] INFO api.SurveyPointsApi - All values for field 'Filtered points' are valid for Member ID: 29
12:12:43.130 [main] INFO api.SurveyPointsApi - All values for field 'Filtered points' are valid for Member ID: 30
12:12:43.134 [main] INFO api.SurveyPointsApi - All values for field 'Filtered points' are valid for Member ID: 31
12:12:43.138 [main] INFO api.SurveyPointsApi - All values for field 'Filtered points' are valid for Member ID: 32
12:12:43.143 [main] INFO api.SurveyPointsApi - All values for field 'Filtered points' are valid for Member ID: 33
12:12:43.147 [main] INFO api.SurveyPointsApi - All values for field 'Filtered points' are valid for Member ID: 34
12:12:43.151 [main] INFO api.SurveyPointsApi - All values for field 'Filtered points' are valid for Member ID: 35
12:12:43.155 [main] INFO api.SurveyPointsApi - All values for field 'Filtered points' are valid for Member ID: 36
12:12:43.160 [main] INFO api.SurveyPointsApi - All values for field 'Filtered points' are valid for Member ID: 37
12:12:43.164 [main] INFO api.SurveyPointsApi - All values for field 'Filtered points' are valid for Member ID: 38
12:12:43.168 [main] INFO api.SurveyPointsApi - All values for field 'Filtered points' are valid for Member ID: 39
12:12:43.176 [main] INFO api.SurveyPointsApi - All values for field 'Filtered points' are valid for Member ID: 40
12:12:43.180 [main] INFO api.SurveyPointsApi - All values for field 'Filtered points' are valid for Member ID: 41
12:12:43.184 [main] INFO api.SurveyPointsApi - All values for field 'Filtered points' are valid for Member ID: 42
12:12:43.189 [main] INFO api.SurveyPointsApi - All values for field 'Filtered points' are valid for Member ID: 43
12:12:43.193 [main] INFO api.SurveyPointsApi - All values for field 'Filtered points' are valid for Member ID: 44
12:12:43.197 [main] INFO api.SurveyPointsApi - All values for field 'Filtered points' are valid for Member ID: 45
12:12:43.201 [main] INFO api.SurveyPointsApi - All values for field 'Filtered points' are valid for Member ID: 46
12:12:43.205 [main] INFO api.SurveyPointsApi - All values for field 'Filtered points' are valid for Member ID: 47
12:12:43.209 [main] INFO api.SurveyPointsApi - All values for field 'Filtered points' are valid for Member ID: 48
12:12:43.214 [main] INFO api.SurveyPointsApi - All values for field 'Filtered points' are valid for Member ID: 49
12:12:43.218 [main] INFO api.SurveyPointsApi - All values for field 'Filtered points' are valid for Member ID: 50
12:12:43.223 [main] INFO api.SurveyPointsApi - All values for field 'Filtered points' are valid for Member ID: 51
12:12:43.227 [main] INFO api.SurveyPointsApi - All values for field 'Filtered points' are valid for Member ID: 52
12:12:43.231 [main] INFO api.SurveyPointsApi - All values for field 'Filtered points' are valid for Member ID: 53
12:12:43.235 [main] INFO api.SurveyPointsApi - All values for field 'Filtered points' are valid for Member ID: 54
12:12:43.240 [main] INFO api.SurveyPointsApi - All values for field 'Filtered points' are valid for Member ID: 55
12:12:43.244 [main] INFO api.SurveyPointsApi - All values for field 'Filtered points' are valid for Member ID: 56
12:12:43.248 [main] INFO api.SurveyPointsApi - All values for field 'Filtered points' are valid for Member ID: 57
12:12:43.253 [main] INFO api.SurveyPointsApi - All values for field 'Filtered points' are valid for Member ID: 58
12:12:43.257 [main] INFO api.SurveyPointsApi - All values for field 'Filtered points' are valid for Member ID: 59
12:12:43.261 [main] INFO api.SurveyPointsApi - All values for field 'Filtered points' are valid for Member ID: 60
12:12:43.265 [main] INFO api.SurveyPointsApi - All values for field 'Filtered points' are valid for Member ID: 61
12:12:43.270 [main] INFO api.SurveyPointsApi - All values for field 'Filtered points' are valid for Member ID: 62
12:12:43.274 [main] INFO api.SurveyPointsApi - All values for field 'Filtered points' are valid for Member ID: 63
12:12:43.279 [main] INFO api.SurveyPointsApi - All values for field 'Filtered points' are valid for Member ID: 64
12:12:43.283 [main] INFO api.SurveyPointsApi - All values for field 'Filtered points' are valid for Member ID: 65
12:12:43.288 [main] INFO api.SurveyPointsApi - All values for field 'Filtered points' are valid for Member ID: 66
12:12:43.292 [main] INFO api.SurveyPointsApi - All values for field 'Filtered points' are valid for Member ID: 67
12:12:43.296 [main] INFO api.SurveyPointsApi - All values for field 'Filtered points' are valid for Member ID: 68
12:12:43.301 [main] INFO api.SurveyPointsApi - All values for field 'Filtered points' are valid for Member ID: 69
12:12:43.305 [main] INFO api.SurveyPointsApi - All values for field 'Filtered points' are valid for Member ID: 70
12:12:43.309 [main] INFO api.SurveyPointsApi - All values for field 'Filtered points' are valid for Member ID: 71
12:12:43.314 [main] INFO api.SurveyPointsApi - All values for field 'Filtered points' are valid for Member ID: 72
12:12:43.318 [main] INFO api.SurveyPointsApi - All values for field 'Filtered points' are valid for Member ID: 73
12:12:43.322 [main] INFO api.SurveyPointsApi - All values for field 'Filtered points' are valid for Member ID: 74
12:12:43.326 [main] INFO api.SurveyPointsApi - All values for field 'Filtered points' are valid for Member ID: 75
12:12:43.331 [main] INFO api.SurveyPointsApi - All values for field 'Filtered points' are valid for Member ID: 76
12:12:43.335 [main] INFO api.SurveyPointsApi - All values for field 'Filtered points' are valid for Member ID: 77
12:12:43.339 [main] INFO api.SurveyPointsApi - All values for field 'Filtered points' are valid for Member ID: 78
12:12:43.343 [main] INFO api.SurveyPointsApi - All values for field 'Filtered points' are valid for Member ID: 79
12:12:43.348 [main] INFO api.SurveyPointsApi - All values for field 'Filtered points' are valid for Member ID: 80
12:12:43.352 [main] INFO api.SurveyPointsApi - All values for field 'Filtered points' are valid for Member ID: 81
12:12:43.356 [main] INFO api.SurveyPointsApi - All values for field 'Filtered points' are valid for Member ID: 82
12:12:43.360 [main] INFO api.SurveyPointsApi - All values for field 'Filtered points' are valid for Member ID: 83
12:12:43.365 [main] INFO api.SurveyPointsApi - All values for field 'Filtered points' are valid for Member ID: 84
12:12:43.369 [main] INFO api.SurveyPointsApi - All values for field 'Filtered points' are valid for Member ID: 85
12:12:43.373 [main] INFO api.SurveyPointsApi - All values for field 'Filtered points' are valid for Member ID: 86
12:12:43.377 [main] INFO api.SurveyPointsApi - All values for field 'Filtered points' are valid for Member ID: 87
12:12:43.382 [main] INFO api.SurveyPointsApi - All values for field 'Filtered points' are valid for Member ID: 88
12:12:43.386 [main] INFO api.SurveyPointsApi - All values for field 'Filtered points' are valid for Member ID: 89
12:12:43.391 [main] INFO api.SurveyPointsApi - All values for field 'Filtered points' are valid for Member ID: 90
12:12:43.395 [main] INFO api.SurveyPointsApi - All values for field 'Filtered points' are valid for Member ID: 91
12:12:43.399 [main] INFO api.SurveyPointsApi - All values for field 'Filtered points' are valid for Member ID: 92
12:12:43.404 [main] INFO api.SurveyPointsApi - All values for field 'Filtered points' are valid for Member ID: 93
12:12:43.408 [main] INFO api.SurveyPointsApi - All values for field 'Filtered points' are valid for Member ID: 94
12:12:43.413 [main] INFO api.SurveyPointsApi - All values for field 'Filtered points' are valid for Member ID: 95
12:12:43.417 [main] INFO api.SurveyPointsApi - All values for field 'Filtered points' are valid for Member ID: 96
12:12:43.421 [main] INFO api.SurveyPointsApi - All values for field 'Filtered points' are valid for Member ID: 97
12:12:43.426 [main] INFO api.SurveyPointsApi - All values for field 'Filtered points' are valid for Member ID: 98
12:12:43.430 [main] INFO api.SurveyPointsApi - All values for field 'Filtered points' are valid for Member ID: 99
12:12:43.434 [main] INFO api.SurveyPointsApi - All values for field 'Filtered points' are valid for Member ID: 100
12:12:43.438 [main] INFO api.SurveyPointsApi - All values for field 'Filtered points' are valid for Member ID: 101
12:12:43.443 [main] INFO api.SurveyPointsApi - All values for field 'Filtered points' are valid for Member ID: 102
12:12:43.447 [main] INFO api.SurveyPointsApi - All values for field 'Filtered points' are valid for Member ID: 103
12:12:43.454 [main] INFO api.SurveyPointsApi - All values for field 'Filtered points' are valid for Member ID: 104
12:12:43.459 [main] INFO api.SurveyPointsApi - All values for field 'Filtered points' are valid for Member ID: 105
12:12:43.463 [main] INFO api.SurveyPointsApi - All values for field 'Filtered points' are valid for Member ID: 106
12:12:43.467 [main] INFO api.SurveyPointsApi - All values for field 'Filtered points' are valid for Member ID: 107
12:12:43.471 [main] INFO api.SurveyPointsApi - All values for field 'Filtered points' are valid for Member ID: 108
12:12:43.475 [main] INFO api.SurveyPointsApi - All values for field 'Filtered points' are valid for Member ID: 109
12:12:43.480 [main] INFO api.SurveyPointsApi - All values for field 'Filtered points' are valid for Member ID: 110
12:12:43.484 [main] INFO api.SurveyPointsApi - All values for field 'Filtered points' are valid for Member ID: 111
12:12:43.489 [main] INFO api.SurveyPointsApi - All values for field 'Filtered points' are valid for Member ID: 112
12:12:43.494 [main] INFO api.SurveyPointsApi - All values for field 'Filtered points' are valid for Member ID: 113
12:12:43.498 [main] INFO api.SurveyPointsApi - All values for field 'Filtered points' are valid for Member ID: 114
12:12:43.503 [main] INFO api.SurveyPointsApi - All values for field 'Filtered points' are valid for Member ID: 115
12:12:43.508 [main] INFO api.SurveyPointsApi - All values for field 'Filtered points' are valid for Member ID: 116
12:12:43.513 [main] INFO api.SurveyPointsApi - All values for field 'Filtered points' are valid for Member ID: 117
12:12:43.517 [main] INFO api.SurveyPointsApi - All values for field 'Filtered points' are valid for Member ID: 118
12:12:43.522 [main] INFO api.SurveyPointsApi - All values for field 'Filtered points' are valid for Member ID: 119
12:12:43.527 [main] INFO api.SurveyPointsApi - All values for field 'Filtered points' are valid for Member ID: 120
12:12:43.532 [main] INFO api.SurveyPointsApi - All values for field 'Filtered points' are valid for Member ID: 121
12:12:43.537 [main] INFO api.SurveyPointsApi - All values for field 'Filtered points' are valid for Member ID: 122
12:12:43.542 [main] INFO api.SurveyPointsApi - All values for field 'Filtered points' are valid for Member ID: 123
12:12:43.546 [main] INFO api.SurveyPointsApi - All values for field 'Filtered points' are valid for Member ID: 124
12:12:43.550 [main] INFO api.SurveyPointsApi - All values for field 'Filtered points' are valid for Member ID: 125
12:12:43.555 [main] INFO api.SurveyPointsApi - All values for field 'Filtered points' are valid for Member ID: 126
12:12:43.559 [main] INFO api.SurveyPointsApi - All values for field 'Filtered points' are valid for Member ID: 127
12:12:43.563 [main] INFO api.SurveyPointsApi - All values for field 'Filtered points' are valid for Member ID: 128
12:12:43.568 [main] INFO api.SurveyPointsApi - All values for field 'Filtered points' are valid for Member ID: 129
12:12:43.572 [main] INFO api.SurveyPointsApi - All values for field 'Filtered points' are valid for Member ID: 130
12:12:43.577 [main] INFO api.SurveyPointsApi - All values for field 'Filtered points' are valid for Member ID: 131
12:12:43.581 [main] INFO api.SurveyPointsApi - All values for field 'Filtered points' are valid for Member ID: 132
12:12:43.586 [main] INFO api.SurveyPointsApi - All values for field 'Filtered points' are valid for Member ID: 133
12:12:43.591 [main] INFO api.SurveyPointsApi - All values for field 'Filtered points' are valid for Member ID: 134
12:12:43.595 [main] INFO api.SurveyPointsApi - All values for field 'Filtered points' are valid for Member ID: 135
12:12:43.600 [main] INFO api.SurveyPointsApi - All values for field 'Filtered points' are valid for Member ID: 136
12:12:43.605 [main] INFO api.SurveyPointsApi - All values for field 'Filtered points' are valid for Member ID: 137
12:12:43.609 [main] INFO api.SurveyPointsApi - All values for field 'Filtered points' are valid for Member ID: 138
12:12:43.614 [main] INFO api.SurveyPointsApi - All values for field 'Filtered points' are valid for Member ID: 139
12:12:43.619 [main] INFO api.SurveyPointsApi - All values for field 'Filtered points' are valid for Member ID: 140
12:12:43.623 [main] INFO api.SurveyPointsApi - All values for field 'Filtered points' are valid for Member ID: 141
12:12:43.628 [main] INFO api.SurveyPointsApi - All values for field 'Filtered points' are valid for Member ID: 142
12:12:43.633 [main] INFO api.SurveyPointsApi - All values for field 'Filtered points' are valid for Member ID: 143
12:12:43.638 [main] INFO api.SurveyPointsApi - All values for field 'Filtered points' are valid for Member ID: 144
12:12:43.642 [main] INFO api.SurveyPointsApi - All values for field 'Filtered points' are valid for Member ID: 145
12:12:43.647 [main] INFO api.SurveyPointsApi - All values for field 'Filtered points' are valid for Member ID: 146
12:12:43.652 [main] INFO api.SurveyPointsApi - All values for field 'Filtered points' are valid for Member ID: 147
12:12:43.657 [main] INFO api.SurveyPointsApi - All values for field 'Filtered points' are valid for Member ID: 148
12:12:43.662 [main] INFO api.SurveyPointsApi - All values for field 'Filtered points' are valid for Member ID: 149
12:12:43.667 [main] INFO api.SurveyPointsApi - All values for field 'Filtered points' are valid for Member ID: 150
12:12:43.672 [main] INFO api.SurveyPointsApi - All values for field 'Filtered points' are valid for Member ID: 151
12:12:43.677 [main] INFO api.SurveyPointsApi - All values for field 'Filtered points' are valid for Member ID: 152
12:12:43.682 [main] INFO api.SurveyPointsApi - All values for field 'Filtered points' are valid for Member ID: 153
12:12:43.687 [main] INFO api.SurveyPointsApi - All values for field 'Filtered points' are valid for Member ID: 154
12:12:43.692 [main] INFO api.SurveyPointsApi - All values for field 'Filtered points' are valid for Member ID: 155
12:12:43.697 [main] INFO api.SurveyPointsApi - All values for field 'Filtered points' are valid for Member ID: 156
12:12:43.701 [main] INFO api.SurveyPointsApi - All values for field 'Filtered points' are valid for Member ID: 157
12:12:43.706 [main] INFO api.SurveyPointsApi - All values for field 'Filtered points' are valid for Member ID: 158
12:12:43.711 [main] INFO api.SurveyPointsApi - All values for field 'Filtered points' are valid for Member ID: 159
12:12:43.716 [main] INFO api.SurveyPointsApi - All values for field 'Filtered points' are valid for Member ID: 160
12:12:43.721 [main] INFO api.SurveyPointsApi - All values for field 'Filtered points' are valid for Member ID: 161
12:12:43.726 [main] INFO api.SurveyPointsApi - All values for field 'Filtered points' are valid for Member ID: 162
12:12:43.731 [main] INFO api.SurveyPointsApi - All values for field 'Filtered points' are valid for Member ID: 163
12:12:43.736 [main] INFO api.SurveyPointsApi - All values for field 'Filtered points' are valid for Member ID: 164
12:12:43.741 [main] INFO api.SurveyPointsApi - All values for field 'Filtered points' are valid for Member ID: 165
12:12:43.745 [main] INFO api.SurveyPointsApi - All values for field 'Filtered points' are valid for Member ID: 166
12:12:43.750 [main] INFO api.SurveyPointsApi - All values for field 'Filtered points' are valid for Member ID: 167
12:12:43.758 [main] INFO api.SurveyPointsApi - All values for field 'Filtered points' are valid for Member ID: 168
12:12:43.763 [main] INFO api.SurveyPointsApi - All values for field 'Filtered points' are valid for Member ID: 169
12:12:43.768 [main] INFO api.SurveyPointsApi - All values for field 'Filtered points' are valid for Member ID: 170
12:12:43.773 [main] INFO api.SurveyPointsApi - All values for field 'Filtered points' are valid for Member ID: 171
12:12:43.777 [main] INFO api.SurveyPointsApi - All values for field 'Filtered points' are valid for Member ID: 172
12:12:43.782 [main] INFO api.SurveyPointsApi - All values for field 'Filtered points' are valid for Member ID: 173
12:12:43.787 [main] INFO api.SurveyPointsApi - All values for field 'Filtered points' are valid for Member ID: 174
12:12:43.791 [main] INFO api.SurveyPointsApi - All values for field 'Filtered points' are valid for Member ID: 175
12:12:43.796 [main] INFO api.SurveyPointsApi - All values for field 'Filtered points' are valid for Member ID: 176
12:12:43.801 [main] INFO api.SurveyPointsApi - All values for field 'Filtered points' are valid for Member ID: 177
12:12:43.805 [main] INFO api.SurveyPointsApi - All values for field 'Filtered points' are valid for Member ID: 178
12:12:43.810 [main] INFO api.SurveyPointsApi - All values for field 'Filtered points' are valid for Member ID: 179
12:12:43.815 [main] INFO api.SurveyPointsApi - All values for field 'Filtered points' are valid for Member ID: 180
12:12:43.820 [main] INFO api.SurveyPointsApi - All values for field 'Filtered points' are valid for Member ID: 181
12:12:43.825 [main] INFO api.SurveyPointsApi - All values for field 'Filtered points' are valid for Member ID: 182
12:12:43.830 [main] INFO api.SurveyPointsApi - All values for field 'Filtered points' are valid for Member ID: 183
12:12:43.835 [main] INFO api.SurveyPointsApi - All values for field 'Filtered points' are valid for Member ID: 184
12:12:43.840 [main] INFO api.SurveyPointsApi - All values for field 'Filtered points' are valid for Member ID: 185
12:12:43.844 [main] INFO api.SurveyPointsApi - All values for field 'Filtered points' are valid for Member ID: 186
12:12:43.850 [main] INFO api.SurveyPointsApi - All values for field 'Filtered points' are valid for Member ID: 187
12:12:43.854 [main] INFO api.SurveyPointsApi - All values for field 'Filtered points' are valid for Member ID: 188
12:12:43.859 [main] INFO api.SurveyPointsApi - All values for field 'Filtered points' are valid for Member ID: 189
12:12:43.864 [main] INFO api.SurveyPointsApi - All values for field 'Filtered points' are valid for Member ID: 190
12:12:43.869 [main] INFO api.SurveyPointsApi - All values for field 'Filtered points' are valid for Member ID: 191
12:12:43.874 [main] INFO api.SurveyPointsApi - All values for field 'Filtered points' are valid for Member ID: 192
12:12:43.878 [main] INFO api.SurveyPointsApi - All values for field 'Filtered points' are valid for Member ID: 193
12:12:43.883 [main] INFO api.SurveyPointsApi - All values for field 'Filtered points' are valid for Member ID: 194
12:12:43.888 [main] INFO api.SurveyPointsApi - All values for field 'Filtered points' are valid for Member ID: 195
12:12:43.893 [main] INFO api.SurveyPointsApi - All values for field 'Filtered points' are valid for Member ID: 196
12:12:43.898 [main] INFO api.SurveyPointsApi - All values for field 'Filtered points' are valid for Member ID: 197
12:12:43.902 [main] INFO api.SurveyPointsApi - All values for field 'Filtered points' are valid for Member ID: 198
12:12:43.907 [main] INFO api.SurveyPointsApi - All values for field 'Filtered points' are valid for Member ID: 199
12:12:43.914 [main] INFO api.SurveyPointsApi - All values for field 'Filtered points' are valid for Member ID: 200
12:12:43.920 [main] INFO api.SurveyPointsApi - All values for field 'Filtered points' are valid for Member ID: 201
12:12:43.924 [main] INFO api.SurveyPointsApi - All values for field 'Filtered points' are valid for Member ID: 202
12:12:43.928 [main] INFO api.SurveyPointsApi - All values for field 'Filtered points' are valid for Member ID: 203
12:12:43.933 [main] INFO api.SurveyPointsApi - All values for field 'Filtered points' are valid for Member ID: 204
12:12:43.937 [main] INFO api.SurveyPointsApi - All values for field 'Filtered points' are valid for Member ID: 205
12:12:43.942 [main] INFO api.SurveyPointsApi - All values for field 'Filtered points' are valid for Member ID: 206
12:12:43.946 [main] INFO api.SurveyPointsApi - All values for field 'Filtered points' are valid for Member ID: 207
12:12:43.950 [main] INFO api.SurveyPointsApi - All values for field 'Filtered points' are valid for Member ID: 208
12:12:43.955 [main] INFO api.SurveyPointsApi - All values for field 'Filtered points' are valid for Member ID: 209
12:12:43.960 [main] INFO api.SurveyPointsApi - All values for field 'Filtered points' are valid for Member ID: 210
12:12:43.964 [main] INFO api.SurveyPointsApi - All values for field 'Filtered points' are valid for Member ID: 211
12:12:43.969 [main] INFO api.SurveyPointsApi - All values for field 'Filtered points' are valid for Member ID: 212
12:12:43.974 [main] INFO api.SurveyPointsApi - All values for field 'Filtered points' are valid for Member ID: 213
12:12:43.978 [main] INFO api.SurveyPointsApi - All values for field 'Filtered points' are valid for Member ID: 214
12:12:43.983 [main] INFO api.SurveyPointsApi - All values for field 'Filtered points' are valid for Member ID: 215
12:12:43.988 [main] INFO api.SurveyPointsApi - All values for field 'Filtered points' are valid for Member ID: 216
12:12:43.992 [main] INFO api.SurveyPointsApi - All values for field 'Filtered points' are valid for Member ID: 217
12:12:43.997 [main] INFO api.SurveyPointsApi - All values for field 'Filtered points' are valid for Member ID: 218
12:12:44.002 [main] INFO api.SurveyPointsApi - All values for field 'Filtered points' are valid for Member ID: 219
12:12:44.006 [main] INFO api.SurveyPointsApi - All values for field 'Filtered points' are valid for Member ID: 220
12:12:44.011 [main] INFO api.SurveyPointsApi - All values for field 'Filtered points' are valid for Member ID: 221
12:12:44.016 [main] INFO api.SurveyPointsApi - All values for field 'Filtered points' are valid for Member ID: 222
12:12:44.020 [main] INFO api.SurveyPointsApi - All values for field 'Filtered points' are valid for Member ID: 223
12:12:44.025 [main] INFO api.SurveyPointsApi - All values for field 'Filtered points' are valid for Member ID: 224
12:12:44.030 [main] INFO api.SurveyPointsApi - All values for field 'Filtered points' are valid for Member ID: 225
12:12:44.035 [main] INFO api.SurveyPointsApi - All values for field 'Filtered points' are valid for Member ID: 226
12:12:44.039 [main] INFO api.SurveyPointsApi - All values for field 'Filtered points' are valid for Member ID: 227
12:12:44.044 [main] INFO api.SurveyPointsApi - All values for field 'Filtered points' are valid for Member ID: 228
12:12:44.048 [main] INFO api.SurveyPointsApi - All values for field 'Filtered points' are valid for Member ID: 229
12:12:44.052 [main] INFO api.SurveyPointsApi - All values for field 'Filtered points' are valid for Member ID: 230
12:12:44.057 [main] INFO api.SurveyPointsApi - All values for field 'Filtered points' are valid for Member ID: 231
12:12:44.064 [main] INFO api.SurveyPointsApi - All values for field 'Filtered points' are valid for Member ID: 232
12:12:44.069 [main] INFO api.SurveyPointsApi - All values for field 'Filtered points' are valid for Member ID: 233
12:12:44.073 [main] INFO api.SurveyPointsApi - All values for field 'Filtered points' are valid for Member ID: 234
12:12:44.078 [main] INFO api.SurveyPointsApi - All values for field 'Filtered points' are valid for Member ID: 235
12:12:44.082 [main] INFO api.SurveyPointsApi - All values for field 'Filtered points' are valid for Member ID: 236
12:12:44.086 [main] INFO api.SurveyPointsApi - All values for field 'Filtered points' are valid for Member ID: 237
12:12:44.091 [main] INFO api.SurveyPointsApi - All values for field 'Filtered points' are valid for Member ID: 238
12:12:44.095 [main] INFO api.SurveyPointsApi - All values for field 'Filtered points' are valid for Member ID: 239
12:12:44.100 [main] INFO api.SurveyPointsApi - All values for field 'Filtered points' are valid for Member ID: 240
12:12:44.104 [main] INFO api.SurveyPointsApi - All values for field 'Filtered points' are valid for Member ID: 241
12:12:44.109 [main] INFO api.SurveyPointsApi - All values for field 'Filtered points' are valid for Member ID: 242
12:12:44.113 [main] INFO api.SurveyPointsApi - All values for field 'Filtered points' are valid for Member ID: 243
12:12:44.117 [main] INFO api.SurveyPointsApi - All values for field 'Filtered points' are valid for Member ID: 244
12:12:44.121 [main] INFO api.SurveyPointsApi - All values for field 'Filtered points' are valid for Member ID: 245
12:12:44.126 [main] INFO api.SurveyPointsApi - All values for field 'Filtered points' are valid for Member ID: 246
12:12:44.130 [main] INFO api.SurveyPointsApi - All values for field 'Filtered points' are valid for Member ID: 247
12:12:44.134 [main] INFO api.SurveyPointsApi - All values for field 'Filtered points' are valid for Member ID: 248
12:12:44.139 [main] INFO api.SurveyPointsApi - All values for field 'Filtered points' are valid for Member ID: 249
12:12:44.143 [main] INFO api.SurveyPointsApi - All values for field 'Filtered points' are valid for Member ID: 250
12:12:44.148 [main] INFO api.SurveyPointsApi - All values for field 'Filtered points' are valid for Member ID: 251
12:12:44.152 [main] INFO api.SurveyPointsApi - All values for field 'Filtered points' are valid for Member ID: 252
12:12:44.157 [main] INFO api.SurveyPointsApi - All values for field 'Filtered points' are valid for Member ID: 253
12:12:44.161 [main] INFO api.SurveyPointsApi - All values for field 'Filtered points' are valid for Member ID: 254
12:12:44.165 [main] INFO api.SurveyPointsApi - All values for field 'Filtered points' are valid for Member ID: 255
12:12:44.170 [main] INFO api.SurveyPointsApi - All values for field 'Filtered points' are valid for Member ID: 256
12:12:44.174 [main] INFO api.SurveyPointsApi - All values for field 'Filtered points' are valid for Member ID: 257
12:12:44.178 [main] INFO api.SurveyPointsApi - All values for field 'Filtered points' are valid for Member ID: 258
12:12:44.183 [main] INFO api.SurveyPointsApi - All values for field 'Filtered points' are valid for Member ID: 259
12:12:44.187 [main] INFO api.SurveyPointsApi - All values for field 'Filtered points' are valid for Member ID: 260
12:12:44.192 [main] INFO api.SurveyPointsApi - All values for field 'Filtered points' are valid for Member ID: 261
12:12:44.196 [main] INFO api.SurveyPointsApi - All values for field 'Filtered points' are valid for Member ID: 262
12:12:44.200 [main] INFO api.SurveyPointsApi - All values for field 'Filtered points' are valid for Member ID: 263
12:12:44.205 [main] INFO api.SurveyPointsApi - All values for field 'Filtered points' are valid for Member ID: 264
12:12:44.209 [main] INFO api.SurveyPointsApi - All values for field 'Filtered points' are valid for Member ID: 265
12:12:44.213 [main] INFO api.SurveyPointsApi - All values for field 'Filtered points' are valid for Member ID: 266
12:12:44.217 [main] INFO api.SurveyPointsApi - All values for field 'Filtered points' are valid for Member ID: 267
12:12:44.222 [main] INFO api.SurveyPointsApi - All values for field 'Filtered points' are valid for Member ID: 268
12:12:44.226 [main] INFO api.SurveyPointsApi - All values for field 'Filtered points' are valid for Member ID: 269
12:12:44.231 [main] INFO api.SurveyPointsApi - All values for field 'Filtered points' are valid for Member ID: 270
12:12:44.236 [main] INFO api.SurveyPointsApi - All values for field 'Filtered points' are valid for Member ID: 271
12:12:44.241 [main] INFO api.SurveyPointsApi - All values for field 'Filtered points' are valid for Member ID: 272
12:12:44.246 [main] INFO api.SurveyPointsApi - All values for field 'Filtered points' are valid for Member ID: 273
12:12:44.251 [main] INFO api.SurveyPointsApi - All values for field 'Filtered points' are valid for Member ID: 274
12:12:44.255 [main] INFO api.SurveyPointsApi - All values for field 'Filtered points' are valid for Member ID: 275
12:12:44.260 [main] INFO api.SurveyPointsApi - All values for field 'Filtered points' are valid for Member ID: 276
12:12:44.265 [main] INFO api.SurveyPointsApi - All values for field 'Filtered points' are valid for Member ID: 277
12:12:44.270 [main] INFO api.SurveyPointsApi - All values for field 'Filtered points' are valid for Member ID: 278
12:12:44.274 [main] INFO api.SurveyPointsApi - All values for field 'Filtered points' are valid for Member ID: 279
12:12:44.278 [main] INFO api.SurveyPointsApi - All values for field 'Filtered points' are valid for Member ID: 280
12:12:44.283 [main] INFO api.SurveyPointsApi - All values for field 'Filtered points' are valid for Member ID: 281
12:12:44.287 [main] INFO api.SurveyPointsApi - All values for field 'Filtered points' are valid for Member ID: 282
12:12:44.291 [main] INFO api.SurveyPointsApi - All values for field 'Filtered points' are valid for Member ID: 283
12:12:44.296 [main] INFO api.SurveyPointsApi - All values for field 'Filtered points' are valid for Member ID: 284
12:12:44.300 [main] INFO api.SurveyPointsApi - All values for field 'Filtered points' are valid for Member ID: 285
12:12:44.304 [main] INFO api.SurveyPointsApi - All values for field 'Filtered points' are valid for Member ID: 286
12:12:44.308 [main] INFO api.SurveyPointsApi - All values for field 'Filtered points' are valid for Member ID: 287
12:12:44.313 [main] INFO api.SurveyPointsApi - All values for field 'Filtered points' are valid for Member ID: 288
12:12:44.317 [main] INFO api.SurveyPointsApi - All values for field 'Filtered points' are valid for Member ID: 289
12:12:44.321 [main] INFO api.SurveyPointsApi - All values for field 'Filtered points' are valid for Member ID: 290
12:12:44.326 [main] INFO api.SurveyPointsApi - All values for field 'Filtered points' are valid for Member ID: 291
12:12:44.330 [main] INFO api.SurveyPointsApi - All values for field 'Filtered points' are valid for Member ID: 292
12:12:44.334 [main] INFO api.SurveyPointsApi - All values for field 'Filtered points' are valid for Member ID: 293
12:12:44.338 [main] INFO api.SurveyPointsApi - All values for field 'Filtered points' are valid for Member ID: 294
12:12:44.343 [main] INFO api.SurveyPointsApi - All values for field 'Filtered points' are valid for Member ID: 295
12:12:44.350 [main] INFO api.SurveyPointsApi - All values for field 'Filtered points' are valid for Member ID: 296
12:12:44.355 [main] INFO api.SurveyPointsApi - All values for field 'Filtered points' are valid for Member ID: 297
12:12:44.359 [main] INFO api.SurveyPointsApi - All values for field 'Filtered points' are valid for Member ID: 298
12:12:44.364 [main] INFO api.SurveyPointsApi - All values for field 'Filtered points' are valid for Member ID: 299
12:12:44.368 [main] INFO api.SurveyPointsApi - All values for field 'Filtered points' are valid for Member ID: 300
]]></system-out>
  </testcase>
  <testcase name="testSurveyNames" classname="tests.integration.SurveyPointsTest" time="1.401">
    <system-out><![CDATA[12:12:44.370 [main] INFO api.SurveyPointsApi - Starting validation for status: Name
12:12:44.400 [main] INFO api.SurveyPointsApi - All values for field 'Name' are valid for Member ID: 1
12:12:44.407 [main] INFO api.SurveyPointsApi - All values for field 'Name' are valid for Member ID: 2
12:12:44.412 [main] INFO api.SurveyPointsApi - All values for field 'Name' are valid for Member ID: 3
12:12:44.417 [main] INFO api.SurveyPointsApi - All values for field 'Name' are valid for Member ID: 4
12:12:44.422 [main] INFO api.SurveyPointsApi - All values for field 'Name' are valid for Member ID: 5
12:12:44.426 [main] INFO api.SurveyPointsApi - All values for field 'Name' are valid for Member ID: 6
12:12:44.455 [main] INFO api.SurveyPointsApi - All values for field 'Name' are valid for Member ID: 7
12:12:44.526 [main] INFO api.SurveyPointsApi - All values for field 'Name' are valid for Member ID: 8
12:12:44.531 [main] INFO api.SurveyPointsApi - All values for field 'Name' are valid for Member ID: 9
12:12:44.536 [main] INFO api.SurveyPointsApi - All values for field 'Name' are valid for Member ID: 10
12:12:44.540 [main] INFO api.SurveyPointsApi - All values for field 'Name' are valid for Member ID: 11
12:12:44.544 [main] INFO api.SurveyPointsApi - All values for field 'Name' are valid for Member ID: 12
12:12:44.549 [main] INFO api.SurveyPointsApi - All values for field 'Name' are valid for Member ID: 13
12:12:44.553 [main] INFO api.SurveyPointsApi - All values for field 'Name' are valid for Member ID: 14
12:12:44.557 [main] INFO api.SurveyPointsApi - All values for field 'Name' are valid for Member ID: 15
12:12:44.561 [main] INFO api.SurveyPointsApi - All values for field 'Name' are valid for Member ID: 16
12:12:44.565 [main] INFO api.SurveyPointsApi - All values for field 'Name' are valid for Member ID: 17
12:12:44.569 [main] INFO api.SurveyPointsApi - All values for field 'Name' are valid for Member ID: 18
12:12:44.573 [main] INFO api.SurveyPointsApi - All values for field 'Name' are valid for Member ID: 19
12:12:44.577 [main] INFO api.SurveyPointsApi - All values for field 'Name' are valid for Member ID: 20
12:12:44.581 [main] INFO api.SurveyPointsApi - All values for field 'Name' are valid for Member ID: 21
12:12:44.586 [main] INFO api.SurveyPointsApi - All values for field 'Name' are valid for Member ID: 22
12:12:44.590 [main] INFO api.SurveyPointsApi - All values for field 'Name' are valid for Member ID: 23
12:12:44.594 [main] INFO api.SurveyPointsApi - All values for field 'Name' are valid for Member ID: 24
12:12:44.598 [main] INFO api.SurveyPointsApi - All values for field 'Name' are valid for Member ID: 25
12:12:44.602 [main] INFO api.SurveyPointsApi - All values for field 'Name' are valid for Member ID: 26
12:12:44.606 [main] INFO api.SurveyPointsApi - All values for field 'Name' are valid for Member ID: 27
12:12:44.610 [main] INFO api.SurveyPointsApi - All values for field 'Name' are valid for Member ID: 28
12:12:44.614 [main] INFO api.SurveyPointsApi - All values for field 'Name' are valid for Member ID: 29
12:12:44.618 [main] INFO api.SurveyPointsApi - All values for field 'Name' are valid for Member ID: 30
12:12:44.622 [main] INFO api.SurveyPointsApi - All values for field 'Name' are valid for Member ID: 31
12:12:44.626 [main] INFO api.SurveyPointsApi - All values for field 'Name' are valid for Member ID: 32
12:12:44.630 [main] INFO api.SurveyPointsApi - All values for field 'Name' are valid for Member ID: 33
12:12:44.634 [main] INFO api.SurveyPointsApi - All values for field 'Name' are valid for Member ID: 34
12:12:44.638 [main] INFO api.SurveyPointsApi - All values for field 'Name' are valid for Member ID: 35
12:12:44.642 [main] INFO api.SurveyPointsApi - All values for field 'Name' are valid for Member ID: 36
12:12:44.646 [main] INFO api.SurveyPointsApi - All values for field 'Name' are valid for Member ID: 37
12:12:44.650 [main] INFO api.SurveyPointsApi - All values for field 'Name' are valid for Member ID: 38
12:12:44.655 [main] INFO api.SurveyPointsApi - All values for field 'Name' are valid for Member ID: 39
12:12:44.659 [main] INFO api.SurveyPointsApi - All values for field 'Name' are valid for Member ID: 40
12:12:44.663 [main] INFO api.SurveyPointsApi - All values for field 'Name' are valid for Member ID: 41
12:12:44.667 [main] INFO api.SurveyPointsApi - All values for field 'Name' are valid for Member ID: 42
12:12:44.671 [main] INFO api.SurveyPointsApi - All values for field 'Name' are valid for Member ID: 43
12:12:44.675 [main] INFO api.SurveyPointsApi - All values for field 'Name' are valid for Member ID: 44
12:12:44.679 [main] INFO api.SurveyPointsApi - All values for field 'Name' are valid for Member ID: 45
12:12:44.683 [main] INFO api.SurveyPointsApi - All values for field 'Name' are valid for Member ID: 46
12:12:44.687 [main] INFO api.SurveyPointsApi - All values for field 'Name' are valid for Member ID: 47
12:12:44.691 [main] INFO api.SurveyPointsApi - All values for field 'Name' are valid for Member ID: 48
12:12:44.696 [main] INFO api.SurveyPointsApi - All values for field 'Name' are valid for Member ID: 49
12:12:44.700 [main] INFO api.SurveyPointsApi - All values for field 'Name' are valid for Member ID: 50
12:12:44.704 [main] INFO api.SurveyPointsApi - All values for field 'Name' are valid for Member ID: 51
12:12:44.708 [main] INFO api.SurveyPointsApi - All values for field 'Name' are valid for Member ID: 52
12:12:44.713 [main] INFO api.SurveyPointsApi - All values for field 'Name' are valid for Member ID: 53
12:12:44.717 [main] INFO api.SurveyPointsApi - All values for field 'Name' are valid for Member ID: 54
12:12:44.721 [main] INFO api.SurveyPointsApi - All values for field 'Name' are valid for Member ID: 55
12:12:44.729 [main] INFO api.SurveyPointsApi - All values for field 'Name' are valid for Member ID: 56
12:12:44.733 [main] INFO api.SurveyPointsApi - All values for field 'Name' are valid for Member ID: 57
12:12:44.738 [main] INFO api.SurveyPointsApi - All values for field 'Name' are valid for Member ID: 58
12:12:44.742 [main] INFO api.SurveyPointsApi - All values for field 'Name' are valid for Member ID: 59
12:12:44.750 [main] INFO api.SurveyPointsApi - All values for field 'Name' are valid for Member ID: 60
12:12:44.755 [main] INFO api.SurveyPointsApi - All values for field 'Name' are valid for Member ID: 61
12:12:44.759 [main] INFO api.SurveyPointsApi - All values for field 'Name' are valid for Member ID: 62
12:12:44.764 [main] INFO api.SurveyPointsApi - All values for field 'Name' are valid for Member ID: 63
12:12:44.768 [main] INFO api.SurveyPointsApi - All values for field 'Name' are valid for Member ID: 64
12:12:44.772 [main] INFO api.SurveyPointsApi - All values for field 'Name' are valid for Member ID: 65
12:12:44.777 [main] INFO api.SurveyPointsApi - All values for field 'Name' are valid for Member ID: 66
12:12:44.781 [main] INFO api.SurveyPointsApi - All values for field 'Name' are valid for Member ID: 67
12:12:44.786 [main] INFO api.SurveyPointsApi - All values for field 'Name' are valid for Member ID: 68
12:12:44.790 [main] INFO api.SurveyPointsApi - All values for field 'Name' are valid for Member ID: 69
12:12:44.795 [main] INFO api.SurveyPointsApi - All values for field 'Name' are valid for Member ID: 70
12:12:44.799 [main] INFO api.SurveyPointsApi - All values for field 'Name' are valid for Member ID: 71
12:12:44.804 [main] INFO api.SurveyPointsApi - All values for field 'Name' are valid for Member ID: 72
12:12:44.809 [main] INFO api.SurveyPointsApi - All values for field 'Name' are valid for Member ID: 73
12:12:44.814 [main] INFO api.SurveyPointsApi - All values for field 'Name' are valid for Member ID: 74
12:12:44.818 [main] INFO api.SurveyPointsApi - All values for field 'Name' are valid for Member ID: 75
12:12:44.822 [main] INFO api.SurveyPointsApi - All values for field 'Name' are valid for Member ID: 76
12:12:44.827 [main] INFO api.SurveyPointsApi - All values for field 'Name' are valid for Member ID: 77
12:12:44.831 [main] INFO api.SurveyPointsApi - All values for field 'Name' are valid for Member ID: 78
12:12:44.835 [main] INFO api.SurveyPointsApi - All values for field 'Name' are valid for Member ID: 79
12:12:44.840 [main] INFO api.SurveyPointsApi - All values for field 'Name' are valid for Member ID: 80
12:12:44.844 [main] INFO api.SurveyPointsApi - All values for field 'Name' are valid for Member ID: 81
12:12:44.849 [main] INFO api.SurveyPointsApi - All values for field 'Name' are valid for Member ID: 82
12:12:44.853 [main] INFO api.SurveyPointsApi - All values for field 'Name' are valid for Member ID: 83
12:12:44.858 [main] INFO api.SurveyPointsApi - All values for field 'Name' are valid for Member ID: 84
12:12:44.863 [main] INFO api.SurveyPointsApi - All values for field 'Name' are valid for Member ID: 85
12:12:44.867 [main] INFO api.SurveyPointsApi - All values for field 'Name' are valid for Member ID: 86
12:12:44.872 [main] INFO api.SurveyPointsApi - All values for field 'Name' are valid for Member ID: 87
12:12:44.876 [main] INFO api.SurveyPointsApi - All values for field 'Name' are valid for Member ID: 88
12:12:44.881 [main] INFO api.SurveyPointsApi - All values for field 'Name' are valid for Member ID: 89
12:12:44.885 [main] INFO api.SurveyPointsApi - All values for field 'Name' are valid for Member ID: 90
12:12:44.890 [main] INFO api.SurveyPointsApi - All values for field 'Name' are valid for Member ID: 91
12:12:44.894 [main] INFO api.SurveyPointsApi - All values for field 'Name' are valid for Member ID: 92
12:12:44.899 [main] INFO api.SurveyPointsApi - All values for field 'Name' are valid for Member ID: 93
12:12:44.903 [main] INFO api.SurveyPointsApi - All values for field 'Name' are valid for Member ID: 94
12:12:44.908 [main] INFO api.SurveyPointsApi - All values for field 'Name' are valid for Member ID: 95
12:12:44.912 [main] INFO api.SurveyPointsApi - All values for field 'Name' are valid for Member ID: 96
12:12:44.917 [main] INFO api.SurveyPointsApi - All values for field 'Name' are valid for Member ID: 97
12:12:44.921 [main] INFO api.SurveyPointsApi - All values for field 'Name' are valid for Member ID: 98
12:12:44.925 [main] INFO api.SurveyPointsApi - All values for field 'Name' are valid for Member ID: 99
12:12:44.929 [main] INFO api.SurveyPointsApi - All values for field 'Name' are valid for Member ID: 100
12:12:44.933 [main] INFO api.SurveyPointsApi - All values for field 'Name' are valid for Member ID: 101
12:12:44.937 [main] INFO api.SurveyPointsApi - All values for field 'Name' are valid for Member ID: 102
12:12:44.941 [main] INFO api.SurveyPointsApi - All values for field 'Name' are valid for Member ID: 103
12:12:44.945 [main] INFO api.SurveyPointsApi - All values for field 'Name' are valid for Member ID: 104
12:12:44.949 [main] INFO api.SurveyPointsApi - All values for field 'Name' are valid for Member ID: 105
12:12:44.953 [main] INFO api.SurveyPointsApi - All values for field 'Name' are valid for Member ID: 106
12:12:44.957 [main] INFO api.SurveyPointsApi - All values for field 'Name' are valid for Member ID: 107
12:12:44.961 [main] INFO api.SurveyPointsApi - All values for field 'Name' are valid for Member ID: 108
12:12:44.965 [main] INFO api.SurveyPointsApi - All values for field 'Name' are valid for Member ID: 109
12:12:44.969 [main] INFO api.SurveyPointsApi - All values for field 'Name' are valid for Member ID: 110
12:12:44.973 [main] INFO api.SurveyPointsApi - All values for field 'Name' are valid for Member ID: 111
12:12:44.977 [main] INFO api.SurveyPointsApi - All values for field 'Name' are valid for Member ID: 112
12:12:44.981 [main] INFO api.SurveyPointsApi - All values for field 'Name' are valid for Member ID: 113
12:12:44.985 [main] INFO api.SurveyPointsApi - All values for field 'Name' are valid for Member ID: 114
12:12:44.990 [main] INFO api.SurveyPointsApi - All values for field 'Name' are valid for Member ID: 115
12:12:44.993 [main] INFO api.SurveyPointsApi - All values for field 'Name' are valid for Member ID: 116
12:12:44.997 [main] INFO api.SurveyPointsApi - All values for field 'Name' are valid for Member ID: 117
12:12:45.002 [main] INFO api.SurveyPointsApi - All values for field 'Name' are valid for Member ID: 118
12:12:45.006 [main] INFO api.SurveyPointsApi - All values for field 'Name' are valid for Member ID: 119
12:12:45.010 [main] INFO api.SurveyPointsApi - All values for field 'Name' are valid for Member ID: 120
12:12:45.014 [main] INFO api.SurveyPointsApi - All values for field 'Name' are valid for Member ID: 121
12:12:45.018 [main] INFO api.SurveyPointsApi - All values for field 'Name' are valid for Member ID: 122
12:12:45.023 [main] INFO api.SurveyPointsApi - All values for field 'Name' are valid for Member ID: 123
12:12:45.030 [main] INFO api.SurveyPointsApi - All values for field 'Name' are valid for Member ID: 124
12:12:45.034 [main] INFO api.SurveyPointsApi - All values for field 'Name' are valid for Member ID: 125
12:12:45.038 [main] INFO api.SurveyPointsApi - All values for field 'Name' are valid for Member ID: 126
12:12:45.042 [main] INFO api.SurveyPointsApi - All values for field 'Name' are valid for Member ID: 127
12:12:45.046 [main] INFO api.SurveyPointsApi - All values for field 'Name' are valid for Member ID: 128
12:12:45.050 [main] INFO api.SurveyPointsApi - All values for field 'Name' are valid for Member ID: 129
12:12:45.054 [main] INFO api.SurveyPointsApi - All values for field 'Name' are valid for Member ID: 130
12:12:45.058 [main] INFO api.SurveyPointsApi - All values for field 'Name' are valid for Member ID: 131
12:12:45.062 [main] INFO api.SurveyPointsApi - All values for field 'Name' are valid for Member ID: 132
12:12:45.067 [main] INFO api.SurveyPointsApi - All values for field 'Name' are valid for Member ID: 133
12:12:45.071 [main] INFO api.SurveyPointsApi - All values for field 'Name' are valid for Member ID: 134
12:12:45.075 [main] INFO api.SurveyPointsApi - All values for field 'Name' are valid for Member ID: 135
12:12:45.079 [main] INFO api.SurveyPointsApi - All values for field 'Name' are valid for Member ID: 136
12:12:45.083 [main] INFO api.SurveyPointsApi - All values for field 'Name' are valid for Member ID: 137
12:12:45.087 [main] INFO api.SurveyPointsApi - All values for field 'Name' are valid for Member ID: 138
12:12:45.091 [main] INFO api.SurveyPointsApi - All values for field 'Name' are valid for Member ID: 139
12:12:45.095 [main] INFO api.SurveyPointsApi - All values for field 'Name' are valid for Member ID: 140
12:12:45.099 [main] INFO api.SurveyPointsApi - All values for field 'Name' are valid for Member ID: 141
12:12:45.103 [main] INFO api.SurveyPointsApi - All values for field 'Name' are valid for Member ID: 142
12:12:45.107 [main] INFO api.SurveyPointsApi - All values for field 'Name' are valid for Member ID: 143
12:12:45.112 [main] INFO api.SurveyPointsApi - All values for field 'Name' are valid for Member ID: 144
12:12:45.116 [main] INFO api.SurveyPointsApi - All values for field 'Name' are valid for Member ID: 145
12:12:45.120 [main] INFO api.SurveyPointsApi - All values for field 'Name' are valid for Member ID: 146
12:12:45.125 [main] INFO api.SurveyPointsApi - All values for field 'Name' are valid for Member ID: 147
12:12:45.129 [main] INFO api.SurveyPointsApi - All values for field 'Name' are valid for Member ID: 148
12:12:45.134 [main] INFO api.SurveyPointsApi - All values for field 'Name' are valid for Member ID: 149
12:12:45.138 [main] INFO api.SurveyPointsApi - All values for field 'Name' are valid for Member ID: 150
12:12:45.142 [main] INFO api.SurveyPointsApi - All values for field 'Name' are valid for Member ID: 151
12:12:45.146 [main] INFO api.SurveyPointsApi - All values for field 'Name' are valid for Member ID: 152
12:12:45.151 [main] INFO api.SurveyPointsApi - All values for field 'Name' are valid for Member ID: 153
12:12:45.155 [main] INFO api.SurveyPointsApi - All values for field 'Name' are valid for Member ID: 154
12:12:45.159 [main] INFO api.SurveyPointsApi - All values for field 'Name' are valid for Member ID: 155
12:12:45.164 [main] INFO api.SurveyPointsApi - All values for field 'Name' are valid for Member ID: 156
12:12:45.168 [main] INFO api.SurveyPointsApi - All values for field 'Name' are valid for Member ID: 157
12:12:45.172 [main] INFO api.SurveyPointsApi - All values for field 'Name' are valid for Member ID: 158
12:12:45.176 [main] INFO api.SurveyPointsApi - All values for field 'Name' are valid for Member ID: 159
12:12:45.180 [main] INFO api.SurveyPointsApi - All values for field 'Name' are valid for Member ID: 160
12:12:45.184 [main] INFO api.SurveyPointsApi - All values for field 'Name' are valid for Member ID: 161
12:12:45.188 [main] INFO api.SurveyPointsApi - All values for field 'Name' are valid for Member ID: 162
12:12:45.192 [main] INFO api.SurveyPointsApi - All values for field 'Name' are valid for Member ID: 163
12:12:45.196 [main] INFO api.SurveyPointsApi - All values for field 'Name' are valid for Member ID: 164
12:12:45.200 [main] INFO api.SurveyPointsApi - All values for field 'Name' are valid for Member ID: 165
12:12:45.204 [main] INFO api.SurveyPointsApi - All values for field 'Name' are valid for Member ID: 166
12:12:45.208 [main] INFO api.SurveyPointsApi - All values for field 'Name' are valid for Member ID: 167
12:12:45.213 [main] INFO api.SurveyPointsApi - All values for field 'Name' are valid for Member ID: 168
12:12:45.217 [main] INFO api.SurveyPointsApi - All values for field 'Name' are valid for Member ID: 169
12:12:45.221 [main] INFO api.SurveyPointsApi - All values for field 'Name' are valid for Member ID: 170
12:12:45.225 [main] INFO api.SurveyPointsApi - All values for field 'Name' are valid for Member ID: 171
12:12:45.229 [main] INFO api.SurveyPointsApi - All values for field 'Name' are valid for Member ID: 172
12:12:45.233 [main] INFO api.SurveyPointsApi - All values for field 'Name' are valid for Member ID: 173
12:12:45.238 [main] INFO api.SurveyPointsApi - All values for field 'Name' are valid for Member ID: 174
12:12:45.242 [main] INFO api.SurveyPointsApi - All values for field 'Name' are valid for Member ID: 175
12:12:45.246 [main] INFO api.SurveyPointsApi - All values for field 'Name' are valid for Member ID: 176
12:12:45.250 [main] INFO api.SurveyPointsApi - All values for field 'Name' are valid for Member ID: 177
12:12:45.255 [main] INFO api.SurveyPointsApi - All values for field 'Name' are valid for Member ID: 178
12:12:45.259 [main] INFO api.SurveyPointsApi - All values for field 'Name' are valid for Member ID: 179
12:12:45.263 [main] INFO api.SurveyPointsApi - All values for field 'Name' are valid for Member ID: 180
12:12:45.267 [main] INFO api.SurveyPointsApi - All values for field 'Name' are valid for Member ID: 181
12:12:45.271 [main] INFO api.SurveyPointsApi - All values for field 'Name' are valid for Member ID: 182
12:12:45.275 [main] INFO api.SurveyPointsApi - All values for field 'Name' are valid for Member ID: 183
12:12:45.279 [main] INFO api.SurveyPointsApi - All values for field 'Name' are valid for Member ID: 184
12:12:45.284 [main] INFO api.SurveyPointsApi - All values for field 'Name' are valid for Member ID: 185
12:12:45.288 [main] INFO api.SurveyPointsApi - All values for field 'Name' are valid for Member ID: 186
12:12:45.292 [main] INFO api.SurveyPointsApi - All values for field 'Name' are valid for Member ID: 187
12:12:45.299 [main] INFO api.SurveyPointsApi - All values for field 'Name' are valid for Member ID: 188
12:12:45.303 [main] INFO api.SurveyPointsApi - All values for field 'Name' are valid for Member ID: 189
12:12:45.307 [main] INFO api.SurveyPointsApi - All values for field 'Name' are valid for Member ID: 190
12:12:45.311 [main] INFO api.SurveyPointsApi - All values for field 'Name' are valid for Member ID: 191
12:12:45.315 [main] INFO api.SurveyPointsApi - All values for field 'Name' are valid for Member ID: 192
12:12:45.319 [main] INFO api.SurveyPointsApi - All values for field 'Name' are valid for Member ID: 193
12:12:45.323 [main] INFO api.SurveyPointsApi - All values for field 'Name' are valid for Member ID: 194
12:12:45.327 [main] INFO api.SurveyPointsApi - All values for field 'Name' are valid for Member ID: 195
12:12:45.331 [main] INFO api.SurveyPointsApi - All values for field 'Name' are valid for Member ID: 196
12:12:45.335 [main] INFO api.SurveyPointsApi - All values for field 'Name' are valid for Member ID: 197
12:12:45.340 [main] INFO api.SurveyPointsApi - All values for field 'Name' are valid for Member ID: 198
12:12:45.344 [main] INFO api.SurveyPointsApi - All values for field 'Name' are valid for Member ID: 199
12:12:45.348 [main] INFO api.SurveyPointsApi - All values for field 'Name' are valid for Member ID: 200
12:12:45.352 [main] INFO api.SurveyPointsApi - All values for field 'Name' are valid for Member ID: 201
12:12:45.357 [main] INFO api.SurveyPointsApi - All values for field 'Name' are valid for Member ID: 202
12:12:45.361 [main] INFO api.SurveyPointsApi - All values for field 'Name' are valid for Member ID: 203
12:12:45.365 [main] INFO api.SurveyPointsApi - All values for field 'Name' are valid for Member ID: 204
12:12:45.370 [main] INFO api.SurveyPointsApi - All values for field 'Name' are valid for Member ID: 205
12:12:45.374 [main] INFO api.SurveyPointsApi - All values for field 'Name' are valid for Member ID: 206
12:12:45.378 [main] INFO api.SurveyPointsApi - All values for field 'Name' are valid for Member ID: 207
12:12:45.382 [main] INFO api.SurveyPointsApi - All values for field 'Name' are valid for Member ID: 208
12:12:45.386 [main] INFO api.SurveyPointsApi - All values for field 'Name' are valid for Member ID: 209
12:12:45.391 [main] INFO api.SurveyPointsApi - All values for field 'Name' are valid for Member ID: 210
12:12:45.395 [main] INFO api.SurveyPointsApi - All values for field 'Name' are valid for Member ID: 211
12:12:45.399 [main] INFO api.SurveyPointsApi - All values for field 'Name' are valid for Member ID: 212
12:12:45.403 [main] INFO api.SurveyPointsApi - All values for field 'Name' are valid for Member ID: 213
12:12:45.407 [main] INFO api.SurveyPointsApi - All values for field 'Name' are valid for Member ID: 214
12:12:45.411 [main] INFO api.SurveyPointsApi - All values for field 'Name' are valid for Member ID: 215
12:12:45.415 [main] INFO api.SurveyPointsApi - All values for field 'Name' are valid for Member ID: 216
12:12:45.419 [main] INFO api.SurveyPointsApi - All values for field 'Name' are valid for Member ID: 217
12:12:45.424 [main] INFO api.SurveyPointsApi - All values for field 'Name' are valid for Member ID: 218
12:12:45.428 [main] INFO api.SurveyPointsApi - All values for field 'Name' are valid for Member ID: 219
12:12:45.432 [main] INFO api.SurveyPointsApi - All values for field 'Name' are valid for Member ID: 220
12:12:45.436 [main] INFO api.SurveyPointsApi - All values for field 'Name' are valid for Member ID: 221
12:12:45.440 [main] INFO api.SurveyPointsApi - All values for field 'Name' are valid for Member ID: 222
12:12:45.444 [main] INFO api.SurveyPointsApi - All values for field 'Name' are valid for Member ID: 223
12:12:45.449 [main] INFO api.SurveyPointsApi - All values for field 'Name' are valid for Member ID: 224
12:12:45.453 [main] INFO api.SurveyPointsApi - All values for field 'Name' are valid for Member ID: 225
12:12:45.457 [main] INFO api.SurveyPointsApi - All values for field 'Name' are valid for Member ID: 226
12:12:45.462 [main] INFO api.SurveyPointsApi - All values for field 'Name' are valid for Member ID: 227
12:12:45.466 [main] INFO api.SurveyPointsApi - All values for field 'Name' are valid for Member ID: 228
12:12:45.470 [main] INFO api.SurveyPointsApi - All values for field 'Name' are valid for Member ID: 229
12:12:45.475 [main] INFO api.SurveyPointsApi - All values for field 'Name' are valid for Member ID: 230
12:12:45.479 [main] INFO api.SurveyPointsApi - All values for field 'Name' are valid for Member ID: 231
12:12:45.483 [main] INFO api.SurveyPointsApi - All values for field 'Name' are valid for Member ID: 232
12:12:45.487 [main] INFO api.SurveyPointsApi - All values for field 'Name' are valid for Member ID: 233
12:12:45.491 [main] INFO api.SurveyPointsApi - All values for field 'Name' are valid for Member ID: 234
12:12:45.495 [main] INFO api.SurveyPointsApi - All values for field 'Name' are valid for Member ID: 235
12:12:45.499 [main] INFO api.SurveyPointsApi - All values for field 'Name' are valid for Member ID: 236
12:12:45.503 [main] INFO api.SurveyPointsApi - All values for field 'Name' are valid for Member ID: 237
12:12:45.507 [main] INFO api.SurveyPointsApi - All values for field 'Name' are valid for Member ID: 238
12:12:45.512 [main] INFO api.SurveyPointsApi - All values for field 'Name' are valid for Member ID: 239
12:12:45.516 [main] INFO api.SurveyPointsApi - All values for field 'Name' are valid for Member ID: 240
12:12:45.520 [main] INFO api.SurveyPointsApi - All values for field 'Name' are valid for Member ID: 241
12:12:45.524 [main] INFO api.SurveyPointsApi - All values for field 'Name' are valid for Member ID: 242
12:12:45.528 [main] INFO api.SurveyPointsApi - All values for field 'Name' are valid for Member ID: 243
12:12:45.532 [main] INFO api.SurveyPointsApi - All values for field 'Name' are valid for Member ID: 244
12:12:45.536 [main] INFO api.SurveyPointsApi - All values for field 'Name' are valid for Member ID: 245
12:12:45.540 [main] INFO api.SurveyPointsApi - All values for field 'Name' are valid for Member ID: 246
12:12:45.544 [main] INFO api.SurveyPointsApi - All values for field 'Name' are valid for Member ID: 247
12:12:45.549 [main] INFO api.SurveyPointsApi - All values for field 'Name' are valid for Member ID: 248
12:12:45.553 [main] INFO api.SurveyPointsApi - All values for field 'Name' are valid for Member ID: 249
12:12:45.557 [main] INFO api.SurveyPointsApi - All values for field 'Name' are valid for Member ID: 250
12:12:45.561 [main] INFO api.SurveyPointsApi - All values for field 'Name' are valid for Member ID: 251
12:12:45.568 [main] INFO api.SurveyPointsApi - All values for field 'Name' are valid for Member ID: 252
12:12:45.573 [main] INFO api.SurveyPointsApi - All values for field 'Name' are valid for Member ID: 253
12:12:45.577 [main] INFO api.SurveyPointsApi - All values for field 'Name' are valid for Member ID: 254
12:12:45.581 [main] INFO api.SurveyPointsApi - All values for field 'Name' are valid for Member ID: 255
12:12:45.585 [main] INFO api.SurveyPointsApi - All values for field 'Name' are valid for Member ID: 256
12:12:45.590 [main] INFO api.SurveyPointsApi - All values for field 'Name' are valid for Member ID: 257
12:12:45.594 [main] INFO api.SurveyPointsApi - All values for field 'Name' are valid for Member ID: 258
12:12:45.598 [main] INFO api.SurveyPointsApi - All values for field 'Name' are valid for Member ID: 259
12:12:45.602 [main] INFO api.SurveyPointsApi - All values for field 'Name' are valid for Member ID: 260
12:12:45.606 [main] INFO api.SurveyPointsApi - All values for field 'Name' are valid for Member ID: 261
12:12:45.611 [main] INFO api.SurveyPointsApi - All values for field 'Name' are valid for Member ID: 262
12:12:45.615 [main] INFO api.SurveyPointsApi - All values for field 'Name' are valid for Member ID: 263
12:12:45.619 [main] INFO api.SurveyPointsApi - All values for field 'Name' are valid for Member ID: 264
12:12:45.623 [main] INFO api.SurveyPointsApi - All values for field 'Name' are valid for Member ID: 265
12:12:45.627 [main] INFO api.SurveyPointsApi - All values for field 'Name' are valid for Member ID: 266
12:12:45.631 [main] INFO api.SurveyPointsApi - All values for field 'Name' are valid for Member ID: 267
12:12:45.635 [main] INFO api.SurveyPointsApi - All values for field 'Name' are valid for Member ID: 268
12:12:45.640 [main] INFO api.SurveyPointsApi - All values for field 'Name' are valid for Member ID: 269
12:12:45.644 [main] INFO api.SurveyPointsApi - All values for field 'Name' are valid for Member ID: 270
12:12:45.648 [main] INFO api.SurveyPointsApi - All values for field 'Name' are valid for Member ID: 271
12:12:45.652 [main] INFO api.SurveyPointsApi - All values for field 'Name' are valid for Member ID: 272
12:12:45.657 [main] INFO api.SurveyPointsApi - All values for field 'Name' are valid for Member ID: 273
12:12:45.661 [main] INFO api.SurveyPointsApi - All values for field 'Name' are valid for Member ID: 274
12:12:45.666 [main] INFO api.SurveyPointsApi - All values for field 'Name' are valid for Member ID: 275
12:12:45.670 [main] INFO api.SurveyPointsApi - All values for field 'Name' are valid for Member ID: 276
12:12:45.674 [main] INFO api.SurveyPointsApi - All values for field 'Name' are valid for Member ID: 277
12:12:45.678 [main] INFO api.SurveyPointsApi - All values for field 'Name' are valid for Member ID: 278
12:12:45.683 [main] INFO api.SurveyPointsApi - All values for field 'Name' are valid for Member ID: 279
12:12:45.687 [main] INFO api.SurveyPointsApi - All values for field 'Name' are valid for Member ID: 280
12:12:45.691 [main] INFO api.SurveyPointsApi - All values for field 'Name' are valid for Member ID: 281
12:12:45.695 [main] INFO api.SurveyPointsApi - All values for field 'Name' are valid for Member ID: 282
12:12:45.699 [main] INFO api.SurveyPointsApi - All values for field 'Name' are valid for Member ID: 283
12:12:45.703 [main] INFO api.SurveyPointsApi - All values for field 'Name' are valid for Member ID: 284
12:12:45.707 [main] INFO api.SurveyPointsApi - All values for field 'Name' are valid for Member ID: 285
12:12:45.712 [main] INFO api.SurveyPointsApi - All values for field 'Name' are valid for Member ID: 286
12:12:45.716 [main] INFO api.SurveyPointsApi - All values for field 'Name' are valid for Member ID: 287
12:12:45.720 [main] INFO api.SurveyPointsApi - All values for field 'Name' are valid for Member ID: 288
12:12:45.724 [main] INFO api.SurveyPointsApi - All values for field 'Name' are valid for Member ID: 289
12:12:45.728 [main] INFO api.SurveyPointsApi - All values for field 'Name' are valid for Member ID: 290
12:12:45.732 [main] INFO api.SurveyPointsApi - All values for field 'Name' are valid for Member ID: 291
12:12:45.737 [main] INFO api.SurveyPointsApi - All values for field 'Name' are valid for Member ID: 292
12:12:45.741 [main] INFO api.SurveyPointsApi - All values for field 'Name' are valid for Member ID: 293
12:12:45.745 [main] INFO api.SurveyPointsApi - All values for field 'Name' are valid for Member ID: 294
12:12:45.749 [main] INFO api.SurveyPointsApi - All values for field 'Name' are valid for Member ID: 295
12:12:45.753 [main] INFO api.SurveyPointsApi - All values for field 'Name' are valid for Member ID: 296
12:12:45.757 [main] INFO api.SurveyPointsApi - All values for field 'Name' are valid for Member ID: 297
12:12:45.762 [main] INFO api.SurveyPointsApi - All values for field 'Name' are valid for Member ID: 298
12:12:45.766 [main] INFO api.SurveyPointsApi - All values for field 'Name' are valid for Member ID: 299
12:12:45.770 [main] INFO api.SurveyPointsApi - All values for field 'Name' are valid for Member ID: 300
]]></system-out>
  </testcase>
  <testcase name="testSurveyCompletionPoints" classname="tests.integration.SurveyPointsTest" time="1.288">
    <system-out><![CDATA[12:12:45.772 [main] INFO api.SurveyPointsApi - Starting validation for status: Completion points
12:12:45.777 [main] INFO api.SurveyPointsApi - All values for field 'Completion points' are valid for Member ID: 1
12:12:45.781 [main] INFO api.SurveyPointsApi - All values for field 'Completion points' are valid for Member ID: 2
12:12:45.785 [main] INFO api.SurveyPointsApi - All values for field 'Completion points' are valid for Member ID: 3
12:12:45.790 [main] INFO api.SurveyPointsApi - All values for field 'Completion points' are valid for Member ID: 4
12:12:45.794 [main] INFO api.SurveyPointsApi - All values for field 'Completion points' are valid for Member ID: 5
12:12:45.798 [main] INFO api.SurveyPointsApi - All values for field 'Completion points' are valid for Member ID: 6
12:12:45.803 [main] INFO api.SurveyPointsApi - All values for field 'Completion points' are valid for Member ID: 7
12:12:45.807 [main] INFO api.SurveyPointsApi - All values for field 'Completion points' are valid for Member ID: 8
12:12:45.811 [main] INFO api.SurveyPointsApi - All values for field 'Completion points' are valid for Member ID: 9
12:12:45.815 [main] INFO api.SurveyPointsApi - All values for field 'Completion points' are valid for Member ID: 10
12:12:45.819 [main] INFO api.SurveyPointsApi - All values for field 'Completion points' are valid for Member ID: 11
12:12:45.824 [main] INFO api.SurveyPointsApi - All values for field 'Completion points' are valid for Member ID: 12
12:12:45.828 [main] INFO api.SurveyPointsApi - All values for field 'Completion points' are valid for Member ID: 13
12:12:45.832 [main] INFO api.SurveyPointsApi - All values for field 'Completion points' are valid for Member ID: 14
12:12:45.836 [main] INFO api.SurveyPointsApi - All values for field 'Completion points' are valid for Member ID: 15
12:12:45.843 [main] INFO api.SurveyPointsApi - All values for field 'Completion points' are valid for Member ID: 16
12:12:45.847 [main] INFO api.SurveyPointsApi - All values for field 'Completion points' are valid for Member ID: 17
12:12:45.852 [main] INFO api.SurveyPointsApi - All values for field 'Completion points' are valid for Member ID: 18
12:12:45.856 [main] INFO api.SurveyPointsApi - All values for field 'Completion points' are valid for Member ID: 19
12:12:45.860 [main] INFO api.SurveyPointsApi - All values for field 'Completion points' are valid for Member ID: 20
12:12:45.864 [main] INFO api.SurveyPointsApi - All values for field 'Completion points' are valid for Member ID: 21
12:12:45.868 [main] INFO api.SurveyPointsApi - All values for field 'Completion points' are valid for Member ID: 22
12:12:45.873 [main] INFO api.SurveyPointsApi - All values for field 'Completion points' are valid for Member ID: 23
12:12:45.877 [main] INFO api.SurveyPointsApi - All values for field 'Completion points' are valid for Member ID: 24
12:12:45.881 [main] INFO api.SurveyPointsApi - All values for field 'Completion points' are valid for Member ID: 25
12:12:45.886 [main] INFO api.SurveyPointsApi - All values for field 'Completion points' are valid for Member ID: 26
12:12:45.890 [main] INFO api.SurveyPointsApi - All values for field 'Completion points' are valid for Member ID: 27
12:12:45.894 [main] INFO api.SurveyPointsApi - All values for field 'Completion points' are valid for Member ID: 28
12:12:45.899 [main] INFO api.SurveyPointsApi - All values for field 'Completion points' are valid for Member ID: 29
12:12:45.903 [main] INFO api.SurveyPointsApi - All values for field 'Completion points' are valid for Member ID: 30
12:12:45.907 [main] INFO api.SurveyPointsApi - All values for field 'Completion points' are valid for Member ID: 31
12:12:45.911 [main] INFO api.SurveyPointsApi - All values for field 'Completion points' are valid for Member ID: 32
12:12:45.915 [main] INFO api.SurveyPointsApi - All values for field 'Completion points' are valid for Member ID: 33
12:12:45.920 [main] INFO api.SurveyPointsApi - All values for field 'Completion points' are valid for Member ID: 34
12:12:45.924 [main] INFO api.SurveyPointsApi - All values for field 'Completion points' are valid for Member ID: 35
12:12:45.928 [main] INFO api.SurveyPointsApi - All values for field 'Completion points' are valid for Member ID: 36
12:12:45.932 [main] INFO api.SurveyPointsApi - All values for field 'Completion points' are valid for Member ID: 37
12:12:45.936 [main] INFO api.SurveyPointsApi - All values for field 'Completion points' are valid for Member ID: 38
12:12:45.940 [main] INFO api.SurveyPointsApi - All values for field 'Completion points' are valid for Member ID: 39
12:12:45.945 [main] INFO api.SurveyPointsApi - All values for field 'Completion points' are valid for Member ID: 40
12:12:45.949 [main] INFO api.SurveyPointsApi - All values for field 'Completion points' are valid for Member ID: 41
12:12:45.953 [main] INFO api.SurveyPointsApi - All values for field 'Completion points' are valid for Member ID: 42
12:12:45.957 [main] INFO api.SurveyPointsApi - All values for field 'Completion points' are valid for Member ID: 43
12:12:45.961 [main] INFO api.SurveyPointsApi - All values for field 'Completion points' are valid for Member ID: 44
12:12:45.966 [main] INFO api.SurveyPointsApi - All values for field 'Completion points' are valid for Member ID: 45
12:12:45.970 [main] INFO api.SurveyPointsApi - All values for field 'Completion points' are valid for Member ID: 46
12:12:45.974 [main] INFO api.SurveyPointsApi - All values for field 'Completion points' are valid for Member ID: 47
12:12:45.979 [main] INFO api.SurveyPointsApi - All values for field 'Completion points' are valid for Member ID: 48
12:12:45.984 [main] INFO api.SurveyPointsApi - All values for field 'Completion points' are valid for Member ID: 49
12:12:45.989 [main] INFO api.SurveyPointsApi - All values for field 'Completion points' are valid for Member ID: 50
12:12:45.994 [main] INFO api.SurveyPointsApi - All values for field 'Completion points' are valid for Member ID: 51
12:12:45.998 [main] INFO api.SurveyPointsApi - All values for field 'Completion points' are valid for Member ID: 52
12:12:46.003 [main] INFO api.SurveyPointsApi - All values for field 'Completion points' are valid for Member ID: 53
12:12:46.007 [main] INFO api.SurveyPointsApi - All values for field 'Completion points' are valid for Member ID: 54
12:12:46.011 [main] INFO api.SurveyPointsApi - All values for field 'Completion points' are valid for Member ID: 55
12:12:46.015 [main] INFO api.SurveyPointsApi - All values for field 'Completion points' are valid for Member ID: 56
12:12:46.019 [main] INFO api.SurveyPointsApi - All values for field 'Completion points' are valid for Member ID: 57
12:12:46.024 [main] INFO api.SurveyPointsApi - All values for field 'Completion points' are valid for Member ID: 58
12:12:46.028 [main] INFO api.SurveyPointsApi - All values for field 'Completion points' are valid for Member ID: 59
12:12:46.032 [main] INFO api.SurveyPointsApi - All values for field 'Completion points' are valid for Member ID: 60
12:12:46.036 [main] INFO api.SurveyPointsApi - All values for field 'Completion points' are valid for Member ID: 61
12:12:46.040 [main] INFO api.SurveyPointsApi - All values for field 'Completion points' are valid for Member ID: 62
12:12:46.044 [main] INFO api.SurveyPointsApi - All values for field 'Completion points' are valid for Member ID: 63
12:12:46.048 [main] INFO api.SurveyPointsApi - All values for field 'Completion points' are valid for Member ID: 64
12:12:46.052 [main] INFO api.SurveyPointsApi - All values for field 'Completion points' are valid for Member ID: 65
12:12:46.057 [main] INFO api.SurveyPointsApi - All values for field 'Completion points' are valid for Member ID: 66
12:12:46.061 [main] INFO api.SurveyPointsApi - All values for field 'Completion points' are valid for Member ID: 67
12:12:46.065 [main] INFO api.SurveyPointsApi - All values for field 'Completion points' are valid for Member ID: 68
12:12:46.070 [main] INFO api.SurveyPointsApi - All values for field 'Completion points' are valid for Member ID: 69
12:12:46.074 [main] INFO api.SurveyPointsApi - All values for field 'Completion points' are valid for Member ID: 70
12:12:46.078 [main] INFO api.SurveyPointsApi - All values for field 'Completion points' are valid for Member ID: 71
12:12:46.082 [main] INFO api.SurveyPointsApi - All values for field 'Completion points' are valid for Member ID: 72
12:12:46.086 [main] INFO api.SurveyPointsApi - All values for field 'Completion points' are valid for Member ID: 73
12:12:46.090 [main] INFO api.SurveyPointsApi - All values for field 'Completion points' are valid for Member ID: 74
12:12:46.094 [main] INFO api.SurveyPointsApi - All values for field 'Completion points' are valid for Member ID: 75
12:12:46.099 [main] INFO api.SurveyPointsApi - All values for field 'Completion points' are valid for Member ID: 76
12:12:46.103 [main] INFO api.SurveyPointsApi - All values for field 'Completion points' are valid for Member ID: 77
12:12:46.107 [main] INFO api.SurveyPointsApi - All values for field 'Completion points' are valid for Member ID: 78
12:12:46.111 [main] INFO api.SurveyPointsApi - All values for field 'Completion points' are valid for Member ID: 79
12:12:46.118 [main] INFO api.SurveyPointsApi - All values for field 'Completion points' are valid for Member ID: 80
12:12:46.123 [main] INFO api.SurveyPointsApi - All values for field 'Completion points' are valid for Member ID: 81
12:12:46.127 [main] INFO api.SurveyPointsApi - All values for field 'Completion points' are valid for Member ID: 82
12:12:46.131 [main] INFO api.SurveyPointsApi - All values for field 'Completion points' are valid for Member ID: 83
12:12:46.135 [main] INFO api.SurveyPointsApi - All values for field 'Completion points' are valid for Member ID: 84
12:12:46.139 [main] INFO api.SurveyPointsApi - All values for field 'Completion points' are valid for Member ID: 85
12:12:46.143 [main] INFO api.SurveyPointsApi - All values for field 'Completion points' are valid for Member ID: 86
12:12:46.148 [main] INFO api.SurveyPointsApi - All values for field 'Completion points' are valid for Member ID: 87
12:12:46.152 [main] INFO api.SurveyPointsApi - All values for field 'Completion points' are valid for Member ID: 88
12:12:46.156 [main] INFO api.SurveyPointsApi - All values for field 'Completion points' are valid for Member ID: 89
12:12:46.160 [main] INFO api.SurveyPointsApi - All values for field 'Completion points' are valid for Member ID: 90
12:12:46.164 [main] INFO api.SurveyPointsApi - All values for field 'Completion points' are valid for Member ID: 91
12:12:46.168 [main] INFO api.SurveyPointsApi - All values for field 'Completion points' are valid for Member ID: 92
12:12:46.173 [main] INFO api.SurveyPointsApi - All values for field 'Completion points' are valid for Member ID: 93
12:12:46.177 [main] INFO api.SurveyPointsApi - All values for field 'Completion points' are valid for Member ID: 94
12:12:46.181 [main] INFO api.SurveyPointsApi - All values for field 'Completion points' are valid for Member ID: 95
12:12:46.185 [main] INFO api.SurveyPointsApi - All values for field 'Completion points' are valid for Member ID: 96
12:12:46.189 [main] INFO api.SurveyPointsApi - All values for field 'Completion points' are valid for Member ID: 97
12:12:46.193 [main] INFO api.SurveyPointsApi - All values for field 'Completion points' are valid for Member ID: 98
12:12:46.198 [main] INFO api.SurveyPointsApi - All values for field 'Completion points' are valid for Member ID: 99
12:12:46.202 [main] INFO api.SurveyPointsApi - All values for field 'Completion points' are valid for Member ID: 100
12:12:46.206 [main] INFO api.SurveyPointsApi - All values for field 'Completion points' are valid for Member ID: 101
12:12:46.210 [main] INFO api.SurveyPointsApi - All values for field 'Completion points' are valid for Member ID: 102
12:12:46.215 [main] INFO api.SurveyPointsApi - All values for field 'Completion points' are valid for Member ID: 103
12:12:46.219 [main] INFO api.SurveyPointsApi - All values for field 'Completion points' are valid for Member ID: 104
12:12:46.223 [main] INFO api.SurveyPointsApi - All values for field 'Completion points' are valid for Member ID: 105
12:12:46.227 [main] INFO api.SurveyPointsApi - All values for field 'Completion points' are valid for Member ID: 106
12:12:46.231 [main] INFO api.SurveyPointsApi - All values for field 'Completion points' are valid for Member ID: 107
12:12:46.236 [main] INFO api.SurveyPointsApi - All values for field 'Completion points' are valid for Member ID: 108
12:12:46.240 [main] INFO api.SurveyPointsApi - All values for field 'Completion points' are valid for Member ID: 109
12:12:46.244 [main] INFO api.SurveyPointsApi - All values for field 'Completion points' are valid for Member ID: 110
12:12:46.248 [main] INFO api.SurveyPointsApi - All values for field 'Completion points' are valid for Member ID: 111
12:12:46.252 [main] INFO api.SurveyPointsApi - All values for field 'Completion points' are valid for Member ID: 112
12:12:46.257 [main] INFO api.SurveyPointsApi - All values for field 'Completion points' are valid for Member ID: 113
12:12:46.261 [main] INFO api.SurveyPointsApi - All values for field 'Completion points' are valid for Member ID: 114
12:12:46.265 [main] INFO api.SurveyPointsApi - All values for field 'Completion points' are valid for Member ID: 115
12:12:46.269 [main] INFO api.SurveyPointsApi - All values for field 'Completion points' are valid for Member ID: 116
12:12:46.273 [main] INFO api.SurveyPointsApi - All values for field 'Completion points' are valid for Member ID: 117
12:12:46.277 [main] INFO api.SurveyPointsApi - All values for field 'Completion points' are valid for Member ID: 118
12:12:46.281 [main] INFO api.SurveyPointsApi - All values for field 'Completion points' are valid for Member ID: 119
12:12:46.286 [main] INFO api.SurveyPointsApi - All values for field 'Completion points' are valid for Member ID: 120
12:12:46.290 [main] INFO api.SurveyPointsApi - All values for field 'Completion points' are valid for Member ID: 121
12:12:46.294 [main] INFO api.SurveyPointsApi - All values for field 'Completion points' are valid for Member ID: 122
12:12:46.298 [main] INFO api.SurveyPointsApi - All values for field 'Completion points' are valid for Member ID: 123
12:12:46.302 [main] INFO api.SurveyPointsApi - All values for field 'Completion points' are valid for Member ID: 124
12:12:46.307 [main] INFO api.SurveyPointsApi - All values for field 'Completion points' are valid for Member ID: 125
12:12:46.311 [main] INFO api.SurveyPointsApi - All values for field 'Completion points' are valid for Member ID: 126
12:12:46.315 [main] INFO api.SurveyPointsApi - All values for field 'Completion points' are valid for Member ID: 127
12:12:46.319 [main] INFO api.SurveyPointsApi - All values for field 'Completion points' are valid for Member ID: 128
12:12:46.324 [main] INFO api.SurveyPointsApi - All values for field 'Completion points' are valid for Member ID: 129
12:12:46.328 [main] INFO api.SurveyPointsApi - All values for field 'Completion points' are valid for Member ID: 130
12:12:46.332 [main] INFO api.SurveyPointsApi - All values for field 'Completion points' are valid for Member ID: 131
12:12:46.337 [main] INFO api.SurveyPointsApi - All values for field 'Completion points' are valid for Member ID: 132
12:12:46.341 [main] INFO api.SurveyPointsApi - All values for field 'Completion points' are valid for Member ID: 133
12:12:46.345 [main] INFO api.SurveyPointsApi - All values for field 'Completion points' are valid for Member ID: 134
12:12:46.349 [main] INFO api.SurveyPointsApi - All values for field 'Completion points' are valid for Member ID: 135
12:12:46.354 [main] INFO api.SurveyPointsApi - All values for field 'Completion points' are valid for Member ID: 136
12:12:46.358 [main] INFO api.SurveyPointsApi - All values for field 'Completion points' are valid for Member ID: 137
12:12:46.362 [main] INFO api.SurveyPointsApi - All values for field 'Completion points' are valid for Member ID: 138
12:12:46.366 [main] INFO api.SurveyPointsApi - All values for field 'Completion points' are valid for Member ID: 139
12:12:46.370 [main] INFO api.SurveyPointsApi - All values for field 'Completion points' are valid for Member ID: 140
12:12:46.374 [main] INFO api.SurveyPointsApi - All values for field 'Completion points' are valid for Member ID: 141
12:12:46.378 [main] INFO api.SurveyPointsApi - All values for field 'Completion points' are valid for Member ID: 142
12:12:46.382 [main] INFO api.SurveyPointsApi - All values for field 'Completion points' are valid for Member ID: 143
12:12:46.390 [main] INFO api.SurveyPointsApi - All values for field 'Completion points' are valid for Member ID: 144
12:12:46.394 [main] INFO api.SurveyPointsApi - All values for field 'Completion points' are valid for Member ID: 145
12:12:46.398 [main] INFO api.SurveyPointsApi - All values for field 'Completion points' are valid for Member ID: 146
12:12:46.402 [main] INFO api.SurveyPointsApi - All values for field 'Completion points' are valid for Member ID: 147
12:12:46.407 [main] INFO api.SurveyPointsApi - All values for field 'Completion points' are valid for Member ID: 148
12:12:46.411 [main] INFO api.SurveyPointsApi - All values for field 'Completion points' are valid for Member ID: 149
12:12:46.415 [main] INFO api.SurveyPointsApi - All values for field 'Completion points' are valid for Member ID: 150
12:12:46.419 [main] INFO api.SurveyPointsApi - All values for field 'Completion points' are valid for Member ID: 151
12:12:46.423 [main] INFO api.SurveyPointsApi - All values for field 'Completion points' are valid for Member ID: 152
12:12:46.428 [main] INFO api.SurveyPointsApi - All values for field 'Completion points' are valid for Member ID: 153
12:12:46.432 [main] INFO api.SurveyPointsApi - All values for field 'Completion points' are valid for Member ID: 154
12:12:46.437 [main] INFO api.SurveyPointsApi - All values for field 'Completion points' are valid for Member ID: 155
12:12:46.441 [main] INFO api.SurveyPointsApi - All values for field 'Completion points' are valid for Member ID: 156
12:12:46.445 [main] INFO api.SurveyPointsApi - All values for field 'Completion points' are valid for Member ID: 157
12:12:46.450 [main] INFO api.SurveyPointsApi - All values for field 'Completion points' are valid for Member ID: 158
12:12:46.454 [main] INFO api.SurveyPointsApi - All values for field 'Completion points' are valid for Member ID: 159
12:12:46.458 [main] INFO api.SurveyPointsApi - All values for field 'Completion points' are valid for Member ID: 160
12:12:46.462 [main] INFO api.SurveyPointsApi - All values for field 'Completion points' are valid for Member ID: 161
12:12:46.467 [main] INFO api.SurveyPointsApi - All values for field 'Completion points' are valid for Member ID: 162
12:12:46.471 [main] INFO api.SurveyPointsApi - All values for field 'Completion points' are valid for Member ID: 163
12:12:46.475 [main] INFO api.SurveyPointsApi - All values for field 'Completion points' are valid for Member ID: 164
12:12:46.479 [main] INFO api.SurveyPointsApi - All values for field 'Completion points' are valid for Member ID: 165
12:12:46.483 [main] INFO api.SurveyPointsApi - All values for field 'Completion points' are valid for Member ID: 166
12:12:46.487 [main] INFO api.SurveyPointsApi - All values for field 'Completion points' are valid for Member ID: 167
12:12:46.491 [main] INFO api.SurveyPointsApi - All values for field 'Completion points' are valid for Member ID: 168
12:12:46.496 [main] INFO api.SurveyPointsApi - All values for field 'Completion points' are valid for Member ID: 169
12:12:46.500 [main] INFO api.SurveyPointsApi - All values for field 'Completion points' are valid for Member ID: 170
12:12:46.504 [main] INFO api.SurveyPointsApi - All values for field 'Completion points' are valid for Member ID: 171
12:12:46.508 [main] INFO api.SurveyPointsApi - All values for field 'Completion points' are valid for Member ID: 172
12:12:46.512 [main] INFO api.SurveyPointsApi - All values for field 'Completion points' are valid for Member ID: 173
12:12:46.516 [main] INFO api.SurveyPointsApi - All values for field 'Completion points' are valid for Member ID: 174
12:12:46.520 [main] INFO api.SurveyPointsApi - All values for field 'Completion points' are valid for Member ID: 175
12:12:46.525 [main] INFO api.SurveyPointsApi - All values for field 'Completion points' are valid for Member ID: 176
12:12:46.529 [main] INFO api.SurveyPointsApi - All values for field 'Completion points' are valid for Member ID: 177
12:12:46.533 [main] INFO api.SurveyPointsApi - All values for field 'Completion points' are valid for Member ID: 178
12:12:46.537 [main] INFO api.SurveyPointsApi - All values for field 'Completion points' are valid for Member ID: 179
12:12:46.542 [main] INFO api.SurveyPointsApi - All values for field 'Completion points' are valid for Member ID: 180
12:12:46.546 [main] INFO api.SurveyPointsApi - All values for field 'Completion points' are valid for Member ID: 181
12:12:46.550 [main] INFO api.SurveyPointsApi - All values for field 'Completion points' are valid for Member ID: 182
12:12:46.554 [main] INFO api.SurveyPointsApi - All values for field 'Completion points' are valid for Member ID: 183
12:12:46.559 [main] INFO api.SurveyPointsApi - All values for field 'Completion points' are valid for Member ID: 184
12:12:46.563 [main] INFO api.SurveyPointsApi - All values for field 'Completion points' are valid for Member ID: 185
12:12:46.567 [main] INFO api.SurveyPointsApi - All values for field 'Completion points' are valid for Member ID: 186
12:12:46.571 [main] INFO api.SurveyPointsApi - All values for field 'Completion points' are valid for Member ID: 187
12:12:46.575 [main] INFO api.SurveyPointsApi - All values for field 'Completion points' are valid for Member ID: 188
12:12:46.580 [main] INFO api.SurveyPointsApi - All values for field 'Completion points' are valid for Member ID: 189
12:12:46.584 [main] INFO api.SurveyPointsApi - All values for field 'Completion points' are valid for Member ID: 190
12:12:46.588 [main] INFO api.SurveyPointsApi - All values for field 'Completion points' are valid for Member ID: 191
12:12:46.592 [main] INFO api.SurveyPointsApi - All values for field 'Completion points' are valid for Member ID: 192
12:12:46.596 [main] INFO api.SurveyPointsApi - All values for field 'Completion points' are valid for Member ID: 193
12:12:46.601 [main] INFO api.SurveyPointsApi - All values for field 'Completion points' are valid for Member ID: 194
12:12:46.605 [main] INFO api.SurveyPointsApi - All values for field 'Completion points' are valid for Member ID: 195
12:12:46.609 [main] INFO api.SurveyPointsApi - All values for field 'Completion points' are valid for Member ID: 196
12:12:46.613 [main] INFO api.SurveyPointsApi - All values for field 'Completion points' are valid for Member ID: 197
12:12:46.618 [main] INFO api.SurveyPointsApi - All values for field 'Completion points' are valid for Member ID: 198
12:12:46.622 [main] INFO api.SurveyPointsApi - All values for field 'Completion points' are valid for Member ID: 199
12:12:46.626 [main] INFO api.SurveyPointsApi - All values for field 'Completion points' are valid for Member ID: 200
12:12:46.631 [main] INFO api.SurveyPointsApi - All values for field 'Completion points' are valid for Member ID: 201
12:12:46.636 [main] INFO api.SurveyPointsApi - All values for field 'Completion points' are valid for Member ID: 202
12:12:46.640 [main] INFO api.SurveyPointsApi - All values for field 'Completion points' are valid for Member ID: 203
12:12:46.645 [main] INFO api.SurveyPointsApi - All values for field 'Completion points' are valid for Member ID: 204
12:12:46.649 [main] INFO api.SurveyPointsApi - All values for field 'Completion points' are valid for Member ID: 205
12:12:46.653 [main] INFO api.SurveyPointsApi - All values for field 'Completion points' are valid for Member ID: 206
12:12:46.658 [main] INFO api.SurveyPointsApi - All values for field 'Completion points' are valid for Member ID: 207
12:12:46.665 [main] INFO api.SurveyPointsApi - All values for field 'Completion points' are valid for Member ID: 208
12:12:46.669 [main] INFO api.SurveyPointsApi - All values for field 'Completion points' are valid for Member ID: 209
12:12:46.674 [main] INFO api.SurveyPointsApi - All values for field 'Completion points' are valid for Member ID: 210
12:12:46.678 [main] INFO api.SurveyPointsApi - All values for field 'Completion points' are valid for Member ID: 211
12:12:46.682 [main] INFO api.SurveyPointsApi - All values for field 'Completion points' are valid for Member ID: 212
12:12:46.686 [main] INFO api.SurveyPointsApi - All values for field 'Completion points' are valid for Member ID: 213
12:12:46.691 [main] INFO api.SurveyPointsApi - All values for field 'Completion points' are valid for Member ID: 214
12:12:46.695 [main] INFO api.SurveyPointsApi - All values for field 'Completion points' are valid for Member ID: 215
12:12:46.699 [main] INFO api.SurveyPointsApi - All values for field 'Completion points' are valid for Member ID: 216
12:12:46.703 [main] INFO api.SurveyPointsApi - All values for field 'Completion points' are valid for Member ID: 217
12:12:46.707 [main] INFO api.SurveyPointsApi - All values for field 'Completion points' are valid for Member ID: 218
12:12:46.711 [main] INFO api.SurveyPointsApi - All values for field 'Completion points' are valid for Member ID: 219
12:12:46.716 [main] INFO api.SurveyPointsApi - All values for field 'Completion points' are valid for Member ID: 220
12:12:46.720 [main] INFO api.SurveyPointsApi - All values for field 'Completion points' are valid for Member ID: 221
12:12:46.724 [main] INFO api.SurveyPointsApi - All values for field 'Completion points' are valid for Member ID: 222
12:12:46.728 [main] INFO api.SurveyPointsApi - All values for field 'Completion points' are valid for Member ID: 223
12:12:46.732 [main] INFO api.SurveyPointsApi - All values for field 'Completion points' are valid for Member ID: 224
12:12:46.737 [main] INFO api.SurveyPointsApi - All values for field 'Completion points' are valid for Member ID: 225
12:12:46.741 [main] INFO api.SurveyPointsApi - All values for field 'Completion points' are valid for Member ID: 226
12:12:46.745 [main] INFO api.SurveyPointsApi - All values for field 'Completion points' are valid for Member ID: 227
12:12:46.750 [main] INFO api.SurveyPointsApi - All values for field 'Completion points' are valid for Member ID: 228
12:12:46.754 [main] INFO api.SurveyPointsApi - All values for field 'Completion points' are valid for Member ID: 229
12:12:46.759 [main] INFO api.SurveyPointsApi - All values for field 'Completion points' are valid for Member ID: 230
12:12:46.763 [main] INFO api.SurveyPointsApi - All values for field 'Completion points' are valid for Member ID: 231
12:12:46.767 [main] INFO api.SurveyPointsApi - All values for field 'Completion points' are valid for Member ID: 232
12:12:46.772 [main] INFO api.SurveyPointsApi - All values for field 'Completion points' are valid for Member ID: 233
12:12:46.776 [main] INFO api.SurveyPointsApi - All values for field 'Completion points' are valid for Member ID: 234
12:12:46.781 [main] INFO api.SurveyPointsApi - All values for field 'Completion points' are valid for Member ID: 235
12:12:46.785 [main] INFO api.SurveyPointsApi - All values for field 'Completion points' are valid for Member ID: 236
12:12:46.789 [main] INFO api.SurveyPointsApi - All values for field 'Completion points' are valid for Member ID: 237
12:12:46.793 [main] INFO api.SurveyPointsApi - All values for field 'Completion points' are valid for Member ID: 238
12:12:46.798 [main] INFO api.SurveyPointsApi - All values for field 'Completion points' are valid for Member ID: 239
12:12:46.802 [main] INFO api.SurveyPointsApi - All values for field 'Completion points' are valid for Member ID: 240
12:12:46.807 [main] INFO api.SurveyPointsApi - All values for field 'Completion points' are valid for Member ID: 241
12:12:46.811 [main] INFO api.SurveyPointsApi - All values for field 'Completion points' are valid for Member ID: 242
12:12:46.815 [main] INFO api.SurveyPointsApi - All values for field 'Completion points' are valid for Member ID: 243
12:12:46.819 [main] INFO api.SurveyPointsApi - All values for field 'Completion points' are valid for Member ID: 244
12:12:46.823 [main] INFO api.SurveyPointsApi - All values for field 'Completion points' are valid for Member ID: 245
12:12:46.827 [main] INFO api.SurveyPointsApi - All values for field 'Completion points' are valid for Member ID: 246
12:12:46.831 [main] INFO api.SurveyPointsApi - All values for field 'Completion points' are valid for Member ID: 247
12:12:46.836 [main] INFO api.SurveyPointsApi - All values for field 'Completion points' are valid for Member ID: 248
12:12:46.840 [main] INFO api.SurveyPointsApi - All values for field 'Completion points' are valid for Member ID: 249
12:12:46.844 [main] INFO api.SurveyPointsApi - All values for field 'Completion points' are valid for Member ID: 250
12:12:46.848 [main] INFO api.SurveyPointsApi - All values for field 'Completion points' are valid for Member ID: 251
12:12:46.852 [main] INFO api.SurveyPointsApi - All values for field 'Completion points' are valid for Member ID: 252
12:12:46.857 [main] INFO api.SurveyPointsApi - All values for field 'Completion points' are valid for Member ID: 253
12:12:46.861 [main] INFO api.SurveyPointsApi - All values for field 'Completion points' are valid for Member ID: 254
12:12:46.866 [main] INFO api.SurveyPointsApi - All values for field 'Completion points' are valid for Member ID: 255
12:12:46.870 [main] INFO api.SurveyPointsApi - All values for field 'Completion points' are valid for Member ID: 256
12:12:46.874 [main] INFO api.SurveyPointsApi - All values for field 'Completion points' are valid for Member ID: 257
12:12:46.879 [main] INFO api.SurveyPointsApi - All values for field 'Completion points' are valid for Member ID: 258
12:12:46.883 [main] INFO api.SurveyPointsApi - All values for field 'Completion points' are valid for Member ID: 259
12:12:46.887 [main] INFO api.SurveyPointsApi - All values for field 'Completion points' are valid for Member ID: 260
12:12:46.891 [main] INFO api.SurveyPointsApi - All values for field 'Completion points' are valid for Member ID: 261
12:12:46.895 [main] INFO api.SurveyPointsApi - All values for field 'Completion points' are valid for Member ID: 262
12:12:46.900 [main] INFO api.SurveyPointsApi - All values for field 'Completion points' are valid for Member ID: 263
12:12:46.904 [main] INFO api.SurveyPointsApi - All values for field 'Completion points' are valid for Member ID: 264
12:12:46.908 [main] INFO api.SurveyPointsApi - All values for field 'Completion points' are valid for Member ID: 265
12:12:46.912 [main] INFO api.SurveyPointsApi - All values for field 'Completion points' are valid for Member ID: 266
12:12:46.916 [main] INFO api.SurveyPointsApi - All values for field 'Completion points' are valid for Member ID: 267
12:12:46.921 [main] INFO api.SurveyPointsApi - All values for field 'Completion points' are valid for Member ID: 268
12:12:46.925 [main] INFO api.SurveyPointsApi - All values for field 'Completion points' are valid for Member ID: 269
12:12:46.929 [main] INFO api.SurveyPointsApi - All values for field 'Completion points' are valid for Member ID: 270
12:12:46.933 [main] INFO api.SurveyPointsApi - All values for field 'Completion points' are valid for Member ID: 271
12:12:46.940 [main] INFO api.SurveyPointsApi - All values for field 'Completion points' are valid for Member ID: 272
12:12:46.945 [main] INFO api.SurveyPointsApi - All values for field 'Completion points' are valid for Member ID: 273
12:12:46.949 [main] INFO api.SurveyPointsApi - All values for field 'Completion points' are valid for Member ID: 274
12:12:46.953 [main] INFO api.SurveyPointsApi - All values for field 'Completion points' are valid for Member ID: 275
12:12:46.957 [main] INFO api.SurveyPointsApi - All values for field 'Completion points' are valid for Member ID: 276
12:12:46.962 [main] INFO api.SurveyPointsApi - All values for field 'Completion points' are valid for Member ID: 277
12:12:46.966 [main] INFO api.SurveyPointsApi - All values for field 'Completion points' are valid for Member ID: 278
12:12:46.970 [main] INFO api.SurveyPointsApi - All values for field 'Completion points' are valid for Member ID: 279
12:12:46.975 [main] INFO api.SurveyPointsApi - All values for field 'Completion points' are valid for Member ID: 280
12:12:46.979 [main] INFO api.SurveyPointsApi - All values for field 'Completion points' are valid for Member ID: 281
12:12:46.983 [main] INFO api.SurveyPointsApi - All values for field 'Completion points' are valid for Member ID: 282
12:12:46.988 [main] INFO api.SurveyPointsApi - All values for field 'Completion points' are valid for Member ID: 283
12:12:46.992 [main] INFO api.SurveyPointsApi - All values for field 'Completion points' are valid for Member ID: 284
12:12:46.996 [main] INFO api.SurveyPointsApi - All values for field 'Completion points' are valid for Member ID: 285
12:12:47.001 [main] INFO api.SurveyPointsApi - All values for field 'Completion points' are valid for Member ID: 286
12:12:47.005 [main] INFO api.SurveyPointsApi - All values for field 'Completion points' are valid for Member ID: 287
12:12:47.009 [main] INFO api.SurveyPointsApi - All values for field 'Completion points' are valid for Member ID: 288
12:12:47.013 [main] INFO api.SurveyPointsApi - All values for field 'Completion points' are valid for Member ID: 289
12:12:47.017 [main] INFO api.SurveyPointsApi - All values for field 'Completion points' are valid for Member ID: 290
12:12:47.021 [main] INFO api.SurveyPointsApi - All values for field 'Completion points' are valid for Member ID: 291
12:12:47.026 [main] INFO api.SurveyPointsApi - All values for field 'Completion points' are valid for Member ID: 292
12:12:47.030 [main] INFO api.SurveyPointsApi - All values for field 'Completion points' are valid for Member ID: 293
12:12:47.034 [main] INFO api.SurveyPointsApi - All values for field 'Completion points' are valid for Member ID: 294
12:12:47.038 [main] INFO api.SurveyPointsApi - All values for field 'Completion points' are valid for Member ID: 295
12:12:47.043 [main] INFO api.SurveyPointsApi - All values for field 'Completion points' are valid for Member ID: 296
12:12:47.047 [main] INFO api.SurveyPointsApi - All values for field 'Completion points' are valid for Member ID: 297
12:12:47.051 [main] INFO api.SurveyPointsApi - All values for field 'Completion points' are valid for Member ID: 298
12:12:47.055 [main] INFO api.SurveyPointsApi - All values for field 'Completion points' are valid for Member ID: 299
12:12:47.059 [main] INFO api.SurveyPointsApi - All values for field 'Completion points' are valid for Member ID: 300
]]></system-out>
  </testcase>
  <testcase name="testSurveyExpectedCompletes" classname="tests.integration.SurveyPointsTest" time="1.332">
    <system-out><![CDATA[12:12:47.061 [main] INFO api.SurveyPointsApi - Starting validation for status: Expected completes
12:12:47.066 [main] INFO api.SurveyPointsApi - All values for field 'Expected completes' are valid for Member ID: 1
12:12:47.070 [main] INFO api.SurveyPointsApi - All values for field 'Expected completes' are valid for Member ID: 2
12:12:47.075 [main] INFO api.SurveyPointsApi - All values for field 'Expected completes' are valid for Member ID: 3
12:12:47.079 [main] INFO api.SurveyPointsApi - All values for field 'Expected completes' are valid for Member ID: 4
12:12:47.083 [main] INFO api.SurveyPointsApi - All values for field 'Expected completes' are valid for Member ID: 5
12:12:47.087 [main] INFO api.SurveyPointsApi - All values for field 'Expected completes' are valid for Member ID: 6
12:12:47.092 [main] INFO api.SurveyPointsApi - All values for field 'Expected completes' are valid for Member ID: 7
12:12:47.096 [main] INFO api.SurveyPointsApi - All values for field 'Expected completes' are valid for Member ID: 8
12:12:47.100 [main] INFO api.SurveyPointsApi - All values for field 'Expected completes' are valid for Member ID: 9
12:12:47.105 [main] INFO api.SurveyPointsApi - All values for field 'Expected completes' are valid for Member ID: 10
12:12:47.109 [main] INFO api.SurveyPointsApi - All values for field 'Expected completes' are valid for Member ID: 11
12:12:47.113 [main] INFO api.SurveyPointsApi - All values for field 'Expected completes' are valid for Member ID: 12
12:12:47.117 [main] INFO api.SurveyPointsApi - All values for field 'Expected completes' are valid for Member ID: 13
12:12:47.122 [main] INFO api.SurveyPointsApi - All values for field 'Expected completes' are valid for Member ID: 14
12:12:47.126 [main] INFO api.SurveyPointsApi - All values for field 'Expected completes' are valid for Member ID: 15
12:12:47.130 [main] INFO api.SurveyPointsApi - All values for field 'Expected completes' are valid for Member ID: 16
12:12:47.134 [main] INFO api.SurveyPointsApi - All values for field 'Expected completes' are valid for Member ID: 17
12:12:47.138 [main] INFO api.SurveyPointsApi - All values for field 'Expected completes' are valid for Member ID: 18
12:12:47.143 [main] INFO api.SurveyPointsApi - All values for field 'Expected completes' are valid for Member ID: 19
12:12:47.148 [main] INFO api.SurveyPointsApi - All values for field 'Expected completes' are valid for Member ID: 20
12:12:47.152 [main] INFO api.SurveyPointsApi - All values for field 'Expected completes' are valid for Member ID: 21
12:12:47.157 [main] INFO api.SurveyPointsApi - All values for field 'Expected completes' are valid for Member ID: 22
12:12:47.161 [main] INFO api.SurveyPointsApi - All values for field 'Expected completes' are valid for Member ID: 23
12:12:47.166 [main] INFO api.SurveyPointsApi - All values for field 'Expected completes' are valid for Member ID: 24
12:12:47.170 [main] INFO api.SurveyPointsApi - All values for field 'Expected completes' are valid for Member ID: 25
12:12:47.175 [main] INFO api.SurveyPointsApi - All values for field 'Expected completes' are valid for Member ID: 26
12:12:47.179 [main] INFO api.SurveyPointsApi - All values for field 'Expected completes' are valid for Member ID: 27
12:12:47.184 [main] INFO api.SurveyPointsApi - All values for field 'Expected completes' are valid for Member ID: 28
12:12:47.188 [main] INFO api.SurveyPointsApi - All values for field 'Expected completes' are valid for Member ID: 29
12:12:47.193 [main] INFO api.SurveyPointsApi - All values for field 'Expected completes' are valid for Member ID: 30
12:12:47.197 [main] INFO api.SurveyPointsApi - All values for field 'Expected completes' are valid for Member ID: 31
12:12:47.202 [main] INFO api.SurveyPointsApi - All values for field 'Expected completes' are valid for Member ID: 32
12:12:47.206 [main] INFO api.SurveyPointsApi - All values for field 'Expected completes' are valid for Member ID: 33
12:12:47.210 [main] INFO api.SurveyPointsApi - All values for field 'Expected completes' are valid for Member ID: 34
12:12:47.214 [main] INFO api.SurveyPointsApi - All values for field 'Expected completes' are valid for Member ID: 35
12:12:47.222 [main] INFO api.SurveyPointsApi - All values for field 'Expected completes' are valid for Member ID: 36
12:12:47.226 [main] INFO api.SurveyPointsApi - All values for field 'Expected completes' are valid for Member ID: 37
12:12:47.230 [main] INFO api.SurveyPointsApi - All values for field 'Expected completes' are valid for Member ID: 38
12:12:47.234 [main] INFO api.SurveyPointsApi - All values for field 'Expected completes' are valid for Member ID: 39
12:12:47.239 [main] INFO api.SurveyPointsApi - All values for field 'Expected completes' are valid for Member ID: 40
12:12:47.243 [main] INFO api.SurveyPointsApi - All values for field 'Expected completes' are valid for Member ID: 41
12:12:47.248 [main] INFO api.SurveyPointsApi - All values for field 'Expected completes' are valid for Member ID: 42
12:12:47.252 [main] INFO api.SurveyPointsApi - All values for field 'Expected completes' are valid for Member ID: 43
12:12:47.256 [main] INFO api.SurveyPointsApi - All values for field 'Expected completes' are valid for Member ID: 44
12:12:47.260 [main] INFO api.SurveyPointsApi - All values for field 'Expected completes' are valid for Member ID: 45
12:12:47.265 [main] INFO api.SurveyPointsApi - All values for field 'Expected completes' are valid for Member ID: 46
12:12:47.269 [main] INFO api.SurveyPointsApi - All values for field 'Expected completes' are valid for Member ID: 47
12:12:47.273 [main] INFO api.SurveyPointsApi - All values for field 'Expected completes' are valid for Member ID: 48
12:12:47.278 [main] INFO api.SurveyPointsApi - All values for field 'Expected completes' are valid for Member ID: 49
12:12:47.283 [main] INFO api.SurveyPointsApi - All values for field 'Expected completes' are valid for Member ID: 50
12:12:47.287 [main] INFO api.SurveyPointsApi - All values for field 'Expected completes' are valid for Member ID: 51
12:12:47.291 [main] INFO api.SurveyPointsApi - All values for field 'Expected completes' are valid for Member ID: 52
12:12:47.296 [main] INFO api.SurveyPointsApi - All values for field 'Expected completes' are valid for Member ID: 53
12:12:47.300 [main] INFO api.SurveyPointsApi - All values for field 'Expected completes' are valid for Member ID: 54
12:12:47.304 [main] INFO api.SurveyPointsApi - All values for field 'Expected completes' are valid for Member ID: 55
12:12:47.309 [main] INFO api.SurveyPointsApi - All values for field 'Expected completes' are valid for Member ID: 56
12:12:47.313 [main] INFO api.SurveyPointsApi - All values for field 'Expected completes' are valid for Member ID: 57
12:12:47.317 [main] INFO api.SurveyPointsApi - All values for field 'Expected completes' are valid for Member ID: 58
12:12:47.322 [main] INFO api.SurveyPointsApi - All values for field 'Expected completes' are valid for Member ID: 59
12:12:47.326 [main] INFO api.SurveyPointsApi - All values for field 'Expected completes' are valid for Member ID: 60
12:12:47.330 [main] INFO api.SurveyPointsApi - All values for field 'Expected completes' are valid for Member ID: 61
12:12:47.334 [main] INFO api.SurveyPointsApi - All values for field 'Expected completes' are valid for Member ID: 62
12:12:47.338 [main] INFO api.SurveyPointsApi - All values for field 'Expected completes' are valid for Member ID: 63
12:12:47.343 [main] INFO api.SurveyPointsApi - All values for field 'Expected completes' are valid for Member ID: 64
12:12:47.347 [main] INFO api.SurveyPointsApi - All values for field 'Expected completes' are valid for Member ID: 65
12:12:47.351 [main] INFO api.SurveyPointsApi - All values for field 'Expected completes' are valid for Member ID: 66
12:12:47.355 [main] INFO api.SurveyPointsApi - All values for field 'Expected completes' are valid for Member ID: 67
12:12:47.359 [main] INFO api.SurveyPointsApi - All values for field 'Expected completes' are valid for Member ID: 68
12:12:47.364 [main] INFO api.SurveyPointsApi - All values for field 'Expected completes' are valid for Member ID: 69
12:12:47.368 [main] INFO api.SurveyPointsApi - All values for field 'Expected completes' are valid for Member ID: 70
12:12:47.372 [main] INFO api.SurveyPointsApi - All values for field 'Expected completes' are valid for Member ID: 71
12:12:47.377 [main] INFO api.SurveyPointsApi - All values for field 'Expected completes' are valid for Member ID: 72
12:12:47.381 [main] INFO api.SurveyPointsApi - All values for field 'Expected completes' are valid for Member ID: 73
12:12:47.386 [main] INFO api.SurveyPointsApi - All values for field 'Expected completes' are valid for Member ID: 74
12:12:47.390 [main] INFO api.SurveyPointsApi - All values for field 'Expected completes' are valid for Member ID: 75
12:12:47.395 [main] INFO api.SurveyPointsApi - All values for field 'Expected completes' are valid for Member ID: 76
12:12:47.399 [main] INFO api.SurveyPointsApi - All values for field 'Expected completes' are valid for Member ID: 77
12:12:47.403 [main] INFO api.SurveyPointsApi - All values for field 'Expected completes' are valid for Member ID: 78
12:12:47.407 [main] INFO api.SurveyPointsApi - All values for field 'Expected completes' are valid for Member ID: 79
12:12:47.412 [main] INFO api.SurveyPointsApi - All values for field 'Expected completes' are valid for Member ID: 80
12:12:47.416 [main] INFO api.SurveyPointsApi - All values for field 'Expected completes' are valid for Member ID: 81
12:12:47.420 [main] INFO api.SurveyPointsApi - All values for field 'Expected completes' are valid for Member ID: 82
12:12:47.424 [main] INFO api.SurveyPointsApi - All values for field 'Expected completes' are valid for Member ID: 83
12:12:47.429 [main] INFO api.SurveyPointsApi - All values for field 'Expected completes' are valid for Member ID: 84
12:12:47.433 [main] INFO api.SurveyPointsApi - All values for field 'Expected completes' are valid for Member ID: 85
12:12:47.437 [main] INFO api.SurveyPointsApi - All values for field 'Expected completes' are valid for Member ID: 86
12:12:47.442 [main] INFO api.SurveyPointsApi - All values for field 'Expected completes' are valid for Member ID: 87
12:12:47.446 [main] INFO api.SurveyPointsApi - All values for field 'Expected completes' are valid for Member ID: 88
12:12:47.450 [main] INFO api.SurveyPointsApi - All values for field 'Expected completes' are valid for Member ID: 89
12:12:47.454 [main] INFO api.SurveyPointsApi - All values for field 'Expected completes' are valid for Member ID: 90
12:12:47.458 [main] INFO api.SurveyPointsApi - All values for field 'Expected completes' are valid for Member ID: 91
12:12:47.463 [main] INFO api.SurveyPointsApi - All values for field 'Expected completes' are valid for Member ID: 92
12:12:47.467 [main] INFO api.SurveyPointsApi - All values for field 'Expected completes' are valid for Member ID: 93
12:12:47.471 [main] INFO api.SurveyPointsApi - All values for field 'Expected completes' are valid for Member ID: 94
12:12:47.475 [main] INFO api.SurveyPointsApi - All values for field 'Expected completes' are valid for Member ID: 95
12:12:47.480 [main] INFO api.SurveyPointsApi - All values for field 'Expected completes' are valid for Member ID: 96
12:12:47.484 [main] INFO api.SurveyPointsApi - All values for field 'Expected completes' are valid for Member ID: 97
12:12:47.488 [main] INFO api.SurveyPointsApi - All values for field 'Expected completes' are valid for Member ID: 98
12:12:47.493 [main] INFO api.SurveyPointsApi - All values for field 'Expected completes' are valid for Member ID: 99
12:12:47.500 [main] INFO api.SurveyPointsApi - All values for field 'Expected completes' are valid for Member ID: 100
12:12:47.504 [main] INFO api.SurveyPointsApi - All values for field 'Expected completes' are valid for Member ID: 101
12:12:47.508 [main] INFO api.SurveyPointsApi - All values for field 'Expected completes' are valid for Member ID: 102
12:12:47.513 [main] INFO api.SurveyPointsApi - All values for field 'Expected completes' are valid for Member ID: 103
12:12:47.517 [main] INFO api.SurveyPointsApi - All values for field 'Expected completes' are valid for Member ID: 104
12:12:47.521 [main] INFO api.SurveyPointsApi - All values for field 'Expected completes' are valid for Member ID: 105
12:12:47.526 [main] INFO api.SurveyPointsApi - All values for field 'Expected completes' are valid for Member ID: 106
12:12:47.530 [main] INFO api.SurveyPointsApi - All values for field 'Expected completes' are valid for Member ID: 107
12:12:47.534 [main] INFO api.SurveyPointsApi - All values for field 'Expected completes' are valid for Member ID: 108
12:12:47.538 [main] INFO api.SurveyPointsApi - All values for field 'Expected completes' are valid for Member ID: 109
12:12:47.542 [main] INFO api.SurveyPointsApi - All values for field 'Expected completes' are valid for Member ID: 110
12:12:47.547 [main] INFO api.SurveyPointsApi - All values for field 'Expected completes' are valid for Member ID: 111
12:12:47.551 [main] INFO api.SurveyPointsApi - All values for field 'Expected completes' are valid for Member ID: 112
12:12:47.555 [main] INFO api.SurveyPointsApi - All values for field 'Expected completes' are valid for Member ID: 113
12:12:47.559 [main] INFO api.SurveyPointsApi - All values for field 'Expected completes' are valid for Member ID: 114
12:12:47.563 [main] INFO api.SurveyPointsApi - All values for field 'Expected completes' are valid for Member ID: 115
12:12:47.567 [main] INFO api.SurveyPointsApi - All values for field 'Expected completes' are valid for Member ID: 116
12:12:47.572 [main] INFO api.SurveyPointsApi - All values for field 'Expected completes' are valid for Member ID: 117
12:12:47.576 [main] INFO api.SurveyPointsApi - All values for field 'Expected completes' are valid for Member ID: 118
12:12:47.580 [main] INFO api.SurveyPointsApi - All values for field 'Expected completes' are valid for Member ID: 119
12:12:47.585 [main] INFO api.SurveyPointsApi - All values for field 'Expected completes' are valid for Member ID: 120
12:12:47.589 [main] INFO api.SurveyPointsApi - All values for field 'Expected completes' are valid for Member ID: 121
12:12:47.593 [main] INFO api.SurveyPointsApi - All values for field 'Expected completes' are valid for Member ID: 122
12:12:47.597 [main] INFO api.SurveyPointsApi - All values for field 'Expected completes' are valid for Member ID: 123
12:12:47.601 [main] INFO api.SurveyPointsApi - All values for field 'Expected completes' are valid for Member ID: 124
12:12:47.605 [main] INFO api.SurveyPointsApi - All values for field 'Expected completes' are valid for Member ID: 125
12:12:47.610 [main] INFO api.SurveyPointsApi - All values for field 'Expected completes' are valid for Member ID: 126
12:12:47.614 [main] INFO api.SurveyPointsApi - All values for field 'Expected completes' are valid for Member ID: 127
12:12:47.618 [main] INFO api.SurveyPointsApi - All values for field 'Expected completes' are valid for Member ID: 128
12:12:47.622 [main] INFO api.SurveyPointsApi - All values for field 'Expected completes' are valid for Member ID: 129
12:12:47.626 [main] INFO api.SurveyPointsApi - All values for field 'Expected completes' are valid for Member ID: 130
12:12:47.631 [main] INFO api.SurveyPointsApi - All values for field 'Expected completes' are valid for Member ID: 131
12:12:47.635 [main] INFO api.SurveyPointsApi - All values for field 'Expected completes' are valid for Member ID: 132
12:12:47.639 [main] INFO api.SurveyPointsApi - All values for field 'Expected completes' are valid for Member ID: 133
12:12:47.644 [main] INFO api.SurveyPointsApi - All values for field 'Expected completes' are valid for Member ID: 134
12:12:47.648 [main] INFO api.SurveyPointsApi - All values for field 'Expected completes' are valid for Member ID: 135
12:12:47.653 [main] INFO api.SurveyPointsApi - All values for field 'Expected completes' are valid for Member ID: 136
12:12:47.657 [main] INFO api.SurveyPointsApi - All values for field 'Expected completes' are valid for Member ID: 137
12:12:47.662 [main] INFO api.SurveyPointsApi - All values for field 'Expected completes' are valid for Member ID: 138
12:12:47.666 [main] INFO api.SurveyPointsApi - All values for field 'Expected completes' are valid for Member ID: 139
12:12:47.670 [main] INFO api.SurveyPointsApi - All values for field 'Expected completes' are valid for Member ID: 140
12:12:47.675 [main] INFO api.SurveyPointsApi - All values for field 'Expected completes' are valid for Member ID: 141
12:12:47.679 [main] INFO api.SurveyPointsApi - All values for field 'Expected completes' are valid for Member ID: 142
12:12:47.683 [main] INFO api.SurveyPointsApi - All values for field 'Expected completes' are valid for Member ID: 143
12:12:47.687 [main] INFO api.SurveyPointsApi - All values for field 'Expected completes' are valid for Member ID: 144
12:12:47.692 [main] INFO api.SurveyPointsApi - All values for field 'Expected completes' are valid for Member ID: 145
12:12:47.696 [main] INFO api.SurveyPointsApi - All values for field 'Expected completes' are valid for Member ID: 146
12:12:47.700 [main] INFO api.SurveyPointsApi - All values for field 'Expected completes' are valid for Member ID: 147
12:12:47.704 [main] INFO api.SurveyPointsApi - All values for field 'Expected completes' are valid for Member ID: 148
12:12:47.709 [main] INFO api.SurveyPointsApi - All values for field 'Expected completes' are valid for Member ID: 149
12:12:47.713 [main] INFO api.SurveyPointsApi - All values for field 'Expected completes' are valid for Member ID: 150
12:12:47.717 [main] INFO api.SurveyPointsApi - All values for field 'Expected completes' are valid for Member ID: 151
12:12:47.722 [main] INFO api.SurveyPointsApi - All values for field 'Expected completes' are valid for Member ID: 152
12:12:47.726 [main] INFO api.SurveyPointsApi - All values for field 'Expected completes' are valid for Member ID: 153
12:12:47.731 [main] INFO api.SurveyPointsApi - All values for field 'Expected completes' are valid for Member ID: 154
12:12:47.735 [main] INFO api.SurveyPointsApi - All values for field 'Expected completes' are valid for Member ID: 155
12:12:47.739 [main] INFO api.SurveyPointsApi - All values for field 'Expected completes' are valid for Member ID: 156
12:12:47.744 [main] INFO api.SurveyPointsApi - All values for field 'Expected completes' are valid for Member ID: 157
12:12:47.748 [main] INFO api.SurveyPointsApi - All values for field 'Expected completes' are valid for Member ID: 158
12:12:47.753 [main] INFO api.SurveyPointsApi - All values for field 'Expected completes' are valid for Member ID: 159
12:12:47.757 [main] INFO api.SurveyPointsApi - All values for field 'Expected completes' are valid for Member ID: 160
12:12:47.761 [main] INFO api.SurveyPointsApi - All values for field 'Expected completes' are valid for Member ID: 161
12:12:47.766 [main] INFO api.SurveyPointsApi - All values for field 'Expected completes' are valid for Member ID: 162
12:12:47.770 [main] INFO api.SurveyPointsApi - All values for field 'Expected completes' are valid for Member ID: 163
12:12:47.777 [main] INFO api.SurveyPointsApi - All values for field 'Expected completes' are valid for Member ID: 164
12:12:47.781 [main] INFO api.SurveyPointsApi - All values for field 'Expected completes' are valid for Member ID: 165
12:12:47.786 [main] INFO api.SurveyPointsApi - All values for field 'Expected completes' are valid for Member ID: 166
12:12:47.790 [main] INFO api.SurveyPointsApi - All values for field 'Expected completes' are valid for Member ID: 167
12:12:47.794 [main] INFO api.SurveyPointsApi - All values for field 'Expected completes' are valid for Member ID: 168
12:12:47.798 [main] INFO api.SurveyPointsApi - All values for field 'Expected completes' are valid for Member ID: 169
12:12:47.803 [main] INFO api.SurveyPointsApi - All values for field 'Expected completes' are valid for Member ID: 170
12:12:47.807 [main] INFO api.SurveyPointsApi - All values for field 'Expected completes' are valid for Member ID: 171
12:12:47.811 [main] INFO api.SurveyPointsApi - All values for field 'Expected completes' are valid for Member ID: 172
12:12:47.815 [main] INFO api.SurveyPointsApi - All values for field 'Expected completes' are valid for Member ID: 173
12:12:47.819 [main] INFO api.SurveyPointsApi - All values for field 'Expected completes' are valid for Member ID: 174
12:12:47.824 [main] INFO api.SurveyPointsApi - All values for field 'Expected completes' are valid for Member ID: 175
12:12:47.828 [main] INFO api.SurveyPointsApi - All values for field 'Expected completes' are valid for Member ID: 176
12:12:47.833 [main] INFO api.SurveyPointsApi - All values for field 'Expected completes' are valid for Member ID: 177
12:12:47.837 [main] INFO api.SurveyPointsApi - All values for field 'Expected completes' are valid for Member ID: 178
12:12:47.842 [main] INFO api.SurveyPointsApi - All values for field 'Expected completes' are valid for Member ID: 179
12:12:47.846 [main] INFO api.SurveyPointsApi - All values for field 'Expected completes' are valid for Member ID: 180
12:12:47.850 [main] INFO api.SurveyPointsApi - All values for field 'Expected completes' are valid for Member ID: 181
12:12:47.855 [main] INFO api.SurveyPointsApi - All values for field 'Expected completes' are valid for Member ID: 182
12:12:47.859 [main] INFO api.SurveyPointsApi - All values for field 'Expected completes' are valid for Member ID: 183
12:12:47.863 [main] INFO api.SurveyPointsApi - All values for field 'Expected completes' are valid for Member ID: 184
12:12:47.867 [main] INFO api.SurveyPointsApi - All values for field 'Expected completes' are valid for Member ID: 185
12:12:47.872 [main] INFO api.SurveyPointsApi - All values for field 'Expected completes' are valid for Member ID: 186
12:12:47.876 [main] INFO api.SurveyPointsApi - All values for field 'Expected completes' are valid for Member ID: 187
12:12:47.880 [main] INFO api.SurveyPointsApi - All values for field 'Expected completes' are valid for Member ID: 188
12:12:47.885 [main] INFO api.SurveyPointsApi - All values for field 'Expected completes' are valid for Member ID: 189
12:12:47.889 [main] INFO api.SurveyPointsApi - All values for field 'Expected completes' are valid for Member ID: 190
12:12:47.893 [main] INFO api.SurveyPointsApi - All values for field 'Expected completes' are valid for Member ID: 191
12:12:47.897 [main] INFO api.SurveyPointsApi - All values for field 'Expected completes' are valid for Member ID: 192
12:12:47.902 [main] INFO api.SurveyPointsApi - All values for field 'Expected completes' are valid for Member ID: 193
12:12:47.906 [main] INFO api.SurveyPointsApi - All values for field 'Expected completes' are valid for Member ID: 194
12:12:47.910 [main] INFO api.SurveyPointsApi - All values for field 'Expected completes' are valid for Member ID: 195
12:12:47.915 [main] INFO api.SurveyPointsApi - All values for field 'Expected completes' are valid for Member ID: 196
12:12:47.919 [main] INFO api.SurveyPointsApi - All values for field 'Expected completes' are valid for Member ID: 197
12:12:47.924 [main] INFO api.SurveyPointsApi - All values for field 'Expected completes' are valid for Member ID: 198
12:12:47.929 [main] INFO api.SurveyPointsApi - All values for field 'Expected completes' are valid for Member ID: 199
12:12:47.933 [main] INFO api.SurveyPointsApi - All values for field 'Expected completes' are valid for Member ID: 200
12:12:47.938 [main] INFO api.SurveyPointsApi - All values for field 'Expected completes' are valid for Member ID: 201
12:12:47.942 [main] INFO api.SurveyPointsApi - All values for field 'Expected completes' are valid for Member ID: 202
12:12:47.947 [main] INFO api.SurveyPointsApi - All values for field 'Expected completes' are valid for Member ID: 203
12:12:47.951 [main] INFO api.SurveyPointsApi - All values for field 'Expected completes' are valid for Member ID: 204
12:12:47.956 [main] INFO api.SurveyPointsApi - All values for field 'Expected completes' are valid for Member ID: 205
12:12:47.961 [main] INFO api.SurveyPointsApi - All values for field 'Expected completes' are valid for Member ID: 206
12:12:47.965 [main] INFO api.SurveyPointsApi - All values for field 'Expected completes' are valid for Member ID: 207
12:12:47.969 [main] INFO api.SurveyPointsApi - All values for field 'Expected completes' are valid for Member ID: 208
12:12:47.974 [main] INFO api.SurveyPointsApi - All values for field 'Expected completes' are valid for Member ID: 209
12:12:47.978 [main] INFO api.SurveyPointsApi - All values for field 'Expected completes' are valid for Member ID: 210
12:12:47.982 [main] INFO api.SurveyPointsApi - All values for field 'Expected completes' are valid for Member ID: 211
12:12:47.987 [main] INFO api.SurveyPointsApi - All values for field 'Expected completes' are valid for Member ID: 212
12:12:47.991 [main] INFO api.SurveyPointsApi - All values for field 'Expected completes' are valid for Member ID: 213
12:12:47.995 [main] INFO api.SurveyPointsApi - All values for field 'Expected completes' are valid for Member ID: 214
12:12:48.000 [main] INFO api.SurveyPointsApi - All values for field 'Expected completes' are valid for Member ID: 215
12:12:48.004 [main] INFO api.SurveyPointsApi - All values for field 'Expected completes' are valid for Member ID: 216
12:12:48.009 [main] INFO api.SurveyPointsApi - All values for field 'Expected completes' are valid for Member ID: 217
12:12:48.013 [main] INFO api.SurveyPointsApi - All values for field 'Expected completes' are valid for Member ID: 218
12:12:48.018 [main] INFO api.SurveyPointsApi - All values for field 'Expected completes' are valid for Member ID: 219
12:12:48.022 [main] INFO api.SurveyPointsApi - All values for field 'Expected completes' are valid for Member ID: 220
12:12:48.026 [main] INFO api.SurveyPointsApi - All values for field 'Expected completes' are valid for Member ID: 221
12:12:48.031 [main] INFO api.SurveyPointsApi - All values for field 'Expected completes' are valid for Member ID: 222
12:12:48.035 [main] INFO api.SurveyPointsApi - All values for field 'Expected completes' are valid for Member ID: 223
12:12:48.039 [main] INFO api.SurveyPointsApi - All values for field 'Expected completes' are valid for Member ID: 224
12:12:48.043 [main] INFO api.SurveyPointsApi - All values for field 'Expected completes' are valid for Member ID: 225
12:12:48.048 [main] INFO api.SurveyPointsApi - All values for field 'Expected completes' are valid for Member ID: 226
12:12:48.052 [main] INFO api.SurveyPointsApi - All values for field 'Expected completes' are valid for Member ID: 227
12:12:48.060 [main] INFO api.SurveyPointsApi - All values for field 'Expected completes' are valid for Member ID: 228
12:12:48.064 [main] INFO api.SurveyPointsApi - All values for field 'Expected completes' are valid for Member ID: 229
12:12:48.069 [main] INFO api.SurveyPointsApi - All values for field 'Expected completes' are valid for Member ID: 230
12:12:48.073 [main] INFO api.SurveyPointsApi - All values for field 'Expected completes' are valid for Member ID: 231
12:12:48.078 [main] INFO api.SurveyPointsApi - All values for field 'Expected completes' are valid for Member ID: 232
12:12:48.082 [main] INFO api.SurveyPointsApi - All values for field 'Expected completes' are valid for Member ID: 233
12:12:48.086 [main] INFO api.SurveyPointsApi - All values for field 'Expected completes' are valid for Member ID: 234
12:12:48.091 [main] INFO api.SurveyPointsApi - All values for field 'Expected completes' are valid for Member ID: 235
12:12:48.095 [main] INFO api.SurveyPointsApi - All values for field 'Expected completes' are valid for Member ID: 236
12:12:48.099 [main] INFO api.SurveyPointsApi - All values for field 'Expected completes' are valid for Member ID: 237
12:12:48.103 [main] INFO api.SurveyPointsApi - All values for field 'Expected completes' are valid for Member ID: 238
12:12:48.108 [main] INFO api.SurveyPointsApi - All values for field 'Expected completes' are valid for Member ID: 239
12:12:48.112 [main] INFO api.SurveyPointsApi - All values for field 'Expected completes' are valid for Member ID: 240
12:12:48.116 [main] INFO api.SurveyPointsApi - All values for field 'Expected completes' are valid for Member ID: 241
12:12:48.121 [main] INFO api.SurveyPointsApi - All values for field 'Expected completes' are valid for Member ID: 242
12:12:48.125 [main] INFO api.SurveyPointsApi - All values for field 'Expected completes' are valid for Member ID: 243
12:12:48.129 [main] INFO api.SurveyPointsApi - All values for field 'Expected completes' are valid for Member ID: 244
12:12:48.133 [main] INFO api.SurveyPointsApi - All values for field 'Expected completes' are valid for Member ID: 245
12:12:48.138 [main] INFO api.SurveyPointsApi - All values for field 'Expected completes' are valid for Member ID: 246
12:12:48.142 [main] INFO api.SurveyPointsApi - All values for field 'Expected completes' are valid for Member ID: 247
12:12:48.146 [main] INFO api.SurveyPointsApi - All values for field 'Expected completes' are valid for Member ID: 248
12:12:48.150 [main] INFO api.SurveyPointsApi - All values for field 'Expected completes' are valid for Member ID: 249
12:12:48.155 [main] INFO api.SurveyPointsApi - All values for field 'Expected completes' are valid for Member ID: 250
12:12:48.160 [main] INFO api.SurveyPointsApi - All values for field 'Expected completes' are valid for Member ID: 251
12:12:48.164 [main] INFO api.SurveyPointsApi - All values for field 'Expected completes' are valid for Member ID: 252
12:12:48.169 [main] INFO api.SurveyPointsApi - All values for field 'Expected completes' are valid for Member ID: 253
12:12:48.174 [main] INFO api.SurveyPointsApi - All values for field 'Expected completes' are valid for Member ID: 254
12:12:48.179 [main] INFO api.SurveyPointsApi - All values for field 'Expected completes' are valid for Member ID: 255
12:12:48.183 [main] INFO api.SurveyPointsApi - All values for field 'Expected completes' are valid for Member ID: 256
12:12:48.188 [main] INFO api.SurveyPointsApi - All values for field 'Expected completes' are valid for Member ID: 257
12:12:48.193 [main] INFO api.SurveyPointsApi - All values for field 'Expected completes' are valid for Member ID: 258
12:12:48.197 [main] INFO api.SurveyPointsApi - All values for field 'Expected completes' are valid for Member ID: 259
12:12:48.202 [main] INFO api.SurveyPointsApi - All values for field 'Expected completes' are valid for Member ID: 260
12:12:48.206 [main] INFO api.SurveyPointsApi - All values for field 'Expected completes' are valid for Member ID: 261
12:12:48.211 [main] INFO api.SurveyPointsApi - All values for field 'Expected completes' are valid for Member ID: 262
12:12:48.216 [main] INFO api.SurveyPointsApi - All values for field 'Expected completes' are valid for Member ID: 263
12:12:48.221 [main] INFO api.SurveyPointsApi - All values for field 'Expected completes' are valid for Member ID: 264
12:12:48.226 [main] INFO api.SurveyPointsApi - All values for field 'Expected completes' are valid for Member ID: 265
12:12:48.230 [main] INFO api.SurveyPointsApi - All values for field 'Expected completes' are valid for Member ID: 266
12:12:48.235 [main] INFO api.SurveyPointsApi - All values for field 'Expected completes' are valid for Member ID: 267
12:12:48.240 [main] INFO api.SurveyPointsApi - All values for field 'Expected completes' are valid for Member ID: 268
12:12:48.245 [main] INFO api.SurveyPointsApi - All values for field 'Expected completes' are valid for Member ID: 269
12:12:48.249 [main] INFO api.SurveyPointsApi - All values for field 'Expected completes' are valid for Member ID: 270
12:12:48.254 [main] INFO api.SurveyPointsApi - All values for field 'Expected completes' are valid for Member ID: 271
12:12:48.259 [main] INFO api.SurveyPointsApi - All values for field 'Expected completes' are valid for Member ID: 272
12:12:48.263 [main] INFO api.SurveyPointsApi - All values for field 'Expected completes' are valid for Member ID: 273
12:12:48.268 [main] INFO api.SurveyPointsApi - All values for field 'Expected completes' are valid for Member ID: 274
12:12:48.273 [main] INFO api.SurveyPointsApi - All values for field 'Expected completes' are valid for Member ID: 275
12:12:48.278 [main] INFO api.SurveyPointsApi - All values for field 'Expected completes' are valid for Member ID: 276
12:12:48.282 [main] INFO api.SurveyPointsApi - All values for field 'Expected completes' are valid for Member ID: 277
12:12:48.287 [main] INFO api.SurveyPointsApi - All values for field 'Expected completes' are valid for Member ID: 278
12:12:48.292 [main] INFO api.SurveyPointsApi - All values for field 'Expected completes' are valid for Member ID: 279
12:12:48.296 [main] INFO api.SurveyPointsApi - All values for field 'Expected completes' are valid for Member ID: 280
12:12:48.301 [main] INFO api.SurveyPointsApi - All values for field 'Expected completes' are valid for Member ID: 281
12:12:48.307 [main] INFO api.SurveyPointsApi - All values for field 'Expected completes' are valid for Member ID: 282
12:12:48.312 [main] INFO api.SurveyPointsApi - All values for field 'Expected completes' are valid for Member ID: 283
12:12:48.316 [main] INFO api.SurveyPointsApi - All values for field 'Expected completes' are valid for Member ID: 284
12:12:48.321 [main] INFO api.SurveyPointsApi - All values for field 'Expected completes' are valid for Member ID: 285
12:12:48.326 [main] INFO api.SurveyPointsApi - All values for field 'Expected completes' are valid for Member ID: 286
12:12:48.330 [main] INFO api.SurveyPointsApi - All values for field 'Expected completes' are valid for Member ID: 287
12:12:48.335 [main] INFO api.SurveyPointsApi - All values for field 'Expected completes' are valid for Member ID: 288
12:12:48.340 [main] INFO api.SurveyPointsApi - All values for field 'Expected completes' are valid for Member ID: 289
12:12:48.344 [main] INFO api.SurveyPointsApi - All values for field 'Expected completes' are valid for Member ID: 290
12:12:48.349 [main] INFO api.SurveyPointsApi - All values for field 'Expected completes' are valid for Member ID: 291
12:12:48.356 [main] INFO api.SurveyPointsApi - All values for field 'Expected completes' are valid for Member ID: 292
12:12:48.361 [main] INFO api.SurveyPointsApi - All values for field 'Expected completes' are valid for Member ID: 293
12:12:48.365 [main] INFO api.SurveyPointsApi - All values for field 'Expected completes' are valid for Member ID: 294
12:12:48.370 [main] INFO api.SurveyPointsApi - All values for field 'Expected completes' are valid for Member ID: 295
12:12:48.374 [main] INFO api.SurveyPointsApi - All values for field 'Expected completes' are valid for Member ID: 296
12:12:48.379 [main] INFO api.SurveyPointsApi - All values for field 'Expected completes' are valid for Member ID: 297
12:12:48.383 [main] INFO api.SurveyPointsApi - All values for field 'Expected completes' are valid for Member ID: 298
12:12:48.388 [main] INFO api.SurveyPointsApi - All values for field 'Expected completes' are valid for Member ID: 299
12:12:48.392 [main] INFO api.SurveyPointsApi - All values for field 'Expected completes' are valid for Member ID: 300
]]></system-out>
  </testcase>
  <testcase name="testSurveyPointsValidation" classname="tests.integration.SurveyPointsTest" time="0.696">
    <system-out><![CDATA[Point validation passed for Member ID: 1 and Survey ID: 16
Point: 45
Point validation passed for Member ID: 1 and Survey ID: 25
Point: 5
Point validation passed for Member ID: 1 and Survey ID: 45
Point: 20
Point validation passed for Member ID: 1 and Survey ID: 79
Point: 5
Point validation passed for Member ID: 1 and Survey ID: 82
Point: 35
Point validation passed for Member ID: 1 and Survey ID: 95
Point: 0
Point validation passed for Member ID: 2 and Survey ID: 1
Point: 5
Point validation passed for Member ID: 2 and Survey ID: 18
Point: 25
Point validation passed for Member ID: 2 and Survey ID: 30
Point: 25
Point validation passed for Member ID: 2 and Survey ID: 44
Point: 35
Point validation passed for Member ID: 2 and Survey ID: 49
Point: 4
Point validation passed for Member ID: 2 and Survey ID: 51
Point: 15
Point validation passed for Member ID: 2 and Survey ID: 60
Point: 35
Point validation passed for Member ID: 2 and Survey ID: 62
Point: 3
Point validation passed for Member ID: 2 and Survey ID: 65
Point: 5
Point validation passed for Member ID: 2 and Survey ID: 82
Point: 35
Point validation passed for Member ID: 2 and Survey ID: 85
Point: 25
Point validation passed for Member ID: 2 and Survey ID: 97
Point: 35
Point validation passed for Member ID: 3 and Survey ID: 3
Point: 2
Point validation passed for Member ID: 3 and Survey ID: 13
Point: 3
Point validation passed for Member ID: 3 and Survey ID: 16
Point: 45
Point validation passed for Member ID: 3 and Survey ID: 23
Point: 4
Point validation passed for Member ID: 3 and Survey ID: 25
Point: 5
Point validation passed for Member ID: 3 and Survey ID: 38
Point: 1
Point validation passed for Member ID: 3 and Survey ID: 47
Point: 20
Point validation passed for Member ID: 3 and Survey ID: 51
Point: 15
Point validation passed for Member ID: 3 and Survey ID: 58
Point: 45
Point validation passed for Member ID: 3 and Survey ID: 64
Point: 10
Point validation passed for Member ID: 3 and Survey ID: 78
Point: 30
Point validation passed for Member ID: 3 and Survey ID: 79
Point: 5
Point validation passed for Member ID: 3 and Survey ID: 81
Point: 0
Point validation passed for Member ID: 3 and Survey ID: 82
Point: 4
Point validation passed for Member ID: 4 and Survey ID: 20
Point: 20
Point validation passed for Member ID: 4 and Survey ID: 35
Point: 0
Point validation passed for Member ID: 4 and Survey ID: 50
Point: 35
Point validation passed for Member ID: 4 and Survey ID: 62
Point: 40
Point validation passed for Member ID: 4 and Survey ID: 64
Point: 5
Point validation passed for Member ID: 4 and Survey ID: 75
Point: 5
Point validation passed for Member ID: 5 and Survey ID: 3
Point: 0
Point validation passed for Member ID: 5 and Survey ID: 4
Point: 10
Point validation passed for Member ID: 5 and Survey ID: 15
Point: 0
Point validation passed for Member ID: 5 and Survey ID: 57
Point: 45
Point validation passed for Member ID: 5 and Survey ID: 60
Point: 35
Point validation passed for Member ID: 5 and Survey ID: 68
Point: 3
Point validation passed for Member ID: 6 and Survey ID: 20
Point: 20
Point validation passed for Member ID: 6 and Survey ID: 30
Point: 2
Point validation passed for Member ID: 6 and Survey ID: 40
Point: 10
Point validation passed for Member ID: 6 and Survey ID: 59
Point: 40
Point validation passed for Member ID: 6 and Survey ID: 63
Point: 30
Point validation passed for Member ID: 6 and Survey ID: 65
Point: 5
Point validation passed for Member ID: 6 and Survey ID: 75
Point: 5
Point validation passed for Member ID: 6 and Survey ID: 77
Point: 25
Point validation passed for Member ID: 6 and Survey ID: 83
Point: 5
Point validation passed for Member ID: 6 and Survey ID: 86
Point: 4
Point validation passed for Member ID: 6 and Survey ID: 96
Point: 5
Point validation passed for Member ID: 6 and Survey ID: 100
Point: 10
Point validation passed for Member ID: 7 and Survey ID: 2
Point: 15
Point validation passed for Member ID: 7 and Survey ID: 10
Point: 5
Point validation passed for Member ID: 7 and Survey ID: 24
Point: 0
Point validation passed for Member ID: 7 and Survey ID: 33
Point: 25
Point validation passed for Member ID: 7 and Survey ID: 54
Point: 4
Point validation passed for Member ID: 7 and Survey ID: 66
Point: 3
Point validation passed for Member ID: 7 and Survey ID: 78
Point: 0
Point validation passed for Member ID: 8 and Survey ID: 12
Point: 5
Point validation passed for Member ID: 8 and Survey ID: 21
Point: 50
Point validation passed for Member ID: 8 and Survey ID: 44
Point: 35
Point validation passed for Member ID: 8 and Survey ID: 46
Point: 10
Point validation passed for Member ID: 8 and Survey ID: 52
Point: 40
Point validation passed for Member ID: 8 and Survey ID: 54
Point: 0
Point validation passed for Member ID: 8 and Survey ID: 57
Point: 0
Point validation passed for Member ID: 8 and Survey ID: 59
Point: 40
Point validation passed for Member ID: 8 and Survey ID: 70
Point: 30
Point validation passed for Member ID: 8 and Survey ID: 73
Point: 15
Point validation passed for Member ID: 8 and Survey ID: 77
Point: 0
Point validation passed for Member ID: 8 and Survey ID: 79
Point: 5
Point validation passed for Member ID: 8 and Survey ID: 88
Point: 30
Point validation passed for Member ID: 8 and Survey ID: 96
Point: 50
Point validation passed for Member ID: 9 and Survey ID: 6
Point: 25
Point validation passed for Member ID: 9 and Survey ID: 21
Point: 50
Point validation passed for Member ID: 9 and Survey ID: 22
Point: 3
Point validation passed for Member ID: 9 and Survey ID: 54
Point: 25
Point validation passed for Member ID: 9 and Survey ID: 61
Point: 40
Point validation passed for Member ID: 9 and Survey ID: 98
Point: 45
Point validation passed for Member ID: 9 and Survey ID: 100
Point: 10
Point validation passed for Member ID: 10 and Survey ID: 2
Point: 15
Point validation passed for Member ID: 10 and Survey ID: 4
Point: 1
Point validation passed for Member ID: 10 and Survey ID: 17
Point: 15
Point validation passed for Member ID: 10 and Survey ID: 27
Point: 15
Point validation passed for Member ID: 10 and Survey ID: 30
Point: 25
Point validation passed for Member ID: 10 and Survey ID: 33
Point: 25
Point validation passed for Member ID: 10 and Survey ID: 35
Point: 10
Point validation passed for Member ID: 10 and Survey ID: 36
Point: 35
Point validation passed for Member ID: 10 and Survey ID: 43
Point: 30
Point validation passed for Member ID: 10 and Survey ID: 71
Point: 30
Point validation passed for Member ID: 10 and Survey ID: 72
Point: 25
Point validation passed for Member ID: 10 and Survey ID: 79
Point: 5
Point validation passed for Member ID: 10 and Survey ID: 80
Point: 0
Point validation passed for Member ID: 10 and Survey ID: 81
Point: 20
Point validation passed for Member ID: 10 and Survey ID: 84
Point: 25
Point validation passed for Member ID: 10 and Survey ID: 87
Point: 4
Point validation passed for Member ID: 10 and Survey ID: 93
Point: 45
Point validation passed for Member ID: 10 and Survey ID: 100
Point: 0
Point validation passed for Member ID: 11 and Survey ID: 5
Point: 4
Point validation passed for Member ID: 11 and Survey ID: 20
Point: 20
Point validation passed for Member ID: 11 and Survey ID: 23
Point: 10
Point validation passed for Member ID: 11 and Survey ID: 30
Point: 25
Point validation passed for Member ID: 11 and Survey ID: 34
Point: 15
Point validation passed for Member ID: 11 and Survey ID: 41
Point: 40
Point validation passed for Member ID: 11 and Survey ID: 66
Point: 0
Point validation passed for Member ID: 11 and Survey ID: 67
Point: 35
Point validation passed for Member ID: 11 and Survey ID: 70
Point: 30
Point validation passed for Member ID: 11 and Survey ID: 85
Point: 25
Point validation passed for Member ID: 11 and Survey ID: 88
Point: 30
Point validation passed for Member ID: 11 and Survey ID: 89
Point: 0
Point validation passed for Member ID: 11 and Survey ID: 91
Point: 0
Point validation passed for Member ID: 12 and Survey ID: 2
Point: 15
Point validation passed for Member ID: 12 and Survey ID: 3
Point: 10
Point validation passed for Member ID: 12 and Survey ID: 4
Point: 1
Point validation passed for Member ID: 12 and Survey ID: 6
Point: 0
Point validation passed for Member ID: 12 and Survey ID: 17
Point: 15
Point validation passed for Member ID: 12 and Survey ID: 21
Point: 3
Point validation passed for Member ID: 12 and Survey ID: 31
Point: 50
Point validation passed for Member ID: 12 and Survey ID: 39
Point: 40
Point validation passed for Member ID: 12 and Survey ID: 47
Point: 20
Point validation passed for Member ID: 12 and Survey ID: 58
Point: 45
Point validation passed for Member ID: 12 and Survey ID: 63
Point: 30
Point validation passed for Member ID: 12 and Survey ID: 86
Point: 30
Point validation passed for Member ID: 12 and Survey ID: 91
Point: 4
Point validation passed for Member ID: 12 and Survey ID: 94
Point: 5
Point validation passed for Member ID: 13 and Survey ID: 23
Point: 10
Point validation passed for Member ID: 13 and Survey ID: 24
Point: 35
Point validation passed for Member ID: 13 and Survey ID: 25
Point: 5
Point validation passed for Member ID: 13 and Survey ID: 28
Point: 10
Point validation passed for Member ID: 13 and Survey ID: 37
Point: 25
Point validation passed for Member ID: 13 and Survey ID: 53
Point: 5
Point validation passed for Member ID: 13 and Survey ID: 61
Point: 40
Point validation passed for Member ID: 13 and Survey ID: 65
Point: 20
Point validation passed for Member ID: 13 and Survey ID: 69
Point: 10
Point validation passed for Member ID: 13 and Survey ID: 76
Point: 40
Point validation passed for Member ID: 13 and Survey ID: 78
Point: 30
Point validation passed for Member ID: 13 and Survey ID: 82
Point: 0
Point validation passed for Member ID: 13 and Survey ID: 97
Point: 35
Point validation passed for Member ID: 14 and Survey ID: 3
Point: 10
Point validation passed for Member ID: 14 and Survey ID: 12
Point: 5
Point validation passed for Member ID: 14 and Survey ID: 15
Point: 1
Point validation passed for Member ID: 14 and Survey ID: 25
Point: 5
Point validation passed for Member ID: 14 and Survey ID: 27
Point: 1
Point validation passed for Member ID: 14 and Survey ID: 29
Point: 50
Point validation passed for Member ID: 14 and Survey ID: 31
Point: 50
Point validation passed for Member ID: 14 and Survey ID: 47
Point: 20
Point validation passed for Member ID: 14 and Survey ID: 57
Point: 3
Point validation passed for Member ID: 14 and Survey ID: 60
Point: 2
Point validation passed for Member ID: 14 and Survey ID: 64
Point: 10
Point validation passed for Member ID: 14 and Survey ID: 74
Point: 50
Point validation passed for Member ID: 14 and Survey ID: 86
Point: 30
Point validation passed for Member ID: 14 and Survey ID: 87
Point: 4
Point validation passed for Member ID: 15 and Survey ID: 3
Point: 10
Point validation passed for Member ID: 15 and Survey ID: 16
Point: 45
Point validation passed for Member ID: 15 and Survey ID: 23
Point: 10
Point validation passed for Member ID: 15 and Survey ID: 36
Point: 2
Point validation passed for Member ID: 15 and Survey ID: 60
Point: 2
Point validation passed for Member ID: 15 and Survey ID: 65
Point: 20
Point validation passed for Member ID: 15 and Survey ID: 81
Point: 20
Point validation passed for Member ID: 15 and Survey ID: 97
Point: 35
Point validation passed for Member ID: 15 and Survey ID: 99
Point: 25
Point validation passed for Member ID: 16 and Survey ID: 4
Point: 10
Point validation passed for Member ID: 16 and Survey ID: 19
Point: 45
Point validation passed for Member ID: 16 and Survey ID: 24
Point: 35
Point validation passed for Member ID: 16 and Survey ID: 28
Point: 10
Point validation passed for Member ID: 16 and Survey ID: 32
Point: 0
Point validation passed for Member ID: 16 and Survey ID: 36
Point: 35
Point validation passed for Member ID: 16 and Survey ID: 54
Point: 4
Point validation passed for Member ID: 16 and Survey ID: 61
Point: 40
Point validation passed for Member ID: 16 and Survey ID: 69
Point: 10
Point validation passed for Member ID: 16 and Survey ID: 84
Point: 25
Point validation passed for Member ID: 16 and Survey ID: 93
Point: 45
Point validation passed for Member ID: 17 and Survey ID: 4
Point: 10
Point validation passed for Member ID: 17 and Survey ID: 6
Point: 25
Point validation passed for Member ID: 17 and Survey ID: 18
Point: 25
Point validation passed for Member ID: 17 and Survey ID: 37
Point: 25
Point validation passed for Member ID: 17 and Survey ID: 63
Point: 30
Point validation passed for Member ID: 17 and Survey ID: 65
Point: 5
Point validation passed for Member ID: 17 and Survey ID: 67
Point: 5
Point validation passed for Member ID: 17 and Survey ID: 79
Point: 5
Point validation passed for Member ID: 17 and Survey ID: 95
Point: 15
Point validation passed for Member ID: 17 and Survey ID: 100
Point: 10
Point validation passed for Member ID: 18 and Survey ID: 5
Point: 4
Point validation passed for Member ID: 18 and Survey ID: 13
Point: 0
Point validation passed for Member ID: 18 and Survey ID: 18
Point: 25
Point validation passed for Member ID: 18 and Survey ID: 27
Point: 1
Point validation passed for Member ID: 18 and Survey ID: 34
Point: 15
Point validation passed for Member ID: 18 and Survey ID: 37
Point: 0
Point validation passed for Member ID: 18 and Survey ID: 41
Point: 40
Point validation passed for Member ID: 18 and Survey ID: 61
Point: 40
Point validation passed for Member ID: 18 and Survey ID: 62
Point: 40
Point validation passed for Member ID: 18 and Survey ID: 92
Point: 45
Point validation passed for Member ID: 18 and Survey ID: 93
Point: 45
Point validation passed for Member ID: 18 and Survey ID: 94
Point: 5
Point validation passed for Member ID: 19 and Survey ID: 15
Point: 10
Point validation passed for Member ID: 19 and Survey ID: 22
Point: 3
Point validation passed for Member ID: 19 and Survey ID: 26
Point: 2
Point validation passed for Member ID: 19 and Survey ID: 28
Point: 0
Point validation passed for Member ID: 19 and Survey ID: 34
Point: 15
Point validation passed for Member ID: 19 and Survey ID: 51
Point: 15
Point validation passed for Member ID: 19 and Survey ID: 54
Point: 25
Point validation passed for Member ID: 19 and Survey ID: 79
Point: 20
Point validation passed for Member ID: 19 and Survey ID: 88
Point: 30
Point validation passed for Member ID: 20 and Survey ID: 4
Point: 1
Point validation passed for Member ID: 20 and Survey ID: 10
Point: 2
Point validation passed for Member ID: 20 and Survey ID: 27
Point: 15
Point validation passed for Member ID: 20 and Survey ID: 29
Point: 0
Point validation passed for Member ID: 20 and Survey ID: 32
Point: 40
Point validation passed for Member ID: 20 and Survey ID: 40
Point: 10
Point validation passed for Member ID: 20 and Survey ID: 44
Point: 35
Point validation passed for Member ID: 20 and Survey ID: 50
Point: 35
Point validation passed for Member ID: 20 and Survey ID: 57
Point: 45
Point validation passed for Member ID: 20 and Survey ID: 70
Point: 30
Point validation passed for Member ID: 20 and Survey ID: 73
Point: 0
Point validation passed for Member ID: 20 and Survey ID: 80
Point: 45
Point validation passed for Member ID: 20 and Survey ID: 83
Point: 5
Point validation passed for Member ID: 20 and Survey ID: 86
Point: 30
Point validation passed for Member ID: 21 and Survey ID: 5
Point: 35
Point validation passed for Member ID: 21 and Survey ID: 7
Point: 45
Point validation passed for Member ID: 21 and Survey ID: 8
Point: 0
Point validation passed for Member ID: 21 and Survey ID: 9
Point: 0
Point validation passed for Member ID: 21 and Survey ID: 11
Point: 4
Point validation passed for Member ID: 21 and Survey ID: 17
Point: 0
Point validation passed for Member ID: 21 and Survey ID: 38
Point: 1
Point validation passed for Member ID: 21 and Survey ID: 53
Point: 20
Point validation passed for Member ID: 21 and Survey ID: 54
Point: 0
Point validation passed for Member ID: 21 and Survey ID: 55
Point: 1
Point validation passed for Member ID: 21 and Survey ID: 66
Point: 15
Point validation passed for Member ID: 21 and Survey ID: 69
Point: 1
Point validation passed for Member ID: 21 and Survey ID: 82
Point: 35
Point validation passed for Member ID: 21 and Survey ID: 86
Point: 30
Point validation passed for Member ID: 21 and Survey ID: 88
Point: 30
Point validation passed for Member ID: 21 and Survey ID: 90
Point: 5
Point validation passed for Member ID: 21 and Survey ID: 98
Point: 5
Point validation passed for Member ID: 22 and Survey ID: 11
Point: 45
Point validation passed for Member ID: 22 and Survey ID: 18
Point: 0
Point validation passed for Member ID: 22 and Survey ID: 45
Point: 20
Point validation passed for Member ID: 22 and Survey ID: 47
Point: 3
Point validation passed for Member ID: 22 and Survey ID: 51
Point: 15
Point validation passed for Member ID: 22 and Survey ID: 55
Point: 35
Point validation passed for Member ID: 22 and Survey ID: 56
Point: 10
Point validation passed for Member ID: 22 and Survey ID: 82
Point: 4
Point validation passed for Member ID: 22 and Survey ID: 84
Point: 25
Point validation passed for Member ID: 22 and Survey ID: 86
Point: 30
Point validation passed for Member ID: 22 and Survey ID: 92
Point: 0
Point validation passed for Member ID: 23 and Survey ID: 23
Point: 10
Point validation passed for Member ID: 23 and Survey ID: 41
Point: 40
Point validation passed for Member ID: 23 and Survey ID: 47
Point: 20
Point validation passed for Member ID: 23 and Survey ID: 54
Point: 4
Point validation passed for Member ID: 23 and Survey ID: 82
Point: 4
Point validation passed for Member ID: 24 and Survey ID: 17
Point: 15
Point validation passed for Member ID: 24 and Survey ID: 19
Point: 0
Point validation passed for Member ID: 24 and Survey ID: 28
Point: 4
Point validation passed for Member ID: 24 and Survey ID: 31
Point: 50
Point validation passed for Member ID: 24 and Survey ID: 41
Point: 0
Point validation passed for Member ID: 24 and Survey ID: 43
Point: 5
Point validation passed for Member ID: 24 and Survey ID: 63
Point: 30
Point validation passed for Member ID: 24 and Survey ID: 64
Point: 5
Point validation passed for Member ID: 24 and Survey ID: 67
Point: 35
Point validation passed for Member ID: 24 and Survey ID: 68
Point: 5
Point validation passed for Member ID: 24 and Survey ID: 77
Point: 25
Point validation passed for Member ID: 24 and Survey ID: 81
Point: 20
Point validation passed for Member ID: 24 and Survey ID: 89
Point: 10
Point validation passed for Member ID: 24 and Survey ID: 95
Point: 15
Point validation passed for Member ID: 25 and Survey ID: 10
Point: 5
Point validation passed for Member ID: 25 and Survey ID: 16
Point: 45
Point validation passed for Member ID: 25 and Survey ID: 25
Point: 5
Point validation passed for Member ID: 25 and Survey ID: 49
Point: 35
Point validation passed for Member ID: 25 and Survey ID: 76
Point: 5
Point validation passed for Member ID: 25 and Survey ID: 79
Point: 20
Point validation passed for Member ID: 25 and Survey ID: 81
Point: 1
Point validation passed for Member ID: 25 and Survey ID: 96
Point: 50
Point validation passed for Member ID: 26 and Survey ID: 4
Point: 10
Point validation passed for Member ID: 26 and Survey ID: 9
Point: 35
Point validation passed for Member ID: 26 and Survey ID: 11
Point: 45
Point validation passed for Member ID: 26 and Survey ID: 53
Point: 5
Point validation passed for Member ID: 26 and Survey ID: 57
Point: 0
Point validation passed for Member ID: 26 and Survey ID: 62
Point: 3
Point validation passed for Member ID: 26 and Survey ID: 74
Point: 50
Point validation passed for Member ID: 26 and Survey ID: 100
Point: 3
Point validation passed for Member ID: 27 and Survey ID: 9
Point: 35
Point validation passed for Member ID: 27 and Survey ID: 26
Point: 5
Point validation passed for Member ID: 27 and Survey ID: 40
Point: 10
Point validation passed for Member ID: 27 and Survey ID: 43
Point: 30
Point validation passed for Member ID: 27 and Survey ID: 52
Point: 3
Point validation passed for Member ID: 27 and Survey ID: 61
Point: 40
Point validation passed for Member ID: 27 and Survey ID: 63
Point: 5
Point validation passed for Member ID: 27 and Survey ID: 67
Point: 35
Point validation passed for Member ID: 27 and Survey ID: 79
Point: 20
Point validation passed for Member ID: 27 and Survey ID: 95
Point: 0
Point validation passed for Member ID: 28 and Survey ID: 14
Point: 50
Point validation passed for Member ID: 28 and Survey ID: 21
Point: 50
Point validation passed for Member ID: 28 and Survey ID: 26
Point: 5
Point validation passed for Member ID: 28 and Survey ID: 60
Point: 35
Point validation passed for Member ID: 28 and Survey ID: 80
Point: 0
Point validation passed for Member ID: 28 and Survey ID: 84
Point: 25
Point validation passed for Member ID: 28 and Survey ID: 89
Point: 10
Point validation passed for Member ID: 29 and Survey ID: 3
Point: 10
Point validation passed for Member ID: 29 and Survey ID: 4
Point: 10
Point validation passed for Member ID: 29 and Survey ID: 11
Point: 45
Point validation passed for Member ID: 29 and Survey ID: 22
Point: 40
Point validation passed for Member ID: 29 and Survey ID: 53
Point: 20
Point validation passed for Member ID: 29 and Survey ID: 64
Point: 5
Point validation passed for Member ID: 29 and Survey ID: 71
Point: 30
Point validation passed for Member ID: 29 and Survey ID: 72
Point: 3
Point validation passed for Member ID: 29 and Survey ID: 78
Point: 3
Point validation passed for Member ID: 30 and Survey ID: 19
Point: 45
Point validation passed for Member ID: 30 and Survey ID: 32
Point: 2
Point validation passed for Member ID: 30 and Survey ID: 34
Point: 15
Point validation passed for Member ID: 30 and Survey ID: 36
Point: 35
Point validation passed for Member ID: 30 and Survey ID: 47
Point: 20
Point validation passed for Member ID: 30 and Survey ID: 48
Point: 40
Point validation passed for Member ID: 30 and Survey ID: 55
Point: 0
Point validation passed for Member ID: 30 and Survey ID: 57
Point: 45
Point validation passed for Member ID: 30 and Survey ID: 60
Point: 0
Point validation passed for Member ID: 30 and Survey ID: 73
Point: 15
Point validation passed for Member ID: 30 and Survey ID: 85
Point: 25
Point validation passed for Member ID: 30 and Survey ID: 89
Point: 10
Point validation passed for Member ID: 31 and Survey ID: 6
Point: 5
Point validation passed for Member ID: 31 and Survey ID: 10
Point: 2
Point validation passed for Member ID: 31 and Survey ID: 11
Point: 45
Point validation passed for Member ID: 31 and Survey ID: 26
Point: 5
Point validation passed for Member ID: 31 and Survey ID: 42
Point: 4
Point validation passed for Member ID: 31 and Survey ID: 58
Point: 45
Point validation passed for Member ID: 31 and Survey ID: 62
Point: 40
Point validation passed for Member ID: 31 and Survey ID: 70
Point: 30
Point validation passed for Member ID: 32 and Survey ID: 2
Point: 15
Point validation passed for Member ID: 32 and Survey ID: 5
Point: 35
Point validation passed for Member ID: 32 and Survey ID: 6
Point: 0
Point validation passed for Member ID: 32 and Survey ID: 14
Point: 50
Point validation passed for Member ID: 32 and Survey ID: 33
Point: 25
Point validation passed for Member ID: 32 and Survey ID: 35
Point: 10
Point validation passed for Member ID: 32 and Survey ID: 37
Point: 25
Point validation passed for Member ID: 32 and Survey ID: 39
Point: 40
Point validation passed for Member ID: 32 and Survey ID: 58
Point: 45
Point validation passed for Member ID: 32 and Survey ID: 80
Point: 45
Point validation passed for Member ID: 33 and Survey ID: 3
Point: 10
Point validation passed for Member ID: 33 and Survey ID: 37
Point: 25
Point validation passed for Member ID: 33 and Survey ID: 38
Point: 30
Point validation passed for Member ID: 33 and Survey ID: 42
Point: 4
Point validation passed for Member ID: 33 and Survey ID: 49
Point: 0
Point validation passed for Member ID: 33 and Survey ID: 59
Point: 40
Point validation passed for Member ID: 33 and Survey ID: 63
Point: 30
Point validation passed for Member ID: 33 and Survey ID: 77
Point: 25
Point validation passed for Member ID: 33 and Survey ID: 89
Point: 10
Point validation passed for Member ID: 34 and Survey ID: 4
Point: 10
Point validation passed for Member ID: 34 and Survey ID: 13
Point: 40
Point validation passed for Member ID: 34 and Survey ID: 23
Point: 0
Point validation passed for Member ID: 34 and Survey ID: 24
Point: 35
Point validation passed for Member ID: 34 and Survey ID: 32
Point: 0
Point validation passed for Member ID: 34 and Survey ID: 36
Point: 35
Point validation passed for Member ID: 34 and Survey ID: 54
Point: 25
Point validation passed for Member ID: 34 and Survey ID: 65
Point: 20
Point validation passed for Member ID: 34 and Survey ID: 77
Point: 25
Point validation passed for Member ID: 34 and Survey ID: 82
Point: 35
Point validation passed for Member ID: 34 and Survey ID: 97
Point: 35
Point validation passed for Member ID: 35 and Survey ID: 1
Point: 2
Point validation passed for Member ID: 35 and Survey ID: 2
Point: 15
Point validation passed for Member ID: 35 and Survey ID: 9
Point: 35
Point validation passed for Member ID: 35 and Survey ID: 10
Point: 5
Point validation passed for Member ID: 35 and Survey ID: 21
Point: 50
Point validation passed for Member ID: 35 and Survey ID: 30
Point: 25
Point validation passed for Member ID: 35 and Survey ID: 35
Point: 10
Point validation passed for Member ID: 35 and Survey ID: 42
Point: 25
Point validation passed for Member ID: 35 and Survey ID: 48
Point: 0
Point validation passed for Member ID: 35 and Survey ID: 62
Point: 40
Point validation passed for Member ID: 35 and Survey ID: 90
Point: 5
Point validation passed for Member ID: 35 and Survey ID: 94
Point: 5
Point validation passed for Member ID: 36 and Survey ID: 2
Point: 15
Point validation passed for Member ID: 36 and Survey ID: 28
Point: 10
Point validation passed for Member ID: 36 and Survey ID: 29
Point: 50
Point validation passed for Member ID: 36 and Survey ID: 44
Point: 5
Point validation passed for Member ID: 36 and Survey ID: 46
Point: 10
Point validation passed for Member ID: 36 and Survey ID: 57
Point: 0
Point validation passed for Member ID: 36 and Survey ID: 60
Point: 35
Point validation passed for Member ID: 36 and Survey ID: 67
Point: 35
Point validation passed for Member ID: 36 and Survey ID: 72
Point: 25
Point validation passed for Member ID: 36 and Survey ID: 79
Point: 20
Point validation passed for Member ID: 36 and Survey ID: 80
Point: 45
Point validation passed for Member ID: 36 and Survey ID: 84
Point: 2
Point validation passed for Member ID: 36 and Survey ID: 98
Point: 45
Point validation passed for Member ID: 37 and Survey ID: 12
Point: 5
Point validation passed for Member ID: 37 and Survey ID: 20
Point: 20
Point validation passed for Member ID: 37 and Survey ID: 26
Point: 5
Point validation passed for Member ID: 37 and Survey ID: 65
Point: 20
Point validation passed for Member ID: 37 and Survey ID: 67
Point: 35
Point validation passed for Member ID: 37 and Survey ID: 71
Point: 0
Point validation passed for Member ID: 37 and Survey ID: 83
Point: 5
Point validation passed for Member ID: 38 and Survey ID: 1
Point: 0
Point validation passed for Member ID: 38 and Survey ID: 7
Point: 45
Point validation passed for Member ID: 38 and Survey ID: 8
Point: 4
Point validation passed for Member ID: 38 and Survey ID: 25
Point: 5
Point validation passed for Member ID: 38 and Survey ID: 29
Point: 50
Point validation passed for Member ID: 38 and Survey ID: 33
Point: 25
Point validation passed for Member ID: 38 and Survey ID: 55
Point: 1
Point validation passed for Member ID: 38 and Survey ID: 71
Point: 0
Point validation passed for Member ID: 38 and Survey ID: 74
Point: 0
Point validation passed for Member ID: 38 and Survey ID: 86
Point: 4
Point validation passed for Member ID: 38 and Survey ID: 92
Point: 45
Point validation passed for Member ID: 38 and Survey ID: 96
Point: 5
Point validation passed for Member ID: 39 and Survey ID: 9
Point: 35
Point validation passed for Member ID: 39 and Survey ID: 14
Point: 2
Point validation passed for Member ID: 39 and Survey ID: 28
Point: 10
Point validation passed for Member ID: 39 and Survey ID: 36
Point: 2
Point validation passed for Member ID: 39 and Survey ID: 54
Point: 25
Point validation passed for Member ID: 39 and Survey ID: 57
Point: 45
Point validation passed for Member ID: 39 and Survey ID: 64
Point: 0
Point validation passed for Member ID: 39 and Survey ID: 74
Point: 50
Point validation passed for Member ID: 39 and Survey ID: 75
Point: 10
Point validation passed for Member ID: 39 and Survey ID: 91
Point: 5
Point validation passed for Member ID: 40 and Survey ID: 16
Point: 45
Point validation passed for Member ID: 40 and Survey ID: 21
Point: 3
Point validation passed for Member ID: 40 and Survey ID: 23
Point: 10
Point validation passed for Member ID: 40 and Survey ID: 34
Point: 15
Point validation passed for Member ID: 40 and Survey ID: 46
Point: 10
Point validation passed for Member ID: 40 and Survey ID: 54
Point: 25
Point validation passed for Member ID: 40 and Survey ID: 78
Point: 0
Point validation passed for Member ID: 40 and Survey ID: 79
Point: 20
Point validation passed for Member ID: 40 and Survey ID: 83
Point: 5
Point validation passed for Member ID: 40 and Survey ID: 85
Point: 25
Point validation passed for Member ID: 40 and Survey ID: 99
Point: 0
Point validation passed for Member ID: 40 and Survey ID: 100
Point: 10
Point validation passed for Member ID: 41 and Survey ID: 7
Point: 45
Point validation passed for Member ID: 41 and Survey ID: 12
Point: 5
Point validation passed for Member ID: 41 and Survey ID: 15
Point: 10
Point validation passed for Member ID: 41 and Survey ID: 16
Point: 3
Point validation passed for Member ID: 41 and Survey ID: 26
Point: 5
Point validation passed for Member ID: 41 and Survey ID: 34
Point: 0
Point validation passed for Member ID: 41 and Survey ID: 43
Point: 30
Point validation passed for Member ID: 41 and Survey ID: 48
Point: 5
Point validation passed for Member ID: 41 and Survey ID: 49
Point: 35
Point validation passed for Member ID: 41 and Survey ID: 57
Point: 3
Point validation passed for Member ID: 41 and Survey ID: 62
Point: 0
Point validation passed for Member ID: 41 and Survey ID: 85
Point: 25
Point validation passed for Member ID: 41 and Survey ID: 87
Point: 15
Point validation passed for Member ID: 41 and Survey ID: 93
Point: 0
Point validation passed for Member ID: 42 and Survey ID: 4
Point: 10
Point validation passed for Member ID: 42 and Survey ID: 11
Point: 0
Point validation passed for Member ID: 42 and Survey ID: 15
Point: 10
Point validation passed for Member ID: 42 and Survey ID: 34
Point: 0
Point validation passed for Member ID: 42 and Survey ID: 56
Point: 1
Point validation passed for Member ID: 42 and Survey ID: 58
Point: 45
Point validation passed for Member ID: 42 and Survey ID: 79
Point: 0
Point validation passed for Member ID: 42 and Survey ID: 88
Point: 30
Point validation passed for Member ID: 42 and Survey ID: 95
Point: 15
Point validation passed for Member ID: 42 and Survey ID: 96
Point: 50
Point validation passed for Member ID: 42 and Survey ID: 99
Point: 25
Point validation passed for Member ID: 43 and Survey ID: 5
Point: 0
Point validation passed for Member ID: 43 and Survey ID: 35
Point: 10
Point validation passed for Member ID: 43 and Survey ID: 42
Point: 25
Point validation passed for Member ID: 43 and Survey ID: 44
Point: 35
Point validation passed for Member ID: 43 and Survey ID: 49
Point: 4
Point validation passed for Member ID: 44 and Survey ID: 10
Point: 5
Point validation passed for Member ID: 44 and Survey ID: 32
Point: 40
Point validation passed for Member ID: 44 and Survey ID: 59
Point: 40
Point validation passed for Member ID: 44 and Survey ID: 65
Point: 20
Point validation passed for Member ID: 44 and Survey ID: 72
Point: 25
Point validation passed for Member ID: 44 and Survey ID: 78
Point: 30
Point validation passed for Member ID: 45 and Survey ID: 2
Point: 0
Point validation passed for Member ID: 45 and Survey ID: 11
Point: 45
Point validation passed for Member ID: 45 and Survey ID: 29
Point: 50
Point validation passed for Member ID: 45 and Survey ID: 47
Point: 20
Point validation passed for Member ID: 45 and Survey ID: 49
Point: 35
Point validation passed for Member ID: 45 and Survey ID: 55
Point: 35
Point validation passed for Member ID: 45 and Survey ID: 60
Point: 0
Point validation passed for Member ID: 45 and Survey ID: 70
Point: 5
Point validation passed for Member ID: 46 and Survey ID: 5
Point: 4
Point validation passed for Member ID: 46 and Survey ID: 25
Point: 5
Point validation passed for Member ID: 46 and Survey ID: 38
Point: 1
Point validation passed for Member ID: 46 and Survey ID: 52
Point: 40
Point validation passed for Member ID: 46 and Survey ID: 59
Point: 40
Point validation passed for Member ID: 46 and Survey ID: 63
Point: 5
Point validation passed for Member ID: 46 and Survey ID: 73
Point: 2
Point validation passed for Member ID: 46 and Survey ID: 74
Point: 0
Point validation passed for Member ID: 47 and Survey ID: 32
Point: 40
Point validation passed for Member ID: 47 and Survey ID: 50
Point: 35
Point validation passed for Member ID: 47 and Survey ID: 62
Point: 0
Point validation passed for Member ID: 47 and Survey ID: 88
Point: 30
Point validation passed for Member ID: 48 and Survey ID: 12
Point: 1
Point validation passed for Member ID: 48 and Survey ID: 47
Point: 3
Point validation passed for Member ID: 48 and Survey ID: 58
Point: 45
Point validation passed for Member ID: 48 and Survey ID: 67
Point: 35
Point validation passed for Member ID: 48 and Survey ID: 82
Point: 4
Point validation passed for Member ID: 48 and Survey ID: 83
Point: 5
Point validation passed for Member ID: 48 and Survey ID: 92
Point: 45
Point validation passed for Member ID: 48 and Survey ID: 99
Point: 25
Point validation passed for Member ID: 49 and Survey ID: 2
Point: 0
Point validation passed for Member ID: 49 and Survey ID: 9
Point: 2
Point validation passed for Member ID: 49 and Survey ID: 19
Point: 45
Point validation passed for Member ID: 49 and Survey ID: 27
Point: 0
Point validation passed for Member ID: 49 and Survey ID: 28
Point: 10
Point validation passed for Member ID: 49 and Survey ID: 32
Point: 40
Point validation passed for Member ID: 49 and Survey ID: 35
Point: 10
Point validation passed for Member ID: 49 and Survey ID: 39
Point: 40
Point validation passed for Member ID: 49 and Survey ID: 47
Point: 20
Point validation passed for Member ID: 49 and Survey ID: 50
Point: 5
Point validation passed for Member ID: 49 and Survey ID: 51
Point: 15
Point validation passed for Member ID: 49 and Survey ID: 53
Point: 5
Point validation passed for Member ID: 49 and Survey ID: 62
Point: 40
Point validation passed for Member ID: 49 and Survey ID: 63
Point: 30
Point validation passed for Member ID: 49 and Survey ID: 65
Point: 0
Point validation passed for Member ID: 49 and Survey ID: 69
Point: 1
Point validation passed for Member ID: 49 and Survey ID: 97
Point: 1
Point validation passed for Member ID: 50 and Survey ID: 1
Point: 5
Point validation passed for Member ID: 50 and Survey ID: 4
Point: 10
Point validation passed for Member ID: 50 and Survey ID: 19
Point: 45
Point validation passed for Member ID: 50 and Survey ID: 21
Point: 50
Point validation passed for Member ID: 50 and Survey ID: 25
Point: 5
Point validation passed for Member ID: 50 and Survey ID: 34
Point: 15
Point validation passed for Member ID: 50 and Survey ID: 56
Point: 10
Point validation passed for Member ID: 50 and Survey ID: 57
Point: 0
Point validation passed for Member ID: 50 and Survey ID: 79
Point: 20
Point validation passed for Member ID: 50 and Survey ID: 99
Point: 3
Point validation passed for Member ID: 51 and Survey ID: 3
Point: 10
Point validation passed for Member ID: 51 and Survey ID: 10
Point: 5
Point validation passed for Member ID: 51 and Survey ID: 39
Point: 40
Point validation passed for Member ID: 51 and Survey ID: 40
Point: 10
Point validation passed for Member ID: 51 and Survey ID: 49
Point: 35
Point validation passed for Member ID: 51 and Survey ID: 53
Point: 0
Point validation passed for Member ID: 51 and Survey ID: 56
Point: 1
Point validation passed for Member ID: 51 and Survey ID: 59
Point: 2
Point validation passed for Member ID: 51 and Survey ID: 84
Point: 25
Point validation passed for Member ID: 51 and Survey ID: 88
Point: 30
Point validation passed for Member ID: 51 and Survey ID: 95
Point: 15
Point validation passed for Member ID: 51 and Survey ID: 100
Point: 10
Point validation passed for Member ID: 52 and Survey ID: 14
Point: 50
Point validation passed for Member ID: 52 and Survey ID: 29
Point: 50
Point validation passed for Member ID: 52 and Survey ID: 35
Point: 10
Point validation passed for Member ID: 52 and Survey ID: 43
Point: 30
Point validation passed for Member ID: 52 and Survey ID: 47
Point: 20
Point validation passed for Member ID: 52 and Survey ID: 53
Point: 20
Point validation passed for Member ID: 52 and Survey ID: 68
Point: 5
Point validation passed for Member ID: 52 and Survey ID: 72
Point: 25
Point validation passed for Member ID: 52 and Survey ID: 82
Point: 35
Point validation passed for Member ID: 52 and Survey ID: 85
Point: 2
Point validation passed for Member ID: 53 and Survey ID: 4
Point: 10
Point validation passed for Member ID: 53 and Survey ID: 26
Point: 5
Point validation passed for Member ID: 53 and Survey ID: 38
Point: 1
Point validation passed for Member ID: 53 and Survey ID: 42
Point: 25
Point validation passed for Member ID: 53 and Survey ID: 48
Point: 0
Point validation passed for Member ID: 53 and Survey ID: 49
Point: 35
Point validation passed for Member ID: 53 and Survey ID: 73
Point: 15
Point validation passed for Member ID: 53 and Survey ID: 77
Point: 25
Point validation passed for Member ID: 53 and Survey ID: 79
Point: 5
Point validation passed for Member ID: 54 and Survey ID: 1
Point: 5
Point validation passed for Member ID: 54 and Survey ID: 14
Point: 2
Point validation passed for Member ID: 54 and Survey ID: 21
Point: 50
Point validation passed for Member ID: 54 and Survey ID: 27
Point: 15
Point validation passed for Member ID: 54 and Survey ID: 32
Point: 40
Point validation passed for Member ID: 54 and Survey ID: 47
Point: 20
Point validation passed for Member ID: 54 and Survey ID: 60
Point: 35
Point validation passed for Member ID: 54 and Survey ID: 67
Point: 35
Point validation passed for Member ID: 54 and Survey ID: 93
Point: 1
Point validation passed for Member ID: 55 and Survey ID: 15
Point: 10
Point validation passed for Member ID: 55 and Survey ID: 21
Point: 50
Point validation passed for Member ID: 55 and Survey ID: 22
Point: 40
Point validation passed for Member ID: 55 and Survey ID: 56
Point: 10
Point validation passed for Member ID: 55 and Survey ID: 57
Point: 45
Point validation passed for Member ID: 55 and Survey ID: 100
Point: 10
Point validation passed for Member ID: 56 and Survey ID: 3
Point: 10
Point validation passed for Member ID: 56 and Survey ID: 7
Point: 3
Point validation passed for Member ID: 56 and Survey ID: 8
Point: 5
Point validation passed for Member ID: 56 and Survey ID: 17
Point: 15
Point validation passed for Member ID: 56 and Survey ID: 50
Point: 35
Point validation passed for Member ID: 56 and Survey ID: 55
Point: 35
Point validation passed for Member ID: 56 and Survey ID: 69
Point: 10
Point validation passed for Member ID: 56 and Survey ID: 80
Point: 45
Point validation passed for Member ID: 56 and Survey ID: 87
Point: 0
Point validation passed for Member ID: 56 and Survey ID: 88
Point: 30
Point validation passed for Member ID: 56 and Survey ID: 92
Point: 4
Point validation passed for Member ID: 57 and Survey ID: 1
Point: 5
Point validation passed for Member ID: 57 and Survey ID: 13
Point: 3
Point validation passed for Member ID: 57 and Survey ID: 43
Point: 30
Point validation passed for Member ID: 57 and Survey ID: 44
Point: 5
Point validation passed for Member ID: 57 and Survey ID: 64
Point: 5
Point validation passed for Member ID: 57 and Survey ID: 66
Point: 15
Point validation passed for Member ID: 57 and Survey ID: 87
Point: 15
Point validation passed for Member ID: 57 and Survey ID: 96
Point: 50
Point validation passed for Member ID: 57 and Survey ID: 100
Point: 10
Point validation passed for Member ID: 58 and Survey ID: 3
Point: 10
Point validation passed for Member ID: 58 and Survey ID: 24
Point: 35
Point validation passed for Member ID: 58 and Survey ID: 27
Point: 0
Point validation passed for Member ID: 58 and Survey ID: 28
Point: 10
Point validation passed for Member ID: 58 and Survey ID: 32
Point: 40
Point validation passed for Member ID: 58 and Survey ID: 54
Point: 25
Point validation passed for Member ID: 58 and Survey ID: 57
Point: 45
Point validation passed for Member ID: 58 and Survey ID: 79
Point: 0
Point validation passed for Member ID: 58 and Survey ID: 90
Point: 5
Point validation passed for Member ID: 58 and Survey ID: 98
Point: 45
Point validation passed for Member ID: 58 and Survey ID: 100
Point: 3
Point validation passed for Member ID: 59 and Survey ID: 5
Point: 4
Point validation passed for Member ID: 59 and Survey ID: 10
Point: 5
Point validation passed for Member ID: 59 and Survey ID: 13
Point: 3
Point validation passed for Member ID: 59 and Survey ID: 34
Point: 15
Point validation passed for Member ID: 59 and Survey ID: 48
Point: 40
Point validation passed for Member ID: 59 and Survey ID: 63
Point: 30
Point validation passed for Member ID: 59 and Survey ID: 69
Point: 0
Point validation passed for Member ID: 59 and Survey ID: 76
Point: 40
Point validation passed for Member ID: 59 and Survey ID: 78
Point: 0
Point validation passed for Member ID: 59 and Survey ID: 87
Point: 15
Point validation passed for Member ID: 59 and Survey ID: 93
Point: 45
Point validation passed for Member ID: 60 and Survey ID: 5
Point: 35
Point validation passed for Member ID: 60 and Survey ID: 11
Point: 4
Point validation passed for Member ID: 60 and Survey ID: 20
Point: 5
Point validation passed for Member ID: 60 and Survey ID: 41
Point: 40
Point validation passed for Member ID: 60 and Survey ID: 75
Point: 10
Point validation passed for Member ID: 60 and Survey ID: 81
Point: 20
Point validation passed for Member ID: 60 and Survey ID: 87
Point: 15
Point validation passed for Member ID: 60 and Survey ID: 97
Point: 35
Point validation passed for Member ID: 60 and Survey ID: 98
Point: 45
Point validation passed for Member ID: 61 and Survey ID: 11
Point: 0
Point validation passed for Member ID: 61 and Survey ID: 35
Point: 10
Point validation passed for Member ID: 61 and Survey ID: 42
Point: 4
Point validation passed for Member ID: 61 and Survey ID: 47
Point: 20
Point validation passed for Member ID: 61 and Survey ID: 48
Point: 0
Point validation passed for Member ID: 61 and Survey ID: 59
Point: 40
Point validation passed for Member ID: 61 and Survey ID: 78
Point: 0
Point validation passed for Member ID: 61 and Survey ID: 95
Point: 15
Point validation passed for Member ID: 61 and Survey ID: 97
Point: 35
Point validation passed for Member ID: 62 and Survey ID: 7
Point: 45
Point validation passed for Member ID: 62 and Survey ID: 11
Point: 45
Point validation passed for Member ID: 62 and Survey ID: 24
Point: 35
Point validation passed for Member ID: 62 and Survey ID: 27
Point: 15
Point validation passed for Member ID: 62 and Survey ID: 31
Point: 50
Point validation passed for Member ID: 62 and Survey ID: 39
Point: 2
Point validation passed for Member ID: 62 and Survey ID: 58
Point: 45
Point validation passed for Member ID: 62 and Survey ID: 59
Point: 40
Point validation passed for Member ID: 62 and Survey ID: 75
Point: 5
Point validation passed for Member ID: 62 and Survey ID: 79
Point: 0
Point validation passed for Member ID: 63 and Survey ID: 6
Point: 5
Point validation passed for Member ID: 63 and Survey ID: 7
Point: 45
Point validation passed for Member ID: 63 and Survey ID: 9
Point: 35
Point validation passed for Member ID: 63 and Survey ID: 15
Point: 1
Point validation passed for Member ID: 63 and Survey ID: 31
Point: 50
Point validation passed for Member ID: 63 and Survey ID: 32
Point: 40
Point validation passed for Member ID: 63 and Survey ID: 44
Point: 5
Point validation passed for Member ID: 63 and Survey ID: 51
Point: 15
Point validation passed for Member ID: 63 and Survey ID: 54
Point: 25
Point validation passed for Member ID: 63 and Survey ID: 56
Point: 10
Point validation passed for Member ID: 63 and Survey ID: 77
Point: 25
Point validation passed for Member ID: 63 and Survey ID: 83
Point: 5
Point validation passed for Member ID: 63 and Survey ID: 93
Point: 1
Point validation passed for Member ID: 64 and Survey ID: 3
Point: 10
Point validation passed for Member ID: 64 and Survey ID: 8
Point: 5
Point validation passed for Member ID: 64 and Survey ID: 13
Point: 40
Point validation passed for Member ID: 64 and Survey ID: 30
Point: 25
Point validation passed for Member ID: 64 and Survey ID: 34
Point: 15
Point validation passed for Member ID: 64 and Survey ID: 51
Point: 15
Point validation passed for Member ID: 64 and Survey ID: 71
Point: 30
Point validation passed for Member ID: 64 and Survey ID: 93
Point: 45
Point validation passed for Member ID: 65 and Survey ID: 1
Point: 2
Point validation passed for Member ID: 65 and Survey ID: 5
Point: 35
Point validation passed for Member ID: 65 and Survey ID: 14
Point: 50
Point validation passed for Member ID: 65 and Survey ID: 22
Point: 40
Point validation passed for Member ID: 65 and Survey ID: 24
Point: 35
Point validation passed for Member ID: 65 and Survey ID: 25
Point: 0
Point validation passed for Member ID: 65 and Survey ID: 43
Point: 0
Point validation passed for Member ID: 65 and Survey ID: 56
Point: 1
Point validation passed for Member ID: 65 and Survey ID: 63
Point: 30
Point validation passed for Member ID: 65 and Survey ID: 67
Point: 35
Point validation passed for Member ID: 65 and Survey ID: 84
Point: 25
Point validation passed for Member ID: 66 and Survey ID: 28
Point: 10
Point validation passed for Member ID: 66 and Survey ID: 30
Point: 25
Point validation passed for Member ID: 66 and Survey ID: 37
Point: 25
Point validation passed for Member ID: 66 and Survey ID: 51
Point: 15
Point validation passed for Member ID: 66 and Survey ID: 68
Point: 5
Point validation passed for Member ID: 66 and Survey ID: 83
Point: 0
Point validation passed for Member ID: 66 and Survey ID: 99
Point: 25
Point validation passed for Member ID: 67 and Survey ID: 11
Point: 4
Point validation passed for Member ID: 67 and Survey ID: 25
Point: 5
Point validation passed for Member ID: 67 and Survey ID: 34
Point: 5
Point validation passed for Member ID: 67 and Survey ID: 35
Point: 10
Point validation passed for Member ID: 67 and Survey ID: 44
Point: 35
Point validation passed for Member ID: 67 and Survey ID: 59
Point: 40
Point validation passed for Member ID: 67 and Survey ID: 67
Point: 0
Point validation passed for Member ID: 67 and Survey ID: 97
Point: 1
Point validation passed for Member ID: 68 and Survey ID: 20
Point: 0
Point validation passed for Member ID: 68 and Survey ID: 22
Point: 40
Point validation passed for Member ID: 68 and Survey ID: 30
Point: 25
Point validation passed for Member ID: 68 and Survey ID: 36
Point: 35
Point validation passed for Member ID: 68 and Survey ID: 45
Point: 20
Point validation passed for Member ID: 68 and Survey ID: 58
Point: 2
Point validation passed for Member ID: 68 and Survey ID: 60
Point: 35
Point validation passed for Member ID: 68 and Survey ID: 61
Point: 40
Point validation passed for Member ID: 68 and Survey ID: 64
Point: 5
Point validation passed for Member ID: 68 and Survey ID: 78
Point: 30
Point validation passed for Member ID: 68 and Survey ID: 92
Point: 45
Point validation passed for Member ID: 69 and Survey ID: 4
Point: 10
Point validation passed for Member ID: 69 and Survey ID: 45
Point: 0
Point validation passed for Member ID: 69 and Survey ID: 47
Point: 3
Point validation passed for Member ID: 69 and Survey ID: 50
Point: 35
Point validation passed for Member ID: 69 and Survey ID: 56
Point: 10
Point validation passed for Member ID: 69 and Survey ID: 57
Point: 3
Point validation passed for Member ID: 69 and Survey ID: 60
Point: 35
Point validation passed for Member ID: 69 and Survey ID: 65
Point: 20
Point validation passed for Member ID: 69 and Survey ID: 73
Point: 15
Point validation passed for Member ID: 69 and Survey ID: 83
Point: 5
Point validation passed for Member ID: 69 and Survey ID: 85
Point: 25
Point validation passed for Member ID: 70 and Survey ID: 13
Point: 40
Point validation passed for Member ID: 70 and Survey ID: 15
Point: 10
Point validation passed for Member ID: 70 and Survey ID: 21
Point: 50
Point validation passed for Member ID: 70 and Survey ID: 38
Point: 0
Point validation passed for Member ID: 70 and Survey ID: 39
Point: 2
Point validation passed for Member ID: 70 and Survey ID: 44
Point: 35
Point validation passed for Member ID: 70 and Survey ID: 55
Point: 35
Point validation passed for Member ID: 70 and Survey ID: 89
Point: 10
Point validation passed for Member ID: 70 and Survey ID: 95
Point: 15
Point validation passed for Member ID: 71 and Survey ID: 12
Point: 5
Point validation passed for Member ID: 71 and Survey ID: 18
Point: 4
Point validation passed for Member ID: 71 and Survey ID: 38
Point: 30
Point validation passed for Member ID: 71 and Survey ID: 39
Point: 40
Point validation passed for Member ID: 71 and Survey ID: 42
Point: 25
Point validation passed for Member ID: 71 and Survey ID: 43
Point: 0
Point validation passed for Member ID: 71 and Survey ID: 52
Point: 40
Point validation passed for Member ID: 71 and Survey ID: 60
Point: 2
Point validation passed for Member ID: 71 and Survey ID: 72
Point: 25
Point validation passed for Member ID: 71 and Survey ID: 98
Point: 45
Point validation passed for Member ID: 72 and Survey ID: 10
Point: 2
Point validation passed for Member ID: 72 and Survey ID: 29
Point: 50
Point validation passed for Member ID: 72 and Survey ID: 59
Point: 2
Point validation passed for Member ID: 72 and Survey ID: 62
Point: 40
Point validation passed for Member ID: 72 and Survey ID: 66
Point: 15
Point validation passed for Member ID: 72 and Survey ID: 76
Point: 40
Point validation passed for Member ID: 72 and Survey ID: 81
Point: 20
Point validation passed for Member ID: 72 and Survey ID: 86
Point: 0
Point validation passed for Member ID: 72 and Survey ID: 95
Point: 0
Point validation passed for Member ID: 73 and Survey ID: 10
Point: 5
Point validation passed for Member ID: 73 and Survey ID: 27
Point: 15
Point validation passed for Member ID: 73 and Survey ID: 28
Point: 4
Point validation passed for Member ID: 73 and Survey ID: 30
Point: 25
Point validation passed for Member ID: 73 and Survey ID: 37
Point: 25
Point validation passed for Member ID: 73 and Survey ID: 50
Point: 35
Point validation passed for Member ID: 73 and Survey ID: 62
Point: 40
Point validation passed for Member ID: 73 and Survey ID: 68
Point: 5
Point validation passed for Member ID: 73 and Survey ID: 70
Point: 30
Point validation passed for Member ID: 73 and Survey ID: 87
Point: 15
Point validation passed for Member ID: 73 and Survey ID: 98
Point: 5
Point validation passed for Member ID: 73 and Survey ID: 100
Point: 10
Point validation passed for Member ID: 74 and Survey ID: 7
Point: 45
Point validation passed for Member ID: 74 and Survey ID: 17
Point: 5
Point validation passed for Member ID: 74 and Survey ID: 47
Point: 3
Point validation passed for Member ID: 74 and Survey ID: 50
Point: 35
Point validation passed for Member ID: 74 and Survey ID: 55
Point: 35
Point validation passed for Member ID: 74 and Survey ID: 62
Point: 0
Point validation passed for Member ID: 74 and Survey ID: 63
Point: 30
Point validation passed for Member ID: 74 and Survey ID: 69
Point: 0
Point validation passed for Member ID: 74 and Survey ID: 87
Point: 4
Point validation passed for Member ID: 74 and Survey ID: 92
Point: 45
Point validation passed for Member ID: 75 and Survey ID: 29
Point: 50
Point validation passed for Member ID: 75 and Survey ID: 35
Point: 10
Point validation passed for Member ID: 75 and Survey ID: 40
Point: 10
Point validation passed for Member ID: 75 and Survey ID: 79
Point: 20
Point validation passed for Member ID: 76 and Survey ID: 8
Point: 4
Point validation passed for Member ID: 76 and Survey ID: 24
Point: 0
Point validation passed for Member ID: 76 and Survey ID: 32
Point: 40
Point validation passed for Member ID: 76 and Survey ID: 38
Point: 30
Point validation passed for Member ID: 76 and Survey ID: 42
Point: 4
Point validation passed for Member ID: 76 and Survey ID: 46
Point: 10
Point validation passed for Member ID: 76 and Survey ID: 47
Point: 20
Point validation passed for Member ID: 76 and Survey ID: 65
Point: 5
Point validation passed for Member ID: 76 and Survey ID: 70
Point: 30
Point validation passed for Member ID: 76 and Survey ID: 73
Point: 2
Point validation passed for Member ID: 76 and Survey ID: 86
Point: 0
Point validation passed for Member ID: 76 and Survey ID: 92
Point: 45
Point validation passed for Member ID: 76 and Survey ID: 96
Point: 50
Point validation passed for Member ID: 77 and Survey ID: 44
Point: 5
Point validation passed for Member ID: 77 and Survey ID: 58
Point: 45
Point validation passed for Member ID: 77 and Survey ID: 62
Point: 40
Point validation passed for Member ID: 77 and Survey ID: 80
Point: 0
Point validation passed for Member ID: 77 and Survey ID: 86
Point: 0
Point validation passed for Member ID: 78 and Survey ID: 1
Point: 5
Point validation passed for Member ID: 78 and Survey ID: 5
Point: 0
Point validation passed for Member ID: 78 and Survey ID: 14
Point: 50
Point validation passed for Member ID: 78 and Survey ID: 35
Point: 10
Point validation passed for Member ID: 78 and Survey ID: 49
Point: 35
Point validation passed for Member ID: 78 and Survey ID: 54
Point: 25
Point validation passed for Member ID: 78 and Survey ID: 55
Point: 35
Point validation passed for Member ID: 78 and Survey ID: 57
Point: 0
Point validation passed for Member ID: 78 and Survey ID: 64
Point: 5
Point validation passed for Member ID: 78 and Survey ID: 68
Point: 5
Point validation passed for Member ID: 78 and Survey ID: 99
Point: 25
Point validation passed for Member ID: 78 and Survey ID: 100
Point: 10
Point validation passed for Member ID: 79 and Survey ID: 10
Point: 5
Point validation passed for Member ID: 79 and Survey ID: 13
Point: 40
Point validation passed for Member ID: 79 and Survey ID: 20
Point: 20
Point validation passed for Member ID: 79 and Survey ID: 23
Point: 10
Point validation passed for Member ID: 79 and Survey ID: 45
Point: 20
Point validation passed for Member ID: 79 and Survey ID: 48
Point: 5
Point validation passed for Member ID: 79 and Survey ID: 61
Point: 40
Point validation passed for Member ID: 79 and Survey ID: 80
Point: 1
Point validation passed for Member ID: 79 and Survey ID: 81
Point: 20
Point validation passed for Member ID: 79 and Survey ID: 88
Point: 3
Point validation passed for Member ID: 79 and Survey ID: 90
Point: 5
Point validation passed for Member ID: 79 and Survey ID: 92
Point: 45
Point validation passed for Member ID: 80 and Survey ID: 12
Point: 5
Point validation passed for Member ID: 80 and Survey ID: 25
Point: 5
Point validation passed for Member ID: 80 and Survey ID: 28
Point: 10
Point validation passed for Member ID: 80 and Survey ID: 34
Point: 15
Point validation passed for Member ID: 80 and Survey ID: 49
Point: 35
Point validation passed for Member ID: 80 and Survey ID: 54
Point: 25
Point validation passed for Member ID: 80 and Survey ID: 57
Point: 3
Point validation passed for Member ID: 80 and Survey ID: 65
Point: 20
Point validation passed for Member ID: 80 and Survey ID: 66
Point: 15
Point validation passed for Member ID: 80 and Survey ID: 68
Point: 5
Point validation passed for Member ID: 80 and Survey ID: 72
Point: 25
Point validation passed for Member ID: 80 and Survey ID: 75
Point: 10
Point validation passed for Member ID: 80 and Survey ID: 96
Point: 50
Point validation passed for Member ID: 81 and Survey ID: 8
Point: 5
Point validation passed for Member ID: 81 and Survey ID: 15
Point: 10
Point validation passed for Member ID: 81 and Survey ID: 54
Point: 25
Point validation passed for Member ID: 81 and Survey ID: 58
Point: 45
Point validation passed for Member ID: 81 and Survey ID: 64
Point: 10
Point validation passed for Member ID: 81 and Survey ID: 65
Point: 5
Point validation passed for Member ID: 81 and Survey ID: 72
Point: 25
Point validation passed for Member ID: 82 and Survey ID: 15
Point: 1
Point validation passed for Member ID: 82 and Survey ID: 74
Point: 50
Point validation passed for Member ID: 82 and Survey ID: 90
Point: 5
Point validation passed for Member ID: 82 and Survey ID: 97
Point: 35
Point validation passed for Member ID: 83 and Survey ID: 17
Point: 5
Point validation passed for Member ID: 83 and Survey ID: 23
Point: 4
Point validation passed for Member ID: 83 and Survey ID: 35
Point: 10
Point validation passed for Member ID: 83 and Survey ID: 58
Point: 45
Point validation passed for Member ID: 83 and Survey ID: 70
Point: 0
Point validation passed for Member ID: 83 and Survey ID: 92
Point: 4
Point validation passed for Member ID: 83 and Survey ID: 95
Point: 5
Point validation passed for Member ID: 84 and Survey ID: 9
Point: 35
Point validation passed for Member ID: 84 and Survey ID: 14
Point: 2
Point validation passed for Member ID: 84 and Survey ID: 21
Point: 50
Point validation passed for Member ID: 84 and Survey ID: 24
Point: 1
Point validation passed for Member ID: 84 and Survey ID: 34
Point: 5
Point validation passed for Member ID: 84 and Survey ID: 39
Point: 40
Point validation passed for Member ID: 84 and Survey ID: 44
Point: 35
Point validation passed for Member ID: 84 and Survey ID: 50
Point: 0
Point validation passed for Member ID: 84 and Survey ID: 65
Point: 20
Point validation passed for Member ID: 84 and Survey ID: 71
Point: 30
Point validation passed for Member ID: 84 and Survey ID: 75
Point: 10
Point validation passed for Member ID: 84 and Survey ID: 78
Point: 30
Point validation passed for Member ID: 84 and Survey ID: 84
Point: 2
Point validation passed for Member ID: 84 and Survey ID: 88
Point: 30
Point validation passed for Member ID: 85 and Survey ID: 1
Point: 2
Point validation passed for Member ID: 85 and Survey ID: 16
Point: 45
Point validation passed for Member ID: 85 and Survey ID: 20
Point: 20
Point validation passed for Member ID: 85 and Survey ID: 29
Point: 0
Point validation passed for Member ID: 85 and Survey ID: 31
Point: 0
Point validation passed for Member ID: 85 and Survey ID: 35
Point: 10
Point validation passed for Member ID: 85 and Survey ID: 37
Point: 0
Point validation passed for Member ID: 85 and Survey ID: 42
Point: 25
Point validation passed for Member ID: 85 and Survey ID: 44
Point: 35
Point validation passed for Member ID: 85 and Survey ID: 45
Point: 0
Point validation passed for Member ID: 85 and Survey ID: 46
Point: 10
Point validation passed for Member ID: 85 and Survey ID: 48
Point: 5
Point validation passed for Member ID: 85 and Survey ID: 49
Point: 35
Point validation passed for Member ID: 85 and Survey ID: 69
Point: 10
Point validation passed for Member ID: 85 and Survey ID: 77
Point: 25
Point validation passed for Member ID: 85 and Survey ID: 92
Point: 45
Point validation passed for Member ID: 86 and Survey ID: 3
Point: 10
Point validation passed for Member ID: 86 and Survey ID: 13
Point: 40
Point validation passed for Member ID: 86 and Survey ID: 20
Point: 20
Point validation passed for Member ID: 86 and Survey ID: 30
Point: 25
Point validation passed for Member ID: 86 and Survey ID: 37
Point: 2
Point validation passed for Member ID: 86 and Survey ID: 39
Point: 0
Point validation passed for Member ID: 86 and Survey ID: 44
Point: 5
Point validation passed for Member ID: 86 and Survey ID: 49
Point: 35
Point validation passed for Member ID: 86 and Survey ID: 58
Point: 45
Point validation passed for Member ID: 86 and Survey ID: 73
Point: 0
Point validation passed for Member ID: 86 and Survey ID: 87
Point: 4
Point validation passed for Member ID: 86 and Survey ID: 93
Point: 0
Point validation passed for Member ID: 86 and Survey ID: 94
Point: 5
Point validation passed for Member ID: 86 and Survey ID: 95
Point: 5
Point validation passed for Member ID: 86 and Survey ID: 97
Point: 35
Point validation passed for Member ID: 86 and Survey ID: 98
Point: 45
Point validation passed for Member ID: 87 and Survey ID: 10
Point: 5
Point validation passed for Member ID: 87 and Survey ID: 13
Point: 40
Point validation passed for Member ID: 87 and Survey ID: 38
Point: 30
Point validation passed for Member ID: 87 and Survey ID: 42
Point: 25
Point validation passed for Member ID: 87 and Survey ID: 46
Point: 2
Point validation passed for Member ID: 87 and Survey ID: 51
Point: 2
Point validation passed for Member ID: 87 and Survey ID: 56
Point: 10
Point validation passed for Member ID: 87 and Survey ID: 57
Point: 45
Point validation passed for Member ID: 87 and Survey ID: 62
Point: 40
Point validation passed for Member ID: 87 and Survey ID: 70
Point: 0
Point validation passed for Member ID: 87 and Survey ID: 71
Point: 3
Point validation passed for Member ID: 87 and Survey ID: 73
Point: 15
Point validation passed for Member ID: 88 and Survey ID: 11
Point: 45
Point validation passed for Member ID: 88 and Survey ID: 15
Point: 10
Point validation passed for Member ID: 88 and Survey ID: 25
Point: 5
Point validation passed for Member ID: 88 and Survey ID: 33
Point: 0
Point validation passed for Member ID: 88 and Survey ID: 39
Point: 0
Point validation passed for Member ID: 88 and Survey ID: 40
Point: 10
Point validation passed for Member ID: 88 and Survey ID: 46
Point: 2
Point validation passed for Member ID: 88 and Survey ID: 68
Point: 5
Point validation passed for Member ID: 88 and Survey ID: 78
Point: 3
Point validation passed for Member ID: 88 and Survey ID: 87
Point: 15
Point validation passed for Member ID: 88 and Survey ID: 97
Point: 1
Point validation passed for Member ID: 88 and Survey ID: 98
Point: 45
Point validation passed for Member ID: 88 and Survey ID: 100
Point: 0
Point validation passed for Member ID: 89 and Survey ID: 11
Point: 45
Point validation passed for Member ID: 89 and Survey ID: 28
Point: 10
Point validation passed for Member ID: 89 and Survey ID: 44
Point: 35
Point validation passed for Member ID: 89 and Survey ID: 59
Point: 2
Point validation passed for Member ID: 89 and Survey ID: 80
Point: 1
Point validation passed for Member ID: 89 and Survey ID: 92
Point: 0
Point validation passed for Member ID: 90 and Survey ID: 4
Point: 10
Point validation passed for Member ID: 90 and Survey ID: 11
Point: 0
Point validation passed for Member ID: 90 and Survey ID: 15
Point: 10
Point validation passed for Member ID: 90 and Survey ID: 36
Point: 35
Point validation passed for Member ID: 90 and Survey ID: 53
Point: 20
Point validation passed for Member ID: 90 and Survey ID: 57
Point: 3
Point validation passed for Member ID: 90 and Survey ID: 66
Point: 15
Point validation passed for Member ID: 90 and Survey ID: 77
Point: 25
Point validation passed for Member ID: 90 and Survey ID: 97
Point: 1
Point validation passed for Member ID: 91 and Survey ID: 11
Point: 4
Point validation passed for Member ID: 91 and Survey ID: 22
Point: 40
Point validation passed for Member ID: 91 and Survey ID: 30
Point: 25
Point validation passed for Member ID: 91 and Survey ID: 39
Point: 40
Point validation passed for Member ID: 91 and Survey ID: 67
Point: 35
Point validation passed for Member ID: 91 and Survey ID: 77
Point: 25
Point validation passed for Member ID: 91 and Survey ID: 91
Point: 4
Point validation passed for Member ID: 92 and Survey ID: 17
Point: 15
Point validation passed for Member ID: 92 and Survey ID: 19
Point: 45
Point validation passed for Member ID: 92 and Survey ID: 33
Point: 25
Point validation passed for Member ID: 92 and Survey ID: 41
Point: 40
Point validation passed for Member ID: 92 and Survey ID: 58
Point: 45
Point validation passed for Member ID: 92 and Survey ID: 59
Point: 40
Point validation passed for Member ID: 92 and Survey ID: 67
Point: 35
Point validation passed for Member ID: 92 and Survey ID: 69
Point: 1
Point validation passed for Member ID: 92 and Survey ID: 70
Point: 30
Point validation passed for Member ID: 92 and Survey ID: 80
Point: 45
Point validation passed for Member ID: 92 and Survey ID: 84
Point: 25
Point validation passed for Member ID: 92 and Survey ID: 93
Point: 1
Point validation passed for Member ID: 92 and Survey ID: 100
Point: 0
Point validation passed for Member ID: 93 and Survey ID: 14
Point: 50
Point validation passed for Member ID: 93 and Survey ID: 17
Point: 15
Point validation passed for Member ID: 93 and Survey ID: 23
Point: 10
Point validation passed for Member ID: 93 and Survey ID: 44
Point: 0
Point validation passed for Member ID: 93 and Survey ID: 58
Point: 45
Point validation passed for Member ID: 93 and Survey ID: 64
Point: 5
Point validation passed for Member ID: 93 and Survey ID: 71
Point: 30
Point validation passed for Member ID: 93 and Survey ID: 85
Point: 2
Point validation passed for Member ID: 93 and Survey ID: 91
Point: 5
Point validation passed for Member ID: 93 and Survey ID: 95
Point: 15
Point validation passed for Member ID: 93 and Survey ID: 96
Point: 50
Point validation passed for Member ID: 94 and Survey ID: 1
Point: 5
Point validation passed for Member ID: 94 and Survey ID: 7
Point: 45
Point validation passed for Member ID: 94 and Survey ID: 21
Point: 50
Point validation passed for Member ID: 94 and Survey ID: 29
Point: 3
Point validation passed for Member ID: 94 and Survey ID: 60
Point: 35
Point validation passed for Member ID: 94 and Survey ID: 61
Point: 4
Point validation passed for Member ID: 94 and Survey ID: 85
Point: 25
Point validation passed for Member ID: 95 and Survey ID: 4
Point: 10
Point validation passed for Member ID: 95 and Survey ID: 6
Point: 25
Point validation passed for Member ID: 95 and Survey ID: 14
Point: 50
Point validation passed for Member ID: 95 and Survey ID: 16
Point: 45
Point validation passed for Member ID: 95 and Survey ID: 17
Point: 15
Point validation passed for Member ID: 95 and Survey ID: 23
Point: 10
Point validation passed for Member ID: 95 and Survey ID: 37
Point: 25
Point validation passed for Member ID: 95 and Survey ID: 43
Point: 30
Point validation passed for Member ID: 95 and Survey ID: 52
Point: 3
Point validation passed for Member ID: 95 and Survey ID: 65
Point: 20
Point validation passed for Member ID: 95 and Survey ID: 66
Point: 15
Point validation passed for Member ID: 95 and Survey ID: 70
Point: 30
Point validation passed for Member ID: 95 and Survey ID: 72
Point: 25
Point validation passed for Member ID: 96 and Survey ID: 7
Point: 3
Point validation passed for Member ID: 96 and Survey ID: 9
Point: 2
Point validation passed for Member ID: 96 and Survey ID: 13
Point: 40
Point validation passed for Member ID: 96 and Survey ID: 28
Point: 4
Point validation passed for Member ID: 96 and Survey ID: 29
Point: 50
Point validation passed for Member ID: 96 and Survey ID: 46
Point: 2
Point validation passed for Member ID: 97 and Survey ID: 13
Point: 40
Point validation passed for Member ID: 97 and Survey ID: 21
Point: 50
Point validation passed for Member ID: 97 and Survey ID: 43
Point: 30
Point validation passed for Member ID: 97 and Survey ID: 45
Point: 20
Point validation passed for Member ID: 97 and Survey ID: 53
Point: 0
Point validation passed for Member ID: 97 and Survey ID: 67
Point: 5
Point validation passed for Member ID: 97 and Survey ID: 68
Point: 5
Point validation passed for Member ID: 97 and Survey ID: 75
Point: 10
Point validation passed for Member ID: 97 and Survey ID: 76
Point: 40
Point validation passed for Member ID: 97 and Survey ID: 94
Point: 0
Point validation passed for Member ID: 97 and Survey ID: 99
Point: 25
Point validation passed for Member ID: 98 and Survey ID: 4
Point: 10
Point validation passed for Member ID: 98 and Survey ID: 7
Point: 0
Point validation passed for Member ID: 98 and Survey ID: 23
Point: 4
Point validation passed for Member ID: 98 and Survey ID: 27
Point: 15
Point validation passed for Member ID: 98 and Survey ID: 29
Point: 50
Point validation passed for Member ID: 98 and Survey ID: 30
Point: 25
Point validation passed for Member ID: 98 and Survey ID: 37
Point: 2
Point validation passed for Member ID: 98 and Survey ID: 45
Point: 20
Point validation passed for Member ID: 98 and Survey ID: 69
Point: 10
Point validation passed for Member ID: 98 and Survey ID: 70
Point: 30
Point validation passed for Member ID: 98 and Survey ID: 74
Point: 50
Point validation passed for Member ID: 99 and Survey ID: 4
Point: 10
Point validation passed for Member ID: 99 and Survey ID: 8
Point: 5
Point validation passed for Member ID: 99 and Survey ID: 16
Point: 0
Point validation passed for Member ID: 99 and Survey ID: 26
Point: 0
Point validation passed for Member ID: 99 and Survey ID: 47
Point: 20
Point validation passed for Member ID: 99 and Survey ID: 50
Point: 35
Point validation passed for Member ID: 99 and Survey ID: 54
Point: 25
Point validation passed for Member ID: 99 and Survey ID: 80
Point: 0
Point validation passed for Member ID: 99 and Survey ID: 84
Point: 25
Point validation passed for Member ID: 99 and Survey ID: 87
Point: 4
Point validation passed for Member ID: 100 and Survey ID: 22
Point: 0
Point validation passed for Member ID: 100 and Survey ID: 25
Point: 5
Point validation passed for Member ID: 100 and Survey ID: 67
Point: 35
Point validation passed for Member ID: 100 and Survey ID: 70
Point: 30
Point validation passed for Member ID: 101 and Survey ID: 8
Point: 4
Point validation passed for Member ID: 101 and Survey ID: 9
Point: 35
Point validation passed for Member ID: 101 and Survey ID: 18
Point: 0
Point validation passed for Member ID: 101 and Survey ID: 21
Point: 50
Point validation passed for Member ID: 101 and Survey ID: 36
Point: 2
Point validation passed for Member ID: 101 and Survey ID: 41
Point: 5
Point validation passed for Member ID: 101 and Survey ID: 50
Point: 35
Point validation passed for Member ID: 101 and Survey ID: 65
Point: 20
Point validation passed for Member ID: 101 and Survey ID: 83
Point: 5
Point validation passed for Member ID: 101 and Survey ID: 94
Point: 0
Point validation passed for Member ID: 102 and Survey ID: 8
Point: 5
Point validation passed for Member ID: 102 and Survey ID: 14
Point: 50
Point validation passed for Member ID: 102 and Survey ID: 17
Point: 15
Point validation passed for Member ID: 102 and Survey ID: 27
Point: 15
Point validation passed for Member ID: 102 and Survey ID: 34
Point: 15
Point validation passed for Member ID: 102 and Survey ID: 39
Point: 2
Point validation passed for Member ID: 102 and Survey ID: 65
Point: 5
Point validation passed for Member ID: 102 and Survey ID: 78
Point: 3
Point validation passed for Member ID: 102 and Survey ID: 79
Point: 20
Point validation passed for Member ID: 102 and Survey ID: 84
Point: 25
Point validation passed for Member ID: 102 and Survey ID: 100
Point: 10
Point validation passed for Member ID: 103 and Survey ID: 5
Point: 35
Point validation passed for Member ID: 103 and Survey ID: 7
Point: 45
Point validation passed for Member ID: 103 and Survey ID: 16
Point: 45
Point validation passed for Member ID: 103 and Survey ID: 23
Point: 4
Point validation passed for Member ID: 103 and Survey ID: 38
Point: 0
Point validation passed for Member ID: 103 and Survey ID: 50
Point: 35
Point validation passed for Member ID: 103 and Survey ID: 52
Point: 40
Point validation passed for Member ID: 103 and Survey ID: 56
Point: 10
Point validation passed for Member ID: 103 and Survey ID: 67
Point: 5
Point validation passed for Member ID: 103 and Survey ID: 69
Point: 10
Point validation passed for Member ID: 103 and Survey ID: 70
Point: 30
Point validation passed for Member ID: 103 and Survey ID: 74
Point: 50
Point validation passed for Member ID: 103 and Survey ID: 85
Point: 0
Point validation passed for Member ID: 104 and Survey ID: 2
Point: 15
Point validation passed for Member ID: 104 and Survey ID: 8
Point: 5
Point validation passed for Member ID: 104 and Survey ID: 17
Point: 15
Point validation passed for Member ID: 104 and Survey ID: 26
Point: 0
Point validation passed for Member ID: 104 and Survey ID: 31
Point: 2
Point validation passed for Member ID: 104 and Survey ID: 33
Point: 25
Point validation passed for Member ID: 104 and Survey ID: 56
Point: 10
Point validation passed for Member ID: 104 and Survey ID: 58
Point: 45
Point validation passed for Member ID: 104 and Survey ID: 66
Point: 15
Point validation passed for Member ID: 104 and Survey ID: 89
Point: 10
Point validation passed for Member ID: 105 and Survey ID: 3
Point: 10
Point validation passed for Member ID: 105 and Survey ID: 8
Point: 5
Point validation passed for Member ID: 105 and Survey ID: 25
Point: 5
Point validation passed for Member ID: 105 and Survey ID: 26
Point: 5
Point validation passed for Member ID: 105 and Survey ID: 52
Point: 40
Point validation passed for Member ID: 105 and Survey ID: 59
Point: 2
Point validation passed for Member ID: 105 and Survey ID: 68
Point: 5
Point validation passed for Member ID: 105 and Survey ID: 78
Point: 30
Point validation passed for Member ID: 105 and Survey ID: 82
Point: 35
Point validation passed for Member ID: 105 and Survey ID: 90
Point: 5
Point validation passed for Member ID: 105 and Survey ID: 96
Point: 0
Point validation passed for Member ID: 106 and Survey ID: 2
Point: 4
Point validation passed for Member ID: 106 and Survey ID: 13
Point: 40
Point validation passed for Member ID: 106 and Survey ID: 19
Point: 5
Point validation passed for Member ID: 106 and Survey ID: 25
Point: 5
Point validation passed for Member ID: 106 and Survey ID: 36
Point: 35
Point validation passed for Member ID: 106 and Survey ID: 63
Point: 30
Point validation passed for Member ID: 106 and Survey ID: 71
Point: 30
Point validation passed for Member ID: 106 and Survey ID: 90
Point: 5
Point validation passed for Member ID: 106 and Survey ID: 92
Point: 45
Point validation passed for Member ID: 107 and Survey ID: 2
Point: 15
Point validation passed for Member ID: 107 and Survey ID: 4
Point: 10
Point validation passed for Member ID: 107 and Survey ID: 9
Point: 35
Point validation passed for Member ID: 107 and Survey ID: 26
Point: 0
Point validation passed for Member ID: 107 and Survey ID: 37
Point: 2
Point validation passed for Member ID: 107 and Survey ID: 72
Point: 25
Point validation passed for Member ID: 107 and Survey ID: 88
Point: 30
Point validation passed for Member ID: 107 and Survey ID: 98
Point: 0
Point validation passed for Member ID: 108 and Survey ID: 2
Point: 4
Point validation passed for Member ID: 108 and Survey ID: 14
Point: 2
Point validation passed for Member ID: 108 and Survey ID: 24
Point: 35
Point validation passed for Member ID: 108 and Survey ID: 34
Point: 0
Point validation passed for Member ID: 108 and Survey ID: 37
Point: 0
Point validation passed for Member ID: 108 and Survey ID: 40
Point: 10
Point validation passed for Member ID: 108 and Survey ID: 47
Point: 3
Point validation passed for Member ID: 108 and Survey ID: 49
Point: 35
Point validation passed for Member ID: 108 and Survey ID: 65
Point: 20
Point validation passed for Member ID: 108 and Survey ID: 67
Point: 35
Point validation passed for Member ID: 108 and Survey ID: 92
Point: 45
Point validation passed for Member ID: 109 and Survey ID: 11
Point: 45
Point validation passed for Member ID: 109 and Survey ID: 24
Point: 35
Point validation passed for Member ID: 109 and Survey ID: 62
Point: 0
Point validation passed for Member ID: 109 and Survey ID: 72
Point: 25
Point validation passed for Member ID: 110 and Survey ID: 21
Point: 50
Point validation passed for Member ID: 110 and Survey ID: 25
Point: 5
Point validation passed for Member ID: 110 and Survey ID: 37
Point: 25
Point validation passed for Member ID: 110 and Survey ID: 60
Point: 35
Point validation passed for Member ID: 110 and Survey ID: 63
Point: 30
Point validation passed for Member ID: 110 and Survey ID: 67
Point: 35
Point validation passed for Member ID: 110 and Survey ID: 69
Point: 10
Point validation passed for Member ID: 110 and Survey ID: 78
Point: 30
Point validation passed for Member ID: 110 and Survey ID: 89
Point: 1
Point validation passed for Member ID: 111 and Survey ID: 1
Point: 2
Point validation passed for Member ID: 111 and Survey ID: 4
Point: 1
Point validation passed for Member ID: 111 and Survey ID: 10
Point: 5
Point validation passed for Member ID: 111 and Survey ID: 42
Point: 0
Point validation passed for Member ID: 111 and Survey ID: 45
Point: 20
Point validation passed for Member ID: 111 and Survey ID: 52
Point: 40
Point validation passed for Member ID: 111 and Survey ID: 77
Point: 25
Point validation passed for Member ID: 111 and Survey ID: 84
Point: 2
Point validation passed for Member ID: 111 and Survey ID: 93
Point: 45
Point validation passed for Member ID: 112 and Survey ID: 21
Point: 50
Point validation passed for Member ID: 112 and Survey ID: 31
Point: 50
Point validation passed for Member ID: 112 and Survey ID: 46
Point: 10
Point validation passed for Member ID: 112 and Survey ID: 63
Point: 5
Point validation passed for Member ID: 112 and Survey ID: 70
Point: 30
Point validation passed for Member ID: 112 and Survey ID: 72
Point: 25
Point validation passed for Member ID: 112 and Survey ID: 76
Point: 5
Point validation passed for Member ID: 112 and Survey ID: 81
Point: 20
Point validation passed for Member ID: 112 and Survey ID: 85
Point: 25
Point validation passed for Member ID: 113 and Survey ID: 5
Point: 35
Point validation passed for Member ID: 113 and Survey ID: 8
Point: 5
Point validation passed for Member ID: 113 and Survey ID: 11
Point: 45
Point validation passed for Member ID: 113 and Survey ID: 43
Point: 30
Point validation passed for Member ID: 113 and Survey ID: 60
Point: 35
Point validation passed for Member ID: 113 and Survey ID: 83
Point: 5
Point validation passed for Member ID: 114 and Survey ID: 3
Point: 10
Point validation passed for Member ID: 114 and Survey ID: 15
Point: 10
Point validation passed for Member ID: 114 and Survey ID: 40
Point: 10
Point validation passed for Member ID: 114 and Survey ID: 47
Point: 20
Point validation passed for Member ID: 114 and Survey ID: 52
Point: 3
Point validation passed for Member ID: 114 and Survey ID: 54
Point: 25
Point validation passed for Member ID: 114 and Survey ID: 84
Point: 25
Point validation passed for Member ID: 114 and Survey ID: 98
Point: 45
Point validation passed for Member ID: 115 and Survey ID: 16
Point: 45
Point validation passed for Member ID: 115 and Survey ID: 17
Point: 15
Point validation passed for Member ID: 115 and Survey ID: 22
Point: 0
Point validation passed for Member ID: 115 and Survey ID: 40
Point: 10
Point validation passed for Member ID: 115 and Survey ID: 55
Point: 35
Point validation passed for Member ID: 115 and Survey ID: 86
Point: 30
Point validation passed for Member ID: 115 and Survey ID: 99
Point: 25
Point validation passed for Member ID: 116 and Survey ID: 33
Point: 5
Point validation passed for Member ID: 116 and Survey ID: 62
Point: 0
Point validation passed for Member ID: 116 and Survey ID: 75
Point: 10
Point validation passed for Member ID: 116 and Survey ID: 78
Point: 30
Point validation passed for Member ID: 116 and Survey ID: 87
Point: 15
Point validation passed for Member ID: 116 and Survey ID: 94
Point: 5
Point validation passed for Member ID: 117 and Survey ID: 10
Point: 2
Point validation passed for Member ID: 117 and Survey ID: 12
Point: 1
Point validation passed for Member ID: 117 and Survey ID: 14
Point: 50
Point validation passed for Member ID: 117 and Survey ID: 16
Point: 3
Point validation passed for Member ID: 117 and Survey ID: 23
Point: 10
Point validation passed for Member ID: 117 and Survey ID: 32
Point: 2
Point validation passed for Member ID: 117 and Survey ID: 53
Point: 20
Point validation passed for Member ID: 117 and Survey ID: 55
Point: 0
Point validation passed for Member ID: 117 and Survey ID: 57
Point: 3
Point validation passed for Member ID: 117 and Survey ID: 72
Point: 25
Point validation passed for Member ID: 117 and Survey ID: 89
Point: 0
Point validation passed for Member ID: 118 and Survey ID: 26
Point: 5
Point validation passed for Member ID: 118 and Survey ID: 27
Point: 15
Point validation passed for Member ID: 118 and Survey ID: 31
Point: 0
Point validation passed for Member ID: 118 and Survey ID: 34
Point: 15
Point validation passed for Member ID: 118 and Survey ID: 39
Point: 2
Point validation passed for Member ID: 118 and Survey ID: 44
Point: 35
Point validation passed for Member ID: 118 and Survey ID: 48
Point: 5
Point validation passed for Member ID: 118 and Survey ID: 57
Point: 0
Point validation passed for Member ID: 118 and Survey ID: 59
Point: 2
Point validation passed for Member ID: 118 and Survey ID: 75
Point: 10
Point validation passed for Member ID: 118 and Survey ID: 89
Point: 10
Point validation passed for Member ID: 119 and Survey ID: 1
Point: 5
Point validation passed for Member ID: 119 and Survey ID: 12
Point: 5
Point validation passed for Member ID: 119 and Survey ID: 20
Point: 5
Point validation passed for Member ID: 119 and Survey ID: 21
Point: 3
Point validation passed for Member ID: 119 and Survey ID: 24
Point: 35
Point validation passed for Member ID: 119 and Survey ID: 30
Point: 25
Point validation passed for Member ID: 119 and Survey ID: 34
Point: 5
Point validation passed for Member ID: 119 and Survey ID: 38
Point: 30
Point validation passed for Member ID: 119 and Survey ID: 50
Point: 35
Point validation passed for Member ID: 119 and Survey ID: 60
Point: 35
Point validation passed for Member ID: 119 and Survey ID: 65
Point: 20
Point validation passed for Member ID: 119 and Survey ID: 72
Point: 25
Point validation passed for Member ID: 119 and Survey ID: 74
Point: 50
Point validation passed for Member ID: 119 and Survey ID: 79
Point: 20
Point validation passed for Member ID: 119 and Survey ID: 87
Point: 15
Point validation passed for Member ID: 120 and Survey ID: 3
Point: 10
Point validation passed for Member ID: 120 and Survey ID: 4
Point: 1
Point validation passed for Member ID: 120 and Survey ID: 11
Point: 45
Point validation passed for Member ID: 120 and Survey ID: 13
Point: 40
Point validation passed for Member ID: 120 and Survey ID: 15
Point: 10
Point validation passed for Member ID: 120 and Survey ID: 19
Point: 45
Point validation passed for Member ID: 120 and Survey ID: 23
Point: 10
Point validation passed for Member ID: 120 and Survey ID: 30
Point: 25
Point validation passed for Member ID: 120 and Survey ID: 39
Point: 0
Point validation passed for Member ID: 120 and Survey ID: 43
Point: 30
Point validation passed for Member ID: 120 and Survey ID: 47
Point: 20
Point validation passed for Member ID: 120 and Survey ID: 69
Point: 10
Point validation passed for Member ID: 120 and Survey ID: 77
Point: 25
Point validation passed for Member ID: 120 and Survey ID: 81
Point: 1
Point validation passed for Member ID: 120 and Survey ID: 93
Point: 45
Point validation passed for Member ID: 121 and Survey ID: 17
Point: 15
Point validation passed for Member ID: 121 and Survey ID: 42
Point: 25
Point validation passed for Member ID: 121 and Survey ID: 65
Point: 20
Point validation passed for Member ID: 121 and Survey ID: 72
Point: 25
Point validation passed for Member ID: 121 and Survey ID: 73
Point: 15
Point validation passed for Member ID: 121 and Survey ID: 85
Point: 25
Point validation passed for Member ID: 122 and Survey ID: 17
Point: 15
Point validation passed for Member ID: 122 and Survey ID: 18
Point: 25
Point validation passed for Member ID: 122 and Survey ID: 26
Point: 5
Point validation passed for Member ID: 122 and Survey ID: 35
Point: 10
Point validation passed for Member ID: 122 and Survey ID: 74
Point: 50
Point validation passed for Member ID: 123 and Survey ID: 42
Point: 25
Point validation passed for Member ID: 123 and Survey ID: 44
Point: 35
Point validation passed for Member ID: 123 and Survey ID: 52
Point: 40
Point validation passed for Member ID: 123 and Survey ID: 59
Point: 40
Point validation passed for Member ID: 123 and Survey ID: 68
Point: 5
Point validation passed for Member ID: 123 and Survey ID: 74
Point: 1
Point validation passed for Member ID: 123 and Survey ID: 81
Point: 20
Point validation passed for Member ID: 123 and Survey ID: 90
Point: 5
Point validation passed for Member ID: 124 and Survey ID: 3
Point: 10
Point validation passed for Member ID: 124 and Survey ID: 21
Point: 50
Point validation passed for Member ID: 124 and Survey ID: 22
Point: 40
Point validation passed for Member ID: 124 and Survey ID: 43
Point: 30
Point validation passed for Member ID: 124 and Survey ID: 47
Point: 3
Point validation passed for Member ID: 124 and Survey ID: 64
Point: 10
Point validation passed for Member ID: 124 and Survey ID: 79
Point: 20
Point validation passed for Member ID: 124 and Survey ID: 82
Point: 0
Point validation passed for Member ID: 124 and Survey ID: 83
Point: 5
Point validation passed for Member ID: 124 and Survey ID: 100
Point: 0
Point validation passed for Member ID: 125 and Survey ID: 8
Point: 4
Point validation passed for Member ID: 125 and Survey ID: 25
Point: 5
Point validation passed for Member ID: 125 and Survey ID: 42
Point: 25
Point validation passed for Member ID: 125 and Survey ID: 64
Point: 10
Point validation passed for Member ID: 125 and Survey ID: 68
Point: 5
Point validation passed for Member ID: 125 and Survey ID: 81
Point: 20
Point validation passed for Member ID: 125 and Survey ID: 85
Point: 25
Point validation passed for Member ID: 126 and Survey ID: 8
Point: 5
Point validation passed for Member ID: 126 and Survey ID: 11
Point: 45
Point validation passed for Member ID: 126 and Survey ID: 32
Point: 40
Point validation passed for Member ID: 126 and Survey ID: 37
Point: 25
Point validation passed for Member ID: 126 and Survey ID: 40
Point: 5
Point validation passed for Member ID: 126 and Survey ID: 42
Point: 25
Point validation passed for Member ID: 126 and Survey ID: 71
Point: 3
Point validation passed for Member ID: 126 and Survey ID: 78
Point: 3
Point validation passed for Member ID: 126 and Survey ID: 87
Point: 15
Point validation passed for Member ID: 126 and Survey ID: 88
Point: 30
Point validation passed for Member ID: 126 and Survey ID: 89
Point: 0
Point validation passed for Member ID: 127 and Survey ID: 1
Point: 0
Point validation passed for Member ID: 127 and Survey ID: 6
Point: 5
Point validation passed for Member ID: 127 and Survey ID: 24
Point: 35
Point validation passed for Member ID: 127 and Survey ID: 42
Point: 25
Point validation passed for Member ID: 127 and Survey ID: 65
Point: 20
Point validation passed for Member ID: 127 and Survey ID: 74
Point: 1
Point validation passed for Member ID: 127 and Survey ID: 78
Point: 30
Point validation passed for Member ID: 128 and Survey ID: 4
Point: 0
Point validation passed for Member ID: 128 and Survey ID: 28
Point: 10
Point validation passed for Member ID: 128 and Survey ID: 40
Point: 10
Point validation passed for Member ID: 128 and Survey ID: 48
Point: 40
Point validation passed for Member ID: 128 and Survey ID: 50
Point: 35
Point validation passed for Member ID: 128 and Survey ID: 60
Point: 35
Point validation passed for Member ID: 128 and Survey ID: 68
Point: 5
Point validation passed for Member ID: 128 and Survey ID: 75
Point: 10
Point validation passed for Member ID: 128 and Survey ID: 78
Point: 30
Point validation passed for Member ID: 128 and Survey ID: 80
Point: 45
Point validation passed for Member ID: 128 and Survey ID: 88
Point: 30
Point validation passed for Member ID: 128 and Survey ID: 89
Point: 10
Point validation passed for Member ID: 129 and Survey ID: 6
Point: 25
Point validation passed for Member ID: 129 and Survey ID: 23
Point: 0
Point validation passed for Member ID: 129 and Survey ID: 28
Point: 10
Point validation passed for Member ID: 129 and Survey ID: 32
Point: 40
Point validation passed for Member ID: 129 and Survey ID: 40
Point: 10
Point validation passed for Member ID: 129 and Survey ID: 41
Point: 5
Point validation passed for Member ID: 129 and Survey ID: 43
Point: 30
Point validation passed for Member ID: 129 and Survey ID: 45
Point: 20
Point validation passed for Member ID: 129 and Survey ID: 57
Point: 45
Point validation passed for Member ID: 129 and Survey ID: 68
Point: 5
Point validation passed for Member ID: 129 and Survey ID: 73
Point: 2
Point validation passed for Member ID: 129 and Survey ID: 75
Point: 10
Point validation passed for Member ID: 129 and Survey ID: 94
Point: 4
Point validation passed for Member ID: 130 and Survey ID: 5
Point: 35
Point validation passed for Member ID: 130 and Survey ID: 8
Point: 4
Point validation passed for Member ID: 130 and Survey ID: 9
Point: 2
Point validation passed for Member ID: 130 and Survey ID: 17
Point: 5
Point validation passed for Member ID: 130 and Survey ID: 21
Point: 50
Point validation passed for Member ID: 130 and Survey ID: 25
Point: 5
Point validation passed for Member ID: 130 and Survey ID: 56
Point: 10
Point validation passed for Member ID: 130 and Survey ID: 67
Point: 5
Point validation passed for Member ID: 130 and Survey ID: 72
Point: 25
Point validation passed for Member ID: 130 and Survey ID: 80
Point: 45
Point validation passed for Member ID: 131 and Survey ID: 2
Point: 15
Point validation passed for Member ID: 131 and Survey ID: 4
Point: 10
Point validation passed for Member ID: 131 and Survey ID: 20
Point: 0
Point validation passed for Member ID: 131 and Survey ID: 21
Point: 50
Point validation passed for Member ID: 131 and Survey ID: 26
Point: 0
Point validation passed for Member ID: 131 and Survey ID: 36
Point: 35
Point validation passed for Member ID: 131 and Survey ID: 43
Point: 30
Point validation passed for Member ID: 131 and Survey ID: 55
Point: 35
Point validation passed for Member ID: 131 and Survey ID: 65
Point: 20
Point validation passed for Member ID: 131 and Survey ID: 68
Point: 5
Point validation passed for Member ID: 131 and Survey ID: 69
Point: 10
Point validation passed for Member ID: 131 and Survey ID: 77
Point: 25
Point validation passed for Member ID: 131 and Survey ID: 86
Point: 30
Point validation passed for Member ID: 132 and Survey ID: 9
Point: 35
Point validation passed for Member ID: 132 and Survey ID: 33
Point: 25
Point validation passed for Member ID: 132 and Survey ID: 37
Point: 2
Point validation passed for Member ID: 132 and Survey ID: 52
Point: 0
Point validation passed for Member ID: 132 and Survey ID: 59
Point: 0
Point validation passed for Member ID: 132 and Survey ID: 62
Point: 40
Point validation passed for Member ID: 132 and Survey ID: 95
Point: 5
Point validation passed for Member ID: 133 and Survey ID: 16
Point: 45
Point validation passed for Member ID: 133 and Survey ID: 17
Point: 15
Point validation passed for Member ID: 133 and Survey ID: 19
Point: 45
Point validation passed for Member ID: 133 and Survey ID: 22
Point: 0
Point validation passed for Member ID: 133 and Survey ID: 23
Point: 0
Point validation passed for Member ID: 133 and Survey ID: 24
Point: 1
Point validation passed for Member ID: 133 and Survey ID: 33
Point: 25
Point validation passed for Member ID: 133 and Survey ID: 48
Point: 40
Point validation passed for Member ID: 133 and Survey ID: 51
Point: 0
Point validation passed for Member ID: 133 and Survey ID: 54
Point: 4
Point validation passed for Member ID: 133 and Survey ID: 56
Point: 0
Point validation passed for Member ID: 133 and Survey ID: 58
Point: 45
Point validation passed for Member ID: 133 and Survey ID: 67
Point: 0
Point validation passed for Member ID: 133 and Survey ID: 84
Point: 0
Point validation passed for Member ID: 133 and Survey ID: 97
Point: 1
Point validation passed for Member ID: 134 and Survey ID: 8
Point: 5
Point validation passed for Member ID: 134 and Survey ID: 15
Point: 10
Point validation passed for Member ID: 134 and Survey ID: 19
Point: 45
Point validation passed for Member ID: 134 and Survey ID: 21
Point: 50
Point validation passed for Member ID: 134 and Survey ID: 26
Point: 5
Point validation passed for Member ID: 134 and Survey ID: 41
Point: 5
Point validation passed for Member ID: 134 and Survey ID: 68
Point: 0
Point validation passed for Member ID: 134 and Survey ID: 71
Point: 0
Point validation passed for Member ID: 134 and Survey ID: 82
Point: 35
Point validation passed for Member ID: 134 and Survey ID: 95
Point: 0
Point validation passed for Member ID: 135 and Survey ID: 1
Point: 2
Point validation passed for Member ID: 135 and Survey ID: 16
Point: 45
Point validation passed for Member ID: 135 and Survey ID: 29
Point: 50
Point validation passed for Member ID: 135 and Survey ID: 51
Point: 2
Point validation passed for Member ID: 135 and Survey ID: 61
Point: 0
Point validation passed for Member ID: 135 and Survey ID: 66
Point: 15
Point validation passed for Member ID: 135 and Survey ID: 69
Point: 0
Point validation passed for Member ID: 135 and Survey ID: 72
Point: 25
Point validation passed for Member ID: 136 and Survey ID: 12
Point: 5
Point validation passed for Member ID: 136 and Survey ID: 25
Point: 5
Point validation passed for Member ID: 136 and Survey ID: 35
Point: 10
Point validation passed for Member ID: 136 and Survey ID: 74
Point: 50
Point validation passed for Member ID: 136 and Survey ID: 78
Point: 30
Point validation passed for Member ID: 136 and Survey ID: 84
Point: 25
Point validation passed for Member ID: 136 and Survey ID: 91
Point: 4
Point validation passed for Member ID: 136 and Survey ID: 95
Point: 5
Point validation passed for Member ID: 137 and Survey ID: 24
Point: 35
Point validation passed for Member ID: 137 and Survey ID: 29
Point: 50
Point validation passed for Member ID: 137 and Survey ID: 30
Point: 25
Point validation passed for Member ID: 137 and Survey ID: 33
Point: 5
Point validation passed for Member ID: 137 and Survey ID: 39
Point: 40
Point validation passed for Member ID: 137 and Survey ID: 41
Point: 40
Point validation passed for Member ID: 137 and Survey ID: 53
Point: 5
Point validation passed for Member ID: 137 and Survey ID: 87
Point: 15
Point validation passed for Member ID: 137 and Survey ID: 88
Point: 3
Point validation passed for Member ID: 137 and Survey ID: 89
Point: 1
Point validation passed for Member ID: 138 and Survey ID: 10
Point: 5
Point validation passed for Member ID: 138 and Survey ID: 22
Point: 40
Point validation passed for Member ID: 138 and Survey ID: 25
Point: 5
Point validation passed for Member ID: 138 and Survey ID: 33
Point: 25
Point validation passed for Member ID: 138 and Survey ID: 38
Point: 30
Point validation passed for Member ID: 138 and Survey ID: 43
Point: 30
Point validation passed for Member ID: 138 and Survey ID: 44
Point: 35
Point validation passed for Member ID: 138 and Survey ID: 49
Point: 35
Point validation passed for Member ID: 138 and Survey ID: 55
Point: 35
Point validation passed for Member ID: 138 and Survey ID: 72
Point: 25
Point validation passed for Member ID: 138 and Survey ID: 77
Point: 25
Point validation passed for Member ID: 138 and Survey ID: 88
Point: 30
Point validation passed for Member ID: 139 and Survey ID: 1
Point: 5
Point validation passed for Member ID: 139 and Survey ID: 34
Point: 15
Point validation passed for Member ID: 139 and Survey ID: 35
Point: 4
Point validation passed for Member ID: 139 and Survey ID: 41
Point: 40
Point validation passed for Member ID: 139 and Survey ID: 59
Point: 0
Point validation passed for Member ID: 139 and Survey ID: 73
Point: 0
Point validation passed for Member ID: 139 and Survey ID: 75
Point: 10
Point validation passed for Member ID: 139 and Survey ID: 85
Point: 25
Point validation passed for Member ID: 139 and Survey ID: 91
Point: 0
Point validation passed for Member ID: 140 and Survey ID: 11
Point: 4
Point validation passed for Member ID: 140 and Survey ID: 14
Point: 50
Point validation passed for Member ID: 140 and Survey ID: 36
Point: 2
Point validation passed for Member ID: 140 and Survey ID: 46
Point: 2
Point validation passed for Member ID: 140 and Survey ID: 48
Point: 5
Point validation passed for Member ID: 140 and Survey ID: 56
Point: 0
Point validation passed for Member ID: 140 and Survey ID: 59
Point: 40
Point validation passed for Member ID: 140 and Survey ID: 72
Point: 25
Point validation passed for Member ID: 140 and Survey ID: 74
Point: 1
Point validation passed for Member ID: 140 and Survey ID: 93
Point: 45
Point validation passed for Member ID: 140 and Survey ID: 100
Point: 10
Point validation passed for Member ID: 141 and Survey ID: 20
Point: 0
Point validation passed for Member ID: 141 and Survey ID: 29
Point: 50
Point validation passed for Member ID: 141 and Survey ID: 36
Point: 2
Point validation passed for Member ID: 141 and Survey ID: 64
Point: 5
Point validation passed for Member ID: 141 and Survey ID: 77
Point: 0
Point validation passed for Member ID: 141 and Survey ID: 81
Point: 1
Point validation passed for Member ID: 141 and Survey ID: 90
Point: 5
Point validation passed for Member ID: 141 and Survey ID: 97
Point: 35
Point validation passed for Member ID: 142 and Survey ID: 48
Point: 5
Point validation passed for Member ID: 142 and Survey ID: 76
Point: 40
Point validation passed for Member ID: 142 and Survey ID: 83
Point: 5
Point validation passed for Member ID: 142 and Survey ID: 90
Point: 2
Point validation passed for Member ID: 143 and Survey ID: 3
Point: 10
Point validation passed for Member ID: 143 and Survey ID: 22
Point: 40
Point validation passed for Member ID: 143 and Survey ID: 32
Point: 40
Point validation passed for Member ID: 143 and Survey ID: 94
Point: 5
Point validation passed for Member ID: 143 and Survey ID: 98
Point: 45
Point validation passed for Member ID: 144 and Survey ID: 3
Point: 10
Point validation passed for Member ID: 144 and Survey ID: 7
Point: 45
Point validation passed for Member ID: 144 and Survey ID: 11
Point: 45
Point validation passed for Member ID: 144 and Survey ID: 27
Point: 15
Point validation passed for Member ID: 144 and Survey ID: 37
Point: 2
Point validation passed for Member ID: 144 and Survey ID: 38
Point: 1
Point validation passed for Member ID: 144 and Survey ID: 63
Point: 30
Point validation passed for Member ID: 144 and Survey ID: 81
Point: 20
Point validation passed for Member ID: 144 and Survey ID: 94
Point: 5
Point validation passed for Member ID: 145 and Survey ID: 10
Point: 2
Point validation passed for Member ID: 145 and Survey ID: 11
Point: 45
Point validation passed for Member ID: 145 and Survey ID: 31
Point: 50
Point validation passed for Member ID: 145 and Survey ID: 35
Point: 4
Point validation passed for Member ID: 145 and Survey ID: 42
Point: 4
Point validation passed for Member ID: 145 and Survey ID: 44
Point: 5
Point validation passed for Member ID: 145 and Survey ID: 46
Point: 2
Point validation passed for Member ID: 145 and Survey ID: 52
Point: 40
Point validation passed for Member ID: 145 and Survey ID: 53
Point: 20
Point validation passed for Member ID: 145 and Survey ID: 68
Point: 5
Point validation passed for Member ID: 145 and Survey ID: 77
Point: 25
Point validation passed for Member ID: 145 and Survey ID: 85
Point: 2
Point validation passed for Member ID: 146 and Survey ID: 2
Point: 15
Point validation passed for Member ID: 146 and Survey ID: 5
Point: 35
Point validation passed for Member ID: 146 and Survey ID: 38
Point: 30
Point validation passed for Member ID: 146 and Survey ID: 52
Point: 40
Point validation passed for Member ID: 146 and Survey ID: 56
Point: 10
Point validation passed for Member ID: 146 and Survey ID: 58
Point: 45
Point validation passed for Member ID: 146 and Survey ID: 60
Point: 35
Point validation passed for Member ID: 146 and Survey ID: 62
Point: 40
Point validation passed for Member ID: 146 and Survey ID: 65
Point: 20
Point validation passed for Member ID: 146 and Survey ID: 88
Point: 30
Point validation passed for Member ID: 146 and Survey ID: 94
Point: 0
Point validation passed for Member ID: 146 and Survey ID: 96
Point: 5
Point validation passed for Member ID: 147 and Survey ID: 12
Point: 5
Point validation passed for Member ID: 147 and Survey ID: 15
Point: 10
Point validation passed for Member ID: 147 and Survey ID: 19
Point: 45
Point validation passed for Member ID: 147 and Survey ID: 26
Point: 5
Point validation passed for Member ID: 147 and Survey ID: 30
Point: 25
Point validation passed for Member ID: 147 and Survey ID: 51
Point: 15
Point validation passed for Member ID: 147 and Survey ID: 71
Point: 3
Point validation passed for Member ID: 147 and Survey ID: 74
Point: 50
Point validation passed for Member ID: 147 and Survey ID: 78
Point: 0
Point validation passed for Member ID: 147 and Survey ID: 80
Point: 45
Point validation passed for Member ID: 148 and Survey ID: 4
Point: 10
Point validation passed for Member ID: 148 and Survey ID: 8
Point: 5
Point validation passed for Member ID: 148 and Survey ID: 17
Point: 0
Point validation passed for Member ID: 148 and Survey ID: 20
Point: 20
Point validation passed for Member ID: 148 and Survey ID: 32
Point: 40
Point validation passed for Member ID: 148 and Survey ID: 41
Point: 40
Point validation passed for Member ID: 148 and Survey ID: 43
Point: 30
Point validation passed for Member ID: 148 and Survey ID: 62
Point: 40
Point validation passed for Member ID: 148 and Survey ID: 73
Point: 15
Point validation passed for Member ID: 148 and Survey ID: 79
Point: 5
Point validation passed for Member ID: 148 and Survey ID: 83
Point: 5
Point validation passed for Member ID: 148 and Survey ID: 94
Point: 5
Point validation passed for Member ID: 149 and Survey ID: 16
Point: 45
Point validation passed for Member ID: 149 and Survey ID: 17
Point: 15
Point validation passed for Member ID: 149 and Survey ID: 22
Point: 40
Point validation passed for Member ID: 149 and Survey ID: 38
Point: 30
Point validation passed for Member ID: 149 and Survey ID: 49
Point: 0
Point validation passed for Member ID: 149 and Survey ID: 52
Point: 40
Point validation passed for Member ID: 149 and Survey ID: 53
Point: 0
Point validation passed for Member ID: 149 and Survey ID: 60
Point: 35
Point validation passed for Member ID: 149 and Survey ID: 71
Point: 30
Point validation passed for Member ID: 149 and Survey ID: 81
Point: 0
Point validation passed for Member ID: 149 and Survey ID: 83
Point: 5
Point validation passed for Member ID: 149 and Survey ID: 87
Point: 0
Point validation passed for Member ID: 149 and Survey ID: 91
Point: 5
Point validation passed for Member ID: 149 and Survey ID: 100
Point: 10
Point validation passed for Member ID: 150 and Survey ID: 20
Point: 20
Point validation passed for Member ID: 150 and Survey ID: 42
Point: 0
Point validation passed for Member ID: 150 and Survey ID: 43
Point: 30
Point validation passed for Member ID: 150 and Survey ID: 45
Point: 20
Point validation passed for Member ID: 150 and Survey ID: 52
Point: 40
Point validation passed for Member ID: 150 and Survey ID: 62
Point: 40
Point validation passed for Member ID: 150 and Survey ID: 78
Point: 30
Point validation passed for Member ID: 150 and Survey ID: 85
Point: 2
Point validation passed for Member ID: 150 and Survey ID: 95
Point: 5
Point validation passed for Member ID: 150 and Survey ID: 100
Point: 10
Point validation passed for Member ID: 151 and Survey ID: 6
Point: 5
Point validation passed for Member ID: 151 and Survey ID: 15
Point: 10
Point validation passed for Member ID: 151 and Survey ID: 19
Point: 5
Point validation passed for Member ID: 151 and Survey ID: 22
Point: 40
Point validation passed for Member ID: 151 and Survey ID: 30
Point: 25
Point validation passed for Member ID: 151 and Survey ID: 32
Point: 0
Point validation passed for Member ID: 151 and Survey ID: 43
Point: 0
Point validation passed for Member ID: 151 and Survey ID: 76
Point: 0
Point validation passed for Member ID: 151 and Survey ID: 79
Point: 20
Point validation passed for Member ID: 151 and Survey ID: 94
Point: 4
Point validation passed for Member ID: 152 and Survey ID: 13
Point: 40
Point validation passed for Member ID: 152 and Survey ID: 20
Point: 20
Point validation passed for Member ID: 152 and Survey ID: 24
Point: 35
Point validation passed for Member ID: 152 and Survey ID: 37
Point: 0
Point validation passed for Member ID: 152 and Survey ID: 57
Point: 45
Point validation passed for Member ID: 152 and Survey ID: 58
Point: 2
Point validation passed for Member ID: 152 and Survey ID: 66
Point: 0
Point validation passed for Member ID: 152 and Survey ID: 79
Point: 20
Point validation passed for Member ID: 152 and Survey ID: 83
Point: 5
Point validation passed for Member ID: 152 and Survey ID: 86
Point: 30
Point validation passed for Member ID: 152 and Survey ID: 99
Point: 25
Point validation passed for Member ID: 153 and Survey ID: 13
Point: 3
Point validation passed for Member ID: 153 and Survey ID: 17
Point: 15
Point validation passed for Member ID: 153 and Survey ID: 20
Point: 20
Point validation passed for Member ID: 153 and Survey ID: 22
Point: 3
Point validation passed for Member ID: 153 and Survey ID: 41
Point: 40
Point validation passed for Member ID: 153 and Survey ID: 46
Point: 2
Point validation passed for Member ID: 153 and Survey ID: 61
Point: 40
Point validation passed for Member ID: 153 and Survey ID: 77
Point: 25
Point validation passed for Member ID: 153 and Survey ID: 85
Point: 25
Point validation passed for Member ID: 153 and Survey ID: 94
Point: 5
Point validation passed for Member ID: 154 and Survey ID: 2
Point: 4
Point validation passed for Member ID: 154 and Survey ID: 6
Point: 25
Point validation passed for Member ID: 154 and Survey ID: 21
Point: 50
Point validation passed for Member ID: 154 and Survey ID: 29
Point: 50
Point validation passed for Member ID: 154 and Survey ID: 34
Point: 15
Point validation passed for Member ID: 154 and Survey ID: 56
Point: 1
Point validation passed for Member ID: 154 and Survey ID: 77
Point: 25
Point validation passed for Member ID: 154 and Survey ID: 89
Point: 10
Point validation passed for Member ID: 154 and Survey ID: 96
Point: 50
Point validation passed for Member ID: 154 and Survey ID: 97
Point: 35
Point validation passed for Member ID: 155 and Survey ID: 1
Point: 0
Point validation passed for Member ID: 155 and Survey ID: 13
Point: 40
Point validation passed for Member ID: 155 and Survey ID: 19
Point: 45
Point validation passed for Member ID: 155 and Survey ID: 25
Point: 5
Point validation passed for Member ID: 155 and Survey ID: 32
Point: 2
Point validation passed for Member ID: 155 and Survey ID: 39
Point: 40
Point validation passed for Member ID: 155 and Survey ID: 40
Point: 0
Point validation passed for Member ID: 155 and Survey ID: 58
Point: 45
Point validation passed for Member ID: 155 and Survey ID: 61
Point: 40
Point validation passed for Member ID: 155 and Survey ID: 73
Point: 15
Point validation passed for Member ID: 155 and Survey ID: 89
Point: 10
Point validation passed for Member ID: 155 and Survey ID: 91
Point: 5
Point validation passed for Member ID: 155 and Survey ID: 93
Point: 0
Point validation passed for Member ID: 155 and Survey ID: 98
Point: 45
Point validation passed for Member ID: 156 and Survey ID: 4
Point: 10
Point validation passed for Member ID: 156 and Survey ID: 24
Point: 1
Point validation passed for Member ID: 156 and Survey ID: 26
Point: 5
Point validation passed for Member ID: 156 and Survey ID: 40
Point: 10
Point validation passed for Member ID: 156 and Survey ID: 46
Point: 10
Point validation passed for Member ID: 156 and Survey ID: 47
Point: 20
Point validation passed for Member ID: 156 and Survey ID: 56
Point: 0
Point validation passed for Member ID: 156 and Survey ID: 58
Point: 45
Point validation passed for Member ID: 156 and Survey ID: 59
Point: 40
Point validation passed for Member ID: 156 and Survey ID: 65
Point: 20
Point validation passed for Member ID: 156 and Survey ID: 85
Point: 25
Point validation passed for Member ID: 157 and Survey ID: 39
Point: 40
Point validation passed for Member ID: 157 and Survey ID: 40
Point: 10
Point validation passed for Member ID: 157 and Survey ID: 45
Point: 20
Point validation passed for Member ID: 157 and Survey ID: 47
Point: 20
Point validation passed for Member ID: 157 and Survey ID: 56
Point: 10
Point validation passed for Member ID: 157 and Survey ID: 67
Point: 35
Point validation passed for Member ID: 157 and Survey ID: 69
Point: 10
Point validation passed for Member ID: 157 and Survey ID: 85
Point: 25
Point validation passed for Member ID: 157 and Survey ID: 99
Point: 25
Point validation passed for Member ID: 158 and Survey ID: 6
Point: 5
Point validation passed for Member ID: 158 and Survey ID: 12
Point: 5
Point validation passed for Member ID: 158 and Survey ID: 13
Point: 3
Point validation passed for Member ID: 158 and Survey ID: 15
Point: 10
Point validation passed for Member ID: 158 and Survey ID: 22
Point: 40
Point validation passed for Member ID: 158 and Survey ID: 26
Point: 5
Point validation passed for Member ID: 158 and Survey ID: 27
Point: 15
Point validation passed for Member ID: 158 and Survey ID: 29
Point: 3
Point validation passed for Member ID: 158 and Survey ID: 34
Point: 15
Point validation passed for Member ID: 158 and Survey ID: 41
Point: 0
Point validation passed for Member ID: 158 and Survey ID: 48
Point: 0
Point validation passed for Member ID: 158 and Survey ID: 61
Point: 40
Point validation passed for Member ID: 158 and Survey ID: 71
Point: 30
Point validation passed for Member ID: 158 and Survey ID: 74
Point: 1
Point validation passed for Member ID: 158 and Survey ID: 75
Point: 0
Point validation passed for Member ID: 158 and Survey ID: 77
Point: 25
Point validation passed for Member ID: 158 and Survey ID: 93
Point: 45
Point validation passed for Member ID: 158 and Survey ID: 98
Point: 45
Point validation passed for Member ID: 159 and Survey ID: 13
Point: 40
Point validation passed for Member ID: 159 and Survey ID: 75
Point: 5
Point validation passed for Member ID: 159 and Survey ID: 78
Point: 30
Point validation passed for Member ID: 160 and Survey ID: 6
Point: 5
Point validation passed for Member ID: 160 and Survey ID: 7
Point: 45
Point validation passed for Member ID: 160 and Survey ID: 23
Point: 10
Point validation passed for Member ID: 160 and Survey ID: 28
Point: 10
Point validation passed for Member ID: 160 and Survey ID: 31
Point: 50
Point validation passed for Member ID: 160 and Survey ID: 36
Point: 2
Point validation passed for Member ID: 160 and Survey ID: 52
Point: 0
Point validation passed for Member ID: 160 and Survey ID: 70
Point: 30
Point validation passed for Member ID: 160 and Survey ID: 77
Point: 1
Point validation passed for Member ID: 160 and Survey ID: 82
Point: 4
Point validation passed for Member ID: 160 and Survey ID: 83
Point: 5
Point validation passed for Member ID: 161 and Survey ID: 4
Point: 1
Point validation passed for Member ID: 161 and Survey ID: 37
Point: 25
Point validation passed for Member ID: 161 and Survey ID: 41
Point: 5
Point validation passed for Member ID: 161 and Survey ID: 46
Point: 10
Point validation passed for Member ID: 161 and Survey ID: 50
Point: 5
Point validation passed for Member ID: 161 and Survey ID: 66
Point: 3
Point validation passed for Member ID: 161 and Survey ID: 79
Point: 20
Point validation passed for Member ID: 161 and Survey ID: 89
Point: 10
Point validation passed for Member ID: 161 and Survey ID: 92
Point: 45
Point validation passed for Member ID: 161 and Survey ID: 96
Point: 50
Point validation passed for Member ID: 161 and Survey ID: 97
Point: 35
Point validation passed for Member ID: 162 and Survey ID: 9
Point: 2
Point validation passed for Member ID: 162 and Survey ID: 10
Point: 2
Point validation passed for Member ID: 162 and Survey ID: 21
Point: 3
Point validation passed for Member ID: 162 and Survey ID: 32
Point: 0
Point validation passed for Member ID: 162 and Survey ID: 33
Point: 5
Point validation passed for Member ID: 162 and Survey ID: 54
Point: 25
Point validation passed for Member ID: 162 and Survey ID: 58
Point: 45
Point validation passed for Member ID: 162 and Survey ID: 65
Point: 20
Point validation passed for Member ID: 162 and Survey ID: 67
Point: 5
Point validation passed for Member ID: 162 and Survey ID: 68
Point: 3
Point validation passed for Member ID: 162 and Survey ID: 72
Point: 25
Point validation passed for Member ID: 162 and Survey ID: 73
Point: 15
Point validation passed for Member ID: 162 and Survey ID: 75
Point: 10
Point validation passed for Member ID: 163 and Survey ID: 7
Point: 45
Point validation passed for Member ID: 163 and Survey ID: 49
Point: 4
Point validation passed for Member ID: 163 and Survey ID: 59
Point: 40
Point validation passed for Member ID: 163 and Survey ID: 60
Point: 35
Point validation passed for Member ID: 163 and Survey ID: 69
Point: 10
Point validation passed for Member ID: 163 and Survey ID: 72
Point: 0
Point validation passed for Member ID: 163 and Survey ID: 95
Point: 15
Point validation passed for Member ID: 163 and Survey ID: 96
Point: 50
Point validation passed for Member ID: 164 and Survey ID: 4
Point: 10
Point validation passed for Member ID: 164 and Survey ID: 5
Point: 4
Point validation passed for Member ID: 164 and Survey ID: 7
Point: 45
Point validation passed for Member ID: 164 and Survey ID: 33
Point: 25
Point validation passed for Member ID: 164 and Survey ID: 47
Point: 20
Point validation passed for Member ID: 164 and Survey ID: 62
Point: 40
Point validation passed for Member ID: 164 and Survey ID: 78
Point: 30
Point validation passed for Member ID: 164 and Survey ID: 100
Point: 10
Point validation passed for Member ID: 165 and Survey ID: 27
Point: 15
Point validation passed for Member ID: 165 and Survey ID: 30
Point: 2
Point validation passed for Member ID: 165 and Survey ID: 35
Point: 10
Point validation passed for Member ID: 165 and Survey ID: 43
Point: 30
Point validation passed for Member ID: 165 and Survey ID: 45
Point: 20
Point validation passed for Member ID: 165 and Survey ID: 49
Point: 35
Point validation passed for Member ID: 165 and Survey ID: 60
Point: 35
Point validation passed for Member ID: 165 and Survey ID: 72
Point: 25
Point validation passed for Member ID: 165 and Survey ID: 86
Point: 30
Point validation passed for Member ID: 165 and Survey ID: 98
Point: 45
Point validation passed for Member ID: 166 and Survey ID: 5
Point: 35
Point validation passed for Member ID: 166 and Survey ID: 23
Point: 4
Point validation passed for Member ID: 166 and Survey ID: 31
Point: 50
Point validation passed for Member ID: 166 and Survey ID: 54
Point: 25
Point validation passed for Member ID: 166 and Survey ID: 58
Point: 45
Point validation passed for Member ID: 166 and Survey ID: 68
Point: 5
Point validation passed for Member ID: 166 and Survey ID: 81
Point: 1
Point validation passed for Member ID: 166 and Survey ID: 90
Point: 0
Point validation passed for Member ID: 167 and Survey ID: 11
Point: 4
Point validation passed for Member ID: 167 and Survey ID: 12
Point: 5
Point validation passed for Member ID: 167 and Survey ID: 28
Point: 10
Point validation passed for Member ID: 167 and Survey ID: 43
Point: 5
Point validation passed for Member ID: 167 and Survey ID: 44
Point: 35
Point validation passed for Member ID: 167 and Survey ID: 45
Point: 2
Point validation passed for Member ID: 167 and Survey ID: 56
Point: 10
Point validation passed for Member ID: 167 and Survey ID: 59
Point: 2
Point validation passed for Member ID: 167 and Survey ID: 70
Point: 30
Point validation passed for Member ID: 167 and Survey ID: 77
Point: 25
Point validation passed for Member ID: 167 and Survey ID: 88
Point: 30
Point validation passed for Member ID: 167 and Survey ID: 89
Point: 10
Point validation passed for Member ID: 167 and Survey ID: 99
Point: 0
Point validation passed for Member ID: 168 and Survey ID: 40
Point: 5
Point validation passed for Member ID: 168 and Survey ID: 45
Point: 20
Point validation passed for Member ID: 168 and Survey ID: 46
Point: 10
Point validation passed for Member ID: 168 and Survey ID: 67
Point: 35
Point validation passed for Member ID: 168 and Survey ID: 70
Point: 5
Point validation passed for Member ID: 168 and Survey ID: 74
Point: 50
Point validation passed for Member ID: 168 and Survey ID: 80
Point: 45
Point validation passed for Member ID: 168 and Survey ID: 81
Point: 20
Point validation passed for Member ID: 169 and Survey ID: 9
Point: 35
Point validation passed for Member ID: 169 and Survey ID: 31
Point: 50
Point validation passed for Member ID: 169 and Survey ID: 38
Point: 0
Point validation passed for Member ID: 169 and Survey ID: 42
Point: 25
Point validation passed for Member ID: 169 and Survey ID: 52
Point: 40
Point validation passed for Member ID: 169 and Survey ID: 68
Point: 5
Point validation passed for Member ID: 169 and Survey ID: 78
Point: 30
Point validation passed for Member ID: 169 and Survey ID: 84
Point: 0
Point validation passed for Member ID: 170 and Survey ID: 14
Point: 50
Point validation passed for Member ID: 170 and Survey ID: 31
Point: 2
Point validation passed for Member ID: 170 and Survey ID: 32
Point: 2
Point validation passed for Member ID: 170 and Survey ID: 33
Point: 25
Point validation passed for Member ID: 170 and Survey ID: 34
Point: 15
Point validation passed for Member ID: 170 and Survey ID: 35
Point: 10
Point validation passed for Member ID: 170 and Survey ID: 39
Point: 40
Point validation passed for Member ID: 170 and Survey ID: 45
Point: 20
Point validation passed for Member ID: 170 and Survey ID: 56
Point: 10
Point validation passed for Member ID: 170 and Survey ID: 76
Point: 40
Point validation passed for Member ID: 170 and Survey ID: 77
Point: 25
Point validation passed for Member ID: 171 and Survey ID: 31
Point: 50
Point validation passed for Member ID: 171 and Survey ID: 38
Point: 30
Point validation passed for Member ID: 171 and Survey ID: 44
Point: 35
Point validation passed for Member ID: 171 and Survey ID: 45
Point: 2
Point validation passed for Member ID: 171 and Survey ID: 48
Point: 40
Point validation passed for Member ID: 171 and Survey ID: 51
Point: 15
Point validation passed for Member ID: 171 and Survey ID: 55
Point: 35
Point validation passed for Member ID: 171 and Survey ID: 59
Point: 2
Point validation passed for Member ID: 171 and Survey ID: 74
Point: 1
Point validation passed for Member ID: 171 and Survey ID: 78
Point: 0
Point validation passed for Member ID: 171 and Survey ID: 90
Point: 5
Point validation passed for Member ID: 171 and Survey ID: 98
Point: 45
Point validation passed for Member ID: 172 and Survey ID: 30
Point: 25
Point validation passed for Member ID: 172 and Survey ID: 38
Point: 30
Point validation passed for Member ID: 172 and Survey ID: 40
Point: 10
Point validation passed for Member ID: 172 and Survey ID: 58
Point: 45
Point validation passed for Member ID: 172 and Survey ID: 60
Point: 35
Point validation passed for Member ID: 172 and Survey ID: 78
Point: 30
Point validation passed for Member ID: 172 and Survey ID: 81
Point: 1
Point validation passed for Member ID: 173 and Survey ID: 17
Point: 15
Point validation passed for Member ID: 173 and Survey ID: 24
Point: 0
Point validation passed for Member ID: 173 and Survey ID: 29
Point: 50
Point validation passed for Member ID: 173 and Survey ID: 34
Point: 5
Point validation passed for Member ID: 173 and Survey ID: 40
Point: 5
Point validation passed for Member ID: 173 and Survey ID: 41
Point: 5
Point validation passed for Member ID: 173 and Survey ID: 58
Point: 45
Point validation passed for Member ID: 173 and Survey ID: 70
Point: 0
Point validation passed for Member ID: 173 and Survey ID: 72
Point: 3
Point validation passed for Member ID: 173 and Survey ID: 83
Point: 5
Point validation passed for Member ID: 173 and Survey ID: 86
Point: 4
Point validation passed for Member ID: 174 and Survey ID: 20
Point: 20
Point validation passed for Member ID: 174 and Survey ID: 37
Point: 25
Point validation passed for Member ID: 174 and Survey ID: 49
Point: 35
Point validation passed for Member ID: 174 and Survey ID: 50
Point: 35
Point validation passed for Member ID: 174 and Survey ID: 73
Point: 0
Point validation passed for Member ID: 174 and Survey ID: 86
Point: 4
Point validation passed for Member ID: 175 and Survey ID: 3
Point: 10
Point validation passed for Member ID: 175 and Survey ID: 12
Point: 5
Point validation passed for Member ID: 175 and Survey ID: 15
Point: 10
Point validation passed for Member ID: 175 and Survey ID: 70
Point: 0
Point validation passed for Member ID: 175 and Survey ID: 74
Point: 0
Point validation passed for Member ID: 175 and Survey ID: 75
Point: 10
Point validation passed for Member ID: 175 and Survey ID: 77
Point: 1
Point validation passed for Member ID: 175 and Survey ID: 90
Point: 5
Point validation passed for Member ID: 175 and Survey ID: 96
Point: 50
Point validation passed for Member ID: 176 and Survey ID: 9
Point: 0
Point validation passed for Member ID: 176 and Survey ID: 48
Point: 0
Point validation passed for Member ID: 176 and Survey ID: 62
Point: 40
Point validation passed for Member ID: 176 and Survey ID: 64
Point: 10
Point validation passed for Member ID: 176 and Survey ID: 70
Point: 30
Point validation passed for Member ID: 176 and Survey ID: 71
Point: 0
Point validation passed for Member ID: 176 and Survey ID: 89
Point: 10
Point validation passed for Member ID: 177 and Survey ID: 4
Point: 10
Point validation passed for Member ID: 177 and Survey ID: 7
Point: 45
Point validation passed for Member ID: 177 and Survey ID: 12
Point: 5
Point validation passed for Member ID: 177 and Survey ID: 19
Point: 45
Point validation passed for Member ID: 177 and Survey ID: 20
Point: 20
Point validation passed for Member ID: 177 and Survey ID: 24
Point: 35
Point validation passed for Member ID: 177 and Survey ID: 52
Point: 3
Point validation passed for Member ID: 177 and Survey ID: 67
Point: 0
Point validation passed for Member ID: 177 and Survey ID: 81
Point: 1
Point validation passed for Member ID: 177 and Survey ID: 82
Point: 4
Point validation passed for Member ID: 177 and Survey ID: 93
Point: 1
Point validation passed for Member ID: 178 and Survey ID: 5
Point: 35
Point validation passed for Member ID: 178 and Survey ID: 28
Point: 10
Point validation passed for Member ID: 178 and Survey ID: 29
Point: 3
Point validation passed for Member ID: 178 and Survey ID: 39
Point: 40
Point validation passed for Member ID: 178 and Survey ID: 43
Point: 30
Point validation passed for Member ID: 178 and Survey ID: 47
Point: 20
Point validation passed for Member ID: 178 and Survey ID: 50
Point: 35
Point validation passed for Member ID: 178 and Survey ID: 65
Point: 20
Point validation passed for Member ID: 178 and Survey ID: 66
Point: 15
Point validation passed for Member ID: 178 and Survey ID: 71
Point: 3
Point validation passed for Member ID: 178 and Survey ID: 72
Point: 3
Point validation passed for Member ID: 178 and Survey ID: 82
Point: 35
Point validation passed for Member ID: 178 and Survey ID: 85
Point: 25
Point validation passed for Member ID: 179 and Survey ID: 3
Point: 10
Point validation passed for Member ID: 179 and Survey ID: 17
Point: 15
Point validation passed for Member ID: 179 and Survey ID: 23
Point: 4
Point validation passed for Member ID: 179 and Survey ID: 29
Point: 50
Point validation passed for Member ID: 179 and Survey ID: 48
Point: 40
Point validation passed for Member ID: 179 and Survey ID: 49
Point: 4
Point validation passed for Member ID: 179 and Survey ID: 50
Point: 5
Point validation passed for Member ID: 179 and Survey ID: 51
Point: 15
Point validation passed for Member ID: 179 and Survey ID: 82
Point: 35
Point validation passed for Member ID: 179 and Survey ID: 86
Point: 4
Point validation passed for Member ID: 179 and Survey ID: 97
Point: 35
Point validation passed for Member ID: 179 and Survey ID: 99
Point: 25
Point validation passed for Member ID: 180 and Survey ID: 11
Point: 45
Point validation passed for Member ID: 180 and Survey ID: 26
Point: 2
Point validation passed for Member ID: 180 and Survey ID: 37
Point: 2
Point validation passed for Member ID: 180 and Survey ID: 38
Point: 30
Point validation passed for Member ID: 180 and Survey ID: 43
Point: 30
Point validation passed for Member ID: 180 and Survey ID: 50
Point: 35
Point validation passed for Member ID: 180 and Survey ID: 64
Point: 5
Point validation passed for Member ID: 180 and Survey ID: 67
Point: 35
Point validation passed for Member ID: 180 and Survey ID: 79
Point: 20
Point validation passed for Member ID: 180 and Survey ID: 97
Point: 35
Point validation passed for Member ID: 181 and Survey ID: 25
Point: 5
Point validation passed for Member ID: 181 and Survey ID: 27
Point: 1
Point validation passed for Member ID: 181 and Survey ID: 39
Point: 2
Point validation passed for Member ID: 181 and Survey ID: 70
Point: 30
Point validation passed for Member ID: 181 and Survey ID: 88
Point: 30
Point validation passed for Member ID: 182 and Survey ID: 15
Point: 1
Point validation passed for Member ID: 182 and Survey ID: 18
Point: 25
Point validation passed for Member ID: 182 and Survey ID: 21
Point: 0
Point validation passed for Member ID: 182 and Survey ID: 25
Point: 5
Point validation passed for Member ID: 182 and Survey ID: 29
Point: 50
Point validation passed for Member ID: 182 and Survey ID: 45
Point: 20
Point validation passed for Member ID: 182 and Survey ID: 48
Point: 40
Point validation passed for Member ID: 182 and Survey ID: 59
Point: 0
Point validation passed for Member ID: 182 and Survey ID: 81
Point: 20
Point validation passed for Member ID: 182 and Survey ID: 86
Point: 30
Point validation passed for Member ID: 183 and Survey ID: 13
Point: 40
Point validation passed for Member ID: 183 and Survey ID: 16
Point: 45
Point validation passed for Member ID: 183 and Survey ID: 26
Point: 2
Point validation passed for Member ID: 183 and Survey ID: 32
Point: 40
Point validation passed for Member ID: 183 and Survey ID: 55
Point: 0
Point validation passed for Member ID: 183 and Survey ID: 59
Point: 0
Point validation passed for Member ID: 183 and Survey ID: 60
Point: 35
Point validation passed for Member ID: 183 and Survey ID: 68
Point: 3
Point validation passed for Member ID: 184 and Survey ID: 7
Point: 45
Point validation passed for Member ID: 184 and Survey ID: 20
Point: 20
Point validation passed for Member ID: 184 and Survey ID: 29
Point: 0
Point validation passed for Member ID: 184 and Survey ID: 39
Point: 40
Point validation passed for Member ID: 184 and Survey ID: 59
Point: 40
Point validation passed for Member ID: 184 and Survey ID: 85
Point: 2
Point validation passed for Member ID: 184 and Survey ID: 86
Point: 30
Point validation passed for Member ID: 184 and Survey ID: 91
Point: 5
Point validation passed for Member ID: 184 and Survey ID: 94
Point: 4
Point validation passed for Member ID: 184 and Survey ID: 95
Point: 15
Point validation passed for Member ID: 185 and Survey ID: 1
Point: 5
Point validation passed for Member ID: 185 and Survey ID: 20
Point: 0
Point validation passed for Member ID: 185 and Survey ID: 32
Point: 40
Point validation passed for Member ID: 185 and Survey ID: 38
Point: 30
Point validation passed for Member ID: 185 and Survey ID: 46
Point: 10
Point validation passed for Member ID: 185 and Survey ID: 48
Point: 40
Point validation passed for Member ID: 185 and Survey ID: 51
Point: 15
Point validation passed for Member ID: 185 and Survey ID: 65
Point: 5
Point validation passed for Member ID: 185 and Survey ID: 75
Point: 10
Point validation passed for Member ID: 185 and Survey ID: 79
Point: 5
Point validation passed for Member ID: 185 and Survey ID: 85
Point: 25
Point validation passed for Member ID: 185 and Survey ID: 92
Point: 45
Point validation passed for Member ID: 186 and Survey ID: 11
Point: 45
Point validation passed for Member ID: 186 and Survey ID: 26
Point: 2
Point validation passed for Member ID: 186 and Survey ID: 27
Point: 15
Point validation passed for Member ID: 186 and Survey ID: 63
Point: 30
Point validation passed for Member ID: 186 and Survey ID: 68
Point: 5
Point validation passed for Member ID: 186 and Survey ID: 69
Point: 1
Point validation passed for Member ID: 186 and Survey ID: 75
Point: 0
Point validation passed for Member ID: 186 and Survey ID: 87
Point: 4
Point validation passed for Member ID: 186 and Survey ID: 92
Point: 45
Point validation passed for Member ID: 186 and Survey ID: 96
Point: 50
Point validation passed for Member ID: 187 and Survey ID: 4
Point: 10
Point validation passed for Member ID: 187 and Survey ID: 19
Point: 45
Point validation passed for Member ID: 187 and Survey ID: 24
Point: 35
Point validation passed for Member ID: 187 and Survey ID: 26
Point: 5
Point validation passed for Member ID: 187 and Survey ID: 27
Point: 15
Point validation passed for Member ID: 187 and Survey ID: 34
Point: 0
Point validation passed for Member ID: 187 and Survey ID: 52
Point: 40
Point validation passed for Member ID: 187 and Survey ID: 69
Point: 10
Point validation passed for Member ID: 187 and Survey ID: 77
Point: 1
Point validation passed for Member ID: 187 and Survey ID: 78
Point: 30
Point validation passed for Member ID: 187 and Survey ID: 86
Point: 4
Point validation passed for Member ID: 188 and Survey ID: 13
Point: 0
Point validation passed for Member ID: 188 and Survey ID: 26
Point: 0
Point validation passed for Member ID: 188 and Survey ID: 29
Point: 50
Point validation passed for Member ID: 188 and Survey ID: 37
Point: 25
Point validation passed for Member ID: 188 and Survey ID: 44
Point: 35
Point validation passed for Member ID: 188 and Survey ID: 68
Point: 5
Point validation passed for Member ID: 188 and Survey ID: 70
Point: 30
Point validation passed for Member ID: 188 and Survey ID: 83
Point: 5
Point validation passed for Member ID: 188 and Survey ID: 85
Point: 25
Point validation passed for Member ID: 188 and Survey ID: 87
Point: 15
Point validation passed for Member ID: 189 and Survey ID: 23
Point: 10
Point validation passed for Member ID: 189 and Survey ID: 36
Point: 0
Point validation passed for Member ID: 189 and Survey ID: 47
Point: 3
Point validation passed for Member ID: 189 and Survey ID: 58
Point: 2
Point validation passed for Member ID: 189 and Survey ID: 72
Point: 0
Point validation passed for Member ID: 189 and Survey ID: 79
Point: 20
Point validation passed for Member ID: 189 and Survey ID: 99
Point: 0
Point validation passed for Member ID: 190 and Survey ID: 2
Point: 4
Point validation passed for Member ID: 190 and Survey ID: 47
Point: 3
Point validation passed for Member ID: 190 and Survey ID: 71
Point: 30
Point validation passed for Member ID: 190 and Survey ID: 80
Point: 45
Point validation passed for Member ID: 190 and Survey ID: 84
Point: 25
Point validation passed for Member ID: 191 and Survey ID: 5
Point: 35
Point validation passed for Member ID: 191 and Survey ID: 26
Point: 5
Point validation passed for Member ID: 191 and Survey ID: 28
Point: 10
Point validation passed for Member ID: 191 and Survey ID: 43
Point: 5
Point validation passed for Member ID: 191 and Survey ID: 45
Point: 20
Point validation passed for Member ID: 191 and Survey ID: 70
Point: 30
Point validation passed for Member ID: 191 and Survey ID: 73
Point: 15
Point validation passed for Member ID: 192 and Survey ID: 9
Point: 35
Point validation passed for Member ID: 192 and Survey ID: 16
Point: 45
Point validation passed for Member ID: 192 and Survey ID: 19
Point: 45
Point validation passed for Member ID: 192 and Survey ID: 20
Point: 20
Point validation passed for Member ID: 192 and Survey ID: 21
Point: 50
Point validation passed for Member ID: 192 and Survey ID: 31
Point: 50
Point validation passed for Member ID: 192 and Survey ID: 40
Point: 10
Point validation passed for Member ID: 192 and Survey ID: 42
Point: 25
Point validation passed for Member ID: 192 and Survey ID: 52
Point: 3
Point validation passed for Member ID: 192 and Survey ID: 55
Point: 1
Point validation passed for Member ID: 192 and Survey ID: 62
Point: 40
Point validation passed for Member ID: 192 and Survey ID: 72
Point: 25
Point validation passed for Member ID: 192 and Survey ID: 83
Point: 5
Point validation passed for Member ID: 192 and Survey ID: 96
Point: 50
Point validation passed for Member ID: 192 and Survey ID: 99
Point: 25
Point validation passed for Member ID: 193 and Survey ID: 12
Point: 5
Point validation passed for Member ID: 193 and Survey ID: 21
Point: 0
Point validation passed for Member ID: 193 and Survey ID: 40
Point: 10
Point validation passed for Member ID: 193 and Survey ID: 41
Point: 40
Point validation passed for Member ID: 193 and Survey ID: 43
Point: 30
Point validation passed for Member ID: 193 and Survey ID: 47
Point: 20
Point validation passed for Member ID: 193 and Survey ID: 58
Point: 2
Point validation passed for Member ID: 193 and Survey ID: 73
Point: 15
Point validation passed for Member ID: 193 and Survey ID: 79
Point: 20
Point validation passed for Member ID: 193 and Survey ID: 82
Point: 35
Point validation passed for Member ID: 193 and Survey ID: 89
Point: 1
Point validation passed for Member ID: 193 and Survey ID: 92
Point: 0
Point validation passed for Member ID: 194 and Survey ID: 4
Point: 1
Point validation passed for Member ID: 194 and Survey ID: 7
Point: 45
Point validation passed for Member ID: 194 and Survey ID: 21
Point: 50
Point validation passed for Member ID: 194 and Survey ID: 37
Point: 25
Point validation passed for Member ID: 194 and Survey ID: 40
Point: 10
Point validation passed for Member ID: 194 and Survey ID: 44
Point: 35
Point validation passed for Member ID: 194 and Survey ID: 49
Point: 4
Point validation passed for Member ID: 194 and Survey ID: 57
Point: 45
Point validation passed for Member ID: 194 and Survey ID: 81
Point: 20
Point validation passed for Member ID: 194 and Survey ID: 82
Point: 35
Point validation passed for Member ID: 194 and Survey ID: 87
Point: 4
Point validation passed for Member ID: 194 and Survey ID: 98
Point: 5
Point validation passed for Member ID: 195 and Survey ID: 15
Point: 10
Point validation passed for Member ID: 195 and Survey ID: 20
Point: 5
Point validation passed for Member ID: 195 and Survey ID: 22
Point: 0
Point validation passed for Member ID: 195 and Survey ID: 23
Point: 10
Point validation passed for Member ID: 195 and Survey ID: 36
Point: 35
Point validation passed for Member ID: 195 and Survey ID: 38
Point: 30
Point validation passed for Member ID: 195 and Survey ID: 50
Point: 35
Point validation passed for Member ID: 195 and Survey ID: 55
Point: 1
Point validation passed for Member ID: 195 and Survey ID: 63
Point: 30
Point validation passed for Member ID: 195 and Survey ID: 68
Point: 5
Point validation passed for Member ID: 195 and Survey ID: 73
Point: 15
Point validation passed for Member ID: 195 and Survey ID: 77
Point: 25
Point validation passed for Member ID: 196 and Survey ID: 13
Point: 3
Point validation passed for Member ID: 196 and Survey ID: 16
Point: 45
Point validation passed for Member ID: 196 and Survey ID: 32
Point: 0
Point validation passed for Member ID: 196 and Survey ID: 33
Point: 25
Point validation passed for Member ID: 196 and Survey ID: 37
Point: 2
Point validation passed for Member ID: 196 and Survey ID: 41
Point: 40
Point validation passed for Member ID: 196 and Survey ID: 76
Point: 40
Point validation passed for Member ID: 196 and Survey ID: 87
Point: 15
Point validation passed for Member ID: 197 and Survey ID: 2
Point: 15
Point validation passed for Member ID: 197 and Survey ID: 5
Point: 35
Point validation passed for Member ID: 197 and Survey ID: 10
Point: 5
Point validation passed for Member ID: 197 and Survey ID: 13
Point: 40
Point validation passed for Member ID: 197 and Survey ID: 19
Point: 45
Point validation passed for Member ID: 197 and Survey ID: 20
Point: 20
Point validation passed for Member ID: 197 and Survey ID: 21
Point: 3
Point validation passed for Member ID: 197 and Survey ID: 24
Point: 1
Point validation passed for Member ID: 197 and Survey ID: 26
Point: 5
Point validation passed for Member ID: 197 and Survey ID: 34
Point: 5
Point validation passed for Member ID: 197 and Survey ID: 37
Point: 25
Point validation passed for Member ID: 197 and Survey ID: 39
Point: 2
Point validation passed for Member ID: 197 and Survey ID: 44
Point: 0
Point validation passed for Member ID: 197 and Survey ID: 50
Point: 35
Point validation passed for Member ID: 197 and Survey ID: 53
Point: 20
Point validation passed for Member ID: 197 and Survey ID: 77
Point: 1
Point validation passed for Member ID: 197 and Survey ID: 81
Point: 20
Point validation passed for Member ID: 197 and Survey ID: 96
Point: 50
Point validation passed for Member ID: 198 and Survey ID: 1
Point: 2
Point validation passed for Member ID: 198 and Survey ID: 3
Point: 2
Point validation passed for Member ID: 198 and Survey ID: 8
Point: 5
Point validation passed for Member ID: 198 and Survey ID: 9
Point: 35
Point validation passed for Member ID: 198 and Survey ID: 12
Point: 5
Point validation passed for Member ID: 198 and Survey ID: 19
Point: 45
Point validation passed for Member ID: 198 and Survey ID: 33
Point: 25
Point validation passed for Member ID: 198 and Survey ID: 41
Point: 40
Point validation passed for Member ID: 198 and Survey ID: 45
Point: 20
Point validation passed for Member ID: 198 and Survey ID: 54
Point: 25
Point validation passed for Member ID: 198 and Survey ID: 71
Point: 3
Point validation passed for Member ID: 198 and Survey ID: 99
Point: 25
Point validation passed for Member ID: 199 and Survey ID: 2
Point: 0
Point validation passed for Member ID: 199 and Survey ID: 8
Point: 4
Point validation passed for Member ID: 199 and Survey ID: 11
Point: 45
Point validation passed for Member ID: 199 and Survey ID: 21
Point: 3
Point validation passed for Member ID: 199 and Survey ID: 38
Point: 30
Point validation passed for Member ID: 199 and Survey ID: 39
Point: 40
Point validation passed for Member ID: 199 and Survey ID: 42
Point: 25
Point validation passed for Member ID: 199 and Survey ID: 54
Point: 4
Point validation passed for Member ID: 199 and Survey ID: 62
Point: 40
Point validation passed for Member ID: 199 and Survey ID: 71
Point: 3
Point validation passed for Member ID: 199 and Survey ID: 79
Point: 20
Point validation passed for Member ID: 200 and Survey ID: 30
Point: 25
Point validation passed for Member ID: 200 and Survey ID: 33
Point: 5
Point validation passed for Member ID: 200 and Survey ID: 34
Point: 5
Point validation passed for Member ID: 200 and Survey ID: 51
Point: 15
Point validation passed for Member ID: 200 and Survey ID: 56
Point: 10
Point validation passed for Member ID: 200 and Survey ID: 58
Point: 45
Point validation passed for Member ID: 200 and Survey ID: 69
Point: 10
Point validation passed for Member ID: 200 and Survey ID: 79
Point: 20
Point validation passed for Member ID: 201 and Survey ID: 26
Point: 5
Point validation passed for Member ID: 201 and Survey ID: 35
Point: 4
Point validation passed for Member ID: 201 and Survey ID: 38
Point: 30
Point validation passed for Member ID: 201 and Survey ID: 53
Point: 5
Point validation passed for Member ID: 201 and Survey ID: 62
Point: 40
Point validation passed for Member ID: 201 and Survey ID: 64
Point: 10
Point validation passed for Member ID: 201 and Survey ID: 65
Point: 20
Point validation passed for Member ID: 201 and Survey ID: 71
Point: 30
Point validation passed for Member ID: 201 and Survey ID: 74
Point: 50
Point validation passed for Member ID: 201 and Survey ID: 75
Point: 5
Point validation passed for Member ID: 201 and Survey ID: 76
Point: 5
Point validation passed for Member ID: 201 and Survey ID: 85
Point: 25
Point validation passed for Member ID: 201 and Survey ID: 86
Point: 4
Point validation passed for Member ID: 202 and Survey ID: 16
Point: 45
Point validation passed for Member ID: 202 and Survey ID: 25
Point: 5
Point validation passed for Member ID: 202 and Survey ID: 36
Point: 35
Point validation passed for Member ID: 202 and Survey ID: 41
Point: 40
Point validation passed for Member ID: 202 and Survey ID: 51
Point: 15
Point validation passed for Member ID: 202 and Survey ID: 53
Point: 20
Point validation passed for Member ID: 202 and Survey ID: 83
Point: 5
Point validation passed for Member ID: 202 and Survey ID: 84
Point: 25
Point validation passed for Member ID: 202 and Survey ID: 87
Point: 4
Point validation passed for Member ID: 202 and Survey ID: 90
Point: 2
Point validation passed for Member ID: 202 and Survey ID: 99
Point: 3
Point validation passed for Member ID: 203 and Survey ID: 31
Point: 50
Point validation passed for Member ID: 203 and Survey ID: 34
Point: 15
Point validation passed for Member ID: 203 and Survey ID: 68
Point: 3
Point validation passed for Member ID: 203 and Survey ID: 75
Point: 5
Point validation passed for Member ID: 203 and Survey ID: 86
Point: 30
Point validation passed for Member ID: 203 and Survey ID: 89
Point: 10
Point validation passed for Member ID: 203 and Survey ID: 96
Point: 50
Point validation passed for Member ID: 203 and Survey ID: 98
Point: 45
Point validation passed for Member ID: 204 and Survey ID: 1
Point: 5
Point validation passed for Member ID: 204 and Survey ID: 13
Point: 40
Point validation passed for Member ID: 204 and Survey ID: 17
Point: 15
Point validation passed for Member ID: 204 and Survey ID: 28
Point: 4
Point validation passed for Member ID: 204 and Survey ID: 66
Point: 15
Point validation passed for Member ID: 204 and Survey ID: 69
Point: 10
Point validation passed for Member ID: 204 and Survey ID: 71
Point: 30
Point validation passed for Member ID: 204 and Survey ID: 79
Point: 5
Point validation passed for Member ID: 205 and Survey ID: 15
Point: 10
Point validation passed for Member ID: 205 and Survey ID: 18
Point: 25
Point validation passed for Member ID: 205 and Survey ID: 19
Point: 45
Point validation passed for Member ID: 205 and Survey ID: 32
Point: 0
Point validation passed for Member ID: 205 and Survey ID: 33
Point: 5
Point validation passed for Member ID: 205 and Survey ID: 38
Point: 30
Point validation passed for Member ID: 205 and Survey ID: 39
Point: 40
Point validation passed for Member ID: 205 and Survey ID: 54
Point: 25
Point validation passed for Member ID: 205 and Survey ID: 57
Point: 0
Point validation passed for Member ID: 205 and Survey ID: 63
Point: 5
Point validation passed for Member ID: 205 and Survey ID: 74
Point: 50
Point validation passed for Member ID: 205 and Survey ID: 87
Point: 0
Point validation passed for Member ID: 205 and Survey ID: 88
Point: 30
Point validation passed for Member ID: 206 and Survey ID: 1
Point: 5
Point validation passed for Member ID: 206 and Survey ID: 15
Point: 10
Point validation passed for Member ID: 206 and Survey ID: 18
Point: 0
Point validation passed for Member ID: 206 and Survey ID: 24
Point: 35
Point validation passed for Member ID: 206 and Survey ID: 28
Point: 10
Point validation passed for Member ID: 206 and Survey ID: 32
Point: 40
Point validation passed for Member ID: 206 and Survey ID: 43
Point: 30
Point validation passed for Member ID: 206 and Survey ID: 52
Point: 3
Point validation passed for Member ID: 206 and Survey ID: 68
Point: 5
Point validation passed for Member ID: 206 and Survey ID: 74
Point: 1
Point validation passed for Member ID: 206 and Survey ID: 89
Point: 10
Point validation passed for Member ID: 206 and Survey ID: 96
Point: 50
Point validation passed for Member ID: 206 and Survey ID: 97
Point: 35
Point validation passed for Member ID: 207 and Survey ID: 1
Point: 5
Point validation passed for Member ID: 207 and Survey ID: 5
Point: 35
Point validation passed for Member ID: 207 and Survey ID: 20
Point: 20
Point validation passed for Member ID: 207 and Survey ID: 26
Point: 5
Point validation passed for Member ID: 207 and Survey ID: 68
Point: 5
Point validation passed for Member ID: 207 and Survey ID: 96
Point: 5
Point validation passed for Member ID: 208 and Survey ID: 2
Point: 4
Point validation passed for Member ID: 208 and Survey ID: 30
Point: 25
Point validation passed for Member ID: 208 and Survey ID: 66
Point: 15
Point validation passed for Member ID: 208 and Survey ID: 82
Point: 35
Point validation passed for Member ID: 208 and Survey ID: 84
Point: 2
Point validation passed for Member ID: 208 and Survey ID: 87
Point: 15
Point validation passed for Member ID: 209 and Survey ID: 13
Point: 0
Point validation passed for Member ID: 209 and Survey ID: 18
Point: 25
Point validation passed for Member ID: 209 and Survey ID: 19
Point: 45
Point validation passed for Member ID: 209 and Survey ID: 20
Point: 20
Point validation passed for Member ID: 209 and Survey ID: 29
Point: 3
Point validation passed for Member ID: 209 and Survey ID: 62
Point: 40
Point validation passed for Member ID: 209 and Survey ID: 80
Point: 45
Point validation passed for Member ID: 210 and Survey ID: 1
Point: 2
Point validation passed for Member ID: 210 and Survey ID: 11
Point: 45
Point validation passed for Member ID: 210 and Survey ID: 18
Point: 25
Point validation passed for Member ID: 210 and Survey ID: 23
Point: 10
Point validation passed for Member ID: 210 and Survey ID: 24
Point: 35
Point validation passed for Member ID: 210 and Survey ID: 32
Point: 40
Point validation passed for Member ID: 210 and Survey ID: 46
Point: 10
Point validation passed for Member ID: 210 and Survey ID: 58
Point: 2
Point validation passed for Member ID: 210 and Survey ID: 67
Point: 5
Point validation passed for Member ID: 210 and Survey ID: 69
Point: 10
Point validation passed for Member ID: 210 and Survey ID: 73
Point: 15
Point validation passed for Member ID: 210 and Survey ID: 78
Point: 30
Point validation passed for Member ID: 210 and Survey ID: 80
Point: 45
Point validation passed for Member ID: 210 and Survey ID: 85
Point: 25
Point validation passed for Member ID: 210 and Survey ID: 87
Point: 4
Point validation passed for Member ID: 211 and Survey ID: 11
Point: 45
Point validation passed for Member ID: 211 and Survey ID: 50
Point: 35
Point validation passed for Member ID: 211 and Survey ID: 61
Point: 4
Point validation passed for Member ID: 211 and Survey ID: 67
Point: 35
Point validation passed for Member ID: 211 and Survey ID: 69
Point: 10
Point validation passed for Member ID: 211 and Survey ID: 76
Point: 40
Point validation passed for Member ID: 211 and Survey ID: 89
Point: 10
Point validation passed for Member ID: 211 and Survey ID: 100
Point: 10
Point validation passed for Member ID: 212 and Survey ID: 7
Point: 45
Point validation passed for Member ID: 212 and Survey ID: 31
Point: 50
Point validation passed for Member ID: 212 and Survey ID: 32
Point: 40
Point validation passed for Member ID: 212 and Survey ID: 35
Point: 4
Point validation passed for Member ID: 212 and Survey ID: 37
Point: 25
Point validation passed for Member ID: 212 and Survey ID: 40
Point: 10
Point validation passed for Member ID: 212 and Survey ID: 47
Point: 20
Point validation passed for Member ID: 212 and Survey ID: 59
Point: 40
Point validation passed for Member ID: 212 and Survey ID: 82
Point: 35
Point validation passed for Member ID: 212 and Survey ID: 99
Point: 25
Point validation passed for Member ID: 213 and Survey ID: 3
Point: 10
Point validation passed for Member ID: 213 and Survey ID: 9
Point: 2
Point validation passed for Member ID: 213 and Survey ID: 26
Point: 2
Point validation passed for Member ID: 213 and Survey ID: 30
Point: 25
Point validation passed for Member ID: 213 and Survey ID: 39
Point: 2
Point validation passed for Member ID: 213 and Survey ID: 45
Point: 20
Point validation passed for Member ID: 213 and Survey ID: 64
Point: 5
Point validation passed for Member ID: 213 and Survey ID: 65
Point: 20
Point validation passed for Member ID: 213 and Survey ID: 73
Point: 15
Point validation passed for Member ID: 213 and Survey ID: 77
Point: 1
Point validation passed for Member ID: 213 and Survey ID: 79
Point: 20
Point validation passed for Member ID: 213 and Survey ID: 87
Point: 4
Point validation passed for Member ID: 213 and Survey ID: 89
Point: 10
Point validation passed for Member ID: 213 and Survey ID: 92
Point: 45
Point validation passed for Member ID: 214 and Survey ID: 15
Point: 10
Point validation passed for Member ID: 214 and Survey ID: 28
Point: 10
Point validation passed for Member ID: 214 and Survey ID: 34
Point: 15
Point validation passed for Member ID: 214 and Survey ID: 43
Point: 0
Point validation passed for Member ID: 214 and Survey ID: 44
Point: 0
Point validation passed for Member ID: 214 and Survey ID: 55
Point: 35
Point validation passed for Member ID: 214 and Survey ID: 62
Point: 40
Point validation passed for Member ID: 214 and Survey ID: 64
Point: 10
Point validation passed for Member ID: 214 and Survey ID: 90
Point: 5
Point validation passed for Member ID: 215 and Survey ID: 1
Point: 5
Point validation passed for Member ID: 215 and Survey ID: 25
Point: 5
Point validation passed for Member ID: 215 and Survey ID: 35
Point: 10
Point validation passed for Member ID: 215 and Survey ID: 39
Point: 40
Point validation passed for Member ID: 215 and Survey ID: 44
Point: 5
Point validation passed for Member ID: 215 and Survey ID: 47
Point: 20
Point validation passed for Member ID: 215 and Survey ID: 72
Point: 25
Point validation passed for Member ID: 215 and Survey ID: 73
Point: 15
Point validation passed for Member ID: 215 and Survey ID: 80
Point: 45
Point validation passed for Member ID: 215 and Survey ID: 88
Point: 30
Point validation passed for Member ID: 215 and Survey ID: 99
Point: 25
Point validation passed for Member ID: 216 and Survey ID: 8
Point: 5
Point validation passed for Member ID: 216 and Survey ID: 16
Point: 45
Point validation passed for Member ID: 216 and Survey ID: 18
Point: 25
Point validation passed for Member ID: 216 and Survey ID: 36
Point: 35
Point validation passed for Member ID: 216 and Survey ID: 75
Point: 10
Point validation passed for Member ID: 216 and Survey ID: 84
Point: 25
Point validation passed for Member ID: 217 and Survey ID: 3
Point: 10
Point validation passed for Member ID: 217 and Survey ID: 13
Point: 40
Point validation passed for Member ID: 217 and Survey ID: 22
Point: 40
Point validation passed for Member ID: 217 and Survey ID: 28
Point: 10
Point validation passed for Member ID: 217 and Survey ID: 34
Point: 15
Point validation passed for Member ID: 217 and Survey ID: 59
Point: 40
Point validation passed for Member ID: 217 and Survey ID: 60
Point: 35
Point validation passed for Member ID: 217 and Survey ID: 68
Point: 5
Point validation passed for Member ID: 217 and Survey ID: 71
Point: 3
Point validation passed for Member ID: 217 and Survey ID: 75
Point: 10
Point validation passed for Member ID: 218 and Survey ID: 16
Point: 45
Point validation passed for Member ID: 218 and Survey ID: 18
Point: 25
Point validation passed for Member ID: 218 and Survey ID: 44
Point: 5
Point validation passed for Member ID: 218 and Survey ID: 50
Point: 35
Point validation passed for Member ID: 218 and Survey ID: 57
Point: 45
Point validation passed for Member ID: 218 and Survey ID: 59
Point: 40
Point validation passed for Member ID: 218 and Survey ID: 70
Point: 5
Point validation passed for Member ID: 218 and Survey ID: 77
Point: 25
Point validation passed for Member ID: 218 and Survey ID: 78
Point: 0
Point validation passed for Member ID: 218 and Survey ID: 80
Point: 45
Point validation passed for Member ID: 218 and Survey ID: 81
Point: 20
Point validation passed for Member ID: 218 and Survey ID: 87
Point: 15
Point validation passed for Member ID: 219 and Survey ID: 19
Point: 45
Point validation passed for Member ID: 219 and Survey ID: 23
Point: 10
Point validation passed for Member ID: 219 and Survey ID: 24
Point: 35
Point validation passed for Member ID: 219 and Survey ID: 34
Point: 5
Point validation passed for Member ID: 219 and Survey ID: 54
Point: 0
Point validation passed for Member ID: 219 and Survey ID: 68
Point: 5
Point validation passed for Member ID: 219 and Survey ID: 76
Point: 40
Point validation passed for Member ID: 219 and Survey ID: 79
Point: 20
Point validation passed for Member ID: 219 and Survey ID: 84
Point: 25
Point validation passed for Member ID: 219 and Survey ID: 86
Point: 30
Point validation passed for Member ID: 219 and Survey ID: 87
Point: 4
Point validation passed for Member ID: 219 and Survey ID: 88
Point: 30
Point validation passed for Member ID: 219 and Survey ID: 93
Point: 45
Point validation passed for Member ID: 220 and Survey ID: 1
Point: 5
Point validation passed for Member ID: 220 and Survey ID: 8
Point: 5
Point validation passed for Member ID: 220 and Survey ID: 24
Point: 35
Point validation passed for Member ID: 220 and Survey ID: 28
Point: 10
Point validation passed for Member ID: 220 and Survey ID: 29
Point: 50
Point validation passed for Member ID: 220 and Survey ID: 35
Point: 10
Point validation passed for Member ID: 220 and Survey ID: 42
Point: 25
Point validation passed for Member ID: 220 and Survey ID: 49
Point: 35
Point validation passed for Member ID: 220 and Survey ID: 52
Point: 3
Point validation passed for Member ID: 220 and Survey ID: 84
Point: 25
Point validation passed for Member ID: 220 and Survey ID: 89
Point: 10
Point validation passed for Member ID: 221 and Survey ID: 1
Point: 0
Point validation passed for Member ID: 221 and Survey ID: 11
Point: 45
Point validation passed for Member ID: 221 and Survey ID: 27
Point: 15
Point validation passed for Member ID: 221 and Survey ID: 29
Point: 50
Point validation passed for Member ID: 221 and Survey ID: 37
Point: 25
Point validation passed for Member ID: 221 and Survey ID: 61
Point: 40
Point validation passed for Member ID: 221 and Survey ID: 71
Point: 0
Point validation passed for Member ID: 221 and Survey ID: 79
Point: 20
Point validation passed for Member ID: 221 and Survey ID: 92
Point: 0
Point validation passed for Member ID: 222 and Survey ID: 6
Point: 25
Point validation passed for Member ID: 222 and Survey ID: 9
Point: 35
Point validation passed for Member ID: 222 and Survey ID: 11
Point: 45
Point validation passed for Member ID: 222 and Survey ID: 23
Point: 10
Point validation passed for Member ID: 222 and Survey ID: 41
Point: 40
Point validation passed for Member ID: 222 and Survey ID: 43
Point: 30
Point validation passed for Member ID: 222 and Survey ID: 50
Point: 35
Point validation passed for Member ID: 222 and Survey ID: 53
Point: 20
Point validation passed for Member ID: 222 and Survey ID: 62
Point: 40
Point validation passed for Member ID: 222 and Survey ID: 92
Point: 0
Point validation passed for Member ID: 223 and Survey ID: 4
Point: 1
Point validation passed for Member ID: 223 and Survey ID: 5
Point: 4
Point validation passed for Member ID: 223 and Survey ID: 6
Point: 25
Point validation passed for Member ID: 223 and Survey ID: 11
Point: 0
Point validation passed for Member ID: 223 and Survey ID: 23
Point: 0
Point validation passed for Member ID: 223 and Survey ID: 26
Point: 5
Point validation passed for Member ID: 223 and Survey ID: 53
Point: 20
Point validation passed for Member ID: 223 and Survey ID: 79
Point: 20
Point validation passed for Member ID: 223 and Survey ID: 81
Point: 20
Point validation passed for Member ID: 224 and Survey ID: 9
Point: 35
Point validation passed for Member ID: 224 and Survey ID: 36
Point: 35
Point validation passed for Member ID: 224 and Survey ID: 37
Point: 25
Point validation passed for Member ID: 224 and Survey ID: 50
Point: 35
Point validation passed for Member ID: 224 and Survey ID: 52
Point: 40
Point validation passed for Member ID: 224 and Survey ID: 63
Point: 30
Point validation passed for Member ID: 224 and Survey ID: 69
Point: 0
Point validation passed for Member ID: 224 and Survey ID: 70
Point: 30
Point validation passed for Member ID: 224 and Survey ID: 72
Point: 25
Point validation passed for Member ID: 224 and Survey ID: 87
Point: 15
Point validation passed for Member ID: 225 and Survey ID: 13
Point: 40
Point validation passed for Member ID: 225 and Survey ID: 17
Point: 15
Point validation passed for Member ID: 225 and Survey ID: 21
Point: 50
Point validation passed for Member ID: 225 and Survey ID: 45
Point: 2
Point validation passed for Member ID: 225 and Survey ID: 49
Point: 35
Point validation passed for Member ID: 225 and Survey ID: 50
Point: 35
Point validation passed for Member ID: 225 and Survey ID: 52
Point: 3
Point validation passed for Member ID: 225 and Survey ID: 53
Point: 20
Point validation passed for Member ID: 225 and Survey ID: 77
Point: 25
Point validation passed for Member ID: 225 and Survey ID: 82
Point: 35
Point validation passed for Member ID: 225 and Survey ID: 85
Point: 25
Point validation passed for Member ID: 225 and Survey ID: 87
Point: 4
Point validation passed for Member ID: 226 and Survey ID: 9
Point: 2
Point validation passed for Member ID: 226 and Survey ID: 10
Point: 5
Point validation passed for Member ID: 226 and Survey ID: 16
Point: 3
Point validation passed for Member ID: 226 and Survey ID: 19
Point: 45
Point validation passed for Member ID: 226 and Survey ID: 20
Point: 20
Point validation passed for Member ID: 226 and Survey ID: 26
Point: 2
Point validation passed for Member ID: 226 and Survey ID: 40
Point: 10
Point validation passed for Member ID: 226 and Survey ID: 49
Point: 4
Point validation passed for Member ID: 226 and Survey ID: 68
Point: 5
Point validation passed for Member ID: 226 and Survey ID: 82
Point: 35
Point validation passed for Member ID: 226 and Survey ID: 89
Point: 10
Point validation passed for Member ID: 226 and Survey ID: 90
Point: 5
Point validation passed for Member ID: 226 and Survey ID: 92
Point: 4
Point validation passed for Member ID: 227 and Survey ID: 5
Point: 35
Point validation passed for Member ID: 227 and Survey ID: 21
Point: 0
Point validation passed for Member ID: 227 and Survey ID: 25
Point: 5
Point validation passed for Member ID: 227 and Survey ID: 26
Point: 5
Point validation passed for Member ID: 227 and Survey ID: 47
Point: 20
Point validation passed for Member ID: 227 and Survey ID: 57
Point: 3
Point validation passed for Member ID: 227 and Survey ID: 61
Point: 0
Point validation passed for Member ID: 227 and Survey ID: 62
Point: 40
Point validation passed for Member ID: 227 and Survey ID: 64
Point: 5
Point validation passed for Member ID: 227 and Survey ID: 70
Point: 5
Point validation passed for Member ID: 227 and Survey ID: 74
Point: 50
Point validation passed for Member ID: 227 and Survey ID: 82
Point: 4
Point validation passed for Member ID: 227 and Survey ID: 88
Point: 0
Point validation passed for Member ID: 227 and Survey ID: 91
Point: 5
Point validation passed for Member ID: 227 and Survey ID: 97
Point: 35
Point validation passed for Member ID: 228 and Survey ID: 4
Point: 10
Point validation passed for Member ID: 228 and Survey ID: 9
Point: 35
Point validation passed for Member ID: 228 and Survey ID: 12
Point: 1
Point validation passed for Member ID: 228 and Survey ID: 25
Point: 5
Point validation passed for Member ID: 228 and Survey ID: 44
Point: 35
Point validation passed for Member ID: 228 and Survey ID: 53
Point: 20
Point validation passed for Member ID: 228 and Survey ID: 71
Point: 3
Point validation passed for Member ID: 228 and Survey ID: 76
Point: 40
Point validation passed for Member ID: 228 and Survey ID: 97
Point: 35
Point validation passed for Member ID: 229 and Survey ID: 2
Point: 4
Point validation passed for Member ID: 229 and Survey ID: 14
Point: 50
Point validation passed for Member ID: 229 and Survey ID: 22
Point: 40
Point validation passed for Member ID: 229 and Survey ID: 24
Point: 35
Point validation passed for Member ID: 229 and Survey ID: 50
Point: 35
Point validation passed for Member ID: 229 and Survey ID: 53
Point: 5
Point validation passed for Member ID: 229 and Survey ID: 54
Point: 25
Point validation passed for Member ID: 229 and Survey ID: 56
Point: 10
Point validation passed for Member ID: 229 and Survey ID: 63
Point: 0
Point validation passed for Member ID: 229 and Survey ID: 74
Point: 1
Point validation passed for Member ID: 229 and Survey ID: 84
Point: 25
Point validation passed for Member ID: 229 and Survey ID: 98
Point: 45
Point validation passed for Member ID: 230 and Survey ID: 1
Point: 5
Point validation passed for Member ID: 230 and Survey ID: 10
Point: 5
Point validation passed for Member ID: 230 and Survey ID: 21
Point: 50
Point validation passed for Member ID: 230 and Survey ID: 33
Point: 25
Point validation passed for Member ID: 230 and Survey ID: 48
Point: 40
Point validation passed for Member ID: 230 and Survey ID: 51
Point: 0
Point validation passed for Member ID: 230 and Survey ID: 54
Point: 25
Point validation passed for Member ID: 230 and Survey ID: 56
Point: 1
Point validation passed for Member ID: 230 and Survey ID: 67
Point: 35
Point validation passed for Member ID: 230 and Survey ID: 70
Point: 30
Point validation passed for Member ID: 230 and Survey ID: 92
Point: 45
Point validation passed for Member ID: 230 and Survey ID: 94
Point: 4
Point validation passed for Member ID: 230 and Survey ID: 97
Point: 1
Point validation passed for Member ID: 230 and Survey ID: 98
Point: 45
Point validation passed for Member ID: 230 and Survey ID: 100
Point: 10
Point validation passed for Member ID: 231 and Survey ID: 33
Point: 25
Point validation passed for Member ID: 231 and Survey ID: 37
Point: 25
Point validation passed for Member ID: 231 and Survey ID: 41
Point: 5
Point validation passed for Member ID: 231 and Survey ID: 52
Point: 40
Point validation passed for Member ID: 231 and Survey ID: 65
Point: 20
Point validation passed for Member ID: 231 and Survey ID: 70
Point: 5
Point validation passed for Member ID: 231 and Survey ID: 90
Point: 5
Point validation passed for Member ID: 232 and Survey ID: 21
Point: 50
Point validation passed for Member ID: 232 and Survey ID: 30
Point: 2
Point validation passed for Member ID: 232 and Survey ID: 51
Point: 15
Point validation passed for Member ID: 232 and Survey ID: 58
Point: 45
Point validation passed for Member ID: 232 and Survey ID: 63
Point: 0
Point validation passed for Member ID: 232 and Survey ID: 72
Point: 25
Point validation passed for Member ID: 232 and Survey ID: 77
Point: 25
Point validation passed for Member ID: 232 and Survey ID: 84
Point: 25
Point validation passed for Member ID: 232 and Survey ID: 89
Point: 1
Point validation passed for Member ID: 232 and Survey ID: 90
Point: 5
Point validation passed for Member ID: 232 and Survey ID: 92
Point: 45
Point validation passed for Member ID: 232 and Survey ID: 95
Point: 5
Point validation passed for Member ID: 232 and Survey ID: 100
Point: 0
Point validation passed for Member ID: 233 and Survey ID: 13
Point: 40
Point validation passed for Member ID: 233 and Survey ID: 28
Point: 0
Point validation passed for Member ID: 233 and Survey ID: 31
Point: 50
Point validation passed for Member ID: 233 and Survey ID: 43
Point: 30
Point validation passed for Member ID: 233 and Survey ID: 47
Point: 20
Point validation passed for Member ID: 233 and Survey ID: 62
Point: 40
Point validation passed for Member ID: 233 and Survey ID: 83
Point: 5
Point validation passed for Member ID: 233 and Survey ID: 86
Point: 4
Point validation passed for Member ID: 233 and Survey ID: 95
Point: 5
Point validation passed for Member ID: 233 and Survey ID: 100
Point: 10
Point validation passed for Member ID: 234 and Survey ID: 7
Point: 0
Point validation passed for Member ID: 234 and Survey ID: 9
Point: 35
Point validation passed for Member ID: 234 and Survey ID: 11
Point: 45
Point validation passed for Member ID: 234 and Survey ID: 12
Point: 5
Point validation passed for Member ID: 234 and Survey ID: 23
Point: 10
Point validation passed for Member ID: 234 and Survey ID: 30
Point: 2
Point validation passed for Member ID: 234 and Survey ID: 63
Point: 5
Point validation passed for Member ID: 234 and Survey ID: 67
Point: 35
Point validation passed for Member ID: 234 and Survey ID: 69
Point: 10
Point validation passed for Member ID: 234 and Survey ID: 77
Point: 25
Point validation passed for Member ID: 234 and Survey ID: 81
Point: 0
Point validation passed for Member ID: 235 and Survey ID: 1
Point: 5
Point validation passed for Member ID: 235 and Survey ID: 36
Point: 35
Point validation passed for Member ID: 235 and Survey ID: 39
Point: 2
Point validation passed for Member ID: 235 and Survey ID: 42
Point: 25
Point validation passed for Member ID: 235 and Survey ID: 45
Point: 0
Point validation passed for Member ID: 235 and Survey ID: 50
Point: 35
Point validation passed for Member ID: 235 and Survey ID: 61
Point: 40
Point validation passed for Member ID: 235 and Survey ID: 65
Point: 20
Point validation passed for Member ID: 235 and Survey ID: 66
Point: 15
Point validation passed for Member ID: 235 and Survey ID: 84
Point: 25
Point validation passed for Member ID: 235 and Survey ID: 93
Point: 45
Point validation passed for Member ID: 235 and Survey ID: 94
Point: 5
Point validation passed for Member ID: 236 and Survey ID: 2
Point: 15
Point validation passed for Member ID: 236 and Survey ID: 7
Point: 45
Point validation passed for Member ID: 236 and Survey ID: 28
Point: 10
Point validation passed for Member ID: 236 and Survey ID: 35
Point: 4
Point validation passed for Member ID: 236 and Survey ID: 63
Point: 5
Point validation passed for Member ID: 236 and Survey ID: 71
Point: 3
Point validation passed for Member ID: 236 and Survey ID: 77
Point: 25
Point validation passed for Member ID: 236 and Survey ID: 94
Point: 4
Point validation passed for Member ID: 237 and Survey ID: 20
Point: 0
Point validation passed for Member ID: 237 and Survey ID: 29
Point: 50
Point validation passed for Member ID: 237 and Survey ID: 49
Point: 35
Point validation passed for Member ID: 237 and Survey ID: 56
Point: 10
Point validation passed for Member ID: 237 and Survey ID: 68
Point: 5
Point validation passed for Member ID: 237 and Survey ID: 90
Point: 5
Point validation passed for Member ID: 237 and Survey ID: 93
Point: 45
Point validation passed for Member ID: 238 and Survey ID: 3
Point: 10
Point validation passed for Member ID: 238 and Survey ID: 6
Point: 0
Point validation passed for Member ID: 238 and Survey ID: 45
Point: 20
Point validation passed for Member ID: 238 and Survey ID: 79
Point: 20
Point validation passed for Member ID: 238 and Survey ID: 90
Point: 5
Point validation passed for Member ID: 239 and Survey ID: 16
Point: 45
Point validation passed for Member ID: 239 and Survey ID: 23
Point: 10
Point validation passed for Member ID: 239 and Survey ID: 32
Point: 0
Point validation passed for Member ID: 239 and Survey ID: 34
Point: 15
Point validation passed for Member ID: 239 and Survey ID: 43
Point: 5
Point validation passed for Member ID: 239 and Survey ID: 46
Point: 2
Point validation passed for Member ID: 239 and Survey ID: 47
Point: 20
Point validation passed for Member ID: 239 and Survey ID: 52
Point: 40
Point validation passed for Member ID: 239 and Survey ID: 58
Point: 45
Point validation passed for Member ID: 239 and Survey ID: 66
Point: 15
Point validation passed for Member ID: 239 and Survey ID: 73
Point: 15
Point validation passed for Member ID: 239 and Survey ID: 75
Point: 0
Point validation passed for Member ID: 239 and Survey ID: 85
Point: 25
Point validation passed for Member ID: 240 and Survey ID: 9
Point: 2
Point validation passed for Member ID: 240 and Survey ID: 14
Point: 50
Point validation passed for Member ID: 240 and Survey ID: 55
Point: 35
Point validation passed for Member ID: 240 and Survey ID: 59
Point: 2
Point validation passed for Member ID: 240 and Survey ID: 60
Point: 35
Point validation passed for Member ID: 240 and Survey ID: 62
Point: 0
Point validation passed for Member ID: 240 and Survey ID: 73
Point: 2
Point validation passed for Member ID: 240 and Survey ID: 79
Point: 0
Point validation passed for Member ID: 240 and Survey ID: 85
Point: 25
Point validation passed for Member ID: 241 and Survey ID: 3
Point: 10
Point validation passed for Member ID: 241 and Survey ID: 9
Point: 0
Point validation passed for Member ID: 241 and Survey ID: 26
Point: 5
Point validation passed for Member ID: 241 and Survey ID: 51
Point: 15
Point validation passed for Member ID: 241 and Survey ID: 60
Point: 2
Point validation passed for Member ID: 241 and Survey ID: 69
Point: 1
Point validation passed for Member ID: 241 and Survey ID: 74
Point: 50
Point validation passed for Member ID: 241 and Survey ID: 95
Point: 0
Point validation passed for Member ID: 241 and Survey ID: 96
Point: 0
Point validation passed for Member ID: 241 and Survey ID: 98
Point: 5
Point validation passed for Member ID: 242 and Survey ID: 4
Point: 1
Point validation passed for Member ID: 242 and Survey ID: 6
Point: 25
Point validation passed for Member ID: 242 and Survey ID: 7
Point: 45
Point validation passed for Member ID: 242 and Survey ID: 13
Point: 40
Point validation passed for Member ID: 242 and Survey ID: 23
Point: 10
Point validation passed for Member ID: 242 and Survey ID: 24
Point: 35
Point validation passed for Member ID: 242 and Survey ID: 60
Point: 2
Point validation passed for Member ID: 242 and Survey ID: 68
Point: 3
Point validation passed for Member ID: 242 and Survey ID: 94
Point: 5
Point validation passed for Member ID: 243 and Survey ID: 9
Point: 35
Point validation passed for Member ID: 243 and Survey ID: 27
Point: 1
Point validation passed for Member ID: 243 and Survey ID: 29
Point: 3
Point validation passed for Member ID: 243 and Survey ID: 33
Point: 25
Point validation passed for Member ID: 243 and Survey ID: 35
Point: 0
Point validation passed for Member ID: 243 and Survey ID: 40
Point: 10
Point validation passed for Member ID: 243 and Survey ID: 51
Point: 15
Point validation passed for Member ID: 243 and Survey ID: 59
Point: 40
Point validation passed for Member ID: 243 and Survey ID: 60
Point: 35
Point validation passed for Member ID: 243 and Survey ID: 70
Point: 30
Point validation passed for Member ID: 243 and Survey ID: 84
Point: 2
Point validation passed for Member ID: 243 and Survey ID: 86
Point: 30
Point validation passed for Member ID: 244 and Survey ID: 2
Point: 15
Point validation passed for Member ID: 244 and Survey ID: 5
Point: 4
Point validation passed for Member ID: 244 and Survey ID: 8
Point: 5
Point validation passed for Member ID: 244 and Survey ID: 18
Point: 4
Point validation passed for Member ID: 244 and Survey ID: 28
Point: 10
Point validation passed for Member ID: 244 and Survey ID: 41
Point: 5
Point validation passed for Member ID: 244 and Survey ID: 42
Point: 25
Point validation passed for Member ID: 244 and Survey ID: 46
Point: 10
Point validation passed for Member ID: 244 and Survey ID: 52
Point: 0
Point validation passed for Member ID: 244 and Survey ID: 53
Point: 20
Point validation passed for Member ID: 244 and Survey ID: 76
Point: 40
Point validation passed for Member ID: 244 and Survey ID: 94
Point: 4
Point validation passed for Member ID: 245 and Survey ID: 19
Point: 45
Point validation passed for Member ID: 245 and Survey ID: 24
Point: 35
Point validation passed for Member ID: 245 and Survey ID: 33
Point: 25
Point validation passed for Member ID: 245 and Survey ID: 43
Point: 30
Point validation passed for Member ID: 245 and Survey ID: 55
Point: 35
Point validation passed for Member ID: 245 and Survey ID: 66
Point: 3
Point validation passed for Member ID: 245 and Survey ID: 81
Point: 20
Point validation passed for Member ID: 246 and Survey ID: 1
Point: 5
Point validation passed for Member ID: 246 and Survey ID: 26
Point: 5
Point validation passed for Member ID: 246 and Survey ID: 50
Point: 35
Point validation passed for Member ID: 246 and Survey ID: 66
Point: 3
Point validation passed for Member ID: 246 and Survey ID: 68
Point: 5
Point validation passed for Member ID: 246 and Survey ID: 86
Point: 30
Point validation passed for Member ID: 246 and Survey ID: 89
Point: 10
Point validation passed for Member ID: 246 and Survey ID: 93
Point: 1
Point validation passed for Member ID: 246 and Survey ID: 95
Point: 15
Point validation passed for Member ID: 247 and Survey ID: 19
Point: 45
Point validation passed for Member ID: 247 and Survey ID: 32
Point: 40
Point validation passed for Member ID: 247 and Survey ID: 36
Point: 35
Point validation passed for Member ID: 247 and Survey ID: 39
Point: 40
Point validation passed for Member ID: 247 and Survey ID: 73
Point: 2
Point validation passed for Member ID: 247 and Survey ID: 96
Point: 50
Point validation passed for Member ID: 248 and Survey ID: 3
Point: 2
Point validation passed for Member ID: 248 and Survey ID: 4
Point: 0
Point validation passed for Member ID: 248 and Survey ID: 8
Point: 5
Point validation passed for Member ID: 248 and Survey ID: 9
Point: 35
Point validation passed for Member ID: 248 and Survey ID: 35
Point: 10
Point validation passed for Member ID: 248 and Survey ID: 44
Point: 35
Point validation passed for Member ID: 248 and Survey ID: 53
Point: 0
Point validation passed for Member ID: 248 and Survey ID: 64
Point: 10
Point validation passed for Member ID: 248 and Survey ID: 89
Point: 10
Point validation passed for Member ID: 248 and Survey ID: 99
Point: 25
Point validation passed for Member ID: 248 and Survey ID: 100
Point: 10
Point validation passed for Member ID: 249 and Survey ID: 10
Point: 5
Point validation passed for Member ID: 249 and Survey ID: 20
Point: 20
Point validation passed for Member ID: 249 and Survey ID: 22
Point: 0
Point validation passed for Member ID: 249 and Survey ID: 41
Point: 40
Point validation passed for Member ID: 249 and Survey ID: 42
Point: 25
Point validation passed for Member ID: 249 and Survey ID: 47
Point: 20
Point validation passed for Member ID: 249 and Survey ID: 80
Point: 45
Point validation passed for Member ID: 249 and Survey ID: 95
Point: 15
Point validation passed for Member ID: 249 and Survey ID: 98
Point: 45
Point validation passed for Member ID: 250 and Survey ID: 1
Point: 5
Point validation passed for Member ID: 250 and Survey ID: 3
Point: 10
Point validation passed for Member ID: 250 and Survey ID: 5
Point: 35
Point validation passed for Member ID: 250 and Survey ID: 35
Point: 10
Point validation passed for Member ID: 250 and Survey ID: 43
Point: 5
Point validation passed for Member ID: 250 and Survey ID: 70
Point: 30
Point validation passed for Member ID: 250 and Survey ID: 71
Point: 30
Point validation passed for Member ID: 250 and Survey ID: 74
Point: 50
Point validation passed for Member ID: 250 and Survey ID: 89
Point: 10
Point validation passed for Member ID: 250 and Survey ID: 97
Point: 35
Point validation passed for Member ID: 250 and Survey ID: 98
Point: 5
Point validation passed for Member ID: 251 and Survey ID: 1
Point: 5
Point validation passed for Member ID: 251 and Survey ID: 13
Point: 40
Point validation passed for Member ID: 251 and Survey ID: 16
Point: 45
Point validation passed for Member ID: 251 and Survey ID: 25
Point: 5
Point validation passed for Member ID: 251 and Survey ID: 35
Point: 0
Point validation passed for Member ID: 251 and Survey ID: 48
Point: 40
Point validation passed for Member ID: 251 and Survey ID: 49
Point: 4
Point validation passed for Member ID: 251 and Survey ID: 66
Point: 15
Point validation passed for Member ID: 251 and Survey ID: 72
Point: 25
Point validation passed for Member ID: 251 and Survey ID: 78
Point: 30
Point validation passed for Member ID: 251 and Survey ID: 90
Point: 0
Point validation passed for Member ID: 251 and Survey ID: 100
Point: 10
Point validation passed for Member ID: 252 and Survey ID: 19
Point: 45
Point validation passed for Member ID: 252 and Survey ID: 20
Point: 20
Point validation passed for Member ID: 252 and Survey ID: 39
Point: 2
Point validation passed for Member ID: 252 and Survey ID: 48
Point: 5
Point validation passed for Member ID: 252 and Survey ID: 49
Point: 35
Point validation passed for Member ID: 252 and Survey ID: 97
Point: 35
Point validation passed for Member ID: 253 and Survey ID: 3
Point: 10
Point validation passed for Member ID: 253 and Survey ID: 4
Point: 1
Point validation passed for Member ID: 253 and Survey ID: 29
Point: 3
Point validation passed for Member ID: 253 and Survey ID: 31
Point: 50
Point validation passed for Member ID: 253 and Survey ID: 37
Point: 25
Point validation passed for Member ID: 253 and Survey ID: 64
Point: 10
Point validation passed for Member ID: 253 and Survey ID: 71
Point: 30
Point validation passed for Member ID: 253 and Survey ID: 92
Point: 4
Point validation passed for Member ID: 254 and Survey ID: 20
Point: 5
Point validation passed for Member ID: 254 and Survey ID: 27
Point: 1
Point validation passed for Member ID: 254 and Survey ID: 40
Point: 0
Point validation passed for Member ID: 254 and Survey ID: 44
Point: 35
Point validation passed for Member ID: 254 and Survey ID: 62
Point: 40
Point validation passed for Member ID: 254 and Survey ID: 66
Point: 3
Point validation passed for Member ID: 254 and Survey ID: 67
Point: 35
Point validation passed for Member ID: 254 and Survey ID: 79
Point: 20
Point validation passed for Member ID: 254 and Survey ID: 83
Point: 5
Point validation passed for Member ID: 254 and Survey ID: 86
Point: 30
Point validation passed for Member ID: 254 and Survey ID: 91
Point: 5
Point validation passed for Member ID: 254 and Survey ID: 96
Point: 50
Point validation passed for Member ID: 255 and Survey ID: 9
Point: 35
Point validation passed for Member ID: 255 and Survey ID: 12
Point: 5
Point validation passed for Member ID: 255 and Survey ID: 17
Point: 15
Point validation passed for Member ID: 255 and Survey ID: 28
Point: 4
Point validation passed for Member ID: 255 and Survey ID: 35
Point: 4
Point validation passed for Member ID: 255 and Survey ID: 39
Point: 40
Point validation passed for Member ID: 255 and Survey ID: 48
Point: 5
Point validation passed for Member ID: 255 and Survey ID: 53
Point: 20
Point validation passed for Member ID: 255 and Survey ID: 54
Point: 25
Point validation passed for Member ID: 255 and Survey ID: 56
Point: 10
Point validation passed for Member ID: 255 and Survey ID: 64
Point: 10
Point validation passed for Member ID: 255 and Survey ID: 84
Point: 25
Point validation passed for Member ID: 255 and Survey ID: 90
Point: 5
Point validation passed for Member ID: 255 and Survey ID: 99
Point: 25
Point validation passed for Member ID: 256 and Survey ID: 9
Point: 35
Point validation passed for Member ID: 256 and Survey ID: 12
Point: 5
Point validation passed for Member ID: 256 and Survey ID: 41
Point: 40
Point validation passed for Member ID: 256 and Survey ID: 51
Point: 15
Point validation passed for Member ID: 256 and Survey ID: 67
Point: 35
Point validation passed for Member ID: 256 and Survey ID: 85
Point: 2
Point validation passed for Member ID: 256 and Survey ID: 86
Point: 30
Point validation passed for Member ID: 257 and Survey ID: 3
Point: 10
Point validation passed for Member ID: 257 and Survey ID: 7
Point: 45
Point validation passed for Member ID: 257 and Survey ID: 15
Point: 10
Point validation passed for Member ID: 257 and Survey ID: 35
Point: 10
Point validation passed for Member ID: 257 and Survey ID: 48
Point: 40
Point validation passed for Member ID: 257 and Survey ID: 53
Point: 20
Point validation passed for Member ID: 257 and Survey ID: 60
Point: 35
Point validation passed for Member ID: 257 and Survey ID: 62
Point: 40
Point validation passed for Member ID: 257 and Survey ID: 86
Point: 30
Point validation passed for Member ID: 257 and Survey ID: 100
Point: 3
Point validation passed for Member ID: 258 and Survey ID: 23
Point: 4
Point validation passed for Member ID: 258 and Survey ID: 39
Point: 40
Point validation passed for Member ID: 258 and Survey ID: 45
Point: 20
Point validation passed for Member ID: 258 and Survey ID: 53
Point: 20
Point validation passed for Member ID: 258 and Survey ID: 76
Point: 40
Point validation passed for Member ID: 258 and Survey ID: 93
Point: 45
Point validation passed for Member ID: 258 and Survey ID: 96
Point: 50
Point validation passed for Member ID: 259 and Survey ID: 29
Point: 50
Point validation passed for Member ID: 259 and Survey ID: 35
Point: 4
Point validation passed for Member ID: 259 and Survey ID: 50
Point: 35
Point validation passed for Member ID: 259 and Survey ID: 51
Point: 15
Point validation passed for Member ID: 259 and Survey ID: 52
Point: 40
Point validation passed for Member ID: 259 and Survey ID: 61
Point: 40
Point validation passed for Member ID: 259 and Survey ID: 76
Point: 40
Point validation passed for Member ID: 259 and Survey ID: 77
Point: 25
Point validation passed for Member ID: 259 and Survey ID: 81
Point: 20
Point validation passed for Member ID: 259 and Survey ID: 89
Point: 10
Point validation passed for Member ID: 260 and Survey ID: 7
Point: 45
Point validation passed for Member ID: 260 and Survey ID: 23
Point: 10
Point validation passed for Member ID: 260 and Survey ID: 32
Point: 40
Point validation passed for Member ID: 260 and Survey ID: 69
Point: 10
Point validation passed for Member ID: 260 and Survey ID: 76
Point: 40
Point validation passed for Member ID: 260 and Survey ID: 78
Point: 30
Point validation passed for Member ID: 260 and Survey ID: 97
Point: 35
Point validation passed for Member ID: 261 and Survey ID: 3
Point: 10
Point validation passed for Member ID: 261 and Survey ID: 35
Point: 10
Point validation passed for Member ID: 261 and Survey ID: 42
Point: 25
Point validation passed for Member ID: 261 and Survey ID: 43
Point: 5
Point validation passed for Member ID: 261 and Survey ID: 44
Point: 35
Point validation passed for Member ID: 261 and Survey ID: 45
Point: 20
Point validation passed for Member ID: 261 and Survey ID: 51
Point: 15
Point validation passed for Member ID: 261 and Survey ID: 72
Point: 25
Point validation passed for Member ID: 261 and Survey ID: 76
Point: 0
Point validation passed for Member ID: 261 and Survey ID: 87
Point: 15
Point validation passed for Member ID: 262 and Survey ID: 7
Point: 45
Point validation passed for Member ID: 262 and Survey ID: 28
Point: 10
Point validation passed for Member ID: 262 and Survey ID: 32
Point: 40
Point validation passed for Member ID: 262 and Survey ID: 35
Point: 10
Point validation passed for Member ID: 262 and Survey ID: 36
Point: 35
Point validation passed for Member ID: 262 and Survey ID: 44
Point: 0
Point validation passed for Member ID: 262 and Survey ID: 60
Point: 2
Point validation passed for Member ID: 262 and Survey ID: 71
Point: 30
Point validation passed for Member ID: 262 and Survey ID: 73
Point: 15
Point validation passed for Member ID: 262 and Survey ID: 79
Point: 5
Point validation passed for Member ID: 262 and Survey ID: 99
Point: 25
Point validation passed for Member ID: 263 and Survey ID: 13
Point: 0
Point validation passed for Member ID: 263 and Survey ID: 18
Point: 25
Point validation passed for Member ID: 263 and Survey ID: 33
Point: 25
Point validation passed for Member ID: 263 and Survey ID: 42
Point: 25
Point validation passed for Member ID: 263 and Survey ID: 48
Point: 40
Point validation passed for Member ID: 263 and Survey ID: 53
Point: 0
Point validation passed for Member ID: 263 and Survey ID: 61
Point: 40
Point validation passed for Member ID: 263 and Survey ID: 65
Point: 5
Point validation passed for Member ID: 263 and Survey ID: 73
Point: 15
Point validation passed for Member ID: 263 and Survey ID: 75
Point: 5
Point validation passed for Member ID: 263 and Survey ID: 92
Point: 45
Point validation passed for Member ID: 264 and Survey ID: 4
Point: 10
Point validation passed for Member ID: 264 and Survey ID: 15
Point: 1
Point validation passed for Member ID: 264 and Survey ID: 17
Point: 15
Point validation passed for Member ID: 264 and Survey ID: 24
Point: 35
Point validation passed for Member ID: 264 and Survey ID: 25
Point: 5
Point validation passed for Member ID: 264 and Survey ID: 38
Point: 30
Point validation passed for Member ID: 264 and Survey ID: 39
Point: 40
Point validation passed for Member ID: 264 and Survey ID: 43
Point: 5
Point validation passed for Member ID: 264 and Survey ID: 46
Point: 10
Point validation passed for Member ID: 264 and Survey ID: 49
Point: 35
Point validation passed for Member ID: 264 and Survey ID: 64
Point: 10
Point validation passed for Member ID: 264 and Survey ID: 72
Point: 25
Point validation passed for Member ID: 264 and Survey ID: 73
Point: 15
Point validation passed for Member ID: 264 and Survey ID: 74
Point: 50
Point validation passed for Member ID: 264 and Survey ID: 80
Point: 45
Point validation passed for Member ID: 264 and Survey ID: 81
Point: 20
Point validation passed for Member ID: 265 and Survey ID: 3
Point: 10
Point validation passed for Member ID: 265 and Survey ID: 11
Point: 45
Point validation passed for Member ID: 265 and Survey ID: 25
Point: 5
Point validation passed for Member ID: 265 and Survey ID: 47
Point: 20
Point validation passed for Member ID: 265 and Survey ID: 48
Point: 40
Point validation passed for Member ID: 265 and Survey ID: 56
Point: 10
Point validation passed for Member ID: 265 and Survey ID: 67
Point: 35
Point validation passed for Member ID: 265 and Survey ID: 74
Point: 50
Point validation passed for Member ID: 265 and Survey ID: 81
Point: 20
Point validation passed for Member ID: 265 and Survey ID: 83
Point: 5
Point validation passed for Member ID: 265 and Survey ID: 94
Point: 4
Point validation passed for Member ID: 266 and Survey ID: 48
Point: 40
Point validation passed for Member ID: 266 and Survey ID: 59
Point: 40
Point validation passed for Member ID: 266 and Survey ID: 62
Point: 0
Point validation passed for Member ID: 266 and Survey ID: 65
Point: 20
Point validation passed for Member ID: 266 and Survey ID: 67
Point: 35
Point validation passed for Member ID: 266 and Survey ID: 71
Point: 30
Point validation passed for Member ID: 266 and Survey ID: 83
Point: 5
Point validation passed for Member ID: 266 and Survey ID: 97
Point: 0
Point validation passed for Member ID: 267 and Survey ID: 5
Point: 35
Point validation passed for Member ID: 267 and Survey ID: 23
Point: 10
Point validation passed for Member ID: 267 and Survey ID: 27
Point: 15
Point validation passed for Member ID: 267 and Survey ID: 40
Point: 10
Point validation passed for Member ID: 267 and Survey ID: 54
Point: 25
Point validation passed for Member ID: 267 and Survey ID: 69
Point: 10
Point validation passed for Member ID: 267 and Survey ID: 84
Point: 25
Point validation passed for Member ID: 267 and Survey ID: 95
Point: 0
Point validation passed for Member ID: 267 and Survey ID: 96
Point: 5
Point validation passed for Member ID: 268 and Survey ID: 20
Point: 20
Point validation passed for Member ID: 268 and Survey ID: 34
Point: 15
Point validation passed for Member ID: 268 and Survey ID: 47
Point: 20
Point validation passed for Member ID: 268 and Survey ID: 78
Point: 30
Point validation passed for Member ID: 268 and Survey ID: 79
Point: 5
Point validation passed for Member ID: 268 and Survey ID: 88
Point: 30
Point validation passed for Member ID: 268 and Survey ID: 91
Point: 4
Point validation passed for Member ID: 269 and Survey ID: 7
Point: 3
Point validation passed for Member ID: 269 and Survey ID: 18
Point: 4
Point validation passed for Member ID: 269 and Survey ID: 35
Point: 10
Point validation passed for Member ID: 269 and Survey ID: 63
Point: 30
Point validation passed for Member ID: 269 and Survey ID: 80
Point: 1
Point validation passed for Member ID: 269 and Survey ID: 84
Point: 0
Point validation passed for Member ID: 269 and Survey ID: 88
Point: 30
Point validation passed for Member ID: 270 and Survey ID: 1
Point: 2
Point validation passed for Member ID: 270 and Survey ID: 5
Point: 35
Point validation passed for Member ID: 270 and Survey ID: 14
Point: 50
Point validation passed for Member ID: 270 and Survey ID: 16
Point: 3
Point validation passed for Member ID: 270 and Survey ID: 35
Point: 4
Point validation passed for Member ID: 270 and Survey ID: 45
Point: 20
Point validation passed for Member ID: 270 and Survey ID: 48
Point: 5
Point validation passed for Member ID: 270 and Survey ID: 61
Point: 4
Point validation passed for Member ID: 270 and Survey ID: 62
Point: 40
Point validation passed for Member ID: 270 and Survey ID: 68
Point: 5
Point validation passed for Member ID: 270 and Survey ID: 85
Point: 25
Point validation passed for Member ID: 270 and Survey ID: 87
Point: 15
Point validation passed for Member ID: 270 and Survey ID: 89
Point: 1
Point validation passed for Member ID: 270 and Survey ID: 99
Point: 3
Point validation passed for Member ID: 271 and Survey ID: 4
Point: 10
Point validation passed for Member ID: 271 and Survey ID: 7
Point: 3
Point validation passed for Member ID: 271 and Survey ID: 8
Point: 5
Point validation passed for Member ID: 271 and Survey ID: 9
Point: 0
Point validation passed for Member ID: 271 and Survey ID: 14
Point: 50
Point validation passed for Member ID: 271 and Survey ID: 32
Point: 40
Point validation passed for Member ID: 271 and Survey ID: 61
Point: 40
Point validation passed for Member ID: 271 and Survey ID: 71
Point: 30
Point validation passed for Member ID: 271 and Survey ID: 83
Point: 5
Point validation passed for Member ID: 271 and Survey ID: 85
Point: 0
Point validation passed for Member ID: 271 and Survey ID: 89
Point: 1
Point validation passed for Member ID: 271 and Survey ID: 91
Point: 5
Point validation passed for Member ID: 271 and Survey ID: 92
Point: 45
Point validation passed for Member ID: 272 and Survey ID: 12
Point: 5
Point validation passed for Member ID: 272 and Survey ID: 20
Point: 20
Point validation passed for Member ID: 272 and Survey ID: 28
Point: 10
Point validation passed for Member ID: 272 and Survey ID: 38
Point: 30
Point validation passed for Member ID: 272 and Survey ID: 53
Point: 20
Point validation passed for Member ID: 272 and Survey ID: 59
Point: 2
Point validation passed for Member ID: 272 and Survey ID: 62
Point: 40
Point validation passed for Member ID: 272 and Survey ID: 64
Point: 10
Point validation passed for Member ID: 272 and Survey ID: 66
Point: 15
Point validation passed for Member ID: 272 and Survey ID: 80
Point: 1
Point validation passed for Member ID: 272 and Survey ID: 84
Point: 25
Point validation passed for Member ID: 272 and Survey ID: 95
Point: 15
Point validation passed for Member ID: 272 and Survey ID: 97
Point: 0
Point validation passed for Member ID: 273 and Survey ID: 25
Point: 5
Point validation passed for Member ID: 273 and Survey ID: 55
Point: 35
Point validation passed for Member ID: 273 and Survey ID: 58
Point: 45
Point validation passed for Member ID: 273 and Survey ID: 62
Point: 40
Point validation passed for Member ID: 273 and Survey ID: 64
Point: 10
Point validation passed for Member ID: 273 and Survey ID: 100
Point: 10
Point validation passed for Member ID: 274 and Survey ID: 14
Point: 50
Point validation passed for Member ID: 274 and Survey ID: 27
Point: 15
Point validation passed for Member ID: 274 and Survey ID: 34
Point: 15
Point validation passed for Member ID: 274 and Survey ID: 54
Point: 4
Point validation passed for Member ID: 274 and Survey ID: 55
Point: 35
Point validation passed for Member ID: 274 and Survey ID: 57
Point: 45
Point validation passed for Member ID: 274 and Survey ID: 58
Point: 45
Point validation passed for Member ID: 274 and Survey ID: 64
Point: 5
Point validation passed for Member ID: 274 and Survey ID: 68
Point: 0
Point validation passed for Member ID: 274 and Survey ID: 76
Point: 40
Point validation passed for Member ID: 274 and Survey ID: 83
Point: 5
Point validation passed for Member ID: 275 and Survey ID: 13
Point: 3
Point validation passed for Member ID: 275 and Survey ID: 25
Point: 5
Point validation passed for Member ID: 275 and Survey ID: 39
Point: 2
Point validation passed for Member ID: 275 and Survey ID: 40
Point: 10
Point validation passed for Member ID: 275 and Survey ID: 42
Point: 25
Point validation passed for Member ID: 275 and Survey ID: 63
Point: 30
Point validation passed for Member ID: 275 and Survey ID: 76
Point: 5
Point validation passed for Member ID: 275 and Survey ID: 77
Point: 25
Point validation passed for Member ID: 275 and Survey ID: 91
Point: 0
Point validation passed for Member ID: 276 and Survey ID: 1
Point: 5
Point validation passed for Member ID: 276 and Survey ID: 12
Point: 1
Point validation passed for Member ID: 276 and Survey ID: 34
Point: 5
Point validation passed for Member ID: 276 and Survey ID: 38
Point: 30
Point validation passed for Member ID: 276 and Survey ID: 43
Point: 5
Point validation passed for Member ID: 276 and Survey ID: 59
Point: 40
Point validation passed for Member ID: 276 and Survey ID: 66
Point: 15
Point validation passed for Member ID: 276 and Survey ID: 73
Point: 15
Point validation passed for Member ID: 276 and Survey ID: 78
Point: 30
Point validation passed for Member ID: 276 and Survey ID: 79
Point: 20
Point validation passed for Member ID: 276 and Survey ID: 87
Point: 15
Point validation passed for Member ID: 276 and Survey ID: 91
Point: 5
Point validation passed for Member ID: 277 and Survey ID: 18
Point: 0
Point validation passed for Member ID: 277 and Survey ID: 19
Point: 45
Point validation passed for Member ID: 277 and Survey ID: 38
Point: 30
Point validation passed for Member ID: 277 and Survey ID: 44
Point: 35
Point validation passed for Member ID: 277 and Survey ID: 45
Point: 20
Point validation passed for Member ID: 277 and Survey ID: 72
Point: 25
Point validation passed for Member ID: 277 and Survey ID: 73
Point: 15
Point validation passed for Member ID: 277 and Survey ID: 74
Point: 50
Point validation passed for Member ID: 277 and Survey ID: 95
Point: 15
Point validation passed for Member ID: 278 and Survey ID: 5
Point: 4
Point validation passed for Member ID: 278 and Survey ID: 17
Point: 15
Point validation passed for Member ID: 278 and Survey ID: 22
Point: 0
Point validation passed for Member ID: 278 and Survey ID: 35
Point: 4
Point validation passed for Member ID: 278 and Survey ID: 47
Point: 20
Point validation passed for Member ID: 278 and Survey ID: 49
Point: 35
Point validation passed for Member ID: 278 and Survey ID: 55
Point: 35
Point validation passed for Member ID: 278 and Survey ID: 63
Point: 5
Point validation passed for Member ID: 278 and Survey ID: 64
Point: 0
Point validation passed for Member ID: 278 and Survey ID: 68
Point: 5
Point validation passed for Member ID: 278 and Survey ID: 87
Point: 15
Point validation passed for Member ID: 279 and Survey ID: 6
Point: 25
Point validation passed for Member ID: 279 and Survey ID: 48
Point: 5
Point validation passed for Member ID: 279 and Survey ID: 50
Point: 5
Point validation passed for Member ID: 279 and Survey ID: 93
Point: 0
Point validation passed for Member ID: 280 and Survey ID: 6
Point: 25
Point validation passed for Member ID: 280 and Survey ID: 14
Point: 2
Point validation passed for Member ID: 280 and Survey ID: 17
Point: 15
Point validation passed for Member ID: 280 and Survey ID: 87
Point: 4
Point validation passed for Member ID: 280 and Survey ID: 97
Point: 35
Point validation passed for Member ID: 281 and Survey ID: 27
Point: 15
Point validation passed for Member ID: 281 and Survey ID: 38
Point: 30
Point validation passed for Member ID: 281 and Survey ID: 39
Point: 40
Point validation passed for Member ID: 281 and Survey ID: 63
Point: 30
Point validation passed for Member ID: 281 and Survey ID: 65
Point: 20
Point validation passed for Member ID: 281 and Survey ID: 67
Point: 35
Point validation passed for Member ID: 281 and Survey ID: 71
Point: 30
Point validation passed for Member ID: 281 and Survey ID: 77
Point: 25
Point validation passed for Member ID: 281 and Survey ID: 95
Point: 0
Point validation passed for Member ID: 282 and Survey ID: 23
Point: 10
Point validation passed for Member ID: 282 and Survey ID: 24
Point: 1
Point validation passed for Member ID: 282 and Survey ID: 38
Point: 30
Point validation passed for Member ID: 282 and Survey ID: 54
Point: 25
Point validation passed for Member ID: 282 and Survey ID: 68
Point: 5
Point validation passed for Member ID: 282 and Survey ID: 69
Point: 1
Point validation passed for Member ID: 282 and Survey ID: 77
Point: 1
Point validation passed for Member ID: 282 and Survey ID: 84
Point: 25
Point validation passed for Member ID: 282 and Survey ID: 87
Point: 15
Point validation passed for Member ID: 282 and Survey ID: 89
Point: 10
Point validation passed for Member ID: 282 and Survey ID: 92
Point: 45
Point validation passed for Member ID: 282 and Survey ID: 100
Point: 10
Point validation passed for Member ID: 283 and Survey ID: 4
Point: 10
Point validation passed for Member ID: 283 and Survey ID: 7
Point: 45
Point validation passed for Member ID: 283 and Survey ID: 10
Point: 0
Point validation passed for Member ID: 283 and Survey ID: 31
Point: 50
Point validation passed for Member ID: 283 and Survey ID: 32
Point: 40
Point validation passed for Member ID: 283 and Survey ID: 36
Point: 35
Point validation passed for Member ID: 283 and Survey ID: 37
Point: 25
Point validation passed for Member ID: 283 and Survey ID: 60
Point: 2
Point validation passed for Member ID: 283 and Survey ID: 64
Point: 10
Point validation passed for Member ID: 283 and Survey ID: 68
Point: 5
Point validation passed for Member ID: 283 and Survey ID: 76
Point: 0
Point validation passed for Member ID: 283 and Survey ID: 82
Point: 35
Point validation passed for Member ID: 283 and Survey ID: 84
Point: 0
Point validation passed for Member ID: 283 and Survey ID: 89
Point: 10
Point validation passed for Member ID: 283 and Survey ID: 100
Point: 10
Point validation passed for Member ID: 284 and Survey ID: 15
Point: 10
Point validation passed for Member ID: 284 and Survey ID: 18
Point: 25
Point validation passed for Member ID: 284 and Survey ID: 30
Point: 25
Point validation passed for Member ID: 284 and Survey ID: 38
Point: 30
Point validation passed for Member ID: 284 and Survey ID: 47
Point: 20
Point validation passed for Member ID: 284 and Survey ID: 56
Point: 1
Point validation passed for Member ID: 284 and Survey ID: 59
Point: 2
Point validation passed for Member ID: 284 and Survey ID: 60
Point: 35
Point validation passed for Member ID: 284 and Survey ID: 69
Point: 10
Point validation passed for Member ID: 284 and Survey ID: 75
Point: 10
Point validation passed for Member ID: 284 and Survey ID: 81
Point: 1
Point validation passed for Member ID: 284 and Survey ID: 88
Point: 30
Point validation passed for Member ID: 285 and Survey ID: 9
Point: 2
Point validation passed for Member ID: 285 and Survey ID: 12
Point: 5
Point validation passed for Member ID: 285 and Survey ID: 24
Point: 35
Point validation passed for Member ID: 285 and Survey ID: 34
Point: 15
Point validation passed for Member ID: 285 and Survey ID: 44
Point: 0
Point validation passed for Member ID: 285 and Survey ID: 45
Point: 0
Point validation passed for Member ID: 285 and Survey ID: 68
Point: 5
Point validation passed for Member ID: 285 and Survey ID: 90
Point: 5
Point validation passed for Member ID: 286 and Survey ID: 17
Point: 0
Point validation passed for Member ID: 286 and Survey ID: 18
Point: 0
Point validation passed for Member ID: 286 and Survey ID: 28
Point: 10
Point validation passed for Member ID: 286 and Survey ID: 32
Point: 40
Point validation passed for Member ID: 286 and Survey ID: 46
Point: 2
Point validation passed for Member ID: 286 and Survey ID: 51
Point: 15
Point validation passed for Member ID: 286 and Survey ID: 58
Point: 45
Point validation passed for Member ID: 286 and Survey ID: 67
Point: 35
Point validation passed for Member ID: 286 and Survey ID: 74
Point: 50
Point validation passed for Member ID: 286 and Survey ID: 77
Point: 25
Point validation passed for Member ID: 286 and Survey ID: 87
Point: 15
Point validation passed for Member ID: 286 and Survey ID: 91
Point: 5
Point validation passed for Member ID: 286 and Survey ID: 92
Point: 45
Point validation passed for Member ID: 287 and Survey ID: 8
Point: 5
Point validation passed for Member ID: 287 and Survey ID: 18
Point: 0
Point validation passed for Member ID: 287 and Survey ID: 33
Point: 25
Point validation passed for Member ID: 287 and Survey ID: 50
Point: 35
Point validation passed for Member ID: 287 and Survey ID: 56
Point: 10
Point validation passed for Member ID: 287 and Survey ID: 58
Point: 45
Point validation passed for Member ID: 287 and Survey ID: 73
Point: 0
Point validation passed for Member ID: 287 and Survey ID: 88
Point: 30
Point validation passed for Member ID: 287 and Survey ID: 98
Point: 5
Point validation passed for Member ID: 288 and Survey ID: 10
Point: 5
Point validation passed for Member ID: 288 and Survey ID: 27
Point: 1
Point validation passed for Member ID: 288 and Survey ID: 60
Point: 2
Point validation passed for Member ID: 288 and Survey ID: 71
Point: 3
Point validation passed for Member ID: 288 and Survey ID: 84
Point: 25
Point validation passed for Member ID: 288 and Survey ID: 86
Point: 4
Point validation passed for Member ID: 288 and Survey ID: 98
Point: 45
Point validation passed for Member ID: 288 and Survey ID: 100
Point: 10
Point validation passed for Member ID: 289 and Survey ID: 9
Point: 35
Point validation passed for Member ID: 289 and Survey ID: 12
Point: 5
Point validation passed for Member ID: 289 and Survey ID: 15
Point: 10
Point validation passed for Member ID: 289 and Survey ID: 16
Point: 45
Point validation passed for Member ID: 289 and Survey ID: 19
Point: 5
Point validation passed for Member ID: 289 and Survey ID: 30
Point: 25
Point validation passed for Member ID: 289 and Survey ID: 33
Point: 25
Point validation passed for Member ID: 289 and Survey ID: 35
Point: 10
Point validation passed for Member ID: 289 and Survey ID: 51
Point: 2
Point validation passed for Member ID: 289 and Survey ID: 78
Point: 3
Point validation passed for Member ID: 289 and Survey ID: 79
Point: 20
Point validation passed for Member ID: 289 and Survey ID: 82
Point: 0
Point validation passed for Member ID: 289 and Survey ID: 84
Point: 25
Point validation passed for Member ID: 290 and Survey ID: 1
Point: 5
Point validation passed for Member ID: 290 and Survey ID: 11
Point: 45
Point validation passed for Member ID: 290 and Survey ID: 20
Point: 20
Point validation passed for Member ID: 290 and Survey ID: 23
Point: 0
Point validation passed for Member ID: 290 and Survey ID: 24
Point: 35
Point validation passed for Member ID: 290 and Survey ID: 37
Point: 25
Point validation passed for Member ID: 290 and Survey ID: 41
Point: 40
Point validation passed for Member ID: 290 and Survey ID: 61
Point: 0
Point validation passed for Member ID: 290 and Survey ID: 63
Point: 30
Point validation passed for Member ID: 290 and Survey ID: 73
Point: 2
Point validation passed for Member ID: 290 and Survey ID: 83
Point: 5
Point validation passed for Member ID: 290 and Survey ID: 86
Point: 30
Point validation passed for Member ID: 291 and Survey ID: 11
Point: 45
Point validation passed for Member ID: 291 and Survey ID: 15
Point: 10
Point validation passed for Member ID: 291 and Survey ID: 19
Point: 45
Point validation passed for Member ID: 291 and Survey ID: 24
Point: 35
Point validation passed for Member ID: 291 and Survey ID: 27
Point: 15
Point validation passed for Member ID: 291 and Survey ID: 46
Point: 10
Point validation passed for Member ID: 291 and Survey ID: 52
Point: 3
Point validation passed for Member ID: 291 and Survey ID: 53
Point: 5
Point validation passed for Member ID: 291 and Survey ID: 69
Point: 10
Point validation passed for Member ID: 291 and Survey ID: 74
Point: 0
Point validation passed for Member ID: 291 and Survey ID: 78
Point: 30
Point validation passed for Member ID: 291 and Survey ID: 80
Point: 0
Point validation passed for Member ID: 291 and Survey ID: 85
Point: 25
Point validation passed for Member ID: 291 and Survey ID: 95
Point: 0
Point validation passed for Member ID: 292 and Survey ID: 4
Point: 0
Point validation passed for Member ID: 292 and Survey ID: 27
Point: 15
Point validation passed for Member ID: 292 and Survey ID: 40
Point: 5
Point validation passed for Member ID: 292 and Survey ID: 41
Point: 40
Point validation passed for Member ID: 292 and Survey ID: 46
Point: 10
Point validation passed for Member ID: 292 and Survey ID: 47
Point: 20
Point validation passed for Member ID: 292 and Survey ID: 59
Point: 40
Point validation passed for Member ID: 292 and Survey ID: 86
Point: 30
Point validation passed for Member ID: 292 and Survey ID: 89
Point: 10
Point validation passed for Member ID: 292 and Survey ID: 95
Point: 5
Point validation passed for Member ID: 292 and Survey ID: 96
Point: 50
Point validation passed for Member ID: 293 and Survey ID: 10
Point: 5
Point validation passed for Member ID: 293 and Survey ID: 25
Point: 5
Point validation passed for Member ID: 293 and Survey ID: 27
Point: 15
Point validation passed for Member ID: 293 and Survey ID: 38
Point: 1
Point validation passed for Member ID: 293 and Survey ID: 42
Point: 0
Point validation passed for Member ID: 293 and Survey ID: 52
Point: 40
Point validation passed for Member ID: 293 and Survey ID: 53
Point: 5
Point validation passed for Member ID: 293 and Survey ID: 67
Point: 35
Point validation passed for Member ID: 293 and Survey ID: 68
Point: 5
Point validation passed for Member ID: 293 and Survey ID: 69
Point: 1
Point validation passed for Member ID: 293 and Survey ID: 79
Point: 20
Point validation passed for Member ID: 293 and Survey ID: 82
Point: 35
Point validation passed for Member ID: 293 and Survey ID: 93
Point: 45
Point validation passed for Member ID: 294 and Survey ID: 14
Point: 50
Point validation passed for Member ID: 294 and Survey ID: 31
Point: 2
Point validation passed for Member ID: 294 and Survey ID: 49
Point: 4
Point validation passed for Member ID: 294 and Survey ID: 50
Point: 35
Point validation passed for Member ID: 294 and Survey ID: 59
Point: 40
Point validation passed for Member ID: 294 and Survey ID: 62
Point: 40
Point validation passed for Member ID: 294 and Survey ID: 75
Point: 5
Point validation passed for Member ID: 294 and Survey ID: 86
Point: 0
Point validation passed for Member ID: 294 and Survey ID: 89
Point: 0
Point validation passed for Member ID: 295 and Survey ID: 2
Point: 15
Point validation passed for Member ID: 295 and Survey ID: 30
Point: 25
Point validation passed for Member ID: 295 and Survey ID: 48
Point: 40
Point validation passed for Member ID: 295 and Survey ID: 62
Point: 40
Point validation passed for Member ID: 295 and Survey ID: 69
Point: 0
Point validation passed for Member ID: 295 and Survey ID: 70
Point: 5
Point validation passed for Member ID: 295 and Survey ID: 84
Point: 2
Point validation passed for Member ID: 295 and Survey ID: 86
Point: 0
Point validation passed for Member ID: 296 and Survey ID: 2
Point: 4
Point validation passed for Member ID: 296 and Survey ID: 10
Point: 5
Point validation passed for Member ID: 296 and Survey ID: 26
Point: 5
Point validation passed for Member ID: 296 and Survey ID: 28
Point: 10
Point validation passed for Member ID: 296 and Survey ID: 34
Point: 15
Point validation passed for Member ID: 296 and Survey ID: 35
Point: 10
Point validation passed for Member ID: 296 and Survey ID: 37
Point: 2
Point validation passed for Member ID: 296 and Survey ID: 38
Point: 30
Point validation passed for Member ID: 296 and Survey ID: 39
Point: 40
Point validation passed for Member ID: 296 and Survey ID: 69
Point: 10
Point validation passed for Member ID: 296 and Survey ID: 80
Point: 45
Point validation passed for Member ID: 296 and Survey ID: 83
Point: 5
Point validation passed for Member ID: 296 and Survey ID: 87
Point: 4
Point validation passed for Member ID: 297 and Survey ID: 9
Point: 35
Point validation passed for Member ID: 297 and Survey ID: 10
Point: 5
Point validation passed for Member ID: 297 and Survey ID: 21
Point: 3
Point validation passed for Member ID: 297 and Survey ID: 37
Point: 2
Point validation passed for Member ID: 297 and Survey ID: 51
Point: 15
Point validation passed for Member ID: 297 and Survey ID: 62
Point: 0
Point validation passed for Member ID: 297 and Survey ID: 68
Point: 5
Point validation passed for Member ID: 297 and Survey ID: 69
Point: 0
Point validation passed for Member ID: 297 and Survey ID: 76
Point: 40
Point validation passed for Member ID: 297 and Survey ID: 78
Point: 30
Point validation passed for Member ID: 297 and Survey ID: 90
Point: 5
Point validation passed for Member ID: 297 and Survey ID: 92
Point: 4
Point validation passed for Member ID: 298 and Survey ID: 15
Point: 10
Point validation passed for Member ID: 298 and Survey ID: 18
Point: 25
Point validation passed for Member ID: 298 and Survey ID: 21
Point: 0
Point validation passed for Member ID: 298 and Survey ID: 38
Point: 1
Point validation passed for Member ID: 298 and Survey ID: 96
Point: 50
Point validation passed for Member ID: 298 and Survey ID: 100
Point: 10
Point validation passed for Member ID: 299 and Survey ID: 3
Point: 10
Point validation passed for Member ID: 299 and Survey ID: 24
Point: 35
Point validation passed for Member ID: 299 and Survey ID: 52
Point: 40
Point validation passed for Member ID: 299 and Survey ID: 55
Point: 35
Point validation passed for Member ID: 300 and Survey ID: 5
Point: 35
Point validation passed for Member ID: 300 and Survey ID: 12
Point: 5
Point validation passed for Member ID: 300 and Survey ID: 24
Point: 35
Point validation passed for Member ID: 300 and Survey ID: 46
Point: 0
Point validation passed for Member ID: 300 and Survey ID: 53
Point: 20
]]></system-out>
  </testcase>
</testsuite>